[2026-06-21T19:46:33.475-0500] {processor.py:161} INFO - Started process (PID=61469) to work on /Users/naga/Desktop/public-health-etl-pipeline/airflow/dags/public_health_dag.py
[2026-06-21T19:46:33.477-0500] {processor.py:830} INFO - Processing file /Users/naga/Desktop/public-health-etl-pipeline/airflow/dags/public_health_dag.py for tasks to queue
[2026-06-21T19:46:33.477-0500] {logging_mixin.py:188} INFO - [2026-06-21T19:46:33.477-0500] {dagbag.py:545} INFO - Filling up the DagBag from /Users/naga/Desktop/public-health-etl-pipeline/airflow/dags/public_health_dag.py
[2026-06-21T19:46:33.506-0500] {logging_mixin.py:188} INFO - [2026-06-21T19:46:33.504-0500] {dagbag.py:355} ERROR - Failed to import: /Users/naga/Desktop/public-health-etl-pipeline/airflow/dags/public_health_dag.py
Traceback (most recent call last):
  File "/Users/naga/Desktop/airflow_env/lib/python3.12/site-packages/airflow/models/dagbag.py", line 351, in parse
    loader.exec_module(new_module)
  File "<frozen importlib._bootstrap_external>", line 995, in exec_module
  File "<frozen importlib._bootstrap>", line 488, in _call_with_frames_removed
  File "/Users/naga/Desktop/public-health-etl-pipeline/airflow/dags/public_health_dag.py", line 6, in <module>
    from extract import extract_data, store_raw_data
  File "/Users/naga/Desktop/public-health-etl-pipeline/extract.py", line 2, in <module>
    from pymongo import MongoClient
ModuleNotFoundError: No module named 'pymongo'
[2026-06-21T19:46:33.506-0500] {processor.py:842} WARNING - No viable dags retrieved from /Users/naga/Desktop/public-health-etl-pipeline/airflow/dags/public_health_dag.py
[2026-06-21T19:46:33.582-0500] {processor.py:183} INFO - Processing /Users/naga/Desktop/public-health-etl-pipeline/airflow/dags/public_health_dag.py took 0.110 seconds
[2026-06-21T19:48:04.853-0500] {processor.py:161} INFO - Started process (PID=61547) to work on /Users/naga/Desktop/public-health-etl-pipeline/airflow/dags/public_health_dag.py
[2026-06-21T19:48:04.854-0500] {processor.py:830} INFO - Processing file /Users/naga/Desktop/public-health-etl-pipeline/airflow/dags/public_health_dag.py for tasks to queue
[2026-06-21T19:48:04.855-0500] {logging_mixin.py:188} INFO - [2026-06-21T19:48:04.855-0500] {dagbag.py:545} INFO - Filling up the DagBag from /Users/naga/Desktop/public-health-etl-pipeline/airflow/dags/public_health_dag.py
[2026-06-21T19:48:04.881-0500] {logging_mixin.py:188} INFO - [2026-06-21T19:48:04.879-0500] {dagbag.py:355} ERROR - Failed to import: /Users/naga/Desktop/public-health-etl-pipeline/airflow/dags/public_health_dag.py
Traceback (most recent call last):
  File "/Users/naga/Desktop/airflow_env/lib/python3.12/site-packages/airflow/models/dagbag.py", line 351, in parse
    loader.exec_module(new_module)
  File "<frozen importlib._bootstrap_external>", line 995, in exec_module
  File "<frozen importlib._bootstrap>", line 488, in _call_with_frames_removed
  File "/Users/naga/Desktop/public-health-etl-pipeline/airflow/dags/public_health_dag.py", line 6, in <module>
    from extract import extract_data, store_raw_data
  File "/Users/naga/Desktop/public-health-etl-pipeline/extract.py", line 2, in <module>
    from pymongo import MongoClient
ModuleNotFoundError: No module named 'pymongo'
[2026-06-21T19:48:04.882-0500] {processor.py:842} WARNING - No viable dags retrieved from /Users/naga/Desktop/public-health-etl-pipeline/airflow/dags/public_health_dag.py
[2026-06-21T19:48:04.944-0500] {processor.py:183} INFO - Processing /Users/naga/Desktop/public-health-etl-pipeline/airflow/dags/public_health_dag.py took 0.094 seconds
[2026-06-21T19:49:36.344-0500] {processor.py:161} INFO - Started process (PID=61696) to work on /Users/naga/Desktop/public-health-etl-pipeline/airflow/dags/public_health_dag.py
[2026-06-21T19:49:36.346-0500] {processor.py:830} INFO - Processing file /Users/naga/Desktop/public-health-etl-pipeline/airflow/dags/public_health_dag.py for tasks to queue
[2026-06-21T19:49:36.347-0500] {logging_mixin.py:188} INFO - [2026-06-21T19:49:36.347-0500] {dagbag.py:545} INFO - Filling up the DagBag from /Users/naga/Desktop/public-health-etl-pipeline/airflow/dags/public_health_dag.py
[2026-06-21T19:49:36.374-0500] {logging_mixin.py:188} INFO - [2026-06-21T19:49:36.372-0500] {dagbag.py:355} ERROR - Failed to import: /Users/naga/Desktop/public-health-etl-pipeline/airflow/dags/public_health_dag.py
Traceback (most recent call last):
  File "/Users/naga/Desktop/airflow_env/lib/python3.12/site-packages/airflow/models/dagbag.py", line 351, in parse
    loader.exec_module(new_module)
  File "<frozen importlib._bootstrap_external>", line 995, in exec_module
  File "<frozen importlib._bootstrap>", line 488, in _call_with_frames_removed
  File "/Users/naga/Desktop/public-health-etl-pipeline/airflow/dags/public_health_dag.py", line 6, in <module>
    from extract import extract_data, store_raw_data
  File "/Users/naga/Desktop/public-health-etl-pipeline/extract.py", line 2, in <module>
    from pymongo import MongoClient
ModuleNotFoundError: No module named 'pymongo'
[2026-06-21T19:49:36.375-0500] {processor.py:842} WARNING - No viable dags retrieved from /Users/naga/Desktop/public-health-etl-pipeline/airflow/dags/public_health_dag.py
[2026-06-21T19:49:36.443-0500] {processor.py:183} INFO - Processing /Users/naga/Desktop/public-health-etl-pipeline/airflow/dags/public_health_dag.py took 0.101 seconds
[2026-06-21T19:51:11.960-0500] {processor.py:161} INFO - Started process (PID=61786) to work on /Users/naga/Desktop/public-health-etl-pipeline/airflow/dags/public_health_dag.py
[2026-06-21T19:51:11.961-0500] {processor.py:830} INFO - Processing file /Users/naga/Desktop/public-health-etl-pipeline/airflow/dags/public_health_dag.py for tasks to queue
[2026-06-21T19:51:11.962-0500] {logging_mixin.py:188} INFO - [2026-06-21T19:51:11.962-0500] {dagbag.py:545} INFO - Filling up the DagBag from /Users/naga/Desktop/public-health-etl-pipeline/airflow/dags/public_health_dag.py
[2026-06-21T19:51:11.984-0500] {logging_mixin.py:188} INFO - [2026-06-21T19:51:11.982-0500] {dagbag.py:355} ERROR - Failed to import: /Users/naga/Desktop/public-health-etl-pipeline/airflow/dags/public_health_dag.py
Traceback (most recent call last):
  File "/Users/naga/Desktop/airflow_env/lib/python3.12/site-packages/airflow/models/dagbag.py", line 351, in parse
    loader.exec_module(new_module)
  File "<frozen importlib._bootstrap_external>", line 995, in exec_module
  File "<frozen importlib._bootstrap>", line 488, in _call_with_frames_removed
  File "/Users/naga/Desktop/public-health-etl-pipeline/airflow/dags/public_health_dag.py", line 6, in <module>
    from extract import extract_data, store_raw_data
  File "/Users/naga/Desktop/public-health-etl-pipeline/extract.py", line 2, in <module>
    from pymongo import MongoClient
ModuleNotFoundError: No module named 'pymongo'
[2026-06-21T19:51:11.984-0500] {processor.py:842} WARNING - No viable dags retrieved from /Users/naga/Desktop/public-health-etl-pipeline/airflow/dags/public_health_dag.py
[2026-06-21T19:51:12.046-0500] {processor.py:183} INFO - Processing /Users/naga/Desktop/public-health-etl-pipeline/airflow/dags/public_health_dag.py took 0.088 seconds
[2026-06-21T19:52:36.084-0500] {processor.py:161} INFO - Started process (PID=61861) to work on /Users/naga/Desktop/public-health-etl-pipeline/airflow/dags/public_health_dag.py
[2026-06-21T19:52:36.085-0500] {processor.py:830} INFO - Processing file /Users/naga/Desktop/public-health-etl-pipeline/airflow/dags/public_health_dag.py for tasks to queue
[2026-06-21T19:52:36.085-0500] {logging_mixin.py:188} INFO - [2026-06-21T19:52:36.085-0500] {dagbag.py:545} INFO - Filling up the DagBag from /Users/naga/Desktop/public-health-etl-pipeline/airflow/dags/public_health_dag.py
[2026-06-21T19:52:36.107-0500] {logging_mixin.py:188} INFO - [2026-06-21T19:52:36.106-0500] {dagbag.py:355} ERROR - Failed to import: /Users/naga/Desktop/public-health-etl-pipeline/airflow/dags/public_health_dag.py
Traceback (most recent call last):
  File "/Users/naga/Desktop/airflow_env/lib/python3.12/site-packages/airflow/models/dagbag.py", line 351, in parse
    loader.exec_module(new_module)
  File "<frozen importlib._bootstrap_external>", line 995, in exec_module
  File "<frozen importlib._bootstrap>", line 488, in _call_with_frames_removed
  File "/Users/naga/Desktop/public-health-etl-pipeline/airflow/dags/public_health_dag.py", line 6, in <module>
    from extract import extract_data, store_raw_data
  File "/Users/naga/Desktop/public-health-etl-pipeline/extract.py", line 2, in <module>
    from pymongo import MongoClient
ModuleNotFoundError: No module named 'pymongo'
[2026-06-21T19:52:36.108-0500] {processor.py:842} WARNING - No viable dags retrieved from /Users/naga/Desktop/public-health-etl-pipeline/airflow/dags/public_health_dag.py
[2026-06-21T19:52:36.169-0500] {processor.py:183} INFO - Processing /Users/naga/Desktop/public-health-etl-pipeline/airflow/dags/public_health_dag.py took 0.088 seconds
[2026-06-21T19:54:01.193-0500] {processor.py:161} INFO - Started process (PID=61928) to work on /Users/naga/Desktop/public-health-etl-pipeline/airflow/dags/public_health_dag.py
[2026-06-21T19:54:01.194-0500] {processor.py:830} INFO - Processing file /Users/naga/Desktop/public-health-etl-pipeline/airflow/dags/public_health_dag.py for tasks to queue
[2026-06-21T19:54:01.195-0500] {logging_mixin.py:188} INFO - [2026-06-21T19:54:01.195-0500] {dagbag.py:545} INFO - Filling up the DagBag from /Users/naga/Desktop/public-health-etl-pipeline/airflow/dags/public_health_dag.py
[2026-06-21T19:54:01.217-0500] {logging_mixin.py:188} INFO - [2026-06-21T19:54:01.215-0500] {dagbag.py:355} ERROR - Failed to import: /Users/naga/Desktop/public-health-etl-pipeline/airflow/dags/public_health_dag.py
Traceback (most recent call last):
  File "/Users/naga/Desktop/airflow_env/lib/python3.12/site-packages/airflow/models/dagbag.py", line 351, in parse
    loader.exec_module(new_module)
  File "<frozen importlib._bootstrap_external>", line 995, in exec_module
  File "<frozen importlib._bootstrap>", line 488, in _call_with_frames_removed
  File "/Users/naga/Desktop/public-health-etl-pipeline/airflow/dags/public_health_dag.py", line 6, in <module>
    from extract import extract_data, store_raw_data
  File "/Users/naga/Desktop/public-health-etl-pipeline/extract.py", line 2, in <module>
    from pymongo import MongoClient
ModuleNotFoundError: No module named 'pymongo'
[2026-06-21T19:54:01.217-0500] {processor.py:842} WARNING - No viable dags retrieved from /Users/naga/Desktop/public-health-etl-pipeline/airflow/dags/public_health_dag.py
[2026-06-21T19:54:01.279-0500] {processor.py:183} INFO - Processing /Users/naga/Desktop/public-health-etl-pipeline/airflow/dags/public_health_dag.py took 0.088 seconds
[2026-06-21T19:55:23.571-0500] {processor.py:161} INFO - Started process (PID=61976) to work on /Users/naga/Desktop/public-health-etl-pipeline/airflow/dags/public_health_dag.py
[2026-06-21T19:55:23.572-0500] {processor.py:830} INFO - Processing file /Users/naga/Desktop/public-health-etl-pipeline/airflow/dags/public_health_dag.py for tasks to queue
[2026-06-21T19:55:23.572-0500] {logging_mixin.py:188} INFO - [2026-06-21T19:55:23.572-0500] {dagbag.py:545} INFO - Filling up the DagBag from /Users/naga/Desktop/public-health-etl-pipeline/airflow/dags/public_health_dag.py
[2026-06-21T19:55:23.594-0500] {logging_mixin.py:188} INFO - [2026-06-21T19:55:23.593-0500] {dagbag.py:355} ERROR - Failed to import: /Users/naga/Desktop/public-health-etl-pipeline/airflow/dags/public_health_dag.py
Traceback (most recent call last):
  File "/Users/naga/Desktop/airflow_env/lib/python3.12/site-packages/airflow/models/dagbag.py", line 351, in parse
    loader.exec_module(new_module)
  File "<frozen importlib._bootstrap_external>", line 995, in exec_module
  File "<frozen importlib._bootstrap>", line 488, in _call_with_frames_removed
  File "/Users/naga/Desktop/public-health-etl-pipeline/airflow/dags/public_health_dag.py", line 6, in <module>
    from extract import extract_data, store_raw_data
  File "/Users/naga/Desktop/public-health-etl-pipeline/extract.py", line 2, in <module>
    from pymongo import MongoClient
ModuleNotFoundError: No module named 'pymongo'
[2026-06-21T19:55:23.595-0500] {processor.py:842} WARNING - No viable dags retrieved from /Users/naga/Desktop/public-health-etl-pipeline/airflow/dags/public_health_dag.py
[2026-06-21T19:55:23.657-0500] {processor.py:183} INFO - Processing /Users/naga/Desktop/public-health-etl-pipeline/airflow/dags/public_health_dag.py took 0.088 seconds
[2026-06-21T19:56:48.526-0500] {processor.py:161} INFO - Started process (PID=62042) to work on /Users/naga/Desktop/public-health-etl-pipeline/airflow/dags/public_health_dag.py
[2026-06-21T19:56:48.528-0500] {processor.py:830} INFO - Processing file /Users/naga/Desktop/public-health-etl-pipeline/airflow/dags/public_health_dag.py for tasks to queue
[2026-06-21T19:56:48.528-0500] {logging_mixin.py:188} INFO - [2026-06-21T19:56:48.528-0500] {dagbag.py:545} INFO - Filling up the DagBag from /Users/naga/Desktop/public-health-etl-pipeline/airflow/dags/public_health_dag.py
[2026-06-21T19:56:48.550-0500] {logging_mixin.py:188} INFO - [2026-06-21T19:56:48.549-0500] {dagbag.py:355} ERROR - Failed to import: /Users/naga/Desktop/public-health-etl-pipeline/airflow/dags/public_health_dag.py
Traceback (most recent call last):
  File "/Users/naga/Desktop/airflow_env/lib/python3.12/site-packages/airflow/models/dagbag.py", line 351, in parse
    loader.exec_module(new_module)
  File "<frozen importlib._bootstrap_external>", line 995, in exec_module
  File "<frozen importlib._bootstrap>", line 488, in _call_with_frames_removed
  File "/Users/naga/Desktop/public-health-etl-pipeline/airflow/dags/public_health_dag.py", line 6, in <module>
    from extract import extract_data, store_raw_data
  File "/Users/naga/Desktop/public-health-etl-pipeline/extract.py", line 2, in <module>
    from pymongo import MongoClient
ModuleNotFoundError: No module named 'pymongo'
[2026-06-21T19:56:48.551-0500] {processor.py:842} WARNING - No viable dags retrieved from /Users/naga/Desktop/public-health-etl-pipeline/airflow/dags/public_health_dag.py
[2026-06-21T19:56:48.614-0500] {processor.py:183} INFO - Processing /Users/naga/Desktop/public-health-etl-pipeline/airflow/dags/public_health_dag.py took 0.090 seconds
[2026-06-21T19:58:19.568-0500] {processor.py:161} INFO - Started process (PID=62124) to work on /Users/naga/Desktop/public-health-etl-pipeline/airflow/dags/public_health_dag.py
[2026-06-21T19:58:19.569-0500] {processor.py:830} INFO - Processing file /Users/naga/Desktop/public-health-etl-pipeline/airflow/dags/public_health_dag.py for tasks to queue
[2026-06-21T19:58:19.570-0500] {logging_mixin.py:188} INFO - [2026-06-21T19:58:19.570-0500] {dagbag.py:545} INFO - Filling up the DagBag from /Users/naga/Desktop/public-health-etl-pipeline/airflow/dags/public_health_dag.py
[2026-06-21T19:58:19.593-0500] {logging_mixin.py:188} INFO - [2026-06-21T19:58:19.591-0500] {dagbag.py:355} ERROR - Failed to import: /Users/naga/Desktop/public-health-etl-pipeline/airflow/dags/public_health_dag.py
Traceback (most recent call last):
  File "/Users/naga/Desktop/airflow_env/lib/python3.12/site-packages/airflow/models/dagbag.py", line 351, in parse
    loader.exec_module(new_module)
  File "<frozen importlib._bootstrap_external>", line 995, in exec_module
  File "<frozen importlib._bootstrap>", line 488, in _call_with_frames_removed
  File "/Users/naga/Desktop/public-health-etl-pipeline/airflow/dags/public_health_dag.py", line 6, in <module>
    from extract import extract_data, store_raw_data
  File "/Users/naga/Desktop/public-health-etl-pipeline/extract.py", line 2, in <module>
    from pymongo import MongoClient
ModuleNotFoundError: No module named 'pymongo'
[2026-06-21T19:58:19.593-0500] {processor.py:842} WARNING - No viable dags retrieved from /Users/naga/Desktop/public-health-etl-pipeline/airflow/dags/public_health_dag.py
[2026-06-21T19:58:19.654-0500] {processor.py:183} INFO - Processing /Users/naga/Desktop/public-health-etl-pipeline/airflow/dags/public_health_dag.py took 0.088 seconds
[2026-06-21T19:59:46.757-0500] {processor.py:161} INFO - Started process (PID=62180) to work on /Users/naga/Desktop/public-health-etl-pipeline/airflow/dags/public_health_dag.py
[2026-06-21T19:59:46.758-0500] {processor.py:830} INFO - Processing file /Users/naga/Desktop/public-health-etl-pipeline/airflow/dags/public_health_dag.py for tasks to queue
[2026-06-21T19:59:46.759-0500] {logging_mixin.py:188} INFO - [2026-06-21T19:59:46.758-0500] {dagbag.py:545} INFO - Filling up the DagBag from /Users/naga/Desktop/public-health-etl-pipeline/airflow/dags/public_health_dag.py
[2026-06-21T19:59:46.781-0500] {logging_mixin.py:188} INFO - [2026-06-21T19:59:46.779-0500] {dagbag.py:355} ERROR - Failed to import: /Users/naga/Desktop/public-health-etl-pipeline/airflow/dags/public_health_dag.py
Traceback (most recent call last):
  File "/Users/naga/Desktop/airflow_env/lib/python3.12/site-packages/airflow/models/dagbag.py", line 351, in parse
    loader.exec_module(new_module)
  File "<frozen importlib._bootstrap_external>", line 995, in exec_module
  File "<frozen importlib._bootstrap>", line 488, in _call_with_frames_removed
  File "/Users/naga/Desktop/public-health-etl-pipeline/airflow/dags/public_health_dag.py", line 6, in <module>
    from extract import extract_data, store_raw_data
  File "/Users/naga/Desktop/public-health-etl-pipeline/extract.py", line 2, in <module>
    from pymongo import MongoClient
ModuleNotFoundError: No module named 'pymongo'
[2026-06-21T19:59:46.781-0500] {processor.py:842} WARNING - No viable dags retrieved from /Users/naga/Desktop/public-health-etl-pipeline/airflow/dags/public_health_dag.py
[2026-06-21T19:59:46.843-0500] {processor.py:183} INFO - Processing /Users/naga/Desktop/public-health-etl-pipeline/airflow/dags/public_health_dag.py took 0.089 seconds
[2026-06-21T20:01:12.561-0500] {processor.py:161} INFO - Started process (PID=62253) to work on /Users/naga/Desktop/public-health-etl-pipeline/airflow/dags/public_health_dag.py
[2026-06-21T20:01:12.562-0500] {processor.py:830} INFO - Processing file /Users/naga/Desktop/public-health-etl-pipeline/airflow/dags/public_health_dag.py for tasks to queue
[2026-06-21T20:01:12.563-0500] {logging_mixin.py:188} INFO - [2026-06-21T20:01:12.562-0500] {dagbag.py:545} INFO - Filling up the DagBag from /Users/naga/Desktop/public-health-etl-pipeline/airflow/dags/public_health_dag.py
[2026-06-21T20:01:12.585-0500] {logging_mixin.py:188} INFO - [2026-06-21T20:01:12.583-0500] {dagbag.py:355} ERROR - Failed to import: /Users/naga/Desktop/public-health-etl-pipeline/airflow/dags/public_health_dag.py
Traceback (most recent call last):
  File "/Users/naga/Desktop/airflow_env/lib/python3.12/site-packages/airflow/models/dagbag.py", line 351, in parse
    loader.exec_module(new_module)
  File "<frozen importlib._bootstrap_external>", line 995, in exec_module
  File "<frozen importlib._bootstrap>", line 488, in _call_with_frames_removed
  File "/Users/naga/Desktop/public-health-etl-pipeline/airflow/dags/public_health_dag.py", line 6, in <module>
    from extract import extract_data, store_raw_data
  File "/Users/naga/Desktop/public-health-etl-pipeline/extract.py", line 2, in <module>
    from pymongo import MongoClient
ModuleNotFoundError: No module named 'pymongo'
[2026-06-21T20:01:12.585-0500] {processor.py:842} WARNING - No viable dags retrieved from /Users/naga/Desktop/public-health-etl-pipeline/airflow/dags/public_health_dag.py
[2026-06-21T20:01:12.651-0500] {processor.py:183} INFO - Processing /Users/naga/Desktop/public-health-etl-pipeline/airflow/dags/public_health_dag.py took 0.092 seconds
[2026-06-21T20:02:37.819-0500] {processor.py:161} INFO - Started process (PID=62321) to work on /Users/naga/Desktop/public-health-etl-pipeline/airflow/dags/public_health_dag.py
[2026-06-21T20:02:37.820-0500] {processor.py:830} INFO - Processing file /Users/naga/Desktop/public-health-etl-pipeline/airflow/dags/public_health_dag.py for tasks to queue
[2026-06-21T20:02:37.821-0500] {logging_mixin.py:188} INFO - [2026-06-21T20:02:37.821-0500] {dagbag.py:545} INFO - Filling up the DagBag from /Users/naga/Desktop/public-health-etl-pipeline/airflow/dags/public_health_dag.py
[2026-06-21T20:02:37.843-0500] {logging_mixin.py:188} INFO - [2026-06-21T20:02:37.841-0500] {dagbag.py:355} ERROR - Failed to import: /Users/naga/Desktop/public-health-etl-pipeline/airflow/dags/public_health_dag.py
Traceback (most recent call last):
  File "/Users/naga/Desktop/airflow_env/lib/python3.12/site-packages/airflow/models/dagbag.py", line 351, in parse
    loader.exec_module(new_module)
  File "<frozen importlib._bootstrap_external>", line 995, in exec_module
  File "<frozen importlib._bootstrap>", line 488, in _call_with_frames_removed
  File "/Users/naga/Desktop/public-health-etl-pipeline/airflow/dags/public_health_dag.py", line 6, in <module>
    from extract import extract_data, store_raw_data
  File "/Users/naga/Desktop/public-health-etl-pipeline/extract.py", line 2, in <module>
    from pymongo import MongoClient
ModuleNotFoundError: No module named 'pymongo'
[2026-06-21T20:02:37.843-0500] {processor.py:842} WARNING - No viable dags retrieved from /Users/naga/Desktop/public-health-etl-pipeline/airflow/dags/public_health_dag.py
[2026-06-21T20:02:37.905-0500] {processor.py:183} INFO - Processing /Users/naga/Desktop/public-health-etl-pipeline/airflow/dags/public_health_dag.py took 0.088 seconds
[2026-06-21T20:04:04.310-0500] {processor.py:161} INFO - Started process (PID=62392) to work on /Users/naga/Desktop/public-health-etl-pipeline/airflow/dags/public_health_dag.py
[2026-06-21T20:04:04.311-0500] {processor.py:830} INFO - Processing file /Users/naga/Desktop/public-health-etl-pipeline/airflow/dags/public_health_dag.py for tasks to queue
[2026-06-21T20:04:04.311-0500] {logging_mixin.py:188} INFO - [2026-06-21T20:04:04.311-0500] {dagbag.py:545} INFO - Filling up the DagBag from /Users/naga/Desktop/public-health-etl-pipeline/airflow/dags/public_health_dag.py
[2026-06-21T20:04:04.334-0500] {logging_mixin.py:188} INFO - [2026-06-21T20:04:04.332-0500] {dagbag.py:355} ERROR - Failed to import: /Users/naga/Desktop/public-health-etl-pipeline/airflow/dags/public_health_dag.py
Traceback (most recent call last):
  File "/Users/naga/Desktop/airflow_env/lib/python3.12/site-packages/airflow/models/dagbag.py", line 351, in parse
    loader.exec_module(new_module)
  File "<frozen importlib._bootstrap_external>", line 995, in exec_module
  File "<frozen importlib._bootstrap>", line 488, in _call_with_frames_removed
  File "/Users/naga/Desktop/public-health-etl-pipeline/airflow/dags/public_health_dag.py", line 6, in <module>
    from extract import extract_data, store_raw_data
  File "/Users/naga/Desktop/public-health-etl-pipeline/extract.py", line 2, in <module>
    from pymongo import MongoClient
ModuleNotFoundError: No module named 'pymongo'
[2026-06-21T20:04:04.334-0500] {processor.py:842} WARNING - No viable dags retrieved from /Users/naga/Desktop/public-health-etl-pipeline/airflow/dags/public_health_dag.py
[2026-06-21T20:04:04.396-0500] {processor.py:183} INFO - Processing /Users/naga/Desktop/public-health-etl-pipeline/airflow/dags/public_health_dag.py took 0.088 seconds
[2026-06-21T20:05:31.695-0500] {processor.py:161} INFO - Started process (PID=62439) to work on /Users/naga/Desktop/public-health-etl-pipeline/airflow/dags/public_health_dag.py
[2026-06-21T20:05:31.696-0500] {processor.py:830} INFO - Processing file /Users/naga/Desktop/public-health-etl-pipeline/airflow/dags/public_health_dag.py for tasks to queue
[2026-06-21T20:05:31.697-0500] {logging_mixin.py:188} INFO - [2026-06-21T20:05:31.697-0500] {dagbag.py:545} INFO - Filling up the DagBag from /Users/naga/Desktop/public-health-etl-pipeline/airflow/dags/public_health_dag.py
[2026-06-21T20:05:31.719-0500] {logging_mixin.py:188} INFO - [2026-06-21T20:05:31.718-0500] {dagbag.py:355} ERROR - Failed to import: /Users/naga/Desktop/public-health-etl-pipeline/airflow/dags/public_health_dag.py
Traceback (most recent call last):
  File "/Users/naga/Desktop/airflow_env/lib/python3.12/site-packages/airflow/models/dagbag.py", line 351, in parse
    loader.exec_module(new_module)
  File "<frozen importlib._bootstrap_external>", line 995, in exec_module
  File "<frozen importlib._bootstrap>", line 488, in _call_with_frames_removed
  File "/Users/naga/Desktop/public-health-etl-pipeline/airflow/dags/public_health_dag.py", line 6, in <module>
    from extract import extract_data, store_raw_data
  File "/Users/naga/Desktop/public-health-etl-pipeline/extract.py", line 2, in <module>
    from pymongo import MongoClient
ModuleNotFoundError: No module named 'pymongo'
[2026-06-21T20:05:31.720-0500] {processor.py:842} WARNING - No viable dags retrieved from /Users/naga/Desktop/public-health-etl-pipeline/airflow/dags/public_health_dag.py
[2026-06-21T20:05:31.781-0500] {processor.py:183} INFO - Processing /Users/naga/Desktop/public-health-etl-pipeline/airflow/dags/public_health_dag.py took 0.089 seconds
[2026-06-21T20:06:59.306-0500] {processor.py:161} INFO - Started process (PID=62516) to work on /Users/naga/Desktop/public-health-etl-pipeline/airflow/dags/public_health_dag.py
[2026-06-21T20:06:59.307-0500] {processor.py:830} INFO - Processing file /Users/naga/Desktop/public-health-etl-pipeline/airflow/dags/public_health_dag.py for tasks to queue
[2026-06-21T20:06:59.308-0500] {logging_mixin.py:188} INFO - [2026-06-21T20:06:59.308-0500] {dagbag.py:545} INFO - Filling up the DagBag from /Users/naga/Desktop/public-health-etl-pipeline/airflow/dags/public_health_dag.py
[2026-06-21T20:06:59.329-0500] {logging_mixin.py:188} INFO - [2026-06-21T20:06:59.328-0500] {dagbag.py:355} ERROR - Failed to import: /Users/naga/Desktop/public-health-etl-pipeline/airflow/dags/public_health_dag.py
Traceback (most recent call last):
  File "/Users/naga/Desktop/airflow_env/lib/python3.12/site-packages/airflow/models/dagbag.py", line 351, in parse
    loader.exec_module(new_module)
  File "<frozen importlib._bootstrap_external>", line 995, in exec_module
  File "<frozen importlib._bootstrap>", line 488, in _call_with_frames_removed
  File "/Users/naga/Desktop/public-health-etl-pipeline/airflow/dags/public_health_dag.py", line 6, in <module>
    from extract import extract_data, store_raw_data
  File "/Users/naga/Desktop/public-health-etl-pipeline/extract.py", line 2, in <module>
    from pymongo import MongoClient
ModuleNotFoundError: No module named 'pymongo'
[2026-06-21T20:06:59.330-0500] {processor.py:842} WARNING - No viable dags retrieved from /Users/naga/Desktop/public-health-etl-pipeline/airflow/dags/public_health_dag.py
[2026-06-21T20:06:59.391-0500] {processor.py:183} INFO - Processing /Users/naga/Desktop/public-health-etl-pipeline/airflow/dags/public_health_dag.py took 0.087 seconds
[2026-06-21T20:08:32.791-0500] {processor.py:161} INFO - Started process (PID=62603) to work on /Users/naga/Desktop/public-health-etl-pipeline/airflow/dags/public_health_dag.py
[2026-06-21T20:08:32.793-0500] {processor.py:830} INFO - Processing file /Users/naga/Desktop/public-health-etl-pipeline/airflow/dags/public_health_dag.py for tasks to queue
[2026-06-21T20:08:32.794-0500] {logging_mixin.py:188} INFO - [2026-06-21T20:08:32.793-0500] {dagbag.py:545} INFO - Filling up the DagBag from /Users/naga/Desktop/public-health-etl-pipeline/airflow/dags/public_health_dag.py
[2026-06-21T20:08:32.821-0500] {logging_mixin.py:188} INFO - [2026-06-21T20:08:32.819-0500] {dagbag.py:355} ERROR - Failed to import: /Users/naga/Desktop/public-health-etl-pipeline/airflow/dags/public_health_dag.py
Traceback (most recent call last):
  File "/Users/naga/Desktop/airflow_env/lib/python3.12/site-packages/airflow/models/dagbag.py", line 351, in parse
    loader.exec_module(new_module)
  File "<frozen importlib._bootstrap_external>", line 995, in exec_module
  File "<frozen importlib._bootstrap>", line 488, in _call_with_frames_removed
  File "/Users/naga/Desktop/public-health-etl-pipeline/airflow/dags/public_health_dag.py", line 6, in <module>
    from extract import extract_data, store_raw_data
  File "/Users/naga/Desktop/public-health-etl-pipeline/extract.py", line 2, in <module>
    from pymongo import MongoClient
ModuleNotFoundError: No module named 'pymongo'
[2026-06-21T20:08:32.821-0500] {processor.py:842} WARNING - No viable dags retrieved from /Users/naga/Desktop/public-health-etl-pipeline/airflow/dags/public_health_dag.py
[2026-06-21T20:08:32.900-0500] {processor.py:183} INFO - Processing /Users/naga/Desktop/public-health-etl-pipeline/airflow/dags/public_health_dag.py took 0.111 seconds
[2026-06-21T20:37:30.711-0500] {processor.py:161} INFO - Started process (PID=62718) to work on /Users/naga/Desktop/public-health-etl-pipeline/airflow/dags/public_health_dag.py
[2026-06-21T20:37:30.712-0500] {processor.py:830} INFO - Processing file /Users/naga/Desktop/public-health-etl-pipeline/airflow/dags/public_health_dag.py for tasks to queue
[2026-06-21T20:37:30.713-0500] {logging_mixin.py:188} INFO - [2026-06-21T20:37:30.713-0500] {dagbag.py:545} INFO - Filling up the DagBag from /Users/naga/Desktop/public-health-etl-pipeline/airflow/dags/public_health_dag.py
[2026-06-21T20:37:30.736-0500] {logging_mixin.py:188} INFO - [2026-06-21T20:37:30.734-0500] {dagbag.py:355} ERROR - Failed to import: /Users/naga/Desktop/public-health-etl-pipeline/airflow/dags/public_health_dag.py
Traceback (most recent call last):
  File "/Users/naga/Desktop/airflow_env/lib/python3.12/site-packages/airflow/models/dagbag.py", line 351, in parse
    loader.exec_module(new_module)
  File "<frozen importlib._bootstrap_external>", line 995, in exec_module
  File "<frozen importlib._bootstrap>", line 488, in _call_with_frames_removed
  File "/Users/naga/Desktop/public-health-etl-pipeline/airflow/dags/public_health_dag.py", line 6, in <module>
    from extract import extract_data, store_raw_data
  File "/Users/naga/Desktop/public-health-etl-pipeline/extract.py", line 2, in <module>
    from pymongo import MongoClient
ModuleNotFoundError: No module named 'pymongo'
[2026-06-21T20:37:30.737-0500] {processor.py:842} WARNING - No viable dags retrieved from /Users/naga/Desktop/public-health-etl-pipeline/airflow/dags/public_health_dag.py
[2026-06-21T20:37:30.802-0500] {processor.py:183} INFO - Processing /Users/naga/Desktop/public-health-etl-pipeline/airflow/dags/public_health_dag.py took 0.093 seconds
[2026-06-21T20:39:04.058-0500] {processor.py:161} INFO - Started process (PID=62810) to work on /Users/naga/Desktop/public-health-etl-pipeline/airflow/dags/public_health_dag.py
[2026-06-21T20:39:04.059-0500] {processor.py:830} INFO - Processing file /Users/naga/Desktop/public-health-etl-pipeline/airflow/dags/public_health_dag.py for tasks to queue
[2026-06-21T20:39:04.060-0500] {logging_mixin.py:188} INFO - [2026-06-21T20:39:04.060-0500] {dagbag.py:545} INFO - Filling up the DagBag from /Users/naga/Desktop/public-health-etl-pipeline/airflow/dags/public_health_dag.py
[2026-06-21T20:39:04.086-0500] {logging_mixin.py:188} INFO - [2026-06-21T20:39:04.084-0500] {dagbag.py:355} ERROR - Failed to import: /Users/naga/Desktop/public-health-etl-pipeline/airflow/dags/public_health_dag.py
Traceback (most recent call last):
  File "/Users/naga/Desktop/airflow_env/lib/python3.12/site-packages/airflow/models/dagbag.py", line 351, in parse
    loader.exec_module(new_module)
  File "<frozen importlib._bootstrap_external>", line 995, in exec_module
  File "<frozen importlib._bootstrap>", line 488, in _call_with_frames_removed
  File "/Users/naga/Desktop/public-health-etl-pipeline/airflow/dags/public_health_dag.py", line 6, in <module>
    from extract import extract_data, store_raw_data
  File "/Users/naga/Desktop/public-health-etl-pipeline/extract.py", line 2, in <module>
    from pymongo import MongoClient
ModuleNotFoundError: No module named 'pymongo'
[2026-06-21T20:39:04.086-0500] {processor.py:842} WARNING - No viable dags retrieved from /Users/naga/Desktop/public-health-etl-pipeline/airflow/dags/public_health_dag.py
[2026-06-21T20:39:04.148-0500] {processor.py:183} INFO - Processing /Users/naga/Desktop/public-health-etl-pipeline/airflow/dags/public_health_dag.py took 0.092 seconds
[2026-06-21T20:40:37.471-0500] {processor.py:161} INFO - Started process (PID=62962) to work on /Users/naga/Desktop/public-health-etl-pipeline/airflow/dags/public_health_dag.py
[2026-06-21T20:40:37.472-0500] {processor.py:830} INFO - Processing file /Users/naga/Desktop/public-health-etl-pipeline/airflow/dags/public_health_dag.py for tasks to queue
[2026-06-21T20:40:37.473-0500] {logging_mixin.py:188} INFO - [2026-06-21T20:40:37.472-0500] {dagbag.py:545} INFO - Filling up the DagBag from /Users/naga/Desktop/public-health-etl-pipeline/airflow/dags/public_health_dag.py
[2026-06-21T20:40:37.495-0500] {logging_mixin.py:188} INFO - [2026-06-21T20:40:37.493-0500] {dagbag.py:355} ERROR - Failed to import: /Users/naga/Desktop/public-health-etl-pipeline/airflow/dags/public_health_dag.py
Traceback (most recent call last):
  File "/Users/naga/Desktop/airflow_env/lib/python3.12/site-packages/airflow/models/dagbag.py", line 351, in parse
    loader.exec_module(new_module)
  File "<frozen importlib._bootstrap_external>", line 995, in exec_module
  File "<frozen importlib._bootstrap>", line 488, in _call_with_frames_removed
  File "/Users/naga/Desktop/public-health-etl-pipeline/airflow/dags/public_health_dag.py", line 6, in <module>
    from extract import extract_data, store_raw_data
  File "/Users/naga/Desktop/public-health-etl-pipeline/extract.py", line 2, in <module>
    from pymongo import MongoClient
ModuleNotFoundError: No module named 'pymongo'
[2026-06-21T20:40:37.495-0500] {processor.py:842} WARNING - No viable dags retrieved from /Users/naga/Desktop/public-health-etl-pipeline/airflow/dags/public_health_dag.py
[2026-06-21T20:40:37.557-0500] {processor.py:183} INFO - Processing /Users/naga/Desktop/public-health-etl-pipeline/airflow/dags/public_health_dag.py took 0.088 seconds
[2026-06-21T20:42:10.401-0500] {processor.py:161} INFO - Started process (PID=63047) to work on /Users/naga/Desktop/public-health-etl-pipeline/airflow/dags/public_health_dag.py
[2026-06-21T20:42:10.403-0500] {processor.py:830} INFO - Processing file /Users/naga/Desktop/public-health-etl-pipeline/airflow/dags/public_health_dag.py for tasks to queue
[2026-06-21T20:42:10.403-0500] {logging_mixin.py:188} INFO - [2026-06-21T20:42:10.403-0500] {dagbag.py:545} INFO - Filling up the DagBag from /Users/naga/Desktop/public-health-etl-pipeline/airflow/dags/public_health_dag.py
[2026-06-21T20:42:10.425-0500] {logging_mixin.py:188} INFO - [2026-06-21T20:42:10.424-0500] {dagbag.py:355} ERROR - Failed to import: /Users/naga/Desktop/public-health-etl-pipeline/airflow/dags/public_health_dag.py
Traceback (most recent call last):
  File "/Users/naga/Desktop/airflow_env/lib/python3.12/site-packages/airflow/models/dagbag.py", line 351, in parse
    loader.exec_module(new_module)
  File "<frozen importlib._bootstrap_external>", line 995, in exec_module
  File "<frozen importlib._bootstrap>", line 488, in _call_with_frames_removed
  File "/Users/naga/Desktop/public-health-etl-pipeline/airflow/dags/public_health_dag.py", line 6, in <module>
    from extract import extract_data, store_raw_data
  File "/Users/naga/Desktop/public-health-etl-pipeline/extract.py", line 2, in <module>
    from pymongo import MongoClient
ModuleNotFoundError: No module named 'pymongo'
[2026-06-21T20:42:10.426-0500] {processor.py:842} WARNING - No viable dags retrieved from /Users/naga/Desktop/public-health-etl-pipeline/airflow/dags/public_health_dag.py
[2026-06-21T20:42:10.487-0500] {processor.py:183} INFO - Processing /Users/naga/Desktop/public-health-etl-pipeline/airflow/dags/public_health_dag.py took 0.088 seconds
[2026-06-21T20:43:35.398-0500] {processor.py:161} INFO - Started process (PID=63162) to work on /Users/naga/Desktop/public-health-etl-pipeline/airflow/dags/public_health_dag.py
[2026-06-21T20:43:35.399-0500] {processor.py:830} INFO - Processing file /Users/naga/Desktop/public-health-etl-pipeline/airflow/dags/public_health_dag.py for tasks to queue
[2026-06-21T20:43:35.400-0500] {logging_mixin.py:188} INFO - [2026-06-21T20:43:35.400-0500] {dagbag.py:545} INFO - Filling up the DagBag from /Users/naga/Desktop/public-health-etl-pipeline/airflow/dags/public_health_dag.py
[2026-06-21T20:43:35.422-0500] {logging_mixin.py:188} INFO - [2026-06-21T20:43:35.421-0500] {dagbag.py:355} ERROR - Failed to import: /Users/naga/Desktop/public-health-etl-pipeline/airflow/dags/public_health_dag.py
Traceback (most recent call last):
  File "/Users/naga/Desktop/airflow_env/lib/python3.12/site-packages/airflow/models/dagbag.py", line 351, in parse
    loader.exec_module(new_module)
  File "<frozen importlib._bootstrap_external>", line 995, in exec_module
  File "<frozen importlib._bootstrap>", line 488, in _call_with_frames_removed
  File "/Users/naga/Desktop/public-health-etl-pipeline/airflow/dags/public_health_dag.py", line 6, in <module>
    from extract import extract_data, store_raw_data
  File "/Users/naga/Desktop/public-health-etl-pipeline/extract.py", line 2, in <module>
    from pymongo import MongoClient
ModuleNotFoundError: No module named 'pymongo'
[2026-06-21T20:43:35.423-0500] {processor.py:842} WARNING - No viable dags retrieved from /Users/naga/Desktop/public-health-etl-pipeline/airflow/dags/public_health_dag.py
[2026-06-21T20:43:35.485-0500] {processor.py:183} INFO - Processing /Users/naga/Desktop/public-health-etl-pipeline/airflow/dags/public_health_dag.py took 0.088 seconds
[2026-06-21T20:45:00.832-0500] {processor.py:161} INFO - Started process (PID=63235) to work on /Users/naga/Desktop/public-health-etl-pipeline/airflow/dags/public_health_dag.py
[2026-06-21T20:45:00.834-0500] {processor.py:830} INFO - Processing file /Users/naga/Desktop/public-health-etl-pipeline/airflow/dags/public_health_dag.py for tasks to queue
[2026-06-21T20:45:00.834-0500] {logging_mixin.py:188} INFO - [2026-06-21T20:45:00.834-0500] {dagbag.py:545} INFO - Filling up the DagBag from /Users/naga/Desktop/public-health-etl-pipeline/airflow/dags/public_health_dag.py
[2026-06-21T20:45:00.859-0500] {logging_mixin.py:188} INFO - [2026-06-21T20:45:00.857-0500] {dagbag.py:355} ERROR - Failed to import: /Users/naga/Desktop/public-health-etl-pipeline/airflow/dags/public_health_dag.py
Traceback (most recent call last):
  File "/Users/naga/Desktop/airflow_env/lib/python3.12/site-packages/airflow/models/dagbag.py", line 351, in parse
    loader.exec_module(new_module)
  File "<frozen importlib._bootstrap_external>", line 995, in exec_module
  File "<frozen importlib._bootstrap>", line 488, in _call_with_frames_removed
  File "/Users/naga/Desktop/public-health-etl-pipeline/airflow/dags/public_health_dag.py", line 6, in <module>
    from extract import extract_data, store_raw_data
  File "/Users/naga/Desktop/public-health-etl-pipeline/extract.py", line 2, in <module>
    from pymongo import MongoClient
ModuleNotFoundError: No module named 'pymongo'
[2026-06-21T20:45:00.859-0500] {processor.py:842} WARNING - No viable dags retrieved from /Users/naga/Desktop/public-health-etl-pipeline/airflow/dags/public_health_dag.py
[2026-06-21T20:45:00.921-0500] {processor.py:183} INFO - Processing /Users/naga/Desktop/public-health-etl-pipeline/airflow/dags/public_health_dag.py took 0.091 seconds
[2026-06-21T20:46:26.163-0500] {processor.py:161} INFO - Started process (PID=63301) to work on /Users/naga/Desktop/public-health-etl-pipeline/airflow/dags/public_health_dag.py
[2026-06-21T20:46:26.165-0500] {processor.py:830} INFO - Processing file /Users/naga/Desktop/public-health-etl-pipeline/airflow/dags/public_health_dag.py for tasks to queue
[2026-06-21T20:46:26.165-0500] {logging_mixin.py:188} INFO - [2026-06-21T20:46:26.165-0500] {dagbag.py:545} INFO - Filling up the DagBag from /Users/naga/Desktop/public-health-etl-pipeline/airflow/dags/public_health_dag.py
[2026-06-21T20:46:26.187-0500] {logging_mixin.py:188} INFO - [2026-06-21T20:46:26.186-0500] {dagbag.py:355} ERROR - Failed to import: /Users/naga/Desktop/public-health-etl-pipeline/airflow/dags/public_health_dag.py
Traceback (most recent call last):
  File "/Users/naga/Desktop/airflow_env/lib/python3.12/site-packages/airflow/models/dagbag.py", line 351, in parse
    loader.exec_module(new_module)
  File "<frozen importlib._bootstrap_external>", line 995, in exec_module
  File "<frozen importlib._bootstrap>", line 488, in _call_with_frames_removed
  File "/Users/naga/Desktop/public-health-etl-pipeline/airflow/dags/public_health_dag.py", line 6, in <module>
    from extract import extract_data, store_raw_data
  File "/Users/naga/Desktop/public-health-etl-pipeline/extract.py", line 2, in <module>
    from pymongo import MongoClient
ModuleNotFoundError: No module named 'pymongo'
[2026-06-21T20:46:26.188-0500] {processor.py:842} WARNING - No viable dags retrieved from /Users/naga/Desktop/public-health-etl-pipeline/airflow/dags/public_health_dag.py
[2026-06-21T20:46:26.249-0500] {processor.py:183} INFO - Processing /Users/naga/Desktop/public-health-etl-pipeline/airflow/dags/public_health_dag.py took 0.088 seconds
[2026-06-21T20:47:51.234-0500] {processor.py:161} INFO - Started process (PID=63371) to work on /Users/naga/Desktop/public-health-etl-pipeline/airflow/dags/public_health_dag.py
[2026-06-21T20:47:51.235-0500] {processor.py:830} INFO - Processing file /Users/naga/Desktop/public-health-etl-pipeline/airflow/dags/public_health_dag.py for tasks to queue
[2026-06-21T20:47:51.236-0500] {logging_mixin.py:188} INFO - [2026-06-21T20:47:51.236-0500] {dagbag.py:545} INFO - Filling up the DagBag from /Users/naga/Desktop/public-health-etl-pipeline/airflow/dags/public_health_dag.py
[2026-06-21T20:47:51.259-0500] {logging_mixin.py:188} INFO - [2026-06-21T20:47:51.257-0500] {dagbag.py:355} ERROR - Failed to import: /Users/naga/Desktop/public-health-etl-pipeline/airflow/dags/public_health_dag.py
Traceback (most recent call last):
  File "/Users/naga/Desktop/airflow_env/lib/python3.12/site-packages/airflow/models/dagbag.py", line 351, in parse
    loader.exec_module(new_module)
  File "<frozen importlib._bootstrap_external>", line 995, in exec_module
  File "<frozen importlib._bootstrap>", line 488, in _call_with_frames_removed
  File "/Users/naga/Desktop/public-health-etl-pipeline/airflow/dags/public_health_dag.py", line 6, in <module>
    from extract import extract_data, store_raw_data
  File "/Users/naga/Desktop/public-health-etl-pipeline/extract.py", line 2, in <module>
    from pymongo import MongoClient
ModuleNotFoundError: No module named 'pymongo'
[2026-06-21T20:47:51.259-0500] {processor.py:842} WARNING - No viable dags retrieved from /Users/naga/Desktop/public-health-etl-pipeline/airflow/dags/public_health_dag.py
[2026-06-21T20:47:51.321-0500] {processor.py:183} INFO - Processing /Users/naga/Desktop/public-health-etl-pipeline/airflow/dags/public_health_dag.py took 0.089 seconds
[2026-06-21T20:49:15.990-0500] {processor.py:161} INFO - Started process (PID=63439) to work on /Users/naga/Desktop/public-health-etl-pipeline/airflow/dags/public_health_dag.py
[2026-06-21T20:49:15.991-0500] {processor.py:830} INFO - Processing file /Users/naga/Desktop/public-health-etl-pipeline/airflow/dags/public_health_dag.py for tasks to queue
[2026-06-21T20:49:15.991-0500] {logging_mixin.py:188} INFO - [2026-06-21T20:49:15.991-0500] {dagbag.py:545} INFO - Filling up the DagBag from /Users/naga/Desktop/public-health-etl-pipeline/airflow/dags/public_health_dag.py
[2026-06-21T20:49:16.013-0500] {logging_mixin.py:188} INFO - [2026-06-21T20:49:16.012-0500] {dagbag.py:355} ERROR - Failed to import: /Users/naga/Desktop/public-health-etl-pipeline/airflow/dags/public_health_dag.py
Traceback (most recent call last):
  File "/Users/naga/Desktop/airflow_env/lib/python3.12/site-packages/airflow/models/dagbag.py", line 351, in parse
    loader.exec_module(new_module)
  File "<frozen importlib._bootstrap_external>", line 995, in exec_module
  File "<frozen importlib._bootstrap>", line 488, in _call_with_frames_removed
  File "/Users/naga/Desktop/public-health-etl-pipeline/airflow/dags/public_health_dag.py", line 6, in <module>
    from extract import extract_data, store_raw_data
  File "/Users/naga/Desktop/public-health-etl-pipeline/extract.py", line 2, in <module>
    from pymongo import MongoClient
ModuleNotFoundError: No module named 'pymongo'
[2026-06-21T20:49:16.013-0500] {processor.py:842} WARNING - No viable dags retrieved from /Users/naga/Desktop/public-health-etl-pipeline/airflow/dags/public_health_dag.py
[2026-06-21T20:49:16.075-0500] {processor.py:183} INFO - Processing /Users/naga/Desktop/public-health-etl-pipeline/airflow/dags/public_health_dag.py took 0.088 seconds
[2026-06-21T20:50:43.462-0500] {processor.py:161} INFO - Started process (PID=63513) to work on /Users/naga/Desktop/public-health-etl-pipeline/airflow/dags/public_health_dag.py
[2026-06-21T20:50:43.464-0500] {processor.py:830} INFO - Processing file /Users/naga/Desktop/public-health-etl-pipeline/airflow/dags/public_health_dag.py for tasks to queue
[2026-06-21T20:50:43.464-0500] {logging_mixin.py:188} INFO - [2026-06-21T20:50:43.464-0500] {dagbag.py:545} INFO - Filling up the DagBag from /Users/naga/Desktop/public-health-etl-pipeline/airflow/dags/public_health_dag.py
[2026-06-21T20:50:43.487-0500] {logging_mixin.py:188} INFO - [2026-06-21T20:50:43.485-0500] {dagbag.py:355} ERROR - Failed to import: /Users/naga/Desktop/public-health-etl-pipeline/airflow/dags/public_health_dag.py
Traceback (most recent call last):
  File "/Users/naga/Desktop/airflow_env/lib/python3.12/site-packages/airflow/models/dagbag.py", line 351, in parse
    loader.exec_module(new_module)
  File "<frozen importlib._bootstrap_external>", line 995, in exec_module
  File "<frozen importlib._bootstrap>", line 488, in _call_with_frames_removed
  File "/Users/naga/Desktop/public-health-etl-pipeline/airflow/dags/public_health_dag.py", line 6, in <module>
    from extract import extract_data, store_raw_data
  File "/Users/naga/Desktop/public-health-etl-pipeline/extract.py", line 2, in <module>
    from pymongo import MongoClient
ModuleNotFoundError: No module named 'pymongo'
[2026-06-21T20:50:43.487-0500] {processor.py:842} WARNING - No viable dags retrieved from /Users/naga/Desktop/public-health-etl-pipeline/airflow/dags/public_health_dag.py
[2026-06-21T20:50:43.549-0500] {processor.py:183} INFO - Processing /Users/naga/Desktop/public-health-etl-pipeline/airflow/dags/public_health_dag.py took 0.089 seconds
[2026-06-21T20:52:11.795-0500] {processor.py:161} INFO - Started process (PID=63563) to work on /Users/naga/Desktop/public-health-etl-pipeline/airflow/dags/public_health_dag.py
[2026-06-21T20:52:11.796-0500] {processor.py:830} INFO - Processing file /Users/naga/Desktop/public-health-etl-pipeline/airflow/dags/public_health_dag.py for tasks to queue
[2026-06-21T20:52:11.796-0500] {logging_mixin.py:188} INFO - [2026-06-21T20:52:11.796-0500] {dagbag.py:545} INFO - Filling up the DagBag from /Users/naga/Desktop/public-health-etl-pipeline/airflow/dags/public_health_dag.py
[2026-06-21T20:52:11.818-0500] {logging_mixin.py:188} INFO - [2026-06-21T20:52:11.817-0500] {dagbag.py:355} ERROR - Failed to import: /Users/naga/Desktop/public-health-etl-pipeline/airflow/dags/public_health_dag.py
Traceback (most recent call last):
  File "/Users/naga/Desktop/airflow_env/lib/python3.12/site-packages/airflow/models/dagbag.py", line 351, in parse
    loader.exec_module(new_module)
  File "<frozen importlib._bootstrap_external>", line 995, in exec_module
  File "<frozen importlib._bootstrap>", line 488, in _call_with_frames_removed
  File "/Users/naga/Desktop/public-health-etl-pipeline/airflow/dags/public_health_dag.py", line 6, in <module>
    from extract import extract_data, store_raw_data
  File "/Users/naga/Desktop/public-health-etl-pipeline/extract.py", line 2, in <module>
    from pymongo import MongoClient
ModuleNotFoundError: No module named 'pymongo'
[2026-06-21T20:52:11.818-0500] {processor.py:842} WARNING - No viable dags retrieved from /Users/naga/Desktop/public-health-etl-pipeline/airflow/dags/public_health_dag.py
[2026-06-21T20:52:11.880-0500] {processor.py:183} INFO - Processing /Users/naga/Desktop/public-health-etl-pipeline/airflow/dags/public_health_dag.py took 0.087 seconds
[2026-06-21T20:53:39.567-0500] {processor.py:161} INFO - Started process (PID=63635) to work on /Users/naga/Desktop/public-health-etl-pipeline/airflow/dags/public_health_dag.py
[2026-06-21T20:53:39.568-0500] {processor.py:830} INFO - Processing file /Users/naga/Desktop/public-health-etl-pipeline/airflow/dags/public_health_dag.py for tasks to queue
[2026-06-21T20:53:39.569-0500] {logging_mixin.py:188} INFO - [2026-06-21T20:53:39.569-0500] {dagbag.py:545} INFO - Filling up the DagBag from /Users/naga/Desktop/public-health-etl-pipeline/airflow/dags/public_health_dag.py
[2026-06-21T20:53:39.591-0500] {logging_mixin.py:188} INFO - [2026-06-21T20:53:39.589-0500] {dagbag.py:355} ERROR - Failed to import: /Users/naga/Desktop/public-health-etl-pipeline/airflow/dags/public_health_dag.py
Traceback (most recent call last):
  File "/Users/naga/Desktop/airflow_env/lib/python3.12/site-packages/airflow/models/dagbag.py", line 351, in parse
    loader.exec_module(new_module)
  File "<frozen importlib._bootstrap_external>", line 995, in exec_module
  File "<frozen importlib._bootstrap>", line 488, in _call_with_frames_removed
  File "/Users/naga/Desktop/public-health-etl-pipeline/airflow/dags/public_health_dag.py", line 6, in <module>
    from extract import extract_data, store_raw_data
  File "/Users/naga/Desktop/public-health-etl-pipeline/extract.py", line 2, in <module>
    from pymongo import MongoClient
ModuleNotFoundError: No module named 'pymongo'
[2026-06-21T20:53:39.591-0500] {processor.py:842} WARNING - No viable dags retrieved from /Users/naga/Desktop/public-health-etl-pipeline/airflow/dags/public_health_dag.py
[2026-06-21T20:53:39.653-0500] {processor.py:183} INFO - Processing /Users/naga/Desktop/public-health-etl-pipeline/airflow/dags/public_health_dag.py took 0.088 seconds
[2026-06-21T20:55:11.271-0500] {processor.py:161} INFO - Started process (PID=63819) to work on /Users/naga/Desktop/public-health-etl-pipeline/airflow/dags/public_health_dag.py
[2026-06-21T20:55:11.272-0500] {processor.py:830} INFO - Processing file /Users/naga/Desktop/public-health-etl-pipeline/airflow/dags/public_health_dag.py for tasks to queue
[2026-06-21T20:55:11.273-0500] {logging_mixin.py:188} INFO - [2026-06-21T20:55:11.273-0500] {dagbag.py:545} INFO - Filling up the DagBag from /Users/naga/Desktop/public-health-etl-pipeline/airflow/dags/public_health_dag.py
[2026-06-21T20:55:11.295-0500] {logging_mixin.py:188} INFO - [2026-06-21T20:55:11.293-0500] {dagbag.py:355} ERROR - Failed to import: /Users/naga/Desktop/public-health-etl-pipeline/airflow/dags/public_health_dag.py
Traceback (most recent call last):
  File "/Users/naga/Desktop/airflow_env/lib/python3.12/site-packages/airflow/models/dagbag.py", line 351, in parse
    loader.exec_module(new_module)
  File "<frozen importlib._bootstrap_external>", line 995, in exec_module
  File "<frozen importlib._bootstrap>", line 488, in _call_with_frames_removed
  File "/Users/naga/Desktop/public-health-etl-pipeline/airflow/dags/public_health_dag.py", line 6, in <module>
    from extract import extract_data, store_raw_data
  File "/Users/naga/Desktop/public-health-etl-pipeline/extract.py", line 2, in <module>
    from pymongo import MongoClient
ModuleNotFoundError: No module named 'pymongo'
[2026-06-21T20:55:11.295-0500] {processor.py:842} WARNING - No viable dags retrieved from /Users/naga/Desktop/public-health-etl-pipeline/airflow/dags/public_health_dag.py
[2026-06-21T20:55:11.357-0500] {processor.py:183} INFO - Processing /Users/naga/Desktop/public-health-etl-pipeline/airflow/dags/public_health_dag.py took 0.088 seconds
[2026-06-21T20:56:39.587-0500] {processor.py:161} INFO - Started process (PID=63879) to work on /Users/naga/Desktop/public-health-etl-pipeline/airflow/dags/public_health_dag.py
[2026-06-21T20:56:39.589-0500] {processor.py:830} INFO - Processing file /Users/naga/Desktop/public-health-etl-pipeline/airflow/dags/public_health_dag.py for tasks to queue
[2026-06-21T20:56:39.589-0500] {logging_mixin.py:188} INFO - [2026-06-21T20:56:39.589-0500] {dagbag.py:545} INFO - Filling up the DagBag from /Users/naga/Desktop/public-health-etl-pipeline/airflow/dags/public_health_dag.py
[2026-06-21T20:56:39.612-0500] {logging_mixin.py:188} INFO - [2026-06-21T20:56:39.610-0500] {dagbag.py:355} ERROR - Failed to import: /Users/naga/Desktop/public-health-etl-pipeline/airflow/dags/public_health_dag.py
Traceback (most recent call last):
  File "/Users/naga/Desktop/airflow_env/lib/python3.12/site-packages/airflow/models/dagbag.py", line 351, in parse
    loader.exec_module(new_module)
  File "<frozen importlib._bootstrap_external>", line 995, in exec_module
  File "<frozen importlib._bootstrap>", line 488, in _call_with_frames_removed
  File "/Users/naga/Desktop/public-health-etl-pipeline/airflow/dags/public_health_dag.py", line 6, in <module>
    from extract import extract_data, store_raw_data
  File "/Users/naga/Desktop/public-health-etl-pipeline/extract.py", line 2, in <module>
    from pymongo import MongoClient
ModuleNotFoundError: No module named 'pymongo'
[2026-06-21T20:56:39.612-0500] {processor.py:842} WARNING - No viable dags retrieved from /Users/naga/Desktop/public-health-etl-pipeline/airflow/dags/public_health_dag.py
[2026-06-21T20:56:39.675-0500] {processor.py:183} INFO - Processing /Users/naga/Desktop/public-health-etl-pipeline/airflow/dags/public_health_dag.py took 0.090 seconds
[2026-06-21T20:58:04.528-0500] {processor.py:161} INFO - Started process (PID=63963) to work on /Users/naga/Desktop/public-health-etl-pipeline/airflow/dags/public_health_dag.py
[2026-06-21T20:58:04.529-0500] {processor.py:830} INFO - Processing file /Users/naga/Desktop/public-health-etl-pipeline/airflow/dags/public_health_dag.py for tasks to queue
[2026-06-21T20:58:04.529-0500] {logging_mixin.py:188} INFO - [2026-06-21T20:58:04.529-0500] {dagbag.py:545} INFO - Filling up the DagBag from /Users/naga/Desktop/public-health-etl-pipeline/airflow/dags/public_health_dag.py
[2026-06-21T20:58:04.552-0500] {logging_mixin.py:188} INFO - [2026-06-21T20:58:04.550-0500] {dagbag.py:355} ERROR - Failed to import: /Users/naga/Desktop/public-health-etl-pipeline/airflow/dags/public_health_dag.py
Traceback (most recent call last):
  File "/Users/naga/Desktop/airflow_env/lib/python3.12/site-packages/airflow/models/dagbag.py", line 351, in parse
    loader.exec_module(new_module)
  File "<frozen importlib._bootstrap_external>", line 995, in exec_module
  File "<frozen importlib._bootstrap>", line 488, in _call_with_frames_removed
  File "/Users/naga/Desktop/public-health-etl-pipeline/airflow/dags/public_health_dag.py", line 6, in <module>
    from extract import extract_data, store_raw_data
  File "/Users/naga/Desktop/public-health-etl-pipeline/extract.py", line 2, in <module>
    from pymongo import MongoClient
ModuleNotFoundError: No module named 'pymongo'
[2026-06-21T20:58:04.552-0500] {processor.py:842} WARNING - No viable dags retrieved from /Users/naga/Desktop/public-health-etl-pipeline/airflow/dags/public_health_dag.py
[2026-06-21T20:58:04.614-0500] {processor.py:183} INFO - Processing /Users/naga/Desktop/public-health-etl-pipeline/airflow/dags/public_health_dag.py took 0.088 seconds
[2026-06-21T21:41:43.784-0500] {processor.py:161} INFO - Started process (PID=64178) to work on /Users/naga/Desktop/public-health-etl-pipeline/airflow/dags/public_health_dag.py
[2026-06-21T21:41:43.785-0500] {processor.py:830} INFO - Processing file /Users/naga/Desktop/public-health-etl-pipeline/airflow/dags/public_health_dag.py for tasks to queue
[2026-06-21T21:41:43.786-0500] {logging_mixin.py:188} INFO - [2026-06-21T21:41:43.786-0500] {dagbag.py:545} INFO - Filling up the DagBag from /Users/naga/Desktop/public-health-etl-pipeline/airflow/dags/public_health_dag.py
[2026-06-21T21:41:43.814-0500] {logging_mixin.py:188} INFO - [2026-06-21T21:41:43.812-0500] {dagbag.py:355} ERROR - Failed to import: /Users/naga/Desktop/public-health-etl-pipeline/airflow/dags/public_health_dag.py
Traceback (most recent call last):
  File "/Users/naga/Desktop/airflow_env/lib/python3.12/site-packages/airflow/models/dagbag.py", line 351, in parse
    loader.exec_module(new_module)
  File "<frozen importlib._bootstrap_external>", line 995, in exec_module
  File "<frozen importlib._bootstrap>", line 488, in _call_with_frames_removed
  File "/Users/naga/Desktop/public-health-etl-pipeline/airflow/dags/public_health_dag.py", line 6, in <module>
    from extract import extract_data, store_raw_data
  File "/Users/naga/Desktop/public-health-etl-pipeline/extract.py", line 2, in <module>
    from pymongo import MongoClient
ModuleNotFoundError: No module named 'pymongo'
[2026-06-21T21:41:43.815-0500] {processor.py:842} WARNING - No viable dags retrieved from /Users/naga/Desktop/public-health-etl-pipeline/airflow/dags/public_health_dag.py
[2026-06-21T21:41:43.879-0500] {processor.py:183} INFO - Processing /Users/naga/Desktop/public-health-etl-pipeline/airflow/dags/public_health_dag.py took 0.097 seconds
[2026-06-21T21:43:30.726-0500] {processor.py:161} INFO - Started process (PID=64288) to work on /Users/naga/Desktop/public-health-etl-pipeline/airflow/dags/public_health_dag.py
[2026-06-21T21:43:30.728-0500] {processor.py:830} INFO - Processing file /Users/naga/Desktop/public-health-etl-pipeline/airflow/dags/public_health_dag.py for tasks to queue
[2026-06-21T21:43:30.728-0500] {logging_mixin.py:188} INFO - [2026-06-21T21:43:30.728-0500] {dagbag.py:545} INFO - Filling up the DagBag from /Users/naga/Desktop/public-health-etl-pipeline/airflow/dags/public_health_dag.py
[2026-06-21T21:43:30.752-0500] {logging_mixin.py:188} INFO - [2026-06-21T21:43:30.750-0500] {dagbag.py:355} ERROR - Failed to import: /Users/naga/Desktop/public-health-etl-pipeline/airflow/dags/public_health_dag.py
Traceback (most recent call last):
  File "/Users/naga/Desktop/airflow_env/lib/python3.12/site-packages/airflow/models/dagbag.py", line 351, in parse
    loader.exec_module(new_module)
  File "<frozen importlib._bootstrap_external>", line 995, in exec_module
  File "<frozen importlib._bootstrap>", line 488, in _call_with_frames_removed
  File "/Users/naga/Desktop/public-health-etl-pipeline/airflow/dags/public_health_dag.py", line 6, in <module>
    from extract import extract_data, store_raw_data
  File "/Users/naga/Desktop/public-health-etl-pipeline/extract.py", line 2, in <module>
    from pymongo import MongoClient
ModuleNotFoundError: No module named 'pymongo'
[2026-06-21T21:43:30.752-0500] {processor.py:842} WARNING - No viable dags retrieved from /Users/naga/Desktop/public-health-etl-pipeline/airflow/dags/public_health_dag.py
[2026-06-21T21:43:30.815-0500] {processor.py:183} INFO - Processing /Users/naga/Desktop/public-health-etl-pipeline/airflow/dags/public_health_dag.py took 0.091 seconds
[2026-06-21T21:45:02.431-0500] {processor.py:161} INFO - Started process (PID=64352) to work on /Users/naga/Desktop/public-health-etl-pipeline/airflow/dags/public_health_dag.py
[2026-06-21T21:45:02.432-0500] {processor.py:830} INFO - Processing file /Users/naga/Desktop/public-health-etl-pipeline/airflow/dags/public_health_dag.py for tasks to queue
[2026-06-21T21:45:02.433-0500] {logging_mixin.py:188} INFO - [2026-06-21T21:45:02.433-0500] {dagbag.py:545} INFO - Filling up the DagBag from /Users/naga/Desktop/public-health-etl-pipeline/airflow/dags/public_health_dag.py
[2026-06-21T21:45:02.455-0500] {logging_mixin.py:188} INFO - [2026-06-21T21:45:02.454-0500] {dagbag.py:355} ERROR - Failed to import: /Users/naga/Desktop/public-health-etl-pipeline/airflow/dags/public_health_dag.py
Traceback (most recent call last):
  File "/Users/naga/Desktop/airflow_env/lib/python3.12/site-packages/airflow/models/dagbag.py", line 351, in parse
    loader.exec_module(new_module)
  File "<frozen importlib._bootstrap_external>", line 995, in exec_module
  File "<frozen importlib._bootstrap>", line 488, in _call_with_frames_removed
  File "/Users/naga/Desktop/public-health-etl-pipeline/airflow/dags/public_health_dag.py", line 6, in <module>
    from extract import extract_data, store_raw_data
  File "/Users/naga/Desktop/public-health-etl-pipeline/extract.py", line 2, in <module>
    from pymongo import MongoClient
ModuleNotFoundError: No module named 'pymongo'
[2026-06-21T21:45:02.456-0500] {processor.py:842} WARNING - No viable dags retrieved from /Users/naga/Desktop/public-health-etl-pipeline/airflow/dags/public_health_dag.py
[2026-06-21T21:45:02.517-0500] {processor.py:183} INFO - Processing /Users/naga/Desktop/public-health-etl-pipeline/airflow/dags/public_health_dag.py took 0.088 seconds
[2026-06-21T21:46:39.273-0500] {processor.py:161} INFO - Started process (PID=64568) to work on /Users/naga/Desktop/public-health-etl-pipeline/airflow/dags/public_health_dag.py
[2026-06-21T21:46:39.275-0500] {processor.py:830} INFO - Processing file /Users/naga/Desktop/public-health-etl-pipeline/airflow/dags/public_health_dag.py for tasks to queue
[2026-06-21T21:46:39.275-0500] {logging_mixin.py:188} INFO - [2026-06-21T21:46:39.275-0500] {dagbag.py:545} INFO - Filling up the DagBag from /Users/naga/Desktop/public-health-etl-pipeline/airflow/dags/public_health_dag.py
[2026-06-21T21:47:09.295-0500] {logging_mixin.py:188} INFO - [2026-06-21T21:47:09.294-0500] {timeout.py:68} ERROR - Process timed out, PID: 64568
[2026-06-21T21:48:42.385-0500] {processor.py:161} INFO - Started process (PID=64711) to work on /Users/naga/Desktop/public-health-etl-pipeline/airflow/dags/public_health_dag.py
[2026-06-21T21:48:42.386-0500] {processor.py:830} INFO - Processing file /Users/naga/Desktop/public-health-etl-pipeline/airflow/dags/public_health_dag.py for tasks to queue
[2026-06-21T21:48:42.386-0500] {logging_mixin.py:188} INFO - [2026-06-21T21:48:42.386-0500] {dagbag.py:545} INFO - Filling up the DagBag from /Users/naga/Desktop/public-health-etl-pipeline/airflow/dags/public_health_dag.py
[2026-06-21T21:48:43.215-0500] {processor.py:840} INFO - DAG(s) 'public_health_pipeline' retrieved from /Users/naga/Desktop/public-health-etl-pipeline/airflow/dags/public_health_dag.py
[2026-06-21T21:48:43.370-0500] {logging_mixin.py:188} INFO - [2026-06-21T21:48:43.370-0500] {override.py:1858} INFO - Created Permission View: can edit on DAG:public_health_pipeline
[2026-06-21T21:48:43.376-0500] {logging_mixin.py:188} INFO - [2026-06-21T21:48:43.376-0500] {override.py:1858} INFO - Created Permission View: can delete on DAG:public_health_pipeline
[2026-06-21T21:48:43.380-0500] {logging_mixin.py:188} INFO - [2026-06-21T21:48:43.380-0500] {override.py:1858} INFO - Created Permission View: can read on DAG:public_health_pipeline
[2026-06-21T21:48:43.380-0500] {logging_mixin.py:188} INFO - [2026-06-21T21:48:43.380-0500] {dag.py:3089} INFO - Sync 1 DAGs
[2026-06-21T21:48:43.388-0500] {logging_mixin.py:188} INFO - [2026-06-21T21:48:43.387-0500] {dag.py:3111} INFO - Creating ORM DAG for public_health_pipeline
[2026-06-21T21:48:43.394-0500] {logging_mixin.py:188} INFO - [2026-06-21T21:48:43.394-0500] {dag.py:3947} INFO - Setting next_dagrun for public_health_pipeline to 2026-06-14 00:00:00+00:00, run_after=2026-06-21 00:00:00+00:00
[2026-06-21T21:48:43.407-0500] {processor.py:183} INFO - Processing /Users/naga/Desktop/public-health-etl-pipeline/airflow/dags/public_health_dag.py took 1.025 seconds
[2026-06-21T21:50:15.643-0500] {processor.py:161} INFO - Started process (PID=64787) to work on /Users/naga/Desktop/public-health-etl-pipeline/airflow/dags/public_health_dag.py
[2026-06-21T21:50:15.644-0500] {processor.py:830} INFO - Processing file /Users/naga/Desktop/public-health-etl-pipeline/airflow/dags/public_health_dag.py for tasks to queue
[2026-06-21T21:50:15.645-0500] {logging_mixin.py:188} INFO - [2026-06-21T21:50:15.645-0500] {dagbag.py:545} INFO - Filling up the DagBag from /Users/naga/Desktop/public-health-etl-pipeline/airflow/dags/public_health_dag.py
[2026-06-21T21:50:16.460-0500] {processor.py:840} INFO - DAG(s) 'public_health_pipeline' retrieved from /Users/naga/Desktop/public-health-etl-pipeline/airflow/dags/public_health_dag.py
[2026-06-21T21:50:16.532-0500] {logging_mixin.py:188} INFO - [2026-06-21T21:50:16.532-0500] {dag.py:3089} INFO - Sync 1 DAGs
[2026-06-21T21:50:16.546-0500] {logging_mixin.py:188} INFO - [2026-06-21T21:50:16.546-0500] {dag.py:3947} INFO - Setting next_dagrun for public_health_pipeline to 2026-06-14 00:00:00+00:00, run_after=2026-06-21 00:00:00+00:00
[2026-06-21T21:50:16.559-0500] {processor.py:183} INFO - Processing /Users/naga/Desktop/public-health-etl-pipeline/airflow/dags/public_health_dag.py took 0.918 seconds
[2026-06-21T21:50:43.557-0500] {processor.py:161} INFO - Started process (PID=64803) to work on /Users/naga/Desktop/public-health-etl-pipeline/airflow/dags/public_health_dag.py
[2026-06-21T21:50:43.559-0500] {processor.py:830} INFO - Processing file /Users/naga/Desktop/public-health-etl-pipeline/airflow/dags/public_health_dag.py for tasks to queue
[2026-06-21T21:50:43.559-0500] {logging_mixin.py:188} INFO - [2026-06-21T21:50:43.559-0500] {dagbag.py:545} INFO - Filling up the DagBag from /Users/naga/Desktop/public-health-etl-pipeline/airflow/dags/public_health_dag.py
[2026-06-21T21:50:44.375-0500] {processor.py:840} INFO - DAG(s) 'public_health_pipeline' retrieved from /Users/naga/Desktop/public-health-etl-pipeline/airflow/dags/public_health_dag.py
[2026-06-21T21:50:44.450-0500] {logging_mixin.py:188} INFO - [2026-06-21T21:50:44.449-0500] {dag.py:3089} INFO - Sync 1 DAGs
[2026-06-21T21:50:44.464-0500] {logging_mixin.py:188} INFO - [2026-06-21T21:50:44.463-0500] {dag.py:3947} INFO - Setting next_dagrun for public_health_pipeline to 2026-06-14 00:00:00+00:00, run_after=2026-06-21 00:00:00+00:00
[2026-06-21T21:50:44.476-0500] {processor.py:183} INFO - Processing /Users/naga/Desktop/public-health-etl-pipeline/airflow/dags/public_health_dag.py took 0.921 seconds
[2026-06-21T21:52:51.721-0500] {processor.py:161} INFO - Started process (PID=64930) to work on /Users/naga/Desktop/public-health-etl-pipeline/airflow/dags/public_health_dag.py
[2026-06-21T21:52:51.722-0500] {processor.py:830} INFO - Processing file /Users/naga/Desktop/public-health-etl-pipeline/airflow/dags/public_health_dag.py for tasks to queue
[2026-06-21T21:52:51.723-0500] {logging_mixin.py:188} INFO - [2026-06-21T21:52:51.723-0500] {dagbag.py:545} INFO - Filling up the DagBag from /Users/naga/Desktop/public-health-etl-pipeline/airflow/dags/public_health_dag.py
[2026-06-21T21:52:52.537-0500] {processor.py:840} INFO - DAG(s) 'public_health_pipeline' retrieved from /Users/naga/Desktop/public-health-etl-pipeline/airflow/dags/public_health_dag.py
[2026-06-21T21:52:52.611-0500] {logging_mixin.py:188} INFO - [2026-06-21T21:52:52.610-0500] {dag.py:3089} INFO - Sync 1 DAGs
[2026-06-21T21:52:52.625-0500] {logging_mixin.py:188} INFO - [2026-06-21T21:52:52.624-0500] {dag.py:3947} INFO - Setting next_dagrun for public_health_pipeline to 2026-06-14 00:00:00+00:00, run_after=2026-06-21 00:00:00+00:00
[2026-06-21T21:52:52.638-0500] {processor.py:183} INFO - Processing /Users/naga/Desktop/public-health-etl-pipeline/airflow/dags/public_health_dag.py took 0.919 seconds
[2026-06-21T21:54:35.667-0500] {processor.py:161} INFO - Started process (PID=65063) to work on /Users/naga/Desktop/public-health-etl-pipeline/airflow/dags/public_health_dag.py
[2026-06-21T21:54:35.669-0500] {processor.py:830} INFO - Processing file /Users/naga/Desktop/public-health-etl-pipeline/airflow/dags/public_health_dag.py for tasks to queue
[2026-06-21T21:54:35.670-0500] {logging_mixin.py:188} INFO - [2026-06-21T21:54:35.669-0500] {dagbag.py:545} INFO - Filling up the DagBag from /Users/naga/Desktop/public-health-etl-pipeline/airflow/dags/public_health_dag.py
[2026-06-21T21:54:38.324-0500] {processor.py:840} INFO - DAG(s) 'public_health_pipeline' retrieved from /Users/naga/Desktop/public-health-etl-pipeline/airflow/dags/public_health_dag.py
[2026-06-21T21:54:38.441-0500] {logging_mixin.py:188} INFO - [2026-06-21T21:54:38.441-0500] {dag.py:3089} INFO - Sync 1 DAGs
[2026-06-21T21:54:38.459-0500] {logging_mixin.py:188} INFO - [2026-06-21T21:54:38.458-0500] {dag.py:3947} INFO - Setting next_dagrun for public_health_pipeline to 2026-06-14 00:00:00+00:00, run_after=2026-06-21 00:00:00+00:00
[2026-06-21T21:54:38.476-0500] {processor.py:183} INFO - Processing /Users/naga/Desktop/public-health-etl-pipeline/airflow/dags/public_health_dag.py took 2.813 seconds
[2026-06-21T21:56:21.792-0500] {processor.py:161} INFO - Started process (PID=65458) to work on /Users/naga/Desktop/public-health-etl-pipeline/airflow/dags/public_health_dag.py
[2026-06-21T21:56:21.793-0500] {processor.py:830} INFO - Processing file /Users/naga/Desktop/public-health-etl-pipeline/airflow/dags/public_health_dag.py for tasks to queue
[2026-06-21T21:56:21.793-0500] {logging_mixin.py:188} INFO - [2026-06-21T21:56:21.793-0500] {dagbag.py:545} INFO - Filling up the DagBag from /Users/naga/Desktop/public-health-etl-pipeline/airflow/dags/public_health_dag.py
[2026-06-21T21:56:22.583-0500] {processor.py:840} INFO - DAG(s) 'public_health_pipeline' retrieved from /Users/naga/Desktop/public-health-etl-pipeline/airflow/dags/public_health_dag.py
[2026-06-21T21:56:22.656-0500] {logging_mixin.py:188} INFO - [2026-06-21T21:56:22.655-0500] {dag.py:3089} INFO - Sync 1 DAGs
[2026-06-21T21:56:22.670-0500] {logging_mixin.py:188} INFO - [2026-06-21T21:56:22.670-0500] {dag.py:3947} INFO - Setting next_dagrun for public_health_pipeline to 2026-06-14 00:00:00+00:00, run_after=2026-06-21 00:00:00+00:00
[2026-06-21T21:56:22.684-0500] {processor.py:183} INFO - Processing /Users/naga/Desktop/public-health-etl-pipeline/airflow/dags/public_health_dag.py took 0.894 seconds
