[2026-06-21T14:43:35.932-0500] {processor.py:161} INFO - Started process (PID=54256) to work on /Users/naga/Desktop/airflow_env/lib/python3.12/site-packages/airflow/example_dags/plugins/listener_plugin.py
[2026-06-21T14:43:35.934-0500] {processor.py:830} INFO - Processing file /Users/naga/Desktop/airflow_env/lib/python3.12/site-packages/airflow/example_dags/plugins/listener_plugin.py for tasks to queue
[2026-06-21T14:43:35.934-0500] {logging_mixin.py:188} INFO - [2026-06-21T14:43:35.934-0500] {dagbag.py:545} INFO - Filling up the DagBag from /Users/naga/Desktop/airflow_env/lib/python3.12/site-packages/airflow/example_dags/plugins/listener_plugin.py
[2026-06-21T14:43:35.936-0500] {processor.py:842} WARNING - No viable dags retrieved from /Users/naga/Desktop/airflow_env/lib/python3.12/site-packages/airflow/example_dags/plugins/listener_plugin.py
[2026-06-21T14:43:36.012-0500] {processor.py:183} INFO - Processing /Users/naga/Desktop/airflow_env/lib/python3.12/site-packages/airflow/example_dags/plugins/listener_plugin.py took 0.095 seconds
[2026-06-21T14:45:50.185-0500] {processor.py:161} INFO - Started process (PID=54370) to work on /Users/naga/Desktop/airflow_env/lib/python3.12/site-packages/airflow/example_dags/plugins/listener_plugin.py
[2026-06-21T14:45:50.187-0500] {processor.py:830} INFO - Processing file /Users/naga/Desktop/airflow_env/lib/python3.12/site-packages/airflow/example_dags/plugins/listener_plugin.py for tasks to queue
[2026-06-21T14:45:50.187-0500] {logging_mixin.py:188} INFO - [2026-06-21T14:45:50.187-0500] {dagbag.py:545} INFO - Filling up the DagBag from /Users/naga/Desktop/airflow_env/lib/python3.12/site-packages/airflow/example_dags/plugins/listener_plugin.py
[2026-06-21T14:45:50.190-0500] {processor.py:842} WARNING - No viable dags retrieved from /Users/naga/Desktop/airflow_env/lib/python3.12/site-packages/airflow/example_dags/plugins/listener_plugin.py
[2026-06-21T14:45:50.253-0500] {processor.py:183} INFO - Processing /Users/naga/Desktop/airflow_env/lib/python3.12/site-packages/airflow/example_dags/plugins/listener_plugin.py took 0.071 seconds
[2026-06-21T14:47:24.029-0500] {processor.py:161} INFO - Started process (PID=54456) to work on /Users/naga/Desktop/airflow_env/lib/python3.12/site-packages/airflow/example_dags/plugins/listener_plugin.py
[2026-06-21T14:47:24.030-0500] {processor.py:830} INFO - Processing file /Users/naga/Desktop/airflow_env/lib/python3.12/site-packages/airflow/example_dags/plugins/listener_plugin.py for tasks to queue
[2026-06-21T14:47:24.030-0500] {logging_mixin.py:188} INFO - [2026-06-21T14:47:24.030-0500] {dagbag.py:545} INFO - Filling up the DagBag from /Users/naga/Desktop/airflow_env/lib/python3.12/site-packages/airflow/example_dags/plugins/listener_plugin.py
[2026-06-21T14:47:24.033-0500] {processor.py:842} WARNING - No viable dags retrieved from /Users/naga/Desktop/airflow_env/lib/python3.12/site-packages/airflow/example_dags/plugins/listener_plugin.py
[2026-06-21T14:47:24.097-0500] {processor.py:183} INFO - Processing /Users/naga/Desktop/airflow_env/lib/python3.12/site-packages/airflow/example_dags/plugins/listener_plugin.py took 0.070 seconds
[2026-06-21T14:48:55.142-0500] {processor.py:161} INFO - Started process (PID=54592) to work on /Users/naga/Desktop/airflow_env/lib/python3.12/site-packages/airflow/example_dags/plugins/listener_plugin.py
[2026-06-21T14:48:55.144-0500] {processor.py:830} INFO - Processing file /Users/naga/Desktop/airflow_env/lib/python3.12/site-packages/airflow/example_dags/plugins/listener_plugin.py for tasks to queue
[2026-06-21T14:48:55.144-0500] {logging_mixin.py:188} INFO - [2026-06-21T14:48:55.144-0500] {dagbag.py:545} INFO - Filling up the DagBag from /Users/naga/Desktop/airflow_env/lib/python3.12/site-packages/airflow/example_dags/plugins/listener_plugin.py
[2026-06-21T14:48:55.146-0500] {processor.py:842} WARNING - No viable dags retrieved from /Users/naga/Desktop/airflow_env/lib/python3.12/site-packages/airflow/example_dags/plugins/listener_plugin.py
[2026-06-21T14:48:55.211-0500] {processor.py:183} INFO - Processing /Users/naga/Desktop/airflow_env/lib/python3.12/site-packages/airflow/example_dags/plugins/listener_plugin.py took 0.071 seconds
[2026-06-21T14:50:23.790-0500] {processor.py:161} INFO - Started process (PID=54668) to work on /Users/naga/Desktop/airflow_env/lib/python3.12/site-packages/airflow/example_dags/plugins/listener_plugin.py
[2026-06-21T14:50:23.792-0500] {processor.py:830} INFO - Processing file /Users/naga/Desktop/airflow_env/lib/python3.12/site-packages/airflow/example_dags/plugins/listener_plugin.py for tasks to queue
[2026-06-21T14:50:23.793-0500] {logging_mixin.py:188} INFO - [2026-06-21T14:50:23.793-0500] {dagbag.py:545} INFO - Filling up the DagBag from /Users/naga/Desktop/airflow_env/lib/python3.12/site-packages/airflow/example_dags/plugins/listener_plugin.py
[2026-06-21T14:50:23.795-0500] {processor.py:842} WARNING - No viable dags retrieved from /Users/naga/Desktop/airflow_env/lib/python3.12/site-packages/airflow/example_dags/plugins/listener_plugin.py
[2026-06-21T14:50:23.858-0500] {processor.py:183} INFO - Processing /Users/naga/Desktop/airflow_env/lib/python3.12/site-packages/airflow/example_dags/plugins/listener_plugin.py took 0.070 seconds
[2026-06-21T14:51:52.128-0500] {processor.py:161} INFO - Started process (PID=54724) to work on /Users/naga/Desktop/airflow_env/lib/python3.12/site-packages/airflow/example_dags/plugins/listener_plugin.py
[2026-06-21T14:51:52.129-0500] {processor.py:830} INFO - Processing file /Users/naga/Desktop/airflow_env/lib/python3.12/site-packages/airflow/example_dags/plugins/listener_plugin.py for tasks to queue
[2026-06-21T14:51:52.130-0500] {logging_mixin.py:188} INFO - [2026-06-21T14:51:52.130-0500] {dagbag.py:545} INFO - Filling up the DagBag from /Users/naga/Desktop/airflow_env/lib/python3.12/site-packages/airflow/example_dags/plugins/listener_plugin.py
[2026-06-21T14:51:52.133-0500] {processor.py:842} WARNING - No viable dags retrieved from /Users/naga/Desktop/airflow_env/lib/python3.12/site-packages/airflow/example_dags/plugins/listener_plugin.py
[2026-06-21T14:51:52.201-0500] {processor.py:183} INFO - Processing /Users/naga/Desktop/airflow_env/lib/python3.12/site-packages/airflow/example_dags/plugins/listener_plugin.py took 0.075 seconds
[2026-06-21T14:53:19.410-0500] {processor.py:161} INFO - Started process (PID=54804) to work on /Users/naga/Desktop/airflow_env/lib/python3.12/site-packages/airflow/example_dags/plugins/listener_plugin.py
[2026-06-21T14:53:19.412-0500] {processor.py:830} INFO - Processing file /Users/naga/Desktop/airflow_env/lib/python3.12/site-packages/airflow/example_dags/plugins/listener_plugin.py for tasks to queue
[2026-06-21T14:53:19.412-0500] {logging_mixin.py:188} INFO - [2026-06-21T14:53:19.412-0500] {dagbag.py:545} INFO - Filling up the DagBag from /Users/naga/Desktop/airflow_env/lib/python3.12/site-packages/airflow/example_dags/plugins/listener_plugin.py
[2026-06-21T14:53:19.415-0500] {processor.py:842} WARNING - No viable dags retrieved from /Users/naga/Desktop/airflow_env/lib/python3.12/site-packages/airflow/example_dags/plugins/listener_plugin.py
[2026-06-21T14:53:19.481-0500] {processor.py:183} INFO - Processing /Users/naga/Desktop/airflow_env/lib/python3.12/site-packages/airflow/example_dags/plugins/listener_plugin.py took 0.073 seconds
[2026-06-21T14:54:50.684-0500] {processor.py:161} INFO - Started process (PID=54955) to work on /Users/naga/Desktop/airflow_env/lib/python3.12/site-packages/airflow/example_dags/plugins/listener_plugin.py
[2026-06-21T14:54:50.685-0500] {processor.py:830} INFO - Processing file /Users/naga/Desktop/airflow_env/lib/python3.12/site-packages/airflow/example_dags/plugins/listener_plugin.py for tasks to queue
[2026-06-21T14:54:50.686-0500] {logging_mixin.py:188} INFO - [2026-06-21T14:54:50.686-0500] {dagbag.py:545} INFO - Filling up the DagBag from /Users/naga/Desktop/airflow_env/lib/python3.12/site-packages/airflow/example_dags/plugins/listener_plugin.py
[2026-06-21T14:54:50.689-0500] {processor.py:842} WARNING - No viable dags retrieved from /Users/naga/Desktop/airflow_env/lib/python3.12/site-packages/airflow/example_dags/plugins/listener_plugin.py
[2026-06-21T14:54:50.753-0500] {processor.py:183} INFO - Processing /Users/naga/Desktop/airflow_env/lib/python3.12/site-packages/airflow/example_dags/plugins/listener_plugin.py took 0.071 seconds
[2026-06-21T14:56:25.323-0500] {processor.py:161} INFO - Started process (PID=55161) to work on /Users/naga/Desktop/airflow_env/lib/python3.12/site-packages/airflow/example_dags/plugins/listener_plugin.py
[2026-06-21T14:56:25.324-0500] {processor.py:830} INFO - Processing file /Users/naga/Desktop/airflow_env/lib/python3.12/site-packages/airflow/example_dags/plugins/listener_plugin.py for tasks to queue
[2026-06-21T14:56:25.325-0500] {logging_mixin.py:188} INFO - [2026-06-21T14:56:25.325-0500] {dagbag.py:545} INFO - Filling up the DagBag from /Users/naga/Desktop/airflow_env/lib/python3.12/site-packages/airflow/example_dags/plugins/listener_plugin.py
[2026-06-21T14:56:25.327-0500] {processor.py:842} WARNING - No viable dags retrieved from /Users/naga/Desktop/airflow_env/lib/python3.12/site-packages/airflow/example_dags/plugins/listener_plugin.py
[2026-06-21T14:56:25.393-0500] {processor.py:183} INFO - Processing /Users/naga/Desktop/airflow_env/lib/python3.12/site-packages/airflow/example_dags/plugins/listener_plugin.py took 0.072 seconds
[2026-06-21T14:57:59.370-0500] {processor.py:161} INFO - Started process (PID=55257) to work on /Users/naga/Desktop/airflow_env/lib/python3.12/site-packages/airflow/example_dags/plugins/listener_plugin.py
[2026-06-21T14:57:59.372-0500] {processor.py:830} INFO - Processing file /Users/naga/Desktop/airflow_env/lib/python3.12/site-packages/airflow/example_dags/plugins/listener_plugin.py for tasks to queue
[2026-06-21T14:57:59.372-0500] {logging_mixin.py:188} INFO - [2026-06-21T14:57:59.372-0500] {dagbag.py:545} INFO - Filling up the DagBag from /Users/naga/Desktop/airflow_env/lib/python3.12/site-packages/airflow/example_dags/plugins/listener_plugin.py
[2026-06-21T14:57:59.375-0500] {processor.py:842} WARNING - No viable dags retrieved from /Users/naga/Desktop/airflow_env/lib/python3.12/site-packages/airflow/example_dags/plugins/listener_plugin.py
[2026-06-21T14:57:59.444-0500] {processor.py:183} INFO - Processing /Users/naga/Desktop/airflow_env/lib/python3.12/site-packages/airflow/example_dags/plugins/listener_plugin.py took 0.076 seconds
[2026-06-21T14:59:35.104-0500] {processor.py:161} INFO - Started process (PID=55351) to work on /Users/naga/Desktop/airflow_env/lib/python3.12/site-packages/airflow/example_dags/plugins/listener_plugin.py
[2026-06-21T14:59:35.106-0500] {processor.py:830} INFO - Processing file /Users/naga/Desktop/airflow_env/lib/python3.12/site-packages/airflow/example_dags/plugins/listener_plugin.py for tasks to queue
[2026-06-21T14:59:35.106-0500] {logging_mixin.py:188} INFO - [2026-06-21T14:59:35.106-0500] {dagbag.py:545} INFO - Filling up the DagBag from /Users/naga/Desktop/airflow_env/lib/python3.12/site-packages/airflow/example_dags/plugins/listener_plugin.py
[2026-06-21T14:59:35.108-0500] {processor.py:842} WARNING - No viable dags retrieved from /Users/naga/Desktop/airflow_env/lib/python3.12/site-packages/airflow/example_dags/plugins/listener_plugin.py
[2026-06-21T14:59:35.172-0500] {processor.py:183} INFO - Processing /Users/naga/Desktop/airflow_env/lib/python3.12/site-packages/airflow/example_dags/plugins/listener_plugin.py took 0.069 seconds
[2026-06-21T15:01:14.226-0500] {processor.py:161} INFO - Started process (PID=55439) to work on /Users/naga/Desktop/airflow_env/lib/python3.12/site-packages/airflow/example_dags/plugins/listener_plugin.py
[2026-06-21T15:01:14.227-0500] {processor.py:830} INFO - Processing file /Users/naga/Desktop/airflow_env/lib/python3.12/site-packages/airflow/example_dags/plugins/listener_plugin.py for tasks to queue
[2026-06-21T15:01:14.228-0500] {logging_mixin.py:188} INFO - [2026-06-21T15:01:14.228-0500] {dagbag.py:545} INFO - Filling up the DagBag from /Users/naga/Desktop/airflow_env/lib/python3.12/site-packages/airflow/example_dags/plugins/listener_plugin.py
[2026-06-21T15:01:14.230-0500] {processor.py:842} WARNING - No viable dags retrieved from /Users/naga/Desktop/airflow_env/lib/python3.12/site-packages/airflow/example_dags/plugins/listener_plugin.py
[2026-06-21T15:01:14.294-0500] {processor.py:183} INFO - Processing /Users/naga/Desktop/airflow_env/lib/python3.12/site-packages/airflow/example_dags/plugins/listener_plugin.py took 0.071 seconds
[2026-06-21T15:02:45.011-0500] {processor.py:161} INFO - Started process (PID=55502) to work on /Users/naga/Desktop/airflow_env/lib/python3.12/site-packages/airflow/example_dags/plugins/listener_plugin.py
[2026-06-21T15:02:45.013-0500] {processor.py:830} INFO - Processing file /Users/naga/Desktop/airflow_env/lib/python3.12/site-packages/airflow/example_dags/plugins/listener_plugin.py for tasks to queue
[2026-06-21T15:02:45.013-0500] {logging_mixin.py:188} INFO - [2026-06-21T15:02:45.013-0500] {dagbag.py:545} INFO - Filling up the DagBag from /Users/naga/Desktop/airflow_env/lib/python3.12/site-packages/airflow/example_dags/plugins/listener_plugin.py
[2026-06-21T15:02:45.015-0500] {processor.py:842} WARNING - No viable dags retrieved from /Users/naga/Desktop/airflow_env/lib/python3.12/site-packages/airflow/example_dags/plugins/listener_plugin.py
[2026-06-21T15:02:45.077-0500] {processor.py:183} INFO - Processing /Users/naga/Desktop/airflow_env/lib/python3.12/site-packages/airflow/example_dags/plugins/listener_plugin.py took 0.068 seconds
[2026-06-21T15:04:18.123-0500] {processor.py:161} INFO - Started process (PID=55580) to work on /Users/naga/Desktop/airflow_env/lib/python3.12/site-packages/airflow/example_dags/plugins/listener_plugin.py
[2026-06-21T15:04:18.124-0500] {processor.py:830} INFO - Processing file /Users/naga/Desktop/airflow_env/lib/python3.12/site-packages/airflow/example_dags/plugins/listener_plugin.py for tasks to queue
[2026-06-21T15:04:18.125-0500] {logging_mixin.py:188} INFO - [2026-06-21T15:04:18.124-0500] {dagbag.py:545} INFO - Filling up the DagBag from /Users/naga/Desktop/airflow_env/lib/python3.12/site-packages/airflow/example_dags/plugins/listener_plugin.py
[2026-06-21T15:04:18.127-0500] {processor.py:842} WARNING - No viable dags retrieved from /Users/naga/Desktop/airflow_env/lib/python3.12/site-packages/airflow/example_dags/plugins/listener_plugin.py
[2026-06-21T15:04:18.190-0500] {processor.py:183} INFO - Processing /Users/naga/Desktop/airflow_env/lib/python3.12/site-packages/airflow/example_dags/plugins/listener_plugin.py took 0.070 seconds
[2026-06-21T15:05:46.908-0500] {processor.py:161} INFO - Started process (PID=55647) to work on /Users/naga/Desktop/airflow_env/lib/python3.12/site-packages/airflow/example_dags/plugins/listener_plugin.py
[2026-06-21T15:05:46.909-0500] {processor.py:830} INFO - Processing file /Users/naga/Desktop/airflow_env/lib/python3.12/site-packages/airflow/example_dags/plugins/listener_plugin.py for tasks to queue
[2026-06-21T15:05:46.910-0500] {logging_mixin.py:188} INFO - [2026-06-21T15:05:46.910-0500] {dagbag.py:545} INFO - Filling up the DagBag from /Users/naga/Desktop/airflow_env/lib/python3.12/site-packages/airflow/example_dags/plugins/listener_plugin.py
[2026-06-21T15:05:46.912-0500] {processor.py:842} WARNING - No viable dags retrieved from /Users/naga/Desktop/airflow_env/lib/python3.12/site-packages/airflow/example_dags/plugins/listener_plugin.py
[2026-06-21T15:05:46.976-0500] {processor.py:183} INFO - Processing /Users/naga/Desktop/airflow_env/lib/python3.12/site-packages/airflow/example_dags/plugins/listener_plugin.py took 0.070 seconds
[2026-06-21T15:07:23.722-0500] {processor.py:161} INFO - Started process (PID=55723) to work on /Users/naga/Desktop/airflow_env/lib/python3.12/site-packages/airflow/example_dags/plugins/listener_plugin.py
[2026-06-21T15:07:23.723-0500] {processor.py:830} INFO - Processing file /Users/naga/Desktop/airflow_env/lib/python3.12/site-packages/airflow/example_dags/plugins/listener_plugin.py for tasks to queue
[2026-06-21T15:07:23.723-0500] {logging_mixin.py:188} INFO - [2026-06-21T15:07:23.723-0500] {dagbag.py:545} INFO - Filling up the DagBag from /Users/naga/Desktop/airflow_env/lib/python3.12/site-packages/airflow/example_dags/plugins/listener_plugin.py
[2026-06-21T15:07:23.726-0500] {processor.py:842} WARNING - No viable dags retrieved from /Users/naga/Desktop/airflow_env/lib/python3.12/site-packages/airflow/example_dags/plugins/listener_plugin.py
[2026-06-21T15:07:23.787-0500] {processor.py:183} INFO - Processing /Users/naga/Desktop/airflow_env/lib/python3.12/site-packages/airflow/example_dags/plugins/listener_plugin.py took 0.068 seconds
[2026-06-21T15:08:56.206-0500] {processor.py:161} INFO - Started process (PID=55794) to work on /Users/naga/Desktop/airflow_env/lib/python3.12/site-packages/airflow/example_dags/plugins/listener_plugin.py
[2026-06-21T15:08:56.207-0500] {processor.py:830} INFO - Processing file /Users/naga/Desktop/airflow_env/lib/python3.12/site-packages/airflow/example_dags/plugins/listener_plugin.py for tasks to queue
[2026-06-21T15:08:56.208-0500] {logging_mixin.py:188} INFO - [2026-06-21T15:08:56.207-0500] {dagbag.py:545} INFO - Filling up the DagBag from /Users/naga/Desktop/airflow_env/lib/python3.12/site-packages/airflow/example_dags/plugins/listener_plugin.py
[2026-06-21T15:08:56.210-0500] {processor.py:842} WARNING - No viable dags retrieved from /Users/naga/Desktop/airflow_env/lib/python3.12/site-packages/airflow/example_dags/plugins/listener_plugin.py
[2026-06-21T15:08:56.272-0500] {processor.py:183} INFO - Processing /Users/naga/Desktop/airflow_env/lib/python3.12/site-packages/airflow/example_dags/plugins/listener_plugin.py took 0.069 seconds
[2026-06-21T15:10:29.078-0500] {processor.py:161} INFO - Started process (PID=55844) to work on /Users/naga/Desktop/airflow_env/lib/python3.12/site-packages/airflow/example_dags/plugins/listener_plugin.py
[2026-06-21T15:10:29.079-0500] {processor.py:830} INFO - Processing file /Users/naga/Desktop/airflow_env/lib/python3.12/site-packages/airflow/example_dags/plugins/listener_plugin.py for tasks to queue
[2026-06-21T15:10:29.080-0500] {logging_mixin.py:188} INFO - [2026-06-21T15:10:29.080-0500] {dagbag.py:545} INFO - Filling up the DagBag from /Users/naga/Desktop/airflow_env/lib/python3.12/site-packages/airflow/example_dags/plugins/listener_plugin.py
[2026-06-21T15:10:29.082-0500] {processor.py:842} WARNING - No viable dags retrieved from /Users/naga/Desktop/airflow_env/lib/python3.12/site-packages/airflow/example_dags/plugins/listener_plugin.py
[2026-06-21T15:10:29.148-0500] {processor.py:183} INFO - Processing /Users/naga/Desktop/airflow_env/lib/python3.12/site-packages/airflow/example_dags/plugins/listener_plugin.py took 0.072 seconds
[2026-06-21T15:12:02.958-0500] {processor.py:161} INFO - Started process (PID=55932) to work on /Users/naga/Desktop/airflow_env/lib/python3.12/site-packages/airflow/example_dags/plugins/listener_plugin.py
[2026-06-21T15:12:02.959-0500] {processor.py:830} INFO - Processing file /Users/naga/Desktop/airflow_env/lib/python3.12/site-packages/airflow/example_dags/plugins/listener_plugin.py for tasks to queue
[2026-06-21T15:12:02.960-0500] {logging_mixin.py:188} INFO - [2026-06-21T15:12:02.960-0500] {dagbag.py:545} INFO - Filling up the DagBag from /Users/naga/Desktop/airflow_env/lib/python3.12/site-packages/airflow/example_dags/plugins/listener_plugin.py
[2026-06-21T15:12:02.962-0500] {processor.py:842} WARNING - No viable dags retrieved from /Users/naga/Desktop/airflow_env/lib/python3.12/site-packages/airflow/example_dags/plugins/listener_plugin.py
[2026-06-21T15:12:03.025-0500] {processor.py:183} INFO - Processing /Users/naga/Desktop/airflow_env/lib/python3.12/site-packages/airflow/example_dags/plugins/listener_plugin.py took 0.069 seconds
[2026-06-21T15:13:36.386-0500] {processor.py:161} INFO - Started process (PID=56138) to work on /Users/naga/Desktop/airflow_env/lib/python3.12/site-packages/airflow/example_dags/plugins/listener_plugin.py
[2026-06-21T15:13:36.387-0500] {processor.py:830} INFO - Processing file /Users/naga/Desktop/airflow_env/lib/python3.12/site-packages/airflow/example_dags/plugins/listener_plugin.py for tasks to queue
[2026-06-21T15:13:36.387-0500] {logging_mixin.py:188} INFO - [2026-06-21T15:13:36.387-0500] {dagbag.py:545} INFO - Filling up the DagBag from /Users/naga/Desktop/airflow_env/lib/python3.12/site-packages/airflow/example_dags/plugins/listener_plugin.py
[2026-06-21T15:13:36.388-0500] {processor.py:842} WARNING - No viable dags retrieved from /Users/naga/Desktop/airflow_env/lib/python3.12/site-packages/airflow/example_dags/plugins/listener_plugin.py
[2026-06-21T15:13:36.425-0500] {processor.py:183} INFO - Processing /Users/naga/Desktop/airflow_env/lib/python3.12/site-packages/airflow/example_dags/plugins/listener_plugin.py took 0.041 seconds
[2026-06-21T15:14:47.716-0500] {processor.py:161} INFO - Started process (PID=56214) to work on /Users/naga/Desktop/airflow_env/lib/python3.12/site-packages/airflow/example_dags/plugins/listener_plugin.py
[2026-06-21T15:14:47.716-0500] {processor.py:830} INFO - Processing file /Users/naga/Desktop/airflow_env/lib/python3.12/site-packages/airflow/example_dags/plugins/listener_plugin.py for tasks to queue
[2026-06-21T15:14:47.717-0500] {logging_mixin.py:188} INFO - [2026-06-21T15:14:47.717-0500] {dagbag.py:545} INFO - Filling up the DagBag from /Users/naga/Desktop/airflow_env/lib/python3.12/site-packages/airflow/example_dags/plugins/listener_plugin.py
[2026-06-21T15:14:47.718-0500] {processor.py:842} WARNING - No viable dags retrieved from /Users/naga/Desktop/airflow_env/lib/python3.12/site-packages/airflow/example_dags/plugins/listener_plugin.py
[2026-06-21T15:14:47.755-0500] {processor.py:183} INFO - Processing /Users/naga/Desktop/airflow_env/lib/python3.12/site-packages/airflow/example_dags/plugins/listener_plugin.py took 0.040 seconds
[2026-06-21T15:30:50.460-0500] {processor.py:161} INFO - Started process (PID=56362) to work on /Users/naga/Desktop/airflow_env/lib/python3.12/site-packages/airflow/example_dags/plugins/listener_plugin.py
[2026-06-21T15:30:50.461-0500] {processor.py:830} INFO - Processing file /Users/naga/Desktop/airflow_env/lib/python3.12/site-packages/airflow/example_dags/plugins/listener_plugin.py for tasks to queue
[2026-06-21T15:30:50.461-0500] {logging_mixin.py:188} INFO - [2026-06-21T15:30:50.461-0500] {dagbag.py:545} INFO - Filling up the DagBag from /Users/naga/Desktop/airflow_env/lib/python3.12/site-packages/airflow/example_dags/plugins/listener_plugin.py
[2026-06-21T15:30:50.463-0500] {processor.py:842} WARNING - No viable dags retrieved from /Users/naga/Desktop/airflow_env/lib/python3.12/site-packages/airflow/example_dags/plugins/listener_plugin.py
[2026-06-21T15:30:50.500-0500] {processor.py:183} INFO - Processing /Users/naga/Desktop/airflow_env/lib/python3.12/site-packages/airflow/example_dags/plugins/listener_plugin.py took 0.041 seconds
[2026-06-21T15:32:31.802-0500] {processor.py:161} INFO - Started process (PID=56577) to work on /Users/naga/Desktop/airflow_env/lib/python3.12/site-packages/airflow/example_dags/plugins/listener_plugin.py
[2026-06-21T15:32:31.802-0500] {processor.py:830} INFO - Processing file /Users/naga/Desktop/airflow_env/lib/python3.12/site-packages/airflow/example_dags/plugins/listener_plugin.py for tasks to queue
[2026-06-21T15:32:31.803-0500] {logging_mixin.py:188} INFO - [2026-06-21T15:32:31.803-0500] {dagbag.py:545} INFO - Filling up the DagBag from /Users/naga/Desktop/airflow_env/lib/python3.12/site-packages/airflow/example_dags/plugins/listener_plugin.py
[2026-06-21T15:32:31.805-0500] {processor.py:842} WARNING - No viable dags retrieved from /Users/naga/Desktop/airflow_env/lib/python3.12/site-packages/airflow/example_dags/plugins/listener_plugin.py
[2026-06-21T15:32:31.846-0500] {processor.py:183} INFO - Processing /Users/naga/Desktop/airflow_env/lib/python3.12/site-packages/airflow/example_dags/plugins/listener_plugin.py took 0.046 seconds
[2026-06-21T15:33:47.455-0500] {processor.py:161} INFO - Started process (PID=56687) to work on /Users/naga/Desktop/airflow_env/lib/python3.12/site-packages/airflow/example_dags/plugins/listener_plugin.py
[2026-06-21T15:33:47.456-0500] {processor.py:830} INFO - Processing file /Users/naga/Desktop/airflow_env/lib/python3.12/site-packages/airflow/example_dags/plugins/listener_plugin.py for tasks to queue
[2026-06-21T15:33:47.456-0500] {logging_mixin.py:188} INFO - [2026-06-21T15:33:47.456-0500] {dagbag.py:545} INFO - Filling up the DagBag from /Users/naga/Desktop/airflow_env/lib/python3.12/site-packages/airflow/example_dags/plugins/listener_plugin.py
[2026-06-21T15:33:47.458-0500] {processor.py:842} WARNING - No viable dags retrieved from /Users/naga/Desktop/airflow_env/lib/python3.12/site-packages/airflow/example_dags/plugins/listener_plugin.py
[2026-06-21T15:33:47.495-0500] {processor.py:183} INFO - Processing /Users/naga/Desktop/airflow_env/lib/python3.12/site-packages/airflow/example_dags/plugins/listener_plugin.py took 0.042 seconds
[2026-06-21T15:34:52.556-0500] {processor.py:161} INFO - Started process (PID=56781) to work on /Users/naga/Desktop/airflow_env/lib/python3.12/site-packages/airflow/example_dags/plugins/listener_plugin.py
[2026-06-21T15:34:52.557-0500] {processor.py:830} INFO - Processing file /Users/naga/Desktop/airflow_env/lib/python3.12/site-packages/airflow/example_dags/plugins/listener_plugin.py for tasks to queue
[2026-06-21T15:34:52.557-0500] {logging_mixin.py:188} INFO - [2026-06-21T15:34:52.557-0500] {dagbag.py:545} INFO - Filling up the DagBag from /Users/naga/Desktop/airflow_env/lib/python3.12/site-packages/airflow/example_dags/plugins/listener_plugin.py
[2026-06-21T15:34:52.559-0500] {processor.py:842} WARNING - No viable dags retrieved from /Users/naga/Desktop/airflow_env/lib/python3.12/site-packages/airflow/example_dags/plugins/listener_plugin.py
[2026-06-21T15:34:52.595-0500] {processor.py:183} INFO - Processing /Users/naga/Desktop/airflow_env/lib/python3.12/site-packages/airflow/example_dags/plugins/listener_plugin.py took 0.041 seconds
[2026-06-21T15:35:51.846-0500] {processor.py:161} INFO - Started process (PID=56833) to work on /Users/naga/Desktop/airflow_env/lib/python3.12/site-packages/airflow/example_dags/plugins/listener_plugin.py
[2026-06-21T15:35:51.847-0500] {processor.py:830} INFO - Processing file /Users/naga/Desktop/airflow_env/lib/python3.12/site-packages/airflow/example_dags/plugins/listener_plugin.py for tasks to queue
[2026-06-21T15:35:51.848-0500] {logging_mixin.py:188} INFO - [2026-06-21T15:35:51.848-0500] {dagbag.py:545} INFO - Filling up the DagBag from /Users/naga/Desktop/airflow_env/lib/python3.12/site-packages/airflow/example_dags/plugins/listener_plugin.py
[2026-06-21T15:35:51.848-0500] {processor.py:842} WARNING - No viable dags retrieved from /Users/naga/Desktop/airflow_env/lib/python3.12/site-packages/airflow/example_dags/plugins/listener_plugin.py
[2026-06-21T15:35:51.885-0500] {processor.py:183} INFO - Processing /Users/naga/Desktop/airflow_env/lib/python3.12/site-packages/airflow/example_dags/plugins/listener_plugin.py took 0.040 seconds
[2026-06-21T15:36:50.427-0500] {processor.py:161} INFO - Started process (PID=56910) to work on /Users/naga/Desktop/airflow_env/lib/python3.12/site-packages/airflow/example_dags/plugins/listener_plugin.py
[2026-06-21T15:36:50.428-0500] {processor.py:830} INFO - Processing file /Users/naga/Desktop/airflow_env/lib/python3.12/site-packages/airflow/example_dags/plugins/listener_plugin.py for tasks to queue
[2026-06-21T15:36:50.428-0500] {logging_mixin.py:188} INFO - [2026-06-21T15:36:50.428-0500] {dagbag.py:545} INFO - Filling up the DagBag from /Users/naga/Desktop/airflow_env/lib/python3.12/site-packages/airflow/example_dags/plugins/listener_plugin.py
[2026-06-21T15:36:50.430-0500] {processor.py:842} WARNING - No viable dags retrieved from /Users/naga/Desktop/airflow_env/lib/python3.12/site-packages/airflow/example_dags/plugins/listener_plugin.py
[2026-06-21T15:36:50.466-0500] {processor.py:183} INFO - Processing /Users/naga/Desktop/airflow_env/lib/python3.12/site-packages/airflow/example_dags/plugins/listener_plugin.py took 0.040 seconds
[2026-06-21T15:37:52.626-0500] {processor.py:161} INFO - Started process (PID=56959) to work on /Users/naga/Desktop/airflow_env/lib/python3.12/site-packages/airflow/example_dags/plugins/listener_plugin.py
[2026-06-21T15:37:52.627-0500] {processor.py:830} INFO - Processing file /Users/naga/Desktop/airflow_env/lib/python3.12/site-packages/airflow/example_dags/plugins/listener_plugin.py for tasks to queue
[2026-06-21T15:37:52.627-0500] {logging_mixin.py:188} INFO - [2026-06-21T15:37:52.627-0500] {dagbag.py:545} INFO - Filling up the DagBag from /Users/naga/Desktop/airflow_env/lib/python3.12/site-packages/airflow/example_dags/plugins/listener_plugin.py
[2026-06-21T15:37:52.629-0500] {processor.py:842} WARNING - No viable dags retrieved from /Users/naga/Desktop/airflow_env/lib/python3.12/site-packages/airflow/example_dags/plugins/listener_plugin.py
[2026-06-21T15:37:52.665-0500] {processor.py:183} INFO - Processing /Users/naga/Desktop/airflow_env/lib/python3.12/site-packages/airflow/example_dags/plugins/listener_plugin.py took 0.041 seconds
[2026-06-21T15:38:55.874-0500] {processor.py:161} INFO - Started process (PID=57030) to work on /Users/naga/Desktop/airflow_env/lib/python3.12/site-packages/airflow/example_dags/plugins/listener_plugin.py
[2026-06-21T15:38:55.875-0500] {processor.py:830} INFO - Processing file /Users/naga/Desktop/airflow_env/lib/python3.12/site-packages/airflow/example_dags/plugins/listener_plugin.py for tasks to queue
[2026-06-21T15:38:55.876-0500] {logging_mixin.py:188} INFO - [2026-06-21T15:38:55.875-0500] {dagbag.py:545} INFO - Filling up the DagBag from /Users/naga/Desktop/airflow_env/lib/python3.12/site-packages/airflow/example_dags/plugins/listener_plugin.py
[2026-06-21T15:38:55.877-0500] {processor.py:842} WARNING - No viable dags retrieved from /Users/naga/Desktop/airflow_env/lib/python3.12/site-packages/airflow/example_dags/plugins/listener_plugin.py
[2026-06-21T15:38:55.914-0500] {processor.py:183} INFO - Processing /Users/naga/Desktop/airflow_env/lib/python3.12/site-packages/airflow/example_dags/plugins/listener_plugin.py took 0.042 seconds
[2026-06-21T15:39:57.742-0500] {processor.py:161} INFO - Started process (PID=57073) to work on /Users/naga/Desktop/airflow_env/lib/python3.12/site-packages/airflow/example_dags/plugins/listener_plugin.py
[2026-06-21T15:39:57.742-0500] {processor.py:830} INFO - Processing file /Users/naga/Desktop/airflow_env/lib/python3.12/site-packages/airflow/example_dags/plugins/listener_plugin.py for tasks to queue
[2026-06-21T15:39:57.743-0500] {logging_mixin.py:188} INFO - [2026-06-21T15:39:57.743-0500] {dagbag.py:545} INFO - Filling up the DagBag from /Users/naga/Desktop/airflow_env/lib/python3.12/site-packages/airflow/example_dags/plugins/listener_plugin.py
[2026-06-21T15:39:57.744-0500] {processor.py:842} WARNING - No viable dags retrieved from /Users/naga/Desktop/airflow_env/lib/python3.12/site-packages/airflow/example_dags/plugins/listener_plugin.py
[2026-06-21T15:39:57.781-0500] {processor.py:183} INFO - Processing /Users/naga/Desktop/airflow_env/lib/python3.12/site-packages/airflow/example_dags/plugins/listener_plugin.py took 0.041 seconds
[2026-06-21T15:40:59.427-0500] {processor.py:161} INFO - Started process (PID=57146) to work on /Users/naga/Desktop/airflow_env/lib/python3.12/site-packages/airflow/example_dags/plugins/listener_plugin.py
[2026-06-21T15:40:59.428-0500] {processor.py:830} INFO - Processing file /Users/naga/Desktop/airflow_env/lib/python3.12/site-packages/airflow/example_dags/plugins/listener_plugin.py for tasks to queue
[2026-06-21T15:40:59.428-0500] {logging_mixin.py:188} INFO - [2026-06-21T15:40:59.428-0500] {dagbag.py:545} INFO - Filling up the DagBag from /Users/naga/Desktop/airflow_env/lib/python3.12/site-packages/airflow/example_dags/plugins/listener_plugin.py
[2026-06-21T15:40:59.430-0500] {processor.py:842} WARNING - No viable dags retrieved from /Users/naga/Desktop/airflow_env/lib/python3.12/site-packages/airflow/example_dags/plugins/listener_plugin.py
[2026-06-21T15:40:59.467-0500] {processor.py:183} INFO - Processing /Users/naga/Desktop/airflow_env/lib/python3.12/site-packages/airflow/example_dags/plugins/listener_plugin.py took 0.041 seconds
[2026-06-21T15:42:01.661-0500] {processor.py:161} INFO - Started process (PID=57206) to work on /Users/naga/Desktop/airflow_env/lib/python3.12/site-packages/airflow/example_dags/plugins/listener_plugin.py
[2026-06-21T15:42:01.662-0500] {processor.py:830} INFO - Processing file /Users/naga/Desktop/airflow_env/lib/python3.12/site-packages/airflow/example_dags/plugins/listener_plugin.py for tasks to queue
[2026-06-21T15:42:01.663-0500] {logging_mixin.py:188} INFO - [2026-06-21T15:42:01.663-0500] {dagbag.py:545} INFO - Filling up the DagBag from /Users/naga/Desktop/airflow_env/lib/python3.12/site-packages/airflow/example_dags/plugins/listener_plugin.py
[2026-06-21T15:42:01.664-0500] {processor.py:842} WARNING - No viable dags retrieved from /Users/naga/Desktop/airflow_env/lib/python3.12/site-packages/airflow/example_dags/plugins/listener_plugin.py
[2026-06-21T15:42:01.701-0500] {processor.py:183} INFO - Processing /Users/naga/Desktop/airflow_env/lib/python3.12/site-packages/airflow/example_dags/plugins/listener_plugin.py took 0.041 seconds
[2026-06-21T15:43:01.947-0500] {processor.py:161} INFO - Started process (PID=57284) to work on /Users/naga/Desktop/airflow_env/lib/python3.12/site-packages/airflow/example_dags/plugins/listener_plugin.py
[2026-06-21T15:43:01.947-0500] {processor.py:830} INFO - Processing file /Users/naga/Desktop/airflow_env/lib/python3.12/site-packages/airflow/example_dags/plugins/listener_plugin.py for tasks to queue
[2026-06-21T15:43:01.948-0500] {logging_mixin.py:188} INFO - [2026-06-21T15:43:01.948-0500] {dagbag.py:545} INFO - Filling up the DagBag from /Users/naga/Desktop/airflow_env/lib/python3.12/site-packages/airflow/example_dags/plugins/listener_plugin.py
[2026-06-21T15:43:01.950-0500] {processor.py:842} WARNING - No viable dags retrieved from /Users/naga/Desktop/airflow_env/lib/python3.12/site-packages/airflow/example_dags/plugins/listener_plugin.py
[2026-06-21T15:43:01.987-0500] {processor.py:183} INFO - Processing /Users/naga/Desktop/airflow_env/lib/python3.12/site-packages/airflow/example_dags/plugins/listener_plugin.py took 0.042 seconds
[2026-06-21T15:44:05.782-0500] {processor.py:161} INFO - Started process (PID=57334) to work on /Users/naga/Desktop/airflow_env/lib/python3.12/site-packages/airflow/example_dags/plugins/listener_plugin.py
[2026-06-21T15:44:05.783-0500] {processor.py:830} INFO - Processing file /Users/naga/Desktop/airflow_env/lib/python3.12/site-packages/airflow/example_dags/plugins/listener_plugin.py for tasks to queue
[2026-06-21T15:44:05.783-0500] {logging_mixin.py:188} INFO - [2026-06-21T15:44:05.783-0500] {dagbag.py:545} INFO - Filling up the DagBag from /Users/naga/Desktop/airflow_env/lib/python3.12/site-packages/airflow/example_dags/plugins/listener_plugin.py
[2026-06-21T15:44:05.785-0500] {processor.py:842} WARNING - No viable dags retrieved from /Users/naga/Desktop/airflow_env/lib/python3.12/site-packages/airflow/example_dags/plugins/listener_plugin.py
[2026-06-21T15:44:05.821-0500] {processor.py:183} INFO - Processing /Users/naga/Desktop/airflow_env/lib/python3.12/site-packages/airflow/example_dags/plugins/listener_plugin.py took 0.040 seconds
[2026-06-21T15:45:08.527-0500] {processor.py:161} INFO - Started process (PID=57401) to work on /Users/naga/Desktop/airflow_env/lib/python3.12/site-packages/airflow/example_dags/plugins/listener_plugin.py
[2026-06-21T15:45:08.528-0500] {processor.py:830} INFO - Processing file /Users/naga/Desktop/airflow_env/lib/python3.12/site-packages/airflow/example_dags/plugins/listener_plugin.py for tasks to queue
[2026-06-21T15:45:08.528-0500] {logging_mixin.py:188} INFO - [2026-06-21T15:45:08.528-0500] {dagbag.py:545} INFO - Filling up the DagBag from /Users/naga/Desktop/airflow_env/lib/python3.12/site-packages/airflow/example_dags/plugins/listener_plugin.py
[2026-06-21T15:45:08.530-0500] {processor.py:842} WARNING - No viable dags retrieved from /Users/naga/Desktop/airflow_env/lib/python3.12/site-packages/airflow/example_dags/plugins/listener_plugin.py
[2026-06-21T15:45:08.567-0500] {processor.py:183} INFO - Processing /Users/naga/Desktop/airflow_env/lib/python3.12/site-packages/airflow/example_dags/plugins/listener_plugin.py took 0.041 seconds
[2026-06-21T15:46:09.190-0500] {processor.py:161} INFO - Started process (PID=57464) to work on /Users/naga/Desktop/airflow_env/lib/python3.12/site-packages/airflow/example_dags/plugins/listener_plugin.py
[2026-06-21T15:46:09.190-0500] {processor.py:830} INFO - Processing file /Users/naga/Desktop/airflow_env/lib/python3.12/site-packages/airflow/example_dags/plugins/listener_plugin.py for tasks to queue
[2026-06-21T15:46:09.191-0500] {logging_mixin.py:188} INFO - [2026-06-21T15:46:09.191-0500] {dagbag.py:545} INFO - Filling up the DagBag from /Users/naga/Desktop/airflow_env/lib/python3.12/site-packages/airflow/example_dags/plugins/listener_plugin.py
[2026-06-21T15:46:09.192-0500] {processor.py:842} WARNING - No viable dags retrieved from /Users/naga/Desktop/airflow_env/lib/python3.12/site-packages/airflow/example_dags/plugins/listener_plugin.py
[2026-06-21T15:46:09.228-0500] {processor.py:183} INFO - Processing /Users/naga/Desktop/airflow_env/lib/python3.12/site-packages/airflow/example_dags/plugins/listener_plugin.py took 0.040 seconds
[2026-06-21T15:47:11.306-0500] {processor.py:161} INFO - Started process (PID=57539) to work on /Users/naga/Desktop/airflow_env/lib/python3.12/site-packages/airflow/example_dags/plugins/listener_plugin.py
[2026-06-21T15:47:11.307-0500] {processor.py:830} INFO - Processing file /Users/naga/Desktop/airflow_env/lib/python3.12/site-packages/airflow/example_dags/plugins/listener_plugin.py for tasks to queue
[2026-06-21T15:47:11.308-0500] {logging_mixin.py:188} INFO - [2026-06-21T15:47:11.307-0500] {dagbag.py:545} INFO - Filling up the DagBag from /Users/naga/Desktop/airflow_env/lib/python3.12/site-packages/airflow/example_dags/plugins/listener_plugin.py
[2026-06-21T15:47:11.309-0500] {processor.py:842} WARNING - No viable dags retrieved from /Users/naga/Desktop/airflow_env/lib/python3.12/site-packages/airflow/example_dags/plugins/listener_plugin.py
[2026-06-21T15:47:11.346-0500] {processor.py:183} INFO - Processing /Users/naga/Desktop/airflow_env/lib/python3.12/site-packages/airflow/example_dags/plugins/listener_plugin.py took 0.041 seconds
[2026-06-21T15:48:13.460-0500] {processor.py:161} INFO - Started process (PID=57589) to work on /Users/naga/Desktop/airflow_env/lib/python3.12/site-packages/airflow/example_dags/plugins/listener_plugin.py
[2026-06-21T15:48:13.461-0500] {processor.py:830} INFO - Processing file /Users/naga/Desktop/airflow_env/lib/python3.12/site-packages/airflow/example_dags/plugins/listener_plugin.py for tasks to queue
[2026-06-21T15:48:13.461-0500] {logging_mixin.py:188} INFO - [2026-06-21T15:48:13.461-0500] {dagbag.py:545} INFO - Filling up the DagBag from /Users/naga/Desktop/airflow_env/lib/python3.12/site-packages/airflow/example_dags/plugins/listener_plugin.py
[2026-06-21T15:48:13.462-0500] {processor.py:842} WARNING - No viable dags retrieved from /Users/naga/Desktop/airflow_env/lib/python3.12/site-packages/airflow/example_dags/plugins/listener_plugin.py
[2026-06-21T15:48:13.498-0500] {processor.py:183} INFO - Processing /Users/naga/Desktop/airflow_env/lib/python3.12/site-packages/airflow/example_dags/plugins/listener_plugin.py took 0.040 seconds
[2026-06-21T15:49:17.199-0500] {processor.py:161} INFO - Started process (PID=57649) to work on /Users/naga/Desktop/airflow_env/lib/python3.12/site-packages/airflow/example_dags/plugins/listener_plugin.py
[2026-06-21T15:49:17.200-0500] {processor.py:830} INFO - Processing file /Users/naga/Desktop/airflow_env/lib/python3.12/site-packages/airflow/example_dags/plugins/listener_plugin.py for tasks to queue
[2026-06-21T15:49:17.200-0500] {logging_mixin.py:188} INFO - [2026-06-21T15:49:17.200-0500] {dagbag.py:545} INFO - Filling up the DagBag from /Users/naga/Desktop/airflow_env/lib/python3.12/site-packages/airflow/example_dags/plugins/listener_plugin.py
[2026-06-21T15:49:17.201-0500] {processor.py:842} WARNING - No viable dags retrieved from /Users/naga/Desktop/airflow_env/lib/python3.12/site-packages/airflow/example_dags/plugins/listener_plugin.py
[2026-06-21T15:49:17.238-0500] {processor.py:183} INFO - Processing /Users/naga/Desktop/airflow_env/lib/python3.12/site-packages/airflow/example_dags/plugins/listener_plugin.py took 0.041 seconds
[2026-06-21T15:50:20.264-0500] {processor.py:161} INFO - Started process (PID=57721) to work on /Users/naga/Desktop/airflow_env/lib/python3.12/site-packages/airflow/example_dags/plugins/listener_plugin.py
[2026-06-21T15:50:20.264-0500] {processor.py:830} INFO - Processing file /Users/naga/Desktop/airflow_env/lib/python3.12/site-packages/airflow/example_dags/plugins/listener_plugin.py for tasks to queue
[2026-06-21T15:50:20.265-0500] {logging_mixin.py:188} INFO - [2026-06-21T15:50:20.265-0500] {dagbag.py:545} INFO - Filling up the DagBag from /Users/naga/Desktop/airflow_env/lib/python3.12/site-packages/airflow/example_dags/plugins/listener_plugin.py
[2026-06-21T15:50:20.266-0500] {processor.py:842} WARNING - No viable dags retrieved from /Users/naga/Desktop/airflow_env/lib/python3.12/site-packages/airflow/example_dags/plugins/listener_plugin.py
[2026-06-21T15:50:20.304-0500] {processor.py:183} INFO - Processing /Users/naga/Desktop/airflow_env/lib/python3.12/site-packages/airflow/example_dags/plugins/listener_plugin.py took 0.041 seconds
[2026-06-21T15:51:24.612-0500] {processor.py:161} INFO - Started process (PID=57780) to work on /Users/naga/Desktop/airflow_env/lib/python3.12/site-packages/airflow/example_dags/plugins/listener_plugin.py
[2026-06-21T15:51:24.613-0500] {processor.py:830} INFO - Processing file /Users/naga/Desktop/airflow_env/lib/python3.12/site-packages/airflow/example_dags/plugins/listener_plugin.py for tasks to queue
[2026-06-21T15:51:24.613-0500] {logging_mixin.py:188} INFO - [2026-06-21T15:51:24.613-0500] {dagbag.py:545} INFO - Filling up the DagBag from /Users/naga/Desktop/airflow_env/lib/python3.12/site-packages/airflow/example_dags/plugins/listener_plugin.py
[2026-06-21T15:51:24.615-0500] {processor.py:842} WARNING - No viable dags retrieved from /Users/naga/Desktop/airflow_env/lib/python3.12/site-packages/airflow/example_dags/plugins/listener_plugin.py
[2026-06-21T15:51:24.652-0500] {processor.py:183} INFO - Processing /Users/naga/Desktop/airflow_env/lib/python3.12/site-packages/airflow/example_dags/plugins/listener_plugin.py took 0.041 seconds
[2026-06-21T15:52:26.311-0500] {processor.py:161} INFO - Started process (PID=57835) to work on /Users/naga/Desktop/airflow_env/lib/python3.12/site-packages/airflow/example_dags/plugins/listener_plugin.py
[2026-06-21T15:52:26.312-0500] {processor.py:830} INFO - Processing file /Users/naga/Desktop/airflow_env/lib/python3.12/site-packages/airflow/example_dags/plugins/listener_plugin.py for tasks to queue
[2026-06-21T15:52:26.312-0500] {logging_mixin.py:188} INFO - [2026-06-21T15:52:26.312-0500] {dagbag.py:545} INFO - Filling up the DagBag from /Users/naga/Desktop/airflow_env/lib/python3.12/site-packages/airflow/example_dags/plugins/listener_plugin.py
[2026-06-21T15:52:26.313-0500] {processor.py:842} WARNING - No viable dags retrieved from /Users/naga/Desktop/airflow_env/lib/python3.12/site-packages/airflow/example_dags/plugins/listener_plugin.py
[2026-06-21T15:52:26.351-0500] {processor.py:183} INFO - Processing /Users/naga/Desktop/airflow_env/lib/python3.12/site-packages/airflow/example_dags/plugins/listener_plugin.py took 0.042 seconds
[2026-06-21T15:53:27.815-0500] {processor.py:161} INFO - Started process (PID=57909) to work on /Users/naga/Desktop/airflow_env/lib/python3.12/site-packages/airflow/example_dags/plugins/listener_plugin.py
[2026-06-21T15:53:27.816-0500] {processor.py:830} INFO - Processing file /Users/naga/Desktop/airflow_env/lib/python3.12/site-packages/airflow/example_dags/plugins/listener_plugin.py for tasks to queue
[2026-06-21T15:53:27.816-0500] {logging_mixin.py:188} INFO - [2026-06-21T15:53:27.816-0500] {dagbag.py:545} INFO - Filling up the DagBag from /Users/naga/Desktop/airflow_env/lib/python3.12/site-packages/airflow/example_dags/plugins/listener_plugin.py
[2026-06-21T15:53:27.818-0500] {processor.py:842} WARNING - No viable dags retrieved from /Users/naga/Desktop/airflow_env/lib/python3.12/site-packages/airflow/example_dags/plugins/listener_plugin.py
[2026-06-21T15:53:27.854-0500] {processor.py:183} INFO - Processing /Users/naga/Desktop/airflow_env/lib/python3.12/site-packages/airflow/example_dags/plugins/listener_plugin.py took 0.040 seconds
[2026-06-21T15:54:30.399-0500] {processor.py:161} INFO - Started process (PID=57968) to work on /Users/naga/Desktop/airflow_env/lib/python3.12/site-packages/airflow/example_dags/plugins/listener_plugin.py
[2026-06-21T15:54:30.400-0500] {processor.py:830} INFO - Processing file /Users/naga/Desktop/airflow_env/lib/python3.12/site-packages/airflow/example_dags/plugins/listener_plugin.py for tasks to queue
[2026-06-21T15:54:30.400-0500] {logging_mixin.py:188} INFO - [2026-06-21T15:54:30.400-0500] {dagbag.py:545} INFO - Filling up the DagBag from /Users/naga/Desktop/airflow_env/lib/python3.12/site-packages/airflow/example_dags/plugins/listener_plugin.py
[2026-06-21T15:54:30.402-0500] {processor.py:842} WARNING - No viable dags retrieved from /Users/naga/Desktop/airflow_env/lib/python3.12/site-packages/airflow/example_dags/plugins/listener_plugin.py
[2026-06-21T15:54:30.438-0500] {processor.py:183} INFO - Processing /Users/naga/Desktop/airflow_env/lib/python3.12/site-packages/airflow/example_dags/plugins/listener_plugin.py took 0.040 seconds
[2026-06-21T15:55:34.464-0500] {processor.py:161} INFO - Started process (PID=58027) to work on /Users/naga/Desktop/airflow_env/lib/python3.12/site-packages/airflow/example_dags/plugins/listener_plugin.py
[2026-06-21T15:55:34.465-0500] {processor.py:830} INFO - Processing file /Users/naga/Desktop/airflow_env/lib/python3.12/site-packages/airflow/example_dags/plugins/listener_plugin.py for tasks to queue
[2026-06-21T15:55:34.465-0500] {logging_mixin.py:188} INFO - [2026-06-21T15:55:34.465-0500] {dagbag.py:545} INFO - Filling up the DagBag from /Users/naga/Desktop/airflow_env/lib/python3.12/site-packages/airflow/example_dags/plugins/listener_plugin.py
[2026-06-21T15:55:34.467-0500] {processor.py:842} WARNING - No viable dags retrieved from /Users/naga/Desktop/airflow_env/lib/python3.12/site-packages/airflow/example_dags/plugins/listener_plugin.py
[2026-06-21T15:55:34.503-0500] {processor.py:183} INFO - Processing /Users/naga/Desktop/airflow_env/lib/python3.12/site-packages/airflow/example_dags/plugins/listener_plugin.py took 0.040 seconds
[2026-06-21T15:56:37.204-0500] {processor.py:161} INFO - Started process (PID=58077) to work on /Users/naga/Desktop/airflow_env/lib/python3.12/site-packages/airflow/example_dags/plugins/listener_plugin.py
[2026-06-21T15:56:37.206-0500] {processor.py:830} INFO - Processing file /Users/naga/Desktop/airflow_env/lib/python3.12/site-packages/airflow/example_dags/plugins/listener_plugin.py for tasks to queue
[2026-06-21T15:56:37.206-0500] {logging_mixin.py:188} INFO - [2026-06-21T15:56:37.206-0500] {dagbag.py:545} INFO - Filling up the DagBag from /Users/naga/Desktop/airflow_env/lib/python3.12/site-packages/airflow/example_dags/plugins/listener_plugin.py
[2026-06-21T15:56:37.207-0500] {processor.py:842} WARNING - No viable dags retrieved from /Users/naga/Desktop/airflow_env/lib/python3.12/site-packages/airflow/example_dags/plugins/listener_plugin.py
[2026-06-21T15:56:37.244-0500] {processor.py:183} INFO - Processing /Users/naga/Desktop/airflow_env/lib/python3.12/site-packages/airflow/example_dags/plugins/listener_plugin.py took 0.041 seconds
[2026-06-21T15:57:38.831-0500] {processor.py:161} INFO - Started process (PID=58137) to work on /Users/naga/Desktop/airflow_env/lib/python3.12/site-packages/airflow/example_dags/plugins/listener_plugin.py
[2026-06-21T15:57:38.832-0500] {processor.py:830} INFO - Processing file /Users/naga/Desktop/airflow_env/lib/python3.12/site-packages/airflow/example_dags/plugins/listener_plugin.py for tasks to queue
[2026-06-21T15:57:38.832-0500] {logging_mixin.py:188} INFO - [2026-06-21T15:57:38.832-0500] {dagbag.py:545} INFO - Filling up the DagBag from /Users/naga/Desktop/airflow_env/lib/python3.12/site-packages/airflow/example_dags/plugins/listener_plugin.py
[2026-06-21T15:57:38.834-0500] {processor.py:842} WARNING - No viable dags retrieved from /Users/naga/Desktop/airflow_env/lib/python3.12/site-packages/airflow/example_dags/plugins/listener_plugin.py
[2026-06-21T15:57:38.870-0500] {processor.py:183} INFO - Processing /Users/naga/Desktop/airflow_env/lib/python3.12/site-packages/airflow/example_dags/plugins/listener_plugin.py took 0.041 seconds
[2026-06-21T15:58:44.022-0500] {processor.py:161} INFO - Started process (PID=58210) to work on /Users/naga/Desktop/airflow_env/lib/python3.12/site-packages/airflow/example_dags/plugins/listener_plugin.py
[2026-06-21T15:58:44.023-0500] {processor.py:830} INFO - Processing file /Users/naga/Desktop/airflow_env/lib/python3.12/site-packages/airflow/example_dags/plugins/listener_plugin.py for tasks to queue
[2026-06-21T15:58:44.023-0500] {logging_mixin.py:188} INFO - [2026-06-21T15:58:44.023-0500] {dagbag.py:545} INFO - Filling up the DagBag from /Users/naga/Desktop/airflow_env/lib/python3.12/site-packages/airflow/example_dags/plugins/listener_plugin.py
[2026-06-21T15:58:44.025-0500] {processor.py:842} WARNING - No viable dags retrieved from /Users/naga/Desktop/airflow_env/lib/python3.12/site-packages/airflow/example_dags/plugins/listener_plugin.py
[2026-06-21T15:58:44.062-0500] {processor.py:183} INFO - Processing /Users/naga/Desktop/airflow_env/lib/python3.12/site-packages/airflow/example_dags/plugins/listener_plugin.py took 0.042 seconds
[2026-06-21T15:59:47.172-0500] {processor.py:161} INFO - Started process (PID=58272) to work on /Users/naga/Desktop/airflow_env/lib/python3.12/site-packages/airflow/example_dags/plugins/listener_plugin.py
[2026-06-21T15:59:47.173-0500] {processor.py:830} INFO - Processing file /Users/naga/Desktop/airflow_env/lib/python3.12/site-packages/airflow/example_dags/plugins/listener_plugin.py for tasks to queue
[2026-06-21T15:59:47.173-0500] {logging_mixin.py:188} INFO - [2026-06-21T15:59:47.173-0500] {dagbag.py:545} INFO - Filling up the DagBag from /Users/naga/Desktop/airflow_env/lib/python3.12/site-packages/airflow/example_dags/plugins/listener_plugin.py
[2026-06-21T15:59:47.175-0500] {processor.py:842} WARNING - No viable dags retrieved from /Users/naga/Desktop/airflow_env/lib/python3.12/site-packages/airflow/example_dags/plugins/listener_plugin.py
[2026-06-21T15:59:47.211-0500] {processor.py:183} INFO - Processing /Users/naga/Desktop/airflow_env/lib/python3.12/site-packages/airflow/example_dags/plugins/listener_plugin.py took 0.040 seconds
[2026-06-21T16:00:50.633-0500] {processor.py:161} INFO - Started process (PID=58348) to work on /Users/naga/Desktop/airflow_env/lib/python3.12/site-packages/airflow/example_dags/plugins/listener_plugin.py
[2026-06-21T16:00:50.634-0500] {processor.py:830} INFO - Processing file /Users/naga/Desktop/airflow_env/lib/python3.12/site-packages/airflow/example_dags/plugins/listener_plugin.py for tasks to queue
[2026-06-21T16:00:50.635-0500] {logging_mixin.py:188} INFO - [2026-06-21T16:00:50.635-0500] {dagbag.py:545} INFO - Filling up the DagBag from /Users/naga/Desktop/airflow_env/lib/python3.12/site-packages/airflow/example_dags/plugins/listener_plugin.py
[2026-06-21T16:00:50.636-0500] {processor.py:842} WARNING - No viable dags retrieved from /Users/naga/Desktop/airflow_env/lib/python3.12/site-packages/airflow/example_dags/plugins/listener_plugin.py
[2026-06-21T16:00:50.672-0500] {processor.py:183} INFO - Processing /Users/naga/Desktop/airflow_env/lib/python3.12/site-packages/airflow/example_dags/plugins/listener_plugin.py took 0.040 seconds
[2026-06-21T16:01:53.951-0500] {processor.py:161} INFO - Started process (PID=58401) to work on /Users/naga/Desktop/airflow_env/lib/python3.12/site-packages/airflow/example_dags/plugins/listener_plugin.py
[2026-06-21T16:01:53.952-0500] {processor.py:830} INFO - Processing file /Users/naga/Desktop/airflow_env/lib/python3.12/site-packages/airflow/example_dags/plugins/listener_plugin.py for tasks to queue
[2026-06-21T16:01:53.952-0500] {logging_mixin.py:188} INFO - [2026-06-21T16:01:53.952-0500] {dagbag.py:545} INFO - Filling up the DagBag from /Users/naga/Desktop/airflow_env/lib/python3.12/site-packages/airflow/example_dags/plugins/listener_plugin.py
[2026-06-21T16:01:53.954-0500] {processor.py:842} WARNING - No viable dags retrieved from /Users/naga/Desktop/airflow_env/lib/python3.12/site-packages/airflow/example_dags/plugins/listener_plugin.py
[2026-06-21T16:01:53.991-0500] {processor.py:183} INFO - Processing /Users/naga/Desktop/airflow_env/lib/python3.12/site-packages/airflow/example_dags/plugins/listener_plugin.py took 0.041 seconds
[2026-06-21T16:02:56.935-0500] {processor.py:161} INFO - Started process (PID=58467) to work on /Users/naga/Desktop/airflow_env/lib/python3.12/site-packages/airflow/example_dags/plugins/listener_plugin.py
[2026-06-21T16:02:56.936-0500] {processor.py:830} INFO - Processing file /Users/naga/Desktop/airflow_env/lib/python3.12/site-packages/airflow/example_dags/plugins/listener_plugin.py for tasks to queue
[2026-06-21T16:02:56.936-0500] {logging_mixin.py:188} INFO - [2026-06-21T16:02:56.936-0500] {dagbag.py:545} INFO - Filling up the DagBag from /Users/naga/Desktop/airflow_env/lib/python3.12/site-packages/airflow/example_dags/plugins/listener_plugin.py
[2026-06-21T16:02:56.938-0500] {processor.py:842} WARNING - No viable dags retrieved from /Users/naga/Desktop/airflow_env/lib/python3.12/site-packages/airflow/example_dags/plugins/listener_plugin.py
[2026-06-21T16:02:56.974-0500] {processor.py:183} INFO - Processing /Users/naga/Desktop/airflow_env/lib/python3.12/site-packages/airflow/example_dags/plugins/listener_plugin.py took 0.040 seconds
[2026-06-21T16:04:00.641-0500] {processor.py:161} INFO - Started process (PID=58535) to work on /Users/naga/Desktop/airflow_env/lib/python3.12/site-packages/airflow/example_dags/plugins/listener_plugin.py
[2026-06-21T16:04:00.642-0500] {processor.py:830} INFO - Processing file /Users/naga/Desktop/airflow_env/lib/python3.12/site-packages/airflow/example_dags/plugins/listener_plugin.py for tasks to queue
[2026-06-21T16:04:00.643-0500] {logging_mixin.py:188} INFO - [2026-06-21T16:04:00.643-0500] {dagbag.py:545} INFO - Filling up the DagBag from /Users/naga/Desktop/airflow_env/lib/python3.12/site-packages/airflow/example_dags/plugins/listener_plugin.py
[2026-06-21T16:04:00.644-0500] {processor.py:842} WARNING - No viable dags retrieved from /Users/naga/Desktop/airflow_env/lib/python3.12/site-packages/airflow/example_dags/plugins/listener_plugin.py
[2026-06-21T16:04:00.680-0500] {processor.py:183} INFO - Processing /Users/naga/Desktop/airflow_env/lib/python3.12/site-packages/airflow/example_dags/plugins/listener_plugin.py took 0.040 seconds
[2026-06-21T16:05:04.915-0500] {processor.py:161} INFO - Started process (PID=58596) to work on /Users/naga/Desktop/airflow_env/lib/python3.12/site-packages/airflow/example_dags/plugins/listener_plugin.py
[2026-06-21T16:05:04.916-0500] {processor.py:830} INFO - Processing file /Users/naga/Desktop/airflow_env/lib/python3.12/site-packages/airflow/example_dags/plugins/listener_plugin.py for tasks to queue
[2026-06-21T16:05:04.916-0500] {logging_mixin.py:188} INFO - [2026-06-21T16:05:04.916-0500] {dagbag.py:545} INFO - Filling up the DagBag from /Users/naga/Desktop/airflow_env/lib/python3.12/site-packages/airflow/example_dags/plugins/listener_plugin.py
[2026-06-21T16:05:04.918-0500] {processor.py:842} WARNING - No viable dags retrieved from /Users/naga/Desktop/airflow_env/lib/python3.12/site-packages/airflow/example_dags/plugins/listener_plugin.py
[2026-06-21T16:05:04.954-0500] {processor.py:183} INFO - Processing /Users/naga/Desktop/airflow_env/lib/python3.12/site-packages/airflow/example_dags/plugins/listener_plugin.py took 0.040 seconds
[2026-06-21T16:06:09.001-0500] {processor.py:161} INFO - Started process (PID=58649) to work on /Users/naga/Desktop/airflow_env/lib/python3.12/site-packages/airflow/example_dags/plugins/listener_plugin.py
[2026-06-21T16:06:09.002-0500] {processor.py:830} INFO - Processing file /Users/naga/Desktop/airflow_env/lib/python3.12/site-packages/airflow/example_dags/plugins/listener_plugin.py for tasks to queue
[2026-06-21T16:06:09.002-0500] {logging_mixin.py:188} INFO - [2026-06-21T16:06:09.002-0500] {dagbag.py:545} INFO - Filling up the DagBag from /Users/naga/Desktop/airflow_env/lib/python3.12/site-packages/airflow/example_dags/plugins/listener_plugin.py
[2026-06-21T16:06:09.004-0500] {processor.py:842} WARNING - No viable dags retrieved from /Users/naga/Desktop/airflow_env/lib/python3.12/site-packages/airflow/example_dags/plugins/listener_plugin.py
[2026-06-21T16:06:09.043-0500] {processor.py:183} INFO - Processing /Users/naga/Desktop/airflow_env/lib/python3.12/site-packages/airflow/example_dags/plugins/listener_plugin.py took 0.044 seconds
[2026-06-21T16:07:13.711-0500] {processor.py:161} INFO - Started process (PID=58711) to work on /Users/naga/Desktop/airflow_env/lib/python3.12/site-packages/airflow/example_dags/plugins/listener_plugin.py
[2026-06-21T16:07:13.711-0500] {processor.py:830} INFO - Processing file /Users/naga/Desktop/airflow_env/lib/python3.12/site-packages/airflow/example_dags/plugins/listener_plugin.py for tasks to queue
[2026-06-21T16:07:13.712-0500] {logging_mixin.py:188} INFO - [2026-06-21T16:07:13.712-0500] {dagbag.py:545} INFO - Filling up the DagBag from /Users/naga/Desktop/airflow_env/lib/python3.12/site-packages/airflow/example_dags/plugins/listener_plugin.py
[2026-06-21T16:07:13.714-0500] {processor.py:842} WARNING - No viable dags retrieved from /Users/naga/Desktop/airflow_env/lib/python3.12/site-packages/airflow/example_dags/plugins/listener_plugin.py
[2026-06-21T16:07:13.752-0500] {processor.py:183} INFO - Processing /Users/naga/Desktop/airflow_env/lib/python3.12/site-packages/airflow/example_dags/plugins/listener_plugin.py took 0.043 seconds
[2026-06-21T16:08:22.188-0500] {processor.py:161} INFO - Started process (PID=58768) to work on /Users/naga/Desktop/airflow_env/lib/python3.12/site-packages/airflow/example_dags/plugins/listener_plugin.py
[2026-06-21T16:08:22.189-0500] {processor.py:830} INFO - Processing file /Users/naga/Desktop/airflow_env/lib/python3.12/site-packages/airflow/example_dags/plugins/listener_plugin.py for tasks to queue
[2026-06-21T16:08:22.189-0500] {logging_mixin.py:188} INFO - [2026-06-21T16:08:22.189-0500] {dagbag.py:545} INFO - Filling up the DagBag from /Users/naga/Desktop/airflow_env/lib/python3.12/site-packages/airflow/example_dags/plugins/listener_plugin.py
[2026-06-21T16:08:22.191-0500] {processor.py:842} WARNING - No viable dags retrieved from /Users/naga/Desktop/airflow_env/lib/python3.12/site-packages/airflow/example_dags/plugins/listener_plugin.py
[2026-06-21T16:08:22.234-0500] {processor.py:183} INFO - Processing /Users/naga/Desktop/airflow_env/lib/python3.12/site-packages/airflow/example_dags/plugins/listener_plugin.py took 0.047 seconds
[2026-06-21T16:09:30.146-0500] {processor.py:161} INFO - Started process (PID=58859) to work on /Users/naga/Desktop/airflow_env/lib/python3.12/site-packages/airflow/example_dags/plugins/listener_plugin.py
[2026-06-21T16:09:30.147-0500] {processor.py:830} INFO - Processing file /Users/naga/Desktop/airflow_env/lib/python3.12/site-packages/airflow/example_dags/plugins/listener_plugin.py for tasks to queue
[2026-06-21T16:09:30.148-0500] {logging_mixin.py:188} INFO - [2026-06-21T16:09:30.147-0500] {dagbag.py:545} INFO - Filling up the DagBag from /Users/naga/Desktop/airflow_env/lib/python3.12/site-packages/airflow/example_dags/plugins/listener_plugin.py
[2026-06-21T16:09:30.149-0500] {processor.py:842} WARNING - No viable dags retrieved from /Users/naga/Desktop/airflow_env/lib/python3.12/site-packages/airflow/example_dags/plugins/listener_plugin.py
[2026-06-21T16:09:30.188-0500] {processor.py:183} INFO - Processing /Users/naga/Desktop/airflow_env/lib/python3.12/site-packages/airflow/example_dags/plugins/listener_plugin.py took 0.043 seconds
[2026-06-21T16:10:33.913-0500] {processor.py:161} INFO - Started process (PID=58913) to work on /Users/naga/Desktop/airflow_env/lib/python3.12/site-packages/airflow/example_dags/plugins/listener_plugin.py
[2026-06-21T16:10:33.914-0500] {processor.py:830} INFO - Processing file /Users/naga/Desktop/airflow_env/lib/python3.12/site-packages/airflow/example_dags/plugins/listener_plugin.py for tasks to queue
[2026-06-21T16:10:33.914-0500] {logging_mixin.py:188} INFO - [2026-06-21T16:10:33.914-0500] {dagbag.py:545} INFO - Filling up the DagBag from /Users/naga/Desktop/airflow_env/lib/python3.12/site-packages/airflow/example_dags/plugins/listener_plugin.py
[2026-06-21T16:10:33.917-0500] {processor.py:842} WARNING - No viable dags retrieved from /Users/naga/Desktop/airflow_env/lib/python3.12/site-packages/airflow/example_dags/plugins/listener_plugin.py
[2026-06-21T16:10:33.955-0500] {processor.py:183} INFO - Processing /Users/naga/Desktop/airflow_env/lib/python3.12/site-packages/airflow/example_dags/plugins/listener_plugin.py took 0.043 seconds
[2026-06-21T16:11:41.950-0500] {processor.py:161} INFO - Started process (PID=58974) to work on /Users/naga/Desktop/airflow_env/lib/python3.12/site-packages/airflow/example_dags/plugins/listener_plugin.py
[2026-06-21T16:11:41.951-0500] {processor.py:830} INFO - Processing file /Users/naga/Desktop/airflow_env/lib/python3.12/site-packages/airflow/example_dags/plugins/listener_plugin.py for tasks to queue
[2026-06-21T16:11:41.951-0500] {logging_mixin.py:188} INFO - [2026-06-21T16:11:41.951-0500] {dagbag.py:545} INFO - Filling up the DagBag from /Users/naga/Desktop/airflow_env/lib/python3.12/site-packages/airflow/example_dags/plugins/listener_plugin.py
[2026-06-21T16:11:41.953-0500] {processor.py:842} WARNING - No viable dags retrieved from /Users/naga/Desktop/airflow_env/lib/python3.12/site-packages/airflow/example_dags/plugins/listener_plugin.py
[2026-06-21T16:11:41.990-0500] {processor.py:183} INFO - Processing /Users/naga/Desktop/airflow_env/lib/python3.12/site-packages/airflow/example_dags/plugins/listener_plugin.py took 0.042 seconds
[2026-06-21T16:12:48.771-0500] {processor.py:161} INFO - Started process (PID=59050) to work on /Users/naga/Desktop/airflow_env/lib/python3.12/site-packages/airflow/example_dags/plugins/listener_plugin.py
[2026-06-21T16:12:48.772-0500] {processor.py:830} INFO - Processing file /Users/naga/Desktop/airflow_env/lib/python3.12/site-packages/airflow/example_dags/plugins/listener_plugin.py for tasks to queue
[2026-06-21T16:12:48.773-0500] {logging_mixin.py:188} INFO - [2026-06-21T16:12:48.773-0500] {dagbag.py:545} INFO - Filling up the DagBag from /Users/naga/Desktop/airflow_env/lib/python3.12/site-packages/airflow/example_dags/plugins/listener_plugin.py
[2026-06-21T16:12:48.775-0500] {processor.py:842} WARNING - No viable dags retrieved from /Users/naga/Desktop/airflow_env/lib/python3.12/site-packages/airflow/example_dags/plugins/listener_plugin.py
[2026-06-21T16:12:48.813-0500] {processor.py:183} INFO - Processing /Users/naga/Desktop/airflow_env/lib/python3.12/site-packages/airflow/example_dags/plugins/listener_plugin.py took 0.043 seconds
[2026-06-21T16:13:53.867-0500] {processor.py:161} INFO - Started process (PID=59104) to work on /Users/naga/Desktop/airflow_env/lib/python3.12/site-packages/airflow/example_dags/plugins/listener_plugin.py
[2026-06-21T16:13:53.869-0500] {processor.py:830} INFO - Processing file /Users/naga/Desktop/airflow_env/lib/python3.12/site-packages/airflow/example_dags/plugins/listener_plugin.py for tasks to queue
[2026-06-21T16:13:53.869-0500] {logging_mixin.py:188} INFO - [2026-06-21T16:13:53.869-0500] {dagbag.py:545} INFO - Filling up the DagBag from /Users/naga/Desktop/airflow_env/lib/python3.12/site-packages/airflow/example_dags/plugins/listener_plugin.py
[2026-06-21T16:13:53.871-0500] {processor.py:842} WARNING - No viable dags retrieved from /Users/naga/Desktop/airflow_env/lib/python3.12/site-packages/airflow/example_dags/plugins/listener_plugin.py
[2026-06-21T16:13:53.909-0500] {processor.py:183} INFO - Processing /Users/naga/Desktop/airflow_env/lib/python3.12/site-packages/airflow/example_dags/plugins/listener_plugin.py took 0.043 seconds
[2026-06-21T16:14:59.391-0500] {processor.py:161} INFO - Started process (PID=59178) to work on /Users/naga/Desktop/airflow_env/lib/python3.12/site-packages/airflow/example_dags/plugins/listener_plugin.py
[2026-06-21T16:14:59.392-0500] {processor.py:830} INFO - Processing file /Users/naga/Desktop/airflow_env/lib/python3.12/site-packages/airflow/example_dags/plugins/listener_plugin.py for tasks to queue
[2026-06-21T16:14:59.392-0500] {logging_mixin.py:188} INFO - [2026-06-21T16:14:59.392-0500] {dagbag.py:545} INFO - Filling up the DagBag from /Users/naga/Desktop/airflow_env/lib/python3.12/site-packages/airflow/example_dags/plugins/listener_plugin.py
[2026-06-21T16:14:59.394-0500] {processor.py:842} WARNING - No viable dags retrieved from /Users/naga/Desktop/airflow_env/lib/python3.12/site-packages/airflow/example_dags/plugins/listener_plugin.py
[2026-06-21T16:14:59.433-0500] {processor.py:183} INFO - Processing /Users/naga/Desktop/airflow_env/lib/python3.12/site-packages/airflow/example_dags/plugins/listener_plugin.py took 0.045 seconds
[2026-06-21T16:16:05.325-0500] {processor.py:161} INFO - Started process (PID=59234) to work on /Users/naga/Desktop/airflow_env/lib/python3.12/site-packages/airflow/example_dags/plugins/listener_plugin.py
[2026-06-21T16:16:05.327-0500] {processor.py:830} INFO - Processing file /Users/naga/Desktop/airflow_env/lib/python3.12/site-packages/airflow/example_dags/plugins/listener_plugin.py for tasks to queue
[2026-06-21T16:16:05.327-0500] {logging_mixin.py:188} INFO - [2026-06-21T16:16:05.327-0500] {dagbag.py:545} INFO - Filling up the DagBag from /Users/naga/Desktop/airflow_env/lib/python3.12/site-packages/airflow/example_dags/plugins/listener_plugin.py
[2026-06-21T16:16:05.329-0500] {processor.py:842} WARNING - No viable dags retrieved from /Users/naga/Desktop/airflow_env/lib/python3.12/site-packages/airflow/example_dags/plugins/listener_plugin.py
[2026-06-21T16:16:05.371-0500] {processor.py:183} INFO - Processing /Users/naga/Desktop/airflow_env/lib/python3.12/site-packages/airflow/example_dags/plugins/listener_plugin.py took 0.047 seconds
[2026-06-21T16:17:09.321-0500] {processor.py:161} INFO - Started process (PID=59305) to work on /Users/naga/Desktop/airflow_env/lib/python3.12/site-packages/airflow/example_dags/plugins/listener_plugin.py
[2026-06-21T16:17:09.322-0500] {processor.py:830} INFO - Processing file /Users/naga/Desktop/airflow_env/lib/python3.12/site-packages/airflow/example_dags/plugins/listener_plugin.py for tasks to queue
[2026-06-21T16:17:09.322-0500] {logging_mixin.py:188} INFO - [2026-06-21T16:17:09.322-0500] {dagbag.py:545} INFO - Filling up the DagBag from /Users/naga/Desktop/airflow_env/lib/python3.12/site-packages/airflow/example_dags/plugins/listener_plugin.py
[2026-06-21T16:17:09.324-0500] {processor.py:842} WARNING - No viable dags retrieved from /Users/naga/Desktop/airflow_env/lib/python3.12/site-packages/airflow/example_dags/plugins/listener_plugin.py
[2026-06-21T16:17:09.363-0500] {processor.py:183} INFO - Processing /Users/naga/Desktop/airflow_env/lib/python3.12/site-packages/airflow/example_dags/plugins/listener_plugin.py took 0.044 seconds
[2026-06-21T16:18:17.369-0500] {processor.py:161} INFO - Started process (PID=59354) to work on /Users/naga/Desktop/airflow_env/lib/python3.12/site-packages/airflow/example_dags/plugins/listener_plugin.py
[2026-06-21T16:18:17.370-0500] {processor.py:830} INFO - Processing file /Users/naga/Desktop/airflow_env/lib/python3.12/site-packages/airflow/example_dags/plugins/listener_plugin.py for tasks to queue
[2026-06-21T16:18:17.370-0500] {logging_mixin.py:188} INFO - [2026-06-21T16:18:17.370-0500] {dagbag.py:545} INFO - Filling up the DagBag from /Users/naga/Desktop/airflow_env/lib/python3.12/site-packages/airflow/example_dags/plugins/listener_plugin.py
[2026-06-21T16:18:17.372-0500] {processor.py:842} WARNING - No viable dags retrieved from /Users/naga/Desktop/airflow_env/lib/python3.12/site-packages/airflow/example_dags/plugins/listener_plugin.py
[2026-06-21T16:18:17.409-0500] {processor.py:183} INFO - Processing /Users/naga/Desktop/airflow_env/lib/python3.12/site-packages/airflow/example_dags/plugins/listener_plugin.py took 0.042 seconds
[2026-06-21T16:19:23.276-0500] {processor.py:161} INFO - Started process (PID=59432) to work on /Users/naga/Desktop/airflow_env/lib/python3.12/site-packages/airflow/example_dags/plugins/listener_plugin.py
[2026-06-21T16:19:23.277-0500] {processor.py:830} INFO - Processing file /Users/naga/Desktop/airflow_env/lib/python3.12/site-packages/airflow/example_dags/plugins/listener_plugin.py for tasks to queue
[2026-06-21T16:19:23.278-0500] {logging_mixin.py:188} INFO - [2026-06-21T16:19:23.278-0500] {dagbag.py:545} INFO - Filling up the DagBag from /Users/naga/Desktop/airflow_env/lib/python3.12/site-packages/airflow/example_dags/plugins/listener_plugin.py
[2026-06-21T16:19:23.280-0500] {processor.py:842} WARNING - No viable dags retrieved from /Users/naga/Desktop/airflow_env/lib/python3.12/site-packages/airflow/example_dags/plugins/listener_plugin.py
[2026-06-21T16:19:23.320-0500] {processor.py:183} INFO - Processing /Users/naga/Desktop/airflow_env/lib/python3.12/site-packages/airflow/example_dags/plugins/listener_plugin.py took 0.045 seconds
[2026-06-21T16:20:26.862-0500] {processor.py:161} INFO - Started process (PID=59488) to work on /Users/naga/Desktop/airflow_env/lib/python3.12/site-packages/airflow/example_dags/plugins/listener_plugin.py
[2026-06-21T16:20:26.863-0500] {processor.py:830} INFO - Processing file /Users/naga/Desktop/airflow_env/lib/python3.12/site-packages/airflow/example_dags/plugins/listener_plugin.py for tasks to queue
[2026-06-21T16:20:26.863-0500] {logging_mixin.py:188} INFO - [2026-06-21T16:20:26.863-0500] {dagbag.py:545} INFO - Filling up the DagBag from /Users/naga/Desktop/airflow_env/lib/python3.12/site-packages/airflow/example_dags/plugins/listener_plugin.py
[2026-06-21T16:20:26.865-0500] {processor.py:842} WARNING - No viable dags retrieved from /Users/naga/Desktop/airflow_env/lib/python3.12/site-packages/airflow/example_dags/plugins/listener_plugin.py
[2026-06-21T16:20:26.905-0500] {processor.py:183} INFO - Processing /Users/naga/Desktop/airflow_env/lib/python3.12/site-packages/airflow/example_dags/plugins/listener_plugin.py took 0.044 seconds
[2026-06-21T16:21:32.005-0500] {processor.py:161} INFO - Started process (PID=59577) to work on /Users/naga/Desktop/airflow_env/lib/python3.12/site-packages/airflow/example_dags/plugins/listener_plugin.py
[2026-06-21T16:21:32.006-0500] {processor.py:830} INFO - Processing file /Users/naga/Desktop/airflow_env/lib/python3.12/site-packages/airflow/example_dags/plugins/listener_plugin.py for tasks to queue
[2026-06-21T16:21:32.007-0500] {logging_mixin.py:188} INFO - [2026-06-21T16:21:32.007-0500] {dagbag.py:545} INFO - Filling up the DagBag from /Users/naga/Desktop/airflow_env/lib/python3.12/site-packages/airflow/example_dags/plugins/listener_plugin.py
[2026-06-21T16:21:32.009-0500] {processor.py:842} WARNING - No viable dags retrieved from /Users/naga/Desktop/airflow_env/lib/python3.12/site-packages/airflow/example_dags/plugins/listener_plugin.py
[2026-06-21T16:21:32.047-0500] {processor.py:183} INFO - Processing /Users/naga/Desktop/airflow_env/lib/python3.12/site-packages/airflow/example_dags/plugins/listener_plugin.py took 0.043 seconds
[2026-06-21T16:22:37.275-0500] {processor.py:161} INFO - Started process (PID=59629) to work on /Users/naga/Desktop/airflow_env/lib/python3.12/site-packages/airflow/example_dags/plugins/listener_plugin.py
[2026-06-21T16:22:37.276-0500] {processor.py:830} INFO - Processing file /Users/naga/Desktop/airflow_env/lib/python3.12/site-packages/airflow/example_dags/plugins/listener_plugin.py for tasks to queue
[2026-06-21T16:22:37.276-0500] {logging_mixin.py:188} INFO - [2026-06-21T16:22:37.276-0500] {dagbag.py:545} INFO - Filling up the DagBag from /Users/naga/Desktop/airflow_env/lib/python3.12/site-packages/airflow/example_dags/plugins/listener_plugin.py
[2026-06-21T16:22:37.278-0500] {processor.py:842} WARNING - No viable dags retrieved from /Users/naga/Desktop/airflow_env/lib/python3.12/site-packages/airflow/example_dags/plugins/listener_plugin.py
[2026-06-21T16:22:37.316-0500] {processor.py:183} INFO - Processing /Users/naga/Desktop/airflow_env/lib/python3.12/site-packages/airflow/example_dags/plugins/listener_plugin.py took 0.043 seconds
[2026-06-21T16:23:39.112-0500] {processor.py:161} INFO - Started process (PID=59703) to work on /Users/naga/Desktop/airflow_env/lib/python3.12/site-packages/airflow/example_dags/plugins/listener_plugin.py
[2026-06-21T16:23:39.113-0500] {processor.py:830} INFO - Processing file /Users/naga/Desktop/airflow_env/lib/python3.12/site-packages/airflow/example_dags/plugins/listener_plugin.py for tasks to queue
[2026-06-21T16:23:39.113-0500] {logging_mixin.py:188} INFO - [2026-06-21T16:23:39.113-0500] {dagbag.py:545} INFO - Filling up the DagBag from /Users/naga/Desktop/airflow_env/lib/python3.12/site-packages/airflow/example_dags/plugins/listener_plugin.py
[2026-06-21T16:23:39.115-0500] {processor.py:842} WARNING - No viable dags retrieved from /Users/naga/Desktop/airflow_env/lib/python3.12/site-packages/airflow/example_dags/plugins/listener_plugin.py
[2026-06-21T16:23:39.154-0500] {processor.py:183} INFO - Processing /Users/naga/Desktop/airflow_env/lib/python3.12/site-packages/airflow/example_dags/plugins/listener_plugin.py took 0.043 seconds
[2026-06-21T16:24:45.433-0500] {processor.py:161} INFO - Started process (PID=59775) to work on /Users/naga/Desktop/airflow_env/lib/python3.12/site-packages/airflow/example_dags/plugins/listener_plugin.py
[2026-06-21T16:24:45.434-0500] {processor.py:830} INFO - Processing file /Users/naga/Desktop/airflow_env/lib/python3.12/site-packages/airflow/example_dags/plugins/listener_plugin.py for tasks to queue
[2026-06-21T16:24:45.435-0500] {logging_mixin.py:188} INFO - [2026-06-21T16:24:45.434-0500] {dagbag.py:545} INFO - Filling up the DagBag from /Users/naga/Desktop/airflow_env/lib/python3.12/site-packages/airflow/example_dags/plugins/listener_plugin.py
[2026-06-21T16:24:45.437-0500] {processor.py:842} WARNING - No viable dags retrieved from /Users/naga/Desktop/airflow_env/lib/python3.12/site-packages/airflow/example_dags/plugins/listener_plugin.py
[2026-06-21T16:24:45.475-0500] {processor.py:183} INFO - Processing /Users/naga/Desktop/airflow_env/lib/python3.12/site-packages/airflow/example_dags/plugins/listener_plugin.py took 0.043 seconds
[2026-06-21T16:25:52.764-0500] {processor.py:161} INFO - Started process (PID=59842) to work on /Users/naga/Desktop/airflow_env/lib/python3.12/site-packages/airflow/example_dags/plugins/listener_plugin.py
[2026-06-21T16:25:52.766-0500] {processor.py:830} INFO - Processing file /Users/naga/Desktop/airflow_env/lib/python3.12/site-packages/airflow/example_dags/plugins/listener_plugin.py for tasks to queue
[2026-06-21T16:25:52.766-0500] {logging_mixin.py:188} INFO - [2026-06-21T16:25:52.766-0500] {dagbag.py:545} INFO - Filling up the DagBag from /Users/naga/Desktop/airflow_env/lib/python3.12/site-packages/airflow/example_dags/plugins/listener_plugin.py
[2026-06-21T16:25:52.768-0500] {processor.py:842} WARNING - No viable dags retrieved from /Users/naga/Desktop/airflow_env/lib/python3.12/site-packages/airflow/example_dags/plugins/listener_plugin.py
[2026-06-21T16:25:52.812-0500] {processor.py:183} INFO - Processing /Users/naga/Desktop/airflow_env/lib/python3.12/site-packages/airflow/example_dags/plugins/listener_plugin.py took 0.049 seconds
[2026-06-21T16:27:02.991-0500] {processor.py:161} INFO - Started process (PID=59915) to work on /Users/naga/Desktop/airflow_env/lib/python3.12/site-packages/airflow/example_dags/plugins/listener_plugin.py
[2026-06-21T16:27:02.992-0500] {processor.py:830} INFO - Processing file /Users/naga/Desktop/airflow_env/lib/python3.12/site-packages/airflow/example_dags/plugins/listener_plugin.py for tasks to queue
[2026-06-21T16:27:02.992-0500] {logging_mixin.py:188} INFO - [2026-06-21T16:27:02.992-0500] {dagbag.py:545} INFO - Filling up the DagBag from /Users/naga/Desktop/airflow_env/lib/python3.12/site-packages/airflow/example_dags/plugins/listener_plugin.py
[2026-06-21T16:27:02.994-0500] {processor.py:842} WARNING - No viable dags retrieved from /Users/naga/Desktop/airflow_env/lib/python3.12/site-packages/airflow/example_dags/plugins/listener_plugin.py
[2026-06-21T16:27:03.033-0500] {processor.py:183} INFO - Processing /Users/naga/Desktop/airflow_env/lib/python3.12/site-packages/airflow/example_dags/plugins/listener_plugin.py took 0.043 seconds
[2026-06-21T16:28:09.116-0500] {processor.py:161} INFO - Started process (PID=59989) to work on /Users/naga/Desktop/airflow_env/lib/python3.12/site-packages/airflow/example_dags/plugins/listener_plugin.py
[2026-06-21T16:28:09.117-0500] {processor.py:830} INFO - Processing file /Users/naga/Desktop/airflow_env/lib/python3.12/site-packages/airflow/example_dags/plugins/listener_plugin.py for tasks to queue
[2026-06-21T16:28:09.117-0500] {logging_mixin.py:188} INFO - [2026-06-21T16:28:09.117-0500] {dagbag.py:545} INFO - Filling up the DagBag from /Users/naga/Desktop/airflow_env/lib/python3.12/site-packages/airflow/example_dags/plugins/listener_plugin.py
[2026-06-21T16:28:09.119-0500] {processor.py:842} WARNING - No viable dags retrieved from /Users/naga/Desktop/airflow_env/lib/python3.12/site-packages/airflow/example_dags/plugins/listener_plugin.py
[2026-06-21T16:28:09.158-0500] {processor.py:183} INFO - Processing /Users/naga/Desktop/airflow_env/lib/python3.12/site-packages/airflow/example_dags/plugins/listener_plugin.py took 0.043 seconds
[2026-06-21T16:29:15.085-0500] {processor.py:161} INFO - Started process (PID=60049) to work on /Users/naga/Desktop/airflow_env/lib/python3.12/site-packages/airflow/example_dags/plugins/listener_plugin.py
[2026-06-21T16:29:15.085-0500] {processor.py:830} INFO - Processing file /Users/naga/Desktop/airflow_env/lib/python3.12/site-packages/airflow/example_dags/plugins/listener_plugin.py for tasks to queue
[2026-06-21T16:29:15.085-0500] {logging_mixin.py:188} INFO - [2026-06-21T16:29:15.085-0500] {dagbag.py:545} INFO - Filling up the DagBag from /Users/naga/Desktop/airflow_env/lib/python3.12/site-packages/airflow/example_dags/plugins/listener_plugin.py
[2026-06-21T16:29:15.087-0500] {processor.py:842} WARNING - No viable dags retrieved from /Users/naga/Desktop/airflow_env/lib/python3.12/site-packages/airflow/example_dags/plugins/listener_plugin.py
[2026-06-21T16:29:15.123-0500] {processor.py:183} INFO - Processing /Users/naga/Desktop/airflow_env/lib/python3.12/site-packages/airflow/example_dags/plugins/listener_plugin.py took 0.040 seconds
[2026-06-21T16:30:19.652-0500] {processor.py:161} INFO - Started process (PID=60098) to work on /Users/naga/Desktop/airflow_env/lib/python3.12/site-packages/airflow/example_dags/plugins/listener_plugin.py
[2026-06-21T16:30:19.653-0500] {processor.py:830} INFO - Processing file /Users/naga/Desktop/airflow_env/lib/python3.12/site-packages/airflow/example_dags/plugins/listener_plugin.py for tasks to queue
[2026-06-21T16:30:19.653-0500] {logging_mixin.py:188} INFO - [2026-06-21T16:30:19.653-0500] {dagbag.py:545} INFO - Filling up the DagBag from /Users/naga/Desktop/airflow_env/lib/python3.12/site-packages/airflow/example_dags/plugins/listener_plugin.py
[2026-06-21T16:30:19.655-0500] {processor.py:842} WARNING - No viable dags retrieved from /Users/naga/Desktop/airflow_env/lib/python3.12/site-packages/airflow/example_dags/plugins/listener_plugin.py
[2026-06-21T16:30:19.691-0500] {processor.py:183} INFO - Processing /Users/naga/Desktop/airflow_env/lib/python3.12/site-packages/airflow/example_dags/plugins/listener_plugin.py took 0.040 seconds
[2026-06-21T16:31:22.030-0500] {processor.py:161} INFO - Started process (PID=60179) to work on /Users/naga/Desktop/airflow_env/lib/python3.12/site-packages/airflow/example_dags/plugins/listener_plugin.py
[2026-06-21T16:31:22.031-0500] {processor.py:830} INFO - Processing file /Users/naga/Desktop/airflow_env/lib/python3.12/site-packages/airflow/example_dags/plugins/listener_plugin.py for tasks to queue
[2026-06-21T16:31:22.031-0500] {logging_mixin.py:188} INFO - [2026-06-21T16:31:22.031-0500] {dagbag.py:545} INFO - Filling up the DagBag from /Users/naga/Desktop/airflow_env/lib/python3.12/site-packages/airflow/example_dags/plugins/listener_plugin.py
[2026-06-21T16:31:22.033-0500] {processor.py:842} WARNING - No viable dags retrieved from /Users/naga/Desktop/airflow_env/lib/python3.12/site-packages/airflow/example_dags/plugins/listener_plugin.py
[2026-06-21T16:31:22.070-0500] {processor.py:183} INFO - Processing /Users/naga/Desktop/airflow_env/lib/python3.12/site-packages/airflow/example_dags/plugins/listener_plugin.py took 0.042 seconds
[2026-06-21T16:32:24.861-0500] {processor.py:161} INFO - Started process (PID=60252) to work on /Users/naga/Desktop/airflow_env/lib/python3.12/site-packages/airflow/example_dags/plugins/listener_plugin.py
[2026-06-21T16:32:24.862-0500] {processor.py:830} INFO - Processing file /Users/naga/Desktop/airflow_env/lib/python3.12/site-packages/airflow/example_dags/plugins/listener_plugin.py for tasks to queue
[2026-06-21T16:32:24.862-0500] {logging_mixin.py:188} INFO - [2026-06-21T16:32:24.862-0500] {dagbag.py:545} INFO - Filling up the DagBag from /Users/naga/Desktop/airflow_env/lib/python3.12/site-packages/airflow/example_dags/plugins/listener_plugin.py
[2026-06-21T16:32:24.864-0500] {processor.py:842} WARNING - No viable dags retrieved from /Users/naga/Desktop/airflow_env/lib/python3.12/site-packages/airflow/example_dags/plugins/listener_plugin.py
[2026-06-21T16:32:24.900-0500] {processor.py:183} INFO - Processing /Users/naga/Desktop/airflow_env/lib/python3.12/site-packages/airflow/example_dags/plugins/listener_plugin.py took 0.041 seconds
[2026-06-21T16:33:24.613-0500] {processor.py:161} INFO - Started process (PID=60314) to work on /Users/naga/Desktop/airflow_env/lib/python3.12/site-packages/airflow/example_dags/plugins/listener_plugin.py
[2026-06-21T16:33:24.614-0500] {processor.py:830} INFO - Processing file /Users/naga/Desktop/airflow_env/lib/python3.12/site-packages/airflow/example_dags/plugins/listener_plugin.py for tasks to queue
[2026-06-21T16:33:24.615-0500] {logging_mixin.py:188} INFO - [2026-06-21T16:33:24.614-0500] {dagbag.py:545} INFO - Filling up the DagBag from /Users/naga/Desktop/airflow_env/lib/python3.12/site-packages/airflow/example_dags/plugins/listener_plugin.py
[2026-06-21T16:33:24.616-0500] {processor.py:842} WARNING - No viable dags retrieved from /Users/naga/Desktop/airflow_env/lib/python3.12/site-packages/airflow/example_dags/plugins/listener_plugin.py
[2026-06-21T16:33:24.653-0500] {processor.py:183} INFO - Processing /Users/naga/Desktop/airflow_env/lib/python3.12/site-packages/airflow/example_dags/plugins/listener_plugin.py took 0.041 seconds
[2026-06-21T16:34:26.921-0500] {processor.py:161} INFO - Started process (PID=60355) to work on /Users/naga/Desktop/airflow_env/lib/python3.12/site-packages/airflow/example_dags/plugins/listener_plugin.py
[2026-06-21T16:34:26.922-0500] {processor.py:830} INFO - Processing file /Users/naga/Desktop/airflow_env/lib/python3.12/site-packages/airflow/example_dags/plugins/listener_plugin.py for tasks to queue
[2026-06-21T16:34:26.922-0500] {logging_mixin.py:188} INFO - [2026-06-21T16:34:26.922-0500] {dagbag.py:545} INFO - Filling up the DagBag from /Users/naga/Desktop/airflow_env/lib/python3.12/site-packages/airflow/example_dags/plugins/listener_plugin.py
[2026-06-21T16:34:26.924-0500] {processor.py:842} WARNING - No viable dags retrieved from /Users/naga/Desktop/airflow_env/lib/python3.12/site-packages/airflow/example_dags/plugins/listener_plugin.py
[2026-06-21T16:34:26.962-0500] {processor.py:183} INFO - Processing /Users/naga/Desktop/airflow_env/lib/python3.12/site-packages/airflow/example_dags/plugins/listener_plugin.py took 0.042 seconds
[2026-06-21T16:35:31.406-0500] {processor.py:161} INFO - Started process (PID=60432) to work on /Users/naga/Desktop/airflow_env/lib/python3.12/site-packages/airflow/example_dags/plugins/listener_plugin.py
[2026-06-21T16:35:31.407-0500] {processor.py:830} INFO - Processing file /Users/naga/Desktop/airflow_env/lib/python3.12/site-packages/airflow/example_dags/plugins/listener_plugin.py for tasks to queue
[2026-06-21T16:35:31.408-0500] {logging_mixin.py:188} INFO - [2026-06-21T16:35:31.408-0500] {dagbag.py:545} INFO - Filling up the DagBag from /Users/naga/Desktop/airflow_env/lib/python3.12/site-packages/airflow/example_dags/plugins/listener_plugin.py
[2026-06-21T16:35:31.409-0500] {processor.py:842} WARNING - No viable dags retrieved from /Users/naga/Desktop/airflow_env/lib/python3.12/site-packages/airflow/example_dags/plugins/listener_plugin.py
[2026-06-21T16:35:31.445-0500] {processor.py:183} INFO - Processing /Users/naga/Desktop/airflow_env/lib/python3.12/site-packages/airflow/example_dags/plugins/listener_plugin.py took 0.040 seconds
[2026-06-21T16:36:33.195-0500] {processor.py:161} INFO - Started process (PID=60484) to work on /Users/naga/Desktop/airflow_env/lib/python3.12/site-packages/airflow/example_dags/plugins/listener_plugin.py
[2026-06-21T16:36:33.196-0500] {processor.py:830} INFO - Processing file /Users/naga/Desktop/airflow_env/lib/python3.12/site-packages/airflow/example_dags/plugins/listener_plugin.py for tasks to queue
[2026-06-21T16:36:33.196-0500] {logging_mixin.py:188} INFO - [2026-06-21T16:36:33.196-0500] {dagbag.py:545} INFO - Filling up the DagBag from /Users/naga/Desktop/airflow_env/lib/python3.12/site-packages/airflow/example_dags/plugins/listener_plugin.py
[2026-06-21T16:36:33.198-0500] {processor.py:842} WARNING - No viable dags retrieved from /Users/naga/Desktop/airflow_env/lib/python3.12/site-packages/airflow/example_dags/plugins/listener_plugin.py
[2026-06-21T16:36:33.238-0500] {processor.py:183} INFO - Processing /Users/naga/Desktop/airflow_env/lib/python3.12/site-packages/airflow/example_dags/plugins/listener_plugin.py took 0.044 seconds
[2026-06-21T16:37:34.657-0500] {processor.py:161} INFO - Started process (PID=60570) to work on /Users/naga/Desktop/airflow_env/lib/python3.12/site-packages/airflow/example_dags/plugins/listener_plugin.py
[2026-06-21T16:37:34.658-0500] {processor.py:830} INFO - Processing file /Users/naga/Desktop/airflow_env/lib/python3.12/site-packages/airflow/example_dags/plugins/listener_plugin.py for tasks to queue
[2026-06-21T16:37:34.658-0500] {logging_mixin.py:188} INFO - [2026-06-21T16:37:34.658-0500] {dagbag.py:545} INFO - Filling up the DagBag from /Users/naga/Desktop/airflow_env/lib/python3.12/site-packages/airflow/example_dags/plugins/listener_plugin.py
[2026-06-21T16:37:34.660-0500] {processor.py:842} WARNING - No viable dags retrieved from /Users/naga/Desktop/airflow_env/lib/python3.12/site-packages/airflow/example_dags/plugins/listener_plugin.py
[2026-06-21T16:37:34.696-0500] {processor.py:183} INFO - Processing /Users/naga/Desktop/airflow_env/lib/python3.12/site-packages/airflow/example_dags/plugins/listener_plugin.py took 0.040 seconds
[2026-06-21T16:38:37.723-0500] {processor.py:161} INFO - Started process (PID=60616) to work on /Users/naga/Desktop/airflow_env/lib/python3.12/site-packages/airflow/example_dags/plugins/listener_plugin.py
[2026-06-21T16:38:37.724-0500] {processor.py:830} INFO - Processing file /Users/naga/Desktop/airflow_env/lib/python3.12/site-packages/airflow/example_dags/plugins/listener_plugin.py for tasks to queue
[2026-06-21T16:38:37.724-0500] {logging_mixin.py:188} INFO - [2026-06-21T16:38:37.724-0500] {dagbag.py:545} INFO - Filling up the DagBag from /Users/naga/Desktop/airflow_env/lib/python3.12/site-packages/airflow/example_dags/plugins/listener_plugin.py
[2026-06-21T16:38:37.726-0500] {processor.py:842} WARNING - No viable dags retrieved from /Users/naga/Desktop/airflow_env/lib/python3.12/site-packages/airflow/example_dags/plugins/listener_plugin.py
[2026-06-21T16:38:37.763-0500] {processor.py:183} INFO - Processing /Users/naga/Desktop/airflow_env/lib/python3.12/site-packages/airflow/example_dags/plugins/listener_plugin.py took 0.041 seconds
[2026-06-21T16:39:41.206-0500] {processor.py:161} INFO - Started process (PID=60691) to work on /Users/naga/Desktop/airflow_env/lib/python3.12/site-packages/airflow/example_dags/plugins/listener_plugin.py
[2026-06-21T16:39:41.207-0500] {processor.py:830} INFO - Processing file /Users/naga/Desktop/airflow_env/lib/python3.12/site-packages/airflow/example_dags/plugins/listener_plugin.py for tasks to queue
[2026-06-21T16:39:41.208-0500] {logging_mixin.py:188} INFO - [2026-06-21T16:39:41.208-0500] {dagbag.py:545} INFO - Filling up the DagBag from /Users/naga/Desktop/airflow_env/lib/python3.12/site-packages/airflow/example_dags/plugins/listener_plugin.py
[2026-06-21T16:39:41.209-0500] {processor.py:842} WARNING - No viable dags retrieved from /Users/naga/Desktop/airflow_env/lib/python3.12/site-packages/airflow/example_dags/plugins/listener_plugin.py
[2026-06-21T16:39:41.247-0500] {processor.py:183} INFO - Processing /Users/naga/Desktop/airflow_env/lib/python3.12/site-packages/airflow/example_dags/plugins/listener_plugin.py took 0.043 seconds
[2026-06-21T16:42:00.619-0500] {processor.py:161} INFO - Started process (PID=60797) to work on /Users/naga/Desktop/airflow_env/lib/python3.12/site-packages/airflow/example_dags/plugins/listener_plugin.py
[2026-06-21T16:42:00.620-0500] {processor.py:830} INFO - Processing file /Users/naga/Desktop/airflow_env/lib/python3.12/site-packages/airflow/example_dags/plugins/listener_plugin.py for tasks to queue
[2026-06-21T16:42:00.620-0500] {logging_mixin.py:188} INFO - [2026-06-21T16:42:00.620-0500] {dagbag.py:545} INFO - Filling up the DagBag from /Users/naga/Desktop/airflow_env/lib/python3.12/site-packages/airflow/example_dags/plugins/listener_plugin.py
[2026-06-21T16:42:00.623-0500] {processor.py:842} WARNING - No viable dags retrieved from /Users/naga/Desktop/airflow_env/lib/python3.12/site-packages/airflow/example_dags/plugins/listener_plugin.py
[2026-06-21T16:42:00.684-0500] {processor.py:183} INFO - Processing /Users/naga/Desktop/airflow_env/lib/python3.12/site-packages/airflow/example_dags/plugins/listener_plugin.py took 0.068 seconds
[2026-06-21T16:44:01.122-0500] {processor.py:161} INFO - Started process (PID=60914) to work on /Users/naga/Desktop/airflow_env/lib/python3.12/site-packages/airflow/example_dags/plugins/listener_plugin.py
[2026-06-21T16:44:01.123-0500] {processor.py:830} INFO - Processing file /Users/naga/Desktop/airflow_env/lib/python3.12/site-packages/airflow/example_dags/plugins/listener_plugin.py for tasks to queue
[2026-06-21T16:44:01.123-0500] {logging_mixin.py:188} INFO - [2026-06-21T16:44:01.123-0500] {dagbag.py:545} INFO - Filling up the DagBag from /Users/naga/Desktop/airflow_env/lib/python3.12/site-packages/airflow/example_dags/plugins/listener_plugin.py
[2026-06-21T16:44:01.126-0500] {processor.py:842} WARNING - No viable dags retrieved from /Users/naga/Desktop/airflow_env/lib/python3.12/site-packages/airflow/example_dags/plugins/listener_plugin.py
[2026-06-21T16:44:01.189-0500] {processor.py:183} INFO - Processing /Users/naga/Desktop/airflow_env/lib/python3.12/site-packages/airflow/example_dags/plugins/listener_plugin.py took 0.070 seconds
[2026-06-21T16:45:32.186-0500] {processor.py:161} INFO - Started process (PID=60965) to work on /Users/naga/Desktop/airflow_env/lib/python3.12/site-packages/airflow/example_dags/plugins/listener_plugin.py
[2026-06-21T16:45:32.187-0500] {processor.py:830} INFO - Processing file /Users/naga/Desktop/airflow_env/lib/python3.12/site-packages/airflow/example_dags/plugins/listener_plugin.py for tasks to queue
[2026-06-21T16:45:32.188-0500] {logging_mixin.py:188} INFO - [2026-06-21T16:45:32.187-0500] {dagbag.py:545} INFO - Filling up the DagBag from /Users/naga/Desktop/airflow_env/lib/python3.12/site-packages/airflow/example_dags/plugins/listener_plugin.py
[2026-06-21T16:45:32.190-0500] {processor.py:842} WARNING - No viable dags retrieved from /Users/naga/Desktop/airflow_env/lib/python3.12/site-packages/airflow/example_dags/plugins/listener_plugin.py
[2026-06-21T16:45:32.251-0500] {processor.py:183} INFO - Processing /Users/naga/Desktop/airflow_env/lib/python3.12/site-packages/airflow/example_dags/plugins/listener_plugin.py took 0.068 seconds
[2026-06-21T16:47:06.515-0500] {processor.py:161} INFO - Started process (PID=61044) to work on /Users/naga/Desktop/airflow_env/lib/python3.12/site-packages/airflow/example_dags/plugins/listener_plugin.py
[2026-06-21T16:47:06.517-0500] {processor.py:830} INFO - Processing file /Users/naga/Desktop/airflow_env/lib/python3.12/site-packages/airflow/example_dags/plugins/listener_plugin.py for tasks to queue
[2026-06-21T16:47:06.517-0500] {logging_mixin.py:188} INFO - [2026-06-21T16:47:06.517-0500] {dagbag.py:545} INFO - Filling up the DagBag from /Users/naga/Desktop/airflow_env/lib/python3.12/site-packages/airflow/example_dags/plugins/listener_plugin.py
[2026-06-21T16:47:06.520-0500] {processor.py:842} WARNING - No viable dags retrieved from /Users/naga/Desktop/airflow_env/lib/python3.12/site-packages/airflow/example_dags/plugins/listener_plugin.py
[2026-06-21T16:47:06.586-0500] {processor.py:183} INFO - Processing /Users/naga/Desktop/airflow_env/lib/python3.12/site-packages/airflow/example_dags/plugins/listener_plugin.py took 0.073 seconds
[2026-06-21T18:45:44.417-0500] {processor.py:161} INFO - Started process (PID=61176) to work on /Users/naga/Desktop/airflow_env/lib/python3.12/site-packages/airflow/example_dags/plugins/listener_plugin.py
[2026-06-21T18:45:44.418-0500] {processor.py:830} INFO - Processing file /Users/naga/Desktop/airflow_env/lib/python3.12/site-packages/airflow/example_dags/plugins/listener_plugin.py for tasks to queue
[2026-06-21T18:45:44.419-0500] {logging_mixin.py:188} INFO - [2026-06-21T18:45:44.418-0500] {dagbag.py:545} INFO - Filling up the DagBag from /Users/naga/Desktop/airflow_env/lib/python3.12/site-packages/airflow/example_dags/plugins/listener_plugin.py
[2026-06-21T18:45:44.421-0500] {processor.py:842} WARNING - No viable dags retrieved from /Users/naga/Desktop/airflow_env/lib/python3.12/site-packages/airflow/example_dags/plugins/listener_plugin.py
[2026-06-21T18:45:44.483-0500] {processor.py:183} INFO - Processing /Users/naga/Desktop/airflow_env/lib/python3.12/site-packages/airflow/example_dags/plugins/listener_plugin.py took 0.068 seconds
[2026-06-21T18:50:25.807-0500] {processor.py:161} INFO - Started process (PID=61292) to work on /Users/naga/Desktop/airflow_env/lib/python3.12/site-packages/airflow/example_dags/plugins/listener_plugin.py
[2026-06-21T18:50:25.808-0500] {processor.py:830} INFO - Processing file /Users/naga/Desktop/airflow_env/lib/python3.12/site-packages/airflow/example_dags/plugins/listener_plugin.py for tasks to queue
[2026-06-21T18:50:25.809-0500] {logging_mixin.py:188} INFO - [2026-06-21T18:50:25.809-0500] {dagbag.py:545} INFO - Filling up the DagBag from /Users/naga/Desktop/airflow_env/lib/python3.12/site-packages/airflow/example_dags/plugins/listener_plugin.py
[2026-06-21T18:50:25.810-0500] {processor.py:842} WARNING - No viable dags retrieved from /Users/naga/Desktop/airflow_env/lib/python3.12/site-packages/airflow/example_dags/plugins/listener_plugin.py
[2026-06-21T18:50:25.872-0500] {processor.py:183} INFO - Processing /Users/naga/Desktop/airflow_env/lib/python3.12/site-packages/airflow/example_dags/plugins/listener_plugin.py took 0.068 seconds
[2026-06-21T18:57:47.462-0500] {processor.py:161} INFO - Started process (PID=61374) to work on /Users/naga/Desktop/airflow_env/lib/python3.12/site-packages/airflow/example_dags/plugins/listener_plugin.py
[2026-06-21T18:57:47.464-0500] {processor.py:830} INFO - Processing file /Users/naga/Desktop/airflow_env/lib/python3.12/site-packages/airflow/example_dags/plugins/listener_plugin.py for tasks to queue
[2026-06-21T18:57:47.464-0500] {logging_mixin.py:188} INFO - [2026-06-21T18:57:47.464-0500] {dagbag.py:545} INFO - Filling up the DagBag from /Users/naga/Desktop/airflow_env/lib/python3.12/site-packages/airflow/example_dags/plugins/listener_plugin.py
[2026-06-21T18:57:47.466-0500] {processor.py:842} WARNING - No viable dags retrieved from /Users/naga/Desktop/airflow_env/lib/python3.12/site-packages/airflow/example_dags/plugins/listener_plugin.py
[2026-06-21T18:57:47.528-0500] {processor.py:183} INFO - Processing /Users/naga/Desktop/airflow_env/lib/python3.12/site-packages/airflow/example_dags/plugins/listener_plugin.py took 0.068 seconds
