[2026-06-21T19:46:42.428-0500] {processor.py:161} INFO - Started process (PID=61475) to work on /Users/naga/Desktop/airflow_env/lib/python3.12/site-packages/airflow/example_dags/plugins/event_listener.py
[2026-06-21T19:46:42.429-0500] {processor.py:830} INFO - Processing file /Users/naga/Desktop/airflow_env/lib/python3.12/site-packages/airflow/example_dags/plugins/event_listener.py for tasks to queue
[2026-06-21T19:46:42.430-0500] {logging_mixin.py:188} INFO - [2026-06-21T19:46:42.429-0500] {dagbag.py:545} INFO - Filling up the DagBag from /Users/naga/Desktop/airflow_env/lib/python3.12/site-packages/airflow/example_dags/plugins/event_listener.py
[2026-06-21T19:46:42.430-0500] {processor.py:842} WARNING - No viable dags retrieved from /Users/naga/Desktop/airflow_env/lib/python3.12/site-packages/airflow/example_dags/plugins/event_listener.py
[2026-06-21T19:46:42.494-0500] {processor.py:183} INFO - Processing /Users/naga/Desktop/airflow_env/lib/python3.12/site-packages/airflow/example_dags/plugins/event_listener.py took 0.068 seconds
[2026-06-21T19:48:13.697-0500] {processor.py:161} INFO - Started process (PID=61551) to work on /Users/naga/Desktop/airflow_env/lib/python3.12/site-packages/airflow/example_dags/plugins/event_listener.py
[2026-06-21T19:48:13.698-0500] {processor.py:830} INFO - Processing file /Users/naga/Desktop/airflow_env/lib/python3.12/site-packages/airflow/example_dags/plugins/event_listener.py for tasks to queue
[2026-06-21T19:48:13.698-0500] {logging_mixin.py:188} INFO - [2026-06-21T19:48:13.698-0500] {dagbag.py:545} INFO - Filling up the DagBag from /Users/naga/Desktop/airflow_env/lib/python3.12/site-packages/airflow/example_dags/plugins/event_listener.py
[2026-06-21T19:48:13.699-0500] {processor.py:842} WARNING - No viable dags retrieved from /Users/naga/Desktop/airflow_env/lib/python3.12/site-packages/airflow/example_dags/plugins/event_listener.py
[2026-06-21T19:48:13.761-0500] {processor.py:183} INFO - Processing /Users/naga/Desktop/airflow_env/lib/python3.12/site-packages/airflow/example_dags/plugins/event_listener.py took 0.067 seconds
[2026-06-21T19:49:47.605-0500] {processor.py:161} INFO - Started process (PID=61713) to work on /Users/naga/Desktop/airflow_env/lib/python3.12/site-packages/airflow/example_dags/plugins/event_listener.py
[2026-06-21T19:49:47.607-0500] {processor.py:830} INFO - Processing file /Users/naga/Desktop/airflow_env/lib/python3.12/site-packages/airflow/example_dags/plugins/event_listener.py for tasks to queue
[2026-06-21T19:49:47.608-0500] {logging_mixin.py:188} INFO - [2026-06-21T19:49:47.608-0500] {dagbag.py:545} INFO - Filling up the DagBag from /Users/naga/Desktop/airflow_env/lib/python3.12/site-packages/airflow/example_dags/plugins/event_listener.py
[2026-06-21T19:49:47.609-0500] {processor.py:842} WARNING - No viable dags retrieved from /Users/naga/Desktop/airflow_env/lib/python3.12/site-packages/airflow/example_dags/plugins/event_listener.py
[2026-06-21T19:49:47.689-0500] {processor.py:183} INFO - Processing /Users/naga/Desktop/airflow_env/lib/python3.12/site-packages/airflow/example_dags/plugins/event_listener.py took 0.089 seconds
[2026-06-21T19:51:20.798-0500] {processor.py:161} INFO - Started process (PID=61791) to work on /Users/naga/Desktop/airflow_env/lib/python3.12/site-packages/airflow/example_dags/plugins/event_listener.py
[2026-06-21T19:51:20.799-0500] {processor.py:830} INFO - Processing file /Users/naga/Desktop/airflow_env/lib/python3.12/site-packages/airflow/example_dags/plugins/event_listener.py for tasks to queue
[2026-06-21T19:51:20.799-0500] {logging_mixin.py:188} INFO - [2026-06-21T19:51:20.799-0500] {dagbag.py:545} INFO - Filling up the DagBag from /Users/naga/Desktop/airflow_env/lib/python3.12/site-packages/airflow/example_dags/plugins/event_listener.py
[2026-06-21T19:51:20.800-0500] {processor.py:842} WARNING - No viable dags retrieved from /Users/naga/Desktop/airflow_env/lib/python3.12/site-packages/airflow/example_dags/plugins/event_listener.py
[2026-06-21T19:51:20.862-0500] {processor.py:183} INFO - Processing /Users/naga/Desktop/airflow_env/lib/python3.12/site-packages/airflow/example_dags/plugins/event_listener.py took 0.067 seconds
[2026-06-21T19:52:44.875-0500] {processor.py:161} INFO - Started process (PID=61866) to work on /Users/naga/Desktop/airflow_env/lib/python3.12/site-packages/airflow/example_dags/plugins/event_listener.py
[2026-06-21T19:52:44.876-0500] {processor.py:830} INFO - Processing file /Users/naga/Desktop/airflow_env/lib/python3.12/site-packages/airflow/example_dags/plugins/event_listener.py for tasks to queue
[2026-06-21T19:52:44.877-0500] {logging_mixin.py:188} INFO - [2026-06-21T19:52:44.877-0500] {dagbag.py:545} INFO - Filling up the DagBag from /Users/naga/Desktop/airflow_env/lib/python3.12/site-packages/airflow/example_dags/plugins/event_listener.py
[2026-06-21T19:52:44.878-0500] {processor.py:842} WARNING - No viable dags retrieved from /Users/naga/Desktop/airflow_env/lib/python3.12/site-packages/airflow/example_dags/plugins/event_listener.py
[2026-06-21T19:52:44.940-0500] {processor.py:183} INFO - Processing /Users/naga/Desktop/airflow_env/lib/python3.12/site-packages/airflow/example_dags/plugins/event_listener.py took 0.067 seconds
[2026-06-21T19:54:08.559-0500] {processor.py:161} INFO - Started process (PID=61933) to work on /Users/naga/Desktop/airflow_env/lib/python3.12/site-packages/airflow/example_dags/plugins/event_listener.py
[2026-06-21T19:54:08.560-0500] {processor.py:830} INFO - Processing file /Users/naga/Desktop/airflow_env/lib/python3.12/site-packages/airflow/example_dags/plugins/event_listener.py for tasks to queue
[2026-06-21T19:54:08.561-0500] {logging_mixin.py:188} INFO - [2026-06-21T19:54:08.561-0500] {dagbag.py:545} INFO - Filling up the DagBag from /Users/naga/Desktop/airflow_env/lib/python3.12/site-packages/airflow/example_dags/plugins/event_listener.py
[2026-06-21T19:54:08.562-0500] {processor.py:842} WARNING - No viable dags retrieved from /Users/naga/Desktop/airflow_env/lib/python3.12/site-packages/airflow/example_dags/plugins/event_listener.py
[2026-06-21T19:54:08.623-0500] {processor.py:183} INFO - Processing /Users/naga/Desktop/airflow_env/lib/python3.12/site-packages/airflow/example_dags/plugins/event_listener.py took 0.067 seconds
[2026-06-21T19:55:32.429-0500] {processor.py:161} INFO - Started process (PID=61982) to work on /Users/naga/Desktop/airflow_env/lib/python3.12/site-packages/airflow/example_dags/plugins/event_listener.py
[2026-06-21T19:55:32.430-0500] {processor.py:830} INFO - Processing file /Users/naga/Desktop/airflow_env/lib/python3.12/site-packages/airflow/example_dags/plugins/event_listener.py for tasks to queue
[2026-06-21T19:55:32.431-0500] {logging_mixin.py:188} INFO - [2026-06-21T19:55:32.430-0500] {dagbag.py:545} INFO - Filling up the DagBag from /Users/naga/Desktop/airflow_env/lib/python3.12/site-packages/airflow/example_dags/plugins/event_listener.py
[2026-06-21T19:55:32.431-0500] {processor.py:842} WARNING - No viable dags retrieved from /Users/naga/Desktop/airflow_env/lib/python3.12/site-packages/airflow/example_dags/plugins/event_listener.py
[2026-06-21T19:55:32.494-0500] {processor.py:183} INFO - Processing /Users/naga/Desktop/airflow_env/lib/python3.12/site-packages/airflow/example_dags/plugins/event_listener.py took 0.067 seconds
[2026-06-21T19:56:57.430-0500] {processor.py:161} INFO - Started process (PID=62047) to work on /Users/naga/Desktop/airflow_env/lib/python3.12/site-packages/airflow/example_dags/plugins/event_listener.py
[2026-06-21T19:56:57.431-0500] {processor.py:830} INFO - Processing file /Users/naga/Desktop/airflow_env/lib/python3.12/site-packages/airflow/example_dags/plugins/event_listener.py for tasks to queue
[2026-06-21T19:56:57.431-0500] {logging_mixin.py:188} INFO - [2026-06-21T19:56:57.431-0500] {dagbag.py:545} INFO - Filling up the DagBag from /Users/naga/Desktop/airflow_env/lib/python3.12/site-packages/airflow/example_dags/plugins/event_listener.py
[2026-06-21T19:56:57.432-0500] {processor.py:842} WARNING - No viable dags retrieved from /Users/naga/Desktop/airflow_env/lib/python3.12/site-packages/airflow/example_dags/plugins/event_listener.py
[2026-06-21T19:56:57.510-0500] {processor.py:183} INFO - Processing /Users/naga/Desktop/airflow_env/lib/python3.12/site-packages/airflow/example_dags/plugins/event_listener.py took 0.083 seconds
[2026-06-21T19:58:28.400-0500] {processor.py:161} INFO - Started process (PID=62129) to work on /Users/naga/Desktop/airflow_env/lib/python3.12/site-packages/airflow/example_dags/plugins/event_listener.py
[2026-06-21T19:58:28.401-0500] {processor.py:830} INFO - Processing file /Users/naga/Desktop/airflow_env/lib/python3.12/site-packages/airflow/example_dags/plugins/event_listener.py for tasks to queue
[2026-06-21T19:58:28.401-0500] {logging_mixin.py:188} INFO - [2026-06-21T19:58:28.401-0500] {dagbag.py:545} INFO - Filling up the DagBag from /Users/naga/Desktop/airflow_env/lib/python3.12/site-packages/airflow/example_dags/plugins/event_listener.py
[2026-06-21T19:58:28.402-0500] {processor.py:842} WARNING - No viable dags retrieved from /Users/naga/Desktop/airflow_env/lib/python3.12/site-packages/airflow/example_dags/plugins/event_listener.py
[2026-06-21T19:58:28.465-0500] {processor.py:183} INFO - Processing /Users/naga/Desktop/airflow_env/lib/python3.12/site-packages/airflow/example_dags/plugins/event_listener.py took 0.067 seconds
[2026-06-21T19:59:54.678-0500] {processor.py:161} INFO - Started process (PID=62203) to work on /Users/naga/Desktop/airflow_env/lib/python3.12/site-packages/airflow/example_dags/plugins/event_listener.py
[2026-06-21T19:59:54.679-0500] {processor.py:830} INFO - Processing file /Users/naga/Desktop/airflow_env/lib/python3.12/site-packages/airflow/example_dags/plugins/event_listener.py for tasks to queue
[2026-06-21T19:59:54.680-0500] {logging_mixin.py:188} INFO - [2026-06-21T19:59:54.680-0500] {dagbag.py:545} INFO - Filling up the DagBag from /Users/naga/Desktop/airflow_env/lib/python3.12/site-packages/airflow/example_dags/plugins/event_listener.py
[2026-06-21T19:59:54.681-0500] {processor.py:842} WARNING - No viable dags retrieved from /Users/naga/Desktop/airflow_env/lib/python3.12/site-packages/airflow/example_dags/plugins/event_listener.py
[2026-06-21T19:59:54.742-0500] {processor.py:183} INFO - Processing /Users/naga/Desktop/airflow_env/lib/python3.12/site-packages/airflow/example_dags/plugins/event_listener.py took 0.066 seconds
[2026-06-21T20:01:21.254-0500] {processor.py:161} INFO - Started process (PID=62258) to work on /Users/naga/Desktop/airflow_env/lib/python3.12/site-packages/airflow/example_dags/plugins/event_listener.py
[2026-06-21T20:01:21.255-0500] {processor.py:830} INFO - Processing file /Users/naga/Desktop/airflow_env/lib/python3.12/site-packages/airflow/example_dags/plugins/event_listener.py for tasks to queue
[2026-06-21T20:01:21.255-0500] {logging_mixin.py:188} INFO - [2026-06-21T20:01:21.255-0500] {dagbag.py:545} INFO - Filling up the DagBag from /Users/naga/Desktop/airflow_env/lib/python3.12/site-packages/airflow/example_dags/plugins/event_listener.py
[2026-06-21T20:01:21.256-0500] {processor.py:842} WARNING - No viable dags retrieved from /Users/naga/Desktop/airflow_env/lib/python3.12/site-packages/airflow/example_dags/plugins/event_listener.py
[2026-06-21T20:01:21.334-0500] {processor.py:183} INFO - Processing /Users/naga/Desktop/airflow_env/lib/python3.12/site-packages/airflow/example_dags/plugins/event_listener.py took 0.083 seconds
[2026-06-21T20:02:46.692-0500] {processor.py:161} INFO - Started process (PID=62326) to work on /Users/naga/Desktop/airflow_env/lib/python3.12/site-packages/airflow/example_dags/plugins/event_listener.py
[2026-06-21T20:02:46.693-0500] {processor.py:830} INFO - Processing file /Users/naga/Desktop/airflow_env/lib/python3.12/site-packages/airflow/example_dags/plugins/event_listener.py for tasks to queue
[2026-06-21T20:02:46.694-0500] {logging_mixin.py:188} INFO - [2026-06-21T20:02:46.694-0500] {dagbag.py:545} INFO - Filling up the DagBag from /Users/naga/Desktop/airflow_env/lib/python3.12/site-packages/airflow/example_dags/plugins/event_listener.py
[2026-06-21T20:02:46.695-0500] {processor.py:842} WARNING - No viable dags retrieved from /Users/naga/Desktop/airflow_env/lib/python3.12/site-packages/airflow/example_dags/plugins/event_listener.py
[2026-06-21T20:02:46.756-0500] {processor.py:183} INFO - Processing /Users/naga/Desktop/airflow_env/lib/python3.12/site-packages/airflow/example_dags/plugins/event_listener.py took 0.066 seconds
[2026-06-21T20:04:13.133-0500] {processor.py:161} INFO - Started process (PID=62396) to work on /Users/naga/Desktop/airflow_env/lib/python3.12/site-packages/airflow/example_dags/plugins/event_listener.py
[2026-06-21T20:04:13.134-0500] {processor.py:830} INFO - Processing file /Users/naga/Desktop/airflow_env/lib/python3.12/site-packages/airflow/example_dags/plugins/event_listener.py for tasks to queue
[2026-06-21T20:04:13.134-0500] {logging_mixin.py:188} INFO - [2026-06-21T20:04:13.134-0500] {dagbag.py:545} INFO - Filling up the DagBag from /Users/naga/Desktop/airflow_env/lib/python3.12/site-packages/airflow/example_dags/plugins/event_listener.py
[2026-06-21T20:04:13.135-0500] {processor.py:842} WARNING - No viable dags retrieved from /Users/naga/Desktop/airflow_env/lib/python3.12/site-packages/airflow/example_dags/plugins/event_listener.py
[2026-06-21T20:04:13.197-0500] {processor.py:183} INFO - Processing /Users/naga/Desktop/airflow_env/lib/python3.12/site-packages/airflow/example_dags/plugins/event_listener.py took 0.066 seconds
[2026-06-21T20:05:39.598-0500] {processor.py:161} INFO - Started process (PID=62444) to work on /Users/naga/Desktop/airflow_env/lib/python3.12/site-packages/airflow/example_dags/plugins/event_listener.py
[2026-06-21T20:05:39.599-0500] {processor.py:830} INFO - Processing file /Users/naga/Desktop/airflow_env/lib/python3.12/site-packages/airflow/example_dags/plugins/event_listener.py for tasks to queue
[2026-06-21T20:05:39.600-0500] {logging_mixin.py:188} INFO - [2026-06-21T20:05:39.599-0500] {dagbag.py:545} INFO - Filling up the DagBag from /Users/naga/Desktop/airflow_env/lib/python3.12/site-packages/airflow/example_dags/plugins/event_listener.py
[2026-06-21T20:05:39.600-0500] {processor.py:842} WARNING - No viable dags retrieved from /Users/naga/Desktop/airflow_env/lib/python3.12/site-packages/airflow/example_dags/plugins/event_listener.py
[2026-06-21T20:05:39.662-0500] {processor.py:183} INFO - Processing /Users/naga/Desktop/airflow_env/lib/python3.12/site-packages/airflow/example_dags/plugins/event_listener.py took 0.066 seconds
[2026-06-21T20:07:08.117-0500] {processor.py:161} INFO - Started process (PID=62521) to work on /Users/naga/Desktop/airflow_env/lib/python3.12/site-packages/airflow/example_dags/plugins/event_listener.py
[2026-06-21T20:07:08.118-0500] {processor.py:830} INFO - Processing file /Users/naga/Desktop/airflow_env/lib/python3.12/site-packages/airflow/example_dags/plugins/event_listener.py for tasks to queue
[2026-06-21T20:07:08.118-0500] {logging_mixin.py:188} INFO - [2026-06-21T20:07:08.118-0500] {dagbag.py:545} INFO - Filling up the DagBag from /Users/naga/Desktop/airflow_env/lib/python3.12/site-packages/airflow/example_dags/plugins/event_listener.py
[2026-06-21T20:07:08.119-0500] {processor.py:842} WARNING - No viable dags retrieved from /Users/naga/Desktop/airflow_env/lib/python3.12/site-packages/airflow/example_dags/plugins/event_listener.py
[2026-06-21T20:07:08.181-0500] {processor.py:183} INFO - Processing /Users/naga/Desktop/airflow_env/lib/python3.12/site-packages/airflow/example_dags/plugins/event_listener.py took 0.066 seconds
[2026-06-21T20:08:41.726-0500] {processor.py:161} INFO - Started process (PID=62609) to work on /Users/naga/Desktop/airflow_env/lib/python3.12/site-packages/airflow/example_dags/plugins/event_listener.py
[2026-06-21T20:08:41.727-0500] {processor.py:830} INFO - Processing file /Users/naga/Desktop/airflow_env/lib/python3.12/site-packages/airflow/example_dags/plugins/event_listener.py for tasks to queue
[2026-06-21T20:08:41.728-0500] {logging_mixin.py:188} INFO - [2026-06-21T20:08:41.727-0500] {dagbag.py:545} INFO - Filling up the DagBag from /Users/naga/Desktop/airflow_env/lib/python3.12/site-packages/airflow/example_dags/plugins/event_listener.py
[2026-06-21T20:08:41.728-0500] {processor.py:842} WARNING - No viable dags retrieved from /Users/naga/Desktop/airflow_env/lib/python3.12/site-packages/airflow/example_dags/plugins/event_listener.py
[2026-06-21T20:08:41.790-0500] {processor.py:183} INFO - Processing /Users/naga/Desktop/airflow_env/lib/python3.12/site-packages/airflow/example_dags/plugins/event_listener.py took 0.066 seconds
[2026-06-21T20:37:39.425-0500] {processor.py:161} INFO - Started process (PID=62723) to work on /Users/naga/Desktop/airflow_env/lib/python3.12/site-packages/airflow/example_dags/plugins/event_listener.py
[2026-06-21T20:37:39.427-0500] {processor.py:830} INFO - Processing file /Users/naga/Desktop/airflow_env/lib/python3.12/site-packages/airflow/example_dags/plugins/event_listener.py for tasks to queue
[2026-06-21T20:37:39.427-0500] {logging_mixin.py:188} INFO - [2026-06-21T20:37:39.427-0500] {dagbag.py:545} INFO - Filling up the DagBag from /Users/naga/Desktop/airflow_env/lib/python3.12/site-packages/airflow/example_dags/plugins/event_listener.py
[2026-06-21T20:37:39.428-0500] {processor.py:842} WARNING - No viable dags retrieved from /Users/naga/Desktop/airflow_env/lib/python3.12/site-packages/airflow/example_dags/plugins/event_listener.py
[2026-06-21T20:37:39.490-0500] {processor.py:183} INFO - Processing /Users/naga/Desktop/airflow_env/lib/python3.12/site-packages/airflow/example_dags/plugins/event_listener.py took 0.067 seconds
[2026-06-21T20:39:12.938-0500] {processor.py:161} INFO - Started process (PID=62816) to work on /Users/naga/Desktop/airflow_env/lib/python3.12/site-packages/airflow/example_dags/plugins/event_listener.py
[2026-06-21T20:39:12.939-0500] {processor.py:830} INFO - Processing file /Users/naga/Desktop/airflow_env/lib/python3.12/site-packages/airflow/example_dags/plugins/event_listener.py for tasks to queue
[2026-06-21T20:39:12.940-0500] {logging_mixin.py:188} INFO - [2026-06-21T20:39:12.939-0500] {dagbag.py:545} INFO - Filling up the DagBag from /Users/naga/Desktop/airflow_env/lib/python3.12/site-packages/airflow/example_dags/plugins/event_listener.py
[2026-06-21T20:39:12.940-0500] {processor.py:842} WARNING - No viable dags retrieved from /Users/naga/Desktop/airflow_env/lib/python3.12/site-packages/airflow/example_dags/plugins/event_listener.py
[2026-06-21T20:39:13.004-0500] {processor.py:183} INFO - Processing /Users/naga/Desktop/airflow_env/lib/python3.12/site-packages/airflow/example_dags/plugins/event_listener.py took 0.068 seconds
[2026-06-21T20:40:46.360-0500] {processor.py:161} INFO - Started process (PID=62987) to work on /Users/naga/Desktop/airflow_env/lib/python3.12/site-packages/airflow/example_dags/plugins/event_listener.py
[2026-06-21T20:40:46.361-0500] {processor.py:830} INFO - Processing file /Users/naga/Desktop/airflow_env/lib/python3.12/site-packages/airflow/example_dags/plugins/event_listener.py for tasks to queue
[2026-06-21T20:40:46.362-0500] {logging_mixin.py:188} INFO - [2026-06-21T20:40:46.362-0500] {dagbag.py:545} INFO - Filling up the DagBag from /Users/naga/Desktop/airflow_env/lib/python3.12/site-packages/airflow/example_dags/plugins/event_listener.py
[2026-06-21T20:40:46.363-0500] {processor.py:842} WARNING - No viable dags retrieved from /Users/naga/Desktop/airflow_env/lib/python3.12/site-packages/airflow/example_dags/plugins/event_listener.py
[2026-06-21T20:40:46.424-0500] {processor.py:183} INFO - Processing /Users/naga/Desktop/airflow_env/lib/python3.12/site-packages/airflow/example_dags/plugins/event_listener.py took 0.066 seconds
[2026-06-21T20:42:19.225-0500] {processor.py:161} INFO - Started process (PID=63052) to work on /Users/naga/Desktop/airflow_env/lib/python3.12/site-packages/airflow/example_dags/plugins/event_listener.py
[2026-06-21T20:42:19.226-0500] {processor.py:830} INFO - Processing file /Users/naga/Desktop/airflow_env/lib/python3.12/site-packages/airflow/example_dags/plugins/event_listener.py for tasks to queue
[2026-06-21T20:42:19.227-0500] {logging_mixin.py:188} INFO - [2026-06-21T20:42:19.226-0500] {dagbag.py:545} INFO - Filling up the DagBag from /Users/naga/Desktop/airflow_env/lib/python3.12/site-packages/airflow/example_dags/plugins/event_listener.py
[2026-06-21T20:42:19.227-0500] {processor.py:842} WARNING - No viable dags retrieved from /Users/naga/Desktop/airflow_env/lib/python3.12/site-packages/airflow/example_dags/plugins/event_listener.py
[2026-06-21T20:42:19.289-0500] {processor.py:183} INFO - Processing /Users/naga/Desktop/airflow_env/lib/python3.12/site-packages/airflow/example_dags/plugins/event_listener.py took 0.067 seconds
[2026-06-21T20:43:44.185-0500] {processor.py:161} INFO - Started process (PID=63166) to work on /Users/naga/Desktop/airflow_env/lib/python3.12/site-packages/airflow/example_dags/plugins/event_listener.py
[2026-06-21T20:43:44.186-0500] {processor.py:830} INFO - Processing file /Users/naga/Desktop/airflow_env/lib/python3.12/site-packages/airflow/example_dags/plugins/event_listener.py for tasks to queue
[2026-06-21T20:43:44.186-0500] {logging_mixin.py:188} INFO - [2026-06-21T20:43:44.186-0500] {dagbag.py:545} INFO - Filling up the DagBag from /Users/naga/Desktop/airflow_env/lib/python3.12/site-packages/airflow/example_dags/plugins/event_listener.py
[2026-06-21T20:43:44.187-0500] {processor.py:842} WARNING - No viable dags retrieved from /Users/naga/Desktop/airflow_env/lib/python3.12/site-packages/airflow/example_dags/plugins/event_listener.py
[2026-06-21T20:43:44.249-0500] {processor.py:183} INFO - Processing /Users/naga/Desktop/airflow_env/lib/python3.12/site-packages/airflow/example_dags/plugins/event_listener.py took 0.066 seconds
[2026-06-21T20:45:09.682-0500] {processor.py:161} INFO - Started process (PID=63241) to work on /Users/naga/Desktop/airflow_env/lib/python3.12/site-packages/airflow/example_dags/plugins/event_listener.py
[2026-06-21T20:45:09.683-0500] {processor.py:830} INFO - Processing file /Users/naga/Desktop/airflow_env/lib/python3.12/site-packages/airflow/example_dags/plugins/event_listener.py for tasks to queue
[2026-06-21T20:45:09.683-0500] {logging_mixin.py:188} INFO - [2026-06-21T20:45:09.683-0500] {dagbag.py:545} INFO - Filling up the DagBag from /Users/naga/Desktop/airflow_env/lib/python3.12/site-packages/airflow/example_dags/plugins/event_listener.py
[2026-06-21T20:45:09.684-0500] {processor.py:842} WARNING - No viable dags retrieved from /Users/naga/Desktop/airflow_env/lib/python3.12/site-packages/airflow/example_dags/plugins/event_listener.py
[2026-06-21T20:45:09.746-0500] {processor.py:183} INFO - Processing /Users/naga/Desktop/airflow_env/lib/python3.12/site-packages/airflow/example_dags/plugins/event_listener.py took 0.066 seconds
[2026-06-21T20:46:35.100-0500] {processor.py:161} INFO - Started process (PID=63307) to work on /Users/naga/Desktop/airflow_env/lib/python3.12/site-packages/airflow/example_dags/plugins/event_listener.py
[2026-06-21T20:46:35.101-0500] {processor.py:830} INFO - Processing file /Users/naga/Desktop/airflow_env/lib/python3.12/site-packages/airflow/example_dags/plugins/event_listener.py for tasks to queue
[2026-06-21T20:46:35.102-0500] {logging_mixin.py:188} INFO - [2026-06-21T20:46:35.101-0500] {dagbag.py:545} INFO - Filling up the DagBag from /Users/naga/Desktop/airflow_env/lib/python3.12/site-packages/airflow/example_dags/plugins/event_listener.py
[2026-06-21T20:46:35.102-0500] {processor.py:842} WARNING - No viable dags retrieved from /Users/naga/Desktop/airflow_env/lib/python3.12/site-packages/airflow/example_dags/plugins/event_listener.py
[2026-06-21T20:46:35.165-0500] {processor.py:183} INFO - Processing /Users/naga/Desktop/airflow_env/lib/python3.12/site-packages/airflow/example_dags/plugins/event_listener.py took 0.067 seconds
[2026-06-21T20:48:00.076-0500] {processor.py:161} INFO - Started process (PID=63376) to work on /Users/naga/Desktop/airflow_env/lib/python3.12/site-packages/airflow/example_dags/plugins/event_listener.py
[2026-06-21T20:48:00.077-0500] {processor.py:830} INFO - Processing file /Users/naga/Desktop/airflow_env/lib/python3.12/site-packages/airflow/example_dags/plugins/event_listener.py for tasks to queue
[2026-06-21T20:48:00.078-0500] {logging_mixin.py:188} INFO - [2026-06-21T20:48:00.077-0500] {dagbag.py:545} INFO - Filling up the DagBag from /Users/naga/Desktop/airflow_env/lib/python3.12/site-packages/airflow/example_dags/plugins/event_listener.py
[2026-06-21T20:48:00.078-0500] {processor.py:842} WARNING - No viable dags retrieved from /Users/naga/Desktop/airflow_env/lib/python3.12/site-packages/airflow/example_dags/plugins/event_listener.py
[2026-06-21T20:48:00.141-0500] {processor.py:183} INFO - Processing /Users/naga/Desktop/airflow_env/lib/python3.12/site-packages/airflow/example_dags/plugins/event_listener.py took 0.067 seconds
[2026-06-21T20:49:24.045-0500] {processor.py:161} INFO - Started process (PID=63445) to work on /Users/naga/Desktop/airflow_env/lib/python3.12/site-packages/airflow/example_dags/plugins/event_listener.py
[2026-06-21T20:49:24.047-0500] {processor.py:830} INFO - Processing file /Users/naga/Desktop/airflow_env/lib/python3.12/site-packages/airflow/example_dags/plugins/event_listener.py for tasks to queue
[2026-06-21T20:49:24.047-0500] {logging_mixin.py:188} INFO - [2026-06-21T20:49:24.047-0500] {dagbag.py:545} INFO - Filling up the DagBag from /Users/naga/Desktop/airflow_env/lib/python3.12/site-packages/airflow/example_dags/plugins/event_listener.py
[2026-06-21T20:49:24.048-0500] {processor.py:842} WARNING - No viable dags retrieved from /Users/naga/Desktop/airflow_env/lib/python3.12/site-packages/airflow/example_dags/plugins/event_listener.py
[2026-06-21T20:49:24.110-0500] {processor.py:183} INFO - Processing /Users/naga/Desktop/airflow_env/lib/python3.12/site-packages/airflow/example_dags/plugins/event_listener.py took 0.066 seconds
[2026-06-21T20:50:52.343-0500] {processor.py:161} INFO - Started process (PID=63518) to work on /Users/naga/Desktop/airflow_env/lib/python3.12/site-packages/airflow/example_dags/plugins/event_listener.py
[2026-06-21T20:50:52.344-0500] {processor.py:830} INFO - Processing file /Users/naga/Desktop/airflow_env/lib/python3.12/site-packages/airflow/example_dags/plugins/event_listener.py for tasks to queue
[2026-06-21T20:50:52.345-0500] {logging_mixin.py:188} INFO - [2026-06-21T20:50:52.344-0500] {dagbag.py:545} INFO - Filling up the DagBag from /Users/naga/Desktop/airflow_env/lib/python3.12/site-packages/airflow/example_dags/plugins/event_listener.py
[2026-06-21T20:50:52.345-0500] {processor.py:842} WARNING - No viable dags retrieved from /Users/naga/Desktop/airflow_env/lib/python3.12/site-packages/airflow/example_dags/plugins/event_listener.py
[2026-06-21T20:50:52.406-0500] {processor.py:183} INFO - Processing /Users/naga/Desktop/airflow_env/lib/python3.12/site-packages/airflow/example_dags/plugins/event_listener.py took 0.066 seconds
[2026-06-21T20:52:21.350-0500] {processor.py:161} INFO - Started process (PID=63568) to work on /Users/naga/Desktop/airflow_env/lib/python3.12/site-packages/airflow/example_dags/plugins/event_listener.py
[2026-06-21T20:52:21.351-0500] {processor.py:830} INFO - Processing file /Users/naga/Desktop/airflow_env/lib/python3.12/site-packages/airflow/example_dags/plugins/event_listener.py for tasks to queue
[2026-06-21T20:52:21.351-0500] {logging_mixin.py:188} INFO - [2026-06-21T20:52:21.351-0500] {dagbag.py:545} INFO - Filling up the DagBag from /Users/naga/Desktop/airflow_env/lib/python3.12/site-packages/airflow/example_dags/plugins/event_listener.py
[2026-06-21T20:52:21.352-0500] {processor.py:842} WARNING - No viable dags retrieved from /Users/naga/Desktop/airflow_env/lib/python3.12/site-packages/airflow/example_dags/plugins/event_listener.py
[2026-06-21T20:52:21.414-0500] {processor.py:183} INFO - Processing /Users/naga/Desktop/airflow_env/lib/python3.12/site-packages/airflow/example_dags/plugins/event_listener.py took 0.066 seconds
[2026-06-21T20:53:47.509-0500] {processor.py:161} INFO - Started process (PID=63640) to work on /Users/naga/Desktop/airflow_env/lib/python3.12/site-packages/airflow/example_dags/plugins/event_listener.py
[2026-06-21T20:53:47.510-0500] {processor.py:830} INFO - Processing file /Users/naga/Desktop/airflow_env/lib/python3.12/site-packages/airflow/example_dags/plugins/event_listener.py for tasks to queue
[2026-06-21T20:53:47.510-0500] {logging_mixin.py:188} INFO - [2026-06-21T20:53:47.510-0500] {dagbag.py:545} INFO - Filling up the DagBag from /Users/naga/Desktop/airflow_env/lib/python3.12/site-packages/airflow/example_dags/plugins/event_listener.py
[2026-06-21T20:53:47.511-0500] {processor.py:842} WARNING - No viable dags retrieved from /Users/naga/Desktop/airflow_env/lib/python3.12/site-packages/airflow/example_dags/plugins/event_listener.py
[2026-06-21T20:53:47.573-0500] {processor.py:183} INFO - Processing /Users/naga/Desktop/airflow_env/lib/python3.12/site-packages/airflow/example_dags/plugins/event_listener.py took 0.067 seconds
[2026-06-21T20:55:19.254-0500] {processor.py:161} INFO - Started process (PID=63824) to work on /Users/naga/Desktop/airflow_env/lib/python3.12/site-packages/airflow/example_dags/plugins/event_listener.py
[2026-06-21T20:55:19.255-0500] {processor.py:830} INFO - Processing file /Users/naga/Desktop/airflow_env/lib/python3.12/site-packages/airflow/example_dags/plugins/event_listener.py for tasks to queue
[2026-06-21T20:55:19.256-0500] {logging_mixin.py:188} INFO - [2026-06-21T20:55:19.256-0500] {dagbag.py:545} INFO - Filling up the DagBag from /Users/naga/Desktop/airflow_env/lib/python3.12/site-packages/airflow/example_dags/plugins/event_listener.py
[2026-06-21T20:55:19.257-0500] {processor.py:842} WARNING - No viable dags retrieved from /Users/naga/Desktop/airflow_env/lib/python3.12/site-packages/airflow/example_dags/plugins/event_listener.py
[2026-06-21T20:55:19.318-0500] {processor.py:183} INFO - Processing /Users/naga/Desktop/airflow_env/lib/python3.12/site-packages/airflow/example_dags/plugins/event_listener.py took 0.066 seconds
[2026-06-21T20:56:48.389-0500] {processor.py:161} INFO - Started process (PID=63903) to work on /Users/naga/Desktop/airflow_env/lib/python3.12/site-packages/airflow/example_dags/plugins/event_listener.py
[2026-06-21T20:56:48.390-0500] {processor.py:830} INFO - Processing file /Users/naga/Desktop/airflow_env/lib/python3.12/site-packages/airflow/example_dags/plugins/event_listener.py for tasks to queue
[2026-06-21T20:56:48.391-0500] {logging_mixin.py:188} INFO - [2026-06-21T20:56:48.390-0500] {dagbag.py:545} INFO - Filling up the DagBag from /Users/naga/Desktop/airflow_env/lib/python3.12/site-packages/airflow/example_dags/plugins/event_listener.py
[2026-06-21T20:56:48.391-0500] {processor.py:842} WARNING - No viable dags retrieved from /Users/naga/Desktop/airflow_env/lib/python3.12/site-packages/airflow/example_dags/plugins/event_listener.py
[2026-06-21T20:56:48.453-0500] {processor.py:183} INFO - Processing /Users/naga/Desktop/airflow_env/lib/python3.12/site-packages/airflow/example_dags/plugins/event_listener.py took 0.066 seconds
[2026-06-21T20:58:14.090-0500] {processor.py:161} INFO - Started process (PID=63968) to work on /Users/naga/Desktop/airflow_env/lib/python3.12/site-packages/airflow/example_dags/plugins/event_listener.py
[2026-06-21T20:58:14.091-0500] {processor.py:830} INFO - Processing file /Users/naga/Desktop/airflow_env/lib/python3.12/site-packages/airflow/example_dags/plugins/event_listener.py for tasks to queue
[2026-06-21T20:58:14.092-0500] {logging_mixin.py:188} INFO - [2026-06-21T20:58:14.091-0500] {dagbag.py:545} INFO - Filling up the DagBag from /Users/naga/Desktop/airflow_env/lib/python3.12/site-packages/airflow/example_dags/plugins/event_listener.py
[2026-06-21T20:58:14.092-0500] {processor.py:842} WARNING - No viable dags retrieved from /Users/naga/Desktop/airflow_env/lib/python3.12/site-packages/airflow/example_dags/plugins/event_listener.py
[2026-06-21T20:58:14.154-0500] {processor.py:183} INFO - Processing /Users/naga/Desktop/airflow_env/lib/python3.12/site-packages/airflow/example_dags/plugins/event_listener.py took 0.066 seconds
[2026-06-21T21:41:52.700-0500] {processor.py:161} INFO - Started process (PID=64184) to work on /Users/naga/Desktop/airflow_env/lib/python3.12/site-packages/airflow/example_dags/plugins/event_listener.py
[2026-06-21T21:41:52.701-0500] {processor.py:830} INFO - Processing file /Users/naga/Desktop/airflow_env/lib/python3.12/site-packages/airflow/example_dags/plugins/event_listener.py for tasks to queue
[2026-06-21T21:41:52.702-0500] {logging_mixin.py:188} INFO - [2026-06-21T21:41:52.702-0500] {dagbag.py:545} INFO - Filling up the DagBag from /Users/naga/Desktop/airflow_env/lib/python3.12/site-packages/airflow/example_dags/plugins/event_listener.py
[2026-06-21T21:41:52.703-0500] {processor.py:842} WARNING - No viable dags retrieved from /Users/naga/Desktop/airflow_env/lib/python3.12/site-packages/airflow/example_dags/plugins/event_listener.py
[2026-06-21T21:41:52.764-0500] {processor.py:183} INFO - Processing /Users/naga/Desktop/airflow_env/lib/python3.12/site-packages/airflow/example_dags/plugins/event_listener.py took 0.066 seconds
[2026-06-21T21:43:39.631-0500] {processor.py:161} INFO - Started process (PID=64293) to work on /Users/naga/Desktop/airflow_env/lib/python3.12/site-packages/airflow/example_dags/plugins/event_listener.py
[2026-06-21T21:43:39.632-0500] {processor.py:830} INFO - Processing file /Users/naga/Desktop/airflow_env/lib/python3.12/site-packages/airflow/example_dags/plugins/event_listener.py for tasks to queue
[2026-06-21T21:43:39.632-0500] {logging_mixin.py:188} INFO - [2026-06-21T21:43:39.632-0500] {dagbag.py:545} INFO - Filling up the DagBag from /Users/naga/Desktop/airflow_env/lib/python3.12/site-packages/airflow/example_dags/plugins/event_listener.py
[2026-06-21T21:43:39.633-0500] {processor.py:842} WARNING - No viable dags retrieved from /Users/naga/Desktop/airflow_env/lib/python3.12/site-packages/airflow/example_dags/plugins/event_listener.py
[2026-06-21T21:43:39.695-0500] {processor.py:183} INFO - Processing /Users/naga/Desktop/airflow_env/lib/python3.12/site-packages/airflow/example_dags/plugins/event_listener.py took 0.067 seconds
[2026-06-21T21:45:11.947-0500] {processor.py:161} INFO - Started process (PID=64364) to work on /Users/naga/Desktop/airflow_env/lib/python3.12/site-packages/airflow/example_dags/plugins/event_listener.py
[2026-06-21T21:45:11.948-0500] {processor.py:830} INFO - Processing file /Users/naga/Desktop/airflow_env/lib/python3.12/site-packages/airflow/example_dags/plugins/event_listener.py for tasks to queue
[2026-06-21T21:45:11.949-0500] {logging_mixin.py:188} INFO - [2026-06-21T21:45:11.949-0500] {dagbag.py:545} INFO - Filling up the DagBag from /Users/naga/Desktop/airflow_env/lib/python3.12/site-packages/airflow/example_dags/plugins/event_listener.py
[2026-06-21T21:45:11.950-0500] {processor.py:842} WARNING - No viable dags retrieved from /Users/naga/Desktop/airflow_env/lib/python3.12/site-packages/airflow/example_dags/plugins/event_listener.py
[2026-06-21T21:45:12.014-0500] {processor.py:183} INFO - Processing /Users/naga/Desktop/airflow_env/lib/python3.12/site-packages/airflow/example_dags/plugins/event_listener.py took 0.069 seconds
[2026-06-21T21:47:19.557-0500] {processor.py:161} INFO - Started process (PID=64633) to work on /Users/naga/Desktop/airflow_env/lib/python3.12/site-packages/airflow/example_dags/plugins/event_listener.py
[2026-06-21T21:47:19.558-0500] {processor.py:830} INFO - Processing file /Users/naga/Desktop/airflow_env/lib/python3.12/site-packages/airflow/example_dags/plugins/event_listener.py for tasks to queue
[2026-06-21T21:47:19.559-0500] {logging_mixin.py:188} INFO - [2026-06-21T21:47:19.559-0500] {dagbag.py:545} INFO - Filling up the DagBag from /Users/naga/Desktop/airflow_env/lib/python3.12/site-packages/airflow/example_dags/plugins/event_listener.py
[2026-06-21T21:47:19.560-0500] {processor.py:842} WARNING - No viable dags retrieved from /Users/naga/Desktop/airflow_env/lib/python3.12/site-packages/airflow/example_dags/plugins/event_listener.py
[2026-06-21T21:47:19.622-0500] {processor.py:183} INFO - Processing /Users/naga/Desktop/airflow_env/lib/python3.12/site-packages/airflow/example_dags/plugins/event_listener.py took 0.067 seconds
[2026-06-21T21:48:53.775-0500] {processor.py:161} INFO - Started process (PID=64719) to work on /Users/naga/Desktop/airflow_env/lib/python3.12/site-packages/airflow/example_dags/plugins/event_listener.py
[2026-06-21T21:48:53.776-0500] {processor.py:830} INFO - Processing file /Users/naga/Desktop/airflow_env/lib/python3.12/site-packages/airflow/example_dags/plugins/event_listener.py for tasks to queue
[2026-06-21T21:48:53.777-0500] {logging_mixin.py:188} INFO - [2026-06-21T21:48:53.777-0500] {dagbag.py:545} INFO - Filling up the DagBag from /Users/naga/Desktop/airflow_env/lib/python3.12/site-packages/airflow/example_dags/plugins/event_listener.py
[2026-06-21T21:48:53.778-0500] {processor.py:842} WARNING - No viable dags retrieved from /Users/naga/Desktop/airflow_env/lib/python3.12/site-packages/airflow/example_dags/plugins/event_listener.py
[2026-06-21T21:48:53.840-0500] {processor.py:183} INFO - Processing /Users/naga/Desktop/airflow_env/lib/python3.12/site-packages/airflow/example_dags/plugins/event_listener.py took 0.067 seconds
[2026-06-21T21:50:53.165-0500] {processor.py:161} INFO - Started process (PID=64814) to work on /Users/naga/Desktop/airflow_env/lib/python3.12/site-packages/airflow/example_dags/plugins/event_listener.py
[2026-06-21T21:50:53.166-0500] {processor.py:830} INFO - Processing file /Users/naga/Desktop/airflow_env/lib/python3.12/site-packages/airflow/example_dags/plugins/event_listener.py for tasks to queue
[2026-06-21T21:50:53.167-0500] {logging_mixin.py:188} INFO - [2026-06-21T21:50:53.167-0500] {dagbag.py:545} INFO - Filling up the DagBag from /Users/naga/Desktop/airflow_env/lib/python3.12/site-packages/airflow/example_dags/plugins/event_listener.py
[2026-06-21T21:50:53.168-0500] {processor.py:842} WARNING - No viable dags retrieved from /Users/naga/Desktop/airflow_env/lib/python3.12/site-packages/airflow/example_dags/plugins/event_listener.py
[2026-06-21T21:50:53.230-0500] {processor.py:183} INFO - Processing /Users/naga/Desktop/airflow_env/lib/python3.12/site-packages/airflow/example_dags/plugins/event_listener.py took 0.068 seconds
[2026-06-21T21:53:02.736-0500] {processor.py:161} INFO - Started process (PID=64935) to work on /Users/naga/Desktop/airflow_env/lib/python3.12/site-packages/airflow/example_dags/plugins/event_listener.py
[2026-06-21T21:53:02.737-0500] {processor.py:830} INFO - Processing file /Users/naga/Desktop/airflow_env/lib/python3.12/site-packages/airflow/example_dags/plugins/event_listener.py for tasks to queue
[2026-06-21T21:53:02.738-0500] {logging_mixin.py:188} INFO - [2026-06-21T21:53:02.738-0500] {dagbag.py:545} INFO - Filling up the DagBag from /Users/naga/Desktop/airflow_env/lib/python3.12/site-packages/airflow/example_dags/plugins/event_listener.py
[2026-06-21T21:53:02.739-0500] {processor.py:842} WARNING - No viable dags retrieved from /Users/naga/Desktop/airflow_env/lib/python3.12/site-packages/airflow/example_dags/plugins/event_listener.py
[2026-06-21T21:53:02.800-0500] {processor.py:183} INFO - Processing /Users/naga/Desktop/airflow_env/lib/python3.12/site-packages/airflow/example_dags/plugins/event_listener.py took 0.067 seconds
[2026-06-21T21:54:53.061-0500] {processor.py:161} INFO - Started process (PID=65284) to work on /Users/naga/Desktop/airflow_env/lib/python3.12/site-packages/airflow/example_dags/plugins/event_listener.py
[2026-06-21T21:54:53.062-0500] {processor.py:830} INFO - Processing file /Users/naga/Desktop/airflow_env/lib/python3.12/site-packages/airflow/example_dags/plugins/event_listener.py for tasks to queue
[2026-06-21T21:54:53.062-0500] {logging_mixin.py:188} INFO - [2026-06-21T21:54:53.062-0500] {dagbag.py:545} INFO - Filling up the DagBag from /Users/naga/Desktop/airflow_env/lib/python3.12/site-packages/airflow/example_dags/plugins/event_listener.py
[2026-06-21T21:54:53.063-0500] {processor.py:842} WARNING - No viable dags retrieved from /Users/naga/Desktop/airflow_env/lib/python3.12/site-packages/airflow/example_dags/plugins/event_listener.py
[2026-06-21T21:54:53.126-0500] {processor.py:183} INFO - Processing /Users/naga/Desktop/airflow_env/lib/python3.12/site-packages/airflow/example_dags/plugins/event_listener.py took 0.068 seconds
[2026-06-21T21:56:32.874-0500] {processor.py:161} INFO - Started process (PID=65463) to work on /Users/naga/Desktop/airflow_env/lib/python3.12/site-packages/airflow/example_dags/plugins/event_listener.py
[2026-06-21T21:56:32.876-0500] {processor.py:830} INFO - Processing file /Users/naga/Desktop/airflow_env/lib/python3.12/site-packages/airflow/example_dags/plugins/event_listener.py for tasks to queue
[2026-06-21T21:56:32.876-0500] {logging_mixin.py:188} INFO - [2026-06-21T21:56:32.876-0500] {dagbag.py:545} INFO - Filling up the DagBag from /Users/naga/Desktop/airflow_env/lib/python3.12/site-packages/airflow/example_dags/plugins/event_listener.py
[2026-06-21T21:56:32.877-0500] {processor.py:842} WARNING - No viable dags retrieved from /Users/naga/Desktop/airflow_env/lib/python3.12/site-packages/airflow/example_dags/plugins/event_listener.py
[2026-06-21T21:56:32.940-0500] {processor.py:183} INFO - Processing /Users/naga/Desktop/airflow_env/lib/python3.12/site-packages/airflow/example_dags/plugins/event_listener.py took 0.067 seconds
