[2026-06-21T19:46:40.016-0500] {processor.py:161} INFO - Started process (PID=61474) to work on /Users/naga/Desktop/airflow_env/lib/python3.12/site-packages/airflow/example_dags/plugins/listener_plugin.py
[2026-06-21T19:46:40.017-0500] {processor.py:830} INFO - Processing file /Users/naga/Desktop/airflow_env/lib/python3.12/site-packages/airflow/example_dags/plugins/listener_plugin.py for tasks to queue
[2026-06-21T19:46:40.018-0500] {logging_mixin.py:188} INFO - [2026-06-21T19:46:40.018-0500] {dagbag.py:545} INFO - Filling up the DagBag from /Users/naga/Desktop/airflow_env/lib/python3.12/site-packages/airflow/example_dags/plugins/listener_plugin.py
[2026-06-21T19:46:40.020-0500] {processor.py:842} WARNING - No viable dags retrieved from /Users/naga/Desktop/airflow_env/lib/python3.12/site-packages/airflow/example_dags/plugins/listener_plugin.py
[2026-06-21T19:46:40.082-0500] {processor.py:183} INFO - Processing /Users/naga/Desktop/airflow_env/lib/python3.12/site-packages/airflow/example_dags/plugins/listener_plugin.py took 0.068 seconds
[2026-06-21T19:48:11.278-0500] {processor.py:161} INFO - Started process (PID=61550) to work on /Users/naga/Desktop/airflow_env/lib/python3.12/site-packages/airflow/example_dags/plugins/listener_plugin.py
[2026-06-21T19:48:11.279-0500] {processor.py:830} INFO - Processing file /Users/naga/Desktop/airflow_env/lib/python3.12/site-packages/airflow/example_dags/plugins/listener_plugin.py for tasks to queue
[2026-06-21T19:48:11.279-0500] {logging_mixin.py:188} INFO - [2026-06-21T19:48:11.279-0500] {dagbag.py:545} INFO - Filling up the DagBag from /Users/naga/Desktop/airflow_env/lib/python3.12/site-packages/airflow/example_dags/plugins/listener_plugin.py
[2026-06-21T19:48:11.282-0500] {processor.py:842} WARNING - No viable dags retrieved from /Users/naga/Desktop/airflow_env/lib/python3.12/site-packages/airflow/example_dags/plugins/listener_plugin.py
[2026-06-21T19:48:11.344-0500] {processor.py:183} INFO - Processing /Users/naga/Desktop/airflow_env/lib/python3.12/site-packages/airflow/example_dags/plugins/listener_plugin.py took 0.068 seconds
[2026-06-21T19:49:44.803-0500] {processor.py:161} INFO - Started process (PID=61712) to work on /Users/naga/Desktop/airflow_env/lib/python3.12/site-packages/airflow/example_dags/plugins/listener_plugin.py
[2026-06-21T19:49:44.806-0500] {processor.py:830} INFO - Processing file /Users/naga/Desktop/airflow_env/lib/python3.12/site-packages/airflow/example_dags/plugins/listener_plugin.py for tasks to queue
[2026-06-21T19:49:44.809-0500] {logging_mixin.py:188} INFO - [2026-06-21T19:49:44.808-0500] {dagbag.py:545} INFO - Filling up the DagBag from /Users/naga/Desktop/airflow_env/lib/python3.12/site-packages/airflow/example_dags/plugins/listener_plugin.py
[2026-06-21T19:49:44.825-0500] {processor.py:842} WARNING - No viable dags retrieved from /Users/naga/Desktop/airflow_env/lib/python3.12/site-packages/airflow/example_dags/plugins/listener_plugin.py
[2026-06-21T19:49:44.956-0500] {processor.py:183} INFO - Processing /Users/naga/Desktop/airflow_env/lib/python3.12/site-packages/airflow/example_dags/plugins/listener_plugin.py took 0.163 seconds
[2026-06-21T19:51:18.392-0500] {processor.py:161} INFO - Started process (PID=61790) to work on /Users/naga/Desktop/airflow_env/lib/python3.12/site-packages/airflow/example_dags/plugins/listener_plugin.py
[2026-06-21T19:51:18.393-0500] {processor.py:830} INFO - Processing file /Users/naga/Desktop/airflow_env/lib/python3.12/site-packages/airflow/example_dags/plugins/listener_plugin.py for tasks to queue
[2026-06-21T19:51:18.393-0500] {logging_mixin.py:188} INFO - [2026-06-21T19:51:18.393-0500] {dagbag.py:545} INFO - Filling up the DagBag from /Users/naga/Desktop/airflow_env/lib/python3.12/site-packages/airflow/example_dags/plugins/listener_plugin.py
[2026-06-21T19:51:18.395-0500] {processor.py:842} WARNING - No viable dags retrieved from /Users/naga/Desktop/airflow_env/lib/python3.12/site-packages/airflow/example_dags/plugins/listener_plugin.py
[2026-06-21T19:51:18.457-0500] {processor.py:183} INFO - Processing /Users/naga/Desktop/airflow_env/lib/python3.12/site-packages/airflow/example_dags/plugins/listener_plugin.py took 0.067 seconds
[2026-06-21T19:52:42.476-0500] {processor.py:161} INFO - Started process (PID=61864) to work on /Users/naga/Desktop/airflow_env/lib/python3.12/site-packages/airflow/example_dags/plugins/listener_plugin.py
[2026-06-21T19:52:42.478-0500] {processor.py:830} INFO - Processing file /Users/naga/Desktop/airflow_env/lib/python3.12/site-packages/airflow/example_dags/plugins/listener_plugin.py for tasks to queue
[2026-06-21T19:52:42.478-0500] {logging_mixin.py:188} INFO - [2026-06-21T19:52:42.478-0500] {dagbag.py:545} INFO - Filling up the DagBag from /Users/naga/Desktop/airflow_env/lib/python3.12/site-packages/airflow/example_dags/plugins/listener_plugin.py
[2026-06-21T19:52:42.481-0500] {processor.py:842} WARNING - No viable dags retrieved from /Users/naga/Desktop/airflow_env/lib/python3.12/site-packages/airflow/example_dags/plugins/listener_plugin.py
[2026-06-21T19:52:42.543-0500] {processor.py:183} INFO - Processing /Users/naga/Desktop/airflow_env/lib/python3.12/site-packages/airflow/example_dags/plugins/listener_plugin.py took 0.069 seconds
[2026-06-21T19:54:06.172-0500] {processor.py:161} INFO - Started process (PID=61932) to work on /Users/naga/Desktop/airflow_env/lib/python3.12/site-packages/airflow/example_dags/plugins/listener_plugin.py
[2026-06-21T19:54:06.173-0500] {processor.py:830} INFO - Processing file /Users/naga/Desktop/airflow_env/lib/python3.12/site-packages/airflow/example_dags/plugins/listener_plugin.py for tasks to queue
[2026-06-21T19:54:06.174-0500] {logging_mixin.py:188} INFO - [2026-06-21T19:54:06.174-0500] {dagbag.py:545} INFO - Filling up the DagBag from /Users/naga/Desktop/airflow_env/lib/python3.12/site-packages/airflow/example_dags/plugins/listener_plugin.py
[2026-06-21T19:54:06.176-0500] {processor.py:842} WARNING - No viable dags retrieved from /Users/naga/Desktop/airflow_env/lib/python3.12/site-packages/airflow/example_dags/plugins/listener_plugin.py
[2026-06-21T19:54:06.238-0500] {processor.py:183} INFO - Processing /Users/naga/Desktop/airflow_env/lib/python3.12/site-packages/airflow/example_dags/plugins/listener_plugin.py took 0.069 seconds
[2026-06-21T19:55:30.013-0500] {processor.py:161} INFO - Started process (PID=61981) to work on /Users/naga/Desktop/airflow_env/lib/python3.12/site-packages/airflow/example_dags/plugins/listener_plugin.py
[2026-06-21T19:55:30.014-0500] {processor.py:830} INFO - Processing file /Users/naga/Desktop/airflow_env/lib/python3.12/site-packages/airflow/example_dags/plugins/listener_plugin.py for tasks to queue
[2026-06-21T19:55:30.014-0500] {logging_mixin.py:188} INFO - [2026-06-21T19:55:30.014-0500] {dagbag.py:545} INFO - Filling up the DagBag from /Users/naga/Desktop/airflow_env/lib/python3.12/site-packages/airflow/example_dags/plugins/listener_plugin.py
[2026-06-21T19:55:30.017-0500] {processor.py:842} WARNING - No viable dags retrieved from /Users/naga/Desktop/airflow_env/lib/python3.12/site-packages/airflow/example_dags/plugins/listener_plugin.py
[2026-06-21T19:55:30.080-0500] {processor.py:183} INFO - Processing /Users/naga/Desktop/airflow_env/lib/python3.12/site-packages/airflow/example_dags/plugins/listener_plugin.py took 0.070 seconds
[2026-06-21T19:56:54.958-0500] {processor.py:161} INFO - Started process (PID=62046) to work on /Users/naga/Desktop/airflow_env/lib/python3.12/site-packages/airflow/example_dags/plugins/listener_plugin.py
[2026-06-21T19:56:54.959-0500] {processor.py:830} INFO - Processing file /Users/naga/Desktop/airflow_env/lib/python3.12/site-packages/airflow/example_dags/plugins/listener_plugin.py for tasks to queue
[2026-06-21T19:56:54.960-0500] {logging_mixin.py:188} INFO - [2026-06-21T19:56:54.960-0500] {dagbag.py:545} INFO - Filling up the DagBag from /Users/naga/Desktop/airflow_env/lib/python3.12/site-packages/airflow/example_dags/plugins/listener_plugin.py
[2026-06-21T19:56:54.962-0500] {processor.py:842} WARNING - No viable dags retrieved from /Users/naga/Desktop/airflow_env/lib/python3.12/site-packages/airflow/example_dags/plugins/listener_plugin.py
[2026-06-21T19:56:55.024-0500] {processor.py:183} INFO - Processing /Users/naga/Desktop/airflow_env/lib/python3.12/site-packages/airflow/example_dags/plugins/listener_plugin.py took 0.068 seconds
[2026-06-21T19:58:25.982-0500] {processor.py:161} INFO - Started process (PID=62128) to work on /Users/naga/Desktop/airflow_env/lib/python3.12/site-packages/airflow/example_dags/plugins/listener_plugin.py
[2026-06-21T19:58:25.983-0500] {processor.py:830} INFO - Processing file /Users/naga/Desktop/airflow_env/lib/python3.12/site-packages/airflow/example_dags/plugins/listener_plugin.py for tasks to queue
[2026-06-21T19:58:25.984-0500] {logging_mixin.py:188} INFO - [2026-06-21T19:58:25.984-0500] {dagbag.py:545} INFO - Filling up the DagBag from /Users/naga/Desktop/airflow_env/lib/python3.12/site-packages/airflow/example_dags/plugins/listener_plugin.py
[2026-06-21T19:58:25.986-0500] {processor.py:842} WARNING - No viable dags retrieved from /Users/naga/Desktop/airflow_env/lib/python3.12/site-packages/airflow/example_dags/plugins/listener_plugin.py
[2026-06-21T19:58:26.048-0500] {processor.py:183} INFO - Processing /Users/naga/Desktop/airflow_env/lib/python3.12/site-packages/airflow/example_dags/plugins/listener_plugin.py took 0.068 seconds
[2026-06-21T19:59:52.477-0500] {processor.py:161} INFO - Started process (PID=62201) to work on /Users/naga/Desktop/airflow_env/lib/python3.12/site-packages/airflow/example_dags/plugins/listener_plugin.py
[2026-06-21T19:59:52.478-0500] {processor.py:830} INFO - Processing file /Users/naga/Desktop/airflow_env/lib/python3.12/site-packages/airflow/example_dags/plugins/listener_plugin.py for tasks to queue
[2026-06-21T19:59:52.479-0500] {logging_mixin.py:188} INFO - [2026-06-21T19:59:52.479-0500] {dagbag.py:545} INFO - Filling up the DagBag from /Users/naga/Desktop/airflow_env/lib/python3.12/site-packages/airflow/example_dags/plugins/listener_plugin.py
[2026-06-21T19:59:52.481-0500] {processor.py:842} WARNING - No viable dags retrieved from /Users/naga/Desktop/airflow_env/lib/python3.12/site-packages/airflow/example_dags/plugins/listener_plugin.py
[2026-06-21T19:59:52.544-0500] {processor.py:183} INFO - Processing /Users/naga/Desktop/airflow_env/lib/python3.12/site-packages/airflow/example_dags/plugins/listener_plugin.py took 0.069 seconds
[2026-06-21T20:01:18.831-0500] {processor.py:161} INFO - Started process (PID=62257) to work on /Users/naga/Desktop/airflow_env/lib/python3.12/site-packages/airflow/example_dags/plugins/listener_plugin.py
[2026-06-21T20:01:18.832-0500] {processor.py:830} INFO - Processing file /Users/naga/Desktop/airflow_env/lib/python3.12/site-packages/airflow/example_dags/plugins/listener_plugin.py for tasks to queue
[2026-06-21T20:01:18.833-0500] {logging_mixin.py:188} INFO - [2026-06-21T20:01:18.833-0500] {dagbag.py:545} INFO - Filling up the DagBag from /Users/naga/Desktop/airflow_env/lib/python3.12/site-packages/airflow/example_dags/plugins/listener_plugin.py
[2026-06-21T20:01:18.834-0500] {processor.py:842} WARNING - No viable dags retrieved from /Users/naga/Desktop/airflow_env/lib/python3.12/site-packages/airflow/example_dags/plugins/listener_plugin.py
[2026-06-21T20:01:18.896-0500] {processor.py:183} INFO - Processing /Users/naga/Desktop/airflow_env/lib/python3.12/site-packages/airflow/example_dags/plugins/listener_plugin.py took 0.067 seconds
[2026-06-21T20:02:44.263-0500] {processor.py:161} INFO - Started process (PID=62325) to work on /Users/naga/Desktop/airflow_env/lib/python3.12/site-packages/airflow/example_dags/plugins/listener_plugin.py
[2026-06-21T20:02:44.265-0500] {processor.py:830} INFO - Processing file /Users/naga/Desktop/airflow_env/lib/python3.12/site-packages/airflow/example_dags/plugins/listener_plugin.py for tasks to queue
[2026-06-21T20:02:44.265-0500] {logging_mixin.py:188} INFO - [2026-06-21T20:02:44.265-0500] {dagbag.py:545} INFO - Filling up the DagBag from /Users/naga/Desktop/airflow_env/lib/python3.12/site-packages/airflow/example_dags/plugins/listener_plugin.py
[2026-06-21T20:02:44.267-0500] {processor.py:842} WARNING - No viable dags retrieved from /Users/naga/Desktop/airflow_env/lib/python3.12/site-packages/airflow/example_dags/plugins/listener_plugin.py
[2026-06-21T20:02:44.330-0500] {processor.py:183} INFO - Processing /Users/naga/Desktop/airflow_env/lib/python3.12/site-packages/airflow/example_dags/plugins/listener_plugin.py took 0.069 seconds
[2026-06-21T20:04:10.726-0500] {processor.py:161} INFO - Started process (PID=62395) to work on /Users/naga/Desktop/airflow_env/lib/python3.12/site-packages/airflow/example_dags/plugins/listener_plugin.py
[2026-06-21T20:04:10.728-0500] {processor.py:830} INFO - Processing file /Users/naga/Desktop/airflow_env/lib/python3.12/site-packages/airflow/example_dags/plugins/listener_plugin.py for tasks to queue
[2026-06-21T20:04:10.729-0500] {logging_mixin.py:188} INFO - [2026-06-21T20:04:10.729-0500] {dagbag.py:545} INFO - Filling up the DagBag from /Users/naga/Desktop/airflow_env/lib/python3.12/site-packages/airflow/example_dags/plugins/listener_plugin.py
[2026-06-21T20:04:10.731-0500] {processor.py:842} WARNING - No viable dags retrieved from /Users/naga/Desktop/airflow_env/lib/python3.12/site-packages/airflow/example_dags/plugins/listener_plugin.py
[2026-06-21T20:04:10.792-0500] {processor.py:183} INFO - Processing /Users/naga/Desktop/airflow_env/lib/python3.12/site-packages/airflow/example_dags/plugins/listener_plugin.py took 0.068 seconds
[2026-06-21T20:05:37.672-0500] {processor.py:161} INFO - Started process (PID=62443) to work on /Users/naga/Desktop/airflow_env/lib/python3.12/site-packages/airflow/example_dags/plugins/listener_plugin.py
[2026-06-21T20:05:37.674-0500] {processor.py:830} INFO - Processing file /Users/naga/Desktop/airflow_env/lib/python3.12/site-packages/airflow/example_dags/plugins/listener_plugin.py for tasks to queue
[2026-06-21T20:05:37.674-0500] {logging_mixin.py:188} INFO - [2026-06-21T20:05:37.674-0500] {dagbag.py:545} INFO - Filling up the DagBag from /Users/naga/Desktop/airflow_env/lib/python3.12/site-packages/airflow/example_dags/plugins/listener_plugin.py
[2026-06-21T20:05:37.677-0500] {processor.py:842} WARNING - No viable dags retrieved from /Users/naga/Desktop/airflow_env/lib/python3.12/site-packages/airflow/example_dags/plugins/listener_plugin.py
[2026-06-21T20:05:37.737-0500] {processor.py:183} INFO - Processing /Users/naga/Desktop/airflow_env/lib/python3.12/site-packages/airflow/example_dags/plugins/listener_plugin.py took 0.067 seconds
[2026-06-21T20:07:05.710-0500] {processor.py:161} INFO - Started process (PID=62520) to work on /Users/naga/Desktop/airflow_env/lib/python3.12/site-packages/airflow/example_dags/plugins/listener_plugin.py
[2026-06-21T20:07:05.711-0500] {processor.py:830} INFO - Processing file /Users/naga/Desktop/airflow_env/lib/python3.12/site-packages/airflow/example_dags/plugins/listener_plugin.py for tasks to queue
[2026-06-21T20:07:05.712-0500] {logging_mixin.py:188} INFO - [2026-06-21T20:07:05.712-0500] {dagbag.py:545} INFO - Filling up the DagBag from /Users/naga/Desktop/airflow_env/lib/python3.12/site-packages/airflow/example_dags/plugins/listener_plugin.py
[2026-06-21T20:07:05.714-0500] {processor.py:842} WARNING - No viable dags retrieved from /Users/naga/Desktop/airflow_env/lib/python3.12/site-packages/airflow/example_dags/plugins/listener_plugin.py
[2026-06-21T20:07:05.775-0500] {processor.py:183} INFO - Processing /Users/naga/Desktop/airflow_env/lib/python3.12/site-packages/airflow/example_dags/plugins/listener_plugin.py took 0.068 seconds
[2026-06-21T20:08:39.296-0500] {processor.py:161} INFO - Started process (PID=62608) to work on /Users/naga/Desktop/airflow_env/lib/python3.12/site-packages/airflow/example_dags/plugins/listener_plugin.py
[2026-06-21T20:08:39.298-0500] {processor.py:830} INFO - Processing file /Users/naga/Desktop/airflow_env/lib/python3.12/site-packages/airflow/example_dags/plugins/listener_plugin.py for tasks to queue
[2026-06-21T20:08:39.298-0500] {logging_mixin.py:188} INFO - [2026-06-21T20:08:39.298-0500] {dagbag.py:545} INFO - Filling up the DagBag from /Users/naga/Desktop/airflow_env/lib/python3.12/site-packages/airflow/example_dags/plugins/listener_plugin.py
[2026-06-21T20:08:39.301-0500] {processor.py:842} WARNING - No viable dags retrieved from /Users/naga/Desktop/airflow_env/lib/python3.12/site-packages/airflow/example_dags/plugins/listener_plugin.py
[2026-06-21T20:08:39.363-0500] {processor.py:183} INFO - Processing /Users/naga/Desktop/airflow_env/lib/python3.12/site-packages/airflow/example_dags/plugins/listener_plugin.py took 0.069 seconds
[2026-06-21T20:37:37.022-0500] {processor.py:161} INFO - Started process (PID=62722) to work on /Users/naga/Desktop/airflow_env/lib/python3.12/site-packages/airflow/example_dags/plugins/listener_plugin.py
[2026-06-21T20:37:37.023-0500] {processor.py:830} INFO - Processing file /Users/naga/Desktop/airflow_env/lib/python3.12/site-packages/airflow/example_dags/plugins/listener_plugin.py for tasks to queue
[2026-06-21T20:37:37.024-0500] {logging_mixin.py:188} INFO - [2026-06-21T20:37:37.024-0500] {dagbag.py:545} INFO - Filling up the DagBag from /Users/naga/Desktop/airflow_env/lib/python3.12/site-packages/airflow/example_dags/plugins/listener_plugin.py
[2026-06-21T20:37:37.026-0500] {processor.py:842} WARNING - No viable dags retrieved from /Users/naga/Desktop/airflow_env/lib/python3.12/site-packages/airflow/example_dags/plugins/listener_plugin.py
[2026-06-21T20:37:37.089-0500] {processor.py:183} INFO - Processing /Users/naga/Desktop/airflow_env/lib/python3.12/site-packages/airflow/example_dags/plugins/listener_plugin.py took 0.069 seconds
[2026-06-21T20:39:10.522-0500] {processor.py:161} INFO - Started process (PID=62815) to work on /Users/naga/Desktop/airflow_env/lib/python3.12/site-packages/airflow/example_dags/plugins/listener_plugin.py
[2026-06-21T20:39:10.523-0500] {processor.py:830} INFO - Processing file /Users/naga/Desktop/airflow_env/lib/python3.12/site-packages/airflow/example_dags/plugins/listener_plugin.py for tasks to queue
[2026-06-21T20:39:10.523-0500] {logging_mixin.py:188} INFO - [2026-06-21T20:39:10.523-0500] {dagbag.py:545} INFO - Filling up the DagBag from /Users/naga/Desktop/airflow_env/lib/python3.12/site-packages/airflow/example_dags/plugins/listener_plugin.py
[2026-06-21T20:39:10.525-0500] {processor.py:842} WARNING - No viable dags retrieved from /Users/naga/Desktop/airflow_env/lib/python3.12/site-packages/airflow/example_dags/plugins/listener_plugin.py
[2026-06-21T20:39:10.588-0500] {processor.py:183} INFO - Processing /Users/naga/Desktop/airflow_env/lib/python3.12/site-packages/airflow/example_dags/plugins/listener_plugin.py took 0.068 seconds
[2026-06-21T20:40:43.910-0500] {processor.py:161} INFO - Started process (PID=62985) to work on /Users/naga/Desktop/airflow_env/lib/python3.12/site-packages/airflow/example_dags/plugins/listener_plugin.py
[2026-06-21T20:40:43.911-0500] {processor.py:830} INFO - Processing file /Users/naga/Desktop/airflow_env/lib/python3.12/site-packages/airflow/example_dags/plugins/listener_plugin.py for tasks to queue
[2026-06-21T20:40:43.912-0500] {logging_mixin.py:188} INFO - [2026-06-21T20:40:43.912-0500] {dagbag.py:545} INFO - Filling up the DagBag from /Users/naga/Desktop/airflow_env/lib/python3.12/site-packages/airflow/example_dags/plugins/listener_plugin.py
[2026-06-21T20:40:43.914-0500] {processor.py:842} WARNING - No viable dags retrieved from /Users/naga/Desktop/airflow_env/lib/python3.12/site-packages/airflow/example_dags/plugins/listener_plugin.py
[2026-06-21T20:40:43.977-0500] {processor.py:183} INFO - Processing /Users/naga/Desktop/airflow_env/lib/python3.12/site-packages/airflow/example_dags/plugins/listener_plugin.py took 0.069 seconds
[2026-06-21T20:42:16.816-0500] {processor.py:161} INFO - Started process (PID=63051) to work on /Users/naga/Desktop/airflow_env/lib/python3.12/site-packages/airflow/example_dags/plugins/listener_plugin.py
[2026-06-21T20:42:16.817-0500] {processor.py:830} INFO - Processing file /Users/naga/Desktop/airflow_env/lib/python3.12/site-packages/airflow/example_dags/plugins/listener_plugin.py for tasks to queue
[2026-06-21T20:42:16.817-0500] {logging_mixin.py:188} INFO - [2026-06-21T20:42:16.817-0500] {dagbag.py:545} INFO - Filling up the DagBag from /Users/naga/Desktop/airflow_env/lib/python3.12/site-packages/airflow/example_dags/plugins/listener_plugin.py
[2026-06-21T20:42:16.819-0500] {processor.py:842} WARNING - No viable dags retrieved from /Users/naga/Desktop/airflow_env/lib/python3.12/site-packages/airflow/example_dags/plugins/listener_plugin.py
[2026-06-21T20:42:16.881-0500] {processor.py:183} INFO - Processing /Users/naga/Desktop/airflow_env/lib/python3.12/site-packages/airflow/example_dags/plugins/listener_plugin.py took 0.068 seconds
[2026-06-21T20:43:41.772-0500] {processor.py:161} INFO - Started process (PID=63165) to work on /Users/naga/Desktop/airflow_env/lib/python3.12/site-packages/airflow/example_dags/plugins/listener_plugin.py
[2026-06-21T20:43:41.773-0500] {processor.py:830} INFO - Processing file /Users/naga/Desktop/airflow_env/lib/python3.12/site-packages/airflow/example_dags/plugins/listener_plugin.py for tasks to queue
[2026-06-21T20:43:41.774-0500] {logging_mixin.py:188} INFO - [2026-06-21T20:43:41.774-0500] {dagbag.py:545} INFO - Filling up the DagBag from /Users/naga/Desktop/airflow_env/lib/python3.12/site-packages/airflow/example_dags/plugins/listener_plugin.py
[2026-06-21T20:43:41.776-0500] {processor.py:842} WARNING - No viable dags retrieved from /Users/naga/Desktop/airflow_env/lib/python3.12/site-packages/airflow/example_dags/plugins/listener_plugin.py
[2026-06-21T20:43:41.838-0500] {processor.py:183} INFO - Processing /Users/naga/Desktop/airflow_env/lib/python3.12/site-packages/airflow/example_dags/plugins/listener_plugin.py took 0.068 seconds
[2026-06-21T20:45:07.266-0500] {processor.py:161} INFO - Started process (PID=63240) to work on /Users/naga/Desktop/airflow_env/lib/python3.12/site-packages/airflow/example_dags/plugins/listener_plugin.py
[2026-06-21T20:45:07.267-0500] {processor.py:830} INFO - Processing file /Users/naga/Desktop/airflow_env/lib/python3.12/site-packages/airflow/example_dags/plugins/listener_plugin.py for tasks to queue
[2026-06-21T20:45:07.268-0500] {logging_mixin.py:188} INFO - [2026-06-21T20:45:07.267-0500] {dagbag.py:545} INFO - Filling up the DagBag from /Users/naga/Desktop/airflow_env/lib/python3.12/site-packages/airflow/example_dags/plugins/listener_plugin.py
[2026-06-21T20:45:07.270-0500] {processor.py:842} WARNING - No viable dags retrieved from /Users/naga/Desktop/airflow_env/lib/python3.12/site-packages/airflow/example_dags/plugins/listener_plugin.py
[2026-06-21T20:45:07.331-0500] {processor.py:183} INFO - Processing /Users/naga/Desktop/airflow_env/lib/python3.12/site-packages/airflow/example_dags/plugins/listener_plugin.py took 0.068 seconds
[2026-06-21T20:46:32.635-0500] {processor.py:161} INFO - Started process (PID=63304) to work on /Users/naga/Desktop/airflow_env/lib/python3.12/site-packages/airflow/example_dags/plugins/listener_plugin.py
[2026-06-21T20:46:32.636-0500] {processor.py:830} INFO - Processing file /Users/naga/Desktop/airflow_env/lib/python3.12/site-packages/airflow/example_dags/plugins/listener_plugin.py for tasks to queue
[2026-06-21T20:46:32.636-0500] {logging_mixin.py:188} INFO - [2026-06-21T20:46:32.636-0500] {dagbag.py:545} INFO - Filling up the DagBag from /Users/naga/Desktop/airflow_env/lib/python3.12/site-packages/airflow/example_dags/plugins/listener_plugin.py
[2026-06-21T20:46:32.639-0500] {processor.py:842} WARNING - No viable dags retrieved from /Users/naga/Desktop/airflow_env/lib/python3.12/site-packages/airflow/example_dags/plugins/listener_plugin.py
[2026-06-21T20:46:32.700-0500] {processor.py:183} INFO - Processing /Users/naga/Desktop/airflow_env/lib/python3.12/site-packages/airflow/example_dags/plugins/listener_plugin.py took 0.067 seconds
[2026-06-21T20:47:57.652-0500] {processor.py:161} INFO - Started process (PID=63375) to work on /Users/naga/Desktop/airflow_env/lib/python3.12/site-packages/airflow/example_dags/plugins/listener_plugin.py
[2026-06-21T20:47:57.653-0500] {processor.py:830} INFO - Processing file /Users/naga/Desktop/airflow_env/lib/python3.12/site-packages/airflow/example_dags/plugins/listener_plugin.py for tasks to queue
[2026-06-21T20:47:57.654-0500] {logging_mixin.py:188} INFO - [2026-06-21T20:47:57.654-0500] {dagbag.py:545} INFO - Filling up the DagBag from /Users/naga/Desktop/airflow_env/lib/python3.12/site-packages/airflow/example_dags/plugins/listener_plugin.py
[2026-06-21T20:47:57.656-0500] {processor.py:842} WARNING - No viable dags retrieved from /Users/naga/Desktop/airflow_env/lib/python3.12/site-packages/airflow/example_dags/plugins/listener_plugin.py
[2026-06-21T20:47:57.719-0500] {processor.py:183} INFO - Processing /Users/naga/Desktop/airflow_env/lib/python3.12/site-packages/airflow/example_dags/plugins/listener_plugin.py took 0.069 seconds
[2026-06-21T20:49:22.471-0500] {processor.py:161} INFO - Started process (PID=63444) to work on /Users/naga/Desktop/airflow_env/lib/python3.12/site-packages/airflow/example_dags/plugins/listener_plugin.py
[2026-06-21T20:49:22.473-0500] {processor.py:830} INFO - Processing file /Users/naga/Desktop/airflow_env/lib/python3.12/site-packages/airflow/example_dags/plugins/listener_plugin.py for tasks to queue
[2026-06-21T20:49:22.473-0500] {logging_mixin.py:188} INFO - [2026-06-21T20:49:22.473-0500] {dagbag.py:545} INFO - Filling up the DagBag from /Users/naga/Desktop/airflow_env/lib/python3.12/site-packages/airflow/example_dags/plugins/listener_plugin.py
[2026-06-21T20:49:22.476-0500] {processor.py:842} WARNING - No viable dags retrieved from /Users/naga/Desktop/airflow_env/lib/python3.12/site-packages/airflow/example_dags/plugins/listener_plugin.py
[2026-06-21T20:49:22.538-0500] {processor.py:183} INFO - Processing /Users/naga/Desktop/airflow_env/lib/python3.12/site-packages/airflow/example_dags/plugins/listener_plugin.py took 0.069 seconds
[2026-06-21T20:50:49.918-0500] {processor.py:161} INFO - Started process (PID=63517) to work on /Users/naga/Desktop/airflow_env/lib/python3.12/site-packages/airflow/example_dags/plugins/listener_plugin.py
[2026-06-21T20:50:49.919-0500] {processor.py:830} INFO - Processing file /Users/naga/Desktop/airflow_env/lib/python3.12/site-packages/airflow/example_dags/plugins/listener_plugin.py for tasks to queue
[2026-06-21T20:50:49.920-0500] {logging_mixin.py:188} INFO - [2026-06-21T20:50:49.920-0500] {dagbag.py:545} INFO - Filling up the DagBag from /Users/naga/Desktop/airflow_env/lib/python3.12/site-packages/airflow/example_dags/plugins/listener_plugin.py
[2026-06-21T20:50:49.922-0500] {processor.py:842} WARNING - No viable dags retrieved from /Users/naga/Desktop/airflow_env/lib/python3.12/site-packages/airflow/example_dags/plugins/listener_plugin.py
[2026-06-21T20:50:49.985-0500] {processor.py:183} INFO - Processing /Users/naga/Desktop/airflow_env/lib/python3.12/site-packages/airflow/example_dags/plugins/listener_plugin.py took 0.069 seconds
[2026-06-21T20:52:18.964-0500] {processor.py:161} INFO - Started process (PID=63567) to work on /Users/naga/Desktop/airflow_env/lib/python3.12/site-packages/airflow/example_dags/plugins/listener_plugin.py
[2026-06-21T20:52:18.965-0500] {processor.py:830} INFO - Processing file /Users/naga/Desktop/airflow_env/lib/python3.12/site-packages/airflow/example_dags/plugins/listener_plugin.py for tasks to queue
[2026-06-21T20:52:18.966-0500] {logging_mixin.py:188} INFO - [2026-06-21T20:52:18.966-0500] {dagbag.py:545} INFO - Filling up the DagBag from /Users/naga/Desktop/airflow_env/lib/python3.12/site-packages/airflow/example_dags/plugins/listener_plugin.py
[2026-06-21T20:52:18.967-0500] {processor.py:842} WARNING - No viable dags retrieved from /Users/naga/Desktop/airflow_env/lib/python3.12/site-packages/airflow/example_dags/plugins/listener_plugin.py
[2026-06-21T20:52:19.029-0500] {processor.py:183} INFO - Processing /Users/naga/Desktop/airflow_env/lib/python3.12/site-packages/airflow/example_dags/plugins/listener_plugin.py took 0.067 seconds
[2026-06-21T20:53:45.538-0500] {processor.py:161} INFO - Started process (PID=63639) to work on /Users/naga/Desktop/airflow_env/lib/python3.12/site-packages/airflow/example_dags/plugins/listener_plugin.py
[2026-06-21T20:53:45.540-0500] {processor.py:830} INFO - Processing file /Users/naga/Desktop/airflow_env/lib/python3.12/site-packages/airflow/example_dags/plugins/listener_plugin.py for tasks to queue
[2026-06-21T20:53:45.540-0500] {logging_mixin.py:188} INFO - [2026-06-21T20:53:45.540-0500] {dagbag.py:545} INFO - Filling up the DagBag from /Users/naga/Desktop/airflow_env/lib/python3.12/site-packages/airflow/example_dags/plugins/listener_plugin.py
[2026-06-21T20:53:45.542-0500] {processor.py:842} WARNING - No viable dags retrieved from /Users/naga/Desktop/airflow_env/lib/python3.12/site-packages/airflow/example_dags/plugins/listener_plugin.py
[2026-06-21T20:53:45.604-0500] {processor.py:183} INFO - Processing /Users/naga/Desktop/airflow_env/lib/python3.12/site-packages/airflow/example_dags/plugins/listener_plugin.py took 0.068 seconds
[2026-06-21T20:55:17.685-0500] {processor.py:161} INFO - Started process (PID=63823) to work on /Users/naga/Desktop/airflow_env/lib/python3.12/site-packages/airflow/example_dags/plugins/listener_plugin.py
[2026-06-21T20:55:17.687-0500] {processor.py:830} INFO - Processing file /Users/naga/Desktop/airflow_env/lib/python3.12/site-packages/airflow/example_dags/plugins/listener_plugin.py for tasks to queue
[2026-06-21T20:55:17.687-0500] {logging_mixin.py:188} INFO - [2026-06-21T20:55:17.687-0500] {dagbag.py:545} INFO - Filling up the DagBag from /Users/naga/Desktop/airflow_env/lib/python3.12/site-packages/airflow/example_dags/plugins/listener_plugin.py
[2026-06-21T20:55:17.690-0500] {processor.py:842} WARNING - No viable dags retrieved from /Users/naga/Desktop/airflow_env/lib/python3.12/site-packages/airflow/example_dags/plugins/listener_plugin.py
[2026-06-21T20:55:17.752-0500] {processor.py:183} INFO - Processing /Users/naga/Desktop/airflow_env/lib/python3.12/site-packages/airflow/example_dags/plugins/listener_plugin.py took 0.069 seconds
[2026-06-21T20:56:45.991-0500] {processor.py:161} INFO - Started process (PID=63901) to work on /Users/naga/Desktop/airflow_env/lib/python3.12/site-packages/airflow/example_dags/plugins/listener_plugin.py
[2026-06-21T20:56:45.992-0500] {processor.py:830} INFO - Processing file /Users/naga/Desktop/airflow_env/lib/python3.12/site-packages/airflow/example_dags/plugins/listener_plugin.py for tasks to queue
[2026-06-21T20:56:45.992-0500] {logging_mixin.py:188} INFO - [2026-06-21T20:56:45.992-0500] {dagbag.py:545} INFO - Filling up the DagBag from /Users/naga/Desktop/airflow_env/lib/python3.12/site-packages/airflow/example_dags/plugins/listener_plugin.py
[2026-06-21T20:56:45.994-0500] {processor.py:842} WARNING - No viable dags retrieved from /Users/naga/Desktop/airflow_env/lib/python3.12/site-packages/airflow/example_dags/plugins/listener_plugin.py
[2026-06-21T20:56:46.055-0500] {processor.py:183} INFO - Processing /Users/naga/Desktop/airflow_env/lib/python3.12/site-packages/airflow/example_dags/plugins/listener_plugin.py took 0.066 seconds
[2026-06-21T20:58:11.770-0500] {processor.py:161} INFO - Started process (PID=63967) to work on /Users/naga/Desktop/airflow_env/lib/python3.12/site-packages/airflow/example_dags/plugins/listener_plugin.py
[2026-06-21T20:58:11.771-0500] {processor.py:830} INFO - Processing file /Users/naga/Desktop/airflow_env/lib/python3.12/site-packages/airflow/example_dags/plugins/listener_plugin.py for tasks to queue
[2026-06-21T20:58:11.771-0500] {logging_mixin.py:188} INFO - [2026-06-21T20:58:11.771-0500] {dagbag.py:545} INFO - Filling up the DagBag from /Users/naga/Desktop/airflow_env/lib/python3.12/site-packages/airflow/example_dags/plugins/listener_plugin.py
[2026-06-21T20:58:11.774-0500] {processor.py:842} WARNING - No viable dags retrieved from /Users/naga/Desktop/airflow_env/lib/python3.12/site-packages/airflow/example_dags/plugins/listener_plugin.py
[2026-06-21T20:58:11.836-0500] {processor.py:183} INFO - Processing /Users/naga/Desktop/airflow_env/lib/python3.12/site-packages/airflow/example_dags/plugins/listener_plugin.py took 0.068 seconds
[2026-06-21T21:41:50.197-0500] {processor.py:161} INFO - Started process (PID=64182) to work on /Users/naga/Desktop/airflow_env/lib/python3.12/site-packages/airflow/example_dags/plugins/listener_plugin.py
[2026-06-21T21:41:50.198-0500] {processor.py:830} INFO - Processing file /Users/naga/Desktop/airflow_env/lib/python3.12/site-packages/airflow/example_dags/plugins/listener_plugin.py for tasks to queue
[2026-06-21T21:41:50.198-0500] {logging_mixin.py:188} INFO - [2026-06-21T21:41:50.198-0500] {dagbag.py:545} INFO - Filling up the DagBag from /Users/naga/Desktop/airflow_env/lib/python3.12/site-packages/airflow/example_dags/plugins/listener_plugin.py
[2026-06-21T21:41:50.201-0500] {processor.py:842} WARNING - No viable dags retrieved from /Users/naga/Desktop/airflow_env/lib/python3.12/site-packages/airflow/example_dags/plugins/listener_plugin.py
[2026-06-21T21:41:50.267-0500] {processor.py:183} INFO - Processing /Users/naga/Desktop/airflow_env/lib/python3.12/site-packages/airflow/example_dags/plugins/listener_plugin.py took 0.072 seconds
[2026-06-21T21:43:37.216-0500] {processor.py:161} INFO - Started process (PID=64292) to work on /Users/naga/Desktop/airflow_env/lib/python3.12/site-packages/airflow/example_dags/plugins/listener_plugin.py
[2026-06-21T21:43:37.217-0500] {processor.py:830} INFO - Processing file /Users/naga/Desktop/airflow_env/lib/python3.12/site-packages/airflow/example_dags/plugins/listener_plugin.py for tasks to queue
[2026-06-21T21:43:37.218-0500] {logging_mixin.py:188} INFO - [2026-06-21T21:43:37.218-0500] {dagbag.py:545} INFO - Filling up the DagBag from /Users/naga/Desktop/airflow_env/lib/python3.12/site-packages/airflow/example_dags/plugins/listener_plugin.py
[2026-06-21T21:43:37.220-0500] {processor.py:842} WARNING - No viable dags retrieved from /Users/naga/Desktop/airflow_env/lib/python3.12/site-packages/airflow/example_dags/plugins/listener_plugin.py
[2026-06-21T21:43:37.283-0500] {processor.py:183} INFO - Processing /Users/naga/Desktop/airflow_env/lib/python3.12/site-packages/airflow/example_dags/plugins/listener_plugin.py took 0.069 seconds
[2026-06-21T21:45:09.477-0500] {processor.py:161} INFO - Started process (PID=64362) to work on /Users/naga/Desktop/airflow_env/lib/python3.12/site-packages/airflow/example_dags/plugins/listener_plugin.py
[2026-06-21T21:45:09.478-0500] {processor.py:830} INFO - Processing file /Users/naga/Desktop/airflow_env/lib/python3.12/site-packages/airflow/example_dags/plugins/listener_plugin.py for tasks to queue
[2026-06-21T21:45:09.478-0500] {logging_mixin.py:188} INFO - [2026-06-21T21:45:09.478-0500] {dagbag.py:545} INFO - Filling up the DagBag from /Users/naga/Desktop/airflow_env/lib/python3.12/site-packages/airflow/example_dags/plugins/listener_plugin.py
[2026-06-21T21:45:09.480-0500] {processor.py:842} WARNING - No viable dags retrieved from /Users/naga/Desktop/airflow_env/lib/python3.12/site-packages/airflow/example_dags/plugins/listener_plugin.py
[2026-06-21T21:45:09.543-0500] {processor.py:183} INFO - Processing /Users/naga/Desktop/airflow_env/lib/python3.12/site-packages/airflow/example_dags/plugins/listener_plugin.py took 0.068 seconds
[2026-06-21T21:47:17.865-0500] {processor.py:161} INFO - Started process (PID=64632) to work on /Users/naga/Desktop/airflow_env/lib/python3.12/site-packages/airflow/example_dags/plugins/listener_plugin.py
[2026-06-21T21:47:17.867-0500] {processor.py:830} INFO - Processing file /Users/naga/Desktop/airflow_env/lib/python3.12/site-packages/airflow/example_dags/plugins/listener_plugin.py for tasks to queue
[2026-06-21T21:47:17.867-0500] {logging_mixin.py:188} INFO - [2026-06-21T21:47:17.867-0500] {dagbag.py:545} INFO - Filling up the DagBag from /Users/naga/Desktop/airflow_env/lib/python3.12/site-packages/airflow/example_dags/plugins/listener_plugin.py
[2026-06-21T21:47:17.870-0500] {processor.py:842} WARNING - No viable dags retrieved from /Users/naga/Desktop/airflow_env/lib/python3.12/site-packages/airflow/example_dags/plugins/listener_plugin.py
[2026-06-21T21:47:17.932-0500] {processor.py:183} INFO - Processing /Users/naga/Desktop/airflow_env/lib/python3.12/site-packages/airflow/example_dags/plugins/listener_plugin.py took 0.069 seconds
[2026-06-21T21:48:51.334-0500] {processor.py:161} INFO - Started process (PID=64717) to work on /Users/naga/Desktop/airflow_env/lib/python3.12/site-packages/airflow/example_dags/plugins/listener_plugin.py
[2026-06-21T21:48:51.336-0500] {processor.py:830} INFO - Processing file /Users/naga/Desktop/airflow_env/lib/python3.12/site-packages/airflow/example_dags/plugins/listener_plugin.py for tasks to queue
[2026-06-21T21:48:51.336-0500] {logging_mixin.py:188} INFO - [2026-06-21T21:48:51.336-0500] {dagbag.py:545} INFO - Filling up the DagBag from /Users/naga/Desktop/airflow_env/lib/python3.12/site-packages/airflow/example_dags/plugins/listener_plugin.py
[2026-06-21T21:48:51.338-0500] {processor.py:842} WARNING - No viable dags retrieved from /Users/naga/Desktop/airflow_env/lib/python3.12/site-packages/airflow/example_dags/plugins/listener_plugin.py
[2026-06-21T21:48:51.402-0500] {processor.py:183} INFO - Processing /Users/naga/Desktop/airflow_env/lib/python3.12/site-packages/airflow/example_dags/plugins/listener_plugin.py took 0.069 seconds
[2026-06-21T21:50:24.586-0500] {processor.py:161} INFO - Started process (PID=64791) to work on /Users/naga/Desktop/airflow_env/lib/python3.12/site-packages/airflow/example_dags/plugins/listener_plugin.py
[2026-06-21T21:50:24.587-0500] {processor.py:830} INFO - Processing file /Users/naga/Desktop/airflow_env/lib/python3.12/site-packages/airflow/example_dags/plugins/listener_plugin.py for tasks to queue
[2026-06-21T21:50:24.588-0500] {logging_mixin.py:188} INFO - [2026-06-21T21:50:24.588-0500] {dagbag.py:545} INFO - Filling up the DagBag from /Users/naga/Desktop/airflow_env/lib/python3.12/site-packages/airflow/example_dags/plugins/listener_plugin.py
[2026-06-21T21:50:24.590-0500] {processor.py:842} WARNING - No viable dags retrieved from /Users/naga/Desktop/airflow_env/lib/python3.12/site-packages/airflow/example_dags/plugins/listener_plugin.py
[2026-06-21T21:50:24.654-0500] {processor.py:183} INFO - Processing /Users/naga/Desktop/airflow_env/lib/python3.12/site-packages/airflow/example_dags/plugins/listener_plugin.py took 0.070 seconds
[2026-06-21T21:50:51.757-0500] {processor.py:161} INFO - Started process (PID=64811) to work on /Users/naga/Desktop/airflow_env/lib/python3.12/site-packages/airflow/example_dags/plugins/listener_plugin.py
[2026-06-21T21:50:51.758-0500] {processor.py:830} INFO - Processing file /Users/naga/Desktop/airflow_env/lib/python3.12/site-packages/airflow/example_dags/plugins/listener_plugin.py for tasks to queue
[2026-06-21T21:50:51.759-0500] {logging_mixin.py:188} INFO - [2026-06-21T21:50:51.759-0500] {dagbag.py:545} INFO - Filling up the DagBag from /Users/naga/Desktop/airflow_env/lib/python3.12/site-packages/airflow/example_dags/plugins/listener_plugin.py
[2026-06-21T21:50:51.760-0500] {processor.py:842} WARNING - No viable dags retrieved from /Users/naga/Desktop/airflow_env/lib/python3.12/site-packages/airflow/example_dags/plugins/listener_plugin.py
[2026-06-21T21:50:51.822-0500] {processor.py:183} INFO - Processing /Users/naga/Desktop/airflow_env/lib/python3.12/site-packages/airflow/example_dags/plugins/listener_plugin.py took 0.067 seconds
[2026-06-21T21:53:00.580-0500] {processor.py:161} INFO - Started process (PID=64934) to work on /Users/naga/Desktop/airflow_env/lib/python3.12/site-packages/airflow/example_dags/plugins/listener_plugin.py
[2026-06-21T21:53:00.582-0500] {processor.py:830} INFO - Processing file /Users/naga/Desktop/airflow_env/lib/python3.12/site-packages/airflow/example_dags/plugins/listener_plugin.py for tasks to queue
[2026-06-21T21:53:00.582-0500] {logging_mixin.py:188} INFO - [2026-06-21T21:53:00.582-0500] {dagbag.py:545} INFO - Filling up the DagBag from /Users/naga/Desktop/airflow_env/lib/python3.12/site-packages/airflow/example_dags/plugins/listener_plugin.py
[2026-06-21T21:53:00.585-0500] {processor.py:842} WARNING - No viable dags retrieved from /Users/naga/Desktop/airflow_env/lib/python3.12/site-packages/airflow/example_dags/plugins/listener_plugin.py
[2026-06-21T21:53:00.649-0500] {processor.py:183} INFO - Processing /Users/naga/Desktop/airflow_env/lib/python3.12/site-packages/airflow/example_dags/plugins/listener_plugin.py took 0.071 seconds
[2026-06-21T21:54:50.549-0500] {processor.py:161} INFO - Started process (PID=65280) to work on /Users/naga/Desktop/airflow_env/lib/python3.12/site-packages/airflow/example_dags/plugins/listener_plugin.py
[2026-06-21T21:54:50.551-0500] {processor.py:830} INFO - Processing file /Users/naga/Desktop/airflow_env/lib/python3.12/site-packages/airflow/example_dags/plugins/listener_plugin.py for tasks to queue
[2026-06-21T21:54:50.551-0500] {logging_mixin.py:188} INFO - [2026-06-21T21:54:50.551-0500] {dagbag.py:545} INFO - Filling up the DagBag from /Users/naga/Desktop/airflow_env/lib/python3.12/site-packages/airflow/example_dags/plugins/listener_plugin.py
[2026-06-21T21:54:50.553-0500] {processor.py:842} WARNING - No viable dags retrieved from /Users/naga/Desktop/airflow_env/lib/python3.12/site-packages/airflow/example_dags/plugins/listener_plugin.py
[2026-06-21T21:54:50.616-0500] {processor.py:183} INFO - Processing /Users/naga/Desktop/airflow_env/lib/python3.12/site-packages/airflow/example_dags/plugins/listener_plugin.py took 0.069 seconds
[2026-06-21T21:56:30.447-0500] {processor.py:161} INFO - Started process (PID=65462) to work on /Users/naga/Desktop/airflow_env/lib/python3.12/site-packages/airflow/example_dags/plugins/listener_plugin.py
[2026-06-21T21:56:30.449-0500] {processor.py:830} INFO - Processing file /Users/naga/Desktop/airflow_env/lib/python3.12/site-packages/airflow/example_dags/plugins/listener_plugin.py for tasks to queue
[2026-06-21T21:56:30.449-0500] {logging_mixin.py:188} INFO - [2026-06-21T21:56:30.449-0500] {dagbag.py:545} INFO - Filling up the DagBag from /Users/naga/Desktop/airflow_env/lib/python3.12/site-packages/airflow/example_dags/plugins/listener_plugin.py
[2026-06-21T21:56:30.452-0500] {processor.py:842} WARNING - No viable dags retrieved from /Users/naga/Desktop/airflow_env/lib/python3.12/site-packages/airflow/example_dags/plugins/listener_plugin.py
[2026-06-21T21:56:30.514-0500] {processor.py:183} INFO - Processing /Users/naga/Desktop/airflow_env/lib/python3.12/site-packages/airflow/example_dags/plugins/listener_plugin.py took 0.069 seconds
