[2026-06-21T19:46:37.578-0500] {processor.py:161} INFO - Started process (PID=61473) to work on /Users/naga/Desktop/airflow_env/lib/python3.12/site-packages/airflow/example_dags/plugins/workday.py
[2026-06-21T19:46:37.579-0500] {processor.py:830} INFO - Processing file /Users/naga/Desktop/airflow_env/lib/python3.12/site-packages/airflow/example_dags/plugins/workday.py for tasks to queue
[2026-06-21T19:46:37.579-0500] {logging_mixin.py:188} INFO - [2026-06-21T19:46:37.579-0500] {dagbag.py:545} INFO - Filling up the DagBag from /Users/naga/Desktop/airflow_env/lib/python3.12/site-packages/airflow/example_dags/plugins/workday.py
[2026-06-21T19:46:37.581-0500] {logging_mixin.py:188} INFO - [2026-06-21T19:46:37.581-0500] {workday.py:41} WARNING - Could not import pandas. Holidays will not be considered.
[2026-06-21T19:46:37.581-0500] {processor.py:842} WARNING - No viable dags retrieved from /Users/naga/Desktop/airflow_env/lib/python3.12/site-packages/airflow/example_dags/plugins/workday.py
[2026-06-21T19:46:37.643-0500] {processor.py:183} INFO - Processing /Users/naga/Desktop/airflow_env/lib/python3.12/site-packages/airflow/example_dags/plugins/workday.py took 0.068 seconds
[2026-06-21T19:48:09.729-0500] {processor.py:161} INFO - Started process (PID=61549) to work on /Users/naga/Desktop/airflow_env/lib/python3.12/site-packages/airflow/example_dags/plugins/workday.py
[2026-06-21T19:48:09.730-0500] {processor.py:830} INFO - Processing file /Users/naga/Desktop/airflow_env/lib/python3.12/site-packages/airflow/example_dags/plugins/workday.py for tasks to queue
[2026-06-21T19:48:09.730-0500] {logging_mixin.py:188} INFO - [2026-06-21T19:48:09.730-0500] {dagbag.py:545} INFO - Filling up the DagBag from /Users/naga/Desktop/airflow_env/lib/python3.12/site-packages/airflow/example_dags/plugins/workday.py
[2026-06-21T19:48:09.731-0500] {logging_mixin.py:188} INFO - [2026-06-21T19:48:09.731-0500] {workday.py:41} WARNING - Could not import pandas. Holidays will not be considered.
[2026-06-21T19:48:09.732-0500] {processor.py:842} WARNING - No viable dags retrieved from /Users/naga/Desktop/airflow_env/lib/python3.12/site-packages/airflow/example_dags/plugins/workday.py
[2026-06-21T19:48:09.793-0500] {processor.py:183} INFO - Processing /Users/naga/Desktop/airflow_env/lib/python3.12/site-packages/airflow/example_dags/plugins/workday.py took 0.067 seconds
[2026-06-21T19:49:42.166-0500] {processor.py:161} INFO - Started process (PID=61710) to work on /Users/naga/Desktop/airflow_env/lib/python3.12/site-packages/airflow/example_dags/plugins/workday.py
[2026-06-21T19:49:42.170-0500] {processor.py:830} INFO - Processing file /Users/naga/Desktop/airflow_env/lib/python3.12/site-packages/airflow/example_dags/plugins/workday.py for tasks to queue
[2026-06-21T19:49:42.171-0500] {logging_mixin.py:188} INFO - [2026-06-21T19:49:42.171-0500] {dagbag.py:545} INFO - Filling up the DagBag from /Users/naga/Desktop/airflow_env/lib/python3.12/site-packages/airflow/example_dags/plugins/workday.py
[2026-06-21T19:49:42.173-0500] {logging_mixin.py:188} INFO - [2026-06-21T19:49:42.173-0500] {workday.py:41} WARNING - Could not import pandas. Holidays will not be considered.
[2026-06-21T19:49:42.174-0500] {processor.py:842} WARNING - No viable dags retrieved from /Users/naga/Desktop/airflow_env/lib/python3.12/site-packages/airflow/example_dags/plugins/workday.py
[2026-06-21T19:49:42.268-0500] {processor.py:183} INFO - Processing /Users/naga/Desktop/airflow_env/lib/python3.12/site-packages/airflow/example_dags/plugins/workday.py took 0.105 seconds
[2026-06-21T19:51:16.801-0500] {processor.py:161} INFO - Started process (PID=61789) to work on /Users/naga/Desktop/airflow_env/lib/python3.12/site-packages/airflow/example_dags/plugins/workday.py
[2026-06-21T19:51:16.802-0500] {processor.py:830} INFO - Processing file /Users/naga/Desktop/airflow_env/lib/python3.12/site-packages/airflow/example_dags/plugins/workday.py for tasks to queue
[2026-06-21T19:51:16.803-0500] {logging_mixin.py:188} INFO - [2026-06-21T19:51:16.802-0500] {dagbag.py:545} INFO - Filling up the DagBag from /Users/naga/Desktop/airflow_env/lib/python3.12/site-packages/airflow/example_dags/plugins/workday.py
[2026-06-21T19:51:16.804-0500] {logging_mixin.py:188} INFO - [2026-06-21T19:51:16.804-0500] {workday.py:41} WARNING - Could not import pandas. Holidays will not be considered.
[2026-06-21T19:51:16.804-0500] {processor.py:842} WARNING - No viable dags retrieved from /Users/naga/Desktop/airflow_env/lib/python3.12/site-packages/airflow/example_dags/plugins/workday.py
[2026-06-21T19:51:16.866-0500] {processor.py:183} INFO - Processing /Users/naga/Desktop/airflow_env/lib/python3.12/site-packages/airflow/example_dags/plugins/workday.py took 0.067 seconds
[2026-06-21T19:52:40.071-0500] {processor.py:161} INFO - Started process (PID=61863) to work on /Users/naga/Desktop/airflow_env/lib/python3.12/site-packages/airflow/example_dags/plugins/workday.py
[2026-06-21T19:52:40.072-0500] {processor.py:830} INFO - Processing file /Users/naga/Desktop/airflow_env/lib/python3.12/site-packages/airflow/example_dags/plugins/workday.py for tasks to queue
[2026-06-21T19:52:40.073-0500] {logging_mixin.py:188} INFO - [2026-06-21T19:52:40.073-0500] {dagbag.py:545} INFO - Filling up the DagBag from /Users/naga/Desktop/airflow_env/lib/python3.12/site-packages/airflow/example_dags/plugins/workday.py
[2026-06-21T19:52:40.074-0500] {logging_mixin.py:188} INFO - [2026-06-21T19:52:40.074-0500] {workday.py:41} WARNING - Could not import pandas. Holidays will not be considered.
[2026-06-21T19:52:40.074-0500] {processor.py:842} WARNING - No viable dags retrieved from /Users/naga/Desktop/airflow_env/lib/python3.12/site-packages/airflow/example_dags/plugins/workday.py
[2026-06-21T19:52:40.138-0500] {processor.py:183} INFO - Processing /Users/naga/Desktop/airflow_env/lib/python3.12/site-packages/airflow/example_dags/plugins/workday.py took 0.069 seconds
[2026-06-21T19:54:04.384-0500] {processor.py:161} INFO - Started process (PID=61931) to work on /Users/naga/Desktop/airflow_env/lib/python3.12/site-packages/airflow/example_dags/plugins/workday.py
[2026-06-21T19:54:04.386-0500] {processor.py:830} INFO - Processing file /Users/naga/Desktop/airflow_env/lib/python3.12/site-packages/airflow/example_dags/plugins/workday.py for tasks to queue
[2026-06-21T19:54:04.386-0500] {logging_mixin.py:188} INFO - [2026-06-21T19:54:04.386-0500] {dagbag.py:545} INFO - Filling up the DagBag from /Users/naga/Desktop/airflow_env/lib/python3.12/site-packages/airflow/example_dags/plugins/workday.py
[2026-06-21T19:54:04.387-0500] {logging_mixin.py:188} INFO - [2026-06-21T19:54:04.387-0500] {workday.py:41} WARNING - Could not import pandas. Holidays will not be considered.
[2026-06-21T19:54:04.388-0500] {processor.py:842} WARNING - No viable dags retrieved from /Users/naga/Desktop/airflow_env/lib/python3.12/site-packages/airflow/example_dags/plugins/workday.py
[2026-06-21T19:54:04.451-0500] {processor.py:183} INFO - Processing /Users/naga/Desktop/airflow_env/lib/python3.12/site-packages/airflow/example_dags/plugins/workday.py took 0.069 seconds
[2026-06-21T19:55:28.431-0500] {processor.py:161} INFO - Started process (PID=61980) to work on /Users/naga/Desktop/airflow_env/lib/python3.12/site-packages/airflow/example_dags/plugins/workday.py
[2026-06-21T19:55:28.432-0500] {processor.py:830} INFO - Processing file /Users/naga/Desktop/airflow_env/lib/python3.12/site-packages/airflow/example_dags/plugins/workday.py for tasks to queue
[2026-06-21T19:55:28.433-0500] {logging_mixin.py:188} INFO - [2026-06-21T19:55:28.433-0500] {dagbag.py:545} INFO - Filling up the DagBag from /Users/naga/Desktop/airflow_env/lib/python3.12/site-packages/airflow/example_dags/plugins/workday.py
[2026-06-21T19:55:28.434-0500] {logging_mixin.py:188} INFO - [2026-06-21T19:55:28.434-0500] {workday.py:41} WARNING - Could not import pandas. Holidays will not be considered.
[2026-06-21T19:55:28.434-0500] {processor.py:842} WARNING - No viable dags retrieved from /Users/naga/Desktop/airflow_env/lib/python3.12/site-packages/airflow/example_dags/plugins/workday.py
[2026-06-21T19:55:28.499-0500] {processor.py:183} INFO - Processing /Users/naga/Desktop/airflow_env/lib/python3.12/site-packages/airflow/example_dags/plugins/workday.py took 0.070 seconds
[2026-06-21T19:56:53.445-0500] {processor.py:161} INFO - Started process (PID=62044) to work on /Users/naga/Desktop/airflow_env/lib/python3.12/site-packages/airflow/example_dags/plugins/workday.py
[2026-06-21T19:56:53.446-0500] {processor.py:830} INFO - Processing file /Users/naga/Desktop/airflow_env/lib/python3.12/site-packages/airflow/example_dags/plugins/workday.py for tasks to queue
[2026-06-21T19:56:53.446-0500] {logging_mixin.py:188} INFO - [2026-06-21T19:56:53.446-0500] {dagbag.py:545} INFO - Filling up the DagBag from /Users/naga/Desktop/airflow_env/lib/python3.12/site-packages/airflow/example_dags/plugins/workday.py
[2026-06-21T19:56:53.448-0500] {logging_mixin.py:188} INFO - [2026-06-21T19:56:53.448-0500] {workday.py:41} WARNING - Could not import pandas. Holidays will not be considered.
[2026-06-21T19:56:53.448-0500] {processor.py:842} WARNING - No viable dags retrieved from /Users/naga/Desktop/airflow_env/lib/python3.12/site-packages/airflow/example_dags/plugins/workday.py
[2026-06-21T19:56:53.511-0500] {processor.py:183} INFO - Processing /Users/naga/Desktop/airflow_env/lib/python3.12/site-packages/airflow/example_dags/plugins/workday.py took 0.068 seconds
[2026-06-21T19:58:23.563-0500] {processor.py:161} INFO - Started process (PID=62126) to work on /Users/naga/Desktop/airflow_env/lib/python3.12/site-packages/airflow/example_dags/plugins/workday.py
[2026-06-21T19:58:23.564-0500] {processor.py:830} INFO - Processing file /Users/naga/Desktop/airflow_env/lib/python3.12/site-packages/airflow/example_dags/plugins/workday.py for tasks to queue
[2026-06-21T19:58:23.565-0500] {logging_mixin.py:188} INFO - [2026-06-21T19:58:23.565-0500] {dagbag.py:545} INFO - Filling up the DagBag from /Users/naga/Desktop/airflow_env/lib/python3.12/site-packages/airflow/example_dags/plugins/workday.py
[2026-06-21T19:58:23.566-0500] {logging_mixin.py:188} INFO - [2026-06-21T19:58:23.566-0500] {workday.py:41} WARNING - Could not import pandas. Holidays will not be considered.
[2026-06-21T19:58:23.566-0500] {processor.py:842} WARNING - No viable dags retrieved from /Users/naga/Desktop/airflow_env/lib/python3.12/site-packages/airflow/example_dags/plugins/workday.py
[2026-06-21T19:58:23.628-0500] {processor.py:183} INFO - Processing /Users/naga/Desktop/airflow_env/lib/python3.12/site-packages/airflow/example_dags/plugins/workday.py took 0.068 seconds
[2026-06-21T19:59:50.063-0500] {processor.py:161} INFO - Started process (PID=62182) to work on /Users/naga/Desktop/airflow_env/lib/python3.12/site-packages/airflow/example_dags/plugins/workday.py
[2026-06-21T19:59:50.064-0500] {processor.py:830} INFO - Processing file /Users/naga/Desktop/airflow_env/lib/python3.12/site-packages/airflow/example_dags/plugins/workday.py for tasks to queue
[2026-06-21T19:59:50.064-0500] {logging_mixin.py:188} INFO - [2026-06-21T19:59:50.064-0500] {dagbag.py:545} INFO - Filling up the DagBag from /Users/naga/Desktop/airflow_env/lib/python3.12/site-packages/airflow/example_dags/plugins/workday.py
[2026-06-21T19:59:50.066-0500] {logging_mixin.py:188} INFO - [2026-06-21T19:59:50.066-0500] {workday.py:41} WARNING - Could not import pandas. Holidays will not be considered.
[2026-06-21T19:59:50.066-0500] {processor.py:842} WARNING - No viable dags retrieved from /Users/naga/Desktop/airflow_env/lib/python3.12/site-packages/airflow/example_dags/plugins/workday.py
[2026-06-21T19:59:50.128-0500] {processor.py:183} INFO - Processing /Users/naga/Desktop/airflow_env/lib/python3.12/site-packages/airflow/example_dags/plugins/workday.py took 0.067 seconds
[2026-06-21T20:01:16.423-0500] {processor.py:161} INFO - Started process (PID=62256) to work on /Users/naga/Desktop/airflow_env/lib/python3.12/site-packages/airflow/example_dags/plugins/workday.py
[2026-06-21T20:01:16.427-0500] {processor.py:830} INFO - Processing file /Users/naga/Desktop/airflow_env/lib/python3.12/site-packages/airflow/example_dags/plugins/workday.py for tasks to queue
[2026-06-21T20:01:16.427-0500] {logging_mixin.py:188} INFO - [2026-06-21T20:01:16.427-0500] {dagbag.py:545} INFO - Filling up the DagBag from /Users/naga/Desktop/airflow_env/lib/python3.12/site-packages/airflow/example_dags/plugins/workday.py
[2026-06-21T20:01:16.428-0500] {logging_mixin.py:188} INFO - [2026-06-21T20:01:16.428-0500] {workday.py:41} WARNING - Could not import pandas. Holidays will not be considered.
[2026-06-21T20:01:16.429-0500] {processor.py:842} WARNING - No viable dags retrieved from /Users/naga/Desktop/airflow_env/lib/python3.12/site-packages/airflow/example_dags/plugins/workday.py
[2026-06-21T20:01:16.490-0500] {processor.py:183} INFO - Processing /Users/naga/Desktop/airflow_env/lib/python3.12/site-packages/airflow/example_dags/plugins/workday.py took 0.069 seconds
[2026-06-21T20:02:42.670-0500] {processor.py:161} INFO - Started process (PID=62323) to work on /Users/naga/Desktop/airflow_env/lib/python3.12/site-packages/airflow/example_dags/plugins/workday.py
[2026-06-21T20:02:42.671-0500] {processor.py:830} INFO - Processing file /Users/naga/Desktop/airflow_env/lib/python3.12/site-packages/airflow/example_dags/plugins/workday.py for tasks to queue
[2026-06-21T20:02:42.672-0500] {logging_mixin.py:188} INFO - [2026-06-21T20:02:42.672-0500] {dagbag.py:545} INFO - Filling up the DagBag from /Users/naga/Desktop/airflow_env/lib/python3.12/site-packages/airflow/example_dags/plugins/workday.py
[2026-06-21T20:02:42.673-0500] {logging_mixin.py:188} INFO - [2026-06-21T20:02:42.673-0500] {workday.py:41} WARNING - Could not import pandas. Holidays will not be considered.
[2026-06-21T20:02:42.673-0500] {processor.py:842} WARNING - No viable dags retrieved from /Users/naga/Desktop/airflow_env/lib/python3.12/site-packages/airflow/example_dags/plugins/workday.py
[2026-06-21T20:02:42.735-0500] {processor.py:183} INFO - Processing /Users/naga/Desktop/airflow_env/lib/python3.12/site-packages/airflow/example_dags/plugins/workday.py took 0.067 seconds
[2026-06-21T20:04:08.307-0500] {processor.py:161} INFO - Started process (PID=62394) to work on /Users/naga/Desktop/airflow_env/lib/python3.12/site-packages/airflow/example_dags/plugins/workday.py
[2026-06-21T20:04:08.309-0500] {processor.py:830} INFO - Processing file /Users/naga/Desktop/airflow_env/lib/python3.12/site-packages/airflow/example_dags/plugins/workday.py for tasks to queue
[2026-06-21T20:04:08.309-0500] {logging_mixin.py:188} INFO - [2026-06-21T20:04:08.309-0500] {dagbag.py:545} INFO - Filling up the DagBag from /Users/naga/Desktop/airflow_env/lib/python3.12/site-packages/airflow/example_dags/plugins/workday.py
[2026-06-21T20:04:08.310-0500] {logging_mixin.py:188} INFO - [2026-06-21T20:04:08.310-0500] {workday.py:41} WARNING - Could not import pandas. Holidays will not be considered.
[2026-06-21T20:04:08.311-0500] {processor.py:842} WARNING - No viable dags retrieved from /Users/naga/Desktop/airflow_env/lib/python3.12/site-packages/airflow/example_dags/plugins/workday.py
[2026-06-21T20:04:08.372-0500] {processor.py:183} INFO - Processing /Users/naga/Desktop/airflow_env/lib/python3.12/site-packages/airflow/example_dags/plugins/workday.py took 0.067 seconds
[2026-06-21T20:05:35.270-0500] {processor.py:161} INFO - Started process (PID=62442) to work on /Users/naga/Desktop/airflow_env/lib/python3.12/site-packages/airflow/example_dags/plugins/workday.py
[2026-06-21T20:05:35.271-0500] {processor.py:830} INFO - Processing file /Users/naga/Desktop/airflow_env/lib/python3.12/site-packages/airflow/example_dags/plugins/workday.py for tasks to queue
[2026-06-21T20:05:35.271-0500] {logging_mixin.py:188} INFO - [2026-06-21T20:05:35.271-0500] {dagbag.py:545} INFO - Filling up the DagBag from /Users/naga/Desktop/airflow_env/lib/python3.12/site-packages/airflow/example_dags/plugins/workday.py
[2026-06-21T20:05:35.273-0500] {logging_mixin.py:188} INFO - [2026-06-21T20:05:35.273-0500] {workday.py:41} WARNING - Could not import pandas. Holidays will not be considered.
[2026-06-21T20:05:35.273-0500] {processor.py:842} WARNING - No viable dags retrieved from /Users/naga/Desktop/airflow_env/lib/python3.12/site-packages/airflow/example_dags/plugins/workday.py
[2026-06-21T20:05:35.334-0500] {processor.py:183} INFO - Processing /Users/naga/Desktop/airflow_env/lib/python3.12/site-packages/airflow/example_dags/plugins/workday.py took 0.067 seconds
[2026-06-21T20:07:03.306-0500] {processor.py:161} INFO - Started process (PID=62518) to work on /Users/naga/Desktop/airflow_env/lib/python3.12/site-packages/airflow/example_dags/plugins/workday.py
[2026-06-21T20:07:03.307-0500] {processor.py:830} INFO - Processing file /Users/naga/Desktop/airflow_env/lib/python3.12/site-packages/airflow/example_dags/plugins/workday.py for tasks to queue
[2026-06-21T20:07:03.307-0500] {logging_mixin.py:188} INFO - [2026-06-21T20:07:03.307-0500] {dagbag.py:545} INFO - Filling up the DagBag from /Users/naga/Desktop/airflow_env/lib/python3.12/site-packages/airflow/example_dags/plugins/workday.py
[2026-06-21T20:07:03.309-0500] {logging_mixin.py:188} INFO - [2026-06-21T20:07:03.308-0500] {workday.py:41} WARNING - Could not import pandas. Holidays will not be considered.
[2026-06-21T20:07:03.309-0500] {processor.py:842} WARNING - No viable dags retrieved from /Users/naga/Desktop/airflow_env/lib/python3.12/site-packages/airflow/example_dags/plugins/workday.py
[2026-06-21T20:07:03.371-0500] {processor.py:183} INFO - Processing /Users/naga/Desktop/airflow_env/lib/python3.12/site-packages/airflow/example_dags/plugins/workday.py took 0.068 seconds
[2026-06-21T20:08:37.724-0500] {processor.py:161} INFO - Started process (PID=62606) to work on /Users/naga/Desktop/airflow_env/lib/python3.12/site-packages/airflow/example_dags/plugins/workday.py
[2026-06-21T20:08:37.725-0500] {processor.py:830} INFO - Processing file /Users/naga/Desktop/airflow_env/lib/python3.12/site-packages/airflow/example_dags/plugins/workday.py for tasks to queue
[2026-06-21T20:08:37.726-0500] {logging_mixin.py:188} INFO - [2026-06-21T20:08:37.726-0500] {dagbag.py:545} INFO - Filling up the DagBag from /Users/naga/Desktop/airflow_env/lib/python3.12/site-packages/airflow/example_dags/plugins/workday.py
[2026-06-21T20:08:37.727-0500] {logging_mixin.py:188} INFO - [2026-06-21T20:08:37.727-0500] {workday.py:41} WARNING - Could not import pandas. Holidays will not be considered.
[2026-06-21T20:08:37.728-0500] {processor.py:842} WARNING - No viable dags retrieved from /Users/naga/Desktop/airflow_env/lib/python3.12/site-packages/airflow/example_dags/plugins/workday.py
[2026-06-21T20:08:37.789-0500] {processor.py:183} INFO - Processing /Users/naga/Desktop/airflow_env/lib/python3.12/site-packages/airflow/example_dags/plugins/workday.py took 0.067 seconds
[2026-06-21T20:37:34.601-0500] {processor.py:161} INFO - Started process (PID=62720) to work on /Users/naga/Desktop/airflow_env/lib/python3.12/site-packages/airflow/example_dags/plugins/workday.py
[2026-06-21T20:37:34.602-0500] {processor.py:830} INFO - Processing file /Users/naga/Desktop/airflow_env/lib/python3.12/site-packages/airflow/example_dags/plugins/workday.py for tasks to queue
[2026-06-21T20:37:34.603-0500] {logging_mixin.py:188} INFO - [2026-06-21T20:37:34.603-0500] {dagbag.py:545} INFO - Filling up the DagBag from /Users/naga/Desktop/airflow_env/lib/python3.12/site-packages/airflow/example_dags/plugins/workday.py
[2026-06-21T20:37:34.604-0500] {logging_mixin.py:188} INFO - [2026-06-21T20:37:34.604-0500] {workday.py:41} WARNING - Could not import pandas. Holidays will not be considered.
[2026-06-21T20:37:34.605-0500] {processor.py:842} WARNING - No viable dags retrieved from /Users/naga/Desktop/airflow_env/lib/python3.12/site-packages/airflow/example_dags/plugins/workday.py
[2026-06-21T20:37:34.666-0500] {processor.py:183} INFO - Processing /Users/naga/Desktop/airflow_env/lib/python3.12/site-packages/airflow/example_dags/plugins/workday.py took 0.067 seconds
[2026-06-21T20:39:08.410-0500] {processor.py:161} INFO - Started process (PID=62814) to work on /Users/naga/Desktop/airflow_env/lib/python3.12/site-packages/airflow/example_dags/plugins/workday.py
[2026-06-21T20:39:08.411-0500] {processor.py:830} INFO - Processing file /Users/naga/Desktop/airflow_env/lib/python3.12/site-packages/airflow/example_dags/plugins/workday.py for tasks to queue
[2026-06-21T20:39:08.411-0500] {logging_mixin.py:188} INFO - [2026-06-21T20:39:08.411-0500] {dagbag.py:545} INFO - Filling up the DagBag from /Users/naga/Desktop/airflow_env/lib/python3.12/site-packages/airflow/example_dags/plugins/workday.py
[2026-06-21T20:39:08.413-0500] {logging_mixin.py:188} INFO - [2026-06-21T20:39:08.413-0500] {workday.py:41} WARNING - Could not import pandas. Holidays will not be considered.
[2026-06-21T20:39:08.413-0500] {processor.py:842} WARNING - No viable dags retrieved from /Users/naga/Desktop/airflow_env/lib/python3.12/site-packages/airflow/example_dags/plugins/workday.py
[2026-06-21T20:39:08.476-0500] {processor.py:183} INFO - Processing /Users/naga/Desktop/airflow_env/lib/python3.12/site-packages/airflow/example_dags/plugins/workday.py took 0.068 seconds
[2026-06-21T20:40:42.354-0500] {processor.py:161} INFO - Started process (PID=62965) to work on /Users/naga/Desktop/airflow_env/lib/python3.12/site-packages/airflow/example_dags/plugins/workday.py
[2026-06-21T20:40:42.355-0500] {processor.py:830} INFO - Processing file /Users/naga/Desktop/airflow_env/lib/python3.12/site-packages/airflow/example_dags/plugins/workday.py for tasks to queue
[2026-06-21T20:40:42.356-0500] {logging_mixin.py:188} INFO - [2026-06-21T20:40:42.356-0500] {dagbag.py:545} INFO - Filling up the DagBag from /Users/naga/Desktop/airflow_env/lib/python3.12/site-packages/airflow/example_dags/plugins/workday.py
[2026-06-21T20:40:42.357-0500] {logging_mixin.py:188} INFO - [2026-06-21T20:40:42.357-0500] {workday.py:41} WARNING - Could not import pandas. Holidays will not be considered.
[2026-06-21T20:40:42.357-0500] {processor.py:842} WARNING - No viable dags retrieved from /Users/naga/Desktop/airflow_env/lib/python3.12/site-packages/airflow/example_dags/plugins/workday.py
[2026-06-21T20:40:42.424-0500] {processor.py:183} INFO - Processing /Users/naga/Desktop/airflow_env/lib/python3.12/site-packages/airflow/example_dags/plugins/workday.py took 0.072 seconds
[2026-06-21T20:42:14.409-0500] {processor.py:161} INFO - Started process (PID=63049) to work on /Users/naga/Desktop/airflow_env/lib/python3.12/site-packages/airflow/example_dags/plugins/workday.py
[2026-06-21T20:42:14.410-0500] {processor.py:830} INFO - Processing file /Users/naga/Desktop/airflow_env/lib/python3.12/site-packages/airflow/example_dags/plugins/workday.py for tasks to queue
[2026-06-21T20:42:14.410-0500] {logging_mixin.py:188} INFO - [2026-06-21T20:42:14.410-0500] {dagbag.py:545} INFO - Filling up the DagBag from /Users/naga/Desktop/airflow_env/lib/python3.12/site-packages/airflow/example_dags/plugins/workday.py
[2026-06-21T20:42:14.412-0500] {logging_mixin.py:188} INFO - [2026-06-21T20:42:14.411-0500] {workday.py:41} WARNING - Could not import pandas. Holidays will not be considered.
[2026-06-21T20:42:14.412-0500] {processor.py:842} WARNING - No viable dags retrieved from /Users/naga/Desktop/airflow_env/lib/python3.12/site-packages/airflow/example_dags/plugins/workday.py
[2026-06-21T20:42:14.475-0500] {processor.py:183} INFO - Processing /Users/naga/Desktop/airflow_env/lib/python3.12/site-packages/airflow/example_dags/plugins/workday.py took 0.068 seconds
[2026-06-21T20:43:39.351-0500] {processor.py:161} INFO - Started process (PID=63164) to work on /Users/naga/Desktop/airflow_env/lib/python3.12/site-packages/airflow/example_dags/plugins/workday.py
[2026-06-21T20:43:39.352-0500] {processor.py:830} INFO - Processing file /Users/naga/Desktop/airflow_env/lib/python3.12/site-packages/airflow/example_dags/plugins/workday.py for tasks to queue
[2026-06-21T20:43:39.352-0500] {logging_mixin.py:188} INFO - [2026-06-21T20:43:39.352-0500] {dagbag.py:545} INFO - Filling up the DagBag from /Users/naga/Desktop/airflow_env/lib/python3.12/site-packages/airflow/example_dags/plugins/workday.py
[2026-06-21T20:43:39.354-0500] {logging_mixin.py:188} INFO - [2026-06-21T20:43:39.354-0500] {workday.py:41} WARNING - Could not import pandas. Holidays will not be considered.
[2026-06-21T20:43:39.354-0500] {processor.py:842} WARNING - No viable dags retrieved from /Users/naga/Desktop/airflow_env/lib/python3.12/site-packages/airflow/example_dags/plugins/workday.py
[2026-06-21T20:43:39.415-0500] {processor.py:183} INFO - Processing /Users/naga/Desktop/airflow_env/lib/python3.12/site-packages/airflow/example_dags/plugins/workday.py took 0.067 seconds
[2026-06-21T20:45:05.688-0500] {processor.py:161} INFO - Started process (PID=63239) to work on /Users/naga/Desktop/airflow_env/lib/python3.12/site-packages/airflow/example_dags/plugins/workday.py
[2026-06-21T20:45:05.689-0500] {processor.py:830} INFO - Processing file /Users/naga/Desktop/airflow_env/lib/python3.12/site-packages/airflow/example_dags/plugins/workday.py for tasks to queue
[2026-06-21T20:45:05.689-0500] {logging_mixin.py:188} INFO - [2026-06-21T20:45:05.689-0500] {dagbag.py:545} INFO - Filling up the DagBag from /Users/naga/Desktop/airflow_env/lib/python3.12/site-packages/airflow/example_dags/plugins/workday.py
[2026-06-21T20:45:05.691-0500] {logging_mixin.py:188} INFO - [2026-06-21T20:45:05.691-0500] {workday.py:41} WARNING - Could not import pandas. Holidays will not be considered.
[2026-06-21T20:45:05.691-0500] {processor.py:842} WARNING - No viable dags retrieved from /Users/naga/Desktop/airflow_env/lib/python3.12/site-packages/airflow/example_dags/plugins/workday.py
[2026-06-21T20:45:05.754-0500] {processor.py:183} INFO - Processing /Users/naga/Desktop/airflow_env/lib/python3.12/site-packages/airflow/example_dags/plugins/workday.py took 0.069 seconds
[2026-06-21T20:46:30.996-0500] {processor.py:161} INFO - Started process (PID=63303) to work on /Users/naga/Desktop/airflow_env/lib/python3.12/site-packages/airflow/example_dags/plugins/workday.py
[2026-06-21T20:46:30.997-0500] {processor.py:830} INFO - Processing file /Users/naga/Desktop/airflow_env/lib/python3.12/site-packages/airflow/example_dags/plugins/workday.py for tasks to queue
[2026-06-21T20:46:30.998-0500] {logging_mixin.py:188} INFO - [2026-06-21T20:46:30.997-0500] {dagbag.py:545} INFO - Filling up the DagBag from /Users/naga/Desktop/airflow_env/lib/python3.12/site-packages/airflow/example_dags/plugins/workday.py
[2026-06-21T20:46:30.999-0500] {logging_mixin.py:188} INFO - [2026-06-21T20:46:30.999-0500] {workday.py:41} WARNING - Could not import pandas. Holidays will not be considered.
[2026-06-21T20:46:30.999-0500] {processor.py:842} WARNING - No viable dags retrieved from /Users/naga/Desktop/airflow_env/lib/python3.12/site-packages/airflow/example_dags/plugins/workday.py
[2026-06-21T20:46:31.060-0500] {processor.py:183} INFO - Processing /Users/naga/Desktop/airflow_env/lib/python3.12/site-packages/airflow/example_dags/plugins/workday.py took 0.066 seconds
[2026-06-21T20:47:56.121-0500] {processor.py:161} INFO - Started process (PID=63374) to work on /Users/naga/Desktop/airflow_env/lib/python3.12/site-packages/airflow/example_dags/plugins/workday.py
[2026-06-21T20:47:56.123-0500] {processor.py:830} INFO - Processing file /Users/naga/Desktop/airflow_env/lib/python3.12/site-packages/airflow/example_dags/plugins/workday.py for tasks to queue
[2026-06-21T20:47:56.123-0500] {logging_mixin.py:188} INFO - [2026-06-21T20:47:56.123-0500] {dagbag.py:545} INFO - Filling up the DagBag from /Users/naga/Desktop/airflow_env/lib/python3.12/site-packages/airflow/example_dags/plugins/workday.py
[2026-06-21T20:47:56.125-0500] {logging_mixin.py:188} INFO - [2026-06-21T20:47:56.125-0500] {workday.py:41} WARNING - Could not import pandas. Holidays will not be considered.
[2026-06-21T20:47:56.125-0500] {processor.py:842} WARNING - No viable dags retrieved from /Users/naga/Desktop/airflow_env/lib/python3.12/site-packages/airflow/example_dags/plugins/workday.py
[2026-06-21T20:47:56.191-0500] {processor.py:183} INFO - Processing /Users/naga/Desktop/airflow_env/lib/python3.12/site-packages/airflow/example_dags/plugins/workday.py took 0.072 seconds
[2026-06-21T20:49:20.053-0500] {processor.py:161} INFO - Started process (PID=63441) to work on /Users/naga/Desktop/airflow_env/lib/python3.12/site-packages/airflow/example_dags/plugins/workday.py
[2026-06-21T20:49:20.054-0500] {processor.py:830} INFO - Processing file /Users/naga/Desktop/airflow_env/lib/python3.12/site-packages/airflow/example_dags/plugins/workday.py for tasks to queue
[2026-06-21T20:49:20.055-0500] {logging_mixin.py:188} INFO - [2026-06-21T20:49:20.055-0500] {dagbag.py:545} INFO - Filling up the DagBag from /Users/naga/Desktop/airflow_env/lib/python3.12/site-packages/airflow/example_dags/plugins/workday.py
[2026-06-21T20:49:20.056-0500] {logging_mixin.py:188} INFO - [2026-06-21T20:49:20.056-0500] {workday.py:41} WARNING - Could not import pandas. Holidays will not be considered.
[2026-06-21T20:49:20.056-0500] {processor.py:842} WARNING - No viable dags retrieved from /Users/naga/Desktop/airflow_env/lib/python3.12/site-packages/airflow/example_dags/plugins/workday.py
[2026-06-21T20:49:20.119-0500] {processor.py:183} INFO - Processing /Users/naga/Desktop/airflow_env/lib/python3.12/site-packages/airflow/example_dags/plugins/workday.py took 0.068 seconds
[2026-06-21T20:50:47.466-0500] {processor.py:161} INFO - Started process (PID=63516) to work on /Users/naga/Desktop/airflow_env/lib/python3.12/site-packages/airflow/example_dags/plugins/workday.py
[2026-06-21T20:50:47.467-0500] {processor.py:830} INFO - Processing file /Users/naga/Desktop/airflow_env/lib/python3.12/site-packages/airflow/example_dags/plugins/workday.py for tasks to queue
[2026-06-21T20:50:47.467-0500] {logging_mixin.py:188} INFO - [2026-06-21T20:50:47.467-0500] {dagbag.py:545} INFO - Filling up the DagBag from /Users/naga/Desktop/airflow_env/lib/python3.12/site-packages/airflow/example_dags/plugins/workday.py
[2026-06-21T20:50:47.469-0500] {logging_mixin.py:188} INFO - [2026-06-21T20:50:47.469-0500] {workday.py:41} WARNING - Could not import pandas. Holidays will not be considered.
[2026-06-21T20:50:47.469-0500] {processor.py:842} WARNING - No viable dags retrieved from /Users/naga/Desktop/airflow_env/lib/python3.12/site-packages/airflow/example_dags/plugins/workday.py
[2026-06-21T20:50:47.531-0500] {processor.py:183} INFO - Processing /Users/naga/Desktop/airflow_env/lib/python3.12/site-packages/airflow/example_dags/plugins/workday.py took 0.067 seconds
[2026-06-21T20:52:16.540-0500] {processor.py:161} INFO - Started process (PID=63566) to work on /Users/naga/Desktop/airflow_env/lib/python3.12/site-packages/airflow/example_dags/plugins/workday.py
[2026-06-21T20:52:16.541-0500] {processor.py:830} INFO - Processing file /Users/naga/Desktop/airflow_env/lib/python3.12/site-packages/airflow/example_dags/plugins/workday.py for tasks to queue
[2026-06-21T20:52:16.542-0500] {logging_mixin.py:188} INFO - [2026-06-21T20:52:16.541-0500] {dagbag.py:545} INFO - Filling up the DagBag from /Users/naga/Desktop/airflow_env/lib/python3.12/site-packages/airflow/example_dags/plugins/workday.py
[2026-06-21T20:52:16.543-0500] {logging_mixin.py:188} INFO - [2026-06-21T20:52:16.542-0500] {workday.py:41} WARNING - Could not import pandas. Holidays will not be considered.
[2026-06-21T20:52:16.543-0500] {processor.py:842} WARNING - No viable dags retrieved from /Users/naga/Desktop/airflow_env/lib/python3.12/site-packages/airflow/example_dags/plugins/workday.py
[2026-06-21T20:52:16.607-0500] {processor.py:183} INFO - Processing /Users/naga/Desktop/airflow_env/lib/python3.12/site-packages/airflow/example_dags/plugins/workday.py took 0.070 seconds
[2026-06-21T20:53:43.116-0500] {processor.py:161} INFO - Started process (PID=63637) to work on /Users/naga/Desktop/airflow_env/lib/python3.12/site-packages/airflow/example_dags/plugins/workday.py
[2026-06-21T20:53:43.118-0500] {processor.py:830} INFO - Processing file /Users/naga/Desktop/airflow_env/lib/python3.12/site-packages/airflow/example_dags/plugins/workday.py for tasks to queue
[2026-06-21T20:53:43.118-0500] {logging_mixin.py:188} INFO - [2026-06-21T20:53:43.118-0500] {dagbag.py:545} INFO - Filling up the DagBag from /Users/naga/Desktop/airflow_env/lib/python3.12/site-packages/airflow/example_dags/plugins/workday.py
[2026-06-21T20:53:43.120-0500] {logging_mixin.py:188} INFO - [2026-06-21T20:53:43.119-0500] {workday.py:41} WARNING - Could not import pandas. Holidays will not be considered.
[2026-06-21T20:53:43.120-0500] {processor.py:842} WARNING - No viable dags retrieved from /Users/naga/Desktop/airflow_env/lib/python3.12/site-packages/airflow/example_dags/plugins/workday.py
[2026-06-21T20:53:43.181-0500] {processor.py:183} INFO - Processing /Users/naga/Desktop/airflow_env/lib/python3.12/site-packages/airflow/example_dags/plugins/workday.py took 0.066 seconds
[2026-06-21T20:55:16.132-0500] {processor.py:161} INFO - Started process (PID=63822) to work on /Users/naga/Desktop/airflow_env/lib/python3.12/site-packages/airflow/example_dags/plugins/workday.py
[2026-06-21T20:55:16.133-0500] {processor.py:830} INFO - Processing file /Users/naga/Desktop/airflow_env/lib/python3.12/site-packages/airflow/example_dags/plugins/workday.py for tasks to queue
[2026-06-21T20:55:16.133-0500] {logging_mixin.py:188} INFO - [2026-06-21T20:55:16.133-0500] {dagbag.py:545} INFO - Filling up the DagBag from /Users/naga/Desktop/airflow_env/lib/python3.12/site-packages/airflow/example_dags/plugins/workday.py
[2026-06-21T20:55:16.135-0500] {logging_mixin.py:188} INFO - [2026-06-21T20:55:16.135-0500] {workday.py:41} WARNING - Could not import pandas. Holidays will not be considered.
[2026-06-21T20:55:16.135-0500] {processor.py:842} WARNING - No viable dags retrieved from /Users/naga/Desktop/airflow_env/lib/python3.12/site-packages/airflow/example_dags/plugins/workday.py
[2026-06-21T20:55:16.197-0500] {processor.py:183} INFO - Processing /Users/naga/Desktop/airflow_env/lib/python3.12/site-packages/airflow/example_dags/plugins/workday.py took 0.067 seconds
[2026-06-21T20:56:43.572-0500] {processor.py:161} INFO - Started process (PID=63899) to work on /Users/naga/Desktop/airflow_env/lib/python3.12/site-packages/airflow/example_dags/plugins/workday.py
[2026-06-21T20:56:43.573-0500] {processor.py:830} INFO - Processing file /Users/naga/Desktop/airflow_env/lib/python3.12/site-packages/airflow/example_dags/plugins/workday.py for tasks to queue
[2026-06-21T20:56:43.573-0500] {logging_mixin.py:188} INFO - [2026-06-21T20:56:43.573-0500] {dagbag.py:545} INFO - Filling up the DagBag from /Users/naga/Desktop/airflow_env/lib/python3.12/site-packages/airflow/example_dags/plugins/workday.py
[2026-06-21T20:56:43.574-0500] {logging_mixin.py:188} INFO - [2026-06-21T20:56:43.574-0500] {workday.py:41} WARNING - Could not import pandas. Holidays will not be considered.
[2026-06-21T20:56:43.574-0500] {processor.py:842} WARNING - No viable dags retrieved from /Users/naga/Desktop/airflow_env/lib/python3.12/site-packages/airflow/example_dags/plugins/workday.py
[2026-06-21T20:56:43.638-0500] {processor.py:183} INFO - Processing /Users/naga/Desktop/airflow_env/lib/python3.12/site-packages/airflow/example_dags/plugins/workday.py took 0.069 seconds
[2026-06-21T20:58:09.344-0500] {processor.py:161} INFO - Started process (PID=63966) to work on /Users/naga/Desktop/airflow_env/lib/python3.12/site-packages/airflow/example_dags/plugins/workday.py
[2026-06-21T20:58:09.345-0500] {processor.py:830} INFO - Processing file /Users/naga/Desktop/airflow_env/lib/python3.12/site-packages/airflow/example_dags/plugins/workday.py for tasks to queue
[2026-06-21T20:58:09.346-0500] {logging_mixin.py:188} INFO - [2026-06-21T20:58:09.346-0500] {dagbag.py:545} INFO - Filling up the DagBag from /Users/naga/Desktop/airflow_env/lib/python3.12/site-packages/airflow/example_dags/plugins/workday.py
[2026-06-21T20:58:09.347-0500] {logging_mixin.py:188} INFO - [2026-06-21T20:58:09.347-0500] {workday.py:41} WARNING - Could not import pandas. Holidays will not be considered.
[2026-06-21T20:58:09.347-0500] {processor.py:842} WARNING - No viable dags retrieved from /Users/naga/Desktop/airflow_env/lib/python3.12/site-packages/airflow/example_dags/plugins/workday.py
[2026-06-21T20:58:09.412-0500] {processor.py:183} INFO - Processing /Users/naga/Desktop/airflow_env/lib/python3.12/site-packages/airflow/example_dags/plugins/workday.py took 0.070 seconds
[2026-06-21T21:41:47.737-0500] {processor.py:161} INFO - Started process (PID=64181) to work on /Users/naga/Desktop/airflow_env/lib/python3.12/site-packages/airflow/example_dags/plugins/workday.py
[2026-06-21T21:41:47.738-0500] {processor.py:830} INFO - Processing file /Users/naga/Desktop/airflow_env/lib/python3.12/site-packages/airflow/example_dags/plugins/workday.py for tasks to queue
[2026-06-21T21:41:47.738-0500] {logging_mixin.py:188} INFO - [2026-06-21T21:41:47.738-0500] {dagbag.py:545} INFO - Filling up the DagBag from /Users/naga/Desktop/airflow_env/lib/python3.12/site-packages/airflow/example_dags/plugins/workday.py
[2026-06-21T21:41:47.739-0500] {logging_mixin.py:188} INFO - [2026-06-21T21:41:47.739-0500] {workday.py:41} WARNING - Could not import pandas. Holidays will not be considered.
[2026-06-21T21:41:47.740-0500] {processor.py:842} WARNING - No viable dags retrieved from /Users/naga/Desktop/airflow_env/lib/python3.12/site-packages/airflow/example_dags/plugins/workday.py
[2026-06-21T21:41:47.801-0500] {processor.py:183} INFO - Processing /Users/naga/Desktop/airflow_env/lib/python3.12/site-packages/airflow/example_dags/plugins/workday.py took 0.067 seconds
[2026-06-21T21:43:34.678-0500] {processor.py:161} INFO - Started process (PID=64291) to work on /Users/naga/Desktop/airflow_env/lib/python3.12/site-packages/airflow/example_dags/plugins/workday.py
[2026-06-21T21:43:34.680-0500] {processor.py:830} INFO - Processing file /Users/naga/Desktop/airflow_env/lib/python3.12/site-packages/airflow/example_dags/plugins/workday.py for tasks to queue
[2026-06-21T21:43:34.680-0500] {logging_mixin.py:188} INFO - [2026-06-21T21:43:34.680-0500] {dagbag.py:545} INFO - Filling up the DagBag from /Users/naga/Desktop/airflow_env/lib/python3.12/site-packages/airflow/example_dags/plugins/workday.py
[2026-06-21T21:43:34.682-0500] {logging_mixin.py:188} INFO - [2026-06-21T21:43:34.682-0500] {workday.py:41} WARNING - Could not import pandas. Holidays will not be considered.
[2026-06-21T21:43:34.682-0500] {processor.py:842} WARNING - No viable dags retrieved from /Users/naga/Desktop/airflow_env/lib/python3.12/site-packages/airflow/example_dags/plugins/workday.py
[2026-06-21T21:43:34.753-0500] {processor.py:183} INFO - Processing /Users/naga/Desktop/airflow_env/lib/python3.12/site-packages/airflow/example_dags/plugins/workday.py took 0.077 seconds
[2026-06-21T21:45:06.997-0500] {processor.py:161} INFO - Started process (PID=64359) to work on /Users/naga/Desktop/airflow_env/lib/python3.12/site-packages/airflow/example_dags/plugins/workday.py
[2026-06-21T21:45:06.998-0500] {processor.py:830} INFO - Processing file /Users/naga/Desktop/airflow_env/lib/python3.12/site-packages/airflow/example_dags/plugins/workday.py for tasks to queue
[2026-06-21T21:45:06.999-0500] {logging_mixin.py:188} INFO - [2026-06-21T21:45:06.998-0500] {dagbag.py:545} INFO - Filling up the DagBag from /Users/naga/Desktop/airflow_env/lib/python3.12/site-packages/airflow/example_dags/plugins/workday.py
[2026-06-21T21:45:07.000-0500] {logging_mixin.py:188} INFO - [2026-06-21T21:45:07.000-0500] {workday.py:41} WARNING - Could not import pandas. Holidays will not be considered.
[2026-06-21T21:45:07.000-0500] {processor.py:842} WARNING - No viable dags retrieved from /Users/naga/Desktop/airflow_env/lib/python3.12/site-packages/airflow/example_dags/plugins/workday.py
[2026-06-21T21:45:07.068-0500] {processor.py:183} INFO - Processing /Users/naga/Desktop/airflow_env/lib/python3.12/site-packages/airflow/example_dags/plugins/workday.py took 0.074 seconds
[2026-06-21T21:47:14.712-0500] {processor.py:161} INFO - Started process (PID=64631) to work on /Users/naga/Desktop/airflow_env/lib/python3.12/site-packages/airflow/example_dags/plugins/workday.py
[2026-06-21T21:47:14.724-0500] {processor.py:830} INFO - Processing file /Users/naga/Desktop/airflow_env/lib/python3.12/site-packages/airflow/example_dags/plugins/workday.py for tasks to queue
[2026-06-21T21:47:14.729-0500] {logging_mixin.py:188} INFO - [2026-06-21T21:47:14.728-0500] {dagbag.py:545} INFO - Filling up the DagBag from /Users/naga/Desktop/airflow_env/lib/python3.12/site-packages/airflow/example_dags/plugins/workday.py
[2026-06-21T21:47:15.331-0500] {processor.py:842} WARNING - No viable dags retrieved from /Users/naga/Desktop/airflow_env/lib/python3.12/site-packages/airflow/example_dags/plugins/workday.py
[2026-06-21T21:47:15.395-0500] {processor.py:183} INFO - Processing /Users/naga/Desktop/airflow_env/lib/python3.12/site-packages/airflow/example_dags/plugins/workday.py took 0.688 seconds
[2026-06-21T21:48:48.366-0500] {processor.py:161} INFO - Started process (PID=64716) to work on /Users/naga/Desktop/airflow_env/lib/python3.12/site-packages/airflow/example_dags/plugins/workday.py
[2026-06-21T21:48:48.367-0500] {processor.py:830} INFO - Processing file /Users/naga/Desktop/airflow_env/lib/python3.12/site-packages/airflow/example_dags/plugins/workday.py for tasks to queue
[2026-06-21T21:48:48.368-0500] {logging_mixin.py:188} INFO - [2026-06-21T21:48:48.367-0500] {dagbag.py:545} INFO - Filling up the DagBag from /Users/naga/Desktop/airflow_env/lib/python3.12/site-packages/airflow/example_dags/plugins/workday.py
[2026-06-21T21:48:48.836-0500] {processor.py:842} WARNING - No viable dags retrieved from /Users/naga/Desktop/airflow_env/lib/python3.12/site-packages/airflow/example_dags/plugins/workday.py
[2026-06-21T21:48:48.901-0500] {processor.py:183} INFO - Processing /Users/naga/Desktop/airflow_env/lib/python3.12/site-packages/airflow/example_dags/plugins/workday.py took 0.538 seconds
[2026-06-21T21:50:21.473-0500] {processor.py:161} INFO - Started process (PID=64789) to work on /Users/naga/Desktop/airflow_env/lib/python3.12/site-packages/airflow/example_dags/plugins/workday.py
[2026-06-21T21:50:21.474-0500] {processor.py:830} INFO - Processing file /Users/naga/Desktop/airflow_env/lib/python3.12/site-packages/airflow/example_dags/plugins/workday.py for tasks to queue
[2026-06-21T21:50:21.474-0500] {logging_mixin.py:188} INFO - [2026-06-21T21:50:21.474-0500] {dagbag.py:545} INFO - Filling up the DagBag from /Users/naga/Desktop/airflow_env/lib/python3.12/site-packages/airflow/example_dags/plugins/workday.py
[2026-06-21T21:50:22.011-0500] {processor.py:842} WARNING - No viable dags retrieved from /Users/naga/Desktop/airflow_env/lib/python3.12/site-packages/airflow/example_dags/plugins/workday.py
[2026-06-21T21:50:22.073-0500] {processor.py:183} INFO - Processing /Users/naga/Desktop/airflow_env/lib/python3.12/site-packages/airflow/example_dags/plugins/workday.py took 0.603 seconds
[2026-06-21T21:50:49.198-0500] {processor.py:161} INFO - Started process (PID=64810) to work on /Users/naga/Desktop/airflow_env/lib/python3.12/site-packages/airflow/example_dags/plugins/workday.py
[2026-06-21T21:50:49.200-0500] {processor.py:830} INFO - Processing file /Users/naga/Desktop/airflow_env/lib/python3.12/site-packages/airflow/example_dags/plugins/workday.py for tasks to queue
[2026-06-21T21:50:49.201-0500] {logging_mixin.py:188} INFO - [2026-06-21T21:50:49.200-0500] {dagbag.py:545} INFO - Filling up the DagBag from /Users/naga/Desktop/airflow_env/lib/python3.12/site-packages/airflow/example_dags/plugins/workday.py
[2026-06-21T21:50:49.658-0500] {processor.py:842} WARNING - No viable dags retrieved from /Users/naga/Desktop/airflow_env/lib/python3.12/site-packages/airflow/example_dags/plugins/workday.py
[2026-06-21T21:50:49.721-0500] {processor.py:183} INFO - Processing /Users/naga/Desktop/airflow_env/lib/python3.12/site-packages/airflow/example_dags/plugins/workday.py took 0.525 seconds
[2026-06-21T21:52:57.617-0500] {processor.py:161} INFO - Started process (PID=64933) to work on /Users/naga/Desktop/airflow_env/lib/python3.12/site-packages/airflow/example_dags/plugins/workday.py
[2026-06-21T21:52:57.619-0500] {processor.py:830} INFO - Processing file /Users/naga/Desktop/airflow_env/lib/python3.12/site-packages/airflow/example_dags/plugins/workday.py for tasks to queue
[2026-06-21T21:52:57.619-0500] {logging_mixin.py:188} INFO - [2026-06-21T21:52:57.619-0500] {dagbag.py:545} INFO - Filling up the DagBag from /Users/naga/Desktop/airflow_env/lib/python3.12/site-packages/airflow/example_dags/plugins/workday.py
[2026-06-21T21:52:58.083-0500] {processor.py:842} WARNING - No viable dags retrieved from /Users/naga/Desktop/airflow_env/lib/python3.12/site-packages/airflow/example_dags/plugins/workday.py
[2026-06-21T21:52:58.145-0500] {processor.py:183} INFO - Processing /Users/naga/Desktop/airflow_env/lib/python3.12/site-packages/airflow/example_dags/plugins/workday.py took 0.530 seconds
[2026-06-21T21:54:47.861-0500] {processor.py:161} INFO - Started process (PID=65277) to work on /Users/naga/Desktop/airflow_env/lib/python3.12/site-packages/airflow/example_dags/plugins/workday.py
[2026-06-21T21:54:47.863-0500] {processor.py:830} INFO - Processing file /Users/naga/Desktop/airflow_env/lib/python3.12/site-packages/airflow/example_dags/plugins/workday.py for tasks to queue
[2026-06-21T21:54:47.863-0500] {logging_mixin.py:188} INFO - [2026-06-21T21:54:47.863-0500] {dagbag.py:545} INFO - Filling up the DagBag from /Users/naga/Desktop/airflow_env/lib/python3.12/site-packages/airflow/example_dags/plugins/workday.py
[2026-06-21T21:54:48.548-0500] {processor.py:842} WARNING - No viable dags retrieved from /Users/naga/Desktop/airflow_env/lib/python3.12/site-packages/airflow/example_dags/plugins/workday.py
[2026-06-21T21:54:48.612-0500] {processor.py:183} INFO - Processing /Users/naga/Desktop/airflow_env/lib/python3.12/site-packages/airflow/example_dags/plugins/workday.py took 0.753 seconds
[2026-06-21T21:56:27.535-0500] {processor.py:161} INFO - Started process (PID=65461) to work on /Users/naga/Desktop/airflow_env/lib/python3.12/site-packages/airflow/example_dags/plugins/workday.py
[2026-06-21T21:56:27.536-0500] {processor.py:830} INFO - Processing file /Users/naga/Desktop/airflow_env/lib/python3.12/site-packages/airflow/example_dags/plugins/workday.py for tasks to queue
[2026-06-21T21:56:27.537-0500] {logging_mixin.py:188} INFO - [2026-06-21T21:56:27.537-0500] {dagbag.py:545} INFO - Filling up the DagBag from /Users/naga/Desktop/airflow_env/lib/python3.12/site-packages/airflow/example_dags/plugins/workday.py
[2026-06-21T21:56:27.989-0500] {processor.py:842} WARNING - No viable dags retrieved from /Users/naga/Desktop/airflow_env/lib/python3.12/site-packages/airflow/example_dags/plugins/workday.py
[2026-06-21T21:56:28.051-0500] {processor.py:183} INFO - Processing /Users/naga/Desktop/airflow_env/lib/python3.12/site-packages/airflow/example_dags/plugins/workday.py took 0.519 seconds
