[2026-06-21T14:45:31.107-0500] {processor.py:161} INFO - Started process (PID=54355) to work on /Users/naga/Desktop/airflow_env/lib/python3.12/site-packages/airflow/example_dags/example_branch_labels.py
[2026-06-21T14:45:31.108-0500] {processor.py:830} INFO - Processing file /Users/naga/Desktop/airflow_env/lib/python3.12/site-packages/airflow/example_dags/example_branch_labels.py for tasks to queue
[2026-06-21T14:45:31.109-0500] {logging_mixin.py:188} INFO - [2026-06-21T14:45:31.109-0500] {dagbag.py:545} INFO - Filling up the DagBag from /Users/naga/Desktop/airflow_env/lib/python3.12/site-packages/airflow/example_dags/example_branch_labels.py
[2026-06-21T14:45:31.116-0500] {processor.py:840} INFO - DAG(s) 'example_branch_labels' retrieved from /Users/naga/Desktop/airflow_env/lib/python3.12/site-packages/airflow/example_dags/example_branch_labels.py
[2026-06-21T14:45:31.252-0500] {logging_mixin.py:188} INFO - [2026-06-21T14:45:31.252-0500] {override.py:1858} INFO - Created Permission View: can read on DAG:example_branch_labels
[2026-06-21T14:45:31.258-0500] {logging_mixin.py:188} INFO - [2026-06-21T14:45:31.258-0500] {override.py:1858} INFO - Created Permission View: can delete on DAG:example_branch_labels
[2026-06-21T14:45:31.262-0500] {logging_mixin.py:188} INFO - [2026-06-21T14:45:31.262-0500] {override.py:1858} INFO - Created Permission View: can edit on DAG:example_branch_labels
[2026-06-21T14:45:31.262-0500] {logging_mixin.py:188} INFO - [2026-06-21T14:45:31.262-0500] {dag.py:3089} INFO - Sync 1 DAGs
[2026-06-21T14:45:31.269-0500] {logging_mixin.py:188} INFO - [2026-06-21T14:45:31.269-0500] {dag.py:3111} INFO - Creating ORM DAG for example_branch_labels
[2026-06-21T14:45:31.276-0500] {logging_mixin.py:188} INFO - [2026-06-21T14:45:31.276-0500] {dag.py:3947} INFO - Setting next_dagrun for example_branch_labels to 2026-06-20 00:00:00+00:00, run_after=2026-06-21 00:00:00+00:00
[2026-06-21T14:45:31.287-0500] {processor.py:183} INFO - Processing /Users/naga/Desktop/airflow_env/lib/python3.12/site-packages/airflow/example_dags/example_branch_labels.py took 0.182 seconds
[2026-06-21T14:48:38.474-0500] {processor.py:161} INFO - Started process (PID=54529) to work on /Users/naga/Desktop/airflow_env/lib/python3.12/site-packages/airflow/example_dags/example_branch_labels.py
[2026-06-21T14:48:38.475-0500] {processor.py:830} INFO - Processing file /Users/naga/Desktop/airflow_env/lib/python3.12/site-packages/airflow/example_dags/example_branch_labels.py for tasks to queue
[2026-06-21T14:48:38.476-0500] {logging_mixin.py:188} INFO - [2026-06-21T14:48:38.476-0500] {dagbag.py:545} INFO - Filling up the DagBag from /Users/naga/Desktop/airflow_env/lib/python3.12/site-packages/airflow/example_dags/example_branch_labels.py
[2026-06-21T14:48:38.483-0500] {processor.py:840} INFO - DAG(s) 'example_branch_labels' retrieved from /Users/naga/Desktop/airflow_env/lib/python3.12/site-packages/airflow/example_dags/example_branch_labels.py
[2026-06-21T14:48:38.563-0500] {logging_mixin.py:188} INFO - [2026-06-21T14:48:38.562-0500] {dag.py:3089} INFO - Sync 1 DAGs
[2026-06-21T14:48:38.576-0500] {logging_mixin.py:188} INFO - [2026-06-21T14:48:38.576-0500] {dag.py:3947} INFO - Setting next_dagrun for example_branch_labels to 2026-06-20 00:00:00+00:00, run_after=2026-06-21 00:00:00+00:00
[2026-06-21T14:48:38.590-0500] {processor.py:183} INFO - Processing /Users/naga/Desktop/airflow_env/lib/python3.12/site-packages/airflow/example_dags/example_branch_labels.py took 0.118 seconds
[2026-06-21T14:51:33.527-0500] {processor.py:161} INFO - Started process (PID=54715) to work on /Users/naga/Desktop/airflow_env/lib/python3.12/site-packages/airflow/example_dags/example_branch_labels.py
[2026-06-21T14:51:33.528-0500] {processor.py:830} INFO - Processing file /Users/naga/Desktop/airflow_env/lib/python3.12/site-packages/airflow/example_dags/example_branch_labels.py for tasks to queue
[2026-06-21T14:51:33.529-0500] {logging_mixin.py:188} INFO - [2026-06-21T14:51:33.529-0500] {dagbag.py:545} INFO - Filling up the DagBag from /Users/naga/Desktop/airflow_env/lib/python3.12/site-packages/airflow/example_dags/example_branch_labels.py
[2026-06-21T14:51:33.536-0500] {processor.py:840} INFO - DAG(s) 'example_branch_labels' retrieved from /Users/naga/Desktop/airflow_env/lib/python3.12/site-packages/airflow/example_dags/example_branch_labels.py
[2026-06-21T14:51:33.612-0500] {logging_mixin.py:188} INFO - [2026-06-21T14:51:33.612-0500] {dag.py:3089} INFO - Sync 1 DAGs
[2026-06-21T14:51:33.626-0500] {logging_mixin.py:188} INFO - [2026-06-21T14:51:33.626-0500] {dag.py:3947} INFO - Setting next_dagrun for example_branch_labels to 2026-06-20 00:00:00+00:00, run_after=2026-06-21 00:00:00+00:00
[2026-06-21T14:51:33.639-0500] {processor.py:183} INFO - Processing /Users/naga/Desktop/airflow_env/lib/python3.12/site-packages/airflow/example_dags/example_branch_labels.py took 0.115 seconds
[2026-06-21T14:54:32.194-0500] {processor.py:161} INFO - Started process (PID=54876) to work on /Users/naga/Desktop/airflow_env/lib/python3.12/site-packages/airflow/example_dags/example_branch_labels.py
[2026-06-21T14:54:32.195-0500] {processor.py:830} INFO - Processing file /Users/naga/Desktop/airflow_env/lib/python3.12/site-packages/airflow/example_dags/example_branch_labels.py for tasks to queue
[2026-06-21T14:54:32.196-0500] {logging_mixin.py:188} INFO - [2026-06-21T14:54:32.196-0500] {dagbag.py:545} INFO - Filling up the DagBag from /Users/naga/Desktop/airflow_env/lib/python3.12/site-packages/airflow/example_dags/example_branch_labels.py
[2026-06-21T14:54:32.204-0500] {processor.py:840} INFO - DAG(s) 'example_branch_labels' retrieved from /Users/naga/Desktop/airflow_env/lib/python3.12/site-packages/airflow/example_dags/example_branch_labels.py
[2026-06-21T14:54:32.279-0500] {logging_mixin.py:188} INFO - [2026-06-21T14:54:32.279-0500] {dag.py:3089} INFO - Sync 1 DAGs
[2026-06-21T14:54:32.293-0500] {logging_mixin.py:188} INFO - [2026-06-21T14:54:32.292-0500] {dag.py:3947} INFO - Setting next_dagrun for example_branch_labels to 2026-06-20 00:00:00+00:00, run_after=2026-06-21 00:00:00+00:00
[2026-06-21T14:54:32.306-0500] {processor.py:183} INFO - Processing /Users/naga/Desktop/airflow_env/lib/python3.12/site-packages/airflow/example_dags/example_branch_labels.py took 0.114 seconds
[2026-06-21T14:57:43.616-0500] {processor.py:161} INFO - Started process (PID=55248) to work on /Users/naga/Desktop/airflow_env/lib/python3.12/site-packages/airflow/example_dags/example_branch_labels.py
[2026-06-21T14:57:43.617-0500] {processor.py:830} INFO - Processing file /Users/naga/Desktop/airflow_env/lib/python3.12/site-packages/airflow/example_dags/example_branch_labels.py for tasks to queue
[2026-06-21T14:57:43.618-0500] {logging_mixin.py:188} INFO - [2026-06-21T14:57:43.618-0500] {dagbag.py:545} INFO - Filling up the DagBag from /Users/naga/Desktop/airflow_env/lib/python3.12/site-packages/airflow/example_dags/example_branch_labels.py
[2026-06-21T14:57:43.625-0500] {processor.py:840} INFO - DAG(s) 'example_branch_labels' retrieved from /Users/naga/Desktop/airflow_env/lib/python3.12/site-packages/airflow/example_dags/example_branch_labels.py
[2026-06-21T14:57:43.700-0500] {logging_mixin.py:188} INFO - [2026-06-21T14:57:43.700-0500] {dag.py:3089} INFO - Sync 1 DAGs
[2026-06-21T14:57:43.715-0500] {logging_mixin.py:188} INFO - [2026-06-21T14:57:43.714-0500] {dag.py:3947} INFO - Setting next_dagrun for example_branch_labels to 2026-06-20 00:00:00+00:00, run_after=2026-06-21 00:00:00+00:00
[2026-06-21T14:57:43.727-0500] {processor.py:183} INFO - Processing /Users/naga/Desktop/airflow_env/lib/python3.12/site-packages/airflow/example_dags/example_branch_labels.py took 0.113 seconds
[2026-06-21T15:00:57.284-0500] {processor.py:161} INFO - Started process (PID=55429) to work on /Users/naga/Desktop/airflow_env/lib/python3.12/site-packages/airflow/example_dags/example_branch_labels.py
[2026-06-21T15:00:57.285-0500] {processor.py:830} INFO - Processing file /Users/naga/Desktop/airflow_env/lib/python3.12/site-packages/airflow/example_dags/example_branch_labels.py for tasks to queue
[2026-06-21T15:00:57.286-0500] {logging_mixin.py:188} INFO - [2026-06-21T15:00:57.286-0500] {dagbag.py:545} INFO - Filling up the DagBag from /Users/naga/Desktop/airflow_env/lib/python3.12/site-packages/airflow/example_dags/example_branch_labels.py
[2026-06-21T15:00:57.293-0500] {processor.py:840} INFO - DAG(s) 'example_branch_labels' retrieved from /Users/naga/Desktop/airflow_env/lib/python3.12/site-packages/airflow/example_dags/example_branch_labels.py
[2026-06-21T15:00:57.367-0500] {logging_mixin.py:188} INFO - [2026-06-21T15:00:57.367-0500] {dag.py:3089} INFO - Sync 1 DAGs
[2026-06-21T15:00:57.381-0500] {logging_mixin.py:188} INFO - [2026-06-21T15:00:57.381-0500] {dag.py:3947} INFO - Setting next_dagrun for example_branch_labels to 2026-06-20 00:00:00+00:00, run_after=2026-06-21 00:00:00+00:00
[2026-06-21T15:00:57.394-0500] {processor.py:183} INFO - Processing /Users/naga/Desktop/airflow_env/lib/python3.12/site-packages/airflow/example_dags/example_branch_labels.py took 0.112 seconds
[2026-06-21T15:04:00.123-0500] {processor.py:161} INFO - Started process (PID=55569) to work on /Users/naga/Desktop/airflow_env/lib/python3.12/site-packages/airflow/example_dags/example_branch_labels.py
[2026-06-21T15:04:00.124-0500] {processor.py:830} INFO - Processing file /Users/naga/Desktop/airflow_env/lib/python3.12/site-packages/airflow/example_dags/example_branch_labels.py for tasks to queue
[2026-06-21T15:04:00.125-0500] {logging_mixin.py:188} INFO - [2026-06-21T15:04:00.125-0500] {dagbag.py:545} INFO - Filling up the DagBag from /Users/naga/Desktop/airflow_env/lib/python3.12/site-packages/airflow/example_dags/example_branch_labels.py
[2026-06-21T15:04:00.132-0500] {processor.py:840} INFO - DAG(s) 'example_branch_labels' retrieved from /Users/naga/Desktop/airflow_env/lib/python3.12/site-packages/airflow/example_dags/example_branch_labels.py
[2026-06-21T15:04:00.207-0500] {logging_mixin.py:188} INFO - [2026-06-21T15:04:00.207-0500] {dag.py:3089} INFO - Sync 1 DAGs
[2026-06-21T15:04:00.222-0500] {logging_mixin.py:188} INFO - [2026-06-21T15:04:00.221-0500] {dag.py:3947} INFO - Setting next_dagrun for example_branch_labels to 2026-06-20 00:00:00+00:00, run_after=2026-06-21 00:00:00+00:00
[2026-06-21T15:04:00.235-0500] {processor.py:183} INFO - Processing /Users/naga/Desktop/airflow_env/lib/python3.12/site-packages/airflow/example_dags/example_branch_labels.py took 0.113 seconds
[2026-06-21T15:07:05.860-0500] {processor.py:161} INFO - Started process (PID=55714) to work on /Users/naga/Desktop/airflow_env/lib/python3.12/site-packages/airflow/example_dags/example_branch_labels.py
[2026-06-21T15:07:05.861-0500] {processor.py:830} INFO - Processing file /Users/naga/Desktop/airflow_env/lib/python3.12/site-packages/airflow/example_dags/example_branch_labels.py for tasks to queue
[2026-06-21T15:07:05.862-0500] {logging_mixin.py:188} INFO - [2026-06-21T15:07:05.862-0500] {dagbag.py:545} INFO - Filling up the DagBag from /Users/naga/Desktop/airflow_env/lib/python3.12/site-packages/airflow/example_dags/example_branch_labels.py
[2026-06-21T15:07:05.870-0500] {processor.py:840} INFO - DAG(s) 'example_branch_labels' retrieved from /Users/naga/Desktop/airflow_env/lib/python3.12/site-packages/airflow/example_dags/example_branch_labels.py
[2026-06-21T15:07:05.947-0500] {logging_mixin.py:188} INFO - [2026-06-21T15:07:05.947-0500] {dag.py:3089} INFO - Sync 1 DAGs
[2026-06-21T15:07:05.961-0500] {logging_mixin.py:188} INFO - [2026-06-21T15:07:05.960-0500] {dag.py:3947} INFO - Setting next_dagrun for example_branch_labels to 2026-06-20 00:00:00+00:00, run_after=2026-06-21 00:00:00+00:00
[2026-06-21T15:07:05.974-0500] {processor.py:183} INFO - Processing /Users/naga/Desktop/airflow_env/lib/python3.12/site-packages/airflow/example_dags/example_branch_labels.py took 0.116 seconds
[2026-06-21T15:10:11.003-0500] {processor.py:161} INFO - Started process (PID=55834) to work on /Users/naga/Desktop/airflow_env/lib/python3.12/site-packages/airflow/example_dags/example_branch_labels.py
[2026-06-21T15:10:11.004-0500] {processor.py:830} INFO - Processing file /Users/naga/Desktop/airflow_env/lib/python3.12/site-packages/airflow/example_dags/example_branch_labels.py for tasks to queue
[2026-06-21T15:10:11.005-0500] {logging_mixin.py:188} INFO - [2026-06-21T15:10:11.005-0500] {dagbag.py:545} INFO - Filling up the DagBag from /Users/naga/Desktop/airflow_env/lib/python3.12/site-packages/airflow/example_dags/example_branch_labels.py
[2026-06-21T15:10:11.012-0500] {processor.py:840} INFO - DAG(s) 'example_branch_labels' retrieved from /Users/naga/Desktop/airflow_env/lib/python3.12/site-packages/airflow/example_dags/example_branch_labels.py
[2026-06-21T15:10:11.087-0500] {logging_mixin.py:188} INFO - [2026-06-21T15:10:11.087-0500] {dag.py:3089} INFO - Sync 1 DAGs
[2026-06-21T15:10:11.101-0500] {logging_mixin.py:188} INFO - [2026-06-21T15:10:11.101-0500] {dag.py:3947} INFO - Setting next_dagrun for example_branch_labels to 2026-06-20 00:00:00+00:00, run_after=2026-06-21 00:00:00+00:00
[2026-06-21T15:10:11.114-0500] {processor.py:183} INFO - Processing /Users/naga/Desktop/airflow_env/lib/python3.12/site-packages/airflow/example_dags/example_branch_labels.py took 0.113 seconds
[2026-06-21T15:13:21.421-0500] {processor.py:161} INFO - Started process (PID=56125) to work on /Users/naga/Desktop/airflow_env/lib/python3.12/site-packages/airflow/example_dags/example_branch_labels.py
[2026-06-21T15:13:21.422-0500] {processor.py:830} INFO - Processing file /Users/naga/Desktop/airflow_env/lib/python3.12/site-packages/airflow/example_dags/example_branch_labels.py for tasks to queue
[2026-06-21T15:13:21.422-0500] {logging_mixin.py:188} INFO - [2026-06-21T15:13:21.422-0500] {dagbag.py:545} INFO - Filling up the DagBag from /Users/naga/Desktop/airflow_env/lib/python3.12/site-packages/airflow/example_dags/example_branch_labels.py
[2026-06-21T15:13:21.426-0500] {processor.py:840} INFO - DAG(s) 'example_branch_labels' retrieved from /Users/naga/Desktop/airflow_env/lib/python3.12/site-packages/airflow/example_dags/example_branch_labels.py
[2026-06-21T15:13:21.471-0500] {logging_mixin.py:188} INFO - [2026-06-21T15:13:21.471-0500] {dag.py:3089} INFO - Sync 1 DAGs
[2026-06-21T15:13:21.479-0500] {logging_mixin.py:188} INFO - [2026-06-21T15:13:21.479-0500] {dag.py:3947} INFO - Setting next_dagrun for example_branch_labels to 2026-06-20 00:00:00+00:00, run_after=2026-06-21 00:00:00+00:00
[2026-06-21T15:13:21.487-0500] {processor.py:183} INFO - Processing /Users/naga/Desktop/airflow_env/lib/python3.12/site-packages/airflow/example_dags/example_branch_labels.py took 0.068 seconds
[2026-06-21T15:15:36.329-0500] {processor.py:161} INFO - Started process (PID=56248) to work on /Users/naga/Desktop/airflow_env/lib/python3.12/site-packages/airflow/example_dags/example_branch_labels.py
[2026-06-21T15:15:36.330-0500] {processor.py:830} INFO - Processing file /Users/naga/Desktop/airflow_env/lib/python3.12/site-packages/airflow/example_dags/example_branch_labels.py for tasks to queue
[2026-06-21T15:15:36.331-0500] {logging_mixin.py:188} INFO - [2026-06-21T15:15:36.331-0500] {dagbag.py:545} INFO - Filling up the DagBag from /Users/naga/Desktop/airflow_env/lib/python3.12/site-packages/airflow/example_dags/example_branch_labels.py
[2026-06-21T15:15:36.335-0500] {processor.py:840} INFO - DAG(s) 'example_branch_labels' retrieved from /Users/naga/Desktop/airflow_env/lib/python3.12/site-packages/airflow/example_dags/example_branch_labels.py
[2026-06-21T15:15:36.378-0500] {logging_mixin.py:188} INFO - [2026-06-21T15:15:36.378-0500] {dag.py:3089} INFO - Sync 1 DAGs
[2026-06-21T15:15:36.386-0500] {logging_mixin.py:188} INFO - [2026-06-21T15:15:36.386-0500] {dag.py:3947} INFO - Setting next_dagrun for example_branch_labels to 2026-06-20 00:00:00+00:00, run_after=2026-06-21 00:00:00+00:00
[2026-06-21T15:15:36.394-0500] {processor.py:183} INFO - Processing /Users/naga/Desktop/airflow_env/lib/python3.12/site-packages/airflow/example_dags/example_branch_labels.py took 0.066 seconds
[2026-06-21T15:32:16.310-0500] {processor.py:161} INFO - Started process (PID=56559) to work on /Users/naga/Desktop/airflow_env/lib/python3.12/site-packages/airflow/example_dags/example_branch_labels.py
[2026-06-21T15:32:16.311-0500] {processor.py:830} INFO - Processing file /Users/naga/Desktop/airflow_env/lib/python3.12/site-packages/airflow/example_dags/example_branch_labels.py for tasks to queue
[2026-06-21T15:32:16.312-0500] {logging_mixin.py:188} INFO - [2026-06-21T15:32:16.312-0500] {dagbag.py:545} INFO - Filling up the DagBag from /Users/naga/Desktop/airflow_env/lib/python3.12/site-packages/airflow/example_dags/example_branch_labels.py
[2026-06-21T15:32:16.318-0500] {processor.py:840} INFO - DAG(s) 'example_branch_labels' retrieved from /Users/naga/Desktop/airflow_env/lib/python3.12/site-packages/airflow/example_dags/example_branch_labels.py
[2026-06-21T15:32:16.369-0500] {logging_mixin.py:188} INFO - [2026-06-21T15:32:16.369-0500] {dag.py:3089} INFO - Sync 1 DAGs
[2026-06-21T15:32:16.378-0500] {logging_mixin.py:188} INFO - [2026-06-21T15:32:16.378-0500] {dag.py:3947} INFO - Setting next_dagrun for example_branch_labels to 2026-06-20 00:00:00+00:00, run_after=2026-06-21 00:00:00+00:00
[2026-06-21T15:32:16.387-0500] {processor.py:183} INFO - Processing /Users/naga/Desktop/airflow_env/lib/python3.12/site-packages/airflow/example_dags/example_branch_labels.py took 0.079 seconds
[2026-06-21T15:34:40.375-0500] {processor.py:161} INFO - Started process (PID=56752) to work on /Users/naga/Desktop/airflow_env/lib/python3.12/site-packages/airflow/example_dags/example_branch_labels.py
[2026-06-21T15:34:40.375-0500] {processor.py:830} INFO - Processing file /Users/naga/Desktop/airflow_env/lib/python3.12/site-packages/airflow/example_dags/example_branch_labels.py for tasks to queue
[2026-06-21T15:34:40.376-0500] {logging_mixin.py:188} INFO - [2026-06-21T15:34:40.376-0500] {dagbag.py:545} INFO - Filling up the DagBag from /Users/naga/Desktop/airflow_env/lib/python3.12/site-packages/airflow/example_dags/example_branch_labels.py
[2026-06-21T15:34:40.380-0500] {processor.py:840} INFO - DAG(s) 'example_branch_labels' retrieved from /Users/naga/Desktop/airflow_env/lib/python3.12/site-packages/airflow/example_dags/example_branch_labels.py
[2026-06-21T15:34:40.425-0500] {logging_mixin.py:188} INFO - [2026-06-21T15:34:40.425-0500] {dag.py:3089} INFO - Sync 1 DAGs
[2026-06-21T15:34:40.433-0500] {logging_mixin.py:188} INFO - [2026-06-21T15:34:40.433-0500] {dag.py:3947} INFO - Setting next_dagrun for example_branch_labels to 2026-06-20 00:00:00+00:00, run_after=2026-06-21 00:00:00+00:00
[2026-06-21T15:34:40.441-0500] {processor.py:183} INFO - Processing /Users/naga/Desktop/airflow_env/lib/python3.12/site-packages/airflow/example_dags/example_branch_labels.py took 0.068 seconds
[2026-06-21T15:36:38.701-0500] {processor.py:161} INFO - Started process (PID=56875) to work on /Users/naga/Desktop/airflow_env/lib/python3.12/site-packages/airflow/example_dags/example_branch_labels.py
[2026-06-21T15:36:38.702-0500] {processor.py:830} INFO - Processing file /Users/naga/Desktop/airflow_env/lib/python3.12/site-packages/airflow/example_dags/example_branch_labels.py for tasks to queue
[2026-06-21T15:36:38.702-0500] {logging_mixin.py:188} INFO - [2026-06-21T15:36:38.702-0500] {dagbag.py:545} INFO - Filling up the DagBag from /Users/naga/Desktop/airflow_env/lib/python3.12/site-packages/airflow/example_dags/example_branch_labels.py
[2026-06-21T15:36:38.707-0500] {processor.py:840} INFO - DAG(s) 'example_branch_labels' retrieved from /Users/naga/Desktop/airflow_env/lib/python3.12/site-packages/airflow/example_dags/example_branch_labels.py
[2026-06-21T15:36:38.752-0500] {logging_mixin.py:188} INFO - [2026-06-21T15:36:38.751-0500] {dag.py:3089} INFO - Sync 1 DAGs
[2026-06-21T15:36:38.760-0500] {logging_mixin.py:188} INFO - [2026-06-21T15:36:38.760-0500] {dag.py:3947} INFO - Setting next_dagrun for example_branch_labels to 2026-06-20 00:00:00+00:00, run_after=2026-06-21 00:00:00+00:00
[2026-06-21T15:36:38.768-0500] {processor.py:183} INFO - Processing /Users/naga/Desktop/airflow_env/lib/python3.12/site-packages/airflow/example_dags/example_branch_labels.py took 0.068 seconds
[2026-06-21T15:38:44.017-0500] {processor.py:161} INFO - Started process (PID=57002) to work on /Users/naga/Desktop/airflow_env/lib/python3.12/site-packages/airflow/example_dags/example_branch_labels.py
[2026-06-21T15:38:44.018-0500] {processor.py:830} INFO - Processing file /Users/naga/Desktop/airflow_env/lib/python3.12/site-packages/airflow/example_dags/example_branch_labels.py for tasks to queue
[2026-06-21T15:38:44.019-0500] {logging_mixin.py:188} INFO - [2026-06-21T15:38:44.018-0500] {dagbag.py:545} INFO - Filling up the DagBag from /Users/naga/Desktop/airflow_env/lib/python3.12/site-packages/airflow/example_dags/example_branch_labels.py
[2026-06-21T15:38:44.023-0500] {processor.py:840} INFO - DAG(s) 'example_branch_labels' retrieved from /Users/naga/Desktop/airflow_env/lib/python3.12/site-packages/airflow/example_dags/example_branch_labels.py
[2026-06-21T15:38:44.067-0500] {logging_mixin.py:188} INFO - [2026-06-21T15:38:44.067-0500] {dag.py:3089} INFO - Sync 1 DAGs
[2026-06-21T15:38:44.075-0500] {logging_mixin.py:188} INFO - [2026-06-21T15:38:44.075-0500] {dag.py:3947} INFO - Setting next_dagrun for example_branch_labels to 2026-06-20 00:00:00+00:00, run_after=2026-06-21 00:00:00+00:00
[2026-06-21T15:38:44.083-0500] {processor.py:183} INFO - Processing /Users/naga/Desktop/airflow_env/lib/python3.12/site-packages/airflow/example_dags/example_branch_labels.py took 0.067 seconds
[2026-06-21T15:40:47.628-0500] {processor.py:161} INFO - Started process (PID=57138) to work on /Users/naga/Desktop/airflow_env/lib/python3.12/site-packages/airflow/example_dags/example_branch_labels.py
[2026-06-21T15:40:47.629-0500] {processor.py:830} INFO - Processing file /Users/naga/Desktop/airflow_env/lib/python3.12/site-packages/airflow/example_dags/example_branch_labels.py for tasks to queue
[2026-06-21T15:40:47.629-0500] {logging_mixin.py:188} INFO - [2026-06-21T15:40:47.629-0500] {dagbag.py:545} INFO - Filling up the DagBag from /Users/naga/Desktop/airflow_env/lib/python3.12/site-packages/airflow/example_dags/example_branch_labels.py
[2026-06-21T15:40:47.633-0500] {processor.py:840} INFO - DAG(s) 'example_branch_labels' retrieved from /Users/naga/Desktop/airflow_env/lib/python3.12/site-packages/airflow/example_dags/example_branch_labels.py
[2026-06-21T15:40:47.678-0500] {logging_mixin.py:188} INFO - [2026-06-21T15:40:47.678-0500] {dag.py:3089} INFO - Sync 1 DAGs
[2026-06-21T15:40:47.686-0500] {logging_mixin.py:188} INFO - [2026-06-21T15:40:47.685-0500] {dag.py:3947} INFO - Setting next_dagrun for example_branch_labels to 2026-06-20 00:00:00+00:00, run_after=2026-06-21 00:00:00+00:00
[2026-06-21T15:40:47.693-0500] {processor.py:183} INFO - Processing /Users/naga/Desktop/airflow_env/lib/python3.12/site-packages/airflow/example_dags/example_branch_labels.py took 0.067 seconds
[2026-06-21T15:42:49.830-0500] {processor.py:161} INFO - Started process (PID=57270) to work on /Users/naga/Desktop/airflow_env/lib/python3.12/site-packages/airflow/example_dags/example_branch_labels.py
[2026-06-21T15:42:49.831-0500] {processor.py:830} INFO - Processing file /Users/naga/Desktop/airflow_env/lib/python3.12/site-packages/airflow/example_dags/example_branch_labels.py for tasks to queue
[2026-06-21T15:42:49.831-0500] {logging_mixin.py:188} INFO - [2026-06-21T15:42:49.831-0500] {dagbag.py:545} INFO - Filling up the DagBag from /Users/naga/Desktop/airflow_env/lib/python3.12/site-packages/airflow/example_dags/example_branch_labels.py
[2026-06-21T15:42:49.836-0500] {processor.py:840} INFO - DAG(s) 'example_branch_labels' retrieved from /Users/naga/Desktop/airflow_env/lib/python3.12/site-packages/airflow/example_dags/example_branch_labels.py
[2026-06-21T15:42:49.881-0500] {logging_mixin.py:188} INFO - [2026-06-21T15:42:49.881-0500] {dag.py:3089} INFO - Sync 1 DAGs
[2026-06-21T15:42:49.889-0500] {logging_mixin.py:188} INFO - [2026-06-21T15:42:49.889-0500] {dag.py:3947} INFO - Setting next_dagrun for example_branch_labels to 2026-06-20 00:00:00+00:00, run_after=2026-06-21 00:00:00+00:00
[2026-06-21T15:42:49.898-0500] {processor.py:183} INFO - Processing /Users/naga/Desktop/airflow_env/lib/python3.12/site-packages/airflow/example_dags/example_branch_labels.py took 0.069 seconds
[2026-06-21T15:44:57.492-0500] {processor.py:161} INFO - Started process (PID=57387) to work on /Users/naga/Desktop/airflow_env/lib/python3.12/site-packages/airflow/example_dags/example_branch_labels.py
[2026-06-21T15:44:57.493-0500] {processor.py:830} INFO - Processing file /Users/naga/Desktop/airflow_env/lib/python3.12/site-packages/airflow/example_dags/example_branch_labels.py for tasks to queue
[2026-06-21T15:44:57.493-0500] {logging_mixin.py:188} INFO - [2026-06-21T15:44:57.493-0500] {dagbag.py:545} INFO - Filling up the DagBag from /Users/naga/Desktop/airflow_env/lib/python3.12/site-packages/airflow/example_dags/example_branch_labels.py
[2026-06-21T15:44:57.497-0500] {processor.py:840} INFO - DAG(s) 'example_branch_labels' retrieved from /Users/naga/Desktop/airflow_env/lib/python3.12/site-packages/airflow/example_dags/example_branch_labels.py
[2026-06-21T15:44:57.542-0500] {logging_mixin.py:188} INFO - [2026-06-21T15:44:57.542-0500] {dag.py:3089} INFO - Sync 1 DAGs
[2026-06-21T15:44:57.550-0500] {logging_mixin.py:188} INFO - [2026-06-21T15:44:57.550-0500] {dag.py:3947} INFO - Setting next_dagrun for example_branch_labels to 2026-06-20 00:00:00+00:00, run_after=2026-06-21 00:00:00+00:00
[2026-06-21T15:44:57.557-0500] {processor.py:183} INFO - Processing /Users/naga/Desktop/airflow_env/lib/python3.12/site-packages/airflow/example_dags/example_branch_labels.py took 0.067 seconds
[2026-06-21T15:46:58.762-0500] {processor.py:161} INFO - Started process (PID=57518) to work on /Users/naga/Desktop/airflow_env/lib/python3.12/site-packages/airflow/example_dags/example_branch_labels.py
[2026-06-21T15:46:58.763-0500] {processor.py:830} INFO - Processing file /Users/naga/Desktop/airflow_env/lib/python3.12/site-packages/airflow/example_dags/example_branch_labels.py for tasks to queue
[2026-06-21T15:46:58.763-0500] {logging_mixin.py:188} INFO - [2026-06-21T15:46:58.763-0500] {dagbag.py:545} INFO - Filling up the DagBag from /Users/naga/Desktop/airflow_env/lib/python3.12/site-packages/airflow/example_dags/example_branch_labels.py
[2026-06-21T15:46:58.768-0500] {processor.py:840} INFO - DAG(s) 'example_branch_labels' retrieved from /Users/naga/Desktop/airflow_env/lib/python3.12/site-packages/airflow/example_dags/example_branch_labels.py
[2026-06-21T15:46:58.814-0500] {logging_mixin.py:188} INFO - [2026-06-21T15:46:58.813-0500] {dag.py:3089} INFO - Sync 1 DAGs
[2026-06-21T15:46:58.822-0500] {logging_mixin.py:188} INFO - [2026-06-21T15:46:58.822-0500] {dag.py:3947} INFO - Setting next_dagrun for example_branch_labels to 2026-06-20 00:00:00+00:00, run_after=2026-06-21 00:00:00+00:00
[2026-06-21T15:46:58.832-0500] {processor.py:183} INFO - Processing /Users/naga/Desktop/airflow_env/lib/python3.12/site-packages/airflow/example_dags/example_branch_labels.py took 0.072 seconds
[2026-06-21T15:49:04.486-0500] {processor.py:161} INFO - Started process (PID=57641) to work on /Users/naga/Desktop/airflow_env/lib/python3.12/site-packages/airflow/example_dags/example_branch_labels.py
[2026-06-21T15:49:04.487-0500] {processor.py:830} INFO - Processing file /Users/naga/Desktop/airflow_env/lib/python3.12/site-packages/airflow/example_dags/example_branch_labels.py for tasks to queue
[2026-06-21T15:49:04.488-0500] {logging_mixin.py:188} INFO - [2026-06-21T15:49:04.487-0500] {dagbag.py:545} INFO - Filling up the DagBag from /Users/naga/Desktop/airflow_env/lib/python3.12/site-packages/airflow/example_dags/example_branch_labels.py
[2026-06-21T15:49:04.492-0500] {processor.py:840} INFO - DAG(s) 'example_branch_labels' retrieved from /Users/naga/Desktop/airflow_env/lib/python3.12/site-packages/airflow/example_dags/example_branch_labels.py
[2026-06-21T15:49:04.536-0500] {logging_mixin.py:188} INFO - [2026-06-21T15:49:04.535-0500] {dag.py:3089} INFO - Sync 1 DAGs
[2026-06-21T15:49:04.544-0500] {logging_mixin.py:188} INFO - [2026-06-21T15:49:04.543-0500] {dag.py:3947} INFO - Setting next_dagrun for example_branch_labels to 2026-06-20 00:00:00+00:00, run_after=2026-06-21 00:00:00+00:00
[2026-06-21T15:49:04.551-0500] {processor.py:183} INFO - Processing /Users/naga/Desktop/airflow_env/lib/python3.12/site-packages/airflow/example_dags/example_branch_labels.py took 0.066 seconds
[2026-06-21T15:51:11.816-0500] {processor.py:161} INFO - Started process (PID=57772) to work on /Users/naga/Desktop/airflow_env/lib/python3.12/site-packages/airflow/example_dags/example_branch_labels.py
[2026-06-21T15:51:11.817-0500] {processor.py:830} INFO - Processing file /Users/naga/Desktop/airflow_env/lib/python3.12/site-packages/airflow/example_dags/example_branch_labels.py for tasks to queue
[2026-06-21T15:51:11.817-0500] {logging_mixin.py:188} INFO - [2026-06-21T15:51:11.817-0500] {dagbag.py:545} INFO - Filling up the DagBag from /Users/naga/Desktop/airflow_env/lib/python3.12/site-packages/airflow/example_dags/example_branch_labels.py
[2026-06-21T15:51:11.822-0500] {processor.py:840} INFO - DAG(s) 'example_branch_labels' retrieved from /Users/naga/Desktop/airflow_env/lib/python3.12/site-packages/airflow/example_dags/example_branch_labels.py
[2026-06-21T15:51:11.866-0500] {logging_mixin.py:188} INFO - [2026-06-21T15:51:11.866-0500] {dag.py:3089} INFO - Sync 1 DAGs
[2026-06-21T15:51:11.874-0500] {logging_mixin.py:188} INFO - [2026-06-21T15:51:11.874-0500] {dag.py:3947} INFO - Setting next_dagrun for example_branch_labels to 2026-06-20 00:00:00+00:00, run_after=2026-06-21 00:00:00+00:00
[2026-06-21T15:51:11.882-0500] {processor.py:183} INFO - Processing /Users/naga/Desktop/airflow_env/lib/python3.12/site-packages/airflow/example_dags/example_branch_labels.py took 0.068 seconds
[2026-06-21T15:53:14.912-0500] {processor.py:161} INFO - Started process (PID=57898) to work on /Users/naga/Desktop/airflow_env/lib/python3.12/site-packages/airflow/example_dags/example_branch_labels.py
[2026-06-21T15:53:14.912-0500] {processor.py:830} INFO - Processing file /Users/naga/Desktop/airflow_env/lib/python3.12/site-packages/airflow/example_dags/example_branch_labels.py for tasks to queue
[2026-06-21T15:53:14.913-0500] {logging_mixin.py:188} INFO - [2026-06-21T15:53:14.913-0500] {dagbag.py:545} INFO - Filling up the DagBag from /Users/naga/Desktop/airflow_env/lib/python3.12/site-packages/airflow/example_dags/example_branch_labels.py
[2026-06-21T15:53:14.917-0500] {processor.py:840} INFO - DAG(s) 'example_branch_labels' retrieved from /Users/naga/Desktop/airflow_env/lib/python3.12/site-packages/airflow/example_dags/example_branch_labels.py
[2026-06-21T15:53:14.961-0500] {logging_mixin.py:188} INFO - [2026-06-21T15:53:14.961-0500] {dag.py:3089} INFO - Sync 1 DAGs
[2026-06-21T15:53:14.970-0500] {logging_mixin.py:188} INFO - [2026-06-21T15:53:14.969-0500] {dag.py:3947} INFO - Setting next_dagrun for example_branch_labels to 2026-06-20 00:00:00+00:00, run_after=2026-06-21 00:00:00+00:00
[2026-06-21T15:53:14.977-0500] {processor.py:183} INFO - Processing /Users/naga/Desktop/airflow_env/lib/python3.12/site-packages/airflow/example_dags/example_branch_labels.py took 0.067 seconds
[2026-06-21T15:55:20.961-0500] {processor.py:161} INFO - Started process (PID=58019) to work on /Users/naga/Desktop/airflow_env/lib/python3.12/site-packages/airflow/example_dags/example_branch_labels.py
[2026-06-21T15:55:20.962-0500] {processor.py:830} INFO - Processing file /Users/naga/Desktop/airflow_env/lib/python3.12/site-packages/airflow/example_dags/example_branch_labels.py for tasks to queue
[2026-06-21T15:55:20.962-0500] {logging_mixin.py:188} INFO - [2026-06-21T15:55:20.962-0500] {dagbag.py:545} INFO - Filling up the DagBag from /Users/naga/Desktop/airflow_env/lib/python3.12/site-packages/airflow/example_dags/example_branch_labels.py
[2026-06-21T15:55:20.967-0500] {processor.py:840} INFO - DAG(s) 'example_branch_labels' retrieved from /Users/naga/Desktop/airflow_env/lib/python3.12/site-packages/airflow/example_dags/example_branch_labels.py
[2026-06-21T15:55:21.010-0500] {logging_mixin.py:188} INFO - [2026-06-21T15:55:21.010-0500] {dag.py:3089} INFO - Sync 1 DAGs
[2026-06-21T15:55:21.018-0500] {logging_mixin.py:188} INFO - [2026-06-21T15:55:21.018-0500] {dag.py:3947} INFO - Setting next_dagrun for example_branch_labels to 2026-06-20 00:00:00+00:00, run_after=2026-06-21 00:00:00+00:00
[2026-06-21T15:55:21.025-0500] {processor.py:183} INFO - Processing /Users/naga/Desktop/airflow_env/lib/python3.12/site-packages/airflow/example_dags/example_branch_labels.py took 0.065 seconds
[2026-06-21T15:57:26.829-0500] {processor.py:161} INFO - Started process (PID=58128) to work on /Users/naga/Desktop/airflow_env/lib/python3.12/site-packages/airflow/example_dags/example_branch_labels.py
[2026-06-21T15:57:26.830-0500] {processor.py:830} INFO - Processing file /Users/naga/Desktop/airflow_env/lib/python3.12/site-packages/airflow/example_dags/example_branch_labels.py for tasks to queue
[2026-06-21T15:57:26.831-0500] {logging_mixin.py:188} INFO - [2026-06-21T15:57:26.830-0500] {dagbag.py:545} INFO - Filling up the DagBag from /Users/naga/Desktop/airflow_env/lib/python3.12/site-packages/airflow/example_dags/example_branch_labels.py
[2026-06-21T15:57:26.835-0500] {processor.py:840} INFO - DAG(s) 'example_branch_labels' retrieved from /Users/naga/Desktop/airflow_env/lib/python3.12/site-packages/airflow/example_dags/example_branch_labels.py
[2026-06-21T15:57:26.878-0500] {logging_mixin.py:188} INFO - [2026-06-21T15:57:26.878-0500] {dag.py:3089} INFO - Sync 1 DAGs
[2026-06-21T15:57:26.886-0500] {logging_mixin.py:188} INFO - [2026-06-21T15:57:26.885-0500] {dag.py:3947} INFO - Setting next_dagrun for example_branch_labels to 2026-06-20 00:00:00+00:00, run_after=2026-06-21 00:00:00+00:00
[2026-06-21T15:57:26.893-0500] {processor.py:183} INFO - Processing /Users/naga/Desktop/airflow_env/lib/python3.12/site-packages/airflow/example_dags/example_branch_labels.py took 0.065 seconds
[2026-06-21T15:59:35.541-0500] {processor.py:161} INFO - Started process (PID=58264) to work on /Users/naga/Desktop/airflow_env/lib/python3.12/site-packages/airflow/example_dags/example_branch_labels.py
[2026-06-21T15:59:35.541-0500] {processor.py:830} INFO - Processing file /Users/naga/Desktop/airflow_env/lib/python3.12/site-packages/airflow/example_dags/example_branch_labels.py for tasks to queue
[2026-06-21T15:59:35.542-0500] {logging_mixin.py:188} INFO - [2026-06-21T15:59:35.542-0500] {dagbag.py:545} INFO - Filling up the DagBag from /Users/naga/Desktop/airflow_env/lib/python3.12/site-packages/airflow/example_dags/example_branch_labels.py
[2026-06-21T15:59:35.546-0500] {processor.py:840} INFO - DAG(s) 'example_branch_labels' retrieved from /Users/naga/Desktop/airflow_env/lib/python3.12/site-packages/airflow/example_dags/example_branch_labels.py
[2026-06-21T15:59:35.590-0500] {logging_mixin.py:188} INFO - [2026-06-21T15:59:35.590-0500] {dag.py:3089} INFO - Sync 1 DAGs
[2026-06-21T15:59:35.598-0500] {logging_mixin.py:188} INFO - [2026-06-21T15:59:35.598-0500] {dag.py:3947} INFO - Setting next_dagrun for example_branch_labels to 2026-06-20 00:00:00+00:00, run_after=2026-06-21 00:00:00+00:00
[2026-06-21T15:59:35.605-0500] {processor.py:183} INFO - Processing /Users/naga/Desktop/airflow_env/lib/python3.12/site-packages/airflow/example_dags/example_branch_labels.py took 0.066 seconds
[2026-06-21T16:01:41.040-0500] {processor.py:161} INFO - Started process (PID=58393) to work on /Users/naga/Desktop/airflow_env/lib/python3.12/site-packages/airflow/example_dags/example_branch_labels.py
[2026-06-21T16:01:41.041-0500] {processor.py:830} INFO - Processing file /Users/naga/Desktop/airflow_env/lib/python3.12/site-packages/airflow/example_dags/example_branch_labels.py for tasks to queue
[2026-06-21T16:01:41.042-0500] {logging_mixin.py:188} INFO - [2026-06-21T16:01:41.042-0500] {dagbag.py:545} INFO - Filling up the DagBag from /Users/naga/Desktop/airflow_env/lib/python3.12/site-packages/airflow/example_dags/example_branch_labels.py
[2026-06-21T16:01:41.046-0500] {processor.py:840} INFO - DAG(s) 'example_branch_labels' retrieved from /Users/naga/Desktop/airflow_env/lib/python3.12/site-packages/airflow/example_dags/example_branch_labels.py
[2026-06-21T16:01:41.089-0500] {logging_mixin.py:188} INFO - [2026-06-21T16:01:41.089-0500] {dag.py:3089} INFO - Sync 1 DAGs
[2026-06-21T16:01:41.097-0500] {logging_mixin.py:188} INFO - [2026-06-21T16:01:41.097-0500] {dag.py:3947} INFO - Setting next_dagrun for example_branch_labels to 2026-06-20 00:00:00+00:00, run_after=2026-06-21 00:00:00+00:00
[2026-06-21T16:01:41.105-0500] {processor.py:183} INFO - Processing /Users/naga/Desktop/airflow_env/lib/python3.12/site-packages/airflow/example_dags/example_branch_labels.py took 0.066 seconds
[2026-06-21T16:03:47.775-0500] {processor.py:161} INFO - Started process (PID=58519) to work on /Users/naga/Desktop/airflow_env/lib/python3.12/site-packages/airflow/example_dags/example_branch_labels.py
[2026-06-21T16:03:47.776-0500] {processor.py:830} INFO - Processing file /Users/naga/Desktop/airflow_env/lib/python3.12/site-packages/airflow/example_dags/example_branch_labels.py for tasks to queue
[2026-06-21T16:03:47.776-0500] {logging_mixin.py:188} INFO - [2026-06-21T16:03:47.776-0500] {dagbag.py:545} INFO - Filling up the DagBag from /Users/naga/Desktop/airflow_env/lib/python3.12/site-packages/airflow/example_dags/example_branch_labels.py
[2026-06-21T16:03:47.781-0500] {processor.py:840} INFO - DAG(s) 'example_branch_labels' retrieved from /Users/naga/Desktop/airflow_env/lib/python3.12/site-packages/airflow/example_dags/example_branch_labels.py
[2026-06-21T16:03:47.827-0500] {logging_mixin.py:188} INFO - [2026-06-21T16:03:47.827-0500] {dag.py:3089} INFO - Sync 1 DAGs
[2026-06-21T16:03:47.836-0500] {logging_mixin.py:188} INFO - [2026-06-21T16:03:47.836-0500] {dag.py:3947} INFO - Setting next_dagrun for example_branch_labels to 2026-06-20 00:00:00+00:00, run_after=2026-06-21 00:00:00+00:00
[2026-06-21T16:03:47.844-0500] {processor.py:183} INFO - Processing /Users/naga/Desktop/airflow_env/lib/python3.12/site-packages/airflow/example_dags/example_branch_labels.py took 0.070 seconds
[2026-06-21T16:05:57.320-0500] {processor.py:161} INFO - Started process (PID=58633) to work on /Users/naga/Desktop/airflow_env/lib/python3.12/site-packages/airflow/example_dags/example_branch_labels.py
[2026-06-21T16:05:57.321-0500] {processor.py:830} INFO - Processing file /Users/naga/Desktop/airflow_env/lib/python3.12/site-packages/airflow/example_dags/example_branch_labels.py for tasks to queue
[2026-06-21T16:05:57.322-0500] {logging_mixin.py:188} INFO - [2026-06-21T16:05:57.322-0500] {dagbag.py:545} INFO - Filling up the DagBag from /Users/naga/Desktop/airflow_env/lib/python3.12/site-packages/airflow/example_dags/example_branch_labels.py
[2026-06-21T16:05:57.326-0500] {processor.py:840} INFO - DAG(s) 'example_branch_labels' retrieved from /Users/naga/Desktop/airflow_env/lib/python3.12/site-packages/airflow/example_dags/example_branch_labels.py
[2026-06-21T16:05:57.369-0500] {logging_mixin.py:188} INFO - [2026-06-21T16:05:57.369-0500] {dag.py:3089} INFO - Sync 1 DAGs
[2026-06-21T16:05:57.378-0500] {logging_mixin.py:188} INFO - [2026-06-21T16:05:57.377-0500] {dag.py:3947} INFO - Setting next_dagrun for example_branch_labels to 2026-06-20 00:00:00+00:00, run_after=2026-06-21 00:00:00+00:00
[2026-06-21T16:05:57.385-0500] {processor.py:183} INFO - Processing /Users/naga/Desktop/airflow_env/lib/python3.12/site-packages/airflow/example_dags/example_branch_labels.py took 0.066 seconds
[2026-06-21T16:08:07.902-0500] {processor.py:161} INFO - Started process (PID=58759) to work on /Users/naga/Desktop/airflow_env/lib/python3.12/site-packages/airflow/example_dags/example_branch_labels.py
[2026-06-21T16:08:07.903-0500] {processor.py:830} INFO - Processing file /Users/naga/Desktop/airflow_env/lib/python3.12/site-packages/airflow/example_dags/example_branch_labels.py for tasks to queue
[2026-06-21T16:08:07.904-0500] {logging_mixin.py:188} INFO - [2026-06-21T16:08:07.903-0500] {dagbag.py:545} INFO - Filling up the DagBag from /Users/naga/Desktop/airflow_env/lib/python3.12/site-packages/airflow/example_dags/example_branch_labels.py
[2026-06-21T16:08:07.910-0500] {processor.py:840} INFO - DAG(s) 'example_branch_labels' retrieved from /Users/naga/Desktop/airflow_env/lib/python3.12/site-packages/airflow/example_dags/example_branch_labels.py
[2026-06-21T16:08:07.966-0500] {logging_mixin.py:188} INFO - [2026-06-21T16:08:07.966-0500] {dag.py:3089} INFO - Sync 1 DAGs
[2026-06-21T16:08:07.978-0500] {logging_mixin.py:188} INFO - [2026-06-21T16:08:07.978-0500] {dag.py:3947} INFO - Setting next_dagrun for example_branch_labels to 2026-06-20 00:00:00+00:00, run_after=2026-06-21 00:00:00+00:00
[2026-06-21T16:08:07.988-0500] {processor.py:183} INFO - Processing /Users/naga/Desktop/airflow_env/lib/python3.12/site-packages/airflow/example_dags/example_branch_labels.py took 0.087 seconds
[2026-06-21T16:10:22.929-0500] {processor.py:161} INFO - Started process (PID=58905) to work on /Users/naga/Desktop/airflow_env/lib/python3.12/site-packages/airflow/example_dags/example_branch_labels.py
[2026-06-21T16:10:22.929-0500] {processor.py:830} INFO - Processing file /Users/naga/Desktop/airflow_env/lib/python3.12/site-packages/airflow/example_dags/example_branch_labels.py for tasks to queue
[2026-06-21T16:10:22.930-0500] {logging_mixin.py:188} INFO - [2026-06-21T16:10:22.930-0500] {dagbag.py:545} INFO - Filling up the DagBag from /Users/naga/Desktop/airflow_env/lib/python3.12/site-packages/airflow/example_dags/example_branch_labels.py
[2026-06-21T16:10:22.934-0500] {processor.py:840} INFO - DAG(s) 'example_branch_labels' retrieved from /Users/naga/Desktop/airflow_env/lib/python3.12/site-packages/airflow/example_dags/example_branch_labels.py
[2026-06-21T16:10:22.983-0500] {logging_mixin.py:188} INFO - [2026-06-21T16:10:22.983-0500] {dag.py:3089} INFO - Sync 1 DAGs
[2026-06-21T16:10:22.992-0500] {logging_mixin.py:188} INFO - [2026-06-21T16:10:22.992-0500] {dag.py:3947} INFO - Setting next_dagrun for example_branch_labels to 2026-06-20 00:00:00+00:00, run_after=2026-06-21 00:00:00+00:00
[2026-06-21T16:10:23.000-0500] {processor.py:183} INFO - Processing /Users/naga/Desktop/airflow_env/lib/python3.12/site-packages/airflow/example_dags/example_branch_labels.py took 0.073 seconds
[2026-06-21T16:12:35.925-0500] {processor.py:161} INFO - Started process (PID=59019) to work on /Users/naga/Desktop/airflow_env/lib/python3.12/site-packages/airflow/example_dags/example_branch_labels.py
[2026-06-21T16:12:35.925-0500] {processor.py:830} INFO - Processing file /Users/naga/Desktop/airflow_env/lib/python3.12/site-packages/airflow/example_dags/example_branch_labels.py for tasks to queue
[2026-06-21T16:12:35.926-0500] {logging_mixin.py:188} INFO - [2026-06-21T16:12:35.926-0500] {dagbag.py:545} INFO - Filling up the DagBag from /Users/naga/Desktop/airflow_env/lib/python3.12/site-packages/airflow/example_dags/example_branch_labels.py
[2026-06-21T16:12:35.930-0500] {processor.py:840} INFO - DAG(s) 'example_branch_labels' retrieved from /Users/naga/Desktop/airflow_env/lib/python3.12/site-packages/airflow/example_dags/example_branch_labels.py
[2026-06-21T16:12:35.977-0500] {logging_mixin.py:188} INFO - [2026-06-21T16:12:35.977-0500] {dag.py:3089} INFO - Sync 1 DAGs
[2026-06-21T16:12:35.985-0500] {logging_mixin.py:188} INFO - [2026-06-21T16:12:35.985-0500] {dag.py:3947} INFO - Setting next_dagrun for example_branch_labels to 2026-06-20 00:00:00+00:00, run_after=2026-06-21 00:00:00+00:00
[2026-06-21T16:12:35.995-0500] {processor.py:183} INFO - Processing /Users/naga/Desktop/airflow_env/lib/python3.12/site-packages/airflow/example_dags/example_branch_labels.py took 0.072 seconds
[2026-06-21T16:14:47.541-0500] {processor.py:161} INFO - Started process (PID=59170) to work on /Users/naga/Desktop/airflow_env/lib/python3.12/site-packages/airflow/example_dags/example_branch_labels.py
[2026-06-21T16:14:47.542-0500] {processor.py:830} INFO - Processing file /Users/naga/Desktop/airflow_env/lib/python3.12/site-packages/airflow/example_dags/example_branch_labels.py for tasks to queue
[2026-06-21T16:14:47.542-0500] {logging_mixin.py:188} INFO - [2026-06-21T16:14:47.542-0500] {dagbag.py:545} INFO - Filling up the DagBag from /Users/naga/Desktop/airflow_env/lib/python3.12/site-packages/airflow/example_dags/example_branch_labels.py
[2026-06-21T16:14:47.547-0500] {processor.py:840} INFO - DAG(s) 'example_branch_labels' retrieved from /Users/naga/Desktop/airflow_env/lib/python3.12/site-packages/airflow/example_dags/example_branch_labels.py
[2026-06-21T16:14:47.594-0500] {logging_mixin.py:188} INFO - [2026-06-21T16:14:47.594-0500] {dag.py:3089} INFO - Sync 1 DAGs
[2026-06-21T16:14:47.604-0500] {logging_mixin.py:188} INFO - [2026-06-21T16:14:47.603-0500] {dag.py:3947} INFO - Setting next_dagrun for example_branch_labels to 2026-06-20 00:00:00+00:00, run_after=2026-06-21 00:00:00+00:00
[2026-06-21T16:14:47.613-0500] {processor.py:183} INFO - Processing /Users/naga/Desktop/airflow_env/lib/python3.12/site-packages/airflow/example_dags/example_branch_labels.py took 0.073 seconds
[2026-06-21T16:16:57.421-0500] {processor.py:161} INFO - Started process (PID=59294) to work on /Users/naga/Desktop/airflow_env/lib/python3.12/site-packages/airflow/example_dags/example_branch_labels.py
[2026-06-21T16:16:57.422-0500] {processor.py:830} INFO - Processing file /Users/naga/Desktop/airflow_env/lib/python3.12/site-packages/airflow/example_dags/example_branch_labels.py for tasks to queue
[2026-06-21T16:16:57.423-0500] {logging_mixin.py:188} INFO - [2026-06-21T16:16:57.422-0500] {dagbag.py:545} INFO - Filling up the DagBag from /Users/naga/Desktop/airflow_env/lib/python3.12/site-packages/airflow/example_dags/example_branch_labels.py
[2026-06-21T16:16:57.427-0500] {processor.py:840} INFO - DAG(s) 'example_branch_labels' retrieved from /Users/naga/Desktop/airflow_env/lib/python3.12/site-packages/airflow/example_dags/example_branch_labels.py
[2026-06-21T16:16:57.479-0500] {logging_mixin.py:188} INFO - [2026-06-21T16:16:57.479-0500] {dag.py:3089} INFO - Sync 1 DAGs
[2026-06-21T16:16:57.488-0500] {logging_mixin.py:188} INFO - [2026-06-21T16:16:57.487-0500] {dag.py:3947} INFO - Setting next_dagrun for example_branch_labels to 2026-06-20 00:00:00+00:00, run_after=2026-06-21 00:00:00+00:00
[2026-06-21T16:16:57.496-0500] {processor.py:183} INFO - Processing /Users/naga/Desktop/airflow_env/lib/python3.12/site-packages/airflow/example_dags/example_branch_labels.py took 0.076 seconds
[2026-06-21T16:19:09.432-0500] {processor.py:161} INFO - Started process (PID=59419) to work on /Users/naga/Desktop/airflow_env/lib/python3.12/site-packages/airflow/example_dags/example_branch_labels.py
[2026-06-21T16:19:09.433-0500] {processor.py:830} INFO - Processing file /Users/naga/Desktop/airflow_env/lib/python3.12/site-packages/airflow/example_dags/example_branch_labels.py for tasks to queue
[2026-06-21T16:19:09.433-0500] {logging_mixin.py:188} INFO - [2026-06-21T16:19:09.433-0500] {dagbag.py:545} INFO - Filling up the DagBag from /Users/naga/Desktop/airflow_env/lib/python3.12/site-packages/airflow/example_dags/example_branch_labels.py
[2026-06-21T16:19:09.438-0500] {processor.py:840} INFO - DAG(s) 'example_branch_labels' retrieved from /Users/naga/Desktop/airflow_env/lib/python3.12/site-packages/airflow/example_dags/example_branch_labels.py
[2026-06-21T16:19:09.486-0500] {logging_mixin.py:188} INFO - [2026-06-21T16:19:09.486-0500] {dag.py:3089} INFO - Sync 1 DAGs
[2026-06-21T16:19:09.495-0500] {logging_mixin.py:188} INFO - [2026-06-21T16:19:09.495-0500] {dag.py:3947} INFO - Setting next_dagrun for example_branch_labels to 2026-06-20 00:00:00+00:00, run_after=2026-06-21 00:00:00+00:00
[2026-06-21T16:19:09.503-0500] {processor.py:183} INFO - Processing /Users/naga/Desktop/airflow_env/lib/python3.12/site-packages/airflow/example_dags/example_branch_labels.py took 0.072 seconds
[2026-06-21T16:21:18.725-0500] {processor.py:161} INFO - Started process (PID=59565) to work on /Users/naga/Desktop/airflow_env/lib/python3.12/site-packages/airflow/example_dags/example_branch_labels.py
[2026-06-21T16:21:18.726-0500] {processor.py:830} INFO - Processing file /Users/naga/Desktop/airflow_env/lib/python3.12/site-packages/airflow/example_dags/example_branch_labels.py for tasks to queue
[2026-06-21T16:21:18.726-0500] {logging_mixin.py:188} INFO - [2026-06-21T16:21:18.726-0500] {dagbag.py:545} INFO - Filling up the DagBag from /Users/naga/Desktop/airflow_env/lib/python3.12/site-packages/airflow/example_dags/example_branch_labels.py
[2026-06-21T16:21:18.731-0500] {processor.py:840} INFO - DAG(s) 'example_branch_labels' retrieved from /Users/naga/Desktop/airflow_env/lib/python3.12/site-packages/airflow/example_dags/example_branch_labels.py
[2026-06-21T16:21:18.778-0500] {logging_mixin.py:188} INFO - [2026-06-21T16:21:18.777-0500] {dag.py:3089} INFO - Sync 1 DAGs
[2026-06-21T16:21:18.787-0500] {logging_mixin.py:188} INFO - [2026-06-21T16:21:18.787-0500] {dag.py:3947} INFO - Setting next_dagrun for example_branch_labels to 2026-06-20 00:00:00+00:00, run_after=2026-06-21 00:00:00+00:00
[2026-06-21T16:21:18.797-0500] {processor.py:183} INFO - Processing /Users/naga/Desktop/airflow_env/lib/python3.12/site-packages/airflow/example_dags/example_branch_labels.py took 0.073 seconds
[2026-06-21T16:23:27.337-0500] {processor.py:161} INFO - Started process (PID=59695) to work on /Users/naga/Desktop/airflow_env/lib/python3.12/site-packages/airflow/example_dags/example_branch_labels.py
[2026-06-21T16:23:27.337-0500] {processor.py:830} INFO - Processing file /Users/naga/Desktop/airflow_env/lib/python3.12/site-packages/airflow/example_dags/example_branch_labels.py for tasks to queue
[2026-06-21T16:23:27.338-0500] {logging_mixin.py:188} INFO - [2026-06-21T16:23:27.338-0500] {dagbag.py:545} INFO - Filling up the DagBag from /Users/naga/Desktop/airflow_env/lib/python3.12/site-packages/airflow/example_dags/example_branch_labels.py
[2026-06-21T16:23:27.342-0500] {processor.py:840} INFO - DAG(s) 'example_branch_labels' retrieved from /Users/naga/Desktop/airflow_env/lib/python3.12/site-packages/airflow/example_dags/example_branch_labels.py
[2026-06-21T16:23:27.391-0500] {logging_mixin.py:188} INFO - [2026-06-21T16:23:27.390-0500] {dag.py:3089} INFO - Sync 1 DAGs
[2026-06-21T16:23:27.400-0500] {logging_mixin.py:188} INFO - [2026-06-21T16:23:27.399-0500] {dag.py:3947} INFO - Setting next_dagrun for example_branch_labels to 2026-06-20 00:00:00+00:00, run_after=2026-06-21 00:00:00+00:00
[2026-06-21T16:23:27.409-0500] {processor.py:183} INFO - Processing /Users/naga/Desktop/airflow_env/lib/python3.12/site-packages/airflow/example_dags/example_branch_labels.py took 0.074 seconds
[2026-06-21T16:25:38.560-0500] {processor.py:161} INFO - Started process (PID=59824) to work on /Users/naga/Desktop/airflow_env/lib/python3.12/site-packages/airflow/example_dags/example_branch_labels.py
[2026-06-21T16:25:38.561-0500] {processor.py:830} INFO - Processing file /Users/naga/Desktop/airflow_env/lib/python3.12/site-packages/airflow/example_dags/example_branch_labels.py for tasks to queue
[2026-06-21T16:25:38.561-0500] {logging_mixin.py:188} INFO - [2026-06-21T16:25:38.561-0500] {dagbag.py:545} INFO - Filling up the DagBag from /Users/naga/Desktop/airflow_env/lib/python3.12/site-packages/airflow/example_dags/example_branch_labels.py
[2026-06-21T16:25:38.566-0500] {processor.py:840} INFO - DAG(s) 'example_branch_labels' retrieved from /Users/naga/Desktop/airflow_env/lib/python3.12/site-packages/airflow/example_dags/example_branch_labels.py
[2026-06-21T16:25:38.614-0500] {logging_mixin.py:188} INFO - [2026-06-21T16:25:38.614-0500] {dag.py:3089} INFO - Sync 1 DAGs
[2026-06-21T16:25:38.623-0500] {logging_mixin.py:188} INFO - [2026-06-21T16:25:38.623-0500] {dag.py:3947} INFO - Setting next_dagrun for example_branch_labels to 2026-06-20 00:00:00+00:00, run_after=2026-06-21 00:00:00+00:00
[2026-06-21T16:25:38.631-0500] {processor.py:183} INFO - Processing /Users/naga/Desktop/airflow_env/lib/python3.12/site-packages/airflow/example_dags/example_branch_labels.py took 0.072 seconds
[2026-06-21T16:27:57.430-0500] {processor.py:161} INFO - Started process (PID=59980) to work on /Users/naga/Desktop/airflow_env/lib/python3.12/site-packages/airflow/example_dags/example_branch_labels.py
[2026-06-21T16:27:57.431-0500] {processor.py:830} INFO - Processing file /Users/naga/Desktop/airflow_env/lib/python3.12/site-packages/airflow/example_dags/example_branch_labels.py for tasks to queue
[2026-06-21T16:27:57.431-0500] {logging_mixin.py:188} INFO - [2026-06-21T16:27:57.431-0500] {dagbag.py:545} INFO - Filling up the DagBag from /Users/naga/Desktop/airflow_env/lib/python3.12/site-packages/airflow/example_dags/example_branch_labels.py
[2026-06-21T16:27:57.436-0500] {processor.py:840} INFO - DAG(s) 'example_branch_labels' retrieved from /Users/naga/Desktop/airflow_env/lib/python3.12/site-packages/airflow/example_dags/example_branch_labels.py
[2026-06-21T16:27:57.480-0500] {logging_mixin.py:188} INFO - [2026-06-21T16:27:57.480-0500] {dag.py:3089} INFO - Sync 1 DAGs
[2026-06-21T16:27:57.488-0500] {logging_mixin.py:188} INFO - [2026-06-21T16:27:57.488-0500] {dag.py:3947} INFO - Setting next_dagrun for example_branch_labels to 2026-06-20 00:00:00+00:00, run_after=2026-06-21 00:00:00+00:00
[2026-06-21T16:27:57.496-0500] {processor.py:183} INFO - Processing /Users/naga/Desktop/airflow_env/lib/python3.12/site-packages/airflow/example_dags/example_branch_labels.py took 0.067 seconds
[2026-06-21T16:30:08.004-0500] {processor.py:161} INFO - Started process (PID=60086) to work on /Users/naga/Desktop/airflow_env/lib/python3.12/site-packages/airflow/example_dags/example_branch_labels.py
[2026-06-21T16:30:08.005-0500] {processor.py:830} INFO - Processing file /Users/naga/Desktop/airflow_env/lib/python3.12/site-packages/airflow/example_dags/example_branch_labels.py for tasks to queue
[2026-06-21T16:30:08.005-0500] {logging_mixin.py:188} INFO - [2026-06-21T16:30:08.005-0500] {dagbag.py:545} INFO - Filling up the DagBag from /Users/naga/Desktop/airflow_env/lib/python3.12/site-packages/airflow/example_dags/example_branch_labels.py
[2026-06-21T16:30:08.013-0500] {processor.py:840} INFO - DAG(s) 'example_branch_labels' retrieved from /Users/naga/Desktop/airflow_env/lib/python3.12/site-packages/airflow/example_dags/example_branch_labels.py
[2026-06-21T16:30:08.067-0500] {logging_mixin.py:188} INFO - [2026-06-21T16:30:08.067-0500] {dag.py:3089} INFO - Sync 1 DAGs
[2026-06-21T16:30:08.076-0500] {logging_mixin.py:188} INFO - [2026-06-21T16:30:08.076-0500] {dag.py:3947} INFO - Setting next_dagrun for example_branch_labels to 2026-06-20 00:00:00+00:00, run_after=2026-06-21 00:00:00+00:00
[2026-06-21T16:30:08.086-0500] {processor.py:183} INFO - Processing /Users/naga/Desktop/airflow_env/lib/python3.12/site-packages/airflow/example_dags/example_branch_labels.py took 0.086 seconds
[2026-06-21T16:32:12.034-0500] {processor.py:161} INFO - Started process (PID=60236) to work on /Users/naga/Desktop/airflow_env/lib/python3.12/site-packages/airflow/example_dags/example_branch_labels.py
[2026-06-21T16:32:12.035-0500] {processor.py:830} INFO - Processing file /Users/naga/Desktop/airflow_env/lib/python3.12/site-packages/airflow/example_dags/example_branch_labels.py for tasks to queue
[2026-06-21T16:32:12.035-0500] {logging_mixin.py:188} INFO - [2026-06-21T16:32:12.035-0500] {dagbag.py:545} INFO - Filling up the DagBag from /Users/naga/Desktop/airflow_env/lib/python3.12/site-packages/airflow/example_dags/example_branch_labels.py
[2026-06-21T16:32:12.040-0500] {processor.py:840} INFO - DAG(s) 'example_branch_labels' retrieved from /Users/naga/Desktop/airflow_env/lib/python3.12/site-packages/airflow/example_dags/example_branch_labels.py
[2026-06-21T16:32:12.084-0500] {logging_mixin.py:188} INFO - [2026-06-21T16:32:12.084-0500] {dag.py:3089} INFO - Sync 1 DAGs
[2026-06-21T16:32:12.094-0500] {logging_mixin.py:188} INFO - [2026-06-21T16:32:12.094-0500] {dag.py:3947} INFO - Setting next_dagrun for example_branch_labels to 2026-06-20 00:00:00+00:00, run_after=2026-06-21 00:00:00+00:00
[2026-06-21T16:32:12.102-0500] {processor.py:183} INFO - Processing /Users/naga/Desktop/airflow_env/lib/python3.12/site-packages/airflow/example_dags/example_branch_labels.py took 0.069 seconds
[2026-06-21T16:34:13.979-0500] {processor.py:161} INFO - Started process (PID=60347) to work on /Users/naga/Desktop/airflow_env/lib/python3.12/site-packages/airflow/example_dags/example_branch_labels.py
[2026-06-21T16:34:13.980-0500] {processor.py:830} INFO - Processing file /Users/naga/Desktop/airflow_env/lib/python3.12/site-packages/airflow/example_dags/example_branch_labels.py for tasks to queue
[2026-06-21T16:34:13.980-0500] {logging_mixin.py:188} INFO - [2026-06-21T16:34:13.980-0500] {dagbag.py:545} INFO - Filling up the DagBag from /Users/naga/Desktop/airflow_env/lib/python3.12/site-packages/airflow/example_dags/example_branch_labels.py
[2026-06-21T16:34:13.985-0500] {processor.py:840} INFO - DAG(s) 'example_branch_labels' retrieved from /Users/naga/Desktop/airflow_env/lib/python3.12/site-packages/airflow/example_dags/example_branch_labels.py
[2026-06-21T16:34:14.031-0500] {logging_mixin.py:188} INFO - [2026-06-21T16:34:14.030-0500] {dag.py:3089} INFO - Sync 1 DAGs
[2026-06-21T16:34:14.039-0500] {logging_mixin.py:188} INFO - [2026-06-21T16:34:14.039-0500] {dag.py:3947} INFO - Setting next_dagrun for example_branch_labels to 2026-06-20 00:00:00+00:00, run_after=2026-06-21 00:00:00+00:00
[2026-06-21T16:34:14.047-0500] {processor.py:183} INFO - Processing /Users/naga/Desktop/airflow_env/lib/python3.12/site-packages/airflow/example_dags/example_branch_labels.py took 0.069 seconds
[2026-06-21T16:36:22.373-0500] {processor.py:161} INFO - Started process (PID=60474) to work on /Users/naga/Desktop/airflow_env/lib/python3.12/site-packages/airflow/example_dags/example_branch_labels.py
[2026-06-21T16:36:22.374-0500] {processor.py:830} INFO - Processing file /Users/naga/Desktop/airflow_env/lib/python3.12/site-packages/airflow/example_dags/example_branch_labels.py for tasks to queue
[2026-06-21T16:36:22.375-0500] {logging_mixin.py:188} INFO - [2026-06-21T16:36:22.374-0500] {dagbag.py:545} INFO - Filling up the DagBag from /Users/naga/Desktop/airflow_env/lib/python3.12/site-packages/airflow/example_dags/example_branch_labels.py
[2026-06-21T16:36:22.379-0500] {processor.py:840} INFO - DAG(s) 'example_branch_labels' retrieved from /Users/naga/Desktop/airflow_env/lib/python3.12/site-packages/airflow/example_dags/example_branch_labels.py
[2026-06-21T16:36:22.424-0500] {logging_mixin.py:188} INFO - [2026-06-21T16:36:22.424-0500] {dag.py:3089} INFO - Sync 1 DAGs
[2026-06-21T16:36:22.432-0500] {logging_mixin.py:188} INFO - [2026-06-21T16:36:22.432-0500] {dag.py:3947} INFO - Setting next_dagrun for example_branch_labels to 2026-06-20 00:00:00+00:00, run_after=2026-06-21 00:00:00+00:00
[2026-06-21T16:36:22.440-0500] {processor.py:183} INFO - Processing /Users/naga/Desktop/airflow_env/lib/python3.12/site-packages/airflow/example_dags/example_branch_labels.py took 0.068 seconds
[2026-06-21T16:38:26.000-0500] {processor.py:161} INFO - Started process (PID=60603) to work on /Users/naga/Desktop/airflow_env/lib/python3.12/site-packages/airflow/example_dags/example_branch_labels.py
[2026-06-21T16:38:26.001-0500] {processor.py:830} INFO - Processing file /Users/naga/Desktop/airflow_env/lib/python3.12/site-packages/airflow/example_dags/example_branch_labels.py for tasks to queue
[2026-06-21T16:38:26.001-0500] {logging_mixin.py:188} INFO - [2026-06-21T16:38:26.001-0500] {dagbag.py:545} INFO - Filling up the DagBag from /Users/naga/Desktop/airflow_env/lib/python3.12/site-packages/airflow/example_dags/example_branch_labels.py
[2026-06-21T16:38:26.006-0500] {processor.py:840} INFO - DAG(s) 'example_branch_labels' retrieved from /Users/naga/Desktop/airflow_env/lib/python3.12/site-packages/airflow/example_dags/example_branch_labels.py
[2026-06-21T16:38:26.050-0500] {logging_mixin.py:188} INFO - [2026-06-21T16:38:26.050-0500] {dag.py:3089} INFO - Sync 1 DAGs
[2026-06-21T16:38:26.058-0500] {logging_mixin.py:188} INFO - [2026-06-21T16:38:26.058-0500] {dag.py:3947} INFO - Setting next_dagrun for example_branch_labels to 2026-06-20 00:00:00+00:00, run_after=2026-06-21 00:00:00+00:00
[2026-06-21T16:38:26.066-0500] {processor.py:183} INFO - Processing /Users/naga/Desktop/airflow_env/lib/python3.12/site-packages/airflow/example_dags/example_branch_labels.py took 0.067 seconds
[2026-06-21T16:41:42.567-0500] {processor.py:161} INFO - Started process (PID=60741) to work on /Users/naga/Desktop/airflow_env/lib/python3.12/site-packages/airflow/example_dags/example_branch_labels.py
[2026-06-21T16:41:42.569-0500] {processor.py:830} INFO - Processing file /Users/naga/Desktop/airflow_env/lib/python3.12/site-packages/airflow/example_dags/example_branch_labels.py for tasks to queue
[2026-06-21T16:41:42.570-0500] {logging_mixin.py:188} INFO - [2026-06-21T16:41:42.569-0500] {dagbag.py:545} INFO - Filling up the DagBag from /Users/naga/Desktop/airflow_env/lib/python3.12/site-packages/airflow/example_dags/example_branch_labels.py
[2026-06-21T16:41:42.581-0500] {processor.py:840} INFO - DAG(s) 'example_branch_labels' retrieved from /Users/naga/Desktop/airflow_env/lib/python3.12/site-packages/airflow/example_dags/example_branch_labels.py
[2026-06-21T16:41:42.677-0500] {logging_mixin.py:188} INFO - [2026-06-21T16:41:42.676-0500] {dag.py:3089} INFO - Sync 1 DAGs
[2026-06-21T16:41:42.693-0500] {logging_mixin.py:188} INFO - [2026-06-21T16:41:42.692-0500] {dag.py:3947} INFO - Setting next_dagrun for example_branch_labels to 2026-06-20 00:00:00+00:00, run_after=2026-06-21 00:00:00+00:00
[2026-06-21T16:41:42.709-0500] {processor.py:183} INFO - Processing /Users/naga/Desktop/airflow_env/lib/python3.12/site-packages/airflow/example_dags/example_branch_labels.py took 0.145 seconds
[2026-06-21T16:45:16.534-0500] {processor.py:161} INFO - Started process (PID=60956) to work on /Users/naga/Desktop/airflow_env/lib/python3.12/site-packages/airflow/example_dags/example_branch_labels.py
[2026-06-21T16:45:16.535-0500] {processor.py:830} INFO - Processing file /Users/naga/Desktop/airflow_env/lib/python3.12/site-packages/airflow/example_dags/example_branch_labels.py for tasks to queue
[2026-06-21T16:45:16.536-0500] {logging_mixin.py:188} INFO - [2026-06-21T16:45:16.536-0500] {dagbag.py:545} INFO - Filling up the DagBag from /Users/naga/Desktop/airflow_env/lib/python3.12/site-packages/airflow/example_dags/example_branch_labels.py
[2026-06-21T16:45:16.545-0500] {processor.py:840} INFO - DAG(s) 'example_branch_labels' retrieved from /Users/naga/Desktop/airflow_env/lib/python3.12/site-packages/airflow/example_dags/example_branch_labels.py
[2026-06-21T16:45:16.639-0500] {logging_mixin.py:188} INFO - [2026-06-21T16:45:16.639-0500] {dag.py:3089} INFO - Sync 1 DAGs
[2026-06-21T16:45:16.654-0500] {logging_mixin.py:188} INFO - [2026-06-21T16:45:16.653-0500] {dag.py:3947} INFO - Setting next_dagrun for example_branch_labels to 2026-06-20 00:00:00+00:00, run_after=2026-06-21 00:00:00+00:00
[2026-06-21T16:45:16.670-0500] {processor.py:183} INFO - Processing /Users/naga/Desktop/airflow_env/lib/python3.12/site-packages/airflow/example_dags/example_branch_labels.py took 0.142 seconds
[2026-06-21T18:45:28.828-0500] {processor.py:161} INFO - Started process (PID=61157) to work on /Users/naga/Desktop/airflow_env/lib/python3.12/site-packages/airflow/example_dags/example_branch_labels.py
[2026-06-21T18:45:28.829-0500] {processor.py:830} INFO - Processing file /Users/naga/Desktop/airflow_env/lib/python3.12/site-packages/airflow/example_dags/example_branch_labels.py for tasks to queue
[2026-06-21T18:45:28.830-0500] {logging_mixin.py:188} INFO - [2026-06-21T18:45:28.830-0500] {dagbag.py:545} INFO - Filling up the DagBag from /Users/naga/Desktop/airflow_env/lib/python3.12/site-packages/airflow/example_dags/example_branch_labels.py
[2026-06-21T18:45:28.838-0500] {processor.py:840} INFO - DAG(s) 'example_branch_labels' retrieved from /Users/naga/Desktop/airflow_env/lib/python3.12/site-packages/airflow/example_dags/example_branch_labels.py
[2026-06-21T18:45:28.915-0500] {logging_mixin.py:188} INFO - [2026-06-21T18:45:28.915-0500] {dag.py:3089} INFO - Sync 1 DAGs
[2026-06-21T18:45:28.931-0500] {logging_mixin.py:188} INFO - [2026-06-21T18:45:28.931-0500] {dag.py:3947} INFO - Setting next_dagrun for example_branch_labels to 2026-06-20 00:00:00+00:00, run_after=2026-06-21 00:00:00+00:00
[2026-06-21T18:45:28.949-0500] {processor.py:183} INFO - Processing /Users/naga/Desktop/airflow_env/lib/python3.12/site-packages/airflow/example_dags/example_branch_labels.py took 0.124 seconds
[2026-06-21T18:57:32.527-0500] {processor.py:161} INFO - Started process (PID=61366) to work on /Users/naga/Desktop/airflow_env/lib/python3.12/site-packages/airflow/example_dags/example_branch_labels.py
[2026-06-21T18:57:32.528-0500] {processor.py:830} INFO - Processing file /Users/naga/Desktop/airflow_env/lib/python3.12/site-packages/airflow/example_dags/example_branch_labels.py for tasks to queue
[2026-06-21T18:57:32.529-0500] {logging_mixin.py:188} INFO - [2026-06-21T18:57:32.529-0500] {dagbag.py:545} INFO - Filling up the DagBag from /Users/naga/Desktop/airflow_env/lib/python3.12/site-packages/airflow/example_dags/example_branch_labels.py
[2026-06-21T18:57:32.536-0500] {processor.py:840} INFO - DAG(s) 'example_branch_labels' retrieved from /Users/naga/Desktop/airflow_env/lib/python3.12/site-packages/airflow/example_dags/example_branch_labels.py
[2026-06-21T18:57:32.611-0500] {logging_mixin.py:188} INFO - [2026-06-21T18:57:32.611-0500] {dag.py:3089} INFO - Sync 1 DAGs
[2026-06-21T18:57:32.625-0500] {logging_mixin.py:188} INFO - [2026-06-21T18:57:32.625-0500] {dag.py:3947} INFO - Setting next_dagrun for example_branch_labels to 2026-06-20 00:00:00+00:00, run_after=2026-06-21 00:00:00+00:00
[2026-06-21T18:57:32.638-0500] {processor.py:183} INFO - Processing /Users/naga/Desktop/airflow_env/lib/python3.12/site-packages/airflow/example_dags/example_branch_labels.py took 0.113 seconds
