[2026-06-21T14:44:29.515-0500] {processor.py:161} INFO - Started process (PID=54323) to work on /Users/naga/Desktop/airflow_env/lib/python3.12/site-packages/airflow/example_dags/example_setup_teardown_taskflow.py
[2026-06-21T14:44:29.516-0500] {processor.py:830} INFO - Processing file /Users/naga/Desktop/airflow_env/lib/python3.12/site-packages/airflow/example_dags/example_setup_teardown_taskflow.py for tasks to queue
[2026-06-21T14:44:29.517-0500] {logging_mixin.py:188} INFO - [2026-06-21T14:44:29.517-0500] {dagbag.py:545} INFO - Filling up the DagBag from /Users/naga/Desktop/airflow_env/lib/python3.12/site-packages/airflow/example_dags/example_setup_teardown_taskflow.py
[2026-06-21T14:44:29.551-0500] {processor.py:840} INFO - DAG(s) 'example_setup_teardown_taskflow' retrieved from /Users/naga/Desktop/airflow_env/lib/python3.12/site-packages/airflow/example_dags/example_setup_teardown_taskflow.py
[2026-06-21T14:44:29.686-0500] {logging_mixin.py:188} INFO - [2026-06-21T14:44:29.686-0500] {override.py:1858} INFO - Created Permission View: can read on DAG:example_setup_teardown_taskflow
[2026-06-21T14:44:29.693-0500] {logging_mixin.py:188} INFO - [2026-06-21T14:44:29.692-0500] {override.py:1858} INFO - Created Permission View: can delete on DAG:example_setup_teardown_taskflow
[2026-06-21T14:44:29.697-0500] {logging_mixin.py:188} INFO - [2026-06-21T14:44:29.697-0500] {override.py:1858} INFO - Created Permission View: can edit on DAG:example_setup_teardown_taskflow
[2026-06-21T14:44:29.697-0500] {logging_mixin.py:188} INFO - [2026-06-21T14:44:29.697-0500] {dag.py:3089} INFO - Sync 1 DAGs
[2026-06-21T14:44:29.706-0500] {logging_mixin.py:188} INFO - [2026-06-21T14:44:29.706-0500] {dag.py:3111} INFO - Creating ORM DAG for example_setup_teardown_taskflow
[2026-06-21T14:44:29.713-0500] {logging_mixin.py:188} INFO - [2026-06-21T14:44:29.712-0500] {dag.py:3947} INFO - Setting next_dagrun for example_setup_teardown_taskflow to 2026-06-20 00:00:00+00:00, run_after=2026-06-21 00:00:00+00:00
[2026-06-21T14:44:29.725-0500] {processor.py:183} INFO - Processing /Users/naga/Desktop/airflow_env/lib/python3.12/site-packages/airflow/example_dags/example_setup_teardown_taskflow.py took 0.212 seconds
[2026-06-21T14:46:37.466-0500] {processor.py:161} INFO - Started process (PID=54429) to work on /Users/naga/Desktop/airflow_env/lib/python3.12/site-packages/airflow/example_dags/example_setup_teardown_taskflow.py
[2026-06-21T14:46:37.467-0500] {processor.py:830} INFO - Processing file /Users/naga/Desktop/airflow_env/lib/python3.12/site-packages/airflow/example_dags/example_setup_teardown_taskflow.py for tasks to queue
[2026-06-21T14:46:37.468-0500] {logging_mixin.py:188} INFO - [2026-06-21T14:46:37.468-0500] {dagbag.py:545} INFO - Filling up the DagBag from /Users/naga/Desktop/airflow_env/lib/python3.12/site-packages/airflow/example_dags/example_setup_teardown_taskflow.py
[2026-06-21T14:46:37.502-0500] {processor.py:840} INFO - DAG(s) 'example_setup_teardown_taskflow' retrieved from /Users/naga/Desktop/airflow_env/lib/python3.12/site-packages/airflow/example_dags/example_setup_teardown_taskflow.py
[2026-06-21T14:46:37.577-0500] {logging_mixin.py:188} INFO - [2026-06-21T14:46:37.576-0500] {dag.py:3089} INFO - Sync 1 DAGs
[2026-06-21T14:46:37.589-0500] {logging_mixin.py:188} INFO - [2026-06-21T14:46:37.589-0500] {dag.py:3947} INFO - Setting next_dagrun for example_setup_teardown_taskflow to 2026-06-20 00:00:00+00:00, run_after=2026-06-21 00:00:00+00:00
[2026-06-21T14:46:37.602-0500] {processor.py:183} INFO - Processing /Users/naga/Desktop/airflow_env/lib/python3.12/site-packages/airflow/example_dags/example_setup_teardown_taskflow.py took 0.139 seconds
[2026-06-21T14:48:10.079-0500] {processor.py:161} INFO - Started process (PID=54504) to work on /Users/naga/Desktop/airflow_env/lib/python3.12/site-packages/airflow/example_dags/example_setup_teardown_taskflow.py
[2026-06-21T14:48:10.080-0500] {processor.py:830} INFO - Processing file /Users/naga/Desktop/airflow_env/lib/python3.12/site-packages/airflow/example_dags/example_setup_teardown_taskflow.py for tasks to queue
[2026-06-21T14:48:10.080-0500] {logging_mixin.py:188} INFO - [2026-06-21T14:48:10.080-0500] {dagbag.py:545} INFO - Filling up the DagBag from /Users/naga/Desktop/airflow_env/lib/python3.12/site-packages/airflow/example_dags/example_setup_teardown_taskflow.py
[2026-06-21T14:48:10.115-0500] {processor.py:840} INFO - DAG(s) 'example_setup_teardown_taskflow' retrieved from /Users/naga/Desktop/airflow_env/lib/python3.12/site-packages/airflow/example_dags/example_setup_teardown_taskflow.py
[2026-06-21T14:48:10.189-0500] {logging_mixin.py:188} INFO - [2026-06-21T14:48:10.189-0500] {dag.py:3089} INFO - Sync 1 DAGs
[2026-06-21T14:48:10.202-0500] {logging_mixin.py:188} INFO - [2026-06-21T14:48:10.201-0500] {dag.py:3947} INFO - Setting next_dagrun for example_setup_teardown_taskflow to 2026-06-20 00:00:00+00:00, run_after=2026-06-21 00:00:00+00:00
[2026-06-21T14:48:10.215-0500] {processor.py:183} INFO - Processing /Users/naga/Desktop/airflow_env/lib/python3.12/site-packages/airflow/example_dags/example_setup_teardown_taskflow.py took 0.138 seconds
[2026-06-21T14:49:40.093-0500] {processor.py:161} INFO - Started process (PID=54618) to work on /Users/naga/Desktop/airflow_env/lib/python3.12/site-packages/airflow/example_dags/example_setup_teardown_taskflow.py
[2026-06-21T14:49:40.095-0500] {processor.py:830} INFO - Processing file /Users/naga/Desktop/airflow_env/lib/python3.12/site-packages/airflow/example_dags/example_setup_teardown_taskflow.py for tasks to queue
[2026-06-21T14:49:40.095-0500] {logging_mixin.py:188} INFO - [2026-06-21T14:49:40.095-0500] {dagbag.py:545} INFO - Filling up the DagBag from /Users/naga/Desktop/airflow_env/lib/python3.12/site-packages/airflow/example_dags/example_setup_teardown_taskflow.py
[2026-06-21T14:49:40.129-0500] {processor.py:840} INFO - DAG(s) 'example_setup_teardown_taskflow' retrieved from /Users/naga/Desktop/airflow_env/lib/python3.12/site-packages/airflow/example_dags/example_setup_teardown_taskflow.py
[2026-06-21T14:49:40.203-0500] {logging_mixin.py:188} INFO - [2026-06-21T14:49:40.203-0500] {dag.py:3089} INFO - Sync 1 DAGs
[2026-06-21T14:49:40.216-0500] {logging_mixin.py:188} INFO - [2026-06-21T14:49:40.215-0500] {dag.py:3947} INFO - Setting next_dagrun for example_setup_teardown_taskflow to 2026-06-20 00:00:00+00:00, run_after=2026-06-21 00:00:00+00:00
[2026-06-21T14:49:40.229-0500] {processor.py:183} INFO - Processing /Users/naga/Desktop/airflow_env/lib/python3.12/site-packages/airflow/example_dags/example_setup_teardown_taskflow.py took 0.137 seconds
[2026-06-21T14:51:08.775-0500] {processor.py:161} INFO - Started process (PID=54702) to work on /Users/naga/Desktop/airflow_env/lib/python3.12/site-packages/airflow/example_dags/example_setup_teardown_taskflow.py
[2026-06-21T14:51:08.776-0500] {processor.py:830} INFO - Processing file /Users/naga/Desktop/airflow_env/lib/python3.12/site-packages/airflow/example_dags/example_setup_teardown_taskflow.py for tasks to queue
[2026-06-21T14:51:08.776-0500] {logging_mixin.py:188} INFO - [2026-06-21T14:51:08.776-0500] {dagbag.py:545} INFO - Filling up the DagBag from /Users/naga/Desktop/airflow_env/lib/python3.12/site-packages/airflow/example_dags/example_setup_teardown_taskflow.py
[2026-06-21T14:51:08.810-0500] {processor.py:840} INFO - DAG(s) 'example_setup_teardown_taskflow' retrieved from /Users/naga/Desktop/airflow_env/lib/python3.12/site-packages/airflow/example_dags/example_setup_teardown_taskflow.py
[2026-06-21T14:51:08.885-0500] {logging_mixin.py:188} INFO - [2026-06-21T14:51:08.884-0500] {dag.py:3089} INFO - Sync 1 DAGs
[2026-06-21T14:51:08.897-0500] {logging_mixin.py:188} INFO - [2026-06-21T14:51:08.897-0500] {dag.py:3947} INFO - Setting next_dagrun for example_setup_teardown_taskflow to 2026-06-20 00:00:00+00:00, run_after=2026-06-21 00:00:00+00:00
[2026-06-21T14:51:08.911-0500] {processor.py:183} INFO - Processing /Users/naga/Desktop/airflow_env/lib/python3.12/site-packages/airflow/example_dags/example_setup_teardown_taskflow.py took 0.139 seconds
[2026-06-21T14:52:36.435-0500] {processor.py:161} INFO - Started process (PID=54768) to work on /Users/naga/Desktop/airflow_env/lib/python3.12/site-packages/airflow/example_dags/example_setup_teardown_taskflow.py
[2026-06-21T14:52:36.436-0500] {processor.py:830} INFO - Processing file /Users/naga/Desktop/airflow_env/lib/python3.12/site-packages/airflow/example_dags/example_setup_teardown_taskflow.py for tasks to queue
[2026-06-21T14:52:36.437-0500] {logging_mixin.py:188} INFO - [2026-06-21T14:52:36.437-0500] {dagbag.py:545} INFO - Filling up the DagBag from /Users/naga/Desktop/airflow_env/lib/python3.12/site-packages/airflow/example_dags/example_setup_teardown_taskflow.py
[2026-06-21T14:52:36.481-0500] {processor.py:840} INFO - DAG(s) 'example_setup_teardown_taskflow' retrieved from /Users/naga/Desktop/airflow_env/lib/python3.12/site-packages/airflow/example_dags/example_setup_teardown_taskflow.py
[2026-06-21T14:52:36.593-0500] {logging_mixin.py:188} INFO - [2026-06-21T14:52:36.593-0500] {dag.py:3089} INFO - Sync 1 DAGs
[2026-06-21T14:52:36.606-0500] {logging_mixin.py:188} INFO - [2026-06-21T14:52:36.606-0500] {dag.py:3947} INFO - Setting next_dagrun for example_setup_teardown_taskflow to 2026-06-20 00:00:00+00:00, run_after=2026-06-21 00:00:00+00:00
[2026-06-21T14:52:36.619-0500] {processor.py:183} INFO - Processing /Users/naga/Desktop/airflow_env/lib/python3.12/site-packages/airflow/example_dags/example_setup_teardown_taskflow.py took 0.186 seconds
[2026-06-21T14:54:05.932-0500] {processor.py:161} INFO - Started process (PID=54835) to work on /Users/naga/Desktop/airflow_env/lib/python3.12/site-packages/airflow/example_dags/example_setup_teardown_taskflow.py
[2026-06-21T14:54:05.933-0500] {processor.py:830} INFO - Processing file /Users/naga/Desktop/airflow_env/lib/python3.12/site-packages/airflow/example_dags/example_setup_teardown_taskflow.py for tasks to queue
[2026-06-21T14:54:05.934-0500] {logging_mixin.py:188} INFO - [2026-06-21T14:54:05.934-0500] {dagbag.py:545} INFO - Filling up the DagBag from /Users/naga/Desktop/airflow_env/lib/python3.12/site-packages/airflow/example_dags/example_setup_teardown_taskflow.py
[2026-06-21T14:54:05.969-0500] {processor.py:840} INFO - DAG(s) 'example_setup_teardown_taskflow' retrieved from /Users/naga/Desktop/airflow_env/lib/python3.12/site-packages/airflow/example_dags/example_setup_teardown_taskflow.py
[2026-06-21T14:54:06.043-0500] {logging_mixin.py:188} INFO - [2026-06-21T14:54:06.042-0500] {dag.py:3089} INFO - Sync 1 DAGs
[2026-06-21T14:54:06.055-0500] {logging_mixin.py:188} INFO - [2026-06-21T14:54:06.055-0500] {dag.py:3947} INFO - Setting next_dagrun for example_setup_teardown_taskflow to 2026-06-20 00:00:00+00:00, run_after=2026-06-21 00:00:00+00:00
[2026-06-21T14:54:06.068-0500] {processor.py:183} INFO - Processing /Users/naga/Desktop/airflow_env/lib/python3.12/site-packages/airflow/example_dags/example_setup_teardown_taskflow.py took 0.138 seconds
[2026-06-21T14:55:33.691-0500] {processor.py:161} INFO - Started process (PID=54981) to work on /Users/naga/Desktop/airflow_env/lib/python3.12/site-packages/airflow/example_dags/example_setup_teardown_taskflow.py
[2026-06-21T14:55:33.692-0500] {processor.py:830} INFO - Processing file /Users/naga/Desktop/airflow_env/lib/python3.12/site-packages/airflow/example_dags/example_setup_teardown_taskflow.py for tasks to queue
[2026-06-21T14:55:33.693-0500] {logging_mixin.py:188} INFO - [2026-06-21T14:55:33.692-0500] {dagbag.py:545} INFO - Filling up the DagBag from /Users/naga/Desktop/airflow_env/lib/python3.12/site-packages/airflow/example_dags/example_setup_teardown_taskflow.py
[2026-06-21T14:55:33.727-0500] {processor.py:840} INFO - DAG(s) 'example_setup_teardown_taskflow' retrieved from /Users/naga/Desktop/airflow_env/lib/python3.12/site-packages/airflow/example_dags/example_setup_teardown_taskflow.py
[2026-06-21T14:55:33.801-0500] {logging_mixin.py:188} INFO - [2026-06-21T14:55:33.801-0500] {dag.py:3089} INFO - Sync 1 DAGs
[2026-06-21T14:55:33.814-0500] {logging_mixin.py:188} INFO - [2026-06-21T14:55:33.814-0500] {dag.py:3947} INFO - Setting next_dagrun for example_setup_teardown_taskflow to 2026-06-20 00:00:00+00:00, run_after=2026-06-21 00:00:00+00:00
[2026-06-21T14:55:33.827-0500] {processor.py:183} INFO - Processing /Users/naga/Desktop/airflow_env/lib/python3.12/site-packages/airflow/example_dags/example_setup_teardown_taskflow.py took 0.138 seconds
[2026-06-21T14:57:12.569-0500] {processor.py:161} INFO - Started process (PID=55222) to work on /Users/naga/Desktop/airflow_env/lib/python3.12/site-packages/airflow/example_dags/example_setup_teardown_taskflow.py
[2026-06-21T14:57:12.571-0500] {processor.py:830} INFO - Processing file /Users/naga/Desktop/airflow_env/lib/python3.12/site-packages/airflow/example_dags/example_setup_teardown_taskflow.py for tasks to queue
[2026-06-21T14:57:12.572-0500] {logging_mixin.py:188} INFO - [2026-06-21T14:57:12.571-0500] {dagbag.py:545} INFO - Filling up the DagBag from /Users/naga/Desktop/airflow_env/lib/python3.12/site-packages/airflow/example_dags/example_setup_teardown_taskflow.py
[2026-06-21T14:57:12.613-0500] {processor.py:840} INFO - DAG(s) 'example_setup_teardown_taskflow' retrieved from /Users/naga/Desktop/airflow_env/lib/python3.12/site-packages/airflow/example_dags/example_setup_teardown_taskflow.py
[2026-06-21T14:57:12.698-0500] {logging_mixin.py:188} INFO - [2026-06-21T14:57:12.697-0500] {dag.py:3089} INFO - Sync 1 DAGs
[2026-06-21T14:57:12.711-0500] {logging_mixin.py:188} INFO - [2026-06-21T14:57:12.711-0500] {dag.py:3947} INFO - Setting next_dagrun for example_setup_teardown_taskflow to 2026-06-20 00:00:00+00:00, run_after=2026-06-21 00:00:00+00:00
[2026-06-21T14:57:12.727-0500] {processor.py:183} INFO - Processing /Users/naga/Desktop/airflow_env/lib/python3.12/site-packages/airflow/example_dags/example_setup_teardown_taskflow.py took 0.161 seconds
[2026-06-21T14:58:47.436-0500] {processor.py:161} INFO - Started process (PID=55296) to work on /Users/naga/Desktop/airflow_env/lib/python3.12/site-packages/airflow/example_dags/example_setup_teardown_taskflow.py
[2026-06-21T14:58:47.437-0500] {processor.py:830} INFO - Processing file /Users/naga/Desktop/airflow_env/lib/python3.12/site-packages/airflow/example_dags/example_setup_teardown_taskflow.py for tasks to queue
[2026-06-21T14:58:47.438-0500] {logging_mixin.py:188} INFO - [2026-06-21T14:58:47.437-0500] {dagbag.py:545} INFO - Filling up the DagBag from /Users/naga/Desktop/airflow_env/lib/python3.12/site-packages/airflow/example_dags/example_setup_teardown_taskflow.py
[2026-06-21T14:58:47.472-0500] {processor.py:840} INFO - DAG(s) 'example_setup_teardown_taskflow' retrieved from /Users/naga/Desktop/airflow_env/lib/python3.12/site-packages/airflow/example_dags/example_setup_teardown_taskflow.py
[2026-06-21T14:58:47.546-0500] {logging_mixin.py:188} INFO - [2026-06-21T14:58:47.546-0500] {dag.py:3089} INFO - Sync 1 DAGs
[2026-06-21T14:58:47.558-0500] {logging_mixin.py:188} INFO - [2026-06-21T14:58:47.558-0500] {dag.py:3947} INFO - Setting next_dagrun for example_setup_teardown_taskflow to 2026-06-20 00:00:00+00:00, run_after=2026-06-21 00:00:00+00:00
[2026-06-21T14:58:47.572-0500] {processor.py:183} INFO - Processing /Users/naga/Desktop/airflow_env/lib/python3.12/site-packages/airflow/example_dags/example_setup_teardown_taskflow.py took 0.139 seconds
[2026-06-21T15:00:26.348-0500] {processor.py:161} INFO - Started process (PID=55395) to work on /Users/naga/Desktop/airflow_env/lib/python3.12/site-packages/airflow/example_dags/example_setup_teardown_taskflow.py
[2026-06-21T15:00:26.349-0500] {processor.py:830} INFO - Processing file /Users/naga/Desktop/airflow_env/lib/python3.12/site-packages/airflow/example_dags/example_setup_teardown_taskflow.py for tasks to queue
[2026-06-21T15:00:26.349-0500] {logging_mixin.py:188} INFO - [2026-06-21T15:00:26.349-0500] {dagbag.py:545} INFO - Filling up the DagBag from /Users/naga/Desktop/airflow_env/lib/python3.12/site-packages/airflow/example_dags/example_setup_teardown_taskflow.py
[2026-06-21T15:00:26.386-0500] {processor.py:840} INFO - DAG(s) 'example_setup_teardown_taskflow' retrieved from /Users/naga/Desktop/airflow_env/lib/python3.12/site-packages/airflow/example_dags/example_setup_teardown_taskflow.py
[2026-06-21T15:00:26.462-0500] {logging_mixin.py:188} INFO - [2026-06-21T15:00:26.461-0500] {dag.py:3089} INFO - Sync 1 DAGs
[2026-06-21T15:00:26.474-0500] {logging_mixin.py:188} INFO - [2026-06-21T15:00:26.474-0500] {dag.py:3947} INFO - Setting next_dagrun for example_setup_teardown_taskflow to 2026-06-20 00:00:00+00:00, run_after=2026-06-21 00:00:00+00:00
[2026-06-21T15:00:26.487-0500] {processor.py:183} INFO - Processing /Users/naga/Desktop/airflow_env/lib/python3.12/site-packages/airflow/example_dags/example_setup_teardown_taskflow.py took 0.141 seconds
[2026-06-21T15:02:00.927-0500] {processor.py:161} INFO - Started process (PID=55478) to work on /Users/naga/Desktop/airflow_env/lib/python3.12/site-packages/airflow/example_dags/example_setup_teardown_taskflow.py
[2026-06-21T15:02:00.929-0500] {processor.py:830} INFO - Processing file /Users/naga/Desktop/airflow_env/lib/python3.12/site-packages/airflow/example_dags/example_setup_teardown_taskflow.py for tasks to queue
[2026-06-21T15:02:00.929-0500] {logging_mixin.py:188} INFO - [2026-06-21T15:02:00.929-0500] {dagbag.py:545} INFO - Filling up the DagBag from /Users/naga/Desktop/airflow_env/lib/python3.12/site-packages/airflow/example_dags/example_setup_teardown_taskflow.py
[2026-06-21T15:02:00.964-0500] {processor.py:840} INFO - DAG(s) 'example_setup_teardown_taskflow' retrieved from /Users/naga/Desktop/airflow_env/lib/python3.12/site-packages/airflow/example_dags/example_setup_teardown_taskflow.py
[2026-06-21T15:02:01.041-0500] {logging_mixin.py:188} INFO - [2026-06-21T15:02:01.040-0500] {dag.py:3089} INFO - Sync 1 DAGs
[2026-06-21T15:02:01.054-0500] {logging_mixin.py:188} INFO - [2026-06-21T15:02:01.054-0500] {dag.py:3947} INFO - Setting next_dagrun for example_setup_teardown_taskflow to 2026-06-20 00:00:00+00:00, run_after=2026-06-21 00:00:00+00:00
[2026-06-21T15:02:01.068-0500] {processor.py:183} INFO - Processing /Users/naga/Desktop/airflow_env/lib/python3.12/site-packages/airflow/example_dags/example_setup_teardown_taskflow.py took 0.143 seconds
[2026-06-21T15:03:33.783-0500] {processor.py:161} INFO - Started process (PID=55555) to work on /Users/naga/Desktop/airflow_env/lib/python3.12/site-packages/airflow/example_dags/example_setup_teardown_taskflow.py
[2026-06-21T15:03:33.785-0500] {processor.py:830} INFO - Processing file /Users/naga/Desktop/airflow_env/lib/python3.12/site-packages/airflow/example_dags/example_setup_teardown_taskflow.py for tasks to queue
[2026-06-21T15:03:33.785-0500] {logging_mixin.py:188} INFO - [2026-06-21T15:03:33.785-0500] {dagbag.py:545} INFO - Filling up the DagBag from /Users/naga/Desktop/airflow_env/lib/python3.12/site-packages/airflow/example_dags/example_setup_teardown_taskflow.py
[2026-06-21T15:03:33.820-0500] {processor.py:840} INFO - DAG(s) 'example_setup_teardown_taskflow' retrieved from /Users/naga/Desktop/airflow_env/lib/python3.12/site-packages/airflow/example_dags/example_setup_teardown_taskflow.py
[2026-06-21T15:03:33.894-0500] {logging_mixin.py:188} INFO - [2026-06-21T15:03:33.894-0500] {dag.py:3089} INFO - Sync 1 DAGs
[2026-06-21T15:03:33.906-0500] {logging_mixin.py:188} INFO - [2026-06-21T15:03:33.906-0500] {dag.py:3947} INFO - Setting next_dagrun for example_setup_teardown_taskflow to 2026-06-20 00:00:00+00:00, run_after=2026-06-21 00:00:00+00:00
[2026-06-21T15:03:33.920-0500] {processor.py:183} INFO - Processing /Users/naga/Desktop/airflow_env/lib/python3.12/site-packages/airflow/example_dags/example_setup_teardown_taskflow.py took 0.139 seconds
[2026-06-21T15:05:04.154-0500] {processor.py:161} INFO - Started process (PID=55623) to work on /Users/naga/Desktop/airflow_env/lib/python3.12/site-packages/airflow/example_dags/example_setup_teardown_taskflow.py
[2026-06-21T15:05:04.155-0500] {processor.py:830} INFO - Processing file /Users/naga/Desktop/airflow_env/lib/python3.12/site-packages/airflow/example_dags/example_setup_teardown_taskflow.py for tasks to queue
[2026-06-21T15:05:04.155-0500] {logging_mixin.py:188} INFO - [2026-06-21T15:05:04.155-0500] {dagbag.py:545} INFO - Filling up the DagBag from /Users/naga/Desktop/airflow_env/lib/python3.12/site-packages/airflow/example_dags/example_setup_teardown_taskflow.py
[2026-06-21T15:05:04.189-0500] {processor.py:840} INFO - DAG(s) 'example_setup_teardown_taskflow' retrieved from /Users/naga/Desktop/airflow_env/lib/python3.12/site-packages/airflow/example_dags/example_setup_teardown_taskflow.py
[2026-06-21T15:05:04.263-0500] {logging_mixin.py:188} INFO - [2026-06-21T15:05:04.263-0500] {dag.py:3089} INFO - Sync 1 DAGs
[2026-06-21T15:05:04.275-0500] {logging_mixin.py:188} INFO - [2026-06-21T15:05:04.275-0500] {dag.py:3947} INFO - Setting next_dagrun for example_setup_teardown_taskflow to 2026-06-20 00:00:00+00:00, run_after=2026-06-21 00:00:00+00:00
[2026-06-21T15:05:04.288-0500] {processor.py:183} INFO - Processing /Users/naga/Desktop/airflow_env/lib/python3.12/site-packages/airflow/example_dags/example_setup_teardown_taskflow.py took 0.136 seconds
[2026-06-21T15:06:38.857-0500] {processor.py:161} INFO - Started process (PID=55681) to work on /Users/naga/Desktop/airflow_env/lib/python3.12/site-packages/airflow/example_dags/example_setup_teardown_taskflow.py
[2026-06-21T15:06:38.859-0500] {processor.py:830} INFO - Processing file /Users/naga/Desktop/airflow_env/lib/python3.12/site-packages/airflow/example_dags/example_setup_teardown_taskflow.py for tasks to queue
[2026-06-21T15:06:38.859-0500] {logging_mixin.py:188} INFO - [2026-06-21T15:06:38.859-0500] {dagbag.py:545} INFO - Filling up the DagBag from /Users/naga/Desktop/airflow_env/lib/python3.12/site-packages/airflow/example_dags/example_setup_teardown_taskflow.py
[2026-06-21T15:06:38.893-0500] {processor.py:840} INFO - DAG(s) 'example_setup_teardown_taskflow' retrieved from /Users/naga/Desktop/airflow_env/lib/python3.12/site-packages/airflow/example_dags/example_setup_teardown_taskflow.py
[2026-06-21T15:06:38.971-0500] {logging_mixin.py:188} INFO - [2026-06-21T15:06:38.971-0500] {dag.py:3089} INFO - Sync 1 DAGs
[2026-06-21T15:06:38.984-0500] {logging_mixin.py:188} INFO - [2026-06-21T15:06:38.983-0500] {dag.py:3947} INFO - Setting next_dagrun for example_setup_teardown_taskflow to 2026-06-20 00:00:00+00:00, run_after=2026-06-21 00:00:00+00:00
[2026-06-21T15:06:38.997-0500] {processor.py:183} INFO - Processing /Users/naga/Desktop/airflow_env/lib/python3.12/site-packages/airflow/example_dags/example_setup_teardown_taskflow.py took 0.142 seconds
[2026-06-21T15:08:09.434-0500] {processor.py:161} INFO - Started process (PID=55752) to work on /Users/naga/Desktop/airflow_env/lib/python3.12/site-packages/airflow/example_dags/example_setup_teardown_taskflow.py
[2026-06-21T15:08:09.435-0500] {processor.py:830} INFO - Processing file /Users/naga/Desktop/airflow_env/lib/python3.12/site-packages/airflow/example_dags/example_setup_teardown_taskflow.py for tasks to queue
[2026-06-21T15:08:09.435-0500] {logging_mixin.py:188} INFO - [2026-06-21T15:08:09.435-0500] {dagbag.py:545} INFO - Filling up the DagBag from /Users/naga/Desktop/airflow_env/lib/python3.12/site-packages/airflow/example_dags/example_setup_teardown_taskflow.py
[2026-06-21T15:08:09.472-0500] {processor.py:840} INFO - DAG(s) 'example_setup_teardown_taskflow' retrieved from /Users/naga/Desktop/airflow_env/lib/python3.12/site-packages/airflow/example_dags/example_setup_teardown_taskflow.py
[2026-06-21T15:08:09.551-0500] {logging_mixin.py:188} INFO - [2026-06-21T15:08:09.550-0500] {dag.py:3089} INFO - Sync 1 DAGs
[2026-06-21T15:08:09.565-0500] {logging_mixin.py:188} INFO - [2026-06-21T15:08:09.565-0500] {dag.py:3947} INFO - Setting next_dagrun for example_setup_teardown_taskflow to 2026-06-20 00:00:00+00:00, run_after=2026-06-21 00:00:00+00:00
[2026-06-21T15:08:09.643-0500] {processor.py:183} INFO - Processing /Users/naga/Desktop/airflow_env/lib/python3.12/site-packages/airflow/example_dags/example_setup_teardown_taskflow.py took 0.212 seconds
[2026-06-21T15:09:43.376-0500] {processor.py:161} INFO - Started process (PID=55818) to work on /Users/naga/Desktop/airflow_env/lib/python3.12/site-packages/airflow/example_dags/example_setup_teardown_taskflow.py
[2026-06-21T15:09:43.377-0500] {processor.py:830} INFO - Processing file /Users/naga/Desktop/airflow_env/lib/python3.12/site-packages/airflow/example_dags/example_setup_teardown_taskflow.py for tasks to queue
[2026-06-21T15:09:43.378-0500] {logging_mixin.py:188} INFO - [2026-06-21T15:09:43.378-0500] {dagbag.py:545} INFO - Filling up the DagBag from /Users/naga/Desktop/airflow_env/lib/python3.12/site-packages/airflow/example_dags/example_setup_teardown_taskflow.py
[2026-06-21T15:09:43.412-0500] {processor.py:840} INFO - DAG(s) 'example_setup_teardown_taskflow' retrieved from /Users/naga/Desktop/airflow_env/lib/python3.12/site-packages/airflow/example_dags/example_setup_teardown_taskflow.py
[2026-06-21T15:09:43.486-0500] {logging_mixin.py:188} INFO - [2026-06-21T15:09:43.486-0500] {dag.py:3089} INFO - Sync 1 DAGs
[2026-06-21T15:09:43.499-0500] {logging_mixin.py:188} INFO - [2026-06-21T15:09:43.498-0500] {dag.py:3947} INFO - Setting next_dagrun for example_setup_teardown_taskflow to 2026-06-20 00:00:00+00:00, run_after=2026-06-21 00:00:00+00:00
[2026-06-21T15:09:43.517-0500] {processor.py:183} INFO - Processing /Users/naga/Desktop/airflow_env/lib/python3.12/site-packages/airflow/example_dags/example_setup_teardown_taskflow.py took 0.143 seconds
[2026-06-21T15:11:14.555-0500] {processor.py:161} INFO - Started process (PID=55897) to work on /Users/naga/Desktop/airflow_env/lib/python3.12/site-packages/airflow/example_dags/example_setup_teardown_taskflow.py
[2026-06-21T15:11:14.556-0500] {processor.py:830} INFO - Processing file /Users/naga/Desktop/airflow_env/lib/python3.12/site-packages/airflow/example_dags/example_setup_teardown_taskflow.py for tasks to queue
[2026-06-21T15:11:14.557-0500] {logging_mixin.py:188} INFO - [2026-06-21T15:11:14.557-0500] {dagbag.py:545} INFO - Filling up the DagBag from /Users/naga/Desktop/airflow_env/lib/python3.12/site-packages/airflow/example_dags/example_setup_teardown_taskflow.py
[2026-06-21T15:11:14.591-0500] {processor.py:840} INFO - DAG(s) 'example_setup_teardown_taskflow' retrieved from /Users/naga/Desktop/airflow_env/lib/python3.12/site-packages/airflow/example_dags/example_setup_teardown_taskflow.py
[2026-06-21T15:11:14.669-0500] {logging_mixin.py:188} INFO - [2026-06-21T15:11:14.669-0500] {dag.py:3089} INFO - Sync 1 DAGs
[2026-06-21T15:11:14.683-0500] {logging_mixin.py:188} INFO - [2026-06-21T15:11:14.682-0500] {dag.py:3947} INFO - Setting next_dagrun for example_setup_teardown_taskflow to 2026-06-20 00:00:00+00:00, run_after=2026-06-21 00:00:00+00:00
[2026-06-21T15:11:14.698-0500] {processor.py:183} INFO - Processing /Users/naga/Desktop/airflow_env/lib/python3.12/site-packages/airflow/example_dags/example_setup_teardown_taskflow.py took 0.145 seconds
[2026-06-21T15:12:56.587-0500] {processor.py:161} INFO - Started process (PID=56071) to work on /Users/naga/Desktop/airflow_env/lib/python3.12/site-packages/airflow/example_dags/example_setup_teardown_taskflow.py
[2026-06-21T15:12:56.588-0500] {processor.py:830} INFO - Processing file /Users/naga/Desktop/airflow_env/lib/python3.12/site-packages/airflow/example_dags/example_setup_teardown_taskflow.py for tasks to queue
[2026-06-21T15:12:56.588-0500] {logging_mixin.py:188} INFO - [2026-06-21T15:12:56.588-0500] {dagbag.py:545} INFO - Filling up the DagBag from /Users/naga/Desktop/airflow_env/lib/python3.12/site-packages/airflow/example_dags/example_setup_teardown_taskflow.py
[2026-06-21T15:12:56.611-0500] {processor.py:840} INFO - DAG(s) 'example_setup_teardown_taskflow' retrieved from /Users/naga/Desktop/airflow_env/lib/python3.12/site-packages/airflow/example_dags/example_setup_teardown_taskflow.py
[2026-06-21T15:12:56.657-0500] {logging_mixin.py:188} INFO - [2026-06-21T15:12:56.656-0500] {dag.py:3089} INFO - Sync 1 DAGs
[2026-06-21T15:12:56.665-0500] {logging_mixin.py:188} INFO - [2026-06-21T15:12:56.664-0500] {dag.py:3947} INFO - Setting next_dagrun for example_setup_teardown_taskflow to 2026-06-20 00:00:00+00:00, run_after=2026-06-21 00:00:00+00:00
[2026-06-21T15:12:56.673-0500] {processor.py:183} INFO - Processing /Users/naga/Desktop/airflow_env/lib/python3.12/site-packages/airflow/example_dags/example_setup_teardown_taskflow.py took 0.087 seconds
[2026-06-21T15:14:16.771-0500] {processor.py:161} INFO - Started process (PID=56166) to work on /Users/naga/Desktop/airflow_env/lib/python3.12/site-packages/airflow/example_dags/example_setup_teardown_taskflow.py
[2026-06-21T15:14:16.772-0500] {processor.py:830} INFO - Processing file /Users/naga/Desktop/airflow_env/lib/python3.12/site-packages/airflow/example_dags/example_setup_teardown_taskflow.py for tasks to queue
[2026-06-21T15:14:16.772-0500] {logging_mixin.py:188} INFO - [2026-06-21T15:14:16.772-0500] {dagbag.py:545} INFO - Filling up the DagBag from /Users/naga/Desktop/airflow_env/lib/python3.12/site-packages/airflow/example_dags/example_setup_teardown_taskflow.py
[2026-06-21T15:14:16.792-0500] {processor.py:840} INFO - DAG(s) 'example_setup_teardown_taskflow' retrieved from /Users/naga/Desktop/airflow_env/lib/python3.12/site-packages/airflow/example_dags/example_setup_teardown_taskflow.py
[2026-06-21T15:14:16.836-0500] {logging_mixin.py:188} INFO - [2026-06-21T15:14:16.836-0500] {dag.py:3089} INFO - Sync 1 DAGs
[2026-06-21T15:14:16.843-0500] {logging_mixin.py:188} INFO - [2026-06-21T15:14:16.843-0500] {dag.py:3947} INFO - Setting next_dagrun for example_setup_teardown_taskflow to 2026-06-20 00:00:00+00:00, run_after=2026-06-21 00:00:00+00:00
[2026-06-21T15:14:16.851-0500] {processor.py:183} INFO - Processing /Users/naga/Desktop/airflow_env/lib/python3.12/site-packages/airflow/example_dags/example_setup_teardown_taskflow.py took 0.082 seconds
[2026-06-21T15:31:28.100-0500] {processor.py:161} INFO - Started process (PID=56445) to work on /Users/naga/Desktop/airflow_env/lib/python3.12/site-packages/airflow/example_dags/example_setup_teardown_taskflow.py
[2026-06-21T15:31:28.100-0500] {processor.py:830} INFO - Processing file /Users/naga/Desktop/airflow_env/lib/python3.12/site-packages/airflow/example_dags/example_setup_teardown_taskflow.py for tasks to queue
[2026-06-21T15:31:28.101-0500] {logging_mixin.py:188} INFO - [2026-06-21T15:31:28.101-0500] {dagbag.py:545} INFO - Filling up the DagBag from /Users/naga/Desktop/airflow_env/lib/python3.12/site-packages/airflow/example_dags/example_setup_teardown_taskflow.py
[2026-06-21T15:31:28.123-0500] {processor.py:840} INFO - DAG(s) 'example_setup_teardown_taskflow' retrieved from /Users/naga/Desktop/airflow_env/lib/python3.12/site-packages/airflow/example_dags/example_setup_teardown_taskflow.py
[2026-06-21T15:31:28.170-0500] {logging_mixin.py:188} INFO - [2026-06-21T15:31:28.170-0500] {dag.py:3089} INFO - Sync 1 DAGs
[2026-06-21T15:31:28.178-0500] {logging_mixin.py:188} INFO - [2026-06-21T15:31:28.177-0500] {dag.py:3947} INFO - Setting next_dagrun for example_setup_teardown_taskflow to 2026-06-20 00:00:00+00:00, run_after=2026-06-21 00:00:00+00:00
[2026-06-21T15:31:28.187-0500] {processor.py:183} INFO - Processing /Users/naga/Desktop/airflow_env/lib/python3.12/site-packages/airflow/example_dags/example_setup_teardown_taskflow.py took 0.089 seconds
[2026-06-21T15:33:13.255-0500] {processor.py:161} INFO - Started process (PID=56630) to work on /Users/naga/Desktop/airflow_env/lib/python3.12/site-packages/airflow/example_dags/example_setup_teardown_taskflow.py
[2026-06-21T15:33:13.256-0500] {processor.py:830} INFO - Processing file /Users/naga/Desktop/airflow_env/lib/python3.12/site-packages/airflow/example_dags/example_setup_teardown_taskflow.py for tasks to queue
[2026-06-21T15:33:13.256-0500] {logging_mixin.py:188} INFO - [2026-06-21T15:33:13.256-0500] {dagbag.py:545} INFO - Filling up the DagBag from /Users/naga/Desktop/airflow_env/lib/python3.12/site-packages/airflow/example_dags/example_setup_teardown_taskflow.py
[2026-06-21T15:33:13.279-0500] {processor.py:840} INFO - DAG(s) 'example_setup_teardown_taskflow' retrieved from /Users/naga/Desktop/airflow_env/lib/python3.12/site-packages/airflow/example_dags/example_setup_teardown_taskflow.py
[2026-06-21T15:33:13.329-0500] {logging_mixin.py:188} INFO - [2026-06-21T15:33:13.329-0500] {dag.py:3089} INFO - Sync 1 DAGs
[2026-06-21T15:33:13.343-0500] {logging_mixin.py:188} INFO - [2026-06-21T15:33:13.343-0500] {dag.py:3947} INFO - Setting next_dagrun for example_setup_teardown_taskflow to 2026-06-20 00:00:00+00:00, run_after=2026-06-21 00:00:00+00:00
[2026-06-21T15:33:13.353-0500] {processor.py:183} INFO - Processing /Users/naga/Desktop/airflow_env/lib/python3.12/site-packages/airflow/example_dags/example_setup_teardown_taskflow.py took 0.100 seconds
[2026-06-21T15:35:23.178-0500] {processor.py:161} INFO - Started process (PID=56801) to work on /Users/naga/Desktop/airflow_env/lib/python3.12/site-packages/airflow/example_dags/example_setup_teardown_taskflow.py
[2026-06-21T15:35:23.179-0500] {processor.py:830} INFO - Processing file /Users/naga/Desktop/airflow_env/lib/python3.12/site-packages/airflow/example_dags/example_setup_teardown_taskflow.py for tasks to queue
[2026-06-21T15:35:23.180-0500] {logging_mixin.py:188} INFO - [2026-06-21T15:35:23.180-0500] {dagbag.py:545} INFO - Filling up the DagBag from /Users/naga/Desktop/airflow_env/lib/python3.12/site-packages/airflow/example_dags/example_setup_teardown_taskflow.py
[2026-06-21T15:35:23.201-0500] {processor.py:840} INFO - DAG(s) 'example_setup_teardown_taskflow' retrieved from /Users/naga/Desktop/airflow_env/lib/python3.12/site-packages/airflow/example_dags/example_setup_teardown_taskflow.py
[2026-06-21T15:35:23.245-0500] {logging_mixin.py:188} INFO - [2026-06-21T15:35:23.244-0500] {dag.py:3089} INFO - Sync 1 DAGs
[2026-06-21T15:35:23.252-0500] {logging_mixin.py:188} INFO - [2026-06-21T15:35:23.252-0500] {dag.py:3947} INFO - Setting next_dagrun for example_setup_teardown_taskflow to 2026-06-20 00:00:00+00:00, run_after=2026-06-21 00:00:00+00:00
[2026-06-21T15:35:23.260-0500] {processor.py:183} INFO - Processing /Users/naga/Desktop/airflow_env/lib/python3.12/site-packages/airflow/example_dags/example_setup_teardown_taskflow.py took 0.083 seconds
[2026-06-21T15:37:20.153-0500] {processor.py:161} INFO - Started process (PID=56937) to work on /Users/naga/Desktop/airflow_env/lib/python3.12/site-packages/airflow/example_dags/example_setup_teardown_taskflow.py
[2026-06-21T15:37:20.154-0500] {processor.py:830} INFO - Processing file /Users/naga/Desktop/airflow_env/lib/python3.12/site-packages/airflow/example_dags/example_setup_teardown_taskflow.py for tasks to queue
[2026-06-21T15:37:20.154-0500] {logging_mixin.py:188} INFO - [2026-06-21T15:37:20.154-0500] {dagbag.py:545} INFO - Filling up the DagBag from /Users/naga/Desktop/airflow_env/lib/python3.12/site-packages/airflow/example_dags/example_setup_teardown_taskflow.py
[2026-06-21T15:37:20.175-0500] {processor.py:840} INFO - DAG(s) 'example_setup_teardown_taskflow' retrieved from /Users/naga/Desktop/airflow_env/lib/python3.12/site-packages/airflow/example_dags/example_setup_teardown_taskflow.py
[2026-06-21T15:37:20.219-0500] {logging_mixin.py:188} INFO - [2026-06-21T15:37:20.218-0500] {dag.py:3089} INFO - Sync 1 DAGs
[2026-06-21T15:37:20.226-0500] {logging_mixin.py:188} INFO - [2026-06-21T15:37:20.226-0500] {dag.py:3947} INFO - Setting next_dagrun for example_setup_teardown_taskflow to 2026-06-20 00:00:00+00:00, run_after=2026-06-21 00:00:00+00:00
[2026-06-21T15:37:20.235-0500] {processor.py:183} INFO - Processing /Users/naga/Desktop/airflow_env/lib/python3.12/site-packages/airflow/example_dags/example_setup_teardown_taskflow.py took 0.084 seconds
[2026-06-21T15:39:27.104-0500] {processor.py:161} INFO - Started process (PID=57051) to work on /Users/naga/Desktop/airflow_env/lib/python3.12/site-packages/airflow/example_dags/example_setup_teardown_taskflow.py
[2026-06-21T15:39:27.105-0500] {processor.py:830} INFO - Processing file /Users/naga/Desktop/airflow_env/lib/python3.12/site-packages/airflow/example_dags/example_setup_teardown_taskflow.py for tasks to queue
[2026-06-21T15:39:27.105-0500] {logging_mixin.py:188} INFO - [2026-06-21T15:39:27.105-0500] {dagbag.py:545} INFO - Filling up the DagBag from /Users/naga/Desktop/airflow_env/lib/python3.12/site-packages/airflow/example_dags/example_setup_teardown_taskflow.py
[2026-06-21T15:39:27.126-0500] {processor.py:840} INFO - DAG(s) 'example_setup_teardown_taskflow' retrieved from /Users/naga/Desktop/airflow_env/lib/python3.12/site-packages/airflow/example_dags/example_setup_teardown_taskflow.py
[2026-06-21T15:39:27.170-0500] {logging_mixin.py:188} INFO - [2026-06-21T15:39:27.170-0500] {dag.py:3089} INFO - Sync 1 DAGs
[2026-06-21T15:39:27.177-0500] {logging_mixin.py:188} INFO - [2026-06-21T15:39:27.177-0500] {dag.py:3947} INFO - Setting next_dagrun for example_setup_teardown_taskflow to 2026-06-20 00:00:00+00:00, run_after=2026-06-21 00:00:00+00:00
[2026-06-21T15:39:27.185-0500] {processor.py:183} INFO - Processing /Users/naga/Desktop/airflow_env/lib/python3.12/site-packages/airflow/example_dags/example_setup_teardown_taskflow.py took 0.082 seconds
[2026-06-21T15:41:29.983-0500] {processor.py:161} INFO - Started process (PID=57166) to work on /Users/naga/Desktop/airflow_env/lib/python3.12/site-packages/airflow/example_dags/example_setup_teardown_taskflow.py
[2026-06-21T15:41:29.984-0500] {processor.py:830} INFO - Processing file /Users/naga/Desktop/airflow_env/lib/python3.12/site-packages/airflow/example_dags/example_setup_teardown_taskflow.py for tasks to queue
[2026-06-21T15:41:29.984-0500] {logging_mixin.py:188} INFO - [2026-06-21T15:41:29.984-0500] {dagbag.py:545} INFO - Filling up the DagBag from /Users/naga/Desktop/airflow_env/lib/python3.12/site-packages/airflow/example_dags/example_setup_teardown_taskflow.py
[2026-06-21T15:41:30.005-0500] {processor.py:840} INFO - DAG(s) 'example_setup_teardown_taskflow' retrieved from /Users/naga/Desktop/airflow_env/lib/python3.12/site-packages/airflow/example_dags/example_setup_teardown_taskflow.py
[2026-06-21T15:41:30.048-0500] {logging_mixin.py:188} INFO - [2026-06-21T15:41:30.048-0500] {dag.py:3089} INFO - Sync 1 DAGs
[2026-06-21T15:41:30.056-0500] {logging_mixin.py:188} INFO - [2026-06-21T15:41:30.055-0500] {dag.py:3947} INFO - Setting next_dagrun for example_setup_teardown_taskflow to 2026-06-20 00:00:00+00:00, run_after=2026-06-21 00:00:00+00:00
[2026-06-21T15:41:30.063-0500] {processor.py:183} INFO - Processing /Users/naga/Desktop/airflow_env/lib/python3.12/site-packages/airflow/example_dags/example_setup_teardown_taskflow.py took 0.082 seconds
[2026-06-21T15:43:33.769-0500] {processor.py:161} INFO - Started process (PID=57309) to work on /Users/naga/Desktop/airflow_env/lib/python3.12/site-packages/airflow/example_dags/example_setup_teardown_taskflow.py
[2026-06-21T15:43:33.770-0500] {processor.py:830} INFO - Processing file /Users/naga/Desktop/airflow_env/lib/python3.12/site-packages/airflow/example_dags/example_setup_teardown_taskflow.py for tasks to queue
[2026-06-21T15:43:33.770-0500] {logging_mixin.py:188} INFO - [2026-06-21T15:43:33.770-0500] {dagbag.py:545} INFO - Filling up the DagBag from /Users/naga/Desktop/airflow_env/lib/python3.12/site-packages/airflow/example_dags/example_setup_teardown_taskflow.py
[2026-06-21T15:43:33.792-0500] {processor.py:840} INFO - DAG(s) 'example_setup_teardown_taskflow' retrieved from /Users/naga/Desktop/airflow_env/lib/python3.12/site-packages/airflow/example_dags/example_setup_teardown_taskflow.py
[2026-06-21T15:43:33.837-0500] {logging_mixin.py:188} INFO - [2026-06-21T15:43:33.837-0500] {dag.py:3089} INFO - Sync 1 DAGs
[2026-06-21T15:43:33.844-0500] {logging_mixin.py:188} INFO - [2026-06-21T15:43:33.844-0500] {dag.py:3947} INFO - Setting next_dagrun for example_setup_teardown_taskflow to 2026-06-20 00:00:00+00:00, run_after=2026-06-21 00:00:00+00:00
[2026-06-21T15:43:33.852-0500] {processor.py:183} INFO - Processing /Users/naga/Desktop/airflow_env/lib/python3.12/site-packages/airflow/example_dags/example_setup_teardown_taskflow.py took 0.085 seconds
[2026-06-21T15:45:39.354-0500] {processor.py:161} INFO - Started process (PID=57434) to work on /Users/naga/Desktop/airflow_env/lib/python3.12/site-packages/airflow/example_dags/example_setup_teardown_taskflow.py
[2026-06-21T15:45:39.355-0500] {processor.py:830} INFO - Processing file /Users/naga/Desktop/airflow_env/lib/python3.12/site-packages/airflow/example_dags/example_setup_teardown_taskflow.py for tasks to queue
[2026-06-21T15:45:39.356-0500] {logging_mixin.py:188} INFO - [2026-06-21T15:45:39.356-0500] {dagbag.py:545} INFO - Filling up the DagBag from /Users/naga/Desktop/airflow_env/lib/python3.12/site-packages/airflow/example_dags/example_setup_teardown_taskflow.py
[2026-06-21T15:45:39.376-0500] {processor.py:840} INFO - DAG(s) 'example_setup_teardown_taskflow' retrieved from /Users/naga/Desktop/airflow_env/lib/python3.12/site-packages/airflow/example_dags/example_setup_teardown_taskflow.py
[2026-06-21T15:45:39.421-0500] {logging_mixin.py:188} INFO - [2026-06-21T15:45:39.420-0500] {dag.py:3089} INFO - Sync 1 DAGs
[2026-06-21T15:45:39.428-0500] {logging_mixin.py:188} INFO - [2026-06-21T15:45:39.428-0500] {dag.py:3947} INFO - Setting next_dagrun for example_setup_teardown_taskflow to 2026-06-20 00:00:00+00:00, run_after=2026-06-21 00:00:00+00:00
[2026-06-21T15:45:39.436-0500] {processor.py:183} INFO - Processing /Users/naga/Desktop/airflow_env/lib/python3.12/site-packages/airflow/example_dags/example_setup_teardown_taskflow.py took 0.083 seconds
[2026-06-21T15:47:40.591-0500] {processor.py:161} INFO - Started process (PID=57568) to work on /Users/naga/Desktop/airflow_env/lib/python3.12/site-packages/airflow/example_dags/example_setup_teardown_taskflow.py
[2026-06-21T15:47:40.592-0500] {processor.py:830} INFO - Processing file /Users/naga/Desktop/airflow_env/lib/python3.12/site-packages/airflow/example_dags/example_setup_teardown_taskflow.py for tasks to queue
[2026-06-21T15:47:40.592-0500] {logging_mixin.py:188} INFO - [2026-06-21T15:47:40.592-0500] {dagbag.py:545} INFO - Filling up the DagBag from /Users/naga/Desktop/airflow_env/lib/python3.12/site-packages/airflow/example_dags/example_setup_teardown_taskflow.py
[2026-06-21T15:47:40.613-0500] {processor.py:840} INFO - DAG(s) 'example_setup_teardown_taskflow' retrieved from /Users/naga/Desktop/airflow_env/lib/python3.12/site-packages/airflow/example_dags/example_setup_teardown_taskflow.py
[2026-06-21T15:47:40.656-0500] {logging_mixin.py:188} INFO - [2026-06-21T15:47:40.656-0500] {dag.py:3089} INFO - Sync 1 DAGs
[2026-06-21T15:47:40.663-0500] {logging_mixin.py:188} INFO - [2026-06-21T15:47:40.663-0500] {dag.py:3947} INFO - Setting next_dagrun for example_setup_teardown_taskflow to 2026-06-20 00:00:00+00:00, run_after=2026-06-21 00:00:00+00:00
[2026-06-21T15:47:40.671-0500] {processor.py:183} INFO - Processing /Users/naga/Desktop/airflow_env/lib/python3.12/site-packages/airflow/example_dags/example_setup_teardown_taskflow.py took 0.081 seconds
[2026-06-21T15:49:48.410-0500] {processor.py:161} INFO - Started process (PID=57700) to work on /Users/naga/Desktop/airflow_env/lib/python3.12/site-packages/airflow/example_dags/example_setup_teardown_taskflow.py
[2026-06-21T15:49:48.411-0500] {processor.py:830} INFO - Processing file /Users/naga/Desktop/airflow_env/lib/python3.12/site-packages/airflow/example_dags/example_setup_teardown_taskflow.py for tasks to queue
[2026-06-21T15:49:48.411-0500] {logging_mixin.py:188} INFO - [2026-06-21T15:49:48.411-0500] {dagbag.py:545} INFO - Filling up the DagBag from /Users/naga/Desktop/airflow_env/lib/python3.12/site-packages/airflow/example_dags/example_setup_teardown_taskflow.py
[2026-06-21T15:49:48.431-0500] {processor.py:840} INFO - DAG(s) 'example_setup_teardown_taskflow' retrieved from /Users/naga/Desktop/airflow_env/lib/python3.12/site-packages/airflow/example_dags/example_setup_teardown_taskflow.py
[2026-06-21T15:49:48.475-0500] {logging_mixin.py:188} INFO - [2026-06-21T15:49:48.475-0500] {dag.py:3089} INFO - Sync 1 DAGs
[2026-06-21T15:49:48.482-0500] {logging_mixin.py:188} INFO - [2026-06-21T15:49:48.482-0500] {dag.py:3947} INFO - Setting next_dagrun for example_setup_teardown_taskflow to 2026-06-20 00:00:00+00:00, run_after=2026-06-21 00:00:00+00:00
[2026-06-21T15:49:48.490-0500] {processor.py:183} INFO - Processing /Users/naga/Desktop/airflow_env/lib/python3.12/site-packages/airflow/example_dags/example_setup_teardown_taskflow.py took 0.081 seconds
[2026-06-21T15:51:54.502-0500] {processor.py:161} INFO - Started process (PID=57806) to work on /Users/naga/Desktop/airflow_env/lib/python3.12/site-packages/airflow/example_dags/example_setup_teardown_taskflow.py
[2026-06-21T15:51:54.503-0500] {processor.py:830} INFO - Processing file /Users/naga/Desktop/airflow_env/lib/python3.12/site-packages/airflow/example_dags/example_setup_teardown_taskflow.py for tasks to queue
[2026-06-21T15:51:54.503-0500] {logging_mixin.py:188} INFO - [2026-06-21T15:51:54.503-0500] {dagbag.py:545} INFO - Filling up the DagBag from /Users/naga/Desktop/airflow_env/lib/python3.12/site-packages/airflow/example_dags/example_setup_teardown_taskflow.py
[2026-06-21T15:51:54.524-0500] {processor.py:840} INFO - DAG(s) 'example_setup_teardown_taskflow' retrieved from /Users/naga/Desktop/airflow_env/lib/python3.12/site-packages/airflow/example_dags/example_setup_teardown_taskflow.py
[2026-06-21T15:51:54.567-0500] {logging_mixin.py:188} INFO - [2026-06-21T15:51:54.567-0500] {dag.py:3089} INFO - Sync 1 DAGs
[2026-06-21T15:51:54.574-0500] {logging_mixin.py:188} INFO - [2026-06-21T15:51:54.574-0500] {dag.py:3947} INFO - Setting next_dagrun for example_setup_teardown_taskflow to 2026-06-20 00:00:00+00:00, run_after=2026-06-21 00:00:00+00:00
[2026-06-21T15:51:54.582-0500] {processor.py:183} INFO - Processing /Users/naga/Desktop/airflow_env/lib/python3.12/site-packages/airflow/example_dags/example_setup_teardown_taskflow.py took 0.081 seconds
[2026-06-21T15:53:58.486-0500] {processor.py:161} INFO - Started process (PID=57946) to work on /Users/naga/Desktop/airflow_env/lib/python3.12/site-packages/airflow/example_dags/example_setup_teardown_taskflow.py
[2026-06-21T15:53:58.487-0500] {processor.py:830} INFO - Processing file /Users/naga/Desktop/airflow_env/lib/python3.12/site-packages/airflow/example_dags/example_setup_teardown_taskflow.py for tasks to queue
[2026-06-21T15:53:58.487-0500] {logging_mixin.py:188} INFO - [2026-06-21T15:53:58.487-0500] {dagbag.py:545} INFO - Filling up the DagBag from /Users/naga/Desktop/airflow_env/lib/python3.12/site-packages/airflow/example_dags/example_setup_teardown_taskflow.py
[2026-06-21T15:53:58.508-0500] {processor.py:840} INFO - DAG(s) 'example_setup_teardown_taskflow' retrieved from /Users/naga/Desktop/airflow_env/lib/python3.12/site-packages/airflow/example_dags/example_setup_teardown_taskflow.py
[2026-06-21T15:53:58.551-0500] {logging_mixin.py:188} INFO - [2026-06-21T15:53:58.551-0500] {dag.py:3089} INFO - Sync 1 DAGs
[2026-06-21T15:53:58.558-0500] {logging_mixin.py:188} INFO - [2026-06-21T15:53:58.558-0500] {dag.py:3947} INFO - Setting next_dagrun for example_setup_teardown_taskflow to 2026-06-20 00:00:00+00:00, run_after=2026-06-21 00:00:00+00:00
[2026-06-21T15:53:58.567-0500] {processor.py:183} INFO - Processing /Users/naga/Desktop/airflow_env/lib/python3.12/site-packages/airflow/example_dags/example_setup_teardown_taskflow.py took 0.082 seconds
[2026-06-21T15:56:04.052-0500] {processor.py:161} INFO - Started process (PID=58047) to work on /Users/naga/Desktop/airflow_env/lib/python3.12/site-packages/airflow/example_dags/example_setup_teardown_taskflow.py
[2026-06-21T15:56:04.052-0500] {processor.py:830} INFO - Processing file /Users/naga/Desktop/airflow_env/lib/python3.12/site-packages/airflow/example_dags/example_setup_teardown_taskflow.py for tasks to queue
[2026-06-21T15:56:04.052-0500] {logging_mixin.py:188} INFO - [2026-06-21T15:56:04.052-0500] {dagbag.py:545} INFO - Filling up the DagBag from /Users/naga/Desktop/airflow_env/lib/python3.12/site-packages/airflow/example_dags/example_setup_teardown_taskflow.py
[2026-06-21T15:56:04.073-0500] {processor.py:840} INFO - DAG(s) 'example_setup_teardown_taskflow' retrieved from /Users/naga/Desktop/airflow_env/lib/python3.12/site-packages/airflow/example_dags/example_setup_teardown_taskflow.py
[2026-06-21T15:56:04.116-0500] {logging_mixin.py:188} INFO - [2026-06-21T15:56:04.116-0500] {dag.py:3089} INFO - Sync 1 DAGs
[2026-06-21T15:56:04.123-0500] {logging_mixin.py:188} INFO - [2026-06-21T15:56:04.123-0500] {dag.py:3947} INFO - Setting next_dagrun for example_setup_teardown_taskflow to 2026-06-20 00:00:00+00:00, run_after=2026-06-21 00:00:00+00:00
[2026-06-21T15:56:04.131-0500] {processor.py:183} INFO - Processing /Users/naga/Desktop/airflow_env/lib/python3.12/site-packages/airflow/example_dags/example_setup_teardown_taskflow.py took 0.081 seconds
[2026-06-21T15:58:11.386-0500] {processor.py:161} INFO - Started process (PID=58176) to work on /Users/naga/Desktop/airflow_env/lib/python3.12/site-packages/airflow/example_dags/example_setup_teardown_taskflow.py
[2026-06-21T15:58:11.387-0500] {processor.py:830} INFO - Processing file /Users/naga/Desktop/airflow_env/lib/python3.12/site-packages/airflow/example_dags/example_setup_teardown_taskflow.py for tasks to queue
[2026-06-21T15:58:11.387-0500] {logging_mixin.py:188} INFO - [2026-06-21T15:58:11.387-0500] {dagbag.py:545} INFO - Filling up the DagBag from /Users/naga/Desktop/airflow_env/lib/python3.12/site-packages/airflow/example_dags/example_setup_teardown_taskflow.py
[2026-06-21T15:58:11.408-0500] {processor.py:840} INFO - DAG(s) 'example_setup_teardown_taskflow' retrieved from /Users/naga/Desktop/airflow_env/lib/python3.12/site-packages/airflow/example_dags/example_setup_teardown_taskflow.py
[2026-06-21T15:58:11.452-0500] {logging_mixin.py:188} INFO - [2026-06-21T15:58:11.451-0500] {dag.py:3089} INFO - Sync 1 DAGs
[2026-06-21T15:58:11.459-0500] {logging_mixin.py:188} INFO - [2026-06-21T15:58:11.459-0500] {dag.py:3947} INFO - Setting next_dagrun for example_setup_teardown_taskflow to 2026-06-20 00:00:00+00:00, run_after=2026-06-21 00:00:00+00:00
[2026-06-21T15:58:11.467-0500] {processor.py:183} INFO - Processing /Users/naga/Desktop/airflow_env/lib/python3.12/site-packages/airflow/example_dags/example_setup_teardown_taskflow.py took 0.082 seconds
[2026-06-21T16:00:18.746-0500] {processor.py:161} INFO - Started process (PID=58293) to work on /Users/naga/Desktop/airflow_env/lib/python3.12/site-packages/airflow/example_dags/example_setup_teardown_taskflow.py
[2026-06-21T16:00:18.747-0500] {processor.py:830} INFO - Processing file /Users/naga/Desktop/airflow_env/lib/python3.12/site-packages/airflow/example_dags/example_setup_teardown_taskflow.py for tasks to queue
[2026-06-21T16:00:18.747-0500] {logging_mixin.py:188} INFO - [2026-06-21T16:00:18.747-0500] {dagbag.py:545} INFO - Filling up the DagBag from /Users/naga/Desktop/airflow_env/lib/python3.12/site-packages/airflow/example_dags/example_setup_teardown_taskflow.py
[2026-06-21T16:00:18.767-0500] {processor.py:840} INFO - DAG(s) 'example_setup_teardown_taskflow' retrieved from /Users/naga/Desktop/airflow_env/lib/python3.12/site-packages/airflow/example_dags/example_setup_teardown_taskflow.py
[2026-06-21T16:00:18.811-0500] {logging_mixin.py:188} INFO - [2026-06-21T16:00:18.811-0500] {dag.py:3089} INFO - Sync 1 DAGs
[2026-06-21T16:00:18.819-0500] {logging_mixin.py:188} INFO - [2026-06-21T16:00:18.818-0500] {dag.py:3947} INFO - Setting next_dagrun for example_setup_teardown_taskflow to 2026-06-20 00:00:00+00:00, run_after=2026-06-21 00:00:00+00:00
[2026-06-21T16:00:18.827-0500] {processor.py:183} INFO - Processing /Users/naga/Desktop/airflow_env/lib/python3.12/site-packages/airflow/example_dags/example_setup_teardown_taskflow.py took 0.082 seconds
[2026-06-21T16:02:25.039-0500] {processor.py:161} INFO - Started process (PID=58421) to work on /Users/naga/Desktop/airflow_env/lib/python3.12/site-packages/airflow/example_dags/example_setup_teardown_taskflow.py
[2026-06-21T16:02:25.040-0500] {processor.py:830} INFO - Processing file /Users/naga/Desktop/airflow_env/lib/python3.12/site-packages/airflow/example_dags/example_setup_teardown_taskflow.py for tasks to queue
[2026-06-21T16:02:25.040-0500] {logging_mixin.py:188} INFO - [2026-06-21T16:02:25.040-0500] {dagbag.py:545} INFO - Filling up the DagBag from /Users/naga/Desktop/airflow_env/lib/python3.12/site-packages/airflow/example_dags/example_setup_teardown_taskflow.py
[2026-06-21T16:02:25.062-0500] {processor.py:840} INFO - DAG(s) 'example_setup_teardown_taskflow' retrieved from /Users/naga/Desktop/airflow_env/lib/python3.12/site-packages/airflow/example_dags/example_setup_teardown_taskflow.py
[2026-06-21T16:02:25.105-0500] {logging_mixin.py:188} INFO - [2026-06-21T16:02:25.105-0500] {dag.py:3089} INFO - Sync 1 DAGs
[2026-06-21T16:02:25.112-0500] {logging_mixin.py:188} INFO - [2026-06-21T16:02:25.112-0500] {dag.py:3947} INFO - Setting next_dagrun for example_setup_teardown_taskflow to 2026-06-20 00:00:00+00:00, run_after=2026-06-21 00:00:00+00:00
[2026-06-21T16:02:25.121-0500] {processor.py:183} INFO - Processing /Users/naga/Desktop/airflow_env/lib/python3.12/site-packages/airflow/example_dags/example_setup_teardown_taskflow.py took 0.083 seconds
[2026-06-21T16:04:33.136-0500] {processor.py:161} INFO - Started process (PID=58557) to work on /Users/naga/Desktop/airflow_env/lib/python3.12/site-packages/airflow/example_dags/example_setup_teardown_taskflow.py
[2026-06-21T16:04:33.137-0500] {processor.py:830} INFO - Processing file /Users/naga/Desktop/airflow_env/lib/python3.12/site-packages/airflow/example_dags/example_setup_teardown_taskflow.py for tasks to queue
[2026-06-21T16:04:33.138-0500] {logging_mixin.py:188} INFO - [2026-06-21T16:04:33.138-0500] {dagbag.py:545} INFO - Filling up the DagBag from /Users/naga/Desktop/airflow_env/lib/python3.12/site-packages/airflow/example_dags/example_setup_teardown_taskflow.py
[2026-06-21T16:04:33.158-0500] {processor.py:840} INFO - DAG(s) 'example_setup_teardown_taskflow' retrieved from /Users/naga/Desktop/airflow_env/lib/python3.12/site-packages/airflow/example_dags/example_setup_teardown_taskflow.py
[2026-06-21T16:04:33.202-0500] {logging_mixin.py:188} INFO - [2026-06-21T16:04:33.202-0500] {dag.py:3089} INFO - Sync 1 DAGs
[2026-06-21T16:04:33.209-0500] {logging_mixin.py:188} INFO - [2026-06-21T16:04:33.209-0500] {dag.py:3947} INFO - Setting next_dagrun for example_setup_teardown_taskflow to 2026-06-20 00:00:00+00:00, run_after=2026-06-21 00:00:00+00:00
[2026-06-21T16:04:33.217-0500] {processor.py:183} INFO - Processing /Users/naga/Desktop/airflow_env/lib/python3.12/site-packages/airflow/example_dags/example_setup_teardown_taskflow.py took 0.082 seconds
[2026-06-21T16:06:40.562-0500] {processor.py:161} INFO - Started process (PID=58670) to work on /Users/naga/Desktop/airflow_env/lib/python3.12/site-packages/airflow/example_dags/example_setup_teardown_taskflow.py
[2026-06-21T16:06:40.563-0500] {processor.py:830} INFO - Processing file /Users/naga/Desktop/airflow_env/lib/python3.12/site-packages/airflow/example_dags/example_setup_teardown_taskflow.py for tasks to queue
[2026-06-21T16:06:40.563-0500] {logging_mixin.py:188} INFO - [2026-06-21T16:06:40.563-0500] {dagbag.py:545} INFO - Filling up the DagBag from /Users/naga/Desktop/airflow_env/lib/python3.12/site-packages/airflow/example_dags/example_setup_teardown_taskflow.py
[2026-06-21T16:06:40.584-0500] {processor.py:840} INFO - DAG(s) 'example_setup_teardown_taskflow' retrieved from /Users/naga/Desktop/airflow_env/lib/python3.12/site-packages/airflow/example_dags/example_setup_teardown_taskflow.py
[2026-06-21T16:06:40.628-0500] {logging_mixin.py:188} INFO - [2026-06-21T16:06:40.627-0500] {dag.py:3089} INFO - Sync 1 DAGs
[2026-06-21T16:06:40.635-0500] {logging_mixin.py:188} INFO - [2026-06-21T16:06:40.635-0500] {dag.py:3947} INFO - Setting next_dagrun for example_setup_teardown_taskflow to 2026-06-20 00:00:00+00:00, run_after=2026-06-21 00:00:00+00:00
[2026-06-21T16:06:40.643-0500] {processor.py:183} INFO - Processing /Users/naga/Desktop/airflow_env/lib/python3.12/site-packages/airflow/example_dags/example_setup_teardown_taskflow.py took 0.083 seconds
[2026-06-21T16:08:58.510-0500] {processor.py:161} INFO - Started process (PID=58809) to work on /Users/naga/Desktop/airflow_env/lib/python3.12/site-packages/airflow/example_dags/example_setup_teardown_taskflow.py
[2026-06-21T16:08:58.510-0500] {processor.py:830} INFO - Processing file /Users/naga/Desktop/airflow_env/lib/python3.12/site-packages/airflow/example_dags/example_setup_teardown_taskflow.py for tasks to queue
[2026-06-21T16:08:58.511-0500] {logging_mixin.py:188} INFO - [2026-06-21T16:08:58.511-0500] {dagbag.py:545} INFO - Filling up the DagBag from /Users/naga/Desktop/airflow_env/lib/python3.12/site-packages/airflow/example_dags/example_setup_teardown_taskflow.py
[2026-06-21T16:08:58.533-0500] {processor.py:840} INFO - DAG(s) 'example_setup_teardown_taskflow' retrieved from /Users/naga/Desktop/airflow_env/lib/python3.12/site-packages/airflow/example_dags/example_setup_teardown_taskflow.py
[2026-06-21T16:08:58.581-0500] {logging_mixin.py:188} INFO - [2026-06-21T16:08:58.581-0500] {dag.py:3089} INFO - Sync 1 DAGs
[2026-06-21T16:08:58.589-0500] {logging_mixin.py:188} INFO - [2026-06-21T16:08:58.589-0500] {dag.py:3947} INFO - Setting next_dagrun for example_setup_teardown_taskflow to 2026-06-20 00:00:00+00:00, run_after=2026-06-21 00:00:00+00:00
[2026-06-21T16:08:58.598-0500] {processor.py:183} INFO - Processing /Users/naga/Desktop/airflow_env/lib/python3.12/site-packages/airflow/example_dags/example_setup_teardown_taskflow.py took 0.090 seconds
[2026-06-21T16:11:07.084-0500] {processor.py:161} INFO - Started process (PID=58952) to work on /Users/naga/Desktop/airflow_env/lib/python3.12/site-packages/airflow/example_dags/example_setup_teardown_taskflow.py
[2026-06-21T16:11:07.085-0500] {processor.py:830} INFO - Processing file /Users/naga/Desktop/airflow_env/lib/python3.12/site-packages/airflow/example_dags/example_setup_teardown_taskflow.py for tasks to queue
[2026-06-21T16:11:07.085-0500] {logging_mixin.py:188} INFO - [2026-06-21T16:11:07.085-0500] {dagbag.py:545} INFO - Filling up the DagBag from /Users/naga/Desktop/airflow_env/lib/python3.12/site-packages/airflow/example_dags/example_setup_teardown_taskflow.py
[2026-06-21T16:11:07.110-0500] {processor.py:840} INFO - DAG(s) 'example_setup_teardown_taskflow' retrieved from /Users/naga/Desktop/airflow_env/lib/python3.12/site-packages/airflow/example_dags/example_setup_teardown_taskflow.py
[2026-06-21T16:11:07.162-0500] {logging_mixin.py:188} INFO - [2026-06-21T16:11:07.162-0500] {dag.py:3089} INFO - Sync 1 DAGs
[2026-06-21T16:11:07.171-0500] {logging_mixin.py:188} INFO - [2026-06-21T16:11:07.171-0500] {dag.py:3947} INFO - Setting next_dagrun for example_setup_teardown_taskflow to 2026-06-20 00:00:00+00:00, run_after=2026-06-21 00:00:00+00:00
[2026-06-21T16:11:07.180-0500] {processor.py:183} INFO - Processing /Users/naga/Desktop/airflow_env/lib/python3.12/site-packages/airflow/example_dags/example_setup_teardown_taskflow.py took 0.097 seconds
[2026-06-21T16:13:21.683-0500] {processor.py:161} INFO - Started process (PID=59073) to work on /Users/naga/Desktop/airflow_env/lib/python3.12/site-packages/airflow/example_dags/example_setup_teardown_taskflow.py
[2026-06-21T16:13:21.684-0500] {processor.py:830} INFO - Processing file /Users/naga/Desktop/airflow_env/lib/python3.12/site-packages/airflow/example_dags/example_setup_teardown_taskflow.py for tasks to queue
[2026-06-21T16:13:21.684-0500] {logging_mixin.py:188} INFO - [2026-06-21T16:13:21.684-0500] {dagbag.py:545} INFO - Filling up the DagBag from /Users/naga/Desktop/airflow_env/lib/python3.12/site-packages/airflow/example_dags/example_setup_teardown_taskflow.py
[2026-06-21T16:13:21.706-0500] {processor.py:840} INFO - DAG(s) 'example_setup_teardown_taskflow' retrieved from /Users/naga/Desktop/airflow_env/lib/python3.12/site-packages/airflow/example_dags/example_setup_teardown_taskflow.py
[2026-06-21T16:13:21.753-0500] {logging_mixin.py:188} INFO - [2026-06-21T16:13:21.753-0500] {dag.py:3089} INFO - Sync 1 DAGs
[2026-06-21T16:13:21.761-0500] {logging_mixin.py:188} INFO - [2026-06-21T16:13:21.761-0500] {dag.py:3947} INFO - Setting next_dagrun for example_setup_teardown_taskflow to 2026-06-20 00:00:00+00:00, run_after=2026-06-21 00:00:00+00:00
[2026-06-21T16:13:21.772-0500] {processor.py:183} INFO - Processing /Users/naga/Desktop/airflow_env/lib/python3.12/site-packages/airflow/example_dags/example_setup_teardown_taskflow.py took 0.090 seconds
[2026-06-21T16:15:32.159-0500] {processor.py:161} INFO - Started process (PID=59208) to work on /Users/naga/Desktop/airflow_env/lib/python3.12/site-packages/airflow/example_dags/example_setup_teardown_taskflow.py
[2026-06-21T16:15:32.160-0500] {processor.py:830} INFO - Processing file /Users/naga/Desktop/airflow_env/lib/python3.12/site-packages/airflow/example_dags/example_setup_teardown_taskflow.py for tasks to queue
[2026-06-21T16:15:32.161-0500] {logging_mixin.py:188} INFO - [2026-06-21T16:15:32.160-0500] {dagbag.py:545} INFO - Filling up the DagBag from /Users/naga/Desktop/airflow_env/lib/python3.12/site-packages/airflow/example_dags/example_setup_teardown_taskflow.py
[2026-06-21T16:15:32.182-0500] {processor.py:840} INFO - DAG(s) 'example_setup_teardown_taskflow' retrieved from /Users/naga/Desktop/airflow_env/lib/python3.12/site-packages/airflow/example_dags/example_setup_teardown_taskflow.py
[2026-06-21T16:15:32.229-0500] {logging_mixin.py:188} INFO - [2026-06-21T16:15:32.229-0500] {dag.py:3089} INFO - Sync 1 DAGs
[2026-06-21T16:15:32.237-0500] {logging_mixin.py:188} INFO - [2026-06-21T16:15:32.236-0500] {dag.py:3947} INFO - Setting next_dagrun for example_setup_teardown_taskflow to 2026-06-20 00:00:00+00:00, run_after=2026-06-21 00:00:00+00:00
[2026-06-21T16:15:32.245-0500] {processor.py:183} INFO - Processing /Users/naga/Desktop/airflow_env/lib/python3.12/site-packages/airflow/example_dags/example_setup_teardown_taskflow.py took 0.087 seconds
[2026-06-21T16:17:43.222-0500] {processor.py:161} INFO - Started process (PID=59329) to work on /Users/naga/Desktop/airflow_env/lib/python3.12/site-packages/airflow/example_dags/example_setup_teardown_taskflow.py
[2026-06-21T16:17:43.226-0500] {processor.py:830} INFO - Processing file /Users/naga/Desktop/airflow_env/lib/python3.12/site-packages/airflow/example_dags/example_setup_teardown_taskflow.py for tasks to queue
[2026-06-21T16:17:43.227-0500] {logging_mixin.py:188} INFO - [2026-06-21T16:17:43.227-0500] {dagbag.py:545} INFO - Filling up the DagBag from /Users/naga/Desktop/airflow_env/lib/python3.12/site-packages/airflow/example_dags/example_setup_teardown_taskflow.py
[2026-06-21T16:17:43.249-0500] {processor.py:840} INFO - DAG(s) 'example_setup_teardown_taskflow' retrieved from /Users/naga/Desktop/airflow_env/lib/python3.12/site-packages/airflow/example_dags/example_setup_teardown_taskflow.py
[2026-06-21T16:17:43.293-0500] {logging_mixin.py:188} INFO - [2026-06-21T16:17:43.293-0500] {dag.py:3089} INFO - Sync 1 DAGs
[2026-06-21T16:17:43.301-0500] {logging_mixin.py:188} INFO - [2026-06-21T16:17:43.301-0500] {dag.py:3947} INFO - Setting next_dagrun for example_setup_teardown_taskflow to 2026-06-20 00:00:00+00:00, run_after=2026-06-21 00:00:00+00:00
[2026-06-21T16:17:43.309-0500] {processor.py:183} INFO - Processing /Users/naga/Desktop/airflow_env/lib/python3.12/site-packages/airflow/example_dags/example_setup_teardown_taskflow.py took 0.088 seconds
[2026-06-21T16:19:55.054-0500] {processor.py:161} INFO - Started process (PID=59455) to work on /Users/naga/Desktop/airflow_env/lib/python3.12/site-packages/airflow/example_dags/example_setup_teardown_taskflow.py
[2026-06-21T16:19:55.055-0500] {processor.py:830} INFO - Processing file /Users/naga/Desktop/airflow_env/lib/python3.12/site-packages/airflow/example_dags/example_setup_teardown_taskflow.py for tasks to queue
[2026-06-21T16:19:55.055-0500] {logging_mixin.py:188} INFO - [2026-06-21T16:19:55.055-0500] {dagbag.py:545} INFO - Filling up the DagBag from /Users/naga/Desktop/airflow_env/lib/python3.12/site-packages/airflow/example_dags/example_setup_teardown_taskflow.py
[2026-06-21T16:19:55.077-0500] {processor.py:840} INFO - DAG(s) 'example_setup_teardown_taskflow' retrieved from /Users/naga/Desktop/airflow_env/lib/python3.12/site-packages/airflow/example_dags/example_setup_teardown_taskflow.py
[2026-06-21T16:19:55.123-0500] {logging_mixin.py:188} INFO - [2026-06-21T16:19:55.123-0500] {dag.py:3089} INFO - Sync 1 DAGs
[2026-06-21T16:19:55.130-0500] {logging_mixin.py:188} INFO - [2026-06-21T16:19:55.130-0500] {dag.py:3947} INFO - Setting next_dagrun for example_setup_teardown_taskflow to 2026-06-20 00:00:00+00:00, run_after=2026-06-21 00:00:00+00:00
[2026-06-21T16:19:55.139-0500] {processor.py:183} INFO - Processing /Users/naga/Desktop/airflow_env/lib/python3.12/site-packages/airflow/example_dags/example_setup_teardown_taskflow.py took 0.087 seconds
[2026-06-21T16:22:04.430-0500] {processor.py:161} INFO - Started process (PID=59603) to work on /Users/naga/Desktop/airflow_env/lib/python3.12/site-packages/airflow/example_dags/example_setup_teardown_taskflow.py
[2026-06-21T16:22:04.431-0500] {processor.py:830} INFO - Processing file /Users/naga/Desktop/airflow_env/lib/python3.12/site-packages/airflow/example_dags/example_setup_teardown_taskflow.py for tasks to queue
[2026-06-21T16:22:04.432-0500] {logging_mixin.py:188} INFO - [2026-06-21T16:22:04.431-0500] {dagbag.py:545} INFO - Filling up the DagBag from /Users/naga/Desktop/airflow_env/lib/python3.12/site-packages/airflow/example_dags/example_setup_teardown_taskflow.py
[2026-06-21T16:22:04.454-0500] {processor.py:840} INFO - DAG(s) 'example_setup_teardown_taskflow' retrieved from /Users/naga/Desktop/airflow_env/lib/python3.12/site-packages/airflow/example_dags/example_setup_teardown_taskflow.py
[2026-06-21T16:22:04.501-0500] {logging_mixin.py:188} INFO - [2026-06-21T16:22:04.500-0500] {dag.py:3089} INFO - Sync 1 DAGs
[2026-06-21T16:22:04.508-0500] {logging_mixin.py:188} INFO - [2026-06-21T16:22:04.508-0500] {dag.py:3947} INFO - Setting next_dagrun for example_setup_teardown_taskflow to 2026-06-20 00:00:00+00:00, run_after=2026-06-21 00:00:00+00:00
[2026-06-21T16:22:04.518-0500] {processor.py:183} INFO - Processing /Users/naga/Desktop/airflow_env/lib/python3.12/site-packages/airflow/example_dags/example_setup_teardown_taskflow.py took 0.090 seconds
[2026-06-21T16:24:12.727-0500] {processor.py:161} INFO - Started process (PID=59728) to work on /Users/naga/Desktop/airflow_env/lib/python3.12/site-packages/airflow/example_dags/example_setup_teardown_taskflow.py
[2026-06-21T16:24:12.728-0500] {processor.py:830} INFO - Processing file /Users/naga/Desktop/airflow_env/lib/python3.12/site-packages/airflow/example_dags/example_setup_teardown_taskflow.py for tasks to queue
[2026-06-21T16:24:12.728-0500] {logging_mixin.py:188} INFO - [2026-06-21T16:24:12.728-0500] {dagbag.py:545} INFO - Filling up the DagBag from /Users/naga/Desktop/airflow_env/lib/python3.12/site-packages/airflow/example_dags/example_setup_teardown_taskflow.py
[2026-06-21T16:24:12.749-0500] {processor.py:840} INFO - DAG(s) 'example_setup_teardown_taskflow' retrieved from /Users/naga/Desktop/airflow_env/lib/python3.12/site-packages/airflow/example_dags/example_setup_teardown_taskflow.py
[2026-06-21T16:24:12.795-0500] {logging_mixin.py:188} INFO - [2026-06-21T16:24:12.794-0500] {dag.py:3089} INFO - Sync 1 DAGs
[2026-06-21T16:24:12.802-0500] {logging_mixin.py:188} INFO - [2026-06-21T16:24:12.802-0500] {dag.py:3947} INFO - Setting next_dagrun for example_setup_teardown_taskflow to 2026-06-20 00:00:00+00:00, run_after=2026-06-21 00:00:00+00:00
[2026-06-21T16:24:12.810-0500] {processor.py:183} INFO - Processing /Users/naga/Desktop/airflow_env/lib/python3.12/site-packages/airflow/example_dags/example_setup_teardown_taskflow.py took 0.084 seconds
[2026-06-21T16:26:30.034-0500] {processor.py:161} INFO - Started process (PID=59874) to work on /Users/naga/Desktop/airflow_env/lib/python3.12/site-packages/airflow/example_dags/example_setup_teardown_taskflow.py
[2026-06-21T16:26:30.035-0500] {processor.py:830} INFO - Processing file /Users/naga/Desktop/airflow_env/lib/python3.12/site-packages/airflow/example_dags/example_setup_teardown_taskflow.py for tasks to queue
[2026-06-21T16:26:30.035-0500] {logging_mixin.py:188} INFO - [2026-06-21T16:26:30.035-0500] {dagbag.py:545} INFO - Filling up the DagBag from /Users/naga/Desktop/airflow_env/lib/python3.12/site-packages/airflow/example_dags/example_setup_teardown_taskflow.py
[2026-06-21T16:26:30.060-0500] {processor.py:840} INFO - DAG(s) 'example_setup_teardown_taskflow' retrieved from /Users/naga/Desktop/airflow_env/lib/python3.12/site-packages/airflow/example_dags/example_setup_teardown_taskflow.py
[2026-06-21T16:26:30.113-0500] {logging_mixin.py:188} INFO - [2026-06-21T16:26:30.113-0500] {dag.py:3089} INFO - Sync 1 DAGs
[2026-06-21T16:26:30.122-0500] {logging_mixin.py:188} INFO - [2026-06-21T16:26:30.122-0500] {dag.py:3947} INFO - Setting next_dagrun for example_setup_teardown_taskflow to 2026-06-20 00:00:00+00:00, run_after=2026-06-21 00:00:00+00:00
[2026-06-21T16:26:30.131-0500] {processor.py:183} INFO - Processing /Users/naga/Desktop/airflow_env/lib/python3.12/site-packages/airflow/example_dags/example_setup_teardown_taskflow.py took 0.098 seconds
[2026-06-21T16:28:41.563-0500] {processor.py:161} INFO - Started process (PID=60010) to work on /Users/naga/Desktop/airflow_env/lib/python3.12/site-packages/airflow/example_dags/example_setup_teardown_taskflow.py
[2026-06-21T16:28:41.564-0500] {processor.py:830} INFO - Processing file /Users/naga/Desktop/airflow_env/lib/python3.12/site-packages/airflow/example_dags/example_setup_teardown_taskflow.py for tasks to queue
[2026-06-21T16:28:41.565-0500] {logging_mixin.py:188} INFO - [2026-06-21T16:28:41.565-0500] {dagbag.py:545} INFO - Filling up the DagBag from /Users/naga/Desktop/airflow_env/lib/python3.12/site-packages/airflow/example_dags/example_setup_teardown_taskflow.py
[2026-06-21T16:28:41.586-0500] {processor.py:840} INFO - DAG(s) 'example_setup_teardown_taskflow' retrieved from /Users/naga/Desktop/airflow_env/lib/python3.12/site-packages/airflow/example_dags/example_setup_teardown_taskflow.py
[2026-06-21T16:28:41.632-0500] {logging_mixin.py:188} INFO - [2026-06-21T16:28:41.631-0500] {dag.py:3089} INFO - Sync 1 DAGs
[2026-06-21T16:28:41.639-0500] {logging_mixin.py:188} INFO - [2026-06-21T16:28:41.639-0500] {dag.py:3947} INFO - Setting next_dagrun for example_setup_teardown_taskflow to 2026-06-20 00:00:00+00:00, run_after=2026-06-21 00:00:00+00:00
[2026-06-21T16:28:41.647-0500] {processor.py:183} INFO - Processing /Users/naga/Desktop/airflow_env/lib/python3.12/site-packages/airflow/example_dags/example_setup_teardown_taskflow.py took 0.085 seconds
[2026-06-21T16:30:49.277-0500] {processor.py:161} INFO - Started process (PID=60138) to work on /Users/naga/Desktop/airflow_env/lib/python3.12/site-packages/airflow/example_dags/example_setup_teardown_taskflow.py
[2026-06-21T16:30:49.278-0500] {processor.py:830} INFO - Processing file /Users/naga/Desktop/airflow_env/lib/python3.12/site-packages/airflow/example_dags/example_setup_teardown_taskflow.py for tasks to queue
[2026-06-21T16:30:49.278-0500] {logging_mixin.py:188} INFO - [2026-06-21T16:30:49.278-0500] {dagbag.py:545} INFO - Filling up the DagBag from /Users/naga/Desktop/airflow_env/lib/python3.12/site-packages/airflow/example_dags/example_setup_teardown_taskflow.py
[2026-06-21T16:30:49.299-0500] {processor.py:840} INFO - DAG(s) 'example_setup_teardown_taskflow' retrieved from /Users/naga/Desktop/airflow_env/lib/python3.12/site-packages/airflow/example_dags/example_setup_teardown_taskflow.py
[2026-06-21T16:30:49.342-0500] {logging_mixin.py:188} INFO - [2026-06-21T16:30:49.342-0500] {dag.py:3089} INFO - Sync 1 DAGs
[2026-06-21T16:30:49.349-0500] {logging_mixin.py:188} INFO - [2026-06-21T16:30:49.349-0500] {dag.py:3947} INFO - Setting next_dagrun for example_setup_teardown_taskflow to 2026-06-20 00:00:00+00:00, run_after=2026-06-21 00:00:00+00:00
[2026-06-21T16:30:49.357-0500] {processor.py:183} INFO - Processing /Users/naga/Desktop/airflow_env/lib/python3.12/site-packages/airflow/example_dags/example_setup_teardown_taskflow.py took 0.081 seconds
[2026-06-21T16:32:53.561-0500] {processor.py:161} INFO - Started process (PID=60293) to work on /Users/naga/Desktop/airflow_env/lib/python3.12/site-packages/airflow/example_dags/example_setup_teardown_taskflow.py
[2026-06-21T16:32:53.562-0500] {processor.py:830} INFO - Processing file /Users/naga/Desktop/airflow_env/lib/python3.12/site-packages/airflow/example_dags/example_setup_teardown_taskflow.py for tasks to queue
[2026-06-21T16:32:53.562-0500] {logging_mixin.py:188} INFO - [2026-06-21T16:32:53.562-0500] {dagbag.py:545} INFO - Filling up the DagBag from /Users/naga/Desktop/airflow_env/lib/python3.12/site-packages/airflow/example_dags/example_setup_teardown_taskflow.py
[2026-06-21T16:32:53.583-0500] {processor.py:840} INFO - DAG(s) 'example_setup_teardown_taskflow' retrieved from /Users/naga/Desktop/airflow_env/lib/python3.12/site-packages/airflow/example_dags/example_setup_teardown_taskflow.py
[2026-06-21T16:32:53.626-0500] {logging_mixin.py:188} INFO - [2026-06-21T16:32:53.626-0500] {dag.py:3089} INFO - Sync 1 DAGs
[2026-06-21T16:32:53.633-0500] {logging_mixin.py:188} INFO - [2026-06-21T16:32:53.633-0500] {dag.py:3947} INFO - Setting next_dagrun for example_setup_teardown_taskflow to 2026-06-20 00:00:00+00:00, run_after=2026-06-21 00:00:00+00:00
[2026-06-21T16:32:53.641-0500] {processor.py:183} INFO - Processing /Users/naga/Desktop/airflow_env/lib/python3.12/site-packages/airflow/example_dags/example_setup_teardown_taskflow.py took 0.082 seconds
[2026-06-21T16:34:58.876-0500] {processor.py:161} INFO - Started process (PID=60410) to work on /Users/naga/Desktop/airflow_env/lib/python3.12/site-packages/airflow/example_dags/example_setup_teardown_taskflow.py
[2026-06-21T16:34:58.877-0500] {processor.py:830} INFO - Processing file /Users/naga/Desktop/airflow_env/lib/python3.12/site-packages/airflow/example_dags/example_setup_teardown_taskflow.py for tasks to queue
[2026-06-21T16:34:58.877-0500] {logging_mixin.py:188} INFO - [2026-06-21T16:34:58.877-0500] {dagbag.py:545} INFO - Filling up the DagBag from /Users/naga/Desktop/airflow_env/lib/python3.12/site-packages/airflow/example_dags/example_setup_teardown_taskflow.py
[2026-06-21T16:34:58.898-0500] {processor.py:840} INFO - DAG(s) 'example_setup_teardown_taskflow' retrieved from /Users/naga/Desktop/airflow_env/lib/python3.12/site-packages/airflow/example_dags/example_setup_teardown_taskflow.py
[2026-06-21T16:34:58.941-0500] {logging_mixin.py:188} INFO - [2026-06-21T16:34:58.940-0500] {dag.py:3089} INFO - Sync 1 DAGs
[2026-06-21T16:34:58.948-0500] {logging_mixin.py:188} INFO - [2026-06-21T16:34:58.948-0500] {dag.py:3947} INFO - Setting next_dagrun for example_setup_teardown_taskflow to 2026-06-20 00:00:00+00:00, run_after=2026-06-21 00:00:00+00:00
[2026-06-21T16:34:58.955-0500] {processor.py:183} INFO - Processing /Users/naga/Desktop/airflow_env/lib/python3.12/site-packages/airflow/example_dags/example_setup_teardown_taskflow.py took 0.080 seconds
[2026-06-21T16:37:01.991-0500] {processor.py:161} INFO - Started process (PID=60549) to work on /Users/naga/Desktop/airflow_env/lib/python3.12/site-packages/airflow/example_dags/example_setup_teardown_taskflow.py
[2026-06-21T16:37:01.992-0500] {processor.py:830} INFO - Processing file /Users/naga/Desktop/airflow_env/lib/python3.12/site-packages/airflow/example_dags/example_setup_teardown_taskflow.py for tasks to queue
[2026-06-21T16:37:01.993-0500] {logging_mixin.py:188} INFO - [2026-06-21T16:37:01.993-0500] {dagbag.py:545} INFO - Filling up the DagBag from /Users/naga/Desktop/airflow_env/lib/python3.12/site-packages/airflow/example_dags/example_setup_teardown_taskflow.py
[2026-06-21T16:37:02.013-0500] {processor.py:840} INFO - DAG(s) 'example_setup_teardown_taskflow' retrieved from /Users/naga/Desktop/airflow_env/lib/python3.12/site-packages/airflow/example_dags/example_setup_teardown_taskflow.py
[2026-06-21T16:37:02.057-0500] {logging_mixin.py:188} INFO - [2026-06-21T16:37:02.057-0500] {dag.py:3089} INFO - Sync 1 DAGs
[2026-06-21T16:37:02.064-0500] {logging_mixin.py:188} INFO - [2026-06-21T16:37:02.064-0500] {dag.py:3947} INFO - Setting next_dagrun for example_setup_teardown_taskflow to 2026-06-20 00:00:00+00:00, run_after=2026-06-21 00:00:00+00:00
[2026-06-21T16:37:02.072-0500] {processor.py:183} INFO - Processing /Users/naga/Desktop/airflow_env/lib/python3.12/site-packages/airflow/example_dags/example_setup_teardown_taskflow.py took 0.082 seconds
[2026-06-21T16:39:07.386-0500] {processor.py:161} INFO - Started process (PID=60661) to work on /Users/naga/Desktop/airflow_env/lib/python3.12/site-packages/airflow/example_dags/example_setup_teardown_taskflow.py
[2026-06-21T16:39:07.386-0500] {processor.py:830} INFO - Processing file /Users/naga/Desktop/airflow_env/lib/python3.12/site-packages/airflow/example_dags/example_setup_teardown_taskflow.py for tasks to queue
[2026-06-21T16:39:07.387-0500] {logging_mixin.py:188} INFO - [2026-06-21T16:39:07.387-0500] {dagbag.py:545} INFO - Filling up the DagBag from /Users/naga/Desktop/airflow_env/lib/python3.12/site-packages/airflow/example_dags/example_setup_teardown_taskflow.py
[2026-06-21T16:39:07.410-0500] {processor.py:840} INFO - DAG(s) 'example_setup_teardown_taskflow' retrieved from /Users/naga/Desktop/airflow_env/lib/python3.12/site-packages/airflow/example_dags/example_setup_teardown_taskflow.py
[2026-06-21T16:39:07.460-0500] {logging_mixin.py:188} INFO - [2026-06-21T16:39:07.460-0500] {dag.py:3089} INFO - Sync 1 DAGs
[2026-06-21T16:39:07.469-0500] {logging_mixin.py:188} INFO - [2026-06-21T16:39:07.469-0500] {dag.py:3947} INFO - Setting next_dagrun for example_setup_teardown_taskflow to 2026-06-20 00:00:00+00:00, run_after=2026-06-21 00:00:00+00:00
[2026-06-21T16:39:07.479-0500] {processor.py:183} INFO - Processing /Users/naga/Desktop/airflow_env/lib/python3.12/site-packages/airflow/example_dags/example_setup_teardown_taskflow.py took 0.094 seconds
[2026-06-21T16:42:48.893-0500] {processor.py:161} INFO - Started process (PID=60839) to work on /Users/naga/Desktop/airflow_env/lib/python3.12/site-packages/airflow/example_dags/example_setup_teardown_taskflow.py
[2026-06-21T16:42:48.895-0500] {processor.py:830} INFO - Processing file /Users/naga/Desktop/airflow_env/lib/python3.12/site-packages/airflow/example_dags/example_setup_teardown_taskflow.py for tasks to queue
[2026-06-21T16:42:48.895-0500] {logging_mixin.py:188} INFO - [2026-06-21T16:42:48.895-0500] {dagbag.py:545} INFO - Filling up the DagBag from /Users/naga/Desktop/airflow_env/lib/python3.12/site-packages/airflow/example_dags/example_setup_teardown_taskflow.py
[2026-06-21T16:42:48.932-0500] {processor.py:840} INFO - DAG(s) 'example_setup_teardown_taskflow' retrieved from /Users/naga/Desktop/airflow_env/lib/python3.12/site-packages/airflow/example_dags/example_setup_teardown_taskflow.py
[2026-06-21T16:42:49.009-0500] {logging_mixin.py:188} INFO - [2026-06-21T16:42:49.009-0500] {dag.py:3089} INFO - Sync 1 DAGs
[2026-06-21T16:42:49.030-0500] {logging_mixin.py:188} INFO - [2026-06-21T16:42:49.029-0500] {dag.py:3947} INFO - Setting next_dagrun for example_setup_teardown_taskflow to 2026-06-20 00:00:00+00:00, run_after=2026-06-21 00:00:00+00:00
[2026-06-21T16:42:49.044-0500] {processor.py:183} INFO - Processing /Users/naga/Desktop/airflow_env/lib/python3.12/site-packages/airflow/example_dags/example_setup_teardown_taskflow.py took 0.153 seconds
[2026-06-21T16:44:44.853-0500] {processor.py:161} INFO - Started process (PID=60939) to work on /Users/naga/Desktop/airflow_env/lib/python3.12/site-packages/airflow/example_dags/example_setup_teardown_taskflow.py
[2026-06-21T16:44:44.855-0500] {processor.py:830} INFO - Processing file /Users/naga/Desktop/airflow_env/lib/python3.12/site-packages/airflow/example_dags/example_setup_teardown_taskflow.py for tasks to queue
[2026-06-21T16:44:44.855-0500] {logging_mixin.py:188} INFO - [2026-06-21T16:44:44.855-0500] {dagbag.py:545} INFO - Filling up the DagBag from /Users/naga/Desktop/airflow_env/lib/python3.12/site-packages/airflow/example_dags/example_setup_teardown_taskflow.py
[2026-06-21T16:44:44.891-0500] {processor.py:840} INFO - DAG(s) 'example_setup_teardown_taskflow' retrieved from /Users/naga/Desktop/airflow_env/lib/python3.12/site-packages/airflow/example_dags/example_setup_teardown_taskflow.py
[2026-06-21T16:44:44.969-0500] {logging_mixin.py:188} INFO - [2026-06-21T16:44:44.968-0500] {dag.py:3089} INFO - Sync 1 DAGs
[2026-06-21T16:44:44.981-0500] {logging_mixin.py:188} INFO - [2026-06-21T16:44:44.981-0500] {dag.py:3947} INFO - Setting next_dagrun for example_setup_teardown_taskflow to 2026-06-20 00:00:00+00:00, run_after=2026-06-21 00:00:00+00:00
[2026-06-21T16:44:44.994-0500] {processor.py:183} INFO - Processing /Users/naga/Desktop/airflow_env/lib/python3.12/site-packages/airflow/example_dags/example_setup_teardown_taskflow.py took 0.143 seconds
[2026-06-21T16:46:19.136-0500] {processor.py:161} INFO - Started process (PID=61012) to work on /Users/naga/Desktop/airflow_env/lib/python3.12/site-packages/airflow/example_dags/example_setup_teardown_taskflow.py
[2026-06-21T16:46:19.137-0500] {processor.py:830} INFO - Processing file /Users/naga/Desktop/airflow_env/lib/python3.12/site-packages/airflow/example_dags/example_setup_teardown_taskflow.py for tasks to queue
[2026-06-21T16:46:19.138-0500] {logging_mixin.py:188} INFO - [2026-06-21T16:46:19.138-0500] {dagbag.py:545} INFO - Filling up the DagBag from /Users/naga/Desktop/airflow_env/lib/python3.12/site-packages/airflow/example_dags/example_setup_teardown_taskflow.py
[2026-06-21T16:46:19.174-0500] {processor.py:840} INFO - DAG(s) 'example_setup_teardown_taskflow' retrieved from /Users/naga/Desktop/airflow_env/lib/python3.12/site-packages/airflow/example_dags/example_setup_teardown_taskflow.py
[2026-06-21T16:46:19.253-0500] {logging_mixin.py:188} INFO - [2026-06-21T16:46:19.253-0500] {dag.py:3089} INFO - Sync 1 DAGs
[2026-06-21T16:46:19.265-0500] {logging_mixin.py:188} INFO - [2026-06-21T16:46:19.265-0500] {dag.py:3947} INFO - Setting next_dagrun for example_setup_teardown_taskflow to 2026-06-20 00:00:00+00:00, run_after=2026-06-21 00:00:00+00:00
[2026-06-21T16:46:19.280-0500] {processor.py:183} INFO - Processing /Users/naga/Desktop/airflow_env/lib/python3.12/site-packages/airflow/example_dags/example_setup_teardown_taskflow.py took 0.146 seconds
[2026-06-21T17:49:14.248-0500] {processor.py:161} INFO - Started process (PID=61107) to work on /Users/naga/Desktop/airflow_env/lib/python3.12/site-packages/airflow/example_dags/example_setup_teardown_taskflow.py
[2026-06-21T17:49:14.249-0500] {processor.py:830} INFO - Processing file /Users/naga/Desktop/airflow_env/lib/python3.12/site-packages/airflow/example_dags/example_setup_teardown_taskflow.py for tasks to queue
[2026-06-21T17:49:14.250-0500] {logging_mixin.py:188} INFO - [2026-06-21T17:49:14.250-0500] {dagbag.py:545} INFO - Filling up the DagBag from /Users/naga/Desktop/airflow_env/lib/python3.12/site-packages/airflow/example_dags/example_setup_teardown_taskflow.py
[2026-06-21T17:49:14.284-0500] {processor.py:840} INFO - DAG(s) 'example_setup_teardown_taskflow' retrieved from /Users/naga/Desktop/airflow_env/lib/python3.12/site-packages/airflow/example_dags/example_setup_teardown_taskflow.py
[2026-06-21T17:49:14.359-0500] {logging_mixin.py:188} INFO - [2026-06-21T17:49:14.358-0500] {dag.py:3089} INFO - Sync 1 DAGs
[2026-06-21T17:49:14.371-0500] {logging_mixin.py:188} INFO - [2026-06-21T17:49:14.371-0500] {dag.py:3947} INFO - Setting next_dagrun for example_setup_teardown_taskflow to 2026-06-20 00:00:00+00:00, run_after=2026-06-21 00:00:00+00:00
[2026-06-21T17:49:14.384-0500] {processor.py:183} INFO - Processing /Users/naga/Desktop/airflow_env/lib/python3.12/site-packages/airflow/example_dags/example_setup_teardown_taskflow.py took 0.138 seconds
[2026-06-21T18:48:48.223-0500] {processor.py:161} INFO - Started process (PID=61236) to work on /Users/naga/Desktop/airflow_env/lib/python3.12/site-packages/airflow/example_dags/example_setup_teardown_taskflow.py
[2026-06-21T18:48:48.224-0500] {processor.py:830} INFO - Processing file /Users/naga/Desktop/airflow_env/lib/python3.12/site-packages/airflow/example_dags/example_setup_teardown_taskflow.py for tasks to queue
[2026-06-21T18:48:48.225-0500] {logging_mixin.py:188} INFO - [2026-06-21T18:48:48.225-0500] {dagbag.py:545} INFO - Filling up the DagBag from /Users/naga/Desktop/airflow_env/lib/python3.12/site-packages/airflow/example_dags/example_setup_teardown_taskflow.py
[2026-06-21T18:48:48.259-0500] {processor.py:840} INFO - DAG(s) 'example_setup_teardown_taskflow' retrieved from /Users/naga/Desktop/airflow_env/lib/python3.12/site-packages/airflow/example_dags/example_setup_teardown_taskflow.py
[2026-06-21T18:48:48.337-0500] {logging_mixin.py:188} INFO - [2026-06-21T18:48:48.337-0500] {dag.py:3089} INFO - Sync 1 DAGs
[2026-06-21T18:48:48.350-0500] {logging_mixin.py:188} INFO - [2026-06-21T18:48:48.350-0500] {dag.py:3947} INFO - Setting next_dagrun for example_setup_teardown_taskflow to 2026-06-20 00:00:00+00:00, run_after=2026-06-21 00:00:00+00:00
[2026-06-21T18:48:48.364-0500] {processor.py:183} INFO - Processing /Users/naga/Desktop/airflow_env/lib/python3.12/site-packages/airflow/example_dags/example_setup_teardown_taskflow.py took 0.143 seconds
[2026-06-21T18:57:01.420-0500] {processor.py:161} INFO - Started process (PID=61349) to work on /Users/naga/Desktop/airflow_env/lib/python3.12/site-packages/airflow/example_dags/example_setup_teardown_taskflow.py
[2026-06-21T18:57:01.421-0500] {processor.py:830} INFO - Processing file /Users/naga/Desktop/airflow_env/lib/python3.12/site-packages/airflow/example_dags/example_setup_teardown_taskflow.py for tasks to queue
[2026-06-21T18:57:01.422-0500] {logging_mixin.py:188} INFO - [2026-06-21T18:57:01.422-0500] {dagbag.py:545} INFO - Filling up the DagBag from /Users/naga/Desktop/airflow_env/lib/python3.12/site-packages/airflow/example_dags/example_setup_teardown_taskflow.py
[2026-06-21T18:57:01.456-0500] {processor.py:840} INFO - DAG(s) 'example_setup_teardown_taskflow' retrieved from /Users/naga/Desktop/airflow_env/lib/python3.12/site-packages/airflow/example_dags/example_setup_teardown_taskflow.py
[2026-06-21T18:57:01.530-0500] {logging_mixin.py:188} INFO - [2026-06-21T18:57:01.530-0500] {dag.py:3089} INFO - Sync 1 DAGs
[2026-06-21T18:57:01.542-0500] {logging_mixin.py:188} INFO - [2026-06-21T18:57:01.542-0500] {dag.py:3947} INFO - Setting next_dagrun for example_setup_teardown_taskflow to 2026-06-20 00:00:00+00:00, run_after=2026-06-21 00:00:00+00:00
[2026-06-21T18:57:01.555-0500] {processor.py:183} INFO - Processing /Users/naga/Desktop/airflow_env/lib/python3.12/site-packages/airflow/example_dags/example_setup_teardown_taskflow.py took 0.137 seconds
[2026-06-21T18:58:31.810-0500] {processor.py:161} INFO - Started process (PID=61399) to work on /Users/naga/Desktop/airflow_env/lib/python3.12/site-packages/airflow/example_dags/example_setup_teardown_taskflow.py
[2026-06-21T18:58:31.812-0500] {processor.py:830} INFO - Processing file /Users/naga/Desktop/airflow_env/lib/python3.12/site-packages/airflow/example_dags/example_setup_teardown_taskflow.py for tasks to queue
[2026-06-21T18:58:31.812-0500] {logging_mixin.py:188} INFO - [2026-06-21T18:58:31.812-0500] {dagbag.py:545} INFO - Filling up the DagBag from /Users/naga/Desktop/airflow_env/lib/python3.12/site-packages/airflow/example_dags/example_setup_teardown_taskflow.py
[2026-06-21T18:58:31.846-0500] {processor.py:840} INFO - DAG(s) 'example_setup_teardown_taskflow' retrieved from /Users/naga/Desktop/airflow_env/lib/python3.12/site-packages/airflow/example_dags/example_setup_teardown_taskflow.py
[2026-06-21T18:58:31.919-0500] {logging_mixin.py:188} INFO - [2026-06-21T18:58:31.919-0500] {dag.py:3089} INFO - Sync 1 DAGs
[2026-06-21T18:58:31.931-0500] {logging_mixin.py:188} INFO - [2026-06-21T18:58:31.931-0500] {dag.py:3947} INFO - Setting next_dagrun for example_setup_teardown_taskflow to 2026-06-20 00:00:00+00:00, run_after=2026-06-21 00:00:00+00:00
[2026-06-21T18:58:31.944-0500] {processor.py:183} INFO - Processing /Users/naga/Desktop/airflow_env/lib/python3.12/site-packages/airflow/example_dags/example_setup_teardown_taskflow.py took 0.136 seconds
