[2026-06-21T14:44:27.794-0500] {processor.py:161} INFO - Started process (PID=54322) to work on /Users/naga/Desktop/airflow_env/lib/python3.12/site-packages/airflow/example_dags/example_short_circuit_decorator.py
[2026-06-21T14:44:27.795-0500] {processor.py:830} INFO - Processing file /Users/naga/Desktop/airflow_env/lib/python3.12/site-packages/airflow/example_dags/example_short_circuit_decorator.py for tasks to queue
[2026-06-21T14:44:27.796-0500] {logging_mixin.py:188} INFO - [2026-06-21T14:44:27.796-0500] {dagbag.py:545} INFO - Filling up the DagBag from /Users/naga/Desktop/airflow_env/lib/python3.12/site-packages/airflow/example_dags/example_short_circuit_decorator.py
[2026-06-21T14:44:27.831-0500] {processor.py:840} INFO - DAG(s) 'example_short_circuit_decorator' retrieved from /Users/naga/Desktop/airflow_env/lib/python3.12/site-packages/airflow/example_dags/example_short_circuit_decorator.py
[2026-06-21T14:44:27.968-0500] {logging_mixin.py:188} INFO - [2026-06-21T14:44:27.968-0500] {override.py:1858} INFO - Created Permission View: can delete on DAG:example_short_circuit_decorator
[2026-06-21T14:44:27.974-0500] {logging_mixin.py:188} INFO - [2026-06-21T14:44:27.974-0500] {override.py:1858} INFO - Created Permission View: can edit on DAG:example_short_circuit_decorator
[2026-06-21T14:44:27.978-0500] {logging_mixin.py:188} INFO - [2026-06-21T14:44:27.978-0500] {override.py:1858} INFO - Created Permission View: can read on DAG:example_short_circuit_decorator
[2026-06-21T14:44:27.978-0500] {logging_mixin.py:188} INFO - [2026-06-21T14:44:27.978-0500] {dag.py:3089} INFO - Sync 1 DAGs
[2026-06-21T14:44:27.987-0500] {logging_mixin.py:188} INFO - [2026-06-21T14:44:27.987-0500] {dag.py:3111} INFO - Creating ORM DAG for example_short_circuit_decorator
[2026-06-21T14:44:27.993-0500] {logging_mixin.py:188} INFO - [2026-06-21T14:44:27.993-0500] {dag.py:3947} INFO - Setting next_dagrun for example_short_circuit_decorator to 2026-06-20 00:00:00+00:00, run_after=2026-06-21 00:00:00+00:00
[2026-06-21T14:44:28.005-0500] {processor.py:183} INFO - Processing /Users/naga/Desktop/airflow_env/lib/python3.12/site-packages/airflow/example_dags/example_short_circuit_decorator.py took 0.213 seconds
[2026-06-21T14:46:35.298-0500] {processor.py:161} INFO - Started process (PID=54428) to work on /Users/naga/Desktop/airflow_env/lib/python3.12/site-packages/airflow/example_dags/example_short_circuit_decorator.py
[2026-06-21T14:46:35.299-0500] {processor.py:830} INFO - Processing file /Users/naga/Desktop/airflow_env/lib/python3.12/site-packages/airflow/example_dags/example_short_circuit_decorator.py for tasks to queue
[2026-06-21T14:46:35.300-0500] {logging_mixin.py:188} INFO - [2026-06-21T14:46:35.300-0500] {dagbag.py:545} INFO - Filling up the DagBag from /Users/naga/Desktop/airflow_env/lib/python3.12/site-packages/airflow/example_dags/example_short_circuit_decorator.py
[2026-06-21T14:46:35.334-0500] {processor.py:840} INFO - DAG(s) 'example_short_circuit_decorator' retrieved from /Users/naga/Desktop/airflow_env/lib/python3.12/site-packages/airflow/example_dags/example_short_circuit_decorator.py
[2026-06-21T14:46:35.410-0500] {logging_mixin.py:188} INFO - [2026-06-21T14:46:35.410-0500] {dag.py:3089} INFO - Sync 1 DAGs
[2026-06-21T14:46:35.422-0500] {logging_mixin.py:188} INFO - [2026-06-21T14:46:35.422-0500] {dag.py:3947} INFO - Setting next_dagrun for example_short_circuit_decorator to 2026-06-20 00:00:00+00:00, run_after=2026-06-21 00:00:00+00:00
[2026-06-21T14:46:35.435-0500] {processor.py:183} INFO - Processing /Users/naga/Desktop/airflow_env/lib/python3.12/site-packages/airflow/example_dags/example_short_circuit_decorator.py took 0.140 seconds
[2026-06-21T14:48:07.507-0500] {processor.py:161} INFO - Started process (PID=54480) to work on /Users/naga/Desktop/airflow_env/lib/python3.12/site-packages/airflow/example_dags/example_short_circuit_decorator.py
[2026-06-21T14:48:07.508-0500] {processor.py:830} INFO - Processing file /Users/naga/Desktop/airflow_env/lib/python3.12/site-packages/airflow/example_dags/example_short_circuit_decorator.py for tasks to queue
[2026-06-21T14:48:07.509-0500] {logging_mixin.py:188} INFO - [2026-06-21T14:48:07.508-0500] {dagbag.py:545} INFO - Filling up the DagBag from /Users/naga/Desktop/airflow_env/lib/python3.12/site-packages/airflow/example_dags/example_short_circuit_decorator.py
[2026-06-21T14:48:07.544-0500] {processor.py:840} INFO - DAG(s) 'example_short_circuit_decorator' retrieved from /Users/naga/Desktop/airflow_env/lib/python3.12/site-packages/airflow/example_dags/example_short_circuit_decorator.py
[2026-06-21T14:48:07.625-0500] {logging_mixin.py:188} INFO - [2026-06-21T14:48:07.624-0500] {dag.py:3089} INFO - Sync 1 DAGs
[2026-06-21T14:48:07.638-0500] {logging_mixin.py:188} INFO - [2026-06-21T14:48:07.638-0500] {dag.py:3947} INFO - Setting next_dagrun for example_short_circuit_decorator to 2026-06-20 00:00:00+00:00, run_after=2026-06-21 00:00:00+00:00
[2026-06-21T14:48:07.654-0500] {processor.py:183} INFO - Processing /Users/naga/Desktop/airflow_env/lib/python3.12/site-packages/airflow/example_dags/example_short_circuit_decorator.py took 0.150 seconds
[2026-06-21T14:49:37.576-0500] {processor.py:161} INFO - Started process (PID=54617) to work on /Users/naga/Desktop/airflow_env/lib/python3.12/site-packages/airflow/example_dags/example_short_circuit_decorator.py
[2026-06-21T14:49:37.577-0500] {processor.py:830} INFO - Processing file /Users/naga/Desktop/airflow_env/lib/python3.12/site-packages/airflow/example_dags/example_short_circuit_decorator.py for tasks to queue
[2026-06-21T14:49:37.578-0500] {logging_mixin.py:188} INFO - [2026-06-21T14:49:37.578-0500] {dagbag.py:545} INFO - Filling up the DagBag from /Users/naga/Desktop/airflow_env/lib/python3.12/site-packages/airflow/example_dags/example_short_circuit_decorator.py
[2026-06-21T14:49:37.612-0500] {processor.py:840} INFO - DAG(s) 'example_short_circuit_decorator' retrieved from /Users/naga/Desktop/airflow_env/lib/python3.12/site-packages/airflow/example_dags/example_short_circuit_decorator.py
[2026-06-21T14:49:37.687-0500] {logging_mixin.py:188} INFO - [2026-06-21T14:49:37.686-0500] {dag.py:3089} INFO - Sync 1 DAGs
[2026-06-21T14:49:37.699-0500] {logging_mixin.py:188} INFO - [2026-06-21T14:49:37.699-0500] {dag.py:3947} INFO - Setting next_dagrun for example_short_circuit_decorator to 2026-06-20 00:00:00+00:00, run_after=2026-06-21 00:00:00+00:00
[2026-06-21T14:49:37.713-0500] {processor.py:183} INFO - Processing /Users/naga/Desktop/airflow_env/lib/python3.12/site-packages/airflow/example_dags/example_short_circuit_decorator.py took 0.139 seconds
[2026-06-21T14:51:06.258-0500] {processor.py:161} INFO - Started process (PID=54701) to work on /Users/naga/Desktop/airflow_env/lib/python3.12/site-packages/airflow/example_dags/example_short_circuit_decorator.py
[2026-06-21T14:51:06.260-0500] {processor.py:830} INFO - Processing file /Users/naga/Desktop/airflow_env/lib/python3.12/site-packages/airflow/example_dags/example_short_circuit_decorator.py for tasks to queue
[2026-06-21T14:51:06.260-0500] {logging_mixin.py:188} INFO - [2026-06-21T14:51:06.260-0500] {dagbag.py:545} INFO - Filling up the DagBag from /Users/naga/Desktop/airflow_env/lib/python3.12/site-packages/airflow/example_dags/example_short_circuit_decorator.py
[2026-06-21T14:51:06.294-0500] {processor.py:840} INFO - DAG(s) 'example_short_circuit_decorator' retrieved from /Users/naga/Desktop/airflow_env/lib/python3.12/site-packages/airflow/example_dags/example_short_circuit_decorator.py
[2026-06-21T14:51:06.369-0500] {logging_mixin.py:188} INFO - [2026-06-21T14:51:06.368-0500] {dag.py:3089} INFO - Sync 1 DAGs
[2026-06-21T14:51:06.381-0500] {logging_mixin.py:188} INFO - [2026-06-21T14:51:06.380-0500] {dag.py:3947} INFO - Setting next_dagrun for example_short_circuit_decorator to 2026-06-20 00:00:00+00:00, run_after=2026-06-21 00:00:00+00:00
[2026-06-21T14:51:06.394-0500] {processor.py:183} INFO - Processing /Users/naga/Desktop/airflow_env/lib/python3.12/site-packages/airflow/example_dags/example_short_circuit_decorator.py took 0.137 seconds
[2026-06-21T14:52:33.922-0500] {processor.py:161} INFO - Started process (PID=54766) to work on /Users/naga/Desktop/airflow_env/lib/python3.12/site-packages/airflow/example_dags/example_short_circuit_decorator.py
[2026-06-21T14:52:33.923-0500] {processor.py:830} INFO - Processing file /Users/naga/Desktop/airflow_env/lib/python3.12/site-packages/airflow/example_dags/example_short_circuit_decorator.py for tasks to queue
[2026-06-21T14:52:33.924-0500] {logging_mixin.py:188} INFO - [2026-06-21T14:52:33.924-0500] {dagbag.py:545} INFO - Filling up the DagBag from /Users/naga/Desktop/airflow_env/lib/python3.12/site-packages/airflow/example_dags/example_short_circuit_decorator.py
[2026-06-21T14:52:33.958-0500] {processor.py:840} INFO - DAG(s) 'example_short_circuit_decorator' retrieved from /Users/naga/Desktop/airflow_env/lib/python3.12/site-packages/airflow/example_dags/example_short_circuit_decorator.py
[2026-06-21T14:52:34.033-0500] {logging_mixin.py:188} INFO - [2026-06-21T14:52:34.033-0500] {dag.py:3089} INFO - Sync 1 DAGs
[2026-06-21T14:52:34.047-0500] {logging_mixin.py:188} INFO - [2026-06-21T14:52:34.046-0500] {dag.py:3947} INFO - Setting next_dagrun for example_short_circuit_decorator to 2026-06-20 00:00:00+00:00, run_after=2026-06-21 00:00:00+00:00
[2026-06-21T14:52:34.061-0500] {processor.py:183} INFO - Processing /Users/naga/Desktop/airflow_env/lib/python3.12/site-packages/airflow/example_dags/example_short_circuit_decorator.py took 0.141 seconds
[2026-06-21T14:54:03.355-0500] {processor.py:161} INFO - Started process (PID=54833) to work on /Users/naga/Desktop/airflow_env/lib/python3.12/site-packages/airflow/example_dags/example_short_circuit_decorator.py
[2026-06-21T14:54:03.356-0500] {processor.py:830} INFO - Processing file /Users/naga/Desktop/airflow_env/lib/python3.12/site-packages/airflow/example_dags/example_short_circuit_decorator.py for tasks to queue
[2026-06-21T14:54:03.357-0500] {logging_mixin.py:188} INFO - [2026-06-21T14:54:03.357-0500] {dagbag.py:545} INFO - Filling up the DagBag from /Users/naga/Desktop/airflow_env/lib/python3.12/site-packages/airflow/example_dags/example_short_circuit_decorator.py
[2026-06-21T14:54:03.392-0500] {processor.py:840} INFO - DAG(s) 'example_short_circuit_decorator' retrieved from /Users/naga/Desktop/airflow_env/lib/python3.12/site-packages/airflow/example_dags/example_short_circuit_decorator.py
[2026-06-21T14:54:03.467-0500] {logging_mixin.py:188} INFO - [2026-06-21T14:54:03.466-0500] {dag.py:3089} INFO - Sync 1 DAGs
[2026-06-21T14:54:03.479-0500] {logging_mixin.py:188} INFO - [2026-06-21T14:54:03.479-0500] {dag.py:3947} INFO - Setting next_dagrun for example_short_circuit_decorator to 2026-06-20 00:00:00+00:00, run_after=2026-06-21 00:00:00+00:00
[2026-06-21T14:54:03.492-0500] {processor.py:183} INFO - Processing /Users/naga/Desktop/airflow_env/lib/python3.12/site-packages/airflow/example_dags/example_short_circuit_decorator.py took 0.141 seconds
[2026-06-21T14:55:32.131-0500] {processor.py:161} INFO - Started process (PID=54980) to work on /Users/naga/Desktop/airflow_env/lib/python3.12/site-packages/airflow/example_dags/example_short_circuit_decorator.py
[2026-06-21T14:55:32.133-0500] {processor.py:830} INFO - Processing file /Users/naga/Desktop/airflow_env/lib/python3.12/site-packages/airflow/example_dags/example_short_circuit_decorator.py for tasks to queue
[2026-06-21T14:55:32.133-0500] {logging_mixin.py:188} INFO - [2026-06-21T14:55:32.133-0500] {dagbag.py:545} INFO - Filling up the DagBag from /Users/naga/Desktop/airflow_env/lib/python3.12/site-packages/airflow/example_dags/example_short_circuit_decorator.py
[2026-06-21T14:55:32.167-0500] {processor.py:840} INFO - DAG(s) 'example_short_circuit_decorator' retrieved from /Users/naga/Desktop/airflow_env/lib/python3.12/site-packages/airflow/example_dags/example_short_circuit_decorator.py
[2026-06-21T14:55:32.241-0500] {logging_mixin.py:188} INFO - [2026-06-21T14:55:32.241-0500] {dag.py:3089} INFO - Sync 1 DAGs
[2026-06-21T14:55:32.254-0500] {logging_mixin.py:188} INFO - [2026-06-21T14:55:32.254-0500] {dag.py:3947} INFO - Setting next_dagrun for example_short_circuit_decorator to 2026-06-20 00:00:00+00:00, run_after=2026-06-21 00:00:00+00:00
[2026-06-21T14:55:32.268-0500] {processor.py:183} INFO - Processing /Users/naga/Desktop/airflow_env/lib/python3.12/site-packages/airflow/example_dags/example_short_circuit_decorator.py took 0.138 seconds
[2026-06-21T14:57:10.806-0500] {processor.py:161} INFO - Started process (PID=55221) to work on /Users/naga/Desktop/airflow_env/lib/python3.12/site-packages/airflow/example_dags/example_short_circuit_decorator.py
[2026-06-21T14:57:10.808-0500] {processor.py:830} INFO - Processing file /Users/naga/Desktop/airflow_env/lib/python3.12/site-packages/airflow/example_dags/example_short_circuit_decorator.py for tasks to queue
[2026-06-21T14:57:10.808-0500] {logging_mixin.py:188} INFO - [2026-06-21T14:57:10.808-0500] {dagbag.py:545} INFO - Filling up the DagBag from /Users/naga/Desktop/airflow_env/lib/python3.12/site-packages/airflow/example_dags/example_short_circuit_decorator.py
[2026-06-21T14:57:10.843-0500] {processor.py:840} INFO - DAG(s) 'example_short_circuit_decorator' retrieved from /Users/naga/Desktop/airflow_env/lib/python3.12/site-packages/airflow/example_dags/example_short_circuit_decorator.py
[2026-06-21T14:57:10.917-0500] {logging_mixin.py:188} INFO - [2026-06-21T14:57:10.916-0500] {dag.py:3089} INFO - Sync 1 DAGs
[2026-06-21T14:57:10.930-0500] {logging_mixin.py:188} INFO - [2026-06-21T14:57:10.930-0500] {dag.py:3947} INFO - Setting next_dagrun for example_short_circuit_decorator to 2026-06-20 00:00:00+00:00, run_after=2026-06-21 00:00:00+00:00
[2026-06-21T14:57:10.943-0500] {processor.py:183} INFO - Processing /Users/naga/Desktop/airflow_env/lib/python3.12/site-packages/airflow/example_dags/example_short_circuit_decorator.py took 0.138 seconds
[2026-06-21T14:58:45.331-0500] {processor.py:161} INFO - Started process (PID=55293) to work on /Users/naga/Desktop/airflow_env/lib/python3.12/site-packages/airflow/example_dags/example_short_circuit_decorator.py
[2026-06-21T14:58:45.332-0500] {processor.py:830} INFO - Processing file /Users/naga/Desktop/airflow_env/lib/python3.12/site-packages/airflow/example_dags/example_short_circuit_decorator.py for tasks to queue
[2026-06-21T14:58:45.333-0500] {logging_mixin.py:188} INFO - [2026-06-21T14:58:45.332-0500] {dagbag.py:545} INFO - Filling up the DagBag from /Users/naga/Desktop/airflow_env/lib/python3.12/site-packages/airflow/example_dags/example_short_circuit_decorator.py
[2026-06-21T14:58:45.368-0500] {processor.py:840} INFO - DAG(s) 'example_short_circuit_decorator' retrieved from /Users/naga/Desktop/airflow_env/lib/python3.12/site-packages/airflow/example_dags/example_short_circuit_decorator.py
[2026-06-21T14:58:45.444-0500] {logging_mixin.py:188} INFO - [2026-06-21T14:58:45.444-0500] {dag.py:3089} INFO - Sync 1 DAGs
[2026-06-21T14:58:45.457-0500] {logging_mixin.py:188} INFO - [2026-06-21T14:58:45.457-0500] {dag.py:3947} INFO - Setting next_dagrun for example_short_circuit_decorator to 2026-06-20 00:00:00+00:00, run_after=2026-06-21 00:00:00+00:00
[2026-06-21T14:58:45.473-0500] {processor.py:183} INFO - Processing /Users/naga/Desktop/airflow_env/lib/python3.12/site-packages/airflow/example_dags/example_short_circuit_decorator.py took 0.144 seconds
[2026-06-21T15:00:23.822-0500] {processor.py:161} INFO - Started process (PID=55393) to work on /Users/naga/Desktop/airflow_env/lib/python3.12/site-packages/airflow/example_dags/example_short_circuit_decorator.py
[2026-06-21T15:00:23.823-0500] {processor.py:830} INFO - Processing file /Users/naga/Desktop/airflow_env/lib/python3.12/site-packages/airflow/example_dags/example_short_circuit_decorator.py for tasks to queue
[2026-06-21T15:00:23.824-0500] {logging_mixin.py:188} INFO - [2026-06-21T15:00:23.824-0500] {dagbag.py:545} INFO - Filling up the DagBag from /Users/naga/Desktop/airflow_env/lib/python3.12/site-packages/airflow/example_dags/example_short_circuit_decorator.py
[2026-06-21T15:00:23.858-0500] {processor.py:840} INFO - DAG(s) 'example_short_circuit_decorator' retrieved from /Users/naga/Desktop/airflow_env/lib/python3.12/site-packages/airflow/example_dags/example_short_circuit_decorator.py
[2026-06-21T15:00:23.935-0500] {logging_mixin.py:188} INFO - [2026-06-21T15:00:23.935-0500] {dag.py:3089} INFO - Sync 1 DAGs
[2026-06-21T15:00:23.948-0500] {logging_mixin.py:188} INFO - [2026-06-21T15:00:23.948-0500] {dag.py:3947} INFO - Setting next_dagrun for example_short_circuit_decorator to 2026-06-20 00:00:00+00:00, run_after=2026-06-21 00:00:00+00:00
[2026-06-21T15:00:23.961-0500] {processor.py:183} INFO - Processing /Users/naga/Desktop/airflow_env/lib/python3.12/site-packages/airflow/example_dags/example_short_circuit_decorator.py took 0.143 seconds
[2026-06-21T15:01:58.391-0500] {processor.py:161} INFO - Started process (PID=55477) to work on /Users/naga/Desktop/airflow_env/lib/python3.12/site-packages/airflow/example_dags/example_short_circuit_decorator.py
[2026-06-21T15:01:58.392-0500] {processor.py:830} INFO - Processing file /Users/naga/Desktop/airflow_env/lib/python3.12/site-packages/airflow/example_dags/example_short_circuit_decorator.py for tasks to queue
[2026-06-21T15:01:58.393-0500] {logging_mixin.py:188} INFO - [2026-06-21T15:01:58.392-0500] {dagbag.py:545} INFO - Filling up the DagBag from /Users/naga/Desktop/airflow_env/lib/python3.12/site-packages/airflow/example_dags/example_short_circuit_decorator.py
[2026-06-21T15:01:58.427-0500] {processor.py:840} INFO - DAG(s) 'example_short_circuit_decorator' retrieved from /Users/naga/Desktop/airflow_env/lib/python3.12/site-packages/airflow/example_dags/example_short_circuit_decorator.py
[2026-06-21T15:01:58.502-0500] {logging_mixin.py:188} INFO - [2026-06-21T15:01:58.502-0500] {dag.py:3089} INFO - Sync 1 DAGs
[2026-06-21T15:01:58.514-0500] {logging_mixin.py:188} INFO - [2026-06-21T15:01:58.514-0500] {dag.py:3947} INFO - Setting next_dagrun for example_short_circuit_decorator to 2026-06-20 00:00:00+00:00, run_after=2026-06-21 00:00:00+00:00
[2026-06-21T15:01:58.528-0500] {processor.py:183} INFO - Processing /Users/naga/Desktop/airflow_env/lib/python3.12/site-packages/airflow/example_dags/example_short_circuit_decorator.py took 0.139 seconds
[2026-06-21T15:03:31.294-0500] {processor.py:161} INFO - Started process (PID=55554) to work on /Users/naga/Desktop/airflow_env/lib/python3.12/site-packages/airflow/example_dags/example_short_circuit_decorator.py
[2026-06-21T15:03:31.295-0500] {processor.py:830} INFO - Processing file /Users/naga/Desktop/airflow_env/lib/python3.12/site-packages/airflow/example_dags/example_short_circuit_decorator.py for tasks to queue
[2026-06-21T15:03:31.296-0500] {logging_mixin.py:188} INFO - [2026-06-21T15:03:31.296-0500] {dagbag.py:545} INFO - Filling up the DagBag from /Users/naga/Desktop/airflow_env/lib/python3.12/site-packages/airflow/example_dags/example_short_circuit_decorator.py
[2026-06-21T15:03:31.331-0500] {processor.py:840} INFO - DAG(s) 'example_short_circuit_decorator' retrieved from /Users/naga/Desktop/airflow_env/lib/python3.12/site-packages/airflow/example_dags/example_short_circuit_decorator.py
[2026-06-21T15:03:31.406-0500] {logging_mixin.py:188} INFO - [2026-06-21T15:03:31.406-0500] {dag.py:3089} INFO - Sync 1 DAGs
[2026-06-21T15:03:31.419-0500] {logging_mixin.py:188} INFO - [2026-06-21T15:03:31.418-0500] {dag.py:3947} INFO - Setting next_dagrun for example_short_circuit_decorator to 2026-06-20 00:00:00+00:00, run_after=2026-06-21 00:00:00+00:00
[2026-06-21T15:03:31.432-0500] {processor.py:183} INFO - Processing /Users/naga/Desktop/airflow_env/lib/python3.12/site-packages/airflow/example_dags/example_short_circuit_decorator.py took 0.140 seconds
[2026-06-21T15:05:01.668-0500] {processor.py:161} INFO - Started process (PID=55622) to work on /Users/naga/Desktop/airflow_env/lib/python3.12/site-packages/airflow/example_dags/example_short_circuit_decorator.py
[2026-06-21T15:05:01.670-0500] {processor.py:830} INFO - Processing file /Users/naga/Desktop/airflow_env/lib/python3.12/site-packages/airflow/example_dags/example_short_circuit_decorator.py for tasks to queue
[2026-06-21T15:05:01.670-0500] {logging_mixin.py:188} INFO - [2026-06-21T15:05:01.670-0500] {dagbag.py:545} INFO - Filling up the DagBag from /Users/naga/Desktop/airflow_env/lib/python3.12/site-packages/airflow/example_dags/example_short_circuit_decorator.py
[2026-06-21T15:05:01.709-0500] {processor.py:840} INFO - DAG(s) 'example_short_circuit_decorator' retrieved from /Users/naga/Desktop/airflow_env/lib/python3.12/site-packages/airflow/example_dags/example_short_circuit_decorator.py
[2026-06-21T15:05:01.789-0500] {logging_mixin.py:188} INFO - [2026-06-21T15:05:01.789-0500] {dag.py:3089} INFO - Sync 1 DAGs
[2026-06-21T15:05:01.803-0500] {logging_mixin.py:188} INFO - [2026-06-21T15:05:01.802-0500] {dag.py:3947} INFO - Setting next_dagrun for example_short_circuit_decorator to 2026-06-20 00:00:00+00:00, run_after=2026-06-21 00:00:00+00:00
[2026-06-21T15:05:01.817-0500] {processor.py:183} INFO - Processing /Users/naga/Desktop/airflow_env/lib/python3.12/site-packages/airflow/example_dags/example_short_circuit_decorator.py took 0.151 seconds
[2026-06-21T15:06:36.317-0500] {processor.py:161} INFO - Started process (PID=55680) to work on /Users/naga/Desktop/airflow_env/lib/python3.12/site-packages/airflow/example_dags/example_short_circuit_decorator.py
[2026-06-21T15:06:36.319-0500] {processor.py:830} INFO - Processing file /Users/naga/Desktop/airflow_env/lib/python3.12/site-packages/airflow/example_dags/example_short_circuit_decorator.py for tasks to queue
[2026-06-21T15:06:36.319-0500] {logging_mixin.py:188} INFO - [2026-06-21T15:06:36.319-0500] {dagbag.py:545} INFO - Filling up the DagBag from /Users/naga/Desktop/airflow_env/lib/python3.12/site-packages/airflow/example_dags/example_short_circuit_decorator.py
[2026-06-21T15:06:36.353-0500] {processor.py:840} INFO - DAG(s) 'example_short_circuit_decorator' retrieved from /Users/naga/Desktop/airflow_env/lib/python3.12/site-packages/airflow/example_dags/example_short_circuit_decorator.py
[2026-06-21T15:06:36.429-0500] {logging_mixin.py:188} INFO - [2026-06-21T15:06:36.428-0500] {dag.py:3089} INFO - Sync 1 DAGs
[2026-06-21T15:06:36.442-0500] {logging_mixin.py:188} INFO - [2026-06-21T15:06:36.441-0500] {dag.py:3947} INFO - Setting next_dagrun for example_short_circuit_decorator to 2026-06-20 00:00:00+00:00, run_after=2026-06-21 00:00:00+00:00
[2026-06-21T15:06:36.456-0500] {processor.py:183} INFO - Processing /Users/naga/Desktop/airflow_env/lib/python3.12/site-packages/airflow/example_dags/example_short_circuit_decorator.py took 0.141 seconds
[2026-06-21T15:08:06.733-0500] {processor.py:161} INFO - Started process (PID=55750) to work on /Users/naga/Desktop/airflow_env/lib/python3.12/site-packages/airflow/example_dags/example_short_circuit_decorator.py
[2026-06-21T15:08:06.734-0500] {processor.py:830} INFO - Processing file /Users/naga/Desktop/airflow_env/lib/python3.12/site-packages/airflow/example_dags/example_short_circuit_decorator.py for tasks to queue
[2026-06-21T15:08:06.735-0500] {logging_mixin.py:188} INFO - [2026-06-21T15:08:06.735-0500] {dagbag.py:545} INFO - Filling up the DagBag from /Users/naga/Desktop/airflow_env/lib/python3.12/site-packages/airflow/example_dags/example_short_circuit_decorator.py
[2026-06-21T15:08:06.769-0500] {processor.py:840} INFO - DAG(s) 'example_short_circuit_decorator' retrieved from /Users/naga/Desktop/airflow_env/lib/python3.12/site-packages/airflow/example_dags/example_short_circuit_decorator.py
[2026-06-21T15:08:06.844-0500] {logging_mixin.py:188} INFO - [2026-06-21T15:08:06.844-0500] {dag.py:3089} INFO - Sync 1 DAGs
[2026-06-21T15:08:06.857-0500] {logging_mixin.py:188} INFO - [2026-06-21T15:08:06.857-0500] {dag.py:3947} INFO - Setting next_dagrun for example_short_circuit_decorator to 2026-06-20 00:00:00+00:00, run_after=2026-06-21 00:00:00+00:00
[2026-06-21T15:08:06.870-0500] {processor.py:183} INFO - Processing /Users/naga/Desktop/airflow_env/lib/python3.12/site-packages/airflow/example_dags/example_short_circuit_decorator.py took 0.139 seconds
[2026-06-21T15:09:40.872-0500] {processor.py:161} INFO - Started process (PID=55817) to work on /Users/naga/Desktop/airflow_env/lib/python3.12/site-packages/airflow/example_dags/example_short_circuit_decorator.py
[2026-06-21T15:09:40.873-0500] {processor.py:830} INFO - Processing file /Users/naga/Desktop/airflow_env/lib/python3.12/site-packages/airflow/example_dags/example_short_circuit_decorator.py for tasks to queue
[2026-06-21T15:09:40.874-0500] {logging_mixin.py:188} INFO - [2026-06-21T15:09:40.874-0500] {dagbag.py:545} INFO - Filling up the DagBag from /Users/naga/Desktop/airflow_env/lib/python3.12/site-packages/airflow/example_dags/example_short_circuit_decorator.py
[2026-06-21T15:09:40.907-0500] {processor.py:840} INFO - DAG(s) 'example_short_circuit_decorator' retrieved from /Users/naga/Desktop/airflow_env/lib/python3.12/site-packages/airflow/example_dags/example_short_circuit_decorator.py
[2026-06-21T15:09:40.982-0500] {logging_mixin.py:188} INFO - [2026-06-21T15:09:40.982-0500] {dag.py:3089} INFO - Sync 1 DAGs
[2026-06-21T15:09:40.994-0500] {logging_mixin.py:188} INFO - [2026-06-21T15:09:40.994-0500] {dag.py:3947} INFO - Setting next_dagrun for example_short_circuit_decorator to 2026-06-20 00:00:00+00:00, run_after=2026-06-21 00:00:00+00:00
[2026-06-21T15:09:41.007-0500] {processor.py:183} INFO - Processing /Users/naga/Desktop/airflow_env/lib/python3.12/site-packages/airflow/example_dags/example_short_circuit_decorator.py took 0.138 seconds
[2026-06-21T15:11:11.989-0500] {processor.py:161} INFO - Started process (PID=55895) to work on /Users/naga/Desktop/airflow_env/lib/python3.12/site-packages/airflow/example_dags/example_short_circuit_decorator.py
[2026-06-21T15:11:11.990-0500] {processor.py:830} INFO - Processing file /Users/naga/Desktop/airflow_env/lib/python3.12/site-packages/airflow/example_dags/example_short_circuit_decorator.py for tasks to queue
[2026-06-21T15:11:11.991-0500] {logging_mixin.py:188} INFO - [2026-06-21T15:11:11.991-0500] {dagbag.py:545} INFO - Filling up the DagBag from /Users/naga/Desktop/airflow_env/lib/python3.12/site-packages/airflow/example_dags/example_short_circuit_decorator.py
[2026-06-21T15:11:12.026-0500] {processor.py:840} INFO - DAG(s) 'example_short_circuit_decorator' retrieved from /Users/naga/Desktop/airflow_env/lib/python3.12/site-packages/airflow/example_dags/example_short_circuit_decorator.py
[2026-06-21T15:11:12.101-0500] {logging_mixin.py:188} INFO - [2026-06-21T15:11:12.101-0500] {dag.py:3089} INFO - Sync 1 DAGs
[2026-06-21T15:11:12.113-0500] {logging_mixin.py:188} INFO - [2026-06-21T15:11:12.113-0500] {dag.py:3947} INFO - Setting next_dagrun for example_short_circuit_decorator to 2026-06-20 00:00:00+00:00, run_after=2026-06-21 00:00:00+00:00
[2026-06-21T15:11:12.127-0500] {processor.py:183} INFO - Processing /Users/naga/Desktop/airflow_env/lib/python3.12/site-packages/airflow/example_dags/example_short_circuit_decorator.py took 0.139 seconds
[2026-06-21T15:12:54.536-0500] {processor.py:161} INFO - Started process (PID=56068) to work on /Users/naga/Desktop/airflow_env/lib/python3.12/site-packages/airflow/example_dags/example_short_circuit_decorator.py
[2026-06-21T15:12:54.537-0500] {processor.py:830} INFO - Processing file /Users/naga/Desktop/airflow_env/lib/python3.12/site-packages/airflow/example_dags/example_short_circuit_decorator.py for tasks to queue
[2026-06-21T15:12:54.537-0500] {logging_mixin.py:188} INFO - [2026-06-21T15:12:54.537-0500] {dagbag.py:545} INFO - Filling up the DagBag from /Users/naga/Desktop/airflow_env/lib/python3.12/site-packages/airflow/example_dags/example_short_circuit_decorator.py
[2026-06-21T15:12:54.559-0500] {processor.py:840} INFO - DAG(s) 'example_short_circuit_decorator' retrieved from /Users/naga/Desktop/airflow_env/lib/python3.12/site-packages/airflow/example_dags/example_short_circuit_decorator.py
[2026-06-21T15:12:54.604-0500] {logging_mixin.py:188} INFO - [2026-06-21T15:12:54.604-0500] {dag.py:3089} INFO - Sync 1 DAGs
[2026-06-21T15:12:54.612-0500] {logging_mixin.py:188} INFO - [2026-06-21T15:12:54.612-0500] {dag.py:3947} INFO - Setting next_dagrun for example_short_circuit_decorator to 2026-06-20 00:00:00+00:00, run_after=2026-06-21 00:00:00+00:00
[2026-06-21T15:12:54.620-0500] {processor.py:183} INFO - Processing /Users/naga/Desktop/airflow_env/lib/python3.12/site-packages/airflow/example_dags/example_short_circuit_decorator.py took 0.085 seconds
[2026-06-21T15:14:14.817-0500] {processor.py:161} INFO - Started process (PID=56165) to work on /Users/naga/Desktop/airflow_env/lib/python3.12/site-packages/airflow/example_dags/example_short_circuit_decorator.py
[2026-06-21T15:14:14.818-0500] {processor.py:830} INFO - Processing file /Users/naga/Desktop/airflow_env/lib/python3.12/site-packages/airflow/example_dags/example_short_circuit_decorator.py for tasks to queue
[2026-06-21T15:14:14.818-0500] {logging_mixin.py:188} INFO - [2026-06-21T15:14:14.818-0500] {dagbag.py:545} INFO - Filling up the DagBag from /Users/naga/Desktop/airflow_env/lib/python3.12/site-packages/airflow/example_dags/example_short_circuit_decorator.py
[2026-06-21T15:14:14.839-0500] {processor.py:840} INFO - DAG(s) 'example_short_circuit_decorator' retrieved from /Users/naga/Desktop/airflow_env/lib/python3.12/site-packages/airflow/example_dags/example_short_circuit_decorator.py
[2026-06-21T15:14:14.883-0500] {logging_mixin.py:188} INFO - [2026-06-21T15:14:14.883-0500] {dag.py:3089} INFO - Sync 1 DAGs
[2026-06-21T15:14:14.890-0500] {logging_mixin.py:188} INFO - [2026-06-21T15:14:14.890-0500] {dag.py:3947} INFO - Setting next_dagrun for example_short_circuit_decorator to 2026-06-20 00:00:00+00:00, run_after=2026-06-21 00:00:00+00:00
[2026-06-21T15:14:14.898-0500] {processor.py:183} INFO - Processing /Users/naga/Desktop/airflow_env/lib/python3.12/site-packages/airflow/example_dags/example_short_circuit_decorator.py took 0.082 seconds
[2026-06-21T15:31:26.019-0500] {processor.py:161} INFO - Started process (PID=56436) to work on /Users/naga/Desktop/airflow_env/lib/python3.12/site-packages/airflow/example_dags/example_short_circuit_decorator.py
[2026-06-21T15:31:26.020-0500] {processor.py:830} INFO - Processing file /Users/naga/Desktop/airflow_env/lib/python3.12/site-packages/airflow/example_dags/example_short_circuit_decorator.py for tasks to queue
[2026-06-21T15:31:26.021-0500] {logging_mixin.py:188} INFO - [2026-06-21T15:31:26.021-0500] {dagbag.py:545} INFO - Filling up the DagBag from /Users/naga/Desktop/airflow_env/lib/python3.12/site-packages/airflow/example_dags/example_short_circuit_decorator.py
[2026-06-21T15:31:26.042-0500] {processor.py:840} INFO - DAG(s) 'example_short_circuit_decorator' retrieved from /Users/naga/Desktop/airflow_env/lib/python3.12/site-packages/airflow/example_dags/example_short_circuit_decorator.py
[2026-06-21T15:31:26.086-0500] {logging_mixin.py:188} INFO - [2026-06-21T15:31:26.086-0500] {dag.py:3089} INFO - Sync 1 DAGs
[2026-06-21T15:31:26.096-0500] {logging_mixin.py:188} INFO - [2026-06-21T15:31:26.096-0500] {dag.py:3947} INFO - Setting next_dagrun for example_short_circuit_decorator to 2026-06-20 00:00:00+00:00, run_after=2026-06-21 00:00:00+00:00
[2026-06-21T15:31:26.108-0500] {processor.py:183} INFO - Processing /Users/naga/Desktop/airflow_env/lib/python3.12/site-packages/airflow/example_dags/example_short_circuit_decorator.py took 0.090 seconds
[2026-06-21T15:33:11.212-0500] {processor.py:161} INFO - Started process (PID=56629) to work on /Users/naga/Desktop/airflow_env/lib/python3.12/site-packages/airflow/example_dags/example_short_circuit_decorator.py
[2026-06-21T15:33:11.212-0500] {processor.py:830} INFO - Processing file /Users/naga/Desktop/airflow_env/lib/python3.12/site-packages/airflow/example_dags/example_short_circuit_decorator.py for tasks to queue
[2026-06-21T15:33:11.213-0500] {logging_mixin.py:188} INFO - [2026-06-21T15:33:11.213-0500] {dagbag.py:545} INFO - Filling up the DagBag from /Users/naga/Desktop/airflow_env/lib/python3.12/site-packages/airflow/example_dags/example_short_circuit_decorator.py
[2026-06-21T15:33:11.237-0500] {processor.py:840} INFO - DAG(s) 'example_short_circuit_decorator' retrieved from /Users/naga/Desktop/airflow_env/lib/python3.12/site-packages/airflow/example_dags/example_short_circuit_decorator.py
[2026-06-21T15:33:11.284-0500] {logging_mixin.py:188} INFO - [2026-06-21T15:33:11.284-0500] {dag.py:3089} INFO - Sync 1 DAGs
[2026-06-21T15:33:11.292-0500] {logging_mixin.py:188} INFO - [2026-06-21T15:33:11.292-0500] {dag.py:3947} INFO - Setting next_dagrun for example_short_circuit_decorator to 2026-06-20 00:00:00+00:00, run_after=2026-06-21 00:00:00+00:00
[2026-06-21T15:33:11.301-0500] {processor.py:183} INFO - Processing /Users/naga/Desktop/airflow_env/lib/python3.12/site-packages/airflow/example_dags/example_short_circuit_decorator.py took 0.092 seconds
[2026-06-21T15:35:21.206-0500] {processor.py:161} INFO - Started process (PID=56800) to work on /Users/naga/Desktop/airflow_env/lib/python3.12/site-packages/airflow/example_dags/example_short_circuit_decorator.py
[2026-06-21T15:35:21.206-0500] {processor.py:830} INFO - Processing file /Users/naga/Desktop/airflow_env/lib/python3.12/site-packages/airflow/example_dags/example_short_circuit_decorator.py for tasks to queue
[2026-06-21T15:35:21.207-0500] {logging_mixin.py:188} INFO - [2026-06-21T15:35:21.207-0500] {dagbag.py:545} INFO - Filling up the DagBag from /Users/naga/Desktop/airflow_env/lib/python3.12/site-packages/airflow/example_dags/example_short_circuit_decorator.py
[2026-06-21T15:35:21.228-0500] {processor.py:840} INFO - DAG(s) 'example_short_circuit_decorator' retrieved from /Users/naga/Desktop/airflow_env/lib/python3.12/site-packages/airflow/example_dags/example_short_circuit_decorator.py
[2026-06-21T15:35:21.275-0500] {logging_mixin.py:188} INFO - [2026-06-21T15:35:21.275-0500] {dag.py:3089} INFO - Sync 1 DAGs
[2026-06-21T15:35:21.283-0500] {logging_mixin.py:188} INFO - [2026-06-21T15:35:21.283-0500] {dag.py:3947} INFO - Setting next_dagrun for example_short_circuit_decorator to 2026-06-20 00:00:00+00:00, run_after=2026-06-21 00:00:00+00:00
[2026-06-21T15:35:21.291-0500] {processor.py:183} INFO - Processing /Users/naga/Desktop/airflow_env/lib/python3.12/site-packages/airflow/example_dags/example_short_circuit_decorator.py took 0.087 seconds
[2026-06-21T15:37:18.152-0500] {processor.py:161} INFO - Started process (PID=56930) to work on /Users/naga/Desktop/airflow_env/lib/python3.12/site-packages/airflow/example_dags/example_short_circuit_decorator.py
[2026-06-21T15:37:18.152-0500] {processor.py:830} INFO - Processing file /Users/naga/Desktop/airflow_env/lib/python3.12/site-packages/airflow/example_dags/example_short_circuit_decorator.py for tasks to queue
[2026-06-21T15:37:18.153-0500] {logging_mixin.py:188} INFO - [2026-06-21T15:37:18.153-0500] {dagbag.py:545} INFO - Filling up the DagBag from /Users/naga/Desktop/airflow_env/lib/python3.12/site-packages/airflow/example_dags/example_short_circuit_decorator.py
[2026-06-21T15:37:18.175-0500] {processor.py:840} INFO - DAG(s) 'example_short_circuit_decorator' retrieved from /Users/naga/Desktop/airflow_env/lib/python3.12/site-packages/airflow/example_dags/example_short_circuit_decorator.py
[2026-06-21T15:37:18.222-0500] {logging_mixin.py:188} INFO - [2026-06-21T15:37:18.221-0500] {dag.py:3089} INFO - Sync 1 DAGs
[2026-06-21T15:37:18.229-0500] {logging_mixin.py:188} INFO - [2026-06-21T15:37:18.229-0500] {dag.py:3947} INFO - Setting next_dagrun for example_short_circuit_decorator to 2026-06-20 00:00:00+00:00, run_after=2026-06-21 00:00:00+00:00
[2026-06-21T15:37:18.238-0500] {processor.py:183} INFO - Processing /Users/naga/Desktop/airflow_env/lib/python3.12/site-packages/airflow/example_dags/example_short_circuit_decorator.py took 0.087 seconds
[2026-06-21T15:39:25.129-0500] {processor.py:161} INFO - Started process (PID=57050) to work on /Users/naga/Desktop/airflow_env/lib/python3.12/site-packages/airflow/example_dags/example_short_circuit_decorator.py
[2026-06-21T15:39:25.129-0500] {processor.py:830} INFO - Processing file /Users/naga/Desktop/airflow_env/lib/python3.12/site-packages/airflow/example_dags/example_short_circuit_decorator.py for tasks to queue
[2026-06-21T15:39:25.130-0500] {logging_mixin.py:188} INFO - [2026-06-21T15:39:25.130-0500] {dagbag.py:545} INFO - Filling up the DagBag from /Users/naga/Desktop/airflow_env/lib/python3.12/site-packages/airflow/example_dags/example_short_circuit_decorator.py
[2026-06-21T15:39:25.151-0500] {processor.py:840} INFO - DAG(s) 'example_short_circuit_decorator' retrieved from /Users/naga/Desktop/airflow_env/lib/python3.12/site-packages/airflow/example_dags/example_short_circuit_decorator.py
[2026-06-21T15:39:25.195-0500] {logging_mixin.py:188} INFO - [2026-06-21T15:39:25.195-0500] {dag.py:3089} INFO - Sync 1 DAGs
[2026-06-21T15:39:25.203-0500] {logging_mixin.py:188} INFO - [2026-06-21T15:39:25.202-0500] {dag.py:3947} INFO - Setting next_dagrun for example_short_circuit_decorator to 2026-06-20 00:00:00+00:00, run_after=2026-06-21 00:00:00+00:00
[2026-06-21T15:39:25.211-0500] {processor.py:183} INFO - Processing /Users/naga/Desktop/airflow_env/lib/python3.12/site-packages/airflow/example_dags/example_short_circuit_decorator.py took 0.083 seconds
[2026-06-21T15:41:28.013-0500] {processor.py:161} INFO - Started process (PID=57165) to work on /Users/naga/Desktop/airflow_env/lib/python3.12/site-packages/airflow/example_dags/example_short_circuit_decorator.py
[2026-06-21T15:41:28.014-0500] {processor.py:830} INFO - Processing file /Users/naga/Desktop/airflow_env/lib/python3.12/site-packages/airflow/example_dags/example_short_circuit_decorator.py for tasks to queue
[2026-06-21T15:41:28.014-0500] {logging_mixin.py:188} INFO - [2026-06-21T15:41:28.014-0500] {dagbag.py:545} INFO - Filling up the DagBag from /Users/naga/Desktop/airflow_env/lib/python3.12/site-packages/airflow/example_dags/example_short_circuit_decorator.py
[2026-06-21T15:41:28.035-0500] {processor.py:840} INFO - DAG(s) 'example_short_circuit_decorator' retrieved from /Users/naga/Desktop/airflow_env/lib/python3.12/site-packages/airflow/example_dags/example_short_circuit_decorator.py
[2026-06-21T15:41:28.079-0500] {logging_mixin.py:188} INFO - [2026-06-21T15:41:28.079-0500] {dag.py:3089} INFO - Sync 1 DAGs
[2026-06-21T15:41:28.086-0500] {logging_mixin.py:188} INFO - [2026-06-21T15:41:28.086-0500] {dag.py:3947} INFO - Setting next_dagrun for example_short_circuit_decorator to 2026-06-20 00:00:00+00:00, run_after=2026-06-21 00:00:00+00:00
[2026-06-21T15:41:28.094-0500] {processor.py:183} INFO - Processing /Users/naga/Desktop/airflow_env/lib/python3.12/site-packages/airflow/example_dags/example_short_circuit_decorator.py took 0.082 seconds
[2026-06-21T15:43:32.478-0500] {processor.py:161} INFO - Started process (PID=57308) to work on /Users/naga/Desktop/airflow_env/lib/python3.12/site-packages/airflow/example_dags/example_short_circuit_decorator.py
[2026-06-21T15:43:32.479-0500] {processor.py:830} INFO - Processing file /Users/naga/Desktop/airflow_env/lib/python3.12/site-packages/airflow/example_dags/example_short_circuit_decorator.py for tasks to queue
[2026-06-21T15:43:32.479-0500] {logging_mixin.py:188} INFO - [2026-06-21T15:43:32.479-0500] {dagbag.py:545} INFO - Filling up the DagBag from /Users/naga/Desktop/airflow_env/lib/python3.12/site-packages/airflow/example_dags/example_short_circuit_decorator.py
[2026-06-21T15:43:32.500-0500] {processor.py:840} INFO - DAG(s) 'example_short_circuit_decorator' retrieved from /Users/naga/Desktop/airflow_env/lib/python3.12/site-packages/airflow/example_dags/example_short_circuit_decorator.py
[2026-06-21T15:43:32.545-0500] {logging_mixin.py:188} INFO - [2026-06-21T15:43:32.544-0500] {dag.py:3089} INFO - Sync 1 DAGs
[2026-06-21T15:43:32.552-0500] {logging_mixin.py:188} INFO - [2026-06-21T15:43:32.552-0500] {dag.py:3947} INFO - Setting next_dagrun for example_short_circuit_decorator to 2026-06-20 00:00:00+00:00, run_after=2026-06-21 00:00:00+00:00
[2026-06-21T15:43:32.559-0500] {processor.py:183} INFO - Processing /Users/naga/Desktop/airflow_env/lib/python3.12/site-packages/airflow/example_dags/example_short_circuit_decorator.py took 0.083 seconds
[2026-06-21T15:45:37.388-0500] {processor.py:161} INFO - Started process (PID=57433) to work on /Users/naga/Desktop/airflow_env/lib/python3.12/site-packages/airflow/example_dags/example_short_circuit_decorator.py
[2026-06-21T15:45:37.389-0500] {processor.py:830} INFO - Processing file /Users/naga/Desktop/airflow_env/lib/python3.12/site-packages/airflow/example_dags/example_short_circuit_decorator.py for tasks to queue
[2026-06-21T15:45:37.389-0500] {logging_mixin.py:188} INFO - [2026-06-21T15:45:37.389-0500] {dagbag.py:545} INFO - Filling up the DagBag from /Users/naga/Desktop/airflow_env/lib/python3.12/site-packages/airflow/example_dags/example_short_circuit_decorator.py
[2026-06-21T15:45:37.410-0500] {processor.py:840} INFO - DAG(s) 'example_short_circuit_decorator' retrieved from /Users/naga/Desktop/airflow_env/lib/python3.12/site-packages/airflow/example_dags/example_short_circuit_decorator.py
[2026-06-21T15:45:37.456-0500] {logging_mixin.py:188} INFO - [2026-06-21T15:45:37.456-0500] {dag.py:3089} INFO - Sync 1 DAGs
[2026-06-21T15:45:37.463-0500] {logging_mixin.py:188} INFO - [2026-06-21T15:45:37.463-0500] {dag.py:3947} INFO - Setting next_dagrun for example_short_circuit_decorator to 2026-06-20 00:00:00+00:00, run_after=2026-06-21 00:00:00+00:00
[2026-06-21T15:45:37.471-0500] {processor.py:183} INFO - Processing /Users/naga/Desktop/airflow_env/lib/python3.12/site-packages/airflow/example_dags/example_short_circuit_decorator.py took 0.085 seconds
[2026-06-21T15:47:38.622-0500] {processor.py:161} INFO - Started process (PID=57567) to work on /Users/naga/Desktop/airflow_env/lib/python3.12/site-packages/airflow/example_dags/example_short_circuit_decorator.py
[2026-06-21T15:47:38.622-0500] {processor.py:830} INFO - Processing file /Users/naga/Desktop/airflow_env/lib/python3.12/site-packages/airflow/example_dags/example_short_circuit_decorator.py for tasks to queue
[2026-06-21T15:47:38.623-0500] {logging_mixin.py:188} INFO - [2026-06-21T15:47:38.623-0500] {dagbag.py:545} INFO - Filling up the DagBag from /Users/naga/Desktop/airflow_env/lib/python3.12/site-packages/airflow/example_dags/example_short_circuit_decorator.py
[2026-06-21T15:47:38.643-0500] {processor.py:840} INFO - DAG(s) 'example_short_circuit_decorator' retrieved from /Users/naga/Desktop/airflow_env/lib/python3.12/site-packages/airflow/example_dags/example_short_circuit_decorator.py
[2026-06-21T15:47:38.686-0500] {logging_mixin.py:188} INFO - [2026-06-21T15:47:38.686-0500] {dag.py:3089} INFO - Sync 1 DAGs
[2026-06-21T15:47:38.693-0500] {logging_mixin.py:188} INFO - [2026-06-21T15:47:38.693-0500] {dag.py:3947} INFO - Setting next_dagrun for example_short_circuit_decorator to 2026-06-20 00:00:00+00:00, run_after=2026-06-21 00:00:00+00:00
[2026-06-21T15:47:38.703-0500] {processor.py:183} INFO - Processing /Users/naga/Desktop/airflow_env/lib/python3.12/site-packages/airflow/example_dags/example_short_circuit_decorator.py took 0.083 seconds
[2026-06-21T15:49:46.453-0500] {processor.py:161} INFO - Started process (PID=57698) to work on /Users/naga/Desktop/airflow_env/lib/python3.12/site-packages/airflow/example_dags/example_short_circuit_decorator.py
[2026-06-21T15:49:46.454-0500] {processor.py:830} INFO - Processing file /Users/naga/Desktop/airflow_env/lib/python3.12/site-packages/airflow/example_dags/example_short_circuit_decorator.py for tasks to queue
[2026-06-21T15:49:46.454-0500] {logging_mixin.py:188} INFO - [2026-06-21T15:49:46.454-0500] {dagbag.py:545} INFO - Filling up the DagBag from /Users/naga/Desktop/airflow_env/lib/python3.12/site-packages/airflow/example_dags/example_short_circuit_decorator.py
[2026-06-21T15:49:46.475-0500] {processor.py:840} INFO - DAG(s) 'example_short_circuit_decorator' retrieved from /Users/naga/Desktop/airflow_env/lib/python3.12/site-packages/airflow/example_dags/example_short_circuit_decorator.py
[2026-06-21T15:49:46.520-0500] {logging_mixin.py:188} INFO - [2026-06-21T15:49:46.519-0500] {dag.py:3089} INFO - Sync 1 DAGs
[2026-06-21T15:49:46.527-0500] {logging_mixin.py:188} INFO - [2026-06-21T15:49:46.527-0500] {dag.py:3947} INFO - Setting next_dagrun for example_short_circuit_decorator to 2026-06-20 00:00:00+00:00, run_after=2026-06-21 00:00:00+00:00
[2026-06-21T15:49:46.534-0500] {processor.py:183} INFO - Processing /Users/naga/Desktop/airflow_env/lib/python3.12/site-packages/airflow/example_dags/example_short_circuit_decorator.py took 0.083 seconds
[2026-06-21T15:51:52.549-0500] {processor.py:161} INFO - Started process (PID=57805) to work on /Users/naga/Desktop/airflow_env/lib/python3.12/site-packages/airflow/example_dags/example_short_circuit_decorator.py
[2026-06-21T15:51:52.550-0500] {processor.py:830} INFO - Processing file /Users/naga/Desktop/airflow_env/lib/python3.12/site-packages/airflow/example_dags/example_short_circuit_decorator.py for tasks to queue
[2026-06-21T15:51:52.551-0500] {logging_mixin.py:188} INFO - [2026-06-21T15:51:52.551-0500] {dagbag.py:545} INFO - Filling up the DagBag from /Users/naga/Desktop/airflow_env/lib/python3.12/site-packages/airflow/example_dags/example_short_circuit_decorator.py
[2026-06-21T15:51:52.572-0500] {processor.py:840} INFO - DAG(s) 'example_short_circuit_decorator' retrieved from /Users/naga/Desktop/airflow_env/lib/python3.12/site-packages/airflow/example_dags/example_short_circuit_decorator.py
[2026-06-21T15:51:52.616-0500] {logging_mixin.py:188} INFO - [2026-06-21T15:51:52.615-0500] {dag.py:3089} INFO - Sync 1 DAGs
[2026-06-21T15:51:52.623-0500] {logging_mixin.py:188} INFO - [2026-06-21T15:51:52.623-0500] {dag.py:3947} INFO - Setting next_dagrun for example_short_circuit_decorator to 2026-06-20 00:00:00+00:00, run_after=2026-06-21 00:00:00+00:00
[2026-06-21T15:51:52.630-0500] {processor.py:183} INFO - Processing /Users/naga/Desktop/airflow_env/lib/python3.12/site-packages/airflow/example_dags/example_short_circuit_decorator.py took 0.082 seconds
[2026-06-21T15:53:56.538-0500] {processor.py:161} INFO - Started process (PID=57944) to work on /Users/naga/Desktop/airflow_env/lib/python3.12/site-packages/airflow/example_dags/example_short_circuit_decorator.py
[2026-06-21T15:53:56.539-0500] {processor.py:830} INFO - Processing file /Users/naga/Desktop/airflow_env/lib/python3.12/site-packages/airflow/example_dags/example_short_circuit_decorator.py for tasks to queue
[2026-06-21T15:53:56.539-0500] {logging_mixin.py:188} INFO - [2026-06-21T15:53:56.539-0500] {dagbag.py:545} INFO - Filling up the DagBag from /Users/naga/Desktop/airflow_env/lib/python3.12/site-packages/airflow/example_dags/example_short_circuit_decorator.py
[2026-06-21T15:53:56.559-0500] {processor.py:840} INFO - DAG(s) 'example_short_circuit_decorator' retrieved from /Users/naga/Desktop/airflow_env/lib/python3.12/site-packages/airflow/example_dags/example_short_circuit_decorator.py
[2026-06-21T15:53:56.603-0500] {logging_mixin.py:188} INFO - [2026-06-21T15:53:56.603-0500] {dag.py:3089} INFO - Sync 1 DAGs
[2026-06-21T15:53:56.610-0500] {logging_mixin.py:188} INFO - [2026-06-21T15:53:56.610-0500] {dag.py:3947} INFO - Setting next_dagrun for example_short_circuit_decorator to 2026-06-20 00:00:00+00:00, run_after=2026-06-21 00:00:00+00:00
[2026-06-21T15:53:56.618-0500] {processor.py:183} INFO - Processing /Users/naga/Desktop/airflow_env/lib/python3.12/site-packages/airflow/example_dags/example_short_circuit_decorator.py took 0.082 seconds
[2026-06-21T15:56:03.005-0500] {processor.py:161} INFO - Started process (PID=58046) to work on /Users/naga/Desktop/airflow_env/lib/python3.12/site-packages/airflow/example_dags/example_short_circuit_decorator.py
[2026-06-21T15:56:03.006-0500] {processor.py:830} INFO - Processing file /Users/naga/Desktop/airflow_env/lib/python3.12/site-packages/airflow/example_dags/example_short_circuit_decorator.py for tasks to queue
[2026-06-21T15:56:03.007-0500] {logging_mixin.py:188} INFO - [2026-06-21T15:56:03.006-0500] {dagbag.py:545} INFO - Filling up the DagBag from /Users/naga/Desktop/airflow_env/lib/python3.12/site-packages/airflow/example_dags/example_short_circuit_decorator.py
[2026-06-21T15:56:03.027-0500] {processor.py:840} INFO - DAG(s) 'example_short_circuit_decorator' retrieved from /Users/naga/Desktop/airflow_env/lib/python3.12/site-packages/airflow/example_dags/example_short_circuit_decorator.py
[2026-06-21T15:56:03.070-0500] {logging_mixin.py:188} INFO - [2026-06-21T15:56:03.070-0500] {dag.py:3089} INFO - Sync 1 DAGs
[2026-06-21T15:56:03.077-0500] {logging_mixin.py:188} INFO - [2026-06-21T15:56:03.077-0500] {dag.py:3947} INFO - Setting next_dagrun for example_short_circuit_decorator to 2026-06-20 00:00:00+00:00, run_after=2026-06-21 00:00:00+00:00
[2026-06-21T15:56:03.085-0500] {processor.py:183} INFO - Processing /Users/naga/Desktop/airflow_env/lib/python3.12/site-packages/airflow/example_dags/example_short_circuit_decorator.py took 0.081 seconds
[2026-06-21T15:58:10.231-0500] {processor.py:161} INFO - Started process (PID=58175) to work on /Users/naga/Desktop/airflow_env/lib/python3.12/site-packages/airflow/example_dags/example_short_circuit_decorator.py
[2026-06-21T15:58:10.232-0500] {processor.py:830} INFO - Processing file /Users/naga/Desktop/airflow_env/lib/python3.12/site-packages/airflow/example_dags/example_short_circuit_decorator.py for tasks to queue
[2026-06-21T15:58:10.232-0500] {logging_mixin.py:188} INFO - [2026-06-21T15:58:10.232-0500] {dagbag.py:545} INFO - Filling up the DagBag from /Users/naga/Desktop/airflow_env/lib/python3.12/site-packages/airflow/example_dags/example_short_circuit_decorator.py
[2026-06-21T15:58:10.253-0500] {processor.py:840} INFO - DAG(s) 'example_short_circuit_decorator' retrieved from /Users/naga/Desktop/airflow_env/lib/python3.12/site-packages/airflow/example_dags/example_short_circuit_decorator.py
[2026-06-21T15:58:10.297-0500] {logging_mixin.py:188} INFO - [2026-06-21T15:58:10.296-0500] {dag.py:3089} INFO - Sync 1 DAGs
[2026-06-21T15:58:10.304-0500] {logging_mixin.py:188} INFO - [2026-06-21T15:58:10.303-0500] {dag.py:3947} INFO - Setting next_dagrun for example_short_circuit_decorator to 2026-06-20 00:00:00+00:00, run_after=2026-06-21 00:00:00+00:00
[2026-06-21T15:58:10.311-0500] {processor.py:183} INFO - Processing /Users/naga/Desktop/airflow_env/lib/python3.12/site-packages/airflow/example_dags/example_short_circuit_decorator.py took 0.082 seconds
[2026-06-21T16:00:16.789-0500] {processor.py:161} INFO - Started process (PID=58291) to work on /Users/naga/Desktop/airflow_env/lib/python3.12/site-packages/airflow/example_dags/example_short_circuit_decorator.py
[2026-06-21T16:00:16.790-0500] {processor.py:830} INFO - Processing file /Users/naga/Desktop/airflow_env/lib/python3.12/site-packages/airflow/example_dags/example_short_circuit_decorator.py for tasks to queue
[2026-06-21T16:00:16.790-0500] {logging_mixin.py:188} INFO - [2026-06-21T16:00:16.790-0500] {dagbag.py:545} INFO - Filling up the DagBag from /Users/naga/Desktop/airflow_env/lib/python3.12/site-packages/airflow/example_dags/example_short_circuit_decorator.py
[2026-06-21T16:00:16.810-0500] {processor.py:840} INFO - DAG(s) 'example_short_circuit_decorator' retrieved from /Users/naga/Desktop/airflow_env/lib/python3.12/site-packages/airflow/example_dags/example_short_circuit_decorator.py
[2026-06-21T16:00:16.856-0500] {logging_mixin.py:188} INFO - [2026-06-21T16:00:16.856-0500] {dag.py:3089} INFO - Sync 1 DAGs
[2026-06-21T16:00:16.863-0500] {logging_mixin.py:188} INFO - [2026-06-21T16:00:16.863-0500] {dag.py:3947} INFO - Setting next_dagrun for example_short_circuit_decorator to 2026-06-20 00:00:00+00:00, run_after=2026-06-21 00:00:00+00:00
[2026-06-21T16:00:16.871-0500] {processor.py:183} INFO - Processing /Users/naga/Desktop/airflow_env/lib/python3.12/site-packages/airflow/example_dags/example_short_circuit_decorator.py took 0.083 seconds
[2026-06-21T16:02:23.080-0500] {processor.py:161} INFO - Started process (PID=58420) to work on /Users/naga/Desktop/airflow_env/lib/python3.12/site-packages/airflow/example_dags/example_short_circuit_decorator.py
[2026-06-21T16:02:23.081-0500] {processor.py:830} INFO - Processing file /Users/naga/Desktop/airflow_env/lib/python3.12/site-packages/airflow/example_dags/example_short_circuit_decorator.py for tasks to queue
[2026-06-21T16:02:23.081-0500] {logging_mixin.py:188} INFO - [2026-06-21T16:02:23.081-0500] {dagbag.py:545} INFO - Filling up the DagBag from /Users/naga/Desktop/airflow_env/lib/python3.12/site-packages/airflow/example_dags/example_short_circuit_decorator.py
[2026-06-21T16:02:23.103-0500] {processor.py:840} INFO - DAG(s) 'example_short_circuit_decorator' retrieved from /Users/naga/Desktop/airflow_env/lib/python3.12/site-packages/airflow/example_dags/example_short_circuit_decorator.py
[2026-06-21T16:02:23.147-0500] {logging_mixin.py:188} INFO - [2026-06-21T16:02:23.147-0500] {dag.py:3089} INFO - Sync 1 DAGs
[2026-06-21T16:02:23.154-0500] {logging_mixin.py:188} INFO - [2026-06-21T16:02:23.154-0500] {dag.py:3947} INFO - Setting next_dagrun for example_short_circuit_decorator to 2026-06-20 00:00:00+00:00, run_after=2026-06-21 00:00:00+00:00
[2026-06-21T16:02:23.162-0500] {processor.py:183} INFO - Processing /Users/naga/Desktop/airflow_env/lib/python3.12/site-packages/airflow/example_dags/example_short_circuit_decorator.py took 0.083 seconds
[2026-06-21T16:04:31.171-0500] {processor.py:161} INFO - Started process (PID=58556) to work on /Users/naga/Desktop/airflow_env/lib/python3.12/site-packages/airflow/example_dags/example_short_circuit_decorator.py
[2026-06-21T16:04:31.172-0500] {processor.py:830} INFO - Processing file /Users/naga/Desktop/airflow_env/lib/python3.12/site-packages/airflow/example_dags/example_short_circuit_decorator.py for tasks to queue
[2026-06-21T16:04:31.172-0500] {logging_mixin.py:188} INFO - [2026-06-21T16:04:31.172-0500] {dagbag.py:545} INFO - Filling up the DagBag from /Users/naga/Desktop/airflow_env/lib/python3.12/site-packages/airflow/example_dags/example_short_circuit_decorator.py
[2026-06-21T16:04:31.193-0500] {processor.py:840} INFO - DAG(s) 'example_short_circuit_decorator' retrieved from /Users/naga/Desktop/airflow_env/lib/python3.12/site-packages/airflow/example_dags/example_short_circuit_decorator.py
[2026-06-21T16:04:31.236-0500] {logging_mixin.py:188} INFO - [2026-06-21T16:04:31.236-0500] {dag.py:3089} INFO - Sync 1 DAGs
[2026-06-21T16:04:31.244-0500] {logging_mixin.py:188} INFO - [2026-06-21T16:04:31.244-0500] {dag.py:3947} INFO - Setting next_dagrun for example_short_circuit_decorator to 2026-06-20 00:00:00+00:00, run_after=2026-06-21 00:00:00+00:00
[2026-06-21T16:04:31.252-0500] {processor.py:183} INFO - Processing /Users/naga/Desktop/airflow_env/lib/python3.12/site-packages/airflow/example_dags/example_short_circuit_decorator.py took 0.082 seconds
[2026-06-21T16:06:38.605-0500] {processor.py:161} INFO - Started process (PID=58669) to work on /Users/naga/Desktop/airflow_env/lib/python3.12/site-packages/airflow/example_dags/example_short_circuit_decorator.py
[2026-06-21T16:06:38.606-0500] {processor.py:830} INFO - Processing file /Users/naga/Desktop/airflow_env/lib/python3.12/site-packages/airflow/example_dags/example_short_circuit_decorator.py for tasks to queue
[2026-06-21T16:06:38.606-0500] {logging_mixin.py:188} INFO - [2026-06-21T16:06:38.606-0500] {dagbag.py:545} INFO - Filling up the DagBag from /Users/naga/Desktop/airflow_env/lib/python3.12/site-packages/airflow/example_dags/example_short_circuit_decorator.py
[2026-06-21T16:06:38.627-0500] {processor.py:840} INFO - DAG(s) 'example_short_circuit_decorator' retrieved from /Users/naga/Desktop/airflow_env/lib/python3.12/site-packages/airflow/example_dags/example_short_circuit_decorator.py
[2026-06-21T16:06:38.671-0500] {logging_mixin.py:188} INFO - [2026-06-21T16:06:38.671-0500] {dag.py:3089} INFO - Sync 1 DAGs
[2026-06-21T16:06:38.679-0500] {logging_mixin.py:188} INFO - [2026-06-21T16:06:38.678-0500] {dag.py:3947} INFO - Setting next_dagrun for example_short_circuit_decorator to 2026-06-20 00:00:00+00:00, run_after=2026-06-21 00:00:00+00:00
[2026-06-21T16:06:38.686-0500] {processor.py:183} INFO - Processing /Users/naga/Desktop/airflow_env/lib/python3.12/site-packages/airflow/example_dags/example_short_circuit_decorator.py took 0.083 seconds
[2026-06-21T16:08:56.498-0500] {processor.py:161} INFO - Started process (PID=58807) to work on /Users/naga/Desktop/airflow_env/lib/python3.12/site-packages/airflow/example_dags/example_short_circuit_decorator.py
[2026-06-21T16:08:56.499-0500] {processor.py:830} INFO - Processing file /Users/naga/Desktop/airflow_env/lib/python3.12/site-packages/airflow/example_dags/example_short_circuit_decorator.py for tasks to queue
[2026-06-21T16:08:56.499-0500] {logging_mixin.py:188} INFO - [2026-06-21T16:08:56.499-0500] {dagbag.py:545} INFO - Filling up the DagBag from /Users/naga/Desktop/airflow_env/lib/python3.12/site-packages/airflow/example_dags/example_short_circuit_decorator.py
[2026-06-21T16:08:56.521-0500] {processor.py:840} INFO - DAG(s) 'example_short_circuit_decorator' retrieved from /Users/naga/Desktop/airflow_env/lib/python3.12/site-packages/airflow/example_dags/example_short_circuit_decorator.py
[2026-06-21T16:08:56.568-0500] {logging_mixin.py:188} INFO - [2026-06-21T16:08:56.568-0500] {dag.py:3089} INFO - Sync 1 DAGs
[2026-06-21T16:08:56.576-0500] {logging_mixin.py:188} INFO - [2026-06-21T16:08:56.576-0500] {dag.py:3947} INFO - Setting next_dagrun for example_short_circuit_decorator to 2026-06-20 00:00:00+00:00, run_after=2026-06-21 00:00:00+00:00
[2026-06-21T16:08:56.584-0500] {processor.py:183} INFO - Processing /Users/naga/Desktop/airflow_env/lib/python3.12/site-packages/airflow/example_dags/example_short_circuit_decorator.py took 0.089 seconds
[2026-06-21T16:11:05.015-0500] {processor.py:161} INFO - Started process (PID=58951) to work on /Users/naga/Desktop/airflow_env/lib/python3.12/site-packages/airflow/example_dags/example_short_circuit_decorator.py
[2026-06-21T16:11:05.016-0500] {processor.py:830} INFO - Processing file /Users/naga/Desktop/airflow_env/lib/python3.12/site-packages/airflow/example_dags/example_short_circuit_decorator.py for tasks to queue
[2026-06-21T16:11:05.016-0500] {logging_mixin.py:188} INFO - [2026-06-21T16:11:05.016-0500] {dagbag.py:545} INFO - Filling up the DagBag from /Users/naga/Desktop/airflow_env/lib/python3.12/site-packages/airflow/example_dags/example_short_circuit_decorator.py
[2026-06-21T16:11:05.041-0500] {processor.py:840} INFO - DAG(s) 'example_short_circuit_decorator' retrieved from /Users/naga/Desktop/airflow_env/lib/python3.12/site-packages/airflow/example_dags/example_short_circuit_decorator.py
[2026-06-21T16:11:05.093-0500] {logging_mixin.py:188} INFO - [2026-06-21T16:11:05.093-0500] {dag.py:3089} INFO - Sync 1 DAGs
[2026-06-21T16:11:05.102-0500] {logging_mixin.py:188} INFO - [2026-06-21T16:11:05.101-0500] {dag.py:3947} INFO - Setting next_dagrun for example_short_circuit_decorator to 2026-06-20 00:00:00+00:00, run_after=2026-06-21 00:00:00+00:00
[2026-06-21T16:11:05.111-0500] {processor.py:183} INFO - Processing /Users/naga/Desktop/airflow_env/lib/python3.12/site-packages/airflow/example_dags/example_short_circuit_decorator.py took 0.098 seconds
[2026-06-21T16:12:14.675-0500] {processor.py:161} INFO - Started process (PID=59006) to work on /Users/naga/Desktop/airflow_env/lib/python3.12/site-packages/airflow/example_dags/example_short_circuit_decorator.py
[2026-06-21T16:12:14.680-0500] {processor.py:830} INFO - Processing file /Users/naga/Desktop/airflow_env/lib/python3.12/site-packages/airflow/example_dags/example_short_circuit_decorator.py for tasks to queue
[2026-06-21T16:12:14.680-0500] {logging_mixin.py:188} INFO - [2026-06-21T16:12:14.680-0500] {dagbag.py:545} INFO - Filling up the DagBag from /Users/naga/Desktop/airflow_env/lib/python3.12/site-packages/airflow/example_dags/example_short_circuit_decorator.py
[2026-06-21T16:12:14.704-0500] {processor.py:840} INFO - DAG(s) 'example_short_circuit_decorator' retrieved from /Users/naga/Desktop/airflow_env/lib/python3.12/site-packages/airflow/example_dags/example_short_circuit_decorator.py
[2026-06-21T16:12:14.749-0500] {logging_mixin.py:188} INFO - [2026-06-21T16:12:14.748-0500] {dag.py:3089} INFO - Sync 1 DAGs
[2026-06-21T16:12:14.756-0500] {logging_mixin.py:188} INFO - [2026-06-21T16:12:14.756-0500] {dag.py:3947} INFO - Setting next_dagrun for example_short_circuit_decorator to 2026-06-20 00:00:00+00:00, run_after=2026-06-21 00:00:00+00:00
[2026-06-21T16:12:14.764-0500] {processor.py:183} INFO - Processing /Users/naga/Desktop/airflow_env/lib/python3.12/site-packages/airflow/example_dags/example_short_circuit_decorator.py took 0.090 seconds
[2026-06-21T16:14:26.475-0500] {processor.py:161} INFO - Started process (PID=59125) to work on /Users/naga/Desktop/airflow_env/lib/python3.12/site-packages/airflow/example_dags/example_short_circuit_decorator.py
[2026-06-21T16:14:26.477-0500] {processor.py:830} INFO - Processing file /Users/naga/Desktop/airflow_env/lib/python3.12/site-packages/airflow/example_dags/example_short_circuit_decorator.py for tasks to queue
[2026-06-21T16:14:26.477-0500] {logging_mixin.py:188} INFO - [2026-06-21T16:14:26.477-0500] {dagbag.py:545} INFO - Filling up the DagBag from /Users/naga/Desktop/airflow_env/lib/python3.12/site-packages/airflow/example_dags/example_short_circuit_decorator.py
[2026-06-21T16:14:26.500-0500] {processor.py:840} INFO - DAG(s) 'example_short_circuit_decorator' retrieved from /Users/naga/Desktop/airflow_env/lib/python3.12/site-packages/airflow/example_dags/example_short_circuit_decorator.py
[2026-06-21T16:14:26.547-0500] {logging_mixin.py:188} INFO - [2026-06-21T16:14:26.547-0500] {dag.py:3089} INFO - Sync 1 DAGs
[2026-06-21T16:14:26.555-0500] {logging_mixin.py:188} INFO - [2026-06-21T16:14:26.554-0500] {dag.py:3947} INFO - Setting next_dagrun for example_short_circuit_decorator to 2026-06-20 00:00:00+00:00, run_after=2026-06-21 00:00:00+00:00
[2026-06-21T16:14:26.563-0500] {processor.py:183} INFO - Processing /Users/naga/Desktop/airflow_env/lib/python3.12/site-packages/airflow/example_dags/example_short_circuit_decorator.py took 0.089 seconds
[2026-06-21T16:16:36.445-0500] {processor.py:161} INFO - Started process (PID=59256) to work on /Users/naga/Desktop/airflow_env/lib/python3.12/site-packages/airflow/example_dags/example_short_circuit_decorator.py
[2026-06-21T16:16:36.446-0500] {processor.py:830} INFO - Processing file /Users/naga/Desktop/airflow_env/lib/python3.12/site-packages/airflow/example_dags/example_short_circuit_decorator.py for tasks to queue
[2026-06-21T16:16:36.446-0500] {logging_mixin.py:188} INFO - [2026-06-21T16:16:36.446-0500] {dagbag.py:545} INFO - Filling up the DagBag from /Users/naga/Desktop/airflow_env/lib/python3.12/site-packages/airflow/example_dags/example_short_circuit_decorator.py
[2026-06-21T16:16:36.469-0500] {processor.py:840} INFO - DAG(s) 'example_short_circuit_decorator' retrieved from /Users/naga/Desktop/airflow_env/lib/python3.12/site-packages/airflow/example_dags/example_short_circuit_decorator.py
[2026-06-21T16:16:36.518-0500] {logging_mixin.py:188} INFO - [2026-06-21T16:16:36.518-0500] {dag.py:3089} INFO - Sync 1 DAGs
[2026-06-21T16:16:36.526-0500] {logging_mixin.py:188} INFO - [2026-06-21T16:16:36.526-0500] {dag.py:3947} INFO - Setting next_dagrun for example_short_circuit_decorator to 2026-06-20 00:00:00+00:00, run_after=2026-06-21 00:00:00+00:00
[2026-06-21T16:16:36.536-0500] {processor.py:183} INFO - Processing /Users/naga/Desktop/airflow_env/lib/python3.12/site-packages/airflow/example_dags/example_short_circuit_decorator.py took 0.092 seconds
[2026-06-21T16:18:50.191-0500] {processor.py:161} INFO - Started process (PID=59406) to work on /Users/naga/Desktop/airflow_env/lib/python3.12/site-packages/airflow/example_dags/example_short_circuit_decorator.py
[2026-06-21T16:18:50.192-0500] {processor.py:830} INFO - Processing file /Users/naga/Desktop/airflow_env/lib/python3.12/site-packages/airflow/example_dags/example_short_circuit_decorator.py for tasks to queue
[2026-06-21T16:18:50.193-0500] {logging_mixin.py:188} INFO - [2026-06-21T16:18:50.192-0500] {dagbag.py:545} INFO - Filling up the DagBag from /Users/naga/Desktop/airflow_env/lib/python3.12/site-packages/airflow/example_dags/example_short_circuit_decorator.py
[2026-06-21T16:18:50.214-0500] {processor.py:840} INFO - DAG(s) 'example_short_circuit_decorator' retrieved from /Users/naga/Desktop/airflow_env/lib/python3.12/site-packages/airflow/example_dags/example_short_circuit_decorator.py
[2026-06-21T16:18:50.262-0500] {logging_mixin.py:188} INFO - [2026-06-21T16:18:50.261-0500] {dag.py:3089} INFO - Sync 1 DAGs
[2026-06-21T16:18:50.269-0500] {logging_mixin.py:188} INFO - [2026-06-21T16:18:50.269-0500] {dag.py:3947} INFO - Setting next_dagrun for example_short_circuit_decorator to 2026-06-20 00:00:00+00:00, run_after=2026-06-21 00:00:00+00:00
[2026-06-21T16:18:50.277-0500] {processor.py:183} INFO - Processing /Users/naga/Desktop/airflow_env/lib/python3.12/site-packages/airflow/example_dags/example_short_circuit_decorator.py took 0.088 seconds
[2026-06-21T16:20:57.942-0500] {processor.py:161} INFO - Started process (PID=59545) to work on /Users/naga/Desktop/airflow_env/lib/python3.12/site-packages/airflow/example_dags/example_short_circuit_decorator.py
[2026-06-21T16:20:57.950-0500] {processor.py:830} INFO - Processing file /Users/naga/Desktop/airflow_env/lib/python3.12/site-packages/airflow/example_dags/example_short_circuit_decorator.py for tasks to queue
[2026-06-21T16:20:57.951-0500] {logging_mixin.py:188} INFO - [2026-06-21T16:20:57.951-0500] {dagbag.py:545} INFO - Filling up the DagBag from /Users/naga/Desktop/airflow_env/lib/python3.12/site-packages/airflow/example_dags/example_short_circuit_decorator.py
[2026-06-21T16:20:57.974-0500] {processor.py:840} INFO - DAG(s) 'example_short_circuit_decorator' retrieved from /Users/naga/Desktop/airflow_env/lib/python3.12/site-packages/airflow/example_dags/example_short_circuit_decorator.py
[2026-06-21T16:20:58.023-0500] {logging_mixin.py:188} INFO - [2026-06-21T16:20:58.023-0500] {dag.py:3089} INFO - Sync 1 DAGs
[2026-06-21T16:20:58.031-0500] {logging_mixin.py:188} INFO - [2026-06-21T16:20:58.031-0500] {dag.py:3947} INFO - Setting next_dagrun for example_short_circuit_decorator to 2026-06-20 00:00:00+00:00, run_after=2026-06-21 00:00:00+00:00
[2026-06-21T16:20:58.039-0500] {processor.py:183} INFO - Processing /Users/naga/Desktop/airflow_env/lib/python3.12/site-packages/airflow/example_dags/example_short_circuit_decorator.py took 0.099 seconds
[2026-06-21T16:23:07.279-0500] {processor.py:161} INFO - Started process (PID=59674) to work on /Users/naga/Desktop/airflow_env/lib/python3.12/site-packages/airflow/example_dags/example_short_circuit_decorator.py
[2026-06-21T16:23:07.280-0500] {processor.py:830} INFO - Processing file /Users/naga/Desktop/airflow_env/lib/python3.12/site-packages/airflow/example_dags/example_short_circuit_decorator.py for tasks to queue
[2026-06-21T16:23:07.280-0500] {logging_mixin.py:188} INFO - [2026-06-21T16:23:07.280-0500] {dagbag.py:545} INFO - Filling up the DagBag from /Users/naga/Desktop/airflow_env/lib/python3.12/site-packages/airflow/example_dags/example_short_circuit_decorator.py
[2026-06-21T16:23:07.302-0500] {processor.py:840} INFO - DAG(s) 'example_short_circuit_decorator' retrieved from /Users/naga/Desktop/airflow_env/lib/python3.12/site-packages/airflow/example_dags/example_short_circuit_decorator.py
[2026-06-21T16:23:07.349-0500] {logging_mixin.py:188} INFO - [2026-06-21T16:23:07.349-0500] {dag.py:3089} INFO - Sync 1 DAGs
[2026-06-21T16:23:07.357-0500] {logging_mixin.py:188} INFO - [2026-06-21T16:23:07.356-0500] {dag.py:3947} INFO - Setting next_dagrun for example_short_circuit_decorator to 2026-06-20 00:00:00+00:00, run_after=2026-06-21 00:00:00+00:00
[2026-06-21T16:23:07.371-0500] {processor.py:183} INFO - Processing /Users/naga/Desktop/airflow_env/lib/python3.12/site-packages/airflow/example_dags/example_short_circuit_decorator.py took 0.093 seconds
[2026-06-21T16:25:16.163-0500] {processor.py:161} INFO - Started process (PID=59796) to work on /Users/naga/Desktop/airflow_env/lib/python3.12/site-packages/airflow/example_dags/example_short_circuit_decorator.py
[2026-06-21T16:25:16.182-0500] {processor.py:830} INFO - Processing file /Users/naga/Desktop/airflow_env/lib/python3.12/site-packages/airflow/example_dags/example_short_circuit_decorator.py for tasks to queue
[2026-06-21T16:25:16.183-0500] {logging_mixin.py:188} INFO - [2026-06-21T16:25:16.183-0500] {dagbag.py:545} INFO - Filling up the DagBag from /Users/naga/Desktop/airflow_env/lib/python3.12/site-packages/airflow/example_dags/example_short_circuit_decorator.py
[2026-06-21T16:25:16.210-0500] {processor.py:840} INFO - DAG(s) 'example_short_circuit_decorator' retrieved from /Users/naga/Desktop/airflow_env/lib/python3.12/site-packages/airflow/example_dags/example_short_circuit_decorator.py
[2026-06-21T16:25:16.255-0500] {logging_mixin.py:188} INFO - [2026-06-21T16:25:16.255-0500] {dag.py:3089} INFO - Sync 1 DAGs
[2026-06-21T16:25:16.271-0500] {logging_mixin.py:188} INFO - [2026-06-21T16:25:16.271-0500] {dag.py:3947} INFO - Setting next_dagrun for example_short_circuit_decorator to 2026-06-20 00:00:00+00:00, run_after=2026-06-21 00:00:00+00:00
[2026-06-21T16:25:16.293-0500] {processor.py:183} INFO - Processing /Users/naga/Desktop/airflow_env/lib/python3.12/site-packages/airflow/example_dags/example_short_circuit_decorator.py took 0.131 seconds
[2026-06-21T16:27:36.528-0500] {processor.py:161} INFO - Started process (PID=59962) to work on /Users/naga/Desktop/airflow_env/lib/python3.12/site-packages/airflow/example_dags/example_short_circuit_decorator.py
[2026-06-21T16:27:36.529-0500] {processor.py:830} INFO - Processing file /Users/naga/Desktop/airflow_env/lib/python3.12/site-packages/airflow/example_dags/example_short_circuit_decorator.py for tasks to queue
[2026-06-21T16:27:36.529-0500] {logging_mixin.py:188} INFO - [2026-06-21T16:27:36.529-0500] {dagbag.py:545} INFO - Filling up the DagBag from /Users/naga/Desktop/airflow_env/lib/python3.12/site-packages/airflow/example_dags/example_short_circuit_decorator.py
[2026-06-21T16:27:36.556-0500] {processor.py:840} INFO - DAG(s) 'example_short_circuit_decorator' retrieved from /Users/naga/Desktop/airflow_env/lib/python3.12/site-packages/airflow/example_dags/example_short_circuit_decorator.py
[2026-06-21T16:27:36.601-0500] {logging_mixin.py:188} INFO - [2026-06-21T16:27:36.601-0500] {dag.py:3089} INFO - Sync 1 DAGs
[2026-06-21T16:27:36.608-0500] {logging_mixin.py:188} INFO - [2026-06-21T16:27:36.608-0500] {dag.py:3947} INFO - Setting next_dagrun for example_short_circuit_decorator to 2026-06-20 00:00:00+00:00, run_after=2026-06-21 00:00:00+00:00
[2026-06-21T16:27:36.618-0500] {processor.py:183} INFO - Processing /Users/naga/Desktop/airflow_env/lib/python3.12/site-packages/airflow/example_dags/example_short_circuit_decorator.py took 0.090 seconds
[2026-06-21T16:29:47.863-0500] {processor.py:161} INFO - Started process (PID=60072) to work on /Users/naga/Desktop/airflow_env/lib/python3.12/site-packages/airflow/example_dags/example_short_circuit_decorator.py
[2026-06-21T16:29:47.864-0500] {processor.py:830} INFO - Processing file /Users/naga/Desktop/airflow_env/lib/python3.12/site-packages/airflow/example_dags/example_short_circuit_decorator.py for tasks to queue
[2026-06-21T16:29:47.864-0500] {logging_mixin.py:188} INFO - [2026-06-21T16:29:47.864-0500] {dagbag.py:545} INFO - Filling up the DagBag from /Users/naga/Desktop/airflow_env/lib/python3.12/site-packages/airflow/example_dags/example_short_circuit_decorator.py
[2026-06-21T16:29:47.885-0500] {processor.py:840} INFO - DAG(s) 'example_short_circuit_decorator' retrieved from /Users/naga/Desktop/airflow_env/lib/python3.12/site-packages/airflow/example_dags/example_short_circuit_decorator.py
[2026-06-21T16:29:47.929-0500] {logging_mixin.py:188} INFO - [2026-06-21T16:29:47.929-0500] {dag.py:3089} INFO - Sync 1 DAGs
[2026-06-21T16:29:47.936-0500] {logging_mixin.py:188} INFO - [2026-06-21T16:29:47.936-0500] {dag.py:3947} INFO - Setting next_dagrun for example_short_circuit_decorator to 2026-06-20 00:00:00+00:00, run_after=2026-06-21 00:00:00+00:00
[2026-06-21T16:29:47.944-0500] {processor.py:183} INFO - Processing /Users/naga/Desktop/airflow_env/lib/python3.12/site-packages/airflow/example_dags/example_short_circuit_decorator.py took 0.082 seconds
[2026-06-21T16:31:52.879-0500] {processor.py:161} INFO - Started process (PID=60219) to work on /Users/naga/Desktop/airflow_env/lib/python3.12/site-packages/airflow/example_dags/example_short_circuit_decorator.py
[2026-06-21T16:31:52.880-0500] {processor.py:830} INFO - Processing file /Users/naga/Desktop/airflow_env/lib/python3.12/site-packages/airflow/example_dags/example_short_circuit_decorator.py for tasks to queue
[2026-06-21T16:31:52.880-0500] {logging_mixin.py:188} INFO - [2026-06-21T16:31:52.880-0500] {dagbag.py:545} INFO - Filling up the DagBag from /Users/naga/Desktop/airflow_env/lib/python3.12/site-packages/airflow/example_dags/example_short_circuit_decorator.py
[2026-06-21T16:31:52.902-0500] {processor.py:840} INFO - DAG(s) 'example_short_circuit_decorator' retrieved from /Users/naga/Desktop/airflow_env/lib/python3.12/site-packages/airflow/example_dags/example_short_circuit_decorator.py
[2026-06-21T16:31:52.948-0500] {logging_mixin.py:188} INFO - [2026-06-21T16:31:52.948-0500] {dag.py:3089} INFO - Sync 1 DAGs
[2026-06-21T16:31:52.956-0500] {logging_mixin.py:188} INFO - [2026-06-21T16:31:52.956-0500] {dag.py:3947} INFO - Setting next_dagrun for example_short_circuit_decorator to 2026-06-20 00:00:00+00:00, run_after=2026-06-21 00:00:00+00:00
[2026-06-21T16:31:52.965-0500] {processor.py:183} INFO - Processing /Users/naga/Desktop/airflow_env/lib/python3.12/site-packages/airflow/example_dags/example_short_circuit_decorator.py took 0.087 seconds
[2026-06-21T16:33:53.430-0500] {processor.py:161} INFO - Started process (PID=60333) to work on /Users/naga/Desktop/airflow_env/lib/python3.12/site-packages/airflow/example_dags/example_short_circuit_decorator.py
[2026-06-21T16:33:53.431-0500] {processor.py:830} INFO - Processing file /Users/naga/Desktop/airflow_env/lib/python3.12/site-packages/airflow/example_dags/example_short_circuit_decorator.py for tasks to queue
[2026-06-21T16:33:53.431-0500] {logging_mixin.py:188} INFO - [2026-06-21T16:33:53.431-0500] {dagbag.py:545} INFO - Filling up the DagBag from /Users/naga/Desktop/airflow_env/lib/python3.12/site-packages/airflow/example_dags/example_short_circuit_decorator.py
[2026-06-21T16:33:53.452-0500] {processor.py:840} INFO - DAG(s) 'example_short_circuit_decorator' retrieved from /Users/naga/Desktop/airflow_env/lib/python3.12/site-packages/airflow/example_dags/example_short_circuit_decorator.py
[2026-06-21T16:33:53.497-0500] {logging_mixin.py:188} INFO - [2026-06-21T16:33:53.497-0500] {dag.py:3089} INFO - Sync 1 DAGs
[2026-06-21T16:33:53.505-0500] {logging_mixin.py:188} INFO - [2026-06-21T16:33:53.504-0500] {dag.py:3947} INFO - Setting next_dagrun for example_short_circuit_decorator to 2026-06-20 00:00:00+00:00, run_after=2026-06-21 00:00:00+00:00
[2026-06-21T16:33:53.512-0500] {processor.py:183} INFO - Processing /Users/naga/Desktop/airflow_env/lib/python3.12/site-packages/airflow/example_dags/example_short_circuit_decorator.py took 0.083 seconds
[2026-06-21T16:36:02.387-0500] {processor.py:161} INFO - Started process (PID=60461) to work on /Users/naga/Desktop/airflow_env/lib/python3.12/site-packages/airflow/example_dags/example_short_circuit_decorator.py
[2026-06-21T16:36:02.388-0500] {processor.py:830} INFO - Processing file /Users/naga/Desktop/airflow_env/lib/python3.12/site-packages/airflow/example_dags/example_short_circuit_decorator.py for tasks to queue
[2026-06-21T16:36:02.388-0500] {logging_mixin.py:188} INFO - [2026-06-21T16:36:02.388-0500] {dagbag.py:545} INFO - Filling up the DagBag from /Users/naga/Desktop/airflow_env/lib/python3.12/site-packages/airflow/example_dags/example_short_circuit_decorator.py
[2026-06-21T16:36:02.410-0500] {processor.py:840} INFO - DAG(s) 'example_short_circuit_decorator' retrieved from /Users/naga/Desktop/airflow_env/lib/python3.12/site-packages/airflow/example_dags/example_short_circuit_decorator.py
[2026-06-21T16:36:02.457-0500] {logging_mixin.py:188} INFO - [2026-06-21T16:36:02.457-0500] {dag.py:3089} INFO - Sync 1 DAGs
[2026-06-21T16:36:02.465-0500] {logging_mixin.py:188} INFO - [2026-06-21T16:36:02.465-0500] {dag.py:3947} INFO - Setting next_dagrun for example_short_circuit_decorator to 2026-06-20 00:00:00+00:00, run_after=2026-06-21 00:00:00+00:00
[2026-06-21T16:36:02.473-0500] {processor.py:183} INFO - Processing /Users/naga/Desktop/airflow_env/lib/python3.12/site-packages/airflow/example_dags/example_short_circuit_decorator.py took 0.087 seconds
[2026-06-21T16:38:06.033-0500] {processor.py:161} INFO - Started process (PID=60590) to work on /Users/naga/Desktop/airflow_env/lib/python3.12/site-packages/airflow/example_dags/example_short_circuit_decorator.py
[2026-06-21T16:38:06.034-0500] {processor.py:830} INFO - Processing file /Users/naga/Desktop/airflow_env/lib/python3.12/site-packages/airflow/example_dags/example_short_circuit_decorator.py for tasks to queue
[2026-06-21T16:38:06.035-0500] {logging_mixin.py:188} INFO - [2026-06-21T16:38:06.035-0500] {dagbag.py:545} INFO - Filling up the DagBag from /Users/naga/Desktop/airflow_env/lib/python3.12/site-packages/airflow/example_dags/example_short_circuit_decorator.py
[2026-06-21T16:38:06.055-0500] {processor.py:840} INFO - DAG(s) 'example_short_circuit_decorator' retrieved from /Users/naga/Desktop/airflow_env/lib/python3.12/site-packages/airflow/example_dags/example_short_circuit_decorator.py
[2026-06-21T16:38:06.101-0500] {logging_mixin.py:188} INFO - [2026-06-21T16:38:06.100-0500] {dag.py:3089} INFO - Sync 1 DAGs
[2026-06-21T16:38:06.108-0500] {logging_mixin.py:188} INFO - [2026-06-21T16:38:06.108-0500] {dag.py:3947} INFO - Setting next_dagrun for example_short_circuit_decorator to 2026-06-20 00:00:00+00:00, run_after=2026-06-21 00:00:00+00:00
[2026-06-21T16:38:06.115-0500] {processor.py:183} INFO - Processing /Users/naga/Desktop/airflow_env/lib/python3.12/site-packages/airflow/example_dags/example_short_circuit_decorator.py took 0.084 seconds
[2026-06-21T16:40:13.019-0500] {processor.py:161} INFO - Started process (PID=60713) to work on /Users/naga/Desktop/airflow_env/lib/python3.12/site-packages/airflow/example_dags/example_short_circuit_decorator.py
[2026-06-21T16:40:13.020-0500] {processor.py:830} INFO - Processing file /Users/naga/Desktop/airflow_env/lib/python3.12/site-packages/airflow/example_dags/example_short_circuit_decorator.py for tasks to queue
[2026-06-21T16:40:13.020-0500] {logging_mixin.py:188} INFO - [2026-06-21T16:40:13.020-0500] {dagbag.py:545} INFO - Filling up the DagBag from /Users/naga/Desktop/airflow_env/lib/python3.12/site-packages/airflow/example_dags/example_short_circuit_decorator.py
[2026-06-21T16:40:13.041-0500] {processor.py:840} INFO - DAG(s) 'example_short_circuit_decorator' retrieved from /Users/naga/Desktop/airflow_env/lib/python3.12/site-packages/airflow/example_dags/example_short_circuit_decorator.py
[2026-06-21T16:40:13.084-0500] {logging_mixin.py:188} INFO - [2026-06-21T16:40:13.084-0500] {dag.py:3089} INFO - Sync 1 DAGs
[2026-06-21T16:40:13.091-0500] {logging_mixin.py:188} INFO - [2026-06-21T16:40:13.091-0500] {dag.py:3947} INFO - Setting next_dagrun for example_short_circuit_decorator to 2026-06-20 00:00:00+00:00, run_after=2026-06-21 00:00:00+00:00
[2026-06-21T16:40:13.099-0500] {processor.py:183} INFO - Processing /Users/naga/Desktop/airflow_env/lib/python3.12/site-packages/airflow/example_dags/example_short_circuit_decorator.py took 0.082 seconds
[2026-06-21T16:42:46.154-0500] {processor.py:161} INFO - Started process (PID=60835) to work on /Users/naga/Desktop/airflow_env/lib/python3.12/site-packages/airflow/example_dags/example_short_circuit_decorator.py
[2026-06-21T16:42:46.156-0500] {processor.py:830} INFO - Processing file /Users/naga/Desktop/airflow_env/lib/python3.12/site-packages/airflow/example_dags/example_short_circuit_decorator.py for tasks to queue
[2026-06-21T16:42:46.156-0500] {logging_mixin.py:188} INFO - [2026-06-21T16:42:46.156-0500] {dagbag.py:545} INFO - Filling up the DagBag from /Users/naga/Desktop/airflow_env/lib/python3.12/site-packages/airflow/example_dags/example_short_circuit_decorator.py
[2026-06-21T16:42:46.195-0500] {processor.py:840} INFO - DAG(s) 'example_short_circuit_decorator' retrieved from /Users/naga/Desktop/airflow_env/lib/python3.12/site-packages/airflow/example_dags/example_short_circuit_decorator.py
[2026-06-21T16:42:46.274-0500] {logging_mixin.py:188} INFO - [2026-06-21T16:42:46.273-0500] {dag.py:3089} INFO - Sync 1 DAGs
[2026-06-21T16:42:46.287-0500] {logging_mixin.py:188} INFO - [2026-06-21T16:42:46.287-0500] {dag.py:3947} INFO - Setting next_dagrun for example_short_circuit_decorator to 2026-06-20 00:00:00+00:00, run_after=2026-06-21 00:00:00+00:00
[2026-06-21T16:42:46.301-0500] {processor.py:183} INFO - Processing /Users/naga/Desktop/airflow_env/lib/python3.12/site-packages/airflow/example_dags/example_short_circuit_decorator.py took 0.150 seconds
[2026-06-21T16:44:43.362-0500] {processor.py:161} INFO - Started process (PID=60938) to work on /Users/naga/Desktop/airflow_env/lib/python3.12/site-packages/airflow/example_dags/example_short_circuit_decorator.py
[2026-06-21T16:44:43.366-0500] {processor.py:830} INFO - Processing file /Users/naga/Desktop/airflow_env/lib/python3.12/site-packages/airflow/example_dags/example_short_circuit_decorator.py for tasks to queue
[2026-06-21T16:44:43.367-0500] {logging_mixin.py:188} INFO - [2026-06-21T16:44:43.367-0500] {dagbag.py:545} INFO - Filling up the DagBag from /Users/naga/Desktop/airflow_env/lib/python3.12/site-packages/airflow/example_dags/example_short_circuit_decorator.py
[2026-06-21T16:44:43.405-0500] {processor.py:840} INFO - DAG(s) 'example_short_circuit_decorator' retrieved from /Users/naga/Desktop/airflow_env/lib/python3.12/site-packages/airflow/example_dags/example_short_circuit_decorator.py
[2026-06-21T16:44:43.481-0500] {logging_mixin.py:188} INFO - [2026-06-21T16:44:43.480-0500] {dag.py:3089} INFO - Sync 1 DAGs
[2026-06-21T16:44:43.493-0500] {logging_mixin.py:188} INFO - [2026-06-21T16:44:43.493-0500] {dag.py:3947} INFO - Setting next_dagrun for example_short_circuit_decorator to 2026-06-20 00:00:00+00:00, run_after=2026-06-21 00:00:00+00:00
[2026-06-21T16:44:43.506-0500] {processor.py:183} INFO - Processing /Users/naga/Desktop/airflow_env/lib/python3.12/site-packages/airflow/example_dags/example_short_circuit_decorator.py took 0.147 seconds
[2026-06-21T16:46:16.590-0500] {processor.py:161} INFO - Started process (PID=61011) to work on /Users/naga/Desktop/airflow_env/lib/python3.12/site-packages/airflow/example_dags/example_short_circuit_decorator.py
[2026-06-21T16:46:16.593-0500] {processor.py:830} INFO - Processing file /Users/naga/Desktop/airflow_env/lib/python3.12/site-packages/airflow/example_dags/example_short_circuit_decorator.py for tasks to queue
[2026-06-21T16:46:16.593-0500] {logging_mixin.py:188} INFO - [2026-06-21T16:46:16.593-0500] {dagbag.py:545} INFO - Filling up the DagBag from /Users/naga/Desktop/airflow_env/lib/python3.12/site-packages/airflow/example_dags/example_short_circuit_decorator.py
[2026-06-21T16:46:16.628-0500] {processor.py:840} INFO - DAG(s) 'example_short_circuit_decorator' retrieved from /Users/naga/Desktop/airflow_env/lib/python3.12/site-packages/airflow/example_dags/example_short_circuit_decorator.py
[2026-06-21T16:46:16.703-0500] {logging_mixin.py:188} INFO - [2026-06-21T16:46:16.703-0500] {dag.py:3089} INFO - Sync 1 DAGs
[2026-06-21T16:46:16.715-0500] {logging_mixin.py:188} INFO - [2026-06-21T16:46:16.715-0500] {dag.py:3947} INFO - Setting next_dagrun for example_short_circuit_decorator to 2026-06-20 00:00:00+00:00, run_after=2026-06-21 00:00:00+00:00
[2026-06-21T16:46:16.728-0500] {processor.py:183} INFO - Processing /Users/naga/Desktop/airflow_env/lib/python3.12/site-packages/airflow/example_dags/example_short_circuit_decorator.py took 0.141 seconds
[2026-06-21T17:49:11.713-0500] {processor.py:161} INFO - Started process (PID=61106) to work on /Users/naga/Desktop/airflow_env/lib/python3.12/site-packages/airflow/example_dags/example_short_circuit_decorator.py
[2026-06-21T17:49:11.715-0500] {processor.py:830} INFO - Processing file /Users/naga/Desktop/airflow_env/lib/python3.12/site-packages/airflow/example_dags/example_short_circuit_decorator.py for tasks to queue
[2026-06-21T17:49:11.715-0500] {logging_mixin.py:188} INFO - [2026-06-21T17:49:11.715-0500] {dagbag.py:545} INFO - Filling up the DagBag from /Users/naga/Desktop/airflow_env/lib/python3.12/site-packages/airflow/example_dags/example_short_circuit_decorator.py
[2026-06-21T17:49:11.751-0500] {processor.py:840} INFO - DAG(s) 'example_short_circuit_decorator' retrieved from /Users/naga/Desktop/airflow_env/lib/python3.12/site-packages/airflow/example_dags/example_short_circuit_decorator.py
[2026-06-21T17:49:11.827-0500] {logging_mixin.py:188} INFO - [2026-06-21T17:49:11.827-0500] {dag.py:3089} INFO - Sync 1 DAGs
[2026-06-21T17:49:11.840-0500] {logging_mixin.py:188} INFO - [2026-06-21T17:49:11.840-0500] {dag.py:3947} INFO - Setting next_dagrun for example_short_circuit_decorator to 2026-06-20 00:00:00+00:00, run_after=2026-06-21 00:00:00+00:00
[2026-06-21T17:49:11.854-0500] {processor.py:183} INFO - Processing /Users/naga/Desktop/airflow_env/lib/python3.12/site-packages/airflow/example_dags/example_short_circuit_decorator.py took 0.143 seconds
[2026-06-21T18:48:46.330-0500] {processor.py:161} INFO - Started process (PID=61235) to work on /Users/naga/Desktop/airflow_env/lib/python3.12/site-packages/airflow/example_dags/example_short_circuit_decorator.py
[2026-06-21T18:48:46.331-0500] {processor.py:830} INFO - Processing file /Users/naga/Desktop/airflow_env/lib/python3.12/site-packages/airflow/example_dags/example_short_circuit_decorator.py for tasks to queue
[2026-06-21T18:48:46.332-0500] {logging_mixin.py:188} INFO - [2026-06-21T18:48:46.332-0500] {dagbag.py:545} INFO - Filling up the DagBag from /Users/naga/Desktop/airflow_env/lib/python3.12/site-packages/airflow/example_dags/example_short_circuit_decorator.py
[2026-06-21T18:48:46.366-0500] {processor.py:840} INFO - DAG(s) 'example_short_circuit_decorator' retrieved from /Users/naga/Desktop/airflow_env/lib/python3.12/site-packages/airflow/example_dags/example_short_circuit_decorator.py
[2026-06-21T18:48:46.440-0500] {logging_mixin.py:188} INFO - [2026-06-21T18:48:46.440-0500] {dag.py:3089} INFO - Sync 1 DAGs
[2026-06-21T18:48:46.453-0500] {logging_mixin.py:188} INFO - [2026-06-21T18:48:46.453-0500] {dag.py:3947} INFO - Setting next_dagrun for example_short_circuit_decorator to 2026-06-20 00:00:00+00:00, run_after=2026-06-21 00:00:00+00:00
[2026-06-21T18:48:46.466-0500] {processor.py:183} INFO - Processing /Users/naga/Desktop/airflow_env/lib/python3.12/site-packages/airflow/example_dags/example_short_circuit_decorator.py took 0.138 seconds
[2026-06-21T18:56:58.898-0500] {processor.py:161} INFO - Started process (PID=61348) to work on /Users/naga/Desktop/airflow_env/lib/python3.12/site-packages/airflow/example_dags/example_short_circuit_decorator.py
[2026-06-21T18:56:58.899-0500] {processor.py:830} INFO - Processing file /Users/naga/Desktop/airflow_env/lib/python3.12/site-packages/airflow/example_dags/example_short_circuit_decorator.py for tasks to queue
[2026-06-21T18:56:58.900-0500] {logging_mixin.py:188} INFO - [2026-06-21T18:56:58.900-0500] {dagbag.py:545} INFO - Filling up the DagBag from /Users/naga/Desktop/airflow_env/lib/python3.12/site-packages/airflow/example_dags/example_short_circuit_decorator.py
[2026-06-21T18:56:58.935-0500] {processor.py:840} INFO - DAG(s) 'example_short_circuit_decorator' retrieved from /Users/naga/Desktop/airflow_env/lib/python3.12/site-packages/airflow/example_dags/example_short_circuit_decorator.py
[2026-06-21T18:56:59.010-0500] {logging_mixin.py:188} INFO - [2026-06-21T18:56:59.009-0500] {dag.py:3089} INFO - Sync 1 DAGs
[2026-06-21T18:56:59.022-0500] {logging_mixin.py:188} INFO - [2026-06-21T18:56:59.022-0500] {dag.py:3947} INFO - Setting next_dagrun for example_short_circuit_decorator to 2026-06-20 00:00:00+00:00, run_after=2026-06-21 00:00:00+00:00
[2026-06-21T18:56:59.035-0500] {processor.py:183} INFO - Processing /Users/naga/Desktop/airflow_env/lib/python3.12/site-packages/airflow/example_dags/example_short_circuit_decorator.py took 0.140 seconds
[2026-06-21T18:58:29.298-0500] {processor.py:161} INFO - Started process (PID=61398) to work on /Users/naga/Desktop/airflow_env/lib/python3.12/site-packages/airflow/example_dags/example_short_circuit_decorator.py
[2026-06-21T18:58:29.299-0500] {processor.py:830} INFO - Processing file /Users/naga/Desktop/airflow_env/lib/python3.12/site-packages/airflow/example_dags/example_short_circuit_decorator.py for tasks to queue
[2026-06-21T18:58:29.299-0500] {logging_mixin.py:188} INFO - [2026-06-21T18:58:29.299-0500] {dagbag.py:545} INFO - Filling up the DagBag from /Users/naga/Desktop/airflow_env/lib/python3.12/site-packages/airflow/example_dags/example_short_circuit_decorator.py
[2026-06-21T18:58:29.333-0500] {processor.py:840} INFO - DAG(s) 'example_short_circuit_decorator' retrieved from /Users/naga/Desktop/airflow_env/lib/python3.12/site-packages/airflow/example_dags/example_short_circuit_decorator.py
[2026-06-21T18:58:29.407-0500] {logging_mixin.py:188} INFO - [2026-06-21T18:58:29.407-0500] {dag.py:3089} INFO - Sync 1 DAGs
[2026-06-21T18:58:29.419-0500] {logging_mixin.py:188} INFO - [2026-06-21T18:58:29.419-0500] {dag.py:3947} INFO - Setting next_dagrun for example_short_circuit_decorator to 2026-06-20 00:00:00+00:00, run_after=2026-06-21 00:00:00+00:00
[2026-06-21T18:58:29.432-0500] {processor.py:183} INFO - Processing /Users/naga/Desktop/airflow_env/lib/python3.12/site-packages/airflow/example_dags/example_short_circuit_decorator.py took 0.137 seconds
