[2026-06-21T14:45:29.466-0500] {processor.py:161} INFO - Started process (PID=54354) to work on /Users/naga/Desktop/airflow_env/lib/python3.12/site-packages/airflow/example_dags/example_branch_operator.py
[2026-06-21T14:45:29.467-0500] {processor.py:830} INFO - Processing file /Users/naga/Desktop/airflow_env/lib/python3.12/site-packages/airflow/example_dags/example_branch_operator.py for tasks to queue
[2026-06-21T14:45:29.468-0500] {logging_mixin.py:188} INFO - [2026-06-21T14:45:29.468-0500] {dagbag.py:545} INFO - Filling up the DagBag from /Users/naga/Desktop/airflow_env/lib/python3.12/site-packages/airflow/example_dags/example_branch_operator.py
[2026-06-21T14:45:29.498-0500] {processor.py:840} INFO - DAG(s) 'example_branch_operator' retrieved from /Users/naga/Desktop/airflow_env/lib/python3.12/site-packages/airflow/example_dags/example_branch_operator.py
[2026-06-21T14:45:29.639-0500] {logging_mixin.py:188} INFO - [2026-06-21T14:45:29.638-0500] {override.py:1858} INFO - Created Permission View: can delete on DAG:example_branch_operator
[2026-06-21T14:45:29.645-0500] {logging_mixin.py:188} INFO - [2026-06-21T14:45:29.645-0500] {override.py:1858} INFO - Created Permission View: can read on DAG:example_branch_operator
[2026-06-21T14:45:29.649-0500] {logging_mixin.py:188} INFO - [2026-06-21T14:45:29.649-0500] {override.py:1858} INFO - Created Permission View: can edit on DAG:example_branch_operator
[2026-06-21T14:45:29.649-0500] {logging_mixin.py:188} INFO - [2026-06-21T14:45:29.649-0500] {dag.py:3089} INFO - Sync 1 DAGs
[2026-06-21T14:45:29.658-0500] {logging_mixin.py:188} INFO - [2026-06-21T14:45:29.658-0500] {dag.py:3111} INFO - Creating ORM DAG for example_branch_operator
[2026-06-21T14:45:29.665-0500] {logging_mixin.py:188} INFO - [2026-06-21T14:45:29.664-0500] {dag.py:3947} INFO - Setting next_dagrun for example_branch_operator to 2026-06-20 00:00:00+00:00, run_after=2026-06-21 00:00:00+00:00
[2026-06-21T14:45:29.677-0500] {processor.py:183} INFO - Processing /Users/naga/Desktop/airflow_env/lib/python3.12/site-packages/airflow/example_dags/example_branch_operator.py took 0.213 seconds
[2026-06-21T14:48:36.469-0500] {processor.py:161} INFO - Started process (PID=54528) to work on /Users/naga/Desktop/airflow_env/lib/python3.12/site-packages/airflow/example_dags/example_branch_operator.py
[2026-06-21T14:48:36.470-0500] {processor.py:830} INFO - Processing file /Users/naga/Desktop/airflow_env/lib/python3.12/site-packages/airflow/example_dags/example_branch_operator.py for tasks to queue
[2026-06-21T14:48:36.471-0500] {logging_mixin.py:188} INFO - [2026-06-21T14:48:36.471-0500] {dagbag.py:545} INFO - Filling up the DagBag from /Users/naga/Desktop/airflow_env/lib/python3.12/site-packages/airflow/example_dags/example_branch_operator.py
[2026-06-21T14:48:36.504-0500] {processor.py:840} INFO - DAG(s) 'example_branch_operator' retrieved from /Users/naga/Desktop/airflow_env/lib/python3.12/site-packages/airflow/example_dags/example_branch_operator.py
[2026-06-21T14:48:36.644-0500] {logging_mixin.py:188} INFO - [2026-06-21T14:48:36.644-0500] {dag.py:3089} INFO - Sync 1 DAGs
[2026-06-21T14:48:36.658-0500] {logging_mixin.py:188} INFO - [2026-06-21T14:48:36.658-0500] {dag.py:3947} INFO - Setting next_dagrun for example_branch_operator to 2026-06-20 00:00:00+00:00, run_after=2026-06-21 00:00:00+00:00
[2026-06-21T14:48:36.673-0500] {processor.py:183} INFO - Processing /Users/naga/Desktop/airflow_env/lib/python3.12/site-packages/airflow/example_dags/example_branch_operator.py took 0.206 seconds
[2026-06-21T14:51:31.745-0500] {processor.py:161} INFO - Started process (PID=54714) to work on /Users/naga/Desktop/airflow_env/lib/python3.12/site-packages/airflow/example_dags/example_branch_operator.py
[2026-06-21T14:51:31.746-0500] {processor.py:830} INFO - Processing file /Users/naga/Desktop/airflow_env/lib/python3.12/site-packages/airflow/example_dags/example_branch_operator.py for tasks to queue
[2026-06-21T14:51:31.746-0500] {logging_mixin.py:188} INFO - [2026-06-21T14:51:31.746-0500] {dagbag.py:545} INFO - Filling up the DagBag from /Users/naga/Desktop/airflow_env/lib/python3.12/site-packages/airflow/example_dags/example_branch_operator.py
[2026-06-21T14:51:31.777-0500] {processor.py:840} INFO - DAG(s) 'example_branch_operator' retrieved from /Users/naga/Desktop/airflow_env/lib/python3.12/site-packages/airflow/example_dags/example_branch_operator.py
[2026-06-21T14:51:31.919-0500] {logging_mixin.py:188} INFO - [2026-06-21T14:51:31.919-0500] {dag.py:3089} INFO - Sync 1 DAGs
[2026-06-21T14:51:31.933-0500] {logging_mixin.py:188} INFO - [2026-06-21T14:51:31.933-0500] {dag.py:3947} INFO - Setting next_dagrun for example_branch_operator to 2026-06-20 00:00:00+00:00, run_after=2026-06-21 00:00:00+00:00
[2026-06-21T14:51:31.947-0500] {processor.py:183} INFO - Processing /Users/naga/Desktop/airflow_env/lib/python3.12/site-packages/airflow/example_dags/example_branch_operator.py took 0.204 seconds
[2026-06-21T14:54:29.533-0500] {processor.py:161} INFO - Started process (PID=54873) to work on /Users/naga/Desktop/airflow_env/lib/python3.12/site-packages/airflow/example_dags/example_branch_operator.py
[2026-06-21T14:54:29.535-0500] {processor.py:830} INFO - Processing file /Users/naga/Desktop/airflow_env/lib/python3.12/site-packages/airflow/example_dags/example_branch_operator.py for tasks to queue
[2026-06-21T14:54:29.535-0500] {logging_mixin.py:188} INFO - [2026-06-21T14:54:29.535-0500] {dagbag.py:545} INFO - Filling up the DagBag from /Users/naga/Desktop/airflow_env/lib/python3.12/site-packages/airflow/example_dags/example_branch_operator.py
[2026-06-21T14:54:29.569-0500] {processor.py:840} INFO - DAG(s) 'example_branch_operator' retrieved from /Users/naga/Desktop/airflow_env/lib/python3.12/site-packages/airflow/example_dags/example_branch_operator.py
[2026-06-21T14:54:29.729-0500] {logging_mixin.py:188} INFO - [2026-06-21T14:54:29.729-0500] {dag.py:3089} INFO - Sync 1 DAGs
[2026-06-21T14:54:29.743-0500] {logging_mixin.py:188} INFO - [2026-06-21T14:54:29.743-0500] {dag.py:3947} INFO - Setting next_dagrun for example_branch_operator to 2026-06-20 00:00:00+00:00, run_after=2026-06-21 00:00:00+00:00
[2026-06-21T14:54:29.758-0500] {processor.py:183} INFO - Processing /Users/naga/Desktop/airflow_env/lib/python3.12/site-packages/airflow/example_dags/example_branch_operator.py took 0.230 seconds
[2026-06-21T14:57:41.059-0500] {processor.py:161} INFO - Started process (PID=55245) to work on /Users/naga/Desktop/airflow_env/lib/python3.12/site-packages/airflow/example_dags/example_branch_operator.py
[2026-06-21T14:57:41.060-0500] {processor.py:830} INFO - Processing file /Users/naga/Desktop/airflow_env/lib/python3.12/site-packages/airflow/example_dags/example_branch_operator.py for tasks to queue
[2026-06-21T14:57:41.060-0500] {logging_mixin.py:188} INFO - [2026-06-21T14:57:41.060-0500] {dagbag.py:545} INFO - Filling up the DagBag from /Users/naga/Desktop/airflow_env/lib/python3.12/site-packages/airflow/example_dags/example_branch_operator.py
[2026-06-21T14:57:41.091-0500] {processor.py:840} INFO - DAG(s) 'example_branch_operator' retrieved from /Users/naga/Desktop/airflow_env/lib/python3.12/site-packages/airflow/example_dags/example_branch_operator.py
[2026-06-21T14:57:41.231-0500] {logging_mixin.py:188} INFO - [2026-06-21T14:57:41.231-0500] {dag.py:3089} INFO - Sync 1 DAGs
[2026-06-21T14:57:41.244-0500] {logging_mixin.py:188} INFO - [2026-06-21T14:57:41.244-0500] {dag.py:3947} INFO - Setting next_dagrun for example_branch_operator to 2026-06-20 00:00:00+00:00, run_after=2026-06-21 00:00:00+00:00
[2026-06-21T14:57:41.258-0500] {processor.py:183} INFO - Processing /Users/naga/Desktop/airflow_env/lib/python3.12/site-packages/airflow/example_dags/example_branch_operator.py took 0.201 seconds
[2026-06-21T15:00:54.698-0500] {processor.py:161} INFO - Started process (PID=55427) to work on /Users/naga/Desktop/airflow_env/lib/python3.12/site-packages/airflow/example_dags/example_branch_operator.py
[2026-06-21T15:00:54.699-0500] {processor.py:830} INFO - Processing file /Users/naga/Desktop/airflow_env/lib/python3.12/site-packages/airflow/example_dags/example_branch_operator.py for tasks to queue
[2026-06-21T15:00:54.699-0500] {logging_mixin.py:188} INFO - [2026-06-21T15:00:54.699-0500] {dagbag.py:545} INFO - Filling up the DagBag from /Users/naga/Desktop/airflow_env/lib/python3.12/site-packages/airflow/example_dags/example_branch_operator.py
[2026-06-21T15:00:54.730-0500] {processor.py:840} INFO - DAG(s) 'example_branch_operator' retrieved from /Users/naga/Desktop/airflow_env/lib/python3.12/site-packages/airflow/example_dags/example_branch_operator.py
[2026-06-21T15:00:54.871-0500] {logging_mixin.py:188} INFO - [2026-06-21T15:00:54.870-0500] {dag.py:3089} INFO - Sync 1 DAGs
[2026-06-21T15:00:54.884-0500] {logging_mixin.py:188} INFO - [2026-06-21T15:00:54.884-0500] {dag.py:3947} INFO - Setting next_dagrun for example_branch_operator to 2026-06-20 00:00:00+00:00, run_after=2026-06-21 00:00:00+00:00
[2026-06-21T15:00:54.898-0500] {processor.py:183} INFO - Processing /Users/naga/Desktop/airflow_env/lib/python3.12/site-packages/airflow/example_dags/example_branch_operator.py took 0.203 seconds
[2026-06-21T15:03:57.610-0500] {processor.py:161} INFO - Started process (PID=55568) to work on /Users/naga/Desktop/airflow_env/lib/python3.12/site-packages/airflow/example_dags/example_branch_operator.py
[2026-06-21T15:03:57.611-0500] {processor.py:830} INFO - Processing file /Users/naga/Desktop/airflow_env/lib/python3.12/site-packages/airflow/example_dags/example_branch_operator.py for tasks to queue
[2026-06-21T15:03:57.611-0500] {logging_mixin.py:188} INFO - [2026-06-21T15:03:57.611-0500] {dagbag.py:545} INFO - Filling up the DagBag from /Users/naga/Desktop/airflow_env/lib/python3.12/site-packages/airflow/example_dags/example_branch_operator.py
[2026-06-21T15:03:57.642-0500] {processor.py:840} INFO - DAG(s) 'example_branch_operator' retrieved from /Users/naga/Desktop/airflow_env/lib/python3.12/site-packages/airflow/example_dags/example_branch_operator.py
[2026-06-21T15:03:57.782-0500] {logging_mixin.py:188} INFO - [2026-06-21T15:03:57.782-0500] {dag.py:3089} INFO - Sync 1 DAGs
[2026-06-21T15:03:57.796-0500] {logging_mixin.py:188} INFO - [2026-06-21T15:03:57.796-0500] {dag.py:3947} INFO - Setting next_dagrun for example_branch_operator to 2026-06-20 00:00:00+00:00, run_after=2026-06-21 00:00:00+00:00
[2026-06-21T15:03:57.811-0500] {processor.py:183} INFO - Processing /Users/naga/Desktop/airflow_env/lib/python3.12/site-packages/airflow/example_dags/example_branch_operator.py took 0.204 seconds
[2026-06-21T15:07:03.226-0500] {processor.py:161} INFO - Started process (PID=55712) to work on /Users/naga/Desktop/airflow_env/lib/python3.12/site-packages/airflow/example_dags/example_branch_operator.py
[2026-06-21T15:07:03.227-0500] {processor.py:830} INFO - Processing file /Users/naga/Desktop/airflow_env/lib/python3.12/site-packages/airflow/example_dags/example_branch_operator.py for tasks to queue
[2026-06-21T15:07:03.227-0500] {logging_mixin.py:188} INFO - [2026-06-21T15:07:03.227-0500] {dagbag.py:545} INFO - Filling up the DagBag from /Users/naga/Desktop/airflow_env/lib/python3.12/site-packages/airflow/example_dags/example_branch_operator.py
[2026-06-21T15:07:03.258-0500] {processor.py:840} INFO - DAG(s) 'example_branch_operator' retrieved from /Users/naga/Desktop/airflow_env/lib/python3.12/site-packages/airflow/example_dags/example_branch_operator.py
[2026-06-21T15:07:03.402-0500] {logging_mixin.py:188} INFO - [2026-06-21T15:07:03.401-0500] {dag.py:3089} INFO - Sync 1 DAGs
[2026-06-21T15:07:03.416-0500] {logging_mixin.py:188} INFO - [2026-06-21T15:07:03.415-0500] {dag.py:3947} INFO - Setting next_dagrun for example_branch_operator to 2026-06-20 00:00:00+00:00, run_after=2026-06-21 00:00:00+00:00
[2026-06-21T15:07:03.431-0500] {processor.py:183} INFO - Processing /Users/naga/Desktop/airflow_env/lib/python3.12/site-packages/airflow/example_dags/example_branch_operator.py took 0.207 seconds
[2026-06-21T15:10:08.417-0500] {processor.py:161} INFO - Started process (PID=55833) to work on /Users/naga/Desktop/airflow_env/lib/python3.12/site-packages/airflow/example_dags/example_branch_operator.py
[2026-06-21T15:10:08.418-0500] {processor.py:830} INFO - Processing file /Users/naga/Desktop/airflow_env/lib/python3.12/site-packages/airflow/example_dags/example_branch_operator.py for tasks to queue
[2026-06-21T15:10:08.419-0500] {logging_mixin.py:188} INFO - [2026-06-21T15:10:08.419-0500] {dagbag.py:545} INFO - Filling up the DagBag from /Users/naga/Desktop/airflow_env/lib/python3.12/site-packages/airflow/example_dags/example_branch_operator.py
[2026-06-21T15:10:08.450-0500] {processor.py:840} INFO - DAG(s) 'example_branch_operator' retrieved from /Users/naga/Desktop/airflow_env/lib/python3.12/site-packages/airflow/example_dags/example_branch_operator.py
[2026-06-21T15:10:08.590-0500] {logging_mixin.py:188} INFO - [2026-06-21T15:10:08.590-0500] {dag.py:3089} INFO - Sync 1 DAGs
[2026-06-21T15:10:08.603-0500] {logging_mixin.py:188} INFO - [2026-06-21T15:10:08.603-0500] {dag.py:3947} INFO - Setting next_dagrun for example_branch_operator to 2026-06-20 00:00:00+00:00, run_after=2026-06-21 00:00:00+00:00
[2026-06-21T15:10:08.618-0500] {processor.py:183} INFO - Processing /Users/naga/Desktop/airflow_env/lib/python3.12/site-packages/airflow/example_dags/example_branch_operator.py took 0.203 seconds
[2026-06-21T15:13:19.479-0500] {processor.py:161} INFO - Started process (PID=56124) to work on /Users/naga/Desktop/airflow_env/lib/python3.12/site-packages/airflow/example_dags/example_branch_operator.py
[2026-06-21T15:13:19.480-0500] {processor.py:830} INFO - Processing file /Users/naga/Desktop/airflow_env/lib/python3.12/site-packages/airflow/example_dags/example_branch_operator.py for tasks to queue
[2026-06-21T15:13:19.480-0500] {logging_mixin.py:188} INFO - [2026-06-21T15:13:19.480-0500] {dagbag.py:545} INFO - Filling up the DagBag from /Users/naga/Desktop/airflow_env/lib/python3.12/site-packages/airflow/example_dags/example_branch_operator.py
[2026-06-21T15:13:19.498-0500] {processor.py:840} INFO - DAG(s) 'example_branch_operator' retrieved from /Users/naga/Desktop/airflow_env/lib/python3.12/site-packages/airflow/example_dags/example_branch_operator.py
[2026-06-21T15:13:19.583-0500] {logging_mixin.py:188} INFO - [2026-06-21T15:13:19.582-0500] {dag.py:3089} INFO - Sync 1 DAGs
[2026-06-21T15:13:19.591-0500] {logging_mixin.py:188} INFO - [2026-06-21T15:13:19.591-0500] {dag.py:3947} INFO - Setting next_dagrun for example_branch_operator to 2026-06-20 00:00:00+00:00, run_after=2026-06-21 00:00:00+00:00
[2026-06-21T15:13:19.600-0500] {processor.py:183} INFO - Processing /Users/naga/Desktop/airflow_env/lib/python3.12/site-packages/airflow/example_dags/example_branch_operator.py took 0.123 seconds
[2026-06-21T15:15:35.308-0500] {processor.py:161} INFO - Started process (PID=56247) to work on /Users/naga/Desktop/airflow_env/lib/python3.12/site-packages/airflow/example_dags/example_branch_operator.py
[2026-06-21T15:15:35.309-0500] {processor.py:830} INFO - Processing file /Users/naga/Desktop/airflow_env/lib/python3.12/site-packages/airflow/example_dags/example_branch_operator.py for tasks to queue
[2026-06-21T15:15:35.309-0500] {logging_mixin.py:188} INFO - [2026-06-21T15:15:35.309-0500] {dagbag.py:545} INFO - Filling up the DagBag from /Users/naga/Desktop/airflow_env/lib/python3.12/site-packages/airflow/example_dags/example_branch_operator.py
[2026-06-21T15:15:35.327-0500] {processor.py:840} INFO - DAG(s) 'example_branch_operator' retrieved from /Users/naga/Desktop/airflow_env/lib/python3.12/site-packages/airflow/example_dags/example_branch_operator.py
[2026-06-21T15:15:35.408-0500] {logging_mixin.py:188} INFO - [2026-06-21T15:15:35.408-0500] {dag.py:3089} INFO - Sync 1 DAGs
[2026-06-21T15:15:35.416-0500] {logging_mixin.py:188} INFO - [2026-06-21T15:15:35.416-0500] {dag.py:3947} INFO - Setting next_dagrun for example_branch_operator to 2026-06-20 00:00:00+00:00, run_after=2026-06-21 00:00:00+00:00
[2026-06-21T15:15:35.424-0500] {processor.py:183} INFO - Processing /Users/naga/Desktop/airflow_env/lib/python3.12/site-packages/airflow/example_dags/example_branch_operator.py took 0.118 seconds
[2026-06-21T15:32:14.166-0500] {processor.py:161} INFO - Started process (PID=56558) to work on /Users/naga/Desktop/airflow_env/lib/python3.12/site-packages/airflow/example_dags/example_branch_operator.py
[2026-06-21T15:32:14.167-0500] {processor.py:830} INFO - Processing file /Users/naga/Desktop/airflow_env/lib/python3.12/site-packages/airflow/example_dags/example_branch_operator.py for tasks to queue
[2026-06-21T15:32:14.168-0500] {logging_mixin.py:188} INFO - [2026-06-21T15:32:14.168-0500] {dagbag.py:545} INFO - Filling up the DagBag from /Users/naga/Desktop/airflow_env/lib/python3.12/site-packages/airflow/example_dags/example_branch_operator.py
[2026-06-21T15:32:14.189-0500] {processor.py:840} INFO - DAG(s) 'example_branch_operator' retrieved from /Users/naga/Desktop/airflow_env/lib/python3.12/site-packages/airflow/example_dags/example_branch_operator.py
[2026-06-21T15:32:14.308-0500] {logging_mixin.py:188} INFO - [2026-06-21T15:32:14.307-0500] {dag.py:3089} INFO - Sync 1 DAGs
[2026-06-21T15:32:14.318-0500] {logging_mixin.py:188} INFO - [2026-06-21T15:32:14.317-0500] {dag.py:3947} INFO - Setting next_dagrun for example_branch_operator to 2026-06-20 00:00:00+00:00, run_after=2026-06-21 00:00:00+00:00
[2026-06-21T15:32:14.328-0500] {processor.py:183} INFO - Processing /Users/naga/Desktop/airflow_env/lib/python3.12/site-packages/airflow/example_dags/example_branch_operator.py took 0.164 seconds
[2026-06-21T15:34:38.352-0500] {processor.py:161} INFO - Started process (PID=56751) to work on /Users/naga/Desktop/airflow_env/lib/python3.12/site-packages/airflow/example_dags/example_branch_operator.py
[2026-06-21T15:34:38.353-0500] {processor.py:830} INFO - Processing file /Users/naga/Desktop/airflow_env/lib/python3.12/site-packages/airflow/example_dags/example_branch_operator.py for tasks to queue
[2026-06-21T15:34:38.353-0500] {logging_mixin.py:188} INFO - [2026-06-21T15:34:38.353-0500] {dagbag.py:545} INFO - Filling up the DagBag from /Users/naga/Desktop/airflow_env/lib/python3.12/site-packages/airflow/example_dags/example_branch_operator.py
[2026-06-21T15:34:38.372-0500] {processor.py:840} INFO - DAG(s) 'example_branch_operator' retrieved from /Users/naga/Desktop/airflow_env/lib/python3.12/site-packages/airflow/example_dags/example_branch_operator.py
[2026-06-21T15:34:38.456-0500] {logging_mixin.py:188} INFO - [2026-06-21T15:34:38.456-0500] {dag.py:3089} INFO - Sync 1 DAGs
[2026-06-21T15:34:38.464-0500] {logging_mixin.py:188} INFO - [2026-06-21T15:34:38.464-0500] {dag.py:3947} INFO - Setting next_dagrun for example_branch_operator to 2026-06-20 00:00:00+00:00, run_after=2026-06-21 00:00:00+00:00
[2026-06-21T15:34:38.473-0500] {processor.py:183} INFO - Processing /Users/naga/Desktop/airflow_env/lib/python3.12/site-packages/airflow/example_dags/example_branch_operator.py took 0.122 seconds
[2026-06-21T15:36:36.781-0500] {processor.py:161} INFO - Started process (PID=56873) to work on /Users/naga/Desktop/airflow_env/lib/python3.12/site-packages/airflow/example_dags/example_branch_operator.py
[2026-06-21T15:36:36.782-0500] {processor.py:830} INFO - Processing file /Users/naga/Desktop/airflow_env/lib/python3.12/site-packages/airflow/example_dags/example_branch_operator.py for tasks to queue
[2026-06-21T15:36:36.782-0500] {logging_mixin.py:188} INFO - [2026-06-21T15:36:36.782-0500] {dagbag.py:545} INFO - Filling up the DagBag from /Users/naga/Desktop/airflow_env/lib/python3.12/site-packages/airflow/example_dags/example_branch_operator.py
[2026-06-21T15:36:36.800-0500] {processor.py:840} INFO - DAG(s) 'example_branch_operator' retrieved from /Users/naga/Desktop/airflow_env/lib/python3.12/site-packages/airflow/example_dags/example_branch_operator.py
[2026-06-21T15:36:36.885-0500] {logging_mixin.py:188} INFO - [2026-06-21T15:36:36.885-0500] {dag.py:3089} INFO - Sync 1 DAGs
[2026-06-21T15:36:36.893-0500] {logging_mixin.py:188} INFO - [2026-06-21T15:36:36.893-0500] {dag.py:3947} INFO - Setting next_dagrun for example_branch_operator to 2026-06-20 00:00:00+00:00, run_after=2026-06-21 00:00:00+00:00
[2026-06-21T15:36:36.901-0500] {processor.py:183} INFO - Processing /Users/naga/Desktop/airflow_env/lib/python3.12/site-packages/airflow/example_dags/example_branch_operator.py took 0.122 seconds
[2026-06-21T15:38:42.099-0500] {processor.py:161} INFO - Started process (PID=57001) to work on /Users/naga/Desktop/airflow_env/lib/python3.12/site-packages/airflow/example_dags/example_branch_operator.py
[2026-06-21T15:38:42.100-0500] {processor.py:830} INFO - Processing file /Users/naga/Desktop/airflow_env/lib/python3.12/site-packages/airflow/example_dags/example_branch_operator.py for tasks to queue
[2026-06-21T15:38:42.100-0500] {logging_mixin.py:188} INFO - [2026-06-21T15:38:42.100-0500] {dagbag.py:545} INFO - Filling up the DagBag from /Users/naga/Desktop/airflow_env/lib/python3.12/site-packages/airflow/example_dags/example_branch_operator.py
[2026-06-21T15:38:42.120-0500] {processor.py:840} INFO - DAG(s) 'example_branch_operator' retrieved from /Users/naga/Desktop/airflow_env/lib/python3.12/site-packages/airflow/example_dags/example_branch_operator.py
[2026-06-21T15:38:42.224-0500] {logging_mixin.py:188} INFO - [2026-06-21T15:38:42.223-0500] {dag.py:3089} INFO - Sync 1 DAGs
[2026-06-21T15:38:42.232-0500] {logging_mixin.py:188} INFO - [2026-06-21T15:38:42.232-0500] {dag.py:3947} INFO - Setting next_dagrun for example_branch_operator to 2026-06-20 00:00:00+00:00, run_after=2026-06-21 00:00:00+00:00
[2026-06-21T15:38:42.241-0500] {processor.py:183} INFO - Processing /Users/naga/Desktop/airflow_env/lib/python3.12/site-packages/airflow/example_dags/example_branch_operator.py took 0.144 seconds
[2026-06-21T15:40:45.669-0500] {processor.py:161} INFO - Started process (PID=57136) to work on /Users/naga/Desktop/airflow_env/lib/python3.12/site-packages/airflow/example_dags/example_branch_operator.py
[2026-06-21T15:40:45.670-0500] {processor.py:830} INFO - Processing file /Users/naga/Desktop/airflow_env/lib/python3.12/site-packages/airflow/example_dags/example_branch_operator.py for tasks to queue
[2026-06-21T15:40:45.670-0500] {logging_mixin.py:188} INFO - [2026-06-21T15:40:45.670-0500] {dagbag.py:545} INFO - Filling up the DagBag from /Users/naga/Desktop/airflow_env/lib/python3.12/site-packages/airflow/example_dags/example_branch_operator.py
[2026-06-21T15:40:45.689-0500] {processor.py:840} INFO - DAG(s) 'example_branch_operator' retrieved from /Users/naga/Desktop/airflow_env/lib/python3.12/site-packages/airflow/example_dags/example_branch_operator.py
[2026-06-21T15:40:45.773-0500] {logging_mixin.py:188} INFO - [2026-06-21T15:40:45.773-0500] {dag.py:3089} INFO - Sync 1 DAGs
[2026-06-21T15:40:45.781-0500] {logging_mixin.py:188} INFO - [2026-06-21T15:40:45.781-0500] {dag.py:3947} INFO - Setting next_dagrun for example_branch_operator to 2026-06-20 00:00:00+00:00, run_after=2026-06-21 00:00:00+00:00
[2026-06-21T15:40:45.789-0500] {processor.py:183} INFO - Processing /Users/naga/Desktop/airflow_env/lib/python3.12/site-packages/airflow/example_dags/example_branch_operator.py took 0.122 seconds
[2026-06-21T15:42:47.761-0500] {processor.py:161} INFO - Started process (PID=57265) to work on /Users/naga/Desktop/airflow_env/lib/python3.12/site-packages/airflow/example_dags/example_branch_operator.py
[2026-06-21T15:42:47.762-0500] {processor.py:830} INFO - Processing file /Users/naga/Desktop/airflow_env/lib/python3.12/site-packages/airflow/example_dags/example_branch_operator.py for tasks to queue
[2026-06-21T15:42:47.762-0500] {logging_mixin.py:188} INFO - [2026-06-21T15:42:47.762-0500] {dagbag.py:545} INFO - Filling up the DagBag from /Users/naga/Desktop/airflow_env/lib/python3.12/site-packages/airflow/example_dags/example_branch_operator.py
[2026-06-21T15:42:47.781-0500] {processor.py:840} INFO - DAG(s) 'example_branch_operator' retrieved from /Users/naga/Desktop/airflow_env/lib/python3.12/site-packages/airflow/example_dags/example_branch_operator.py
[2026-06-21T15:42:47.864-0500] {logging_mixin.py:188} INFO - [2026-06-21T15:42:47.864-0500] {dag.py:3089} INFO - Sync 1 DAGs
[2026-06-21T15:42:47.872-0500] {logging_mixin.py:188} INFO - [2026-06-21T15:42:47.872-0500] {dag.py:3947} INFO - Setting next_dagrun for example_branch_operator to 2026-06-20 00:00:00+00:00, run_after=2026-06-21 00:00:00+00:00
[2026-06-21T15:42:47.881-0500] {processor.py:183} INFO - Processing /Users/naga/Desktop/airflow_env/lib/python3.12/site-packages/airflow/example_dags/example_branch_operator.py took 0.121 seconds
[2026-06-21T15:44:55.478-0500] {processor.py:161} INFO - Started process (PID=57385) to work on /Users/naga/Desktop/airflow_env/lib/python3.12/site-packages/airflow/example_dags/example_branch_operator.py
[2026-06-21T15:44:55.478-0500] {processor.py:830} INFO - Processing file /Users/naga/Desktop/airflow_env/lib/python3.12/site-packages/airflow/example_dags/example_branch_operator.py for tasks to queue
[2026-06-21T15:44:55.479-0500] {logging_mixin.py:188} INFO - [2026-06-21T15:44:55.479-0500] {dagbag.py:545} INFO - Filling up the DagBag from /Users/naga/Desktop/airflow_env/lib/python3.12/site-packages/airflow/example_dags/example_branch_operator.py
[2026-06-21T15:44:55.498-0500] {processor.py:840} INFO - DAG(s) 'example_branch_operator' retrieved from /Users/naga/Desktop/airflow_env/lib/python3.12/site-packages/airflow/example_dags/example_branch_operator.py
[2026-06-21T15:44:55.582-0500] {logging_mixin.py:188} INFO - [2026-06-21T15:44:55.582-0500] {dag.py:3089} INFO - Sync 1 DAGs
[2026-06-21T15:44:55.590-0500] {logging_mixin.py:188} INFO - [2026-06-21T15:44:55.589-0500] {dag.py:3947} INFO - Setting next_dagrun for example_branch_operator to 2026-06-20 00:00:00+00:00, run_after=2026-06-21 00:00:00+00:00
[2026-06-21T15:44:55.598-0500] {processor.py:183} INFO - Processing /Users/naga/Desktop/airflow_env/lib/python3.12/site-packages/airflow/example_dags/example_branch_operator.py took 0.122 seconds
[2026-06-21T15:46:57.786-0500] {processor.py:161} INFO - Started process (PID=57517) to work on /Users/naga/Desktop/airflow_env/lib/python3.12/site-packages/airflow/example_dags/example_branch_operator.py
[2026-06-21T15:46:57.787-0500] {processor.py:830} INFO - Processing file /Users/naga/Desktop/airflow_env/lib/python3.12/site-packages/airflow/example_dags/example_branch_operator.py for tasks to queue
[2026-06-21T15:46:57.787-0500] {logging_mixin.py:188} INFO - [2026-06-21T15:46:57.787-0500] {dagbag.py:545} INFO - Filling up the DagBag from /Users/naga/Desktop/airflow_env/lib/python3.12/site-packages/airflow/example_dags/example_branch_operator.py
[2026-06-21T15:46:57.805-0500] {processor.py:840} INFO - DAG(s) 'example_branch_operator' retrieved from /Users/naga/Desktop/airflow_env/lib/python3.12/site-packages/airflow/example_dags/example_branch_operator.py
[2026-06-21T15:46:57.890-0500] {logging_mixin.py:188} INFO - [2026-06-21T15:46:57.890-0500] {dag.py:3089} INFO - Sync 1 DAGs
[2026-06-21T15:46:57.898-0500] {logging_mixin.py:188} INFO - [2026-06-21T15:46:57.898-0500] {dag.py:3947} INFO - Setting next_dagrun for example_branch_operator to 2026-06-20 00:00:00+00:00, run_after=2026-06-21 00:00:00+00:00
[2026-06-21T15:46:57.907-0500] {processor.py:183} INFO - Processing /Users/naga/Desktop/airflow_env/lib/python3.12/site-packages/airflow/example_dags/example_branch_operator.py took 0.122 seconds
[2026-06-21T15:49:03.292-0500] {processor.py:161} INFO - Started process (PID=57640) to work on /Users/naga/Desktop/airflow_env/lib/python3.12/site-packages/airflow/example_dags/example_branch_operator.py
[2026-06-21T15:49:03.293-0500] {processor.py:830} INFO - Processing file /Users/naga/Desktop/airflow_env/lib/python3.12/site-packages/airflow/example_dags/example_branch_operator.py for tasks to queue
[2026-06-21T15:49:03.294-0500] {logging_mixin.py:188} INFO - [2026-06-21T15:49:03.294-0500] {dagbag.py:545} INFO - Filling up the DagBag from /Users/naga/Desktop/airflow_env/lib/python3.12/site-packages/airflow/example_dags/example_branch_operator.py
[2026-06-21T15:49:03.312-0500] {processor.py:840} INFO - DAG(s) 'example_branch_operator' retrieved from /Users/naga/Desktop/airflow_env/lib/python3.12/site-packages/airflow/example_dags/example_branch_operator.py
[2026-06-21T15:49:03.393-0500] {logging_mixin.py:188} INFO - [2026-06-21T15:49:03.393-0500] {dag.py:3089} INFO - Sync 1 DAGs
[2026-06-21T15:49:03.402-0500] {logging_mixin.py:188} INFO - [2026-06-21T15:49:03.401-0500] {dag.py:3947} INFO - Setting next_dagrun for example_branch_operator to 2026-06-20 00:00:00+00:00, run_after=2026-06-21 00:00:00+00:00
[2026-06-21T15:49:03.411-0500] {processor.py:183} INFO - Processing /Users/naga/Desktop/airflow_env/lib/python3.12/site-packages/airflow/example_dags/example_branch_operator.py took 0.120 seconds
[2026-06-21T15:51:09.813-0500] {processor.py:161} INFO - Started process (PID=57771) to work on /Users/naga/Desktop/airflow_env/lib/python3.12/site-packages/airflow/example_dags/example_branch_operator.py
[2026-06-21T15:51:09.814-0500] {processor.py:830} INFO - Processing file /Users/naga/Desktop/airflow_env/lib/python3.12/site-packages/airflow/example_dags/example_branch_operator.py for tasks to queue
[2026-06-21T15:51:09.814-0500] {logging_mixin.py:188} INFO - [2026-06-21T15:51:09.814-0500] {dagbag.py:545} INFO - Filling up the DagBag from /Users/naga/Desktop/airflow_env/lib/python3.12/site-packages/airflow/example_dags/example_branch_operator.py
[2026-06-21T15:51:09.832-0500] {processor.py:840} INFO - DAG(s) 'example_branch_operator' retrieved from /Users/naga/Desktop/airflow_env/lib/python3.12/site-packages/airflow/example_dags/example_branch_operator.py
[2026-06-21T15:51:09.914-0500] {logging_mixin.py:188} INFO - [2026-06-21T15:51:09.914-0500] {dag.py:3089} INFO - Sync 1 DAGs
[2026-06-21T15:51:09.922-0500] {logging_mixin.py:188} INFO - [2026-06-21T15:51:09.922-0500] {dag.py:3947} INFO - Setting next_dagrun for example_branch_operator to 2026-06-20 00:00:00+00:00, run_after=2026-06-21 00:00:00+00:00
[2026-06-21T15:51:09.930-0500] {processor.py:183} INFO - Processing /Users/naga/Desktop/airflow_env/lib/python3.12/site-packages/airflow/example_dags/example_branch_operator.py took 0.119 seconds
[2026-06-21T15:53:13.905-0500] {processor.py:161} INFO - Started process (PID=57897) to work on /Users/naga/Desktop/airflow_env/lib/python3.12/site-packages/airflow/example_dags/example_branch_operator.py
[2026-06-21T15:53:13.906-0500] {processor.py:830} INFO - Processing file /Users/naga/Desktop/airflow_env/lib/python3.12/site-packages/airflow/example_dags/example_branch_operator.py for tasks to queue
[2026-06-21T15:53:13.906-0500] {logging_mixin.py:188} INFO - [2026-06-21T15:53:13.906-0500] {dagbag.py:545} INFO - Filling up the DagBag from /Users/naga/Desktop/airflow_env/lib/python3.12/site-packages/airflow/example_dags/example_branch_operator.py
[2026-06-21T15:53:13.924-0500] {processor.py:840} INFO - DAG(s) 'example_branch_operator' retrieved from /Users/naga/Desktop/airflow_env/lib/python3.12/site-packages/airflow/example_dags/example_branch_operator.py
[2026-06-21T15:53:14.009-0500] {logging_mixin.py:188} INFO - [2026-06-21T15:53:14.009-0500] {dag.py:3089} INFO - Sync 1 DAGs
[2026-06-21T15:53:14.017-0500] {logging_mixin.py:188} INFO - [2026-06-21T15:53:14.017-0500] {dag.py:3947} INFO - Setting next_dagrun for example_branch_operator to 2026-06-20 00:00:00+00:00, run_after=2026-06-21 00:00:00+00:00
[2026-06-21T15:53:14.026-0500] {processor.py:183} INFO - Processing /Users/naga/Desktop/airflow_env/lib/python3.12/site-packages/airflow/example_dags/example_branch_operator.py took 0.123 seconds
[2026-06-21T15:55:18.975-0500] {processor.py:161} INFO - Started process (PID=58018) to work on /Users/naga/Desktop/airflow_env/lib/python3.12/site-packages/airflow/example_dags/example_branch_operator.py
[2026-06-21T15:55:18.976-0500] {processor.py:830} INFO - Processing file /Users/naga/Desktop/airflow_env/lib/python3.12/site-packages/airflow/example_dags/example_branch_operator.py for tasks to queue
[2026-06-21T15:55:18.976-0500] {logging_mixin.py:188} INFO - [2026-06-21T15:55:18.976-0500] {dagbag.py:545} INFO - Filling up the DagBag from /Users/naga/Desktop/airflow_env/lib/python3.12/site-packages/airflow/example_dags/example_branch_operator.py
[2026-06-21T15:55:18.995-0500] {processor.py:840} INFO - DAG(s) 'example_branch_operator' retrieved from /Users/naga/Desktop/airflow_env/lib/python3.12/site-packages/airflow/example_dags/example_branch_operator.py
[2026-06-21T15:55:19.078-0500] {logging_mixin.py:188} INFO - [2026-06-21T15:55:19.078-0500] {dag.py:3089} INFO - Sync 1 DAGs
[2026-06-21T15:55:19.086-0500] {logging_mixin.py:188} INFO - [2026-06-21T15:55:19.086-0500] {dag.py:3947} INFO - Setting next_dagrun for example_branch_operator to 2026-06-20 00:00:00+00:00, run_after=2026-06-21 00:00:00+00:00
[2026-06-21T15:55:19.094-0500] {processor.py:183} INFO - Processing /Users/naga/Desktop/airflow_env/lib/python3.12/site-packages/airflow/example_dags/example_branch_operator.py took 0.120 seconds
[2026-06-21T15:57:24.855-0500] {processor.py:161} INFO - Started process (PID=58127) to work on /Users/naga/Desktop/airflow_env/lib/python3.12/site-packages/airflow/example_dags/example_branch_operator.py
[2026-06-21T15:57:24.856-0500] {processor.py:830} INFO - Processing file /Users/naga/Desktop/airflow_env/lib/python3.12/site-packages/airflow/example_dags/example_branch_operator.py for tasks to queue
[2026-06-21T15:57:24.856-0500] {logging_mixin.py:188} INFO - [2026-06-21T15:57:24.856-0500] {dagbag.py:545} INFO - Filling up the DagBag from /Users/naga/Desktop/airflow_env/lib/python3.12/site-packages/airflow/example_dags/example_branch_operator.py
[2026-06-21T15:57:24.875-0500] {processor.py:840} INFO - DAG(s) 'example_branch_operator' retrieved from /Users/naga/Desktop/airflow_env/lib/python3.12/site-packages/airflow/example_dags/example_branch_operator.py
[2026-06-21T15:57:24.960-0500] {logging_mixin.py:188} INFO - [2026-06-21T15:57:24.960-0500] {dag.py:3089} INFO - Sync 1 DAGs
[2026-06-21T15:57:24.968-0500] {logging_mixin.py:188} INFO - [2026-06-21T15:57:24.968-0500] {dag.py:3947} INFO - Setting next_dagrun for example_branch_operator to 2026-06-20 00:00:00+00:00, run_after=2026-06-21 00:00:00+00:00
[2026-06-21T15:57:24.977-0500] {processor.py:183} INFO - Processing /Users/naga/Desktop/airflow_env/lib/python3.12/site-packages/airflow/example_dags/example_branch_operator.py took 0.123 seconds
[2026-06-21T15:59:33.539-0500] {processor.py:161} INFO - Started process (PID=58263) to work on /Users/naga/Desktop/airflow_env/lib/python3.12/site-packages/airflow/example_dags/example_branch_operator.py
[2026-06-21T15:59:33.539-0500] {processor.py:830} INFO - Processing file /Users/naga/Desktop/airflow_env/lib/python3.12/site-packages/airflow/example_dags/example_branch_operator.py for tasks to queue
[2026-06-21T15:59:33.540-0500] {logging_mixin.py:188} INFO - [2026-06-21T15:59:33.540-0500] {dagbag.py:545} INFO - Filling up the DagBag from /Users/naga/Desktop/airflow_env/lib/python3.12/site-packages/airflow/example_dags/example_branch_operator.py
[2026-06-21T15:59:33.558-0500] {processor.py:840} INFO - DAG(s) 'example_branch_operator' retrieved from /Users/naga/Desktop/airflow_env/lib/python3.12/site-packages/airflow/example_dags/example_branch_operator.py
[2026-06-21T15:59:33.641-0500] {logging_mixin.py:188} INFO - [2026-06-21T15:59:33.641-0500] {dag.py:3089} INFO - Sync 1 DAGs
[2026-06-21T15:59:33.649-0500] {logging_mixin.py:188} INFO - [2026-06-21T15:59:33.649-0500] {dag.py:3947} INFO - Setting next_dagrun for example_branch_operator to 2026-06-20 00:00:00+00:00, run_after=2026-06-21 00:00:00+00:00
[2026-06-21T15:59:33.657-0500] {processor.py:183} INFO - Processing /Users/naga/Desktop/airflow_env/lib/python3.12/site-packages/airflow/example_dags/example_branch_operator.py took 0.120 seconds
[2026-06-21T16:01:40.045-0500] {processor.py:161} INFO - Started process (PID=58392) to work on /Users/naga/Desktop/airflow_env/lib/python3.12/site-packages/airflow/example_dags/example_branch_operator.py
[2026-06-21T16:01:40.046-0500] {processor.py:830} INFO - Processing file /Users/naga/Desktop/airflow_env/lib/python3.12/site-packages/airflow/example_dags/example_branch_operator.py for tasks to queue
[2026-06-21T16:01:40.046-0500] {logging_mixin.py:188} INFO - [2026-06-21T16:01:40.046-0500] {dagbag.py:545} INFO - Filling up the DagBag from /Users/naga/Desktop/airflow_env/lib/python3.12/site-packages/airflow/example_dags/example_branch_operator.py
[2026-06-21T16:01:40.064-0500] {processor.py:840} INFO - DAG(s) 'example_branch_operator' retrieved from /Users/naga/Desktop/airflow_env/lib/python3.12/site-packages/airflow/example_dags/example_branch_operator.py
[2026-06-21T16:01:40.147-0500] {logging_mixin.py:188} INFO - [2026-06-21T16:01:40.146-0500] {dag.py:3089} INFO - Sync 1 DAGs
[2026-06-21T16:01:40.154-0500] {logging_mixin.py:188} INFO - [2026-06-21T16:01:40.154-0500] {dag.py:3947} INFO - Setting next_dagrun for example_branch_operator to 2026-06-20 00:00:00+00:00, run_after=2026-06-21 00:00:00+00:00
[2026-06-21T16:01:40.163-0500] {processor.py:183} INFO - Processing /Users/naga/Desktop/airflow_env/lib/python3.12/site-packages/airflow/example_dags/example_branch_operator.py took 0.119 seconds
[2026-06-21T16:03:46.321-0500] {processor.py:161} INFO - Started process (PID=58517) to work on /Users/naga/Desktop/airflow_env/lib/python3.12/site-packages/airflow/example_dags/example_branch_operator.py
[2026-06-21T16:03:46.322-0500] {processor.py:830} INFO - Processing file /Users/naga/Desktop/airflow_env/lib/python3.12/site-packages/airflow/example_dags/example_branch_operator.py for tasks to queue
[2026-06-21T16:03:46.322-0500] {logging_mixin.py:188} INFO - [2026-06-21T16:03:46.322-0500] {dagbag.py:545} INFO - Filling up the DagBag from /Users/naga/Desktop/airflow_env/lib/python3.12/site-packages/airflow/example_dags/example_branch_operator.py
[2026-06-21T16:03:46.340-0500] {processor.py:840} INFO - DAG(s) 'example_branch_operator' retrieved from /Users/naga/Desktop/airflow_env/lib/python3.12/site-packages/airflow/example_dags/example_branch_operator.py
[2026-06-21T16:03:46.423-0500] {logging_mixin.py:188} INFO - [2026-06-21T16:03:46.423-0500] {dag.py:3089} INFO - Sync 1 DAGs
[2026-06-21T16:03:46.431-0500] {logging_mixin.py:188} INFO - [2026-06-21T16:03:46.431-0500] {dag.py:3947} INFO - Setting next_dagrun for example_branch_operator to 2026-06-20 00:00:00+00:00, run_after=2026-06-21 00:00:00+00:00
[2026-06-21T16:03:46.440-0500] {processor.py:183} INFO - Processing /Users/naga/Desktop/airflow_env/lib/python3.12/site-packages/airflow/example_dags/example_branch_operator.py took 0.120 seconds
[2026-06-21T16:05:55.317-0500] {processor.py:161} INFO - Started process (PID=58632) to work on /Users/naga/Desktop/airflow_env/lib/python3.12/site-packages/airflow/example_dags/example_branch_operator.py
[2026-06-21T16:05:55.320-0500] {processor.py:830} INFO - Processing file /Users/naga/Desktop/airflow_env/lib/python3.12/site-packages/airflow/example_dags/example_branch_operator.py for tasks to queue
[2026-06-21T16:05:55.321-0500] {logging_mixin.py:188} INFO - [2026-06-21T16:05:55.321-0500] {dagbag.py:545} INFO - Filling up the DagBag from /Users/naga/Desktop/airflow_env/lib/python3.12/site-packages/airflow/example_dags/example_branch_operator.py
[2026-06-21T16:05:55.339-0500] {processor.py:840} INFO - DAG(s) 'example_branch_operator' retrieved from /Users/naga/Desktop/airflow_env/lib/python3.12/site-packages/airflow/example_dags/example_branch_operator.py
[2026-06-21T16:05:55.421-0500] {logging_mixin.py:188} INFO - [2026-06-21T16:05:55.421-0500] {dag.py:3089} INFO - Sync 1 DAGs
[2026-06-21T16:05:55.429-0500] {logging_mixin.py:188} INFO - [2026-06-21T16:05:55.429-0500] {dag.py:3947} INFO - Setting next_dagrun for example_branch_operator to 2026-06-20 00:00:00+00:00, run_after=2026-06-21 00:00:00+00:00
[2026-06-21T16:05:55.437-0500] {processor.py:183} INFO - Processing /Users/naga/Desktop/airflow_env/lib/python3.12/site-packages/airflow/example_dags/example_branch_operator.py took 0.122 seconds
[2026-06-21T16:08:06.114-0500] {processor.py:161} INFO - Started process (PID=58757) to work on /Users/naga/Desktop/airflow_env/lib/python3.12/site-packages/airflow/example_dags/example_branch_operator.py
[2026-06-21T16:08:06.115-0500] {processor.py:830} INFO - Processing file /Users/naga/Desktop/airflow_env/lib/python3.12/site-packages/airflow/example_dags/example_branch_operator.py for tasks to queue
[2026-06-21T16:08:06.115-0500] {logging_mixin.py:188} INFO - [2026-06-21T16:08:06.115-0500] {dagbag.py:545} INFO - Filling up the DagBag from /Users/naga/Desktop/airflow_env/lib/python3.12/site-packages/airflow/example_dags/example_branch_operator.py
[2026-06-21T16:08:06.137-0500] {processor.py:840} INFO - DAG(s) 'example_branch_operator' retrieved from /Users/naga/Desktop/airflow_env/lib/python3.12/site-packages/airflow/example_dags/example_branch_operator.py
[2026-06-21T16:08:06.250-0500] {logging_mixin.py:188} INFO - [2026-06-21T16:08:06.250-0500] {dag.py:3089} INFO - Sync 1 DAGs
[2026-06-21T16:08:06.260-0500] {logging_mixin.py:188} INFO - [2026-06-21T16:08:06.260-0500] {dag.py:3947} INFO - Setting next_dagrun for example_branch_operator to 2026-06-20 00:00:00+00:00, run_after=2026-06-21 00:00:00+00:00
[2026-06-21T16:08:06.271-0500] {processor.py:183} INFO - Processing /Users/naga/Desktop/airflow_env/lib/python3.12/site-packages/airflow/example_dags/example_branch_operator.py took 0.159 seconds
[2026-06-21T16:10:20.978-0500] {processor.py:161} INFO - Started process (PID=58904) to work on /Users/naga/Desktop/airflow_env/lib/python3.12/site-packages/airflow/example_dags/example_branch_operator.py
[2026-06-21T16:10:20.978-0500] {processor.py:830} INFO - Processing file /Users/naga/Desktop/airflow_env/lib/python3.12/site-packages/airflow/example_dags/example_branch_operator.py for tasks to queue
[2026-06-21T16:10:20.979-0500] {logging_mixin.py:188} INFO - [2026-06-21T16:10:20.979-0500] {dagbag.py:545} INFO - Filling up the DagBag from /Users/naga/Desktop/airflow_env/lib/python3.12/site-packages/airflow/example_dags/example_branch_operator.py
[2026-06-21T16:10:20.999-0500] {processor.py:840} INFO - DAG(s) 'example_branch_operator' retrieved from /Users/naga/Desktop/airflow_env/lib/python3.12/site-packages/airflow/example_dags/example_branch_operator.py
[2026-06-21T16:10:21.087-0500] {logging_mixin.py:188} INFO - [2026-06-21T16:10:21.086-0500] {dag.py:3089} INFO - Sync 1 DAGs
[2026-06-21T16:10:21.095-0500] {logging_mixin.py:188} INFO - [2026-06-21T16:10:21.095-0500] {dag.py:3947} INFO - Setting next_dagrun for example_branch_operator to 2026-06-20 00:00:00+00:00, run_after=2026-06-21 00:00:00+00:00
[2026-06-21T16:10:21.104-0500] {processor.py:183} INFO - Processing /Users/naga/Desktop/airflow_env/lib/python3.12/site-packages/airflow/example_dags/example_branch_operator.py took 0.128 seconds
[2026-06-21T16:12:33.889-0500] {processor.py:161} INFO - Started process (PID=59018) to work on /Users/naga/Desktop/airflow_env/lib/python3.12/site-packages/airflow/example_dags/example_branch_operator.py
[2026-06-21T16:12:33.890-0500] {processor.py:830} INFO - Processing file /Users/naga/Desktop/airflow_env/lib/python3.12/site-packages/airflow/example_dags/example_branch_operator.py for tasks to queue
[2026-06-21T16:12:33.890-0500] {logging_mixin.py:188} INFO - [2026-06-21T16:12:33.890-0500] {dagbag.py:545} INFO - Filling up the DagBag from /Users/naga/Desktop/airflow_env/lib/python3.12/site-packages/airflow/example_dags/example_branch_operator.py
[2026-06-21T16:12:33.910-0500] {processor.py:840} INFO - DAG(s) 'example_branch_operator' retrieved from /Users/naga/Desktop/airflow_env/lib/python3.12/site-packages/airflow/example_dags/example_branch_operator.py
[2026-06-21T16:12:33.998-0500] {logging_mixin.py:188} INFO - [2026-06-21T16:12:33.998-0500] {dag.py:3089} INFO - Sync 1 DAGs
[2026-06-21T16:12:34.007-0500] {logging_mixin.py:188} INFO - [2026-06-21T16:12:34.006-0500] {dag.py:3947} INFO - Setting next_dagrun for example_branch_operator to 2026-06-20 00:00:00+00:00, run_after=2026-06-21 00:00:00+00:00
[2026-06-21T16:12:34.016-0500] {processor.py:183} INFO - Processing /Users/naga/Desktop/airflow_env/lib/python3.12/site-packages/airflow/example_dags/example_branch_operator.py took 0.128 seconds
[2026-06-21T16:14:45.487-0500] {processor.py:161} INFO - Started process (PID=59168) to work on /Users/naga/Desktop/airflow_env/lib/python3.12/site-packages/airflow/example_dags/example_branch_operator.py
[2026-06-21T16:14:45.488-0500] {processor.py:830} INFO - Processing file /Users/naga/Desktop/airflow_env/lib/python3.12/site-packages/airflow/example_dags/example_branch_operator.py for tasks to queue
[2026-06-21T16:14:45.488-0500] {logging_mixin.py:188} INFO - [2026-06-21T16:14:45.488-0500] {dagbag.py:545} INFO - Filling up the DagBag from /Users/naga/Desktop/airflow_env/lib/python3.12/site-packages/airflow/example_dags/example_branch_operator.py
[2026-06-21T16:14:45.508-0500] {processor.py:840} INFO - DAG(s) 'example_branch_operator' retrieved from /Users/naga/Desktop/airflow_env/lib/python3.12/site-packages/airflow/example_dags/example_branch_operator.py
[2026-06-21T16:14:45.598-0500] {logging_mixin.py:188} INFO - [2026-06-21T16:14:45.597-0500] {dag.py:3089} INFO - Sync 1 DAGs
[2026-06-21T16:14:45.606-0500] {logging_mixin.py:188} INFO - [2026-06-21T16:14:45.605-0500] {dag.py:3947} INFO - Setting next_dagrun for example_branch_operator to 2026-06-20 00:00:00+00:00, run_after=2026-06-21 00:00:00+00:00
[2026-06-21T16:14:45.615-0500] {processor.py:183} INFO - Processing /Users/naga/Desktop/airflow_env/lib/python3.12/site-packages/airflow/example_dags/example_branch_operator.py took 0.129 seconds
[2026-06-21T16:16:55.500-0500] {processor.py:161} INFO - Started process (PID=59293) to work on /Users/naga/Desktop/airflow_env/lib/python3.12/site-packages/airflow/example_dags/example_branch_operator.py
[2026-06-21T16:16:55.501-0500] {processor.py:830} INFO - Processing file /Users/naga/Desktop/airflow_env/lib/python3.12/site-packages/airflow/example_dags/example_branch_operator.py for tasks to queue
[2026-06-21T16:16:55.501-0500] {logging_mixin.py:188} INFO - [2026-06-21T16:16:55.501-0500] {dagbag.py:545} INFO - Filling up the DagBag from /Users/naga/Desktop/airflow_env/lib/python3.12/site-packages/airflow/example_dags/example_branch_operator.py
[2026-06-21T16:16:55.521-0500] {processor.py:840} INFO - DAG(s) 'example_branch_operator' retrieved from /Users/naga/Desktop/airflow_env/lib/python3.12/site-packages/airflow/example_dags/example_branch_operator.py
[2026-06-21T16:16:55.612-0500] {logging_mixin.py:188} INFO - [2026-06-21T16:16:55.612-0500] {dag.py:3089} INFO - Sync 1 DAGs
[2026-06-21T16:16:55.623-0500] {logging_mixin.py:188} INFO - [2026-06-21T16:16:55.623-0500] {dag.py:3947} INFO - Setting next_dagrun for example_branch_operator to 2026-06-20 00:00:00+00:00, run_after=2026-06-21 00:00:00+00:00
[2026-06-21T16:16:55.633-0500] {processor.py:183} INFO - Processing /Users/naga/Desktop/airflow_env/lib/python3.12/site-packages/airflow/example_dags/example_branch_operator.py took 0.135 seconds
[2026-06-21T16:19:07.399-0500] {processor.py:161} INFO - Started process (PID=59418) to work on /Users/naga/Desktop/airflow_env/lib/python3.12/site-packages/airflow/example_dags/example_branch_operator.py
[2026-06-21T16:19:07.400-0500] {processor.py:830} INFO - Processing file /Users/naga/Desktop/airflow_env/lib/python3.12/site-packages/airflow/example_dags/example_branch_operator.py for tasks to queue
[2026-06-21T16:19:07.400-0500] {logging_mixin.py:188} INFO - [2026-06-21T16:19:07.400-0500] {dagbag.py:545} INFO - Filling up the DagBag from /Users/naga/Desktop/airflow_env/lib/python3.12/site-packages/airflow/example_dags/example_branch_operator.py
[2026-06-21T16:19:07.419-0500] {processor.py:840} INFO - DAG(s) 'example_branch_operator' retrieved from /Users/naga/Desktop/airflow_env/lib/python3.12/site-packages/airflow/example_dags/example_branch_operator.py
[2026-06-21T16:19:07.506-0500] {logging_mixin.py:188} INFO - [2026-06-21T16:19:07.506-0500] {dag.py:3089} INFO - Sync 1 DAGs
[2026-06-21T16:19:07.514-0500] {logging_mixin.py:188} INFO - [2026-06-21T16:19:07.514-0500] {dag.py:3947} INFO - Setting next_dagrun for example_branch_operator to 2026-06-20 00:00:00+00:00, run_after=2026-06-21 00:00:00+00:00
[2026-06-21T16:19:07.523-0500] {processor.py:183} INFO - Processing /Users/naga/Desktop/airflow_env/lib/python3.12/site-packages/airflow/example_dags/example_branch_operator.py took 0.126 seconds
[2026-06-21T16:21:16.631-0500] {processor.py:161} INFO - Started process (PID=59563) to work on /Users/naga/Desktop/airflow_env/lib/python3.12/site-packages/airflow/example_dags/example_branch_operator.py
[2026-06-21T16:21:16.633-0500] {processor.py:830} INFO - Processing file /Users/naga/Desktop/airflow_env/lib/python3.12/site-packages/airflow/example_dags/example_branch_operator.py for tasks to queue
[2026-06-21T16:21:16.633-0500] {logging_mixin.py:188} INFO - [2026-06-21T16:21:16.633-0500] {dagbag.py:545} INFO - Filling up the DagBag from /Users/naga/Desktop/airflow_env/lib/python3.12/site-packages/airflow/example_dags/example_branch_operator.py
[2026-06-21T16:21:16.655-0500] {processor.py:840} INFO - DAG(s) 'example_branch_operator' retrieved from /Users/naga/Desktop/airflow_env/lib/python3.12/site-packages/airflow/example_dags/example_branch_operator.py
[2026-06-21T16:21:16.753-0500] {logging_mixin.py:188} INFO - [2026-06-21T16:21:16.752-0500] {dag.py:3089} INFO - Sync 1 DAGs
[2026-06-21T16:21:16.762-0500] {logging_mixin.py:188} INFO - [2026-06-21T16:21:16.761-0500] {dag.py:3947} INFO - Setting next_dagrun for example_branch_operator to 2026-06-20 00:00:00+00:00, run_after=2026-06-21 00:00:00+00:00
[2026-06-21T16:21:16.772-0500] {processor.py:183} INFO - Processing /Users/naga/Desktop/airflow_env/lib/python3.12/site-packages/airflow/example_dags/example_branch_operator.py took 0.142 seconds
[2026-06-21T16:23:25.312-0500] {processor.py:161} INFO - Started process (PID=59693) to work on /Users/naga/Desktop/airflow_env/lib/python3.12/site-packages/airflow/example_dags/example_branch_operator.py
[2026-06-21T16:23:25.313-0500] {processor.py:830} INFO - Processing file /Users/naga/Desktop/airflow_env/lib/python3.12/site-packages/airflow/example_dags/example_branch_operator.py for tasks to queue
[2026-06-21T16:23:25.314-0500] {logging_mixin.py:188} INFO - [2026-06-21T16:23:25.313-0500] {dagbag.py:545} INFO - Filling up the DagBag from /Users/naga/Desktop/airflow_env/lib/python3.12/site-packages/airflow/example_dags/example_branch_operator.py
[2026-06-21T16:23:25.333-0500] {processor.py:840} INFO - DAG(s) 'example_branch_operator' retrieved from /Users/naga/Desktop/airflow_env/lib/python3.12/site-packages/airflow/example_dags/example_branch_operator.py
[2026-06-21T16:23:25.418-0500] {logging_mixin.py:188} INFO - [2026-06-21T16:23:25.418-0500] {dag.py:3089} INFO - Sync 1 DAGs
[2026-06-21T16:23:25.426-0500] {logging_mixin.py:188} INFO - [2026-06-21T16:23:25.426-0500] {dag.py:3947} INFO - Setting next_dagrun for example_branch_operator to 2026-06-20 00:00:00+00:00, run_after=2026-06-21 00:00:00+00:00
[2026-06-21T16:23:25.435-0500] {processor.py:183} INFO - Processing /Users/naga/Desktop/airflow_env/lib/python3.12/site-packages/airflow/example_dags/example_branch_operator.py took 0.124 seconds
[2026-06-21T16:25:36.444-0500] {processor.py:161} INFO - Started process (PID=59819) to work on /Users/naga/Desktop/airflow_env/lib/python3.12/site-packages/airflow/example_dags/example_branch_operator.py
[2026-06-21T16:25:36.445-0500] {processor.py:830} INFO - Processing file /Users/naga/Desktop/airflow_env/lib/python3.12/site-packages/airflow/example_dags/example_branch_operator.py for tasks to queue
[2026-06-21T16:25:36.446-0500] {logging_mixin.py:188} INFO - [2026-06-21T16:25:36.446-0500] {dagbag.py:545} INFO - Filling up the DagBag from /Users/naga/Desktop/airflow_env/lib/python3.12/site-packages/airflow/example_dags/example_branch_operator.py
[2026-06-21T16:25:36.467-0500] {processor.py:840} INFO - DAG(s) 'example_branch_operator' retrieved from /Users/naga/Desktop/airflow_env/lib/python3.12/site-packages/airflow/example_dags/example_branch_operator.py
[2026-06-21T16:25:36.560-0500] {logging_mixin.py:188} INFO - [2026-06-21T16:25:36.559-0500] {dag.py:3089} INFO - Sync 1 DAGs
[2026-06-21T16:25:36.568-0500] {logging_mixin.py:188} INFO - [2026-06-21T16:25:36.568-0500] {dag.py:3947} INFO - Setting next_dagrun for example_branch_operator to 2026-06-20 00:00:00+00:00, run_after=2026-06-21 00:00:00+00:00
[2026-06-21T16:25:36.578-0500] {processor.py:183} INFO - Processing /Users/naga/Desktop/airflow_env/lib/python3.12/site-packages/airflow/example_dags/example_branch_operator.py took 0.135 seconds
[2026-06-21T16:27:55.429-0500] {processor.py:161} INFO - Started process (PID=59979) to work on /Users/naga/Desktop/airflow_env/lib/python3.12/site-packages/airflow/example_dags/example_branch_operator.py
[2026-06-21T16:27:55.430-0500] {processor.py:830} INFO - Processing file /Users/naga/Desktop/airflow_env/lib/python3.12/site-packages/airflow/example_dags/example_branch_operator.py for tasks to queue
[2026-06-21T16:27:55.430-0500] {logging_mixin.py:188} INFO - [2026-06-21T16:27:55.430-0500] {dagbag.py:545} INFO - Filling up the DagBag from /Users/naga/Desktop/airflow_env/lib/python3.12/site-packages/airflow/example_dags/example_branch_operator.py
[2026-06-21T16:27:55.449-0500] {processor.py:840} INFO - DAG(s) 'example_branch_operator' retrieved from /Users/naga/Desktop/airflow_env/lib/python3.12/site-packages/airflow/example_dags/example_branch_operator.py
[2026-06-21T16:27:55.532-0500] {logging_mixin.py:188} INFO - [2026-06-21T16:27:55.532-0500] {dag.py:3089} INFO - Sync 1 DAGs
[2026-06-21T16:27:55.540-0500] {logging_mixin.py:188} INFO - [2026-06-21T16:27:55.540-0500] {dag.py:3947} INFO - Setting next_dagrun for example_branch_operator to 2026-06-20 00:00:00+00:00, run_after=2026-06-21 00:00:00+00:00
[2026-06-21T16:27:55.548-0500] {processor.py:183} INFO - Processing /Users/naga/Desktop/airflow_env/lib/python3.12/site-packages/airflow/example_dags/example_branch_operator.py took 0.121 seconds
[2026-06-21T16:30:05.971-0500] {processor.py:161} INFO - Started process (PID=60084) to work on /Users/naga/Desktop/airflow_env/lib/python3.12/site-packages/airflow/example_dags/example_branch_operator.py
[2026-06-21T16:30:05.972-0500] {processor.py:830} INFO - Processing file /Users/naga/Desktop/airflow_env/lib/python3.12/site-packages/airflow/example_dags/example_branch_operator.py for tasks to queue
[2026-06-21T16:30:05.972-0500] {logging_mixin.py:188} INFO - [2026-06-21T16:30:05.972-0500] {dagbag.py:545} INFO - Filling up the DagBag from /Users/naga/Desktop/airflow_env/lib/python3.12/site-packages/airflow/example_dags/example_branch_operator.py
[2026-06-21T16:30:05.991-0500] {processor.py:840} INFO - DAG(s) 'example_branch_operator' retrieved from /Users/naga/Desktop/airflow_env/lib/python3.12/site-packages/airflow/example_dags/example_branch_operator.py
[2026-06-21T16:30:06.073-0500] {logging_mixin.py:188} INFO - [2026-06-21T16:30:06.073-0500] {dag.py:3089} INFO - Sync 1 DAGs
[2026-06-21T16:30:06.081-0500] {logging_mixin.py:188} INFO - [2026-06-21T16:30:06.081-0500] {dag.py:3947} INFO - Setting next_dagrun for example_branch_operator to 2026-06-20 00:00:00+00:00, run_after=2026-06-21 00:00:00+00:00
[2026-06-21T16:30:06.089-0500] {processor.py:183} INFO - Processing /Users/naga/Desktop/airflow_env/lib/python3.12/site-packages/airflow/example_dags/example_branch_operator.py took 0.119 seconds
[2026-06-21T16:32:10.012-0500] {processor.py:161} INFO - Started process (PID=60232) to work on /Users/naga/Desktop/airflow_env/lib/python3.12/site-packages/airflow/example_dags/example_branch_operator.py
[2026-06-21T16:32:10.013-0500] {processor.py:830} INFO - Processing file /Users/naga/Desktop/airflow_env/lib/python3.12/site-packages/airflow/example_dags/example_branch_operator.py for tasks to queue
[2026-06-21T16:32:10.013-0500] {logging_mixin.py:188} INFO - [2026-06-21T16:32:10.013-0500] {dagbag.py:545} INFO - Filling up the DagBag from /Users/naga/Desktop/airflow_env/lib/python3.12/site-packages/airflow/example_dags/example_branch_operator.py
[2026-06-21T16:32:10.032-0500] {processor.py:840} INFO - DAG(s) 'example_branch_operator' retrieved from /Users/naga/Desktop/airflow_env/lib/python3.12/site-packages/airflow/example_dags/example_branch_operator.py
[2026-06-21T16:32:10.119-0500] {logging_mixin.py:188} INFO - [2026-06-21T16:32:10.119-0500] {dag.py:3089} INFO - Sync 1 DAGs
[2026-06-21T16:32:10.127-0500] {logging_mixin.py:188} INFO - [2026-06-21T16:32:10.127-0500] {dag.py:3947} INFO - Setting next_dagrun for example_branch_operator to 2026-06-20 00:00:00+00:00, run_after=2026-06-21 00:00:00+00:00
[2026-06-21T16:32:10.136-0500] {processor.py:183} INFO - Processing /Users/naga/Desktop/airflow_env/lib/python3.12/site-packages/airflow/example_dags/example_branch_operator.py took 0.126 seconds
[2026-06-21T16:34:11.974-0500] {processor.py:161} INFO - Started process (PID=60345) to work on /Users/naga/Desktop/airflow_env/lib/python3.12/site-packages/airflow/example_dags/example_branch_operator.py
[2026-06-21T16:34:11.974-0500] {processor.py:830} INFO - Processing file /Users/naga/Desktop/airflow_env/lib/python3.12/site-packages/airflow/example_dags/example_branch_operator.py for tasks to queue
[2026-06-21T16:34:11.975-0500] {logging_mixin.py:188} INFO - [2026-06-21T16:34:11.975-0500] {dagbag.py:545} INFO - Filling up the DagBag from /Users/naga/Desktop/airflow_env/lib/python3.12/site-packages/airflow/example_dags/example_branch_operator.py
[2026-06-21T16:34:11.993-0500] {processor.py:840} INFO - DAG(s) 'example_branch_operator' retrieved from /Users/naga/Desktop/airflow_env/lib/python3.12/site-packages/airflow/example_dags/example_branch_operator.py
[2026-06-21T16:34:12.076-0500] {logging_mixin.py:188} INFO - [2026-06-21T16:34:12.076-0500] {dag.py:3089} INFO - Sync 1 DAGs
[2026-06-21T16:34:12.084-0500] {logging_mixin.py:188} INFO - [2026-06-21T16:34:12.084-0500] {dag.py:3947} INFO - Setting next_dagrun for example_branch_operator to 2026-06-20 00:00:00+00:00, run_after=2026-06-21 00:00:00+00:00
[2026-06-21T16:34:12.093-0500] {processor.py:183} INFO - Processing /Users/naga/Desktop/airflow_env/lib/python3.12/site-packages/airflow/example_dags/example_branch_operator.py took 0.120 seconds
[2026-06-21T16:36:20.370-0500] {processor.py:161} INFO - Started process (PID=60473) to work on /Users/naga/Desktop/airflow_env/lib/python3.12/site-packages/airflow/example_dags/example_branch_operator.py
[2026-06-21T16:36:20.371-0500] {processor.py:830} INFO - Processing file /Users/naga/Desktop/airflow_env/lib/python3.12/site-packages/airflow/example_dags/example_branch_operator.py for tasks to queue
[2026-06-21T16:36:20.371-0500] {logging_mixin.py:188} INFO - [2026-06-21T16:36:20.371-0500] {dagbag.py:545} INFO - Filling up the DagBag from /Users/naga/Desktop/airflow_env/lib/python3.12/site-packages/airflow/example_dags/example_branch_operator.py
[2026-06-21T16:36:20.389-0500] {processor.py:840} INFO - DAG(s) 'example_branch_operator' retrieved from /Users/naga/Desktop/airflow_env/lib/python3.12/site-packages/airflow/example_dags/example_branch_operator.py
[2026-06-21T16:36:20.473-0500] {logging_mixin.py:188} INFO - [2026-06-21T16:36:20.473-0500] {dag.py:3089} INFO - Sync 1 DAGs
[2026-06-21T16:36:20.481-0500] {logging_mixin.py:188} INFO - [2026-06-21T16:36:20.480-0500] {dag.py:3947} INFO - Setting next_dagrun for example_branch_operator to 2026-06-20 00:00:00+00:00, run_after=2026-06-21 00:00:00+00:00
[2026-06-21T16:36:20.489-0500] {processor.py:183} INFO - Processing /Users/naga/Desktop/airflow_env/lib/python3.12/site-packages/airflow/example_dags/example_branch_operator.py took 0.120 seconds
[2026-06-21T16:38:24.002-0500] {processor.py:161} INFO - Started process (PID=60602) to work on /Users/naga/Desktop/airflow_env/lib/python3.12/site-packages/airflow/example_dags/example_branch_operator.py
[2026-06-21T16:38:24.003-0500] {processor.py:830} INFO - Processing file /Users/naga/Desktop/airflow_env/lib/python3.12/site-packages/airflow/example_dags/example_branch_operator.py for tasks to queue
[2026-06-21T16:38:24.003-0500] {logging_mixin.py:188} INFO - [2026-06-21T16:38:24.003-0500] {dagbag.py:545} INFO - Filling up the DagBag from /Users/naga/Desktop/airflow_env/lib/python3.12/site-packages/airflow/example_dags/example_branch_operator.py
[2026-06-21T16:38:24.021-0500] {processor.py:840} INFO - DAG(s) 'example_branch_operator' retrieved from /Users/naga/Desktop/airflow_env/lib/python3.12/site-packages/airflow/example_dags/example_branch_operator.py
[2026-06-21T16:38:24.104-0500] {logging_mixin.py:188} INFO - [2026-06-21T16:38:24.103-0500] {dag.py:3089} INFO - Sync 1 DAGs
[2026-06-21T16:38:24.112-0500] {logging_mixin.py:188} INFO - [2026-06-21T16:38:24.111-0500] {dag.py:3947} INFO - Setting next_dagrun for example_branch_operator to 2026-06-20 00:00:00+00:00, run_after=2026-06-21 00:00:00+00:00
[2026-06-21T16:38:24.120-0500] {processor.py:183} INFO - Processing /Users/naga/Desktop/airflow_env/lib/python3.12/site-packages/airflow/example_dags/example_branch_operator.py took 0.119 seconds
[2026-06-21T16:40:31.413-0500] {processor.py:161} INFO - Started process (PID=60728) to work on /Users/naga/Desktop/airflow_env/lib/python3.12/site-packages/airflow/example_dags/example_branch_operator.py
[2026-06-21T16:40:31.414-0500] {processor.py:830} INFO - Processing file /Users/naga/Desktop/airflow_env/lib/python3.12/site-packages/airflow/example_dags/example_branch_operator.py for tasks to queue
[2026-06-21T16:40:31.415-0500] {logging_mixin.py:188} INFO - [2026-06-21T16:40:31.415-0500] {dagbag.py:545} INFO - Filling up the DagBag from /Users/naga/Desktop/airflow_env/lib/python3.12/site-packages/airflow/example_dags/example_branch_operator.py
[2026-06-21T16:40:31.445-0500] {processor.py:840} INFO - DAG(s) 'example_branch_operator' retrieved from /Users/naga/Desktop/airflow_env/lib/python3.12/site-packages/airflow/example_dags/example_branch_operator.py
[2026-06-21T16:40:31.589-0500] {logging_mixin.py:188} INFO - [2026-06-21T16:40:31.589-0500] {dag.py:3089} INFO - Sync 1 DAGs
[2026-06-21T16:40:31.602-0500] {logging_mixin.py:188} INFO - [2026-06-21T16:40:31.602-0500] {dag.py:3947} INFO - Setting next_dagrun for example_branch_operator to 2026-06-20 00:00:00+00:00, run_after=2026-06-21 00:00:00+00:00
[2026-06-21T16:40:31.617-0500] {processor.py:183} INFO - Processing /Users/naga/Desktop/airflow_env/lib/python3.12/site-packages/airflow/example_dags/example_branch_operator.py took 0.207 seconds
[2026-06-21T16:43:47.817-0500] {processor.py:161} INFO - Started process (PID=60908) to work on /Users/naga/Desktop/airflow_env/lib/python3.12/site-packages/airflow/example_dags/example_branch_operator.py
[2026-06-21T16:43:47.818-0500] {processor.py:830} INFO - Processing file /Users/naga/Desktop/airflow_env/lib/python3.12/site-packages/airflow/example_dags/example_branch_operator.py for tasks to queue
[2026-06-21T16:43:47.819-0500] {logging_mixin.py:188} INFO - [2026-06-21T16:43:47.819-0500] {dagbag.py:545} INFO - Filling up the DagBag from /Users/naga/Desktop/airflow_env/lib/python3.12/site-packages/airflow/example_dags/example_branch_operator.py
[2026-06-21T16:43:47.852-0500] {processor.py:840} INFO - DAG(s) 'example_branch_operator' retrieved from /Users/naga/Desktop/airflow_env/lib/python3.12/site-packages/airflow/example_dags/example_branch_operator.py
[2026-06-21T16:43:47.996-0500] {logging_mixin.py:188} INFO - [2026-06-21T16:43:47.996-0500] {dag.py:3089} INFO - Sync 1 DAGs
[2026-06-21T16:43:48.010-0500] {logging_mixin.py:188} INFO - [2026-06-21T16:43:48.009-0500] {dag.py:3947} INFO - Setting next_dagrun for example_branch_operator to 2026-06-20 00:00:00+00:00, run_after=2026-06-21 00:00:00+00:00
[2026-06-21T16:43:48.024-0500] {processor.py:183} INFO - Processing /Users/naga/Desktop/airflow_env/lib/python3.12/site-packages/airflow/example_dags/example_branch_operator.py took 0.209 seconds
[2026-06-21T16:46:53.509-0500] {processor.py:161} INFO - Started process (PID=61037) to work on /Users/naga/Desktop/airflow_env/lib/python3.12/site-packages/airflow/example_dags/example_branch_operator.py
[2026-06-21T16:46:53.510-0500] {processor.py:830} INFO - Processing file /Users/naga/Desktop/airflow_env/lib/python3.12/site-packages/airflow/example_dags/example_branch_operator.py for tasks to queue
[2026-06-21T16:46:53.510-0500] {logging_mixin.py:188} INFO - [2026-06-21T16:46:53.510-0500] {dagbag.py:545} INFO - Filling up the DagBag from /Users/naga/Desktop/airflow_env/lib/python3.12/site-packages/airflow/example_dags/example_branch_operator.py
[2026-06-21T16:46:53.544-0500] {processor.py:840} INFO - DAG(s) 'example_branch_operator' retrieved from /Users/naga/Desktop/airflow_env/lib/python3.12/site-packages/airflow/example_dags/example_branch_operator.py
[2026-06-21T16:46:53.687-0500] {logging_mixin.py:188} INFO - [2026-06-21T16:46:53.686-0500] {dag.py:3089} INFO - Sync 1 DAGs
[2026-06-21T16:46:53.700-0500] {logging_mixin.py:188} INFO - [2026-06-21T16:46:53.700-0500] {dag.py:3947} INFO - Setting next_dagrun for example_branch_operator to 2026-06-20 00:00:00+00:00, run_after=2026-06-21 00:00:00+00:00
[2026-06-21T16:46:53.715-0500] {processor.py:183} INFO - Processing /Users/naga/Desktop/airflow_env/lib/python3.12/site-packages/airflow/example_dags/example_branch_operator.py took 0.208 seconds
[2026-06-21T18:50:14.206-0500] {processor.py:161} INFO - Started process (PID=61268) to work on /Users/naga/Desktop/airflow_env/lib/python3.12/site-packages/airflow/example_dags/example_branch_operator.py
[2026-06-21T18:50:14.207-0500] {processor.py:830} INFO - Processing file /Users/naga/Desktop/airflow_env/lib/python3.12/site-packages/airflow/example_dags/example_branch_operator.py for tasks to queue
[2026-06-21T18:50:14.208-0500] {logging_mixin.py:188} INFO - [2026-06-21T18:50:14.208-0500] {dagbag.py:545} INFO - Filling up the DagBag from /Users/naga/Desktop/airflow_env/lib/python3.12/site-packages/airflow/example_dags/example_branch_operator.py
[2026-06-21T18:50:14.242-0500] {processor.py:840} INFO - DAG(s) 'example_branch_operator' retrieved from /Users/naga/Desktop/airflow_env/lib/python3.12/site-packages/airflow/example_dags/example_branch_operator.py
[2026-06-21T18:50:14.383-0500] {logging_mixin.py:188} INFO - [2026-06-21T18:50:14.383-0500] {dag.py:3089} INFO - Sync 1 DAGs
[2026-06-21T18:50:14.396-0500] {logging_mixin.py:188} INFO - [2026-06-21T18:50:14.396-0500] {dag.py:3947} INFO - Setting next_dagrun for example_branch_operator to 2026-06-20 00:00:00+00:00, run_after=2026-06-21 00:00:00+00:00
[2026-06-21T18:50:14.411-0500] {processor.py:183} INFO - Processing /Users/naga/Desktop/airflow_env/lib/python3.12/site-packages/airflow/example_dags/example_branch_operator.py took 0.207 seconds
