[2026-06-21T14:45:33.652-0500] {processor.py:161} INFO - Started process (PID=54356) to work on /Users/naga/Desktop/airflow_env/lib/python3.12/site-packages/airflow/example_dags/example_branch_day_of_week_operator.py
[2026-06-21T14:45:33.653-0500] {processor.py:830} INFO - Processing file /Users/naga/Desktop/airflow_env/lib/python3.12/site-packages/airflow/example_dags/example_branch_day_of_week_operator.py for tasks to queue
[2026-06-21T14:45:33.653-0500] {logging_mixin.py:188} INFO - [2026-06-21T14:45:33.653-0500] {dagbag.py:545} INFO - Filling up the DagBag from /Users/naga/Desktop/airflow_env/lib/python3.12/site-packages/airflow/example_dags/example_branch_day_of_week_operator.py
[2026-06-21T14:45:33.662-0500] {processor.py:840} INFO - DAG(s) 'example_weekday_branch_operator' retrieved from /Users/naga/Desktop/airflow_env/lib/python3.12/site-packages/airflow/example_dags/example_branch_day_of_week_operator.py
[2026-06-21T14:45:33.801-0500] {logging_mixin.py:188} INFO - [2026-06-21T14:45:33.801-0500] {override.py:1858} INFO - Created Permission View: can edit on DAG:example_weekday_branch_operator
[2026-06-21T14:45:33.807-0500] {logging_mixin.py:188} INFO - [2026-06-21T14:45:33.807-0500] {override.py:1858} INFO - Created Permission View: can read on DAG:example_weekday_branch_operator
[2026-06-21T14:45:33.811-0500] {logging_mixin.py:188} INFO - [2026-06-21T14:45:33.811-0500] {override.py:1858} INFO - Created Permission View: can delete on DAG:example_weekday_branch_operator
[2026-06-21T14:45:33.811-0500] {logging_mixin.py:188} INFO - [2026-06-21T14:45:33.811-0500] {dag.py:3089} INFO - Sync 1 DAGs
[2026-06-21T14:45:33.818-0500] {logging_mixin.py:188} INFO - [2026-06-21T14:45:33.818-0500] {dag.py:3111} INFO - Creating ORM DAG for example_weekday_branch_operator
[2026-06-21T14:45:33.825-0500] {logging_mixin.py:188} INFO - [2026-06-21T14:45:33.825-0500] {dag.py:3947} INFO - Setting next_dagrun for example_weekday_branch_operator to 2026-06-20 00:00:00+00:00, run_after=2026-06-21 00:00:00+00:00
[2026-06-21T14:45:33.837-0500] {processor.py:183} INFO - Processing /Users/naga/Desktop/airflow_env/lib/python3.12/site-packages/airflow/example_dags/example_branch_day_of_week_operator.py took 0.187 seconds
[2026-06-21T14:48:40.983-0500] {processor.py:161} INFO - Started process (PID=54530) to work on /Users/naga/Desktop/airflow_env/lib/python3.12/site-packages/airflow/example_dags/example_branch_day_of_week_operator.py
[2026-06-21T14:48:40.984-0500] {processor.py:830} INFO - Processing file /Users/naga/Desktop/airflow_env/lib/python3.12/site-packages/airflow/example_dags/example_branch_day_of_week_operator.py for tasks to queue
[2026-06-21T14:48:40.985-0500] {logging_mixin.py:188} INFO - [2026-06-21T14:48:40.985-0500] {dagbag.py:545} INFO - Filling up the DagBag from /Users/naga/Desktop/airflow_env/lib/python3.12/site-packages/airflow/example_dags/example_branch_day_of_week_operator.py
[2026-06-21T14:48:40.994-0500] {processor.py:840} INFO - DAG(s) 'example_weekday_branch_operator' retrieved from /Users/naga/Desktop/airflow_env/lib/python3.12/site-packages/airflow/example_dags/example_branch_day_of_week_operator.py
[2026-06-21T14:48:41.069-0500] {logging_mixin.py:188} INFO - [2026-06-21T14:48:41.069-0500] {dag.py:3089} INFO - Sync 1 DAGs
[2026-06-21T14:48:41.083-0500] {logging_mixin.py:188} INFO - [2026-06-21T14:48:41.083-0500] {dag.py:3947} INFO - Setting next_dagrun for example_weekday_branch_operator to 2026-06-20 00:00:00+00:00, run_after=2026-06-21 00:00:00+00:00
[2026-06-21T14:48:41.097-0500] {processor.py:183} INFO - Processing /Users/naga/Desktop/airflow_env/lib/python3.12/site-packages/airflow/example_dags/example_branch_day_of_week_operator.py took 0.116 seconds
[2026-06-21T14:51:36.035-0500] {processor.py:161} INFO - Started process (PID=54717) to work on /Users/naga/Desktop/airflow_env/lib/python3.12/site-packages/airflow/example_dags/example_branch_day_of_week_operator.py
[2026-06-21T14:51:36.036-0500] {processor.py:830} INFO - Processing file /Users/naga/Desktop/airflow_env/lib/python3.12/site-packages/airflow/example_dags/example_branch_day_of_week_operator.py for tasks to queue
[2026-06-21T14:51:36.037-0500] {logging_mixin.py:188} INFO - [2026-06-21T14:51:36.037-0500] {dagbag.py:545} INFO - Filling up the DagBag from /Users/naga/Desktop/airflow_env/lib/python3.12/site-packages/airflow/example_dags/example_branch_day_of_week_operator.py
[2026-06-21T14:51:36.045-0500] {processor.py:840} INFO - DAG(s) 'example_weekday_branch_operator' retrieved from /Users/naga/Desktop/airflow_env/lib/python3.12/site-packages/airflow/example_dags/example_branch_day_of_week_operator.py
[2026-06-21T14:51:36.121-0500] {logging_mixin.py:188} INFO - [2026-06-21T14:51:36.121-0500] {dag.py:3089} INFO - Sync 1 DAGs
[2026-06-21T14:51:36.136-0500] {logging_mixin.py:188} INFO - [2026-06-21T14:51:36.135-0500] {dag.py:3947} INFO - Setting next_dagrun for example_weekday_branch_operator to 2026-06-20 00:00:00+00:00, run_after=2026-06-21 00:00:00+00:00
[2026-06-21T14:51:36.150-0500] {processor.py:183} INFO - Processing /Users/naga/Desktop/airflow_env/lib/python3.12/site-packages/airflow/example_dags/example_branch_day_of_week_operator.py took 0.117 seconds
[2026-06-21T14:54:34.700-0500] {processor.py:161} INFO - Started process (PID=54880) to work on /Users/naga/Desktop/airflow_env/lib/python3.12/site-packages/airflow/example_dags/example_branch_day_of_week_operator.py
[2026-06-21T14:54:34.701-0500] {processor.py:830} INFO - Processing file /Users/naga/Desktop/airflow_env/lib/python3.12/site-packages/airflow/example_dags/example_branch_day_of_week_operator.py for tasks to queue
[2026-06-21T14:54:34.702-0500] {logging_mixin.py:188} INFO - [2026-06-21T14:54:34.702-0500] {dagbag.py:545} INFO - Filling up the DagBag from /Users/naga/Desktop/airflow_env/lib/python3.12/site-packages/airflow/example_dags/example_branch_day_of_week_operator.py
[2026-06-21T14:54:34.711-0500] {processor.py:840} INFO - DAG(s) 'example_weekday_branch_operator' retrieved from /Users/naga/Desktop/airflow_env/lib/python3.12/site-packages/airflow/example_dags/example_branch_day_of_week_operator.py
[2026-06-21T14:54:34.786-0500] {logging_mixin.py:188} INFO - [2026-06-21T14:54:34.786-0500] {dag.py:3089} INFO - Sync 1 DAGs
[2026-06-21T14:54:34.799-0500] {logging_mixin.py:188} INFO - [2026-06-21T14:54:34.799-0500] {dag.py:3947} INFO - Setting next_dagrun for example_weekday_branch_operator to 2026-06-20 00:00:00+00:00, run_after=2026-06-21 00:00:00+00:00
[2026-06-21T14:54:34.812-0500] {processor.py:183} INFO - Processing /Users/naga/Desktop/airflow_env/lib/python3.12/site-packages/airflow/example_dags/example_branch_day_of_week_operator.py took 0.115 seconds
[2026-06-21T14:57:46.056-0500] {processor.py:161} INFO - Started process (PID=55250) to work on /Users/naga/Desktop/airflow_env/lib/python3.12/site-packages/airflow/example_dags/example_branch_day_of_week_operator.py
[2026-06-21T14:57:46.057-0500] {processor.py:830} INFO - Processing file /Users/naga/Desktop/airflow_env/lib/python3.12/site-packages/airflow/example_dags/example_branch_day_of_week_operator.py for tasks to queue
[2026-06-21T14:57:46.057-0500] {logging_mixin.py:188} INFO - [2026-06-21T14:57:46.057-0500] {dagbag.py:545} INFO - Filling up the DagBag from /Users/naga/Desktop/airflow_env/lib/python3.12/site-packages/airflow/example_dags/example_branch_day_of_week_operator.py
[2026-06-21T14:57:46.066-0500] {processor.py:840} INFO - DAG(s) 'example_weekday_branch_operator' retrieved from /Users/naga/Desktop/airflow_env/lib/python3.12/site-packages/airflow/example_dags/example_branch_day_of_week_operator.py
[2026-06-21T14:57:46.141-0500] {logging_mixin.py:188} INFO - [2026-06-21T14:57:46.140-0500] {dag.py:3089} INFO - Sync 1 DAGs
[2026-06-21T14:57:46.154-0500] {logging_mixin.py:188} INFO - [2026-06-21T14:57:46.154-0500] {dag.py:3947} INFO - Setting next_dagrun for example_weekday_branch_operator to 2026-06-20 00:00:00+00:00, run_after=2026-06-21 00:00:00+00:00
[2026-06-21T14:57:46.169-0500] {processor.py:183} INFO - Processing /Users/naga/Desktop/airflow_env/lib/python3.12/site-packages/airflow/example_dags/example_branch_day_of_week_operator.py took 0.115 seconds
[2026-06-21T15:00:59.752-0500] {processor.py:161} INFO - Started process (PID=55430) to work on /Users/naga/Desktop/airflow_env/lib/python3.12/site-packages/airflow/example_dags/example_branch_day_of_week_operator.py
[2026-06-21T15:00:59.753-0500] {processor.py:830} INFO - Processing file /Users/naga/Desktop/airflow_env/lib/python3.12/site-packages/airflow/example_dags/example_branch_day_of_week_operator.py for tasks to queue
[2026-06-21T15:00:59.754-0500] {logging_mixin.py:188} INFO - [2026-06-21T15:00:59.753-0500] {dagbag.py:545} INFO - Filling up the DagBag from /Users/naga/Desktop/airflow_env/lib/python3.12/site-packages/airflow/example_dags/example_branch_day_of_week_operator.py
[2026-06-21T15:00:59.762-0500] {processor.py:840} INFO - DAG(s) 'example_weekday_branch_operator' retrieved from /Users/naga/Desktop/airflow_env/lib/python3.12/site-packages/airflow/example_dags/example_branch_day_of_week_operator.py
[2026-06-21T15:00:59.840-0500] {logging_mixin.py:188} INFO - [2026-06-21T15:00:59.840-0500] {dag.py:3089} INFO - Sync 1 DAGs
[2026-06-21T15:00:59.855-0500] {logging_mixin.py:188} INFO - [2026-06-21T15:00:59.855-0500] {dag.py:3947} INFO - Setting next_dagrun for example_weekday_branch_operator to 2026-06-20 00:00:00+00:00, run_after=2026-06-21 00:00:00+00:00
[2026-06-21T15:00:59.869-0500] {processor.py:183} INFO - Processing /Users/naga/Desktop/airflow_env/lib/python3.12/site-packages/airflow/example_dags/example_branch_day_of_week_operator.py took 0.120 seconds
[2026-06-21T15:04:02.643-0500] {processor.py:161} INFO - Started process (PID=55570) to work on /Users/naga/Desktop/airflow_env/lib/python3.12/site-packages/airflow/example_dags/example_branch_day_of_week_operator.py
[2026-06-21T15:04:02.644-0500] {processor.py:830} INFO - Processing file /Users/naga/Desktop/airflow_env/lib/python3.12/site-packages/airflow/example_dags/example_branch_day_of_week_operator.py for tasks to queue
[2026-06-21T15:04:02.645-0500] {logging_mixin.py:188} INFO - [2026-06-21T15:04:02.645-0500] {dagbag.py:545} INFO - Filling up the DagBag from /Users/naga/Desktop/airflow_env/lib/python3.12/site-packages/airflow/example_dags/example_branch_day_of_week_operator.py
[2026-06-21T15:04:02.654-0500] {processor.py:840} INFO - DAG(s) 'example_weekday_branch_operator' retrieved from /Users/naga/Desktop/airflow_env/lib/python3.12/site-packages/airflow/example_dags/example_branch_day_of_week_operator.py
[2026-06-21T15:04:02.728-0500] {logging_mixin.py:188} INFO - [2026-06-21T15:04:02.728-0500] {dag.py:3089} INFO - Sync 1 DAGs
[2026-06-21T15:04:02.742-0500] {logging_mixin.py:188} INFO - [2026-06-21T15:04:02.742-0500] {dag.py:3947} INFO - Setting next_dagrun for example_weekday_branch_operator to 2026-06-20 00:00:00+00:00, run_after=2026-06-21 00:00:00+00:00
[2026-06-21T15:04:02.755-0500] {processor.py:183} INFO - Processing /Users/naga/Desktop/airflow_env/lib/python3.12/site-packages/airflow/example_dags/example_branch_day_of_week_operator.py took 0.115 seconds
[2026-06-21T15:07:08.326-0500] {processor.py:161} INFO - Started process (PID=55715) to work on /Users/naga/Desktop/airflow_env/lib/python3.12/site-packages/airflow/example_dags/example_branch_day_of_week_operator.py
[2026-06-21T15:07:08.328-0500] {processor.py:830} INFO - Processing file /Users/naga/Desktop/airflow_env/lib/python3.12/site-packages/airflow/example_dags/example_branch_day_of_week_operator.py for tasks to queue
[2026-06-21T15:07:08.329-0500] {logging_mixin.py:188} INFO - [2026-06-21T15:07:08.328-0500] {dagbag.py:545} INFO - Filling up the DagBag from /Users/naga/Desktop/airflow_env/lib/python3.12/site-packages/airflow/example_dags/example_branch_day_of_week_operator.py
[2026-06-21T15:07:08.337-0500] {processor.py:840} INFO - DAG(s) 'example_weekday_branch_operator' retrieved from /Users/naga/Desktop/airflow_env/lib/python3.12/site-packages/airflow/example_dags/example_branch_day_of_week_operator.py
[2026-06-21T15:07:08.412-0500] {logging_mixin.py:188} INFO - [2026-06-21T15:07:08.411-0500] {dag.py:3089} INFO - Sync 1 DAGs
[2026-06-21T15:07:08.425-0500] {logging_mixin.py:188} INFO - [2026-06-21T15:07:08.425-0500] {dag.py:3947} INFO - Setting next_dagrun for example_weekday_branch_operator to 2026-06-20 00:00:00+00:00, run_after=2026-06-21 00:00:00+00:00
[2026-06-21T15:07:08.438-0500] {processor.py:183} INFO - Processing /Users/naga/Desktop/airflow_env/lib/python3.12/site-packages/airflow/example_dags/example_branch_day_of_week_operator.py took 0.114 seconds
[2026-06-21T15:10:13.482-0500] {processor.py:161} INFO - Started process (PID=55835) to work on /Users/naga/Desktop/airflow_env/lib/python3.12/site-packages/airflow/example_dags/example_branch_day_of_week_operator.py
[2026-06-21T15:10:13.483-0500] {processor.py:830} INFO - Processing file /Users/naga/Desktop/airflow_env/lib/python3.12/site-packages/airflow/example_dags/example_branch_day_of_week_operator.py for tasks to queue
[2026-06-21T15:10:13.484-0500] {logging_mixin.py:188} INFO - [2026-06-21T15:10:13.484-0500] {dagbag.py:545} INFO - Filling up the DagBag from /Users/naga/Desktop/airflow_env/lib/python3.12/site-packages/airflow/example_dags/example_branch_day_of_week_operator.py
[2026-06-21T15:10:13.492-0500] {processor.py:840} INFO - DAG(s) 'example_weekday_branch_operator' retrieved from /Users/naga/Desktop/airflow_env/lib/python3.12/site-packages/airflow/example_dags/example_branch_day_of_week_operator.py
[2026-06-21T15:10:13.567-0500] {logging_mixin.py:188} INFO - [2026-06-21T15:10:13.566-0500] {dag.py:3089} INFO - Sync 1 DAGs
[2026-06-21T15:10:13.581-0500] {logging_mixin.py:188} INFO - [2026-06-21T15:10:13.580-0500] {dag.py:3947} INFO - Setting next_dagrun for example_weekday_branch_operator to 2026-06-20 00:00:00+00:00, run_after=2026-06-21 00:00:00+00:00
[2026-06-21T15:10:13.594-0500] {processor.py:183} INFO - Processing /Users/naga/Desktop/airflow_env/lib/python3.12/site-packages/airflow/example_dags/example_branch_day_of_week_operator.py took 0.114 seconds
[2026-06-21T15:13:23.487-0500] {processor.py:161} INFO - Started process (PID=56126) to work on /Users/naga/Desktop/airflow_env/lib/python3.12/site-packages/airflow/example_dags/example_branch_day_of_week_operator.py
[2026-06-21T15:13:23.488-0500] {processor.py:830} INFO - Processing file /Users/naga/Desktop/airflow_env/lib/python3.12/site-packages/airflow/example_dags/example_branch_day_of_week_operator.py for tasks to queue
[2026-06-21T15:13:23.488-0500] {logging_mixin.py:188} INFO - [2026-06-21T15:13:23.488-0500] {dagbag.py:545} INFO - Filling up the DagBag from /Users/naga/Desktop/airflow_env/lib/python3.12/site-packages/airflow/example_dags/example_branch_day_of_week_operator.py
[2026-06-21T15:13:23.494-0500] {processor.py:840} INFO - DAG(s) 'example_weekday_branch_operator' retrieved from /Users/naga/Desktop/airflow_env/lib/python3.12/site-packages/airflow/example_dags/example_branch_day_of_week_operator.py
[2026-06-21T15:13:23.546-0500] {logging_mixin.py:188} INFO - [2026-06-21T15:13:23.545-0500] {dag.py:3089} INFO - Sync 1 DAGs
[2026-06-21T15:13:23.555-0500] {logging_mixin.py:188} INFO - [2026-06-21T15:13:23.555-0500] {dag.py:3947} INFO - Setting next_dagrun for example_weekday_branch_operator to 2026-06-20 00:00:00+00:00, run_after=2026-06-21 00:00:00+00:00
[2026-06-21T15:13:23.563-0500] {processor.py:183} INFO - Processing /Users/naga/Desktop/airflow_env/lib/python3.12/site-packages/airflow/example_dags/example_branch_day_of_week_operator.py took 0.079 seconds
[2026-06-21T15:15:37.266-0500] {processor.py:161} INFO - Started process (PID=56249) to work on /Users/naga/Desktop/airflow_env/lib/python3.12/site-packages/airflow/example_dags/example_branch_day_of_week_operator.py
[2026-06-21T15:15:37.267-0500] {processor.py:830} INFO - Processing file /Users/naga/Desktop/airflow_env/lib/python3.12/site-packages/airflow/example_dags/example_branch_day_of_week_operator.py for tasks to queue
[2026-06-21T15:15:37.267-0500] {logging_mixin.py:188} INFO - [2026-06-21T15:15:37.267-0500] {dagbag.py:545} INFO - Filling up the DagBag from /Users/naga/Desktop/airflow_env/lib/python3.12/site-packages/airflow/example_dags/example_branch_day_of_week_operator.py
[2026-06-21T15:15:37.272-0500] {processor.py:840} INFO - DAG(s) 'example_weekday_branch_operator' retrieved from /Users/naga/Desktop/airflow_env/lib/python3.12/site-packages/airflow/example_dags/example_branch_day_of_week_operator.py
[2026-06-21T15:15:37.316-0500] {logging_mixin.py:188} INFO - [2026-06-21T15:15:37.316-0500] {dag.py:3089} INFO - Sync 1 DAGs
[2026-06-21T15:15:37.324-0500] {logging_mixin.py:188} INFO - [2026-06-21T15:15:37.324-0500] {dag.py:3947} INFO - Setting next_dagrun for example_weekday_branch_operator to 2026-06-20 00:00:00+00:00, run_after=2026-06-21 00:00:00+00:00
[2026-06-21T15:15:37.332-0500] {processor.py:183} INFO - Processing /Users/naga/Desktop/airflow_env/lib/python3.12/site-packages/airflow/example_dags/example_branch_day_of_week_operator.py took 0.067 seconds
[2026-06-21T15:32:18.353-0500] {processor.py:161} INFO - Started process (PID=56562) to work on /Users/naga/Desktop/airflow_env/lib/python3.12/site-packages/airflow/example_dags/example_branch_day_of_week_operator.py
[2026-06-21T15:32:18.354-0500] {processor.py:830} INFO - Processing file /Users/naga/Desktop/airflow_env/lib/python3.12/site-packages/airflow/example_dags/example_branch_day_of_week_operator.py for tasks to queue
[2026-06-21T15:32:18.354-0500] {logging_mixin.py:188} INFO - [2026-06-21T15:32:18.354-0500] {dagbag.py:545} INFO - Filling up the DagBag from /Users/naga/Desktop/airflow_env/lib/python3.12/site-packages/airflow/example_dags/example_branch_day_of_week_operator.py
[2026-06-21T15:32:18.361-0500] {processor.py:840} INFO - DAG(s) 'example_weekday_branch_operator' retrieved from /Users/naga/Desktop/airflow_env/lib/python3.12/site-packages/airflow/example_dags/example_branch_day_of_week_operator.py
[2026-06-21T15:32:18.414-0500] {logging_mixin.py:188} INFO - [2026-06-21T15:32:18.414-0500] {dag.py:3089} INFO - Sync 1 DAGs
[2026-06-21T15:32:18.424-0500] {logging_mixin.py:188} INFO - [2026-06-21T15:32:18.424-0500] {dag.py:3947} INFO - Setting next_dagrun for example_weekday_branch_operator to 2026-06-20 00:00:00+00:00, run_after=2026-06-21 00:00:00+00:00
[2026-06-21T15:32:18.435-0500] {processor.py:183} INFO - Processing /Users/naga/Desktop/airflow_env/lib/python3.12/site-packages/airflow/example_dags/example_branch_day_of_week_operator.py took 0.083 seconds
[2026-06-21T15:34:41.593-0500] {processor.py:161} INFO - Started process (PID=56753) to work on /Users/naga/Desktop/airflow_env/lib/python3.12/site-packages/airflow/example_dags/example_branch_day_of_week_operator.py
[2026-06-21T15:34:41.594-0500] {processor.py:830} INFO - Processing file /Users/naga/Desktop/airflow_env/lib/python3.12/site-packages/airflow/example_dags/example_branch_day_of_week_operator.py for tasks to queue
[2026-06-21T15:34:41.594-0500] {logging_mixin.py:188} INFO - [2026-06-21T15:34:41.594-0500] {dagbag.py:545} INFO - Filling up the DagBag from /Users/naga/Desktop/airflow_env/lib/python3.12/site-packages/airflow/example_dags/example_branch_day_of_week_operator.py
[2026-06-21T15:34:41.600-0500] {processor.py:840} INFO - DAG(s) 'example_weekday_branch_operator' retrieved from /Users/naga/Desktop/airflow_env/lib/python3.12/site-packages/airflow/example_dags/example_branch_day_of_week_operator.py
[2026-06-21T15:34:41.646-0500] {logging_mixin.py:188} INFO - [2026-06-21T15:34:41.646-0500] {dag.py:3089} INFO - Sync 1 DAGs
[2026-06-21T15:34:41.655-0500] {logging_mixin.py:188} INFO - [2026-06-21T15:34:41.655-0500] {dag.py:3947} INFO - Setting next_dagrun for example_weekday_branch_operator to 2026-06-20 00:00:00+00:00, run_after=2026-06-21 00:00:00+00:00
[2026-06-21T15:34:41.664-0500] {processor.py:183} INFO - Processing /Users/naga/Desktop/airflow_env/lib/python3.12/site-packages/airflow/example_dags/example_branch_day_of_week_operator.py took 0.072 seconds
[2026-06-21T15:36:40.644-0500] {processor.py:161} INFO - Started process (PID=56876) to work on /Users/naga/Desktop/airflow_env/lib/python3.12/site-packages/airflow/example_dags/example_branch_day_of_week_operator.py
[2026-06-21T15:36:40.644-0500] {processor.py:830} INFO - Processing file /Users/naga/Desktop/airflow_env/lib/python3.12/site-packages/airflow/example_dags/example_branch_day_of_week_operator.py for tasks to queue
[2026-06-21T15:36:40.645-0500] {logging_mixin.py:188} INFO - [2026-06-21T15:36:40.644-0500] {dagbag.py:545} INFO - Filling up the DagBag from /Users/naga/Desktop/airflow_env/lib/python3.12/site-packages/airflow/example_dags/example_branch_day_of_week_operator.py
[2026-06-21T15:36:40.650-0500] {processor.py:840} INFO - DAG(s) 'example_weekday_branch_operator' retrieved from /Users/naga/Desktop/airflow_env/lib/python3.12/site-packages/airflow/example_dags/example_branch_day_of_week_operator.py
[2026-06-21T15:36:40.694-0500] {logging_mixin.py:188} INFO - [2026-06-21T15:36:40.694-0500] {dag.py:3089} INFO - Sync 1 DAGs
[2026-06-21T15:36:40.702-0500] {logging_mixin.py:188} INFO - [2026-06-21T15:36:40.702-0500] {dag.py:3947} INFO - Setting next_dagrun for example_weekday_branch_operator to 2026-06-20 00:00:00+00:00, run_after=2026-06-21 00:00:00+00:00
[2026-06-21T15:36:40.710-0500] {processor.py:183} INFO - Processing /Users/naga/Desktop/airflow_env/lib/python3.12/site-packages/airflow/example_dags/example_branch_day_of_week_operator.py took 0.068 seconds
[2026-06-21T15:38:45.991-0500] {processor.py:161} INFO - Started process (PID=57021) to work on /Users/naga/Desktop/airflow_env/lib/python3.12/site-packages/airflow/example_dags/example_branch_day_of_week_operator.py
[2026-06-21T15:38:45.992-0500] {processor.py:830} INFO - Processing file /Users/naga/Desktop/airflow_env/lib/python3.12/site-packages/airflow/example_dags/example_branch_day_of_week_operator.py for tasks to queue
[2026-06-21T15:38:45.992-0500] {logging_mixin.py:188} INFO - [2026-06-21T15:38:45.992-0500] {dagbag.py:545} INFO - Filling up the DagBag from /Users/naga/Desktop/airflow_env/lib/python3.12/site-packages/airflow/example_dags/example_branch_day_of_week_operator.py
[2026-06-21T15:38:45.998-0500] {processor.py:840} INFO - DAG(s) 'example_weekday_branch_operator' retrieved from /Users/naga/Desktop/airflow_env/lib/python3.12/site-packages/airflow/example_dags/example_branch_day_of_week_operator.py
[2026-06-21T15:38:46.046-0500] {logging_mixin.py:188} INFO - [2026-06-21T15:38:46.046-0500] {dag.py:3089} INFO - Sync 1 DAGs
[2026-06-21T15:38:46.054-0500] {logging_mixin.py:188} INFO - [2026-06-21T15:38:46.054-0500] {dag.py:3947} INFO - Setting next_dagrun for example_weekday_branch_operator to 2026-06-20 00:00:00+00:00, run_after=2026-06-21 00:00:00+00:00
[2026-06-21T15:38:46.064-0500] {processor.py:183} INFO - Processing /Users/naga/Desktop/airflow_env/lib/python3.12/site-packages/airflow/example_dags/example_branch_day_of_week_operator.py took 0.074 seconds
[2026-06-21T15:40:49.597-0500] {processor.py:161} INFO - Started process (PID=57139) to work on /Users/naga/Desktop/airflow_env/lib/python3.12/site-packages/airflow/example_dags/example_branch_day_of_week_operator.py
[2026-06-21T15:40:49.598-0500] {processor.py:830} INFO - Processing file /Users/naga/Desktop/airflow_env/lib/python3.12/site-packages/airflow/example_dags/example_branch_day_of_week_operator.py for tasks to queue
[2026-06-21T15:40:49.598-0500] {logging_mixin.py:188} INFO - [2026-06-21T15:40:49.598-0500] {dagbag.py:545} INFO - Filling up the DagBag from /Users/naga/Desktop/airflow_env/lib/python3.12/site-packages/airflow/example_dags/example_branch_day_of_week_operator.py
[2026-06-21T15:40:49.604-0500] {processor.py:840} INFO - DAG(s) 'example_weekday_branch_operator' retrieved from /Users/naga/Desktop/airflow_env/lib/python3.12/site-packages/airflow/example_dags/example_branch_day_of_week_operator.py
[2026-06-21T15:40:49.649-0500] {logging_mixin.py:188} INFO - [2026-06-21T15:40:49.649-0500] {dag.py:3089} INFO - Sync 1 DAGs
[2026-06-21T15:40:49.658-0500] {logging_mixin.py:188} INFO - [2026-06-21T15:40:49.658-0500] {dag.py:3947} INFO - Setting next_dagrun for example_weekday_branch_operator to 2026-06-20 00:00:00+00:00, run_after=2026-06-21 00:00:00+00:00
[2026-06-21T15:40:49.666-0500] {processor.py:183} INFO - Processing /Users/naga/Desktop/airflow_env/lib/python3.12/site-packages/airflow/example_dags/example_branch_day_of_week_operator.py took 0.070 seconds
[2026-06-21T15:42:50.991-0500] {processor.py:161} INFO - Started process (PID=57272) to work on /Users/naga/Desktop/airflow_env/lib/python3.12/site-packages/airflow/example_dags/example_branch_day_of_week_operator.py
[2026-06-21T15:42:50.992-0500] {processor.py:830} INFO - Processing file /Users/naga/Desktop/airflow_env/lib/python3.12/site-packages/airflow/example_dags/example_branch_day_of_week_operator.py for tasks to queue
[2026-06-21T15:42:50.992-0500] {logging_mixin.py:188} INFO - [2026-06-21T15:42:50.992-0500] {dagbag.py:545} INFO - Filling up the DagBag from /Users/naga/Desktop/airflow_env/lib/python3.12/site-packages/airflow/example_dags/example_branch_day_of_week_operator.py
[2026-06-21T15:42:50.998-0500] {processor.py:840} INFO - DAG(s) 'example_weekday_branch_operator' retrieved from /Users/naga/Desktop/airflow_env/lib/python3.12/site-packages/airflow/example_dags/example_branch_day_of_week_operator.py
[2026-06-21T15:42:51.044-0500] {logging_mixin.py:188} INFO - [2026-06-21T15:42:51.044-0500] {dag.py:3089} INFO - Sync 1 DAGs
[2026-06-21T15:42:51.053-0500] {logging_mixin.py:188} INFO - [2026-06-21T15:42:51.052-0500] {dag.py:3947} INFO - Setting next_dagrun for example_weekday_branch_operator to 2026-06-20 00:00:00+00:00, run_after=2026-06-21 00:00:00+00:00
[2026-06-21T15:42:51.060-0500] {processor.py:183} INFO - Processing /Users/naga/Desktop/airflow_env/lib/python3.12/site-packages/airflow/example_dags/example_branch_day_of_week_operator.py took 0.071 seconds
[2026-06-21T15:44:58.661-0500] {processor.py:161} INFO - Started process (PID=57388) to work on /Users/naga/Desktop/airflow_env/lib/python3.12/site-packages/airflow/example_dags/example_branch_day_of_week_operator.py
[2026-06-21T15:44:58.672-0500] {processor.py:830} INFO - Processing file /Users/naga/Desktop/airflow_env/lib/python3.12/site-packages/airflow/example_dags/example_branch_day_of_week_operator.py for tasks to queue
[2026-06-21T15:44:58.683-0500] {logging_mixin.py:188} INFO - [2026-06-21T15:44:58.683-0500] {dagbag.py:545} INFO - Filling up the DagBag from /Users/naga/Desktop/airflow_env/lib/python3.12/site-packages/airflow/example_dags/example_branch_day_of_week_operator.py
[2026-06-21T15:44:58.690-0500] {processor.py:840} INFO - DAG(s) 'example_weekday_branch_operator' retrieved from /Users/naga/Desktop/airflow_env/lib/python3.12/site-packages/airflow/example_dags/example_branch_day_of_week_operator.py
[2026-06-21T15:44:58.735-0500] {logging_mixin.py:188} INFO - [2026-06-21T15:44:58.735-0500] {dag.py:3089} INFO - Sync 1 DAGs
[2026-06-21T15:44:58.743-0500] {logging_mixin.py:188} INFO - [2026-06-21T15:44:58.743-0500] {dag.py:3947} INFO - Setting next_dagrun for example_weekday_branch_operator to 2026-06-20 00:00:00+00:00, run_after=2026-06-21 00:00:00+00:00
[2026-06-21T15:44:58.752-0500] {processor.py:183} INFO - Processing /Users/naga/Desktop/airflow_env/lib/python3.12/site-packages/airflow/example_dags/example_branch_day_of_week_operator.py took 0.093 seconds
[2026-06-21T15:46:59.719-0500] {processor.py:161} INFO - Started process (PID=57529) to work on /Users/naga/Desktop/airflow_env/lib/python3.12/site-packages/airflow/example_dags/example_branch_day_of_week_operator.py
[2026-06-21T15:46:59.720-0500] {processor.py:830} INFO - Processing file /Users/naga/Desktop/airflow_env/lib/python3.12/site-packages/airflow/example_dags/example_branch_day_of_week_operator.py for tasks to queue
[2026-06-21T15:46:59.720-0500] {logging_mixin.py:188} INFO - [2026-06-21T15:46:59.720-0500] {dagbag.py:545} INFO - Filling up the DagBag from /Users/naga/Desktop/airflow_env/lib/python3.12/site-packages/airflow/example_dags/example_branch_day_of_week_operator.py
[2026-06-21T15:46:59.726-0500] {processor.py:840} INFO - DAG(s) 'example_weekday_branch_operator' retrieved from /Users/naga/Desktop/airflow_env/lib/python3.12/site-packages/airflow/example_dags/example_branch_day_of_week_operator.py
[2026-06-21T15:46:59.772-0500] {logging_mixin.py:188} INFO - [2026-06-21T15:46:59.772-0500] {dag.py:3089} INFO - Sync 1 DAGs
[2026-06-21T15:46:59.780-0500] {logging_mixin.py:188} INFO - [2026-06-21T15:46:59.780-0500] {dag.py:3947} INFO - Setting next_dagrun for example_weekday_branch_operator to 2026-06-20 00:00:00+00:00, run_after=2026-06-21 00:00:00+00:00
[2026-06-21T15:46:59.788-0500] {processor.py:183} INFO - Processing /Users/naga/Desktop/airflow_env/lib/python3.12/site-packages/airflow/example_dags/example_branch_day_of_week_operator.py took 0.070 seconds
[2026-06-21T15:49:06.420-0500] {processor.py:161} INFO - Started process (PID=57642) to work on /Users/naga/Desktop/airflow_env/lib/python3.12/site-packages/airflow/example_dags/example_branch_day_of_week_operator.py
[2026-06-21T15:49:06.421-0500] {processor.py:830} INFO - Processing file /Users/naga/Desktop/airflow_env/lib/python3.12/site-packages/airflow/example_dags/example_branch_day_of_week_operator.py for tasks to queue
[2026-06-21T15:49:06.421-0500] {logging_mixin.py:188} INFO - [2026-06-21T15:49:06.421-0500] {dagbag.py:545} INFO - Filling up the DagBag from /Users/naga/Desktop/airflow_env/lib/python3.12/site-packages/airflow/example_dags/example_branch_day_of_week_operator.py
[2026-06-21T15:49:06.426-0500] {processor.py:840} INFO - DAG(s) 'example_weekday_branch_operator' retrieved from /Users/naga/Desktop/airflow_env/lib/python3.12/site-packages/airflow/example_dags/example_branch_day_of_week_operator.py
[2026-06-21T15:49:06.471-0500] {logging_mixin.py:188} INFO - [2026-06-21T15:49:06.471-0500] {dag.py:3089} INFO - Sync 1 DAGs
[2026-06-21T15:49:06.479-0500] {logging_mixin.py:188} INFO - [2026-06-21T15:49:06.479-0500] {dag.py:3947} INFO - Setting next_dagrun for example_weekday_branch_operator to 2026-06-20 00:00:00+00:00, run_after=2026-06-21 00:00:00+00:00
[2026-06-21T15:49:06.487-0500] {processor.py:183} INFO - Processing /Users/naga/Desktop/airflow_env/lib/python3.12/site-packages/airflow/example_dags/example_branch_day_of_week_operator.py took 0.068 seconds
[2026-06-21T15:51:13.759-0500] {processor.py:161} INFO - Started process (PID=57773) to work on /Users/naga/Desktop/airflow_env/lib/python3.12/site-packages/airflow/example_dags/example_branch_day_of_week_operator.py
[2026-06-21T15:51:13.760-0500] {processor.py:830} INFO - Processing file /Users/naga/Desktop/airflow_env/lib/python3.12/site-packages/airflow/example_dags/example_branch_day_of_week_operator.py for tasks to queue
[2026-06-21T15:51:13.761-0500] {logging_mixin.py:188} INFO - [2026-06-21T15:51:13.760-0500] {dagbag.py:545} INFO - Filling up the DagBag from /Users/naga/Desktop/airflow_env/lib/python3.12/site-packages/airflow/example_dags/example_branch_day_of_week_operator.py
[2026-06-21T15:51:13.766-0500] {processor.py:840} INFO - DAG(s) 'example_weekday_branch_operator' retrieved from /Users/naga/Desktop/airflow_env/lib/python3.12/site-packages/airflow/example_dags/example_branch_day_of_week_operator.py
[2026-06-21T15:51:13.810-0500] {logging_mixin.py:188} INFO - [2026-06-21T15:51:13.809-0500] {dag.py:3089} INFO - Sync 1 DAGs
[2026-06-21T15:51:13.818-0500] {logging_mixin.py:188} INFO - [2026-06-21T15:51:13.817-0500] {dag.py:3947} INFO - Setting next_dagrun for example_weekday_branch_operator to 2026-06-20 00:00:00+00:00, run_after=2026-06-21 00:00:00+00:00
[2026-06-21T15:51:13.825-0500] {processor.py:183} INFO - Processing /Users/naga/Desktop/airflow_env/lib/python3.12/site-packages/airflow/example_dags/example_branch_day_of_week_operator.py took 0.067 seconds
[2026-06-21T15:53:16.872-0500] {processor.py:161} INFO - Started process (PID=57899) to work on /Users/naga/Desktop/airflow_env/lib/python3.12/site-packages/airflow/example_dags/example_branch_day_of_week_operator.py
[2026-06-21T15:53:16.872-0500] {processor.py:830} INFO - Processing file /Users/naga/Desktop/airflow_env/lib/python3.12/site-packages/airflow/example_dags/example_branch_day_of_week_operator.py for tasks to queue
[2026-06-21T15:53:16.873-0500] {logging_mixin.py:188} INFO - [2026-06-21T15:53:16.873-0500] {dagbag.py:545} INFO - Filling up the DagBag from /Users/naga/Desktop/airflow_env/lib/python3.12/site-packages/airflow/example_dags/example_branch_day_of_week_operator.py
[2026-06-21T15:53:16.879-0500] {processor.py:840} INFO - DAG(s) 'example_weekday_branch_operator' retrieved from /Users/naga/Desktop/airflow_env/lib/python3.12/site-packages/airflow/example_dags/example_branch_day_of_week_operator.py
[2026-06-21T15:53:16.925-0500] {logging_mixin.py:188} INFO - [2026-06-21T15:53:16.925-0500] {dag.py:3089} INFO - Sync 1 DAGs
[2026-06-21T15:53:16.934-0500] {logging_mixin.py:188} INFO - [2026-06-21T15:53:16.934-0500] {dag.py:3947} INFO - Setting next_dagrun for example_weekday_branch_operator to 2026-06-20 00:00:00+00:00, run_after=2026-06-21 00:00:00+00:00
[2026-06-21T15:53:16.942-0500] {processor.py:183} INFO - Processing /Users/naga/Desktop/airflow_env/lib/python3.12/site-packages/airflow/example_dags/example_branch_day_of_week_operator.py took 0.072 seconds
[2026-06-21T15:55:22.894-0500] {processor.py:161} INFO - Started process (PID=58020) to work on /Users/naga/Desktop/airflow_env/lib/python3.12/site-packages/airflow/example_dags/example_branch_day_of_week_operator.py
[2026-06-21T15:55:22.895-0500] {processor.py:830} INFO - Processing file /Users/naga/Desktop/airflow_env/lib/python3.12/site-packages/airflow/example_dags/example_branch_day_of_week_operator.py for tasks to queue
[2026-06-21T15:55:22.896-0500] {logging_mixin.py:188} INFO - [2026-06-21T15:55:22.895-0500] {dagbag.py:545} INFO - Filling up the DagBag from /Users/naga/Desktop/airflow_env/lib/python3.12/site-packages/airflow/example_dags/example_branch_day_of_week_operator.py
[2026-06-21T15:55:22.901-0500] {processor.py:840} INFO - DAG(s) 'example_weekday_branch_operator' retrieved from /Users/naga/Desktop/airflow_env/lib/python3.12/site-packages/airflow/example_dags/example_branch_day_of_week_operator.py
[2026-06-21T15:55:22.945-0500] {logging_mixin.py:188} INFO - [2026-06-21T15:55:22.945-0500] {dag.py:3089} INFO - Sync 1 DAGs
[2026-06-21T15:55:22.953-0500] {logging_mixin.py:188} INFO - [2026-06-21T15:55:22.953-0500] {dag.py:3947} INFO - Setting next_dagrun for example_weekday_branch_operator to 2026-06-20 00:00:00+00:00, run_after=2026-06-21 00:00:00+00:00
[2026-06-21T15:55:22.961-0500] {processor.py:183} INFO - Processing /Users/naga/Desktop/airflow_env/lib/python3.12/site-packages/airflow/example_dags/example_branch_day_of_week_operator.py took 0.068 seconds
[2026-06-21T15:57:27.995-0500] {processor.py:161} INFO - Started process (PID=58130) to work on /Users/naga/Desktop/airflow_env/lib/python3.12/site-packages/airflow/example_dags/example_branch_day_of_week_operator.py
[2026-06-21T15:57:27.996-0500] {processor.py:830} INFO - Processing file /Users/naga/Desktop/airflow_env/lib/python3.12/site-packages/airflow/example_dags/example_branch_day_of_week_operator.py for tasks to queue
[2026-06-21T15:57:27.996-0500] {logging_mixin.py:188} INFO - [2026-06-21T15:57:27.996-0500] {dagbag.py:545} INFO - Filling up the DagBag from /Users/naga/Desktop/airflow_env/lib/python3.12/site-packages/airflow/example_dags/example_branch_day_of_week_operator.py
[2026-06-21T15:57:28.002-0500] {processor.py:840} INFO - DAG(s) 'example_weekday_branch_operator' retrieved from /Users/naga/Desktop/airflow_env/lib/python3.12/site-packages/airflow/example_dags/example_branch_day_of_week_operator.py
[2026-06-21T15:57:28.047-0500] {logging_mixin.py:188} INFO - [2026-06-21T15:57:28.047-0500] {dag.py:3089} INFO - Sync 1 DAGs
[2026-06-21T15:57:28.055-0500] {logging_mixin.py:188} INFO - [2026-06-21T15:57:28.055-0500] {dag.py:3947} INFO - Setting next_dagrun for example_weekday_branch_operator to 2026-06-20 00:00:00+00:00, run_after=2026-06-21 00:00:00+00:00
[2026-06-21T15:57:28.063-0500] {processor.py:183} INFO - Processing /Users/naga/Desktop/airflow_env/lib/python3.12/site-packages/airflow/example_dags/example_branch_day_of_week_operator.py took 0.070 seconds
[2026-06-21T15:59:37.478-0500] {processor.py:161} INFO - Started process (PID=58266) to work on /Users/naga/Desktop/airflow_env/lib/python3.12/site-packages/airflow/example_dags/example_branch_day_of_week_operator.py
[2026-06-21T15:59:37.479-0500] {processor.py:830} INFO - Processing file /Users/naga/Desktop/airflow_env/lib/python3.12/site-packages/airflow/example_dags/example_branch_day_of_week_operator.py for tasks to queue
[2026-06-21T15:59:37.479-0500] {logging_mixin.py:188} INFO - [2026-06-21T15:59:37.479-0500] {dagbag.py:545} INFO - Filling up the DagBag from /Users/naga/Desktop/airflow_env/lib/python3.12/site-packages/airflow/example_dags/example_branch_day_of_week_operator.py
[2026-06-21T15:59:37.484-0500] {processor.py:840} INFO - DAG(s) 'example_weekday_branch_operator' retrieved from /Users/naga/Desktop/airflow_env/lib/python3.12/site-packages/airflow/example_dags/example_branch_day_of_week_operator.py
[2026-06-21T15:59:37.528-0500] {logging_mixin.py:188} INFO - [2026-06-21T15:59:37.528-0500] {dag.py:3089} INFO - Sync 1 DAGs
[2026-06-21T15:59:37.536-0500] {logging_mixin.py:188} INFO - [2026-06-21T15:59:37.536-0500] {dag.py:3947} INFO - Setting next_dagrun for example_weekday_branch_operator to 2026-06-20 00:00:00+00:00, run_after=2026-06-21 00:00:00+00:00
[2026-06-21T15:59:37.544-0500] {processor.py:183} INFO - Processing /Users/naga/Desktop/airflow_env/lib/python3.12/site-packages/airflow/example_dags/example_branch_day_of_week_operator.py took 0.068 seconds
[2026-06-21T16:01:42.977-0500] {processor.py:161} INFO - Started process (PID=58394) to work on /Users/naga/Desktop/airflow_env/lib/python3.12/site-packages/airflow/example_dags/example_branch_day_of_week_operator.py
[2026-06-21T16:01:42.978-0500] {processor.py:830} INFO - Processing file /Users/naga/Desktop/airflow_env/lib/python3.12/site-packages/airflow/example_dags/example_branch_day_of_week_operator.py for tasks to queue
[2026-06-21T16:01:42.978-0500] {logging_mixin.py:188} INFO - [2026-06-21T16:01:42.978-0500] {dagbag.py:545} INFO - Filling up the DagBag from /Users/naga/Desktop/airflow_env/lib/python3.12/site-packages/airflow/example_dags/example_branch_day_of_week_operator.py
[2026-06-21T16:01:42.983-0500] {processor.py:840} INFO - DAG(s) 'example_weekday_branch_operator' retrieved from /Users/naga/Desktop/airflow_env/lib/python3.12/site-packages/airflow/example_dags/example_branch_day_of_week_operator.py
[2026-06-21T16:01:43.028-0500] {logging_mixin.py:188} INFO - [2026-06-21T16:01:43.028-0500] {dag.py:3089} INFO - Sync 1 DAGs
[2026-06-21T16:01:43.036-0500] {logging_mixin.py:188} INFO - [2026-06-21T16:01:43.036-0500] {dag.py:3947} INFO - Setting next_dagrun for example_weekday_branch_operator to 2026-06-20 00:00:00+00:00, run_after=2026-06-21 00:00:00+00:00
[2026-06-21T16:01:43.044-0500] {processor.py:183} INFO - Processing /Users/naga/Desktop/airflow_env/lib/python3.12/site-packages/airflow/example_dags/example_branch_day_of_week_operator.py took 0.068 seconds
[2026-06-21T16:03:49.730-0500] {processor.py:161} INFO - Started process (PID=58528) to work on /Users/naga/Desktop/airflow_env/lib/python3.12/site-packages/airflow/example_dags/example_branch_day_of_week_operator.py
[2026-06-21T16:03:49.731-0500] {processor.py:830} INFO - Processing file /Users/naga/Desktop/airflow_env/lib/python3.12/site-packages/airflow/example_dags/example_branch_day_of_week_operator.py for tasks to queue
[2026-06-21T16:03:49.731-0500] {logging_mixin.py:188} INFO - [2026-06-21T16:03:49.731-0500] {dagbag.py:545} INFO - Filling up the DagBag from /Users/naga/Desktop/airflow_env/lib/python3.12/site-packages/airflow/example_dags/example_branch_day_of_week_operator.py
[2026-06-21T16:03:49.737-0500] {processor.py:840} INFO - DAG(s) 'example_weekday_branch_operator' retrieved from /Users/naga/Desktop/airflow_env/lib/python3.12/site-packages/airflow/example_dags/example_branch_day_of_week_operator.py
[2026-06-21T16:03:49.781-0500] {logging_mixin.py:188} INFO - [2026-06-21T16:03:49.781-0500] {dag.py:3089} INFO - Sync 1 DAGs
[2026-06-21T16:03:49.789-0500] {logging_mixin.py:188} INFO - [2026-06-21T16:03:49.789-0500] {dag.py:3947} INFO - Setting next_dagrun for example_weekday_branch_operator to 2026-06-20 00:00:00+00:00, run_after=2026-06-21 00:00:00+00:00
[2026-06-21T16:03:49.797-0500] {processor.py:183} INFO - Processing /Users/naga/Desktop/airflow_env/lib/python3.12/site-packages/airflow/example_dags/example_branch_day_of_week_operator.py took 0.069 seconds
[2026-06-21T16:05:58.386-0500] {processor.py:161} INFO - Started process (PID=58635) to work on /Users/naga/Desktop/airflow_env/lib/python3.12/site-packages/airflow/example_dags/example_branch_day_of_week_operator.py
[2026-06-21T16:05:58.389-0500] {processor.py:830} INFO - Processing file /Users/naga/Desktop/airflow_env/lib/python3.12/site-packages/airflow/example_dags/example_branch_day_of_week_operator.py for tasks to queue
[2026-06-21T16:05:58.389-0500] {logging_mixin.py:188} INFO - [2026-06-21T16:05:58.389-0500] {dagbag.py:545} INFO - Filling up the DagBag from /Users/naga/Desktop/airflow_env/lib/python3.12/site-packages/airflow/example_dags/example_branch_day_of_week_operator.py
[2026-06-21T16:05:58.397-0500] {processor.py:840} INFO - DAG(s) 'example_weekday_branch_operator' retrieved from /Users/naga/Desktop/airflow_env/lib/python3.12/site-packages/airflow/example_dags/example_branch_day_of_week_operator.py
[2026-06-21T16:05:58.440-0500] {logging_mixin.py:188} INFO - [2026-06-21T16:05:58.440-0500] {dag.py:3089} INFO - Sync 1 DAGs
[2026-06-21T16:05:58.448-0500] {logging_mixin.py:188} INFO - [2026-06-21T16:05:58.448-0500] {dag.py:3947} INFO - Setting next_dagrun for example_weekday_branch_operator to 2026-06-20 00:00:00+00:00, run_after=2026-06-21 00:00:00+00:00
[2026-06-21T16:05:58.456-0500] {processor.py:183} INFO - Processing /Users/naga/Desktop/airflow_env/lib/python3.12/site-packages/airflow/example_dags/example_branch_day_of_week_operator.py took 0.072 seconds
[2026-06-21T16:08:10.038-0500] {processor.py:161} INFO - Started process (PID=58760) to work on /Users/naga/Desktop/airflow_env/lib/python3.12/site-packages/airflow/example_dags/example_branch_day_of_week_operator.py
[2026-06-21T16:08:10.039-0500] {processor.py:830} INFO - Processing file /Users/naga/Desktop/airflow_env/lib/python3.12/site-packages/airflow/example_dags/example_branch_day_of_week_operator.py for tasks to queue
[2026-06-21T16:08:10.039-0500] {logging_mixin.py:188} INFO - [2026-06-21T16:08:10.039-0500] {dagbag.py:545} INFO - Filling up the DagBag from /Users/naga/Desktop/airflow_env/lib/python3.12/site-packages/airflow/example_dags/example_branch_day_of_week_operator.py
[2026-06-21T16:08:10.045-0500] {processor.py:840} INFO - DAG(s) 'example_weekday_branch_operator' retrieved from /Users/naga/Desktop/airflow_env/lib/python3.12/site-packages/airflow/example_dags/example_branch_day_of_week_operator.py
[2026-06-21T16:08:10.099-0500] {logging_mixin.py:188} INFO - [2026-06-21T16:08:10.099-0500] {dag.py:3089} INFO - Sync 1 DAGs
[2026-06-21T16:08:10.110-0500] {logging_mixin.py:188} INFO - [2026-06-21T16:08:10.109-0500] {dag.py:3947} INFO - Setting next_dagrun for example_weekday_branch_operator to 2026-06-20 00:00:00+00:00, run_after=2026-06-21 00:00:00+00:00
[2026-06-21T16:08:10.119-0500] {processor.py:183} INFO - Processing /Users/naga/Desktop/airflow_env/lib/python3.12/site-packages/airflow/example_dags/example_branch_day_of_week_operator.py took 0.083 seconds
[2026-06-21T16:10:24.908-0500] {processor.py:161} INFO - Started process (PID=58906) to work on /Users/naga/Desktop/airflow_env/lib/python3.12/site-packages/airflow/example_dags/example_branch_day_of_week_operator.py
[2026-06-21T16:10:24.909-0500] {processor.py:830} INFO - Processing file /Users/naga/Desktop/airflow_env/lib/python3.12/site-packages/airflow/example_dags/example_branch_day_of_week_operator.py for tasks to queue
[2026-06-21T16:10:24.909-0500] {logging_mixin.py:188} INFO - [2026-06-21T16:10:24.909-0500] {dagbag.py:545} INFO - Filling up the DagBag from /Users/naga/Desktop/airflow_env/lib/python3.12/site-packages/airflow/example_dags/example_branch_day_of_week_operator.py
[2026-06-21T16:10:24.914-0500] {processor.py:840} INFO - DAG(s) 'example_weekday_branch_operator' retrieved from /Users/naga/Desktop/airflow_env/lib/python3.12/site-packages/airflow/example_dags/example_branch_day_of_week_operator.py
[2026-06-21T16:10:24.962-0500] {logging_mixin.py:188} INFO - [2026-06-21T16:10:24.962-0500] {dag.py:3089} INFO - Sync 1 DAGs
[2026-06-21T16:10:24.971-0500] {logging_mixin.py:188} INFO - [2026-06-21T16:10:24.971-0500] {dag.py:3947} INFO - Setting next_dagrun for example_weekday_branch_operator to 2026-06-20 00:00:00+00:00, run_after=2026-06-21 00:00:00+00:00
[2026-06-21T16:10:24.980-0500] {processor.py:183} INFO - Processing /Users/naga/Desktop/airflow_env/lib/python3.12/site-packages/airflow/example_dags/example_branch_day_of_week_operator.py took 0.073 seconds
[2026-06-21T16:12:37.892-0500] {processor.py:161} INFO - Started process (PID=59021) to work on /Users/naga/Desktop/airflow_env/lib/python3.12/site-packages/airflow/example_dags/example_branch_day_of_week_operator.py
[2026-06-21T16:12:37.893-0500] {processor.py:830} INFO - Processing file /Users/naga/Desktop/airflow_env/lib/python3.12/site-packages/airflow/example_dags/example_branch_day_of_week_operator.py for tasks to queue
[2026-06-21T16:12:37.893-0500] {logging_mixin.py:188} INFO - [2026-06-21T16:12:37.893-0500] {dagbag.py:545} INFO - Filling up the DagBag from /Users/naga/Desktop/airflow_env/lib/python3.12/site-packages/airflow/example_dags/example_branch_day_of_week_operator.py
[2026-06-21T16:12:37.899-0500] {processor.py:840} INFO - DAG(s) 'example_weekday_branch_operator' retrieved from /Users/naga/Desktop/airflow_env/lib/python3.12/site-packages/airflow/example_dags/example_branch_day_of_week_operator.py
[2026-06-21T16:12:37.947-0500] {logging_mixin.py:188} INFO - [2026-06-21T16:12:37.947-0500] {dag.py:3089} INFO - Sync 1 DAGs
[2026-06-21T16:12:37.956-0500] {logging_mixin.py:188} INFO - [2026-06-21T16:12:37.956-0500] {dag.py:3947} INFO - Setting next_dagrun for example_weekday_branch_operator to 2026-06-20 00:00:00+00:00, run_after=2026-06-21 00:00:00+00:00
[2026-06-21T16:12:37.964-0500] {processor.py:183} INFO - Processing /Users/naga/Desktop/airflow_env/lib/python3.12/site-packages/airflow/example_dags/example_branch_day_of_week_operator.py took 0.074 seconds
[2026-06-21T16:14:49.517-0500] {processor.py:161} INFO - Started process (PID=59171) to work on /Users/naga/Desktop/airflow_env/lib/python3.12/site-packages/airflow/example_dags/example_branch_day_of_week_operator.py
[2026-06-21T16:14:49.518-0500] {processor.py:830} INFO - Processing file /Users/naga/Desktop/airflow_env/lib/python3.12/site-packages/airflow/example_dags/example_branch_day_of_week_operator.py for tasks to queue
[2026-06-21T16:14:49.518-0500] {logging_mixin.py:188} INFO - [2026-06-21T16:14:49.518-0500] {dagbag.py:545} INFO - Filling up the DagBag from /Users/naga/Desktop/airflow_env/lib/python3.12/site-packages/airflow/example_dags/example_branch_day_of_week_operator.py
[2026-06-21T16:14:49.524-0500] {processor.py:840} INFO - DAG(s) 'example_weekday_branch_operator' retrieved from /Users/naga/Desktop/airflow_env/lib/python3.12/site-packages/airflow/example_dags/example_branch_day_of_week_operator.py
[2026-06-21T16:14:49.572-0500] {logging_mixin.py:188} INFO - [2026-06-21T16:14:49.572-0500] {dag.py:3089} INFO - Sync 1 DAGs
[2026-06-21T16:14:49.581-0500] {logging_mixin.py:188} INFO - [2026-06-21T16:14:49.580-0500] {dag.py:3947} INFO - Setting next_dagrun for example_weekday_branch_operator to 2026-06-20 00:00:00+00:00, run_after=2026-06-21 00:00:00+00:00
[2026-06-21T16:14:49.589-0500] {processor.py:183} INFO - Processing /Users/naga/Desktop/airflow_env/lib/python3.12/site-packages/airflow/example_dags/example_branch_day_of_week_operator.py took 0.073 seconds
[2026-06-21T16:16:59.409-0500] {processor.py:161} INFO - Started process (PID=59296) to work on /Users/naga/Desktop/airflow_env/lib/python3.12/site-packages/airflow/example_dags/example_branch_day_of_week_operator.py
[2026-06-21T16:16:59.410-0500] {processor.py:830} INFO - Processing file /Users/naga/Desktop/airflow_env/lib/python3.12/site-packages/airflow/example_dags/example_branch_day_of_week_operator.py for tasks to queue
[2026-06-21T16:16:59.410-0500] {logging_mixin.py:188} INFO - [2026-06-21T16:16:59.410-0500] {dagbag.py:545} INFO - Filling up the DagBag from /Users/naga/Desktop/airflow_env/lib/python3.12/site-packages/airflow/example_dags/example_branch_day_of_week_operator.py
[2026-06-21T16:16:59.416-0500] {processor.py:840} INFO - DAG(s) 'example_weekday_branch_operator' retrieved from /Users/naga/Desktop/airflow_env/lib/python3.12/site-packages/airflow/example_dags/example_branch_day_of_week_operator.py
[2026-06-21T16:16:59.463-0500] {logging_mixin.py:188} INFO - [2026-06-21T16:16:59.463-0500] {dag.py:3089} INFO - Sync 1 DAGs
[2026-06-21T16:16:59.473-0500] {logging_mixin.py:188} INFO - [2026-06-21T16:16:59.472-0500] {dag.py:3947} INFO - Setting next_dagrun for example_weekday_branch_operator to 2026-06-20 00:00:00+00:00, run_after=2026-06-21 00:00:00+00:00
[2026-06-21T16:16:59.482-0500] {processor.py:183} INFO - Processing /Users/naga/Desktop/airflow_env/lib/python3.12/site-packages/airflow/example_dags/example_branch_day_of_week_operator.py took 0.074 seconds
[2026-06-21T16:19:11.401-0500] {processor.py:161} INFO - Started process (PID=59420) to work on /Users/naga/Desktop/airflow_env/lib/python3.12/site-packages/airflow/example_dags/example_branch_day_of_week_operator.py
[2026-06-21T16:19:11.401-0500] {processor.py:830} INFO - Processing file /Users/naga/Desktop/airflow_env/lib/python3.12/site-packages/airflow/example_dags/example_branch_day_of_week_operator.py for tasks to queue
[2026-06-21T16:19:11.402-0500] {logging_mixin.py:188} INFO - [2026-06-21T16:19:11.402-0500] {dagbag.py:545} INFO - Filling up the DagBag from /Users/naga/Desktop/airflow_env/lib/python3.12/site-packages/airflow/example_dags/example_branch_day_of_week_operator.py
[2026-06-21T16:19:11.407-0500] {processor.py:840} INFO - DAG(s) 'example_weekday_branch_operator' retrieved from /Users/naga/Desktop/airflow_env/lib/python3.12/site-packages/airflow/example_dags/example_branch_day_of_week_operator.py
[2026-06-21T16:19:11.454-0500] {logging_mixin.py:188} INFO - [2026-06-21T16:19:11.454-0500] {dag.py:3089} INFO - Sync 1 DAGs
[2026-06-21T16:19:11.463-0500] {logging_mixin.py:188} INFO - [2026-06-21T16:19:11.463-0500] {dag.py:3947} INFO - Setting next_dagrun for example_weekday_branch_operator to 2026-06-20 00:00:00+00:00, run_after=2026-06-21 00:00:00+00:00
[2026-06-21T16:19:11.471-0500] {processor.py:183} INFO - Processing /Users/naga/Desktop/airflow_env/lib/python3.12/site-packages/airflow/example_dags/example_branch_day_of_week_operator.py took 0.072 seconds
[2026-06-21T16:21:20.768-0500] {processor.py:161} INFO - Started process (PID=59566) to work on /Users/naga/Desktop/airflow_env/lib/python3.12/site-packages/airflow/example_dags/example_branch_day_of_week_operator.py
[2026-06-21T16:21:20.769-0500] {processor.py:830} INFO - Processing file /Users/naga/Desktop/airflow_env/lib/python3.12/site-packages/airflow/example_dags/example_branch_day_of_week_operator.py for tasks to queue
[2026-06-21T16:21:20.770-0500] {logging_mixin.py:188} INFO - [2026-06-21T16:21:20.770-0500] {dagbag.py:545} INFO - Filling up the DagBag from /Users/naga/Desktop/airflow_env/lib/python3.12/site-packages/airflow/example_dags/example_branch_day_of_week_operator.py
[2026-06-21T16:21:20.776-0500] {processor.py:840} INFO - DAG(s) 'example_weekday_branch_operator' retrieved from /Users/naga/Desktop/airflow_env/lib/python3.12/site-packages/airflow/example_dags/example_branch_day_of_week_operator.py
[2026-06-21T16:21:20.827-0500] {logging_mixin.py:188} INFO - [2026-06-21T16:21:20.827-0500] {dag.py:3089} INFO - Sync 1 DAGs
[2026-06-21T16:21:20.836-0500] {logging_mixin.py:188} INFO - [2026-06-21T16:21:20.836-0500] {dag.py:3947} INFO - Setting next_dagrun for example_weekday_branch_operator to 2026-06-20 00:00:00+00:00, run_after=2026-06-21 00:00:00+00:00
[2026-06-21T16:21:20.845-0500] {processor.py:183} INFO - Processing /Users/naga/Desktop/airflow_env/lib/python3.12/site-packages/airflow/example_dags/example_branch_day_of_week_operator.py took 0.078 seconds
[2026-06-21T16:23:29.316-0500] {processor.py:161} INFO - Started process (PID=59696) to work on /Users/naga/Desktop/airflow_env/lib/python3.12/site-packages/airflow/example_dags/example_branch_day_of_week_operator.py
[2026-06-21T16:23:29.316-0500] {processor.py:830} INFO - Processing file /Users/naga/Desktop/airflow_env/lib/python3.12/site-packages/airflow/example_dags/example_branch_day_of_week_operator.py for tasks to queue
[2026-06-21T16:23:29.317-0500] {logging_mixin.py:188} INFO - [2026-06-21T16:23:29.317-0500] {dagbag.py:545} INFO - Filling up the DagBag from /Users/naga/Desktop/airflow_env/lib/python3.12/site-packages/airflow/example_dags/example_branch_day_of_week_operator.py
[2026-06-21T16:23:29.323-0500] {processor.py:840} INFO - DAG(s) 'example_weekday_branch_operator' retrieved from /Users/naga/Desktop/airflow_env/lib/python3.12/site-packages/airflow/example_dags/example_branch_day_of_week_operator.py
[2026-06-21T16:23:29.371-0500] {logging_mixin.py:188} INFO - [2026-06-21T16:23:29.371-0500] {dag.py:3089} INFO - Sync 1 DAGs
[2026-06-21T16:23:29.379-0500] {logging_mixin.py:188} INFO - [2026-06-21T16:23:29.379-0500] {dag.py:3947} INFO - Setting next_dagrun for example_weekday_branch_operator to 2026-06-20 00:00:00+00:00, run_after=2026-06-21 00:00:00+00:00
[2026-06-21T16:23:29.388-0500] {processor.py:183} INFO - Processing /Users/naga/Desktop/airflow_env/lib/python3.12/site-packages/airflow/example_dags/example_branch_day_of_week_operator.py took 0.074 seconds
[2026-06-21T16:25:40.413-0500] {processor.py:161} INFO - Started process (PID=59825) to work on /Users/naga/Desktop/airflow_env/lib/python3.12/site-packages/airflow/example_dags/example_branch_day_of_week_operator.py
[2026-06-21T16:25:40.414-0500] {processor.py:830} INFO - Processing file /Users/naga/Desktop/airflow_env/lib/python3.12/site-packages/airflow/example_dags/example_branch_day_of_week_operator.py for tasks to queue
[2026-06-21T16:25:40.414-0500] {logging_mixin.py:188} INFO - [2026-06-21T16:25:40.414-0500] {dagbag.py:545} INFO - Filling up the DagBag from /Users/naga/Desktop/airflow_env/lib/python3.12/site-packages/airflow/example_dags/example_branch_day_of_week_operator.py
[2026-06-21T16:25:40.420-0500] {processor.py:840} INFO - DAG(s) 'example_weekday_branch_operator' retrieved from /Users/naga/Desktop/airflow_env/lib/python3.12/site-packages/airflow/example_dags/example_branch_day_of_week_operator.py
[2026-06-21T16:25:40.467-0500] {logging_mixin.py:188} INFO - [2026-06-21T16:25:40.467-0500] {dag.py:3089} INFO - Sync 1 DAGs
[2026-06-21T16:25:40.476-0500] {logging_mixin.py:188} INFO - [2026-06-21T16:25:40.476-0500] {dag.py:3947} INFO - Setting next_dagrun for example_weekday_branch_operator to 2026-06-20 00:00:00+00:00, run_after=2026-06-21 00:00:00+00:00
[2026-06-21T16:25:40.484-0500] {processor.py:183} INFO - Processing /Users/naga/Desktop/airflow_env/lib/python3.12/site-packages/airflow/example_dags/example_branch_day_of_week_operator.py took 0.073 seconds
[2026-06-21T16:27:59.375-0500] {processor.py:161} INFO - Started process (PID=59982) to work on /Users/naga/Desktop/airflow_env/lib/python3.12/site-packages/airflow/example_dags/example_branch_day_of_week_operator.py
[2026-06-21T16:27:59.376-0500] {processor.py:830} INFO - Processing file /Users/naga/Desktop/airflow_env/lib/python3.12/site-packages/airflow/example_dags/example_branch_day_of_week_operator.py for tasks to queue
[2026-06-21T16:27:59.377-0500] {logging_mixin.py:188} INFO - [2026-06-21T16:27:59.376-0500] {dagbag.py:545} INFO - Filling up the DagBag from /Users/naga/Desktop/airflow_env/lib/python3.12/site-packages/airflow/example_dags/example_branch_day_of_week_operator.py
[2026-06-21T16:27:59.382-0500] {processor.py:840} INFO - DAG(s) 'example_weekday_branch_operator' retrieved from /Users/naga/Desktop/airflow_env/lib/python3.12/site-packages/airflow/example_dags/example_branch_day_of_week_operator.py
[2026-06-21T16:27:59.427-0500] {logging_mixin.py:188} INFO - [2026-06-21T16:27:59.427-0500] {dag.py:3089} INFO - Sync 1 DAGs
[2026-06-21T16:27:59.436-0500] {logging_mixin.py:188} INFO - [2026-06-21T16:27:59.435-0500] {dag.py:3947} INFO - Setting next_dagrun for example_weekday_branch_operator to 2026-06-20 00:00:00+00:00, run_after=2026-06-21 00:00:00+00:00
[2026-06-21T16:27:59.443-0500] {processor.py:183} INFO - Processing /Users/naga/Desktop/airflow_env/lib/python3.12/site-packages/airflow/example_dags/example_branch_day_of_week_operator.py took 0.069 seconds
[2026-06-21T16:30:09.981-0500] {processor.py:161} INFO - Started process (PID=60087) to work on /Users/naga/Desktop/airflow_env/lib/python3.12/site-packages/airflow/example_dags/example_branch_day_of_week_operator.py
[2026-06-21T16:30:09.981-0500] {processor.py:830} INFO - Processing file /Users/naga/Desktop/airflow_env/lib/python3.12/site-packages/airflow/example_dags/example_branch_day_of_week_operator.py for tasks to queue
[2026-06-21T16:30:09.982-0500] {logging_mixin.py:188} INFO - [2026-06-21T16:30:09.982-0500] {dagbag.py:545} INFO - Filling up the DagBag from /Users/naga/Desktop/airflow_env/lib/python3.12/site-packages/airflow/example_dags/example_branch_day_of_week_operator.py
[2026-06-21T16:30:09.987-0500] {processor.py:840} INFO - DAG(s) 'example_weekday_branch_operator' retrieved from /Users/naga/Desktop/airflow_env/lib/python3.12/site-packages/airflow/example_dags/example_branch_day_of_week_operator.py
[2026-06-21T16:30:10.032-0500] {logging_mixin.py:188} INFO - [2026-06-21T16:30:10.032-0500] {dag.py:3089} INFO - Sync 1 DAGs
[2026-06-21T16:30:10.041-0500] {logging_mixin.py:188} INFO - [2026-06-21T16:30:10.041-0500] {dag.py:3947} INFO - Setting next_dagrun for example_weekday_branch_operator to 2026-06-20 00:00:00+00:00, run_after=2026-06-21 00:00:00+00:00
[2026-06-21T16:30:10.049-0500] {processor.py:183} INFO - Processing /Users/naga/Desktop/airflow_env/lib/python3.12/site-packages/airflow/example_dags/example_branch_day_of_week_operator.py took 0.070 seconds
[2026-06-21T16:32:13.735-0500] {processor.py:161} INFO - Started process (PID=60240) to work on /Users/naga/Desktop/airflow_env/lib/python3.12/site-packages/airflow/example_dags/example_branch_day_of_week_operator.py
[2026-06-21T16:32:13.736-0500] {processor.py:830} INFO - Processing file /Users/naga/Desktop/airflow_env/lib/python3.12/site-packages/airflow/example_dags/example_branch_day_of_week_operator.py for tasks to queue
[2026-06-21T16:32:13.736-0500] {logging_mixin.py:188} INFO - [2026-06-21T16:32:13.736-0500] {dagbag.py:545} INFO - Filling up the DagBag from /Users/naga/Desktop/airflow_env/lib/python3.12/site-packages/airflow/example_dags/example_branch_day_of_week_operator.py
[2026-06-21T16:32:13.742-0500] {processor.py:840} INFO - DAG(s) 'example_weekday_branch_operator' retrieved from /Users/naga/Desktop/airflow_env/lib/python3.12/site-packages/airflow/example_dags/example_branch_day_of_week_operator.py
[2026-06-21T16:32:13.786-0500] {logging_mixin.py:188} INFO - [2026-06-21T16:32:13.785-0500] {dag.py:3089} INFO - Sync 1 DAGs
[2026-06-21T16:32:13.794-0500] {logging_mixin.py:188} INFO - [2026-06-21T16:32:13.793-0500] {dag.py:3947} INFO - Setting next_dagrun for example_weekday_branch_operator to 2026-06-20 00:00:00+00:00, run_after=2026-06-21 00:00:00+00:00
[2026-06-21T16:32:13.801-0500] {processor.py:183} INFO - Processing /Users/naga/Desktop/airflow_env/lib/python3.12/site-packages/airflow/example_dags/example_branch_day_of_week_operator.py took 0.068 seconds
[2026-06-21T16:34:15.925-0500] {processor.py:161} INFO - Started process (PID=60348) to work on /Users/naga/Desktop/airflow_env/lib/python3.12/site-packages/airflow/example_dags/example_branch_day_of_week_operator.py
[2026-06-21T16:34:15.926-0500] {processor.py:830} INFO - Processing file /Users/naga/Desktop/airflow_env/lib/python3.12/site-packages/airflow/example_dags/example_branch_day_of_week_operator.py for tasks to queue
[2026-06-21T16:34:15.926-0500] {logging_mixin.py:188} INFO - [2026-06-21T16:34:15.926-0500] {dagbag.py:545} INFO - Filling up the DagBag from /Users/naga/Desktop/airflow_env/lib/python3.12/site-packages/airflow/example_dags/example_branch_day_of_week_operator.py
[2026-06-21T16:34:15.931-0500] {processor.py:840} INFO - DAG(s) 'example_weekday_branch_operator' retrieved from /Users/naga/Desktop/airflow_env/lib/python3.12/site-packages/airflow/example_dags/example_branch_day_of_week_operator.py
[2026-06-21T16:34:15.977-0500] {logging_mixin.py:188} INFO - [2026-06-21T16:34:15.977-0500] {dag.py:3089} INFO - Sync 1 DAGs
[2026-06-21T16:34:15.985-0500] {logging_mixin.py:188} INFO - [2026-06-21T16:34:15.985-0500] {dag.py:3947} INFO - Setting next_dagrun for example_weekday_branch_operator to 2026-06-20 00:00:00+00:00, run_after=2026-06-21 00:00:00+00:00
[2026-06-21T16:34:15.994-0500] {processor.py:183} INFO - Processing /Users/naga/Desktop/airflow_env/lib/python3.12/site-packages/airflow/example_dags/example_branch_day_of_week_operator.py took 0.070 seconds
[2026-06-21T16:36:24.321-0500] {processor.py:161} INFO - Started process (PID=60475) to work on /Users/naga/Desktop/airflow_env/lib/python3.12/site-packages/airflow/example_dags/example_branch_day_of_week_operator.py
[2026-06-21T16:36:24.322-0500] {processor.py:830} INFO - Processing file /Users/naga/Desktop/airflow_env/lib/python3.12/site-packages/airflow/example_dags/example_branch_day_of_week_operator.py for tasks to queue
[2026-06-21T16:36:24.322-0500] {logging_mixin.py:188} INFO - [2026-06-21T16:36:24.322-0500] {dagbag.py:545} INFO - Filling up the DagBag from /Users/naga/Desktop/airflow_env/lib/python3.12/site-packages/airflow/example_dags/example_branch_day_of_week_operator.py
[2026-06-21T16:36:24.328-0500] {processor.py:840} INFO - DAG(s) 'example_weekday_branch_operator' retrieved from /Users/naga/Desktop/airflow_env/lib/python3.12/site-packages/airflow/example_dags/example_branch_day_of_week_operator.py
[2026-06-21T16:36:24.374-0500] {logging_mixin.py:188} INFO - [2026-06-21T16:36:24.373-0500] {dag.py:3089} INFO - Sync 1 DAGs
[2026-06-21T16:36:24.382-0500] {logging_mixin.py:188} INFO - [2026-06-21T16:36:24.382-0500] {dag.py:3947} INFO - Setting next_dagrun for example_weekday_branch_operator to 2026-06-20 00:00:00+00:00, run_after=2026-06-21 00:00:00+00:00
[2026-06-21T16:36:24.390-0500] {processor.py:183} INFO - Processing /Users/naga/Desktop/airflow_env/lib/python3.12/site-packages/airflow/example_dags/example_branch_day_of_week_operator.py took 0.070 seconds
[2026-06-21T16:38:27.943-0500] {processor.py:161} INFO - Started process (PID=60605) to work on /Users/naga/Desktop/airflow_env/lib/python3.12/site-packages/airflow/example_dags/example_branch_day_of_week_operator.py
[2026-06-21T16:38:27.944-0500] {processor.py:830} INFO - Processing file /Users/naga/Desktop/airflow_env/lib/python3.12/site-packages/airflow/example_dags/example_branch_day_of_week_operator.py for tasks to queue
[2026-06-21T16:38:27.944-0500] {logging_mixin.py:188} INFO - [2026-06-21T16:38:27.944-0500] {dagbag.py:545} INFO - Filling up the DagBag from /Users/naga/Desktop/airflow_env/lib/python3.12/site-packages/airflow/example_dags/example_branch_day_of_week_operator.py
[2026-06-21T16:38:27.950-0500] {processor.py:840} INFO - DAG(s) 'example_weekday_branch_operator' retrieved from /Users/naga/Desktop/airflow_env/lib/python3.12/site-packages/airflow/example_dags/example_branch_day_of_week_operator.py
[2026-06-21T16:38:27.994-0500] {logging_mixin.py:188} INFO - [2026-06-21T16:38:27.993-0500] {dag.py:3089} INFO - Sync 1 DAGs
[2026-06-21T16:38:28.002-0500] {logging_mixin.py:188} INFO - [2026-06-21T16:38:28.002-0500] {dag.py:3947} INFO - Setting next_dagrun for example_weekday_branch_operator to 2026-06-20 00:00:00+00:00, run_after=2026-06-21 00:00:00+00:00
[2026-06-21T16:38:28.010-0500] {processor.py:183} INFO - Processing /Users/naga/Desktop/airflow_env/lib/python3.12/site-packages/airflow/example_dags/example_branch_day_of_week_operator.py took 0.068 seconds
[2026-06-21T16:41:45.500-0500] {processor.py:161} INFO - Started process (PID=60788) to work on /Users/naga/Desktop/airflow_env/lib/python3.12/site-packages/airflow/example_dags/example_branch_day_of_week_operator.py
[2026-06-21T16:41:45.502-0500] {processor.py:830} INFO - Processing file /Users/naga/Desktop/airflow_env/lib/python3.12/site-packages/airflow/example_dags/example_branch_day_of_week_operator.py for tasks to queue
[2026-06-21T16:41:45.502-0500] {logging_mixin.py:188} INFO - [2026-06-21T16:41:45.502-0500] {dagbag.py:545} INFO - Filling up the DagBag from /Users/naga/Desktop/airflow_env/lib/python3.12/site-packages/airflow/example_dags/example_branch_day_of_week_operator.py
[2026-06-21T16:41:45.512-0500] {processor.py:840} INFO - DAG(s) 'example_weekday_branch_operator' retrieved from /Users/naga/Desktop/airflow_env/lib/python3.12/site-packages/airflow/example_dags/example_branch_day_of_week_operator.py
[2026-06-21T16:41:45.592-0500] {logging_mixin.py:188} INFO - [2026-06-21T16:41:45.592-0500] {dag.py:3089} INFO - Sync 1 DAGs
[2026-06-21T16:41:45.607-0500] {logging_mixin.py:188} INFO - [2026-06-21T16:41:45.606-0500] {dag.py:3947} INFO - Setting next_dagrun for example_weekday_branch_operator to 2026-06-20 00:00:00+00:00, run_after=2026-06-21 00:00:00+00:00
[2026-06-21T16:41:45.622-0500] {processor.py:183} INFO - Processing /Users/naga/Desktop/airflow_env/lib/python3.12/site-packages/airflow/example_dags/example_branch_day_of_week_operator.py took 0.124 seconds
[2026-06-21T16:45:19.255-0500] {processor.py:161} INFO - Started process (PID=60957) to work on /Users/naga/Desktop/airflow_env/lib/python3.12/site-packages/airflow/example_dags/example_branch_day_of_week_operator.py
[2026-06-21T16:45:19.256-0500] {processor.py:830} INFO - Processing file /Users/naga/Desktop/airflow_env/lib/python3.12/site-packages/airflow/example_dags/example_branch_day_of_week_operator.py for tasks to queue
[2026-06-21T16:45:19.257-0500] {logging_mixin.py:188} INFO - [2026-06-21T16:45:19.257-0500] {dagbag.py:545} INFO - Filling up the DagBag from /Users/naga/Desktop/airflow_env/lib/python3.12/site-packages/airflow/example_dags/example_branch_day_of_week_operator.py
[2026-06-21T16:45:19.266-0500] {processor.py:840} INFO - DAG(s) 'example_weekday_branch_operator' retrieved from /Users/naga/Desktop/airflow_env/lib/python3.12/site-packages/airflow/example_dags/example_branch_day_of_week_operator.py
[2026-06-21T16:45:19.342-0500] {logging_mixin.py:188} INFO - [2026-06-21T16:45:19.342-0500] {dag.py:3089} INFO - Sync 1 DAGs
[2026-06-21T16:45:19.356-0500] {logging_mixin.py:188} INFO - [2026-06-21T16:45:19.355-0500] {dag.py:3947} INFO - Setting next_dagrun for example_weekday_branch_operator to 2026-06-20 00:00:00+00:00, run_after=2026-06-21 00:00:00+00:00
[2026-06-21T16:45:19.369-0500] {processor.py:183} INFO - Processing /Users/naga/Desktop/airflow_env/lib/python3.12/site-packages/airflow/example_dags/example_branch_day_of_week_operator.py took 0.118 seconds
[2026-06-21T18:45:31.473-0500] {processor.py:161} INFO - Started process (PID=61162) to work on /Users/naga/Desktop/airflow_env/lib/python3.12/site-packages/airflow/example_dags/example_branch_day_of_week_operator.py
[2026-06-21T18:45:31.475-0500] {processor.py:830} INFO - Processing file /Users/naga/Desktop/airflow_env/lib/python3.12/site-packages/airflow/example_dags/example_branch_day_of_week_operator.py for tasks to queue
[2026-06-21T18:45:31.475-0500] {logging_mixin.py:188} INFO - [2026-06-21T18:45:31.475-0500] {dagbag.py:545} INFO - Filling up the DagBag from /Users/naga/Desktop/airflow_env/lib/python3.12/site-packages/airflow/example_dags/example_branch_day_of_week_operator.py
[2026-06-21T18:45:31.485-0500] {processor.py:840} INFO - DAG(s) 'example_weekday_branch_operator' retrieved from /Users/naga/Desktop/airflow_env/lib/python3.12/site-packages/airflow/example_dags/example_branch_day_of_week_operator.py
[2026-06-21T18:45:31.561-0500] {logging_mixin.py:188} INFO - [2026-06-21T18:45:31.561-0500] {dag.py:3089} INFO - Sync 1 DAGs
[2026-06-21T18:45:31.576-0500] {logging_mixin.py:188} INFO - [2026-06-21T18:45:31.575-0500] {dag.py:3947} INFO - Setting next_dagrun for example_weekday_branch_operator to 2026-06-20 00:00:00+00:00, run_after=2026-06-21 00:00:00+00:00
[2026-06-21T18:45:31.590-0500] {processor.py:183} INFO - Processing /Users/naga/Desktop/airflow_env/lib/python3.12/site-packages/airflow/example_dags/example_branch_day_of_week_operator.py took 0.119 seconds
[2026-06-21T18:57:35.007-0500] {processor.py:161} INFO - Started process (PID=61367) to work on /Users/naga/Desktop/airflow_env/lib/python3.12/site-packages/airflow/example_dags/example_branch_day_of_week_operator.py
[2026-06-21T18:57:35.009-0500] {processor.py:830} INFO - Processing file /Users/naga/Desktop/airflow_env/lib/python3.12/site-packages/airflow/example_dags/example_branch_day_of_week_operator.py for tasks to queue
[2026-06-21T18:57:35.009-0500] {logging_mixin.py:188} INFO - [2026-06-21T18:57:35.009-0500] {dagbag.py:545} INFO - Filling up the DagBag from /Users/naga/Desktop/airflow_env/lib/python3.12/site-packages/airflow/example_dags/example_branch_day_of_week_operator.py
[2026-06-21T18:57:35.018-0500] {processor.py:840} INFO - DAG(s) 'example_weekday_branch_operator' retrieved from /Users/naga/Desktop/airflow_env/lib/python3.12/site-packages/airflow/example_dags/example_branch_day_of_week_operator.py
[2026-06-21T18:57:35.093-0500] {logging_mixin.py:188} INFO - [2026-06-21T18:57:35.093-0500] {dag.py:3089} INFO - Sync 1 DAGs
[2026-06-21T18:57:35.106-0500] {logging_mixin.py:188} INFO - [2026-06-21T18:57:35.106-0500] {dag.py:3947} INFO - Setting next_dagrun for example_weekday_branch_operator to 2026-06-20 00:00:00+00:00, run_after=2026-06-21 00:00:00+00:00
[2026-06-21T18:57:35.121-0500] {processor.py:183} INFO - Processing /Users/naga/Desktop/airflow_env/lib/python3.12/site-packages/airflow/example_dags/example_branch_day_of_week_operator.py took 0.115 seconds
