[2026-06-21T14:44:53.935-0500] {processor.py:161} INFO - Started process (PID=54336) to work on /Users/naga/Desktop/airflow_env/lib/python3.12/site-packages/airflow/example_dags/example_nested_branch_dag.py
[2026-06-21T14:44:53.936-0500] {processor.py:830} INFO - Processing file /Users/naga/Desktop/airflow_env/lib/python3.12/site-packages/airflow/example_dags/example_nested_branch_dag.py for tasks to queue
[2026-06-21T14:44:53.937-0500] {logging_mixin.py:188} INFO - [2026-06-21T14:44:53.937-0500] {dagbag.py:545} INFO - Filling up the DagBag from /Users/naga/Desktop/airflow_env/lib/python3.12/site-packages/airflow/example_dags/example_nested_branch_dag.py
[2026-06-21T14:44:53.972-0500] {processor.py:840} INFO - DAG(s) 'example_nested_branch_dag' retrieved from /Users/naga/Desktop/airflow_env/lib/python3.12/site-packages/airflow/example_dags/example_nested_branch_dag.py
[2026-06-21T14:44:54.110-0500] {logging_mixin.py:188} INFO - [2026-06-21T14:44:54.110-0500] {override.py:1858} INFO - Created Permission View: can read on DAG:example_nested_branch_dag
[2026-06-21T14:44:54.116-0500] {logging_mixin.py:188} INFO - [2026-06-21T14:44:54.116-0500] {override.py:1858} INFO - Created Permission View: can edit on DAG:example_nested_branch_dag
[2026-06-21T14:44:54.120-0500] {logging_mixin.py:188} INFO - [2026-06-21T14:44:54.120-0500] {override.py:1858} INFO - Created Permission View: can delete on DAG:example_nested_branch_dag
[2026-06-21T14:44:54.120-0500] {logging_mixin.py:188} INFO - [2026-06-21T14:44:54.120-0500] {dag.py:3089} INFO - Sync 1 DAGs
[2026-06-21T14:44:54.129-0500] {logging_mixin.py:188} INFO - [2026-06-21T14:44:54.129-0500] {dag.py:3111} INFO - Creating ORM DAG for example_nested_branch_dag
[2026-06-21T14:44:54.136-0500] {logging_mixin.py:188} INFO - [2026-06-21T14:44:54.135-0500] {dag.py:3947} INFO - Setting next_dagrun for example_nested_branch_dag to 2026-06-20 00:00:00+00:00, run_after=2026-06-21 00:00:00+00:00
[2026-06-21T14:44:54.149-0500] {processor.py:183} INFO - Processing /Users/naga/Desktop/airflow_env/lib/python3.12/site-packages/airflow/example_dags/example_nested_branch_dag.py took 0.216 seconds
[2026-06-21T14:46:59.026-0500] {processor.py:161} INFO - Started process (PID=54444) to work on /Users/naga/Desktop/airflow_env/lib/python3.12/site-packages/airflow/example_dags/example_nested_branch_dag.py
[2026-06-21T14:46:59.027-0500] {processor.py:830} INFO - Processing file /Users/naga/Desktop/airflow_env/lib/python3.12/site-packages/airflow/example_dags/example_nested_branch_dag.py for tasks to queue
[2026-06-21T14:46:59.028-0500] {logging_mixin.py:188} INFO - [2026-06-21T14:46:59.028-0500] {dagbag.py:545} INFO - Filling up the DagBag from /Users/naga/Desktop/airflow_env/lib/python3.12/site-packages/airflow/example_dags/example_nested_branch_dag.py
[2026-06-21T14:46:59.081-0500] {processor.py:840} INFO - DAG(s) 'example_nested_branch_dag' retrieved from /Users/naga/Desktop/airflow_env/lib/python3.12/site-packages/airflow/example_dags/example_nested_branch_dag.py
[2026-06-21T14:46:59.169-0500] {logging_mixin.py:188} INFO - [2026-06-21T14:46:59.168-0500] {dag.py:3089} INFO - Sync 1 DAGs
[2026-06-21T14:46:59.187-0500] {logging_mixin.py:188} INFO - [2026-06-21T14:46:59.186-0500] {dag.py:3947} INFO - Setting next_dagrun for example_nested_branch_dag to 2026-06-20 00:00:00+00:00, run_after=2026-06-21 00:00:00+00:00
[2026-06-21T14:46:59.208-0500] {processor.py:183} INFO - Processing /Users/naga/Desktop/airflow_env/lib/python3.12/site-packages/airflow/example_dags/example_nested_branch_dag.py took 0.185 seconds
[2026-06-21T14:50:00.638-0500] {processor.py:161} INFO - Started process (PID=54629) to work on /Users/naga/Desktop/airflow_env/lib/python3.12/site-packages/airflow/example_dags/example_nested_branch_dag.py
[2026-06-21T14:50:00.639-0500] {processor.py:830} INFO - Processing file /Users/naga/Desktop/airflow_env/lib/python3.12/site-packages/airflow/example_dags/example_nested_branch_dag.py for tasks to queue
[2026-06-21T14:50:00.640-0500] {logging_mixin.py:188} INFO - [2026-06-21T14:50:00.639-0500] {dagbag.py:545} INFO - Filling up the DagBag from /Users/naga/Desktop/airflow_env/lib/python3.12/site-packages/airflow/example_dags/example_nested_branch_dag.py
[2026-06-21T14:50:00.675-0500] {processor.py:840} INFO - DAG(s) 'example_nested_branch_dag' retrieved from /Users/naga/Desktop/airflow_env/lib/python3.12/site-packages/airflow/example_dags/example_nested_branch_dag.py
[2026-06-21T14:50:00.748-0500] {logging_mixin.py:188} INFO - [2026-06-21T14:50:00.748-0500] {dag.py:3089} INFO - Sync 1 DAGs
[2026-06-21T14:50:00.761-0500] {logging_mixin.py:188} INFO - [2026-06-21T14:50:00.761-0500] {dag.py:3947} INFO - Setting next_dagrun for example_nested_branch_dag to 2026-06-20 00:00:00+00:00, run_after=2026-06-21 00:00:00+00:00
[2026-06-21T14:50:00.774-0500] {processor.py:183} INFO - Processing /Users/naga/Desktop/airflow_env/lib/python3.12/site-packages/airflow/example_dags/example_nested_branch_dag.py took 0.139 seconds
[2026-06-21T14:52:57.586-0500] {processor.py:161} INFO - Started process (PID=54791) to work on /Users/naga/Desktop/airflow_env/lib/python3.12/site-packages/airflow/example_dags/example_nested_branch_dag.py
[2026-06-21T14:52:57.587-0500] {processor.py:830} INFO - Processing file /Users/naga/Desktop/airflow_env/lib/python3.12/site-packages/airflow/example_dags/example_nested_branch_dag.py for tasks to queue
[2026-06-21T14:52:57.588-0500] {logging_mixin.py:188} INFO - [2026-06-21T14:52:57.588-0500] {dagbag.py:545} INFO - Filling up the DagBag from /Users/naga/Desktop/airflow_env/lib/python3.12/site-packages/airflow/example_dags/example_nested_branch_dag.py
[2026-06-21T14:52:57.623-0500] {processor.py:840} INFO - DAG(s) 'example_nested_branch_dag' retrieved from /Users/naga/Desktop/airflow_env/lib/python3.12/site-packages/airflow/example_dags/example_nested_branch_dag.py
[2026-06-21T14:52:57.698-0500] {logging_mixin.py:188} INFO - [2026-06-21T14:52:57.698-0500] {dag.py:3089} INFO - Sync 1 DAGs
[2026-06-21T14:52:57.711-0500] {logging_mixin.py:188} INFO - [2026-06-21T14:52:57.710-0500] {dag.py:3947} INFO - Setting next_dagrun for example_nested_branch_dag to 2026-06-20 00:00:00+00:00, run_after=2026-06-21 00:00:00+00:00
[2026-06-21T14:52:57.725-0500] {processor.py:183} INFO - Processing /Users/naga/Desktop/airflow_env/lib/python3.12/site-packages/airflow/example_dags/example_nested_branch_dag.py took 0.141 seconds
[2026-06-21T14:55:56.352-0500] {processor.py:161} INFO - Started process (PID=54993) to work on /Users/naga/Desktop/airflow_env/lib/python3.12/site-packages/airflow/example_dags/example_nested_branch_dag.py
[2026-06-21T14:55:56.353-0500] {processor.py:830} INFO - Processing file /Users/naga/Desktop/airflow_env/lib/python3.12/site-packages/airflow/example_dags/example_nested_branch_dag.py for tasks to queue
[2026-06-21T14:55:56.353-0500] {logging_mixin.py:188} INFO - [2026-06-21T14:55:56.353-0500] {dagbag.py:545} INFO - Filling up the DagBag from /Users/naga/Desktop/airflow_env/lib/python3.12/site-packages/airflow/example_dags/example_nested_branch_dag.py
[2026-06-21T14:55:56.389-0500] {processor.py:840} INFO - DAG(s) 'example_nested_branch_dag' retrieved from /Users/naga/Desktop/airflow_env/lib/python3.12/site-packages/airflow/example_dags/example_nested_branch_dag.py
[2026-06-21T14:55:56.464-0500] {logging_mixin.py:188} INFO - [2026-06-21T14:55:56.464-0500] {dag.py:3089} INFO - Sync 1 DAGs
[2026-06-21T14:55:56.479-0500] {logging_mixin.py:188} INFO - [2026-06-21T14:55:56.478-0500] {dag.py:3947} INFO - Setting next_dagrun for example_nested_branch_dag to 2026-06-20 00:00:00+00:00, run_after=2026-06-21 00:00:00+00:00
[2026-06-21T14:55:56.493-0500] {processor.py:183} INFO - Processing /Users/naga/Desktop/airflow_env/lib/python3.12/site-packages/airflow/example_dags/example_nested_branch_dag.py took 0.144 seconds
[2026-06-21T14:59:07.066-0500] {processor.py:161} INFO - Started process (PID=55327) to work on /Users/naga/Desktop/airflow_env/lib/python3.12/site-packages/airflow/example_dags/example_nested_branch_dag.py
[2026-06-21T14:59:07.067-0500] {processor.py:830} INFO - Processing file /Users/naga/Desktop/airflow_env/lib/python3.12/site-packages/airflow/example_dags/example_nested_branch_dag.py for tasks to queue
[2026-06-21T14:59:07.068-0500] {logging_mixin.py:188} INFO - [2026-06-21T14:59:07.067-0500] {dagbag.py:545} INFO - Filling up the DagBag from /Users/naga/Desktop/airflow_env/lib/python3.12/site-packages/airflow/example_dags/example_nested_branch_dag.py
[2026-06-21T14:59:07.105-0500] {processor.py:840} INFO - DAG(s) 'example_nested_branch_dag' retrieved from /Users/naga/Desktop/airflow_env/lib/python3.12/site-packages/airflow/example_dags/example_nested_branch_dag.py
[2026-06-21T14:59:07.182-0500] {logging_mixin.py:188} INFO - [2026-06-21T14:59:07.182-0500] {dag.py:3089} INFO - Sync 1 DAGs
[2026-06-21T14:59:07.206-0500] {logging_mixin.py:188} INFO - [2026-06-21T14:59:07.205-0500] {dag.py:3947} INFO - Setting next_dagrun for example_nested_branch_dag to 2026-06-20 00:00:00+00:00, run_after=2026-06-21 00:00:00+00:00
[2026-06-21T14:59:07.225-0500] {processor.py:183} INFO - Processing /Users/naga/Desktop/airflow_env/lib/python3.12/site-packages/airflow/example_dags/example_nested_branch_dag.py took 0.162 seconds
[2026-06-21T15:02:20.618-0500] {processor.py:161} INFO - Started process (PID=55488) to work on /Users/naga/Desktop/airflow_env/lib/python3.12/site-packages/airflow/example_dags/example_nested_branch_dag.py
[2026-06-21T15:02:20.619-0500] {processor.py:830} INFO - Processing file /Users/naga/Desktop/airflow_env/lib/python3.12/site-packages/airflow/example_dags/example_nested_branch_dag.py for tasks to queue
[2026-06-21T15:02:20.620-0500] {logging_mixin.py:188} INFO - [2026-06-21T15:02:20.620-0500] {dagbag.py:545} INFO - Filling up the DagBag from /Users/naga/Desktop/airflow_env/lib/python3.12/site-packages/airflow/example_dags/example_nested_branch_dag.py
[2026-06-21T15:02:20.655-0500] {processor.py:840} INFO - DAG(s) 'example_nested_branch_dag' retrieved from /Users/naga/Desktop/airflow_env/lib/python3.12/site-packages/airflow/example_dags/example_nested_branch_dag.py
[2026-06-21T15:02:20.728-0500] {logging_mixin.py:188} INFO - [2026-06-21T15:02:20.728-0500] {dag.py:3089} INFO - Sync 1 DAGs
[2026-06-21T15:02:20.742-0500] {logging_mixin.py:188} INFO - [2026-06-21T15:02:20.742-0500] {dag.py:3947} INFO - Setting next_dagrun for example_nested_branch_dag to 2026-06-20 00:00:00+00:00, run_after=2026-06-21 00:00:00+00:00
[2026-06-21T15:02:20.755-0500] {processor.py:183} INFO - Processing /Users/naga/Desktop/airflow_env/lib/python3.12/site-packages/airflow/example_dags/example_nested_branch_dag.py took 0.139 seconds
[2026-06-21T15:05:22.393-0500] {processor.py:161} INFO - Started process (PID=55633) to work on /Users/naga/Desktop/airflow_env/lib/python3.12/site-packages/airflow/example_dags/example_nested_branch_dag.py
[2026-06-21T15:05:22.394-0500] {processor.py:830} INFO - Processing file /Users/naga/Desktop/airflow_env/lib/python3.12/site-packages/airflow/example_dags/example_nested_branch_dag.py for tasks to queue
[2026-06-21T15:05:22.395-0500] {logging_mixin.py:188} INFO - [2026-06-21T15:05:22.395-0500] {dagbag.py:545} INFO - Filling up the DagBag from /Users/naga/Desktop/airflow_env/lib/python3.12/site-packages/airflow/example_dags/example_nested_branch_dag.py
[2026-06-21T15:05:22.430-0500] {processor.py:840} INFO - DAG(s) 'example_nested_branch_dag' retrieved from /Users/naga/Desktop/airflow_env/lib/python3.12/site-packages/airflow/example_dags/example_nested_branch_dag.py
[2026-06-21T15:05:22.506-0500] {logging_mixin.py:188} INFO - [2026-06-21T15:05:22.506-0500] {dag.py:3089} INFO - Sync 1 DAGs
[2026-06-21T15:05:22.522-0500] {logging_mixin.py:188} INFO - [2026-06-21T15:05:22.521-0500] {dag.py:3947} INFO - Setting next_dagrun for example_nested_branch_dag to 2026-06-20 00:00:00+00:00, run_after=2026-06-21 00:00:00+00:00
[2026-06-21T15:05:22.544-0500] {processor.py:183} INFO - Processing /Users/naga/Desktop/airflow_env/lib/python3.12/site-packages/airflow/example_dags/example_nested_branch_dag.py took 0.153 seconds
[2026-06-21T15:08:31.616-0500] {processor.py:161} INFO - Started process (PID=55762) to work on /Users/naga/Desktop/airflow_env/lib/python3.12/site-packages/airflow/example_dags/example_nested_branch_dag.py
[2026-06-21T15:08:31.618-0500] {processor.py:830} INFO - Processing file /Users/naga/Desktop/airflow_env/lib/python3.12/site-packages/airflow/example_dags/example_nested_branch_dag.py for tasks to queue
[2026-06-21T15:08:31.619-0500] {logging_mixin.py:188} INFO - [2026-06-21T15:08:31.619-0500] {dagbag.py:545} INFO - Filling up the DagBag from /Users/naga/Desktop/airflow_env/lib/python3.12/site-packages/airflow/example_dags/example_nested_branch_dag.py
[2026-06-21T15:08:31.656-0500] {processor.py:840} INFO - DAG(s) 'example_nested_branch_dag' retrieved from /Users/naga/Desktop/airflow_env/lib/python3.12/site-packages/airflow/example_dags/example_nested_branch_dag.py
[2026-06-21T15:08:31.732-0500] {logging_mixin.py:188} INFO - [2026-06-21T15:08:31.732-0500] {dag.py:3089} INFO - Sync 1 DAGs
[2026-06-21T15:08:31.746-0500] {logging_mixin.py:188} INFO - [2026-06-21T15:08:31.745-0500] {dag.py:3947} INFO - Setting next_dagrun for example_nested_branch_dag to 2026-06-20 00:00:00+00:00, run_after=2026-06-21 00:00:00+00:00
[2026-06-21T15:08:31.761-0500] {processor.py:183} INFO - Processing /Users/naga/Desktop/airflow_env/lib/python3.12/site-packages/airflow/example_dags/example_nested_branch_dag.py took 0.147 seconds
[2026-06-21T15:11:36.813-0500] {processor.py:161} INFO - Started process (PID=55915) to work on /Users/naga/Desktop/airflow_env/lib/python3.12/site-packages/airflow/example_dags/example_nested_branch_dag.py
[2026-06-21T15:11:36.815-0500] {processor.py:830} INFO - Processing file /Users/naga/Desktop/airflow_env/lib/python3.12/site-packages/airflow/example_dags/example_nested_branch_dag.py for tasks to queue
[2026-06-21T15:11:36.815-0500] {logging_mixin.py:188} INFO - [2026-06-21T15:11:36.815-0500] {dagbag.py:545} INFO - Filling up the DagBag from /Users/naga/Desktop/airflow_env/lib/python3.12/site-packages/airflow/example_dags/example_nested_branch_dag.py
[2026-06-21T15:11:36.850-0500] {processor.py:840} INFO - DAG(s) 'example_nested_branch_dag' retrieved from /Users/naga/Desktop/airflow_env/lib/python3.12/site-packages/airflow/example_dags/example_nested_branch_dag.py
[2026-06-21T15:11:36.924-0500] {logging_mixin.py:188} INFO - [2026-06-21T15:11:36.924-0500] {dag.py:3089} INFO - Sync 1 DAGs
[2026-06-21T15:11:36.938-0500] {logging_mixin.py:188} INFO - [2026-06-21T15:11:36.938-0500] {dag.py:3947} INFO - Setting next_dagrun for example_nested_branch_dag to 2026-06-20 00:00:00+00:00, run_after=2026-06-21 00:00:00+00:00
[2026-06-21T15:11:36.951-0500] {processor.py:183} INFO - Processing /Users/naga/Desktop/airflow_env/lib/python3.12/site-packages/airflow/example_dags/example_nested_branch_dag.py took 0.140 seconds
[2026-06-21T15:14:27.910-0500] {processor.py:161} INFO - Started process (PID=56173) to work on /Users/naga/Desktop/airflow_env/lib/python3.12/site-packages/airflow/example_dags/example_nested_branch_dag.py
[2026-06-21T15:14:27.911-0500] {processor.py:830} INFO - Processing file /Users/naga/Desktop/airflow_env/lib/python3.12/site-packages/airflow/example_dags/example_nested_branch_dag.py for tasks to queue
[2026-06-21T15:14:27.912-0500] {logging_mixin.py:188} INFO - [2026-06-21T15:14:27.912-0500] {dagbag.py:545} INFO - Filling up the DagBag from /Users/naga/Desktop/airflow_env/lib/python3.12/site-packages/airflow/example_dags/example_nested_branch_dag.py
[2026-06-21T15:14:27.932-0500] {processor.py:840} INFO - DAG(s) 'example_nested_branch_dag' retrieved from /Users/naga/Desktop/airflow_env/lib/python3.12/site-packages/airflow/example_dags/example_nested_branch_dag.py
[2026-06-21T15:14:27.975-0500] {logging_mixin.py:188} INFO - [2026-06-21T15:14:27.974-0500] {dag.py:3089} INFO - Sync 1 DAGs
[2026-06-21T15:14:27.982-0500] {logging_mixin.py:188} INFO - [2026-06-21T15:14:27.982-0500] {dag.py:3947} INFO - Setting next_dagrun for example_nested_branch_dag to 2026-06-20 00:00:00+00:00, run_after=2026-06-21 00:00:00+00:00
[2026-06-21T15:14:27.990-0500] {processor.py:183} INFO - Processing /Users/naga/Desktop/airflow_env/lib/python3.12/site-packages/airflow/example_dags/example_nested_branch_dag.py took 0.081 seconds
[2026-06-21T15:31:46.287-0500] {processor.py:161} INFO - Started process (PID=56499) to work on /Users/naga/Desktop/airflow_env/lib/python3.12/site-packages/airflow/example_dags/example_nested_branch_dag.py
[2026-06-21T15:31:46.288-0500] {processor.py:830} INFO - Processing file /Users/naga/Desktop/airflow_env/lib/python3.12/site-packages/airflow/example_dags/example_nested_branch_dag.py for tasks to queue
[2026-06-21T15:31:46.288-0500] {logging_mixin.py:188} INFO - [2026-06-21T15:31:46.288-0500] {dagbag.py:545} INFO - Filling up the DagBag from /Users/naga/Desktop/airflow_env/lib/python3.12/site-packages/airflow/example_dags/example_nested_branch_dag.py
[2026-06-21T15:31:46.312-0500] {processor.py:840} INFO - DAG(s) 'example_nested_branch_dag' retrieved from /Users/naga/Desktop/airflow_env/lib/python3.12/site-packages/airflow/example_dags/example_nested_branch_dag.py
[2026-06-21T15:31:46.361-0500] {logging_mixin.py:188} INFO - [2026-06-21T15:31:46.361-0500] {dag.py:3089} INFO - Sync 1 DAGs
[2026-06-21T15:31:46.371-0500] {logging_mixin.py:188} INFO - [2026-06-21T15:31:46.370-0500] {dag.py:3947} INFO - Setting next_dagrun for example_nested_branch_dag to 2026-06-20 00:00:00+00:00, run_after=2026-06-21 00:00:00+00:00
[2026-06-21T15:31:46.381-0500] {processor.py:183} INFO - Processing /Users/naga/Desktop/airflow_env/lib/python3.12/site-packages/airflow/example_dags/example_nested_branch_dag.py took 0.095 seconds
[2026-06-21T15:33:30.338-0500] {processor.py:161} INFO - Started process (PID=56646) to work on /Users/naga/Desktop/airflow_env/lib/python3.12/site-packages/airflow/example_dags/example_nested_branch_dag.py
[2026-06-21T15:33:30.339-0500] {processor.py:830} INFO - Processing file /Users/naga/Desktop/airflow_env/lib/python3.12/site-packages/airflow/example_dags/example_nested_branch_dag.py for tasks to queue
[2026-06-21T15:33:30.339-0500] {logging_mixin.py:188} INFO - [2026-06-21T15:33:30.339-0500] {dagbag.py:545} INFO - Filling up the DagBag from /Users/naga/Desktop/airflow_env/lib/python3.12/site-packages/airflow/example_dags/example_nested_branch_dag.py
[2026-06-21T15:33:30.361-0500] {processor.py:840} INFO - DAG(s) 'example_nested_branch_dag' retrieved from /Users/naga/Desktop/airflow_env/lib/python3.12/site-packages/airflow/example_dags/example_nested_branch_dag.py
[2026-06-21T15:33:30.406-0500] {logging_mixin.py:188} INFO - [2026-06-21T15:33:30.406-0500] {dag.py:3089} INFO - Sync 1 DAGs
[2026-06-21T15:33:30.415-0500] {logging_mixin.py:188} INFO - [2026-06-21T15:33:30.415-0500] {dag.py:3947} INFO - Setting next_dagrun for example_nested_branch_dag to 2026-06-20 00:00:00+00:00, run_after=2026-06-21 00:00:00+00:00
[2026-06-21T15:33:30.424-0500] {processor.py:183} INFO - Processing /Users/naga/Desktop/airflow_env/lib/python3.12/site-packages/airflow/example_dags/example_nested_branch_dag.py took 0.087 seconds
[2026-06-21T15:35:37.131-0500] {processor.py:161} INFO - Started process (PID=56811) to work on /Users/naga/Desktop/airflow_env/lib/python3.12/site-packages/airflow/example_dags/example_nested_branch_dag.py
[2026-06-21T15:35:37.132-0500] {processor.py:830} INFO - Processing file /Users/naga/Desktop/airflow_env/lib/python3.12/site-packages/airflow/example_dags/example_nested_branch_dag.py for tasks to queue
[2026-06-21T15:35:37.132-0500] {logging_mixin.py:188} INFO - [2026-06-21T15:35:37.132-0500] {dagbag.py:545} INFO - Filling up the DagBag from /Users/naga/Desktop/airflow_env/lib/python3.12/site-packages/airflow/example_dags/example_nested_branch_dag.py
[2026-06-21T15:35:37.153-0500] {processor.py:840} INFO - DAG(s) 'example_nested_branch_dag' retrieved from /Users/naga/Desktop/airflow_env/lib/python3.12/site-packages/airflow/example_dags/example_nested_branch_dag.py
[2026-06-21T15:35:37.197-0500] {logging_mixin.py:188} INFO - [2026-06-21T15:35:37.197-0500] {dag.py:3089} INFO - Sync 1 DAGs
[2026-06-21T15:35:37.205-0500] {logging_mixin.py:188} INFO - [2026-06-21T15:35:37.204-0500] {dag.py:3947} INFO - Setting next_dagrun for example_nested_branch_dag to 2026-06-20 00:00:00+00:00, run_after=2026-06-21 00:00:00+00:00
[2026-06-21T15:35:37.212-0500] {processor.py:183} INFO - Processing /Users/naga/Desktop/airflow_env/lib/python3.12/site-packages/airflow/example_dags/example_nested_branch_dag.py took 0.083 seconds
[2026-06-21T15:37:35.945-0500] {processor.py:161} INFO - Started process (PID=56947) to work on /Users/naga/Desktop/airflow_env/lib/python3.12/site-packages/airflow/example_dags/example_nested_branch_dag.py
[2026-06-21T15:37:35.946-0500] {processor.py:830} INFO - Processing file /Users/naga/Desktop/airflow_env/lib/python3.12/site-packages/airflow/example_dags/example_nested_branch_dag.py for tasks to queue
[2026-06-21T15:37:35.947-0500] {logging_mixin.py:188} INFO - [2026-06-21T15:37:35.947-0500] {dagbag.py:545} INFO - Filling up the DagBag from /Users/naga/Desktop/airflow_env/lib/python3.12/site-packages/airflow/example_dags/example_nested_branch_dag.py
[2026-06-21T15:37:35.968-0500] {processor.py:840} INFO - DAG(s) 'example_nested_branch_dag' retrieved from /Users/naga/Desktop/airflow_env/lib/python3.12/site-packages/airflow/example_dags/example_nested_branch_dag.py
[2026-06-21T15:37:36.010-0500] {logging_mixin.py:188} INFO - [2026-06-21T15:37:36.010-0500] {dag.py:3089} INFO - Sync 1 DAGs
[2026-06-21T15:37:36.018-0500] {logging_mixin.py:188} INFO - [2026-06-21T15:37:36.018-0500] {dag.py:3947} INFO - Setting next_dagrun for example_nested_branch_dag to 2026-06-20 00:00:00+00:00, run_after=2026-06-21 00:00:00+00:00
[2026-06-21T15:37:36.026-0500] {processor.py:183} INFO - Processing /Users/naga/Desktop/airflow_env/lib/python3.12/site-packages/airflow/example_dags/example_nested_branch_dag.py took 0.082 seconds
[2026-06-21T15:39:44.091-0500] {processor.py:161} INFO - Started process (PID=57062) to work on /Users/naga/Desktop/airflow_env/lib/python3.12/site-packages/airflow/example_dags/example_nested_branch_dag.py
[2026-06-21T15:39:44.092-0500] {processor.py:830} INFO - Processing file /Users/naga/Desktop/airflow_env/lib/python3.12/site-packages/airflow/example_dags/example_nested_branch_dag.py for tasks to queue
[2026-06-21T15:39:44.093-0500] {logging_mixin.py:188} INFO - [2026-06-21T15:39:44.093-0500] {dagbag.py:545} INFO - Filling up the DagBag from /Users/naga/Desktop/airflow_env/lib/python3.12/site-packages/airflow/example_dags/example_nested_branch_dag.py
[2026-06-21T15:39:44.114-0500] {processor.py:840} INFO - DAG(s) 'example_nested_branch_dag' retrieved from /Users/naga/Desktop/airflow_env/lib/python3.12/site-packages/airflow/example_dags/example_nested_branch_dag.py
[2026-06-21T15:39:44.157-0500] {logging_mixin.py:188} INFO - [2026-06-21T15:39:44.157-0500] {dag.py:3089} INFO - Sync 1 DAGs
[2026-06-21T15:39:44.165-0500] {logging_mixin.py:188} INFO - [2026-06-21T15:39:44.165-0500] {dag.py:3947} INFO - Setting next_dagrun for example_nested_branch_dag to 2026-06-20 00:00:00+00:00, run_after=2026-06-21 00:00:00+00:00
[2026-06-21T15:39:44.173-0500] {processor.py:183} INFO - Processing /Users/naga/Desktop/airflow_env/lib/python3.12/site-packages/airflow/example_dags/example_nested_branch_dag.py took 0.083 seconds
[2026-06-21T15:41:44.954-0500] {processor.py:161} INFO - Started process (PID=57177) to work on /Users/naga/Desktop/airflow_env/lib/python3.12/site-packages/airflow/example_dags/example_nested_branch_dag.py
[2026-06-21T15:41:44.955-0500] {processor.py:830} INFO - Processing file /Users/naga/Desktop/airflow_env/lib/python3.12/site-packages/airflow/example_dags/example_nested_branch_dag.py for tasks to queue
[2026-06-21T15:41:44.955-0500] {logging_mixin.py:188} INFO - [2026-06-21T15:41:44.955-0500] {dagbag.py:545} INFO - Filling up the DagBag from /Users/naga/Desktop/airflow_env/lib/python3.12/site-packages/airflow/example_dags/example_nested_branch_dag.py
[2026-06-21T15:41:44.976-0500] {processor.py:840} INFO - DAG(s) 'example_nested_branch_dag' retrieved from /Users/naga/Desktop/airflow_env/lib/python3.12/site-packages/airflow/example_dags/example_nested_branch_dag.py
[2026-06-21T15:41:45.020-0500] {logging_mixin.py:188} INFO - [2026-06-21T15:41:45.019-0500] {dag.py:3089} INFO - Sync 1 DAGs
[2026-06-21T15:41:45.027-0500] {logging_mixin.py:188} INFO - [2026-06-21T15:41:45.027-0500] {dag.py:3947} INFO - Setting next_dagrun for example_nested_branch_dag to 2026-06-20 00:00:00+00:00, run_after=2026-06-21 00:00:00+00:00
[2026-06-21T15:41:45.035-0500] {processor.py:183} INFO - Processing /Users/naga/Desktop/airflow_env/lib/python3.12/site-packages/airflow/example_dags/example_nested_branch_dag.py took 0.083 seconds
[2026-06-21T15:43:51.860-0500] {processor.py:161} INFO - Started process (PID=57322) to work on /Users/naga/Desktop/airflow_env/lib/python3.12/site-packages/airflow/example_dags/example_nested_branch_dag.py
[2026-06-21T15:43:51.861-0500] {processor.py:830} INFO - Processing file /Users/naga/Desktop/airflow_env/lib/python3.12/site-packages/airflow/example_dags/example_nested_branch_dag.py for tasks to queue
[2026-06-21T15:43:51.861-0500] {logging_mixin.py:188} INFO - [2026-06-21T15:43:51.861-0500] {dagbag.py:545} INFO - Filling up the DagBag from /Users/naga/Desktop/airflow_env/lib/python3.12/site-packages/airflow/example_dags/example_nested_branch_dag.py
[2026-06-21T15:43:51.883-0500] {processor.py:840} INFO - DAG(s) 'example_nested_branch_dag' retrieved from /Users/naga/Desktop/airflow_env/lib/python3.12/site-packages/airflow/example_dags/example_nested_branch_dag.py
[2026-06-21T15:43:51.926-0500] {logging_mixin.py:188} INFO - [2026-06-21T15:43:51.926-0500] {dag.py:3089} INFO - Sync 1 DAGs
[2026-06-21T15:43:51.934-0500] {logging_mixin.py:188} INFO - [2026-06-21T15:43:51.934-0500] {dag.py:3947} INFO - Setting next_dagrun for example_nested_branch_dag to 2026-06-20 00:00:00+00:00, run_after=2026-06-21 00:00:00+00:00
[2026-06-21T15:43:51.942-0500] {processor.py:183} INFO - Processing /Users/naga/Desktop/airflow_env/lib/python3.12/site-packages/airflow/example_dags/example_nested_branch_dag.py took 0.084 seconds
[2026-06-21T15:45:53.292-0500] {processor.py:161} INFO - Started process (PID=57446) to work on /Users/naga/Desktop/airflow_env/lib/python3.12/site-packages/airflow/example_dags/example_nested_branch_dag.py
[2026-06-21T15:45:53.293-0500] {processor.py:830} INFO - Processing file /Users/naga/Desktop/airflow_env/lib/python3.12/site-packages/airflow/example_dags/example_nested_branch_dag.py for tasks to queue
[2026-06-21T15:45:53.293-0500] {logging_mixin.py:188} INFO - [2026-06-21T15:45:53.293-0500] {dagbag.py:545} INFO - Filling up the DagBag from /Users/naga/Desktop/airflow_env/lib/python3.12/site-packages/airflow/example_dags/example_nested_branch_dag.py
[2026-06-21T15:45:53.314-0500] {processor.py:840} INFO - DAG(s) 'example_nested_branch_dag' retrieved from /Users/naga/Desktop/airflow_env/lib/python3.12/site-packages/airflow/example_dags/example_nested_branch_dag.py
[2026-06-21T15:45:53.357-0500] {logging_mixin.py:188} INFO - [2026-06-21T15:45:53.357-0500] {dag.py:3089} INFO - Sync 1 DAGs
[2026-06-21T15:45:53.365-0500] {logging_mixin.py:188} INFO - [2026-06-21T15:45:53.364-0500] {dag.py:3947} INFO - Setting next_dagrun for example_nested_branch_dag to 2026-06-20 00:00:00+00:00, run_after=2026-06-21 00:00:00+00:00
[2026-06-21T15:45:53.372-0500] {processor.py:183} INFO - Processing /Users/naga/Desktop/airflow_env/lib/python3.12/site-packages/airflow/example_dags/example_nested_branch_dag.py took 0.082 seconds
[2026-06-21T15:47:56.039-0500] {processor.py:161} INFO - Started process (PID=57578) to work on /Users/naga/Desktop/airflow_env/lib/python3.12/site-packages/airflow/example_dags/example_nested_branch_dag.py
[2026-06-21T15:47:56.039-0500] {processor.py:830} INFO - Processing file /Users/naga/Desktop/airflow_env/lib/python3.12/site-packages/airflow/example_dags/example_nested_branch_dag.py for tasks to queue
[2026-06-21T15:47:56.040-0500] {logging_mixin.py:188} INFO - [2026-06-21T15:47:56.040-0500] {dagbag.py:545} INFO - Filling up the DagBag from /Users/naga/Desktop/airflow_env/lib/python3.12/site-packages/airflow/example_dags/example_nested_branch_dag.py
[2026-06-21T15:47:56.061-0500] {processor.py:840} INFO - DAG(s) 'example_nested_branch_dag' retrieved from /Users/naga/Desktop/airflow_env/lib/python3.12/site-packages/airflow/example_dags/example_nested_branch_dag.py
[2026-06-21T15:47:56.104-0500] {logging_mixin.py:188} INFO - [2026-06-21T15:47:56.104-0500] {dag.py:3089} INFO - Sync 1 DAGs
[2026-06-21T15:47:56.111-0500] {logging_mixin.py:188} INFO - [2026-06-21T15:47:56.111-0500] {dag.py:3947} INFO - Setting next_dagrun for example_nested_branch_dag to 2026-06-20 00:00:00+00:00, run_after=2026-06-21 00:00:00+00:00
[2026-06-21T15:47:56.119-0500] {processor.py:183} INFO - Processing /Users/naga/Desktop/airflow_env/lib/python3.12/site-packages/airflow/example_dags/example_nested_branch_dag.py took 0.082 seconds
[2026-06-21T15:50:04.339-0500] {processor.py:161} INFO - Started process (PID=57710) to work on /Users/naga/Desktop/airflow_env/lib/python3.12/site-packages/airflow/example_dags/example_nested_branch_dag.py
[2026-06-21T15:50:04.340-0500] {processor.py:830} INFO - Processing file /Users/naga/Desktop/airflow_env/lib/python3.12/site-packages/airflow/example_dags/example_nested_branch_dag.py for tasks to queue
[2026-06-21T15:50:04.341-0500] {logging_mixin.py:188} INFO - [2026-06-21T15:50:04.341-0500] {dagbag.py:545} INFO - Filling up the DagBag from /Users/naga/Desktop/airflow_env/lib/python3.12/site-packages/airflow/example_dags/example_nested_branch_dag.py
[2026-06-21T15:50:04.363-0500] {processor.py:840} INFO - DAG(s) 'example_nested_branch_dag' retrieved from /Users/naga/Desktop/airflow_env/lib/python3.12/site-packages/airflow/example_dags/example_nested_branch_dag.py
[2026-06-21T15:50:04.408-0500] {logging_mixin.py:188} INFO - [2026-06-21T15:50:04.407-0500] {dag.py:3089} INFO - Sync 1 DAGs
[2026-06-21T15:50:04.415-0500] {logging_mixin.py:188} INFO - [2026-06-21T15:50:04.415-0500] {dag.py:3947} INFO - Setting next_dagrun for example_nested_branch_dag to 2026-06-20 00:00:00+00:00, run_after=2026-06-21 00:00:00+00:00
[2026-06-21T15:50:04.423-0500] {processor.py:183} INFO - Processing /Users/naga/Desktop/airflow_env/lib/python3.12/site-packages/airflow/example_dags/example_nested_branch_dag.py took 0.085 seconds
[2026-06-21T15:52:10.368-0500] {processor.py:161} INFO - Started process (PID=57817) to work on /Users/naga/Desktop/airflow_env/lib/python3.12/site-packages/airflow/example_dags/example_nested_branch_dag.py
[2026-06-21T15:52:10.369-0500] {processor.py:830} INFO - Processing file /Users/naga/Desktop/airflow_env/lib/python3.12/site-packages/airflow/example_dags/example_nested_branch_dag.py for tasks to queue
[2026-06-21T15:52:10.370-0500] {logging_mixin.py:188} INFO - [2026-06-21T15:52:10.370-0500] {dagbag.py:545} INFO - Filling up the DagBag from /Users/naga/Desktop/airflow_env/lib/python3.12/site-packages/airflow/example_dags/example_nested_branch_dag.py
[2026-06-21T15:52:10.391-0500] {processor.py:840} INFO - DAG(s) 'example_nested_branch_dag' retrieved from /Users/naga/Desktop/airflow_env/lib/python3.12/site-packages/airflow/example_dags/example_nested_branch_dag.py
[2026-06-21T15:52:10.434-0500] {logging_mixin.py:188} INFO - [2026-06-21T15:52:10.433-0500] {dag.py:3089} INFO - Sync 1 DAGs
[2026-06-21T15:52:10.441-0500] {logging_mixin.py:188} INFO - [2026-06-21T15:52:10.441-0500] {dag.py:3947} INFO - Setting next_dagrun for example_nested_branch_dag to 2026-06-20 00:00:00+00:00, run_after=2026-06-21 00:00:00+00:00
[2026-06-21T15:52:10.449-0500] {processor.py:183} INFO - Processing /Users/naga/Desktop/airflow_env/lib/python3.12/site-packages/airflow/example_dags/example_nested_branch_dag.py took 0.082 seconds
[2026-06-21T15:54:14.446-0500] {processor.py:161} INFO - Started process (PID=57957) to work on /Users/naga/Desktop/airflow_env/lib/python3.12/site-packages/airflow/example_dags/example_nested_branch_dag.py
[2026-06-21T15:54:14.447-0500] {processor.py:830} INFO - Processing file /Users/naga/Desktop/airflow_env/lib/python3.12/site-packages/airflow/example_dags/example_nested_branch_dag.py for tasks to queue
[2026-06-21T15:54:14.448-0500] {logging_mixin.py:188} INFO - [2026-06-21T15:54:14.447-0500] {dagbag.py:545} INFO - Filling up the DagBag from /Users/naga/Desktop/airflow_env/lib/python3.12/site-packages/airflow/example_dags/example_nested_branch_dag.py
[2026-06-21T15:54:14.468-0500] {processor.py:840} INFO - DAG(s) 'example_nested_branch_dag' retrieved from /Users/naga/Desktop/airflow_env/lib/python3.12/site-packages/airflow/example_dags/example_nested_branch_dag.py
[2026-06-21T15:54:14.511-0500] {logging_mixin.py:188} INFO - [2026-06-21T15:54:14.511-0500] {dag.py:3089} INFO - Sync 1 DAGs
[2026-06-21T15:54:14.519-0500] {logging_mixin.py:188} INFO - [2026-06-21T15:54:14.518-0500] {dag.py:3947} INFO - Setting next_dagrun for example_nested_branch_dag to 2026-06-20 00:00:00+00:00, run_after=2026-06-21 00:00:00+00:00
[2026-06-21T15:54:14.526-0500] {processor.py:183} INFO - Processing /Users/naga/Desktop/airflow_env/lib/python3.12/site-packages/airflow/example_dags/example_nested_branch_dag.py took 0.081 seconds
[2026-06-21T15:56:21.689-0500] {processor.py:161} INFO - Started process (PID=58067) to work on /Users/naga/Desktop/airflow_env/lib/python3.12/site-packages/airflow/example_dags/example_nested_branch_dag.py
[2026-06-21T15:56:21.690-0500] {processor.py:830} INFO - Processing file /Users/naga/Desktop/airflow_env/lib/python3.12/site-packages/airflow/example_dags/example_nested_branch_dag.py for tasks to queue
[2026-06-21T15:56:21.690-0500] {logging_mixin.py:188} INFO - [2026-06-21T15:56:21.690-0500] {dagbag.py:545} INFO - Filling up the DagBag from /Users/naga/Desktop/airflow_env/lib/python3.12/site-packages/airflow/example_dags/example_nested_branch_dag.py
[2026-06-21T15:56:21.711-0500] {processor.py:840} INFO - DAG(s) 'example_nested_branch_dag' retrieved from /Users/naga/Desktop/airflow_env/lib/python3.12/site-packages/airflow/example_dags/example_nested_branch_dag.py
[2026-06-21T15:56:21.753-0500] {logging_mixin.py:188} INFO - [2026-06-21T15:56:21.753-0500] {dag.py:3089} INFO - Sync 1 DAGs
[2026-06-21T15:56:21.761-0500] {logging_mixin.py:188} INFO - [2026-06-21T15:56:21.761-0500] {dag.py:3947} INFO - Setting next_dagrun for example_nested_branch_dag to 2026-06-20 00:00:00+00:00, run_after=2026-06-21 00:00:00+00:00
[2026-06-21T15:56:21.769-0500] {processor.py:183} INFO - Processing /Users/naga/Desktop/airflow_env/lib/python3.12/site-packages/airflow/example_dags/example_nested_branch_dag.py took 0.081 seconds
[2026-06-21T15:58:28.154-0500] {processor.py:161} INFO - Started process (PID=58189) to work on /Users/naga/Desktop/airflow_env/lib/python3.12/site-packages/airflow/example_dags/example_nested_branch_dag.py
[2026-06-21T15:58:28.155-0500] {processor.py:830} INFO - Processing file /Users/naga/Desktop/airflow_env/lib/python3.12/site-packages/airflow/example_dags/example_nested_branch_dag.py for tasks to queue
[2026-06-21T15:58:28.155-0500] {logging_mixin.py:188} INFO - [2026-06-21T15:58:28.155-0500] {dagbag.py:545} INFO - Filling up the DagBag from /Users/naga/Desktop/airflow_env/lib/python3.12/site-packages/airflow/example_dags/example_nested_branch_dag.py
[2026-06-21T15:58:28.177-0500] {processor.py:840} INFO - DAG(s) 'example_nested_branch_dag' retrieved from /Users/naga/Desktop/airflow_env/lib/python3.12/site-packages/airflow/example_dags/example_nested_branch_dag.py
[2026-06-21T15:58:28.221-0500] {logging_mixin.py:188} INFO - [2026-06-21T15:58:28.221-0500] {dag.py:3089} INFO - Sync 1 DAGs
[2026-06-21T15:58:28.228-0500] {logging_mixin.py:188} INFO - [2026-06-21T15:58:28.228-0500] {dag.py:3947} INFO - Setting next_dagrun for example_nested_branch_dag to 2026-06-20 00:00:00+00:00, run_after=2026-06-21 00:00:00+00:00
[2026-06-21T15:58:28.236-0500] {processor.py:183} INFO - Processing /Users/naga/Desktop/airflow_env/lib/python3.12/site-packages/airflow/example_dags/example_nested_branch_dag.py took 0.083 seconds
[2026-06-21T16:00:33.756-0500] {processor.py:161} INFO - Started process (PID=58303) to work on /Users/naga/Desktop/airflow_env/lib/python3.12/site-packages/airflow/example_dags/example_nested_branch_dag.py
[2026-06-21T16:00:33.757-0500] {processor.py:830} INFO - Processing file /Users/naga/Desktop/airflow_env/lib/python3.12/site-packages/airflow/example_dags/example_nested_branch_dag.py for tasks to queue
[2026-06-21T16:00:33.757-0500] {logging_mixin.py:188} INFO - [2026-06-21T16:00:33.757-0500] {dagbag.py:545} INFO - Filling up the DagBag from /Users/naga/Desktop/airflow_env/lib/python3.12/site-packages/airflow/example_dags/example_nested_branch_dag.py
[2026-06-21T16:00:33.778-0500] {processor.py:840} INFO - DAG(s) 'example_nested_branch_dag' retrieved from /Users/naga/Desktop/airflow_env/lib/python3.12/site-packages/airflow/example_dags/example_nested_branch_dag.py
[2026-06-21T16:00:33.821-0500] {logging_mixin.py:188} INFO - [2026-06-21T16:00:33.820-0500] {dag.py:3089} INFO - Sync 1 DAGs
[2026-06-21T16:00:33.828-0500] {logging_mixin.py:188} INFO - [2026-06-21T16:00:33.828-0500] {dag.py:3947} INFO - Setting next_dagrun for example_nested_branch_dag to 2026-06-20 00:00:00+00:00, run_after=2026-06-21 00:00:00+00:00
[2026-06-21T16:00:33.836-0500] {processor.py:183} INFO - Processing /Users/naga/Desktop/airflow_env/lib/python3.12/site-packages/airflow/example_dags/example_nested_branch_dag.py took 0.081 seconds
[2026-06-21T16:02:41.008-0500] {processor.py:161} INFO - Started process (PID=58432) to work on /Users/naga/Desktop/airflow_env/lib/python3.12/site-packages/airflow/example_dags/example_nested_branch_dag.py
[2026-06-21T16:02:41.009-0500] {processor.py:830} INFO - Processing file /Users/naga/Desktop/airflow_env/lib/python3.12/site-packages/airflow/example_dags/example_nested_branch_dag.py for tasks to queue
[2026-06-21T16:02:41.009-0500] {logging_mixin.py:188} INFO - [2026-06-21T16:02:41.009-0500] {dagbag.py:545} INFO - Filling up the DagBag from /Users/naga/Desktop/airflow_env/lib/python3.12/site-packages/airflow/example_dags/example_nested_branch_dag.py
[2026-06-21T16:02:41.030-0500] {processor.py:840} INFO - DAG(s) 'example_nested_branch_dag' retrieved from /Users/naga/Desktop/airflow_env/lib/python3.12/site-packages/airflow/example_dags/example_nested_branch_dag.py
[2026-06-21T16:02:41.073-0500] {logging_mixin.py:188} INFO - [2026-06-21T16:02:41.073-0500] {dag.py:3089} INFO - Sync 1 DAGs
[2026-06-21T16:02:41.081-0500] {logging_mixin.py:188} INFO - [2026-06-21T16:02:41.081-0500] {dag.py:3947} INFO - Setting next_dagrun for example_nested_branch_dag to 2026-06-20 00:00:00+00:00, run_after=2026-06-21 00:00:00+00:00
[2026-06-21T16:02:41.089-0500] {processor.py:183} INFO - Processing /Users/naga/Desktop/airflow_env/lib/python3.12/site-packages/airflow/example_dags/example_nested_branch_dag.py took 0.082 seconds
[2026-06-21T16:04:49.288-0500] {processor.py:161} INFO - Started process (PID=58586) to work on /Users/naga/Desktop/airflow_env/lib/python3.12/site-packages/airflow/example_dags/example_nested_branch_dag.py
[2026-06-21T16:04:49.289-0500] {processor.py:830} INFO - Processing file /Users/naga/Desktop/airflow_env/lib/python3.12/site-packages/airflow/example_dags/example_nested_branch_dag.py for tasks to queue
[2026-06-21T16:04:49.289-0500] {logging_mixin.py:188} INFO - [2026-06-21T16:04:49.289-0500] {dagbag.py:545} INFO - Filling up the DagBag from /Users/naga/Desktop/airflow_env/lib/python3.12/site-packages/airflow/example_dags/example_nested_branch_dag.py
[2026-06-21T16:04:49.310-0500] {processor.py:840} INFO - DAG(s) 'example_nested_branch_dag' retrieved from /Users/naga/Desktop/airflow_env/lib/python3.12/site-packages/airflow/example_dags/example_nested_branch_dag.py
[2026-06-21T16:04:49.353-0500] {logging_mixin.py:188} INFO - [2026-06-21T16:04:49.353-0500] {dag.py:3089} INFO - Sync 1 DAGs
[2026-06-21T16:04:49.360-0500] {logging_mixin.py:188} INFO - [2026-06-21T16:04:49.360-0500] {dag.py:3947} INFO - Setting next_dagrun for example_nested_branch_dag to 2026-06-20 00:00:00+00:00, run_after=2026-06-21 00:00:00+00:00
[2026-06-21T16:04:49.368-0500] {processor.py:183} INFO - Processing /Users/naga/Desktop/airflow_env/lib/python3.12/site-packages/airflow/example_dags/example_nested_branch_dag.py took 0.081 seconds
[2026-06-21T16:06:56.752-0500] {processor.py:161} INFO - Started process (PID=58699) to work on /Users/naga/Desktop/airflow_env/lib/python3.12/site-packages/airflow/example_dags/example_nested_branch_dag.py
[2026-06-21T16:06:56.757-0500] {processor.py:830} INFO - Processing file /Users/naga/Desktop/airflow_env/lib/python3.12/site-packages/airflow/example_dags/example_nested_branch_dag.py for tasks to queue
[2026-06-21T16:06:56.757-0500] {logging_mixin.py:188} INFO - [2026-06-21T16:06:56.757-0500] {dagbag.py:545} INFO - Filling up the DagBag from /Users/naga/Desktop/airflow_env/lib/python3.12/site-packages/airflow/example_dags/example_nested_branch_dag.py
[2026-06-21T16:06:56.781-0500] {processor.py:840} INFO - DAG(s) 'example_nested_branch_dag' retrieved from /Users/naga/Desktop/airflow_env/lib/python3.12/site-packages/airflow/example_dags/example_nested_branch_dag.py
[2026-06-21T16:06:56.828-0500] {logging_mixin.py:188} INFO - [2026-06-21T16:06:56.828-0500] {dag.py:3089} INFO - Sync 1 DAGs
[2026-06-21T16:06:56.838-0500] {logging_mixin.py:188} INFO - [2026-06-21T16:06:56.838-0500] {dag.py:3947} INFO - Setting next_dagrun for example_nested_branch_dag to 2026-06-20 00:00:00+00:00, run_after=2026-06-21 00:00:00+00:00
[2026-06-21T16:06:56.849-0500] {processor.py:183} INFO - Processing /Users/naga/Desktop/airflow_env/lib/python3.12/site-packages/airflow/example_dags/example_nested_branch_dag.py took 0.099 seconds
[2026-06-21T16:09:14.203-0500] {processor.py:161} INFO - Started process (PID=58830) to work on /Users/naga/Desktop/airflow_env/lib/python3.12/site-packages/airflow/example_dags/example_nested_branch_dag.py
[2026-06-21T16:09:14.204-0500] {processor.py:830} INFO - Processing file /Users/naga/Desktop/airflow_env/lib/python3.12/site-packages/airflow/example_dags/example_nested_branch_dag.py for tasks to queue
[2026-06-21T16:09:14.204-0500] {logging_mixin.py:188} INFO - [2026-06-21T16:09:14.204-0500] {dagbag.py:545} INFO - Filling up the DagBag from /Users/naga/Desktop/airflow_env/lib/python3.12/site-packages/airflow/example_dags/example_nested_branch_dag.py
[2026-06-21T16:09:14.227-0500] {processor.py:840} INFO - DAG(s) 'example_nested_branch_dag' retrieved from /Users/naga/Desktop/airflow_env/lib/python3.12/site-packages/airflow/example_dags/example_nested_branch_dag.py
[2026-06-21T16:09:14.274-0500] {logging_mixin.py:188} INFO - [2026-06-21T16:09:14.273-0500] {dag.py:3089} INFO - Sync 1 DAGs
[2026-06-21T16:09:14.281-0500] {logging_mixin.py:188} INFO - [2026-06-21T16:09:14.281-0500] {dag.py:3947} INFO - Setting next_dagrun for example_nested_branch_dag to 2026-06-20 00:00:00+00:00, run_after=2026-06-21 00:00:00+00:00
[2026-06-21T16:09:14.290-0500] {processor.py:183} INFO - Processing /Users/naga/Desktop/airflow_env/lib/python3.12/site-packages/airflow/example_dags/example_nested_branch_dag.py took 0.089 seconds
[2026-06-21T16:11:25.154-0500] {processor.py:161} INFO - Started process (PID=58963) to work on /Users/naga/Desktop/airflow_env/lib/python3.12/site-packages/airflow/example_dags/example_nested_branch_dag.py
[2026-06-21T16:11:25.154-0500] {processor.py:830} INFO - Processing file /Users/naga/Desktop/airflow_env/lib/python3.12/site-packages/airflow/example_dags/example_nested_branch_dag.py for tasks to queue
[2026-06-21T16:11:25.155-0500] {logging_mixin.py:188} INFO - [2026-06-21T16:11:25.155-0500] {dagbag.py:545} INFO - Filling up the DagBag from /Users/naga/Desktop/airflow_env/lib/python3.12/site-packages/airflow/example_dags/example_nested_branch_dag.py
[2026-06-21T16:11:25.177-0500] {processor.py:840} INFO - DAG(s) 'example_nested_branch_dag' retrieved from /Users/naga/Desktop/airflow_env/lib/python3.12/site-packages/airflow/example_dags/example_nested_branch_dag.py
[2026-06-21T16:11:25.224-0500] {logging_mixin.py:188} INFO - [2026-06-21T16:11:25.223-0500] {dag.py:3089} INFO - Sync 1 DAGs
[2026-06-21T16:11:25.232-0500] {logging_mixin.py:188} INFO - [2026-06-21T16:11:25.232-0500] {dag.py:3947} INFO - Setting next_dagrun for example_nested_branch_dag to 2026-06-20 00:00:00+00:00, run_after=2026-06-21 00:00:00+00:00
[2026-06-21T16:11:25.240-0500] {processor.py:183} INFO - Processing /Users/naga/Desktop/airflow_env/lib/python3.12/site-packages/airflow/example_dags/example_nested_branch_dag.py took 0.088 seconds
[2026-06-21T16:13:38.803-0500] {processor.py:161} INFO - Started process (PID=59090) to work on /Users/naga/Desktop/airflow_env/lib/python3.12/site-packages/airflow/example_dags/example_nested_branch_dag.py
[2026-06-21T16:13:38.805-0500] {processor.py:830} INFO - Processing file /Users/naga/Desktop/airflow_env/lib/python3.12/site-packages/airflow/example_dags/example_nested_branch_dag.py for tasks to queue
[2026-06-21T16:13:38.805-0500] {logging_mixin.py:188} INFO - [2026-06-21T16:13:38.805-0500] {dagbag.py:545} INFO - Filling up the DagBag from /Users/naga/Desktop/airflow_env/lib/python3.12/site-packages/airflow/example_dags/example_nested_branch_dag.py
[2026-06-21T16:13:38.828-0500] {processor.py:840} INFO - DAG(s) 'example_nested_branch_dag' retrieved from /Users/naga/Desktop/airflow_env/lib/python3.12/site-packages/airflow/example_dags/example_nested_branch_dag.py
[2026-06-21T16:13:38.875-0500] {logging_mixin.py:188} INFO - [2026-06-21T16:13:38.875-0500] {dag.py:3089} INFO - Sync 1 DAGs
[2026-06-21T16:13:38.884-0500] {logging_mixin.py:188} INFO - [2026-06-21T16:13:38.883-0500] {dag.py:3947} INFO - Setting next_dagrun for example_nested_branch_dag to 2026-06-20 00:00:00+00:00, run_after=2026-06-21 00:00:00+00:00
[2026-06-21T16:13:38.892-0500] {processor.py:183} INFO - Processing /Users/naga/Desktop/airflow_env/lib/python3.12/site-packages/airflow/example_dags/example_nested_branch_dag.py took 0.090 seconds
[2026-06-21T16:15:49.087-0500] {processor.py:161} INFO - Started process (PID=59221) to work on /Users/naga/Desktop/airflow_env/lib/python3.12/site-packages/airflow/example_dags/example_nested_branch_dag.py
[2026-06-21T16:15:49.087-0500] {processor.py:830} INFO - Processing file /Users/naga/Desktop/airflow_env/lib/python3.12/site-packages/airflow/example_dags/example_nested_branch_dag.py for tasks to queue
[2026-06-21T16:15:49.088-0500] {logging_mixin.py:188} INFO - [2026-06-21T16:15:49.088-0500] {dagbag.py:545} INFO - Filling up the DagBag from /Users/naga/Desktop/airflow_env/lib/python3.12/site-packages/airflow/example_dags/example_nested_branch_dag.py
[2026-06-21T16:15:49.111-0500] {processor.py:840} INFO - DAG(s) 'example_nested_branch_dag' retrieved from /Users/naga/Desktop/airflow_env/lib/python3.12/site-packages/airflow/example_dags/example_nested_branch_dag.py
[2026-06-21T16:15:49.160-0500] {logging_mixin.py:188} INFO - [2026-06-21T16:15:49.160-0500] {dag.py:3089} INFO - Sync 1 DAGs
[2026-06-21T16:15:49.168-0500] {logging_mixin.py:188} INFO - [2026-06-21T16:15:49.168-0500] {dag.py:3947} INFO - Setting next_dagrun for example_nested_branch_dag to 2026-06-20 00:00:00+00:00, run_after=2026-06-21 00:00:00+00:00
[2026-06-21T16:15:49.177-0500] {processor.py:183} INFO - Processing /Users/naga/Desktop/airflow_env/lib/python3.12/site-packages/airflow/example_dags/example_nested_branch_dag.py took 0.091 seconds
[2026-06-21T16:18:00.465-0500] {processor.py:161} INFO - Started process (PID=59342) to work on /Users/naga/Desktop/airflow_env/lib/python3.12/site-packages/airflow/example_dags/example_nested_branch_dag.py
[2026-06-21T16:18:00.467-0500] {processor.py:830} INFO - Processing file /Users/naga/Desktop/airflow_env/lib/python3.12/site-packages/airflow/example_dags/example_nested_branch_dag.py for tasks to queue
[2026-06-21T16:18:00.467-0500] {logging_mixin.py:188} INFO - [2026-06-21T16:18:00.467-0500] {dagbag.py:545} INFO - Filling up the DagBag from /Users/naga/Desktop/airflow_env/lib/python3.12/site-packages/airflow/example_dags/example_nested_branch_dag.py
[2026-06-21T16:18:00.490-0500] {processor.py:840} INFO - DAG(s) 'example_nested_branch_dag' retrieved from /Users/naga/Desktop/airflow_env/lib/python3.12/site-packages/airflow/example_dags/example_nested_branch_dag.py
[2026-06-21T16:18:00.536-0500] {logging_mixin.py:188} INFO - [2026-06-21T16:18:00.536-0500] {dag.py:3089} INFO - Sync 1 DAGs
[2026-06-21T16:18:00.544-0500] {logging_mixin.py:188} INFO - [2026-06-21T16:18:00.544-0500] {dag.py:3947} INFO - Setting next_dagrun for example_nested_branch_dag to 2026-06-20 00:00:00+00:00, run_after=2026-06-21 00:00:00+00:00
[2026-06-21T16:18:00.553-0500] {processor.py:183} INFO - Processing /Users/naga/Desktop/airflow_env/lib/python3.12/site-packages/airflow/example_dags/example_nested_branch_dag.py took 0.089 seconds
[2026-06-21T16:20:12.004-0500] {processor.py:161} INFO - Started process (PID=59467) to work on /Users/naga/Desktop/airflow_env/lib/python3.12/site-packages/airflow/example_dags/example_nested_branch_dag.py
[2026-06-21T16:20:12.005-0500] {processor.py:830} INFO - Processing file /Users/naga/Desktop/airflow_env/lib/python3.12/site-packages/airflow/example_dags/example_nested_branch_dag.py for tasks to queue
[2026-06-21T16:20:12.005-0500] {logging_mixin.py:188} INFO - [2026-06-21T16:20:12.005-0500] {dagbag.py:545} INFO - Filling up the DagBag from /Users/naga/Desktop/airflow_env/lib/python3.12/site-packages/airflow/example_dags/example_nested_branch_dag.py
[2026-06-21T16:20:12.028-0500] {processor.py:840} INFO - DAG(s) 'example_nested_branch_dag' retrieved from /Users/naga/Desktop/airflow_env/lib/python3.12/site-packages/airflow/example_dags/example_nested_branch_dag.py
[2026-06-21T16:20:12.074-0500] {logging_mixin.py:188} INFO - [2026-06-21T16:20:12.074-0500] {dag.py:3089} INFO - Sync 1 DAGs
[2026-06-21T16:20:12.083-0500] {logging_mixin.py:188} INFO - [2026-06-21T16:20:12.083-0500] {dag.py:3947} INFO - Setting next_dagrun for example_nested_branch_dag to 2026-06-20 00:00:00+00:00, run_after=2026-06-21 00:00:00+00:00
[2026-06-21T16:20:12.091-0500] {processor.py:183} INFO - Processing /Users/naga/Desktop/airflow_env/lib/python3.12/site-packages/airflow/example_dags/example_nested_branch_dag.py took 0.089 seconds
[2026-06-21T16:22:20.687-0500] {processor.py:161} INFO - Started process (PID=59619) to work on /Users/naga/Desktop/airflow_env/lib/python3.12/site-packages/airflow/example_dags/example_nested_branch_dag.py
[2026-06-21T16:22:20.688-0500] {processor.py:830} INFO - Processing file /Users/naga/Desktop/airflow_env/lib/python3.12/site-packages/airflow/example_dags/example_nested_branch_dag.py for tasks to queue
[2026-06-21T16:22:20.688-0500] {logging_mixin.py:188} INFO - [2026-06-21T16:22:20.688-0500] {dagbag.py:545} INFO - Filling up the DagBag from /Users/naga/Desktop/airflow_env/lib/python3.12/site-packages/airflow/example_dags/example_nested_branch_dag.py
[2026-06-21T16:22:20.711-0500] {processor.py:840} INFO - DAG(s) 'example_nested_branch_dag' retrieved from /Users/naga/Desktop/airflow_env/lib/python3.12/site-packages/airflow/example_dags/example_nested_branch_dag.py
[2026-06-21T16:22:20.759-0500] {logging_mixin.py:188} INFO - [2026-06-21T16:22:20.758-0500] {dag.py:3089} INFO - Sync 1 DAGs
[2026-06-21T16:22:20.768-0500] {logging_mixin.py:188} INFO - [2026-06-21T16:22:20.767-0500] {dag.py:3947} INFO - Setting next_dagrun for example_nested_branch_dag to 2026-06-20 00:00:00+00:00, run_after=2026-06-21 00:00:00+00:00
[2026-06-21T16:22:20.777-0500] {processor.py:183} INFO - Processing /Users/naga/Desktop/airflow_env/lib/python3.12/site-packages/airflow/example_dags/example_nested_branch_dag.py took 0.092 seconds
[2026-06-21T16:24:28.677-0500] {processor.py:161} INFO - Started process (PID=59744) to work on /Users/naga/Desktop/airflow_env/lib/python3.12/site-packages/airflow/example_dags/example_nested_branch_dag.py
[2026-06-21T16:24:28.681-0500] {processor.py:830} INFO - Processing file /Users/naga/Desktop/airflow_env/lib/python3.12/site-packages/airflow/example_dags/example_nested_branch_dag.py for tasks to queue
[2026-06-21T16:24:28.681-0500] {logging_mixin.py:188} INFO - [2026-06-21T16:24:28.681-0500] {dagbag.py:545} INFO - Filling up the DagBag from /Users/naga/Desktop/airflow_env/lib/python3.12/site-packages/airflow/example_dags/example_nested_branch_dag.py
[2026-06-21T16:24:28.708-0500] {processor.py:840} INFO - DAG(s) 'example_nested_branch_dag' retrieved from /Users/naga/Desktop/airflow_env/lib/python3.12/site-packages/airflow/example_dags/example_nested_branch_dag.py
[2026-06-21T16:24:28.752-0500] {logging_mixin.py:188} INFO - [2026-06-21T16:24:28.752-0500] {dag.py:3089} INFO - Sync 1 DAGs
[2026-06-21T16:24:28.763-0500] {logging_mixin.py:188} INFO - [2026-06-21T16:24:28.763-0500] {dag.py:3947} INFO - Setting next_dagrun for example_nested_branch_dag to 2026-06-20 00:00:00+00:00, run_after=2026-06-21 00:00:00+00:00
[2026-06-21T16:24:28.771-0500] {processor.py:183} INFO - Processing /Users/naga/Desktop/airflow_env/lib/python3.12/site-packages/airflow/example_dags/example_nested_branch_dag.py took 0.095 seconds
[2026-06-21T16:26:47.256-0500] {processor.py:161} INFO - Started process (PID=59902) to work on /Users/naga/Desktop/airflow_env/lib/python3.12/site-packages/airflow/example_dags/example_nested_branch_dag.py
[2026-06-21T16:26:47.257-0500] {processor.py:830} INFO - Processing file /Users/naga/Desktop/airflow_env/lib/python3.12/site-packages/airflow/example_dags/example_nested_branch_dag.py for tasks to queue
[2026-06-21T16:26:47.258-0500] {logging_mixin.py:188} INFO - [2026-06-21T16:26:47.258-0500] {dagbag.py:545} INFO - Filling up the DagBag from /Users/naga/Desktop/airflow_env/lib/python3.12/site-packages/airflow/example_dags/example_nested_branch_dag.py
[2026-06-21T16:26:47.282-0500] {processor.py:840} INFO - DAG(s) 'example_nested_branch_dag' retrieved from /Users/naga/Desktop/airflow_env/lib/python3.12/site-packages/airflow/example_dags/example_nested_branch_dag.py
[2026-06-21T16:26:47.334-0500] {logging_mixin.py:188} INFO - [2026-06-21T16:26:47.333-0500] {dag.py:3089} INFO - Sync 1 DAGs
[2026-06-21T16:26:47.342-0500] {logging_mixin.py:188} INFO - [2026-06-21T16:26:47.342-0500] {dag.py:3947} INFO - Setting next_dagrun for example_nested_branch_dag to 2026-06-20 00:00:00+00:00, run_after=2026-06-21 00:00:00+00:00
[2026-06-21T16:26:47.353-0500] {processor.py:183} INFO - Processing /Users/naga/Desktop/airflow_env/lib/python3.12/site-packages/airflow/example_dags/example_nested_branch_dag.py took 0.098 seconds
[2026-06-21T16:28:58.392-0500] {processor.py:161} INFO - Started process (PID=60039) to work on /Users/naga/Desktop/airflow_env/lib/python3.12/site-packages/airflow/example_dags/example_nested_branch_dag.py
[2026-06-21T16:28:58.393-0500] {processor.py:830} INFO - Processing file /Users/naga/Desktop/airflow_env/lib/python3.12/site-packages/airflow/example_dags/example_nested_branch_dag.py for tasks to queue
[2026-06-21T16:28:58.393-0500] {logging_mixin.py:188} INFO - [2026-06-21T16:28:58.393-0500] {dagbag.py:545} INFO - Filling up the DagBag from /Users/naga/Desktop/airflow_env/lib/python3.12/site-packages/airflow/example_dags/example_nested_branch_dag.py
[2026-06-21T16:28:58.414-0500] {processor.py:840} INFO - DAG(s) 'example_nested_branch_dag' retrieved from /Users/naga/Desktop/airflow_env/lib/python3.12/site-packages/airflow/example_dags/example_nested_branch_dag.py
[2026-06-21T16:28:58.457-0500] {logging_mixin.py:188} INFO - [2026-06-21T16:28:58.457-0500] {dag.py:3089} INFO - Sync 1 DAGs
[2026-06-21T16:28:58.465-0500] {logging_mixin.py:188} INFO - [2026-06-21T16:28:58.465-0500] {dag.py:3947} INFO - Setting next_dagrun for example_nested_branch_dag to 2026-06-20 00:00:00+00:00, run_after=2026-06-21 00:00:00+00:00
[2026-06-21T16:28:58.473-0500] {processor.py:183} INFO - Processing /Users/naga/Desktop/airflow_env/lib/python3.12/site-packages/airflow/example_dags/example_nested_branch_dag.py took 0.082 seconds
[2026-06-21T16:31:05.277-0500] {processor.py:161} INFO - Started process (PID=60148) to work on /Users/naga/Desktop/airflow_env/lib/python3.12/site-packages/airflow/example_dags/example_nested_branch_dag.py
[2026-06-21T16:31:05.278-0500] {processor.py:830} INFO - Processing file /Users/naga/Desktop/airflow_env/lib/python3.12/site-packages/airflow/example_dags/example_nested_branch_dag.py for tasks to queue
[2026-06-21T16:31:05.278-0500] {logging_mixin.py:188} INFO - [2026-06-21T16:31:05.278-0500] {dagbag.py:545} INFO - Filling up the DagBag from /Users/naga/Desktop/airflow_env/lib/python3.12/site-packages/airflow/example_dags/example_nested_branch_dag.py
[2026-06-21T16:31:05.299-0500] {processor.py:840} INFO - DAG(s) 'example_nested_branch_dag' retrieved from /Users/naga/Desktop/airflow_env/lib/python3.12/site-packages/airflow/example_dags/example_nested_branch_dag.py
[2026-06-21T16:31:05.342-0500] {logging_mixin.py:188} INFO - [2026-06-21T16:31:05.342-0500] {dag.py:3089} INFO - Sync 1 DAGs
[2026-06-21T16:31:05.350-0500] {logging_mixin.py:188} INFO - [2026-06-21T16:31:05.350-0500] {dag.py:3947} INFO - Setting next_dagrun for example_nested_branch_dag to 2026-06-20 00:00:00+00:00, run_after=2026-06-21 00:00:00+00:00
[2026-06-21T16:31:05.358-0500] {processor.py:183} INFO - Processing /Users/naga/Desktop/airflow_env/lib/python3.12/site-packages/airflow/example_dags/example_nested_branch_dag.py took 0.082 seconds
[2026-06-21T16:33:08.975-0500] {processor.py:161} INFO - Started process (PID=60304) to work on /Users/naga/Desktop/airflow_env/lib/python3.12/site-packages/airflow/example_dags/example_nested_branch_dag.py
[2026-06-21T16:33:08.976-0500] {processor.py:830} INFO - Processing file /Users/naga/Desktop/airflow_env/lib/python3.12/site-packages/airflow/example_dags/example_nested_branch_dag.py for tasks to queue
[2026-06-21T16:33:08.977-0500] {logging_mixin.py:188} INFO - [2026-06-21T16:33:08.976-0500] {dagbag.py:545} INFO - Filling up the DagBag from /Users/naga/Desktop/airflow_env/lib/python3.12/site-packages/airflow/example_dags/example_nested_branch_dag.py
[2026-06-21T16:33:08.998-0500] {processor.py:840} INFO - DAG(s) 'example_nested_branch_dag' retrieved from /Users/naga/Desktop/airflow_env/lib/python3.12/site-packages/airflow/example_dags/example_nested_branch_dag.py
[2026-06-21T16:33:09.044-0500] {logging_mixin.py:188} INFO - [2026-06-21T16:33:09.044-0500] {dag.py:3089} INFO - Sync 1 DAGs
[2026-06-21T16:33:09.052-0500] {logging_mixin.py:188} INFO - [2026-06-21T16:33:09.052-0500] {dag.py:3947} INFO - Setting next_dagrun for example_nested_branch_dag to 2026-06-20 00:00:00+00:00, run_after=2026-06-21 00:00:00+00:00
[2026-06-21T16:33:09.061-0500] {processor.py:183} INFO - Processing /Users/naga/Desktop/airflow_env/lib/python3.12/site-packages/airflow/example_dags/example_nested_branch_dag.py took 0.087 seconds
[2026-06-21T16:35:15.574-0500] {processor.py:161} INFO - Started process (PID=60421) to work on /Users/naga/Desktop/airflow_env/lib/python3.12/site-packages/airflow/example_dags/example_nested_branch_dag.py
[2026-06-21T16:35:15.575-0500] {processor.py:830} INFO - Processing file /Users/naga/Desktop/airflow_env/lib/python3.12/site-packages/airflow/example_dags/example_nested_branch_dag.py for tasks to queue
[2026-06-21T16:35:15.575-0500] {logging_mixin.py:188} INFO - [2026-06-21T16:35:15.575-0500] {dagbag.py:545} INFO - Filling up the DagBag from /Users/naga/Desktop/airflow_env/lib/python3.12/site-packages/airflow/example_dags/example_nested_branch_dag.py
[2026-06-21T16:35:15.596-0500] {processor.py:840} INFO - DAG(s) 'example_nested_branch_dag' retrieved from /Users/naga/Desktop/airflow_env/lib/python3.12/site-packages/airflow/example_dags/example_nested_branch_dag.py
[2026-06-21T16:35:15.642-0500] {logging_mixin.py:188} INFO - [2026-06-21T16:35:15.642-0500] {dag.py:3089} INFO - Sync 1 DAGs
[2026-06-21T16:35:15.650-0500] {logging_mixin.py:188} INFO - [2026-06-21T16:35:15.650-0500] {dag.py:3947} INFO - Setting next_dagrun for example_nested_branch_dag to 2026-06-20 00:00:00+00:00, run_after=2026-06-21 00:00:00+00:00
[2026-06-21T16:35:15.658-0500] {processor.py:183} INFO - Processing /Users/naga/Desktop/airflow_env/lib/python3.12/site-packages/airflow/example_dags/example_nested_branch_dag.py took 0.085 seconds
[2026-06-21T16:37:18.812-0500] {processor.py:161} INFO - Started process (PID=60560) to work on /Users/naga/Desktop/airflow_env/lib/python3.12/site-packages/airflow/example_dags/example_nested_branch_dag.py
[2026-06-21T16:37:18.814-0500] {processor.py:830} INFO - Processing file /Users/naga/Desktop/airflow_env/lib/python3.12/site-packages/airflow/example_dags/example_nested_branch_dag.py for tasks to queue
[2026-06-21T16:37:18.814-0500] {logging_mixin.py:188} INFO - [2026-06-21T16:37:18.814-0500] {dagbag.py:545} INFO - Filling up the DagBag from /Users/naga/Desktop/airflow_env/lib/python3.12/site-packages/airflow/example_dags/example_nested_branch_dag.py
[2026-06-21T16:37:18.835-0500] {processor.py:840} INFO - DAG(s) 'example_nested_branch_dag' retrieved from /Users/naga/Desktop/airflow_env/lib/python3.12/site-packages/airflow/example_dags/example_nested_branch_dag.py
[2026-06-21T16:37:18.878-0500] {logging_mixin.py:188} INFO - [2026-06-21T16:37:18.878-0500] {dag.py:3089} INFO - Sync 1 DAGs
[2026-06-21T16:37:18.886-0500] {logging_mixin.py:188} INFO - [2026-06-21T16:37:18.885-0500] {dag.py:3947} INFO - Setting next_dagrun for example_nested_branch_dag to 2026-06-20 00:00:00+00:00, run_after=2026-06-21 00:00:00+00:00
[2026-06-21T16:37:18.894-0500] {processor.py:183} INFO - Processing /Users/naga/Desktop/airflow_env/lib/python3.12/site-packages/airflow/example_dags/example_nested_branch_dag.py took 0.083 seconds
[2026-06-21T16:39:24.295-0500] {processor.py:161} INFO - Started process (PID=60679) to work on /Users/naga/Desktop/airflow_env/lib/python3.12/site-packages/airflow/example_dags/example_nested_branch_dag.py
[2026-06-21T16:39:24.296-0500] {processor.py:830} INFO - Processing file /Users/naga/Desktop/airflow_env/lib/python3.12/site-packages/airflow/example_dags/example_nested_branch_dag.py for tasks to queue
[2026-06-21T16:39:24.296-0500] {logging_mixin.py:188} INFO - [2026-06-21T16:39:24.296-0500] {dagbag.py:545} INFO - Filling up the DagBag from /Users/naga/Desktop/airflow_env/lib/python3.12/site-packages/airflow/example_dags/example_nested_branch_dag.py
[2026-06-21T16:39:24.318-0500] {processor.py:840} INFO - DAG(s) 'example_nested_branch_dag' retrieved from /Users/naga/Desktop/airflow_env/lib/python3.12/site-packages/airflow/example_dags/example_nested_branch_dag.py
[2026-06-21T16:39:24.362-0500] {logging_mixin.py:188} INFO - [2026-06-21T16:39:24.362-0500] {dag.py:3089} INFO - Sync 1 DAGs
[2026-06-21T16:39:24.370-0500] {logging_mixin.py:188} INFO - [2026-06-21T16:39:24.369-0500] {dag.py:3947} INFO - Setting next_dagrun for example_nested_branch_dag to 2026-06-20 00:00:00+00:00, run_after=2026-06-21 00:00:00+00:00
[2026-06-21T16:39:24.378-0500] {processor.py:183} INFO - Processing /Users/naga/Desktop/airflow_env/lib/python3.12/site-packages/airflow/example_dags/example_nested_branch_dag.py took 0.085 seconds
[2026-06-21T16:43:14.016-0500] {processor.py:161} INFO - Started process (PID=60861) to work on /Users/naga/Desktop/airflow_env/lib/python3.12/site-packages/airflow/example_dags/example_nested_branch_dag.py
[2026-06-21T16:43:14.017-0500] {processor.py:830} INFO - Processing file /Users/naga/Desktop/airflow_env/lib/python3.12/site-packages/airflow/example_dags/example_nested_branch_dag.py for tasks to queue
[2026-06-21T16:43:14.018-0500] {logging_mixin.py:188} INFO - [2026-06-21T16:43:14.018-0500] {dagbag.py:545} INFO - Filling up the DagBag from /Users/naga/Desktop/airflow_env/lib/python3.12/site-packages/airflow/example_dags/example_nested_branch_dag.py
[2026-06-21T16:43:14.053-0500] {processor.py:840} INFO - DAG(s) 'example_nested_branch_dag' retrieved from /Users/naga/Desktop/airflow_env/lib/python3.12/site-packages/airflow/example_dags/example_nested_branch_dag.py
[2026-06-21T16:43:14.128-0500] {logging_mixin.py:188} INFO - [2026-06-21T16:43:14.128-0500] {dag.py:3089} INFO - Sync 1 DAGs
[2026-06-21T16:43:14.141-0500] {logging_mixin.py:188} INFO - [2026-06-21T16:43:14.141-0500] {dag.py:3947} INFO - Setting next_dagrun for example_nested_branch_dag to 2026-06-20 00:00:00+00:00, run_after=2026-06-21 00:00:00+00:00
[2026-06-21T16:43:14.154-0500] {processor.py:183} INFO - Processing /Users/naga/Desktop/airflow_env/lib/python3.12/site-packages/airflow/example_dags/example_nested_branch_dag.py took 0.141 seconds
[2026-06-21T16:45:07.428-0500] {processor.py:161} INFO - Started process (PID=60951) to work on /Users/naga/Desktop/airflow_env/lib/python3.12/site-packages/airflow/example_dags/example_nested_branch_dag.py
[2026-06-21T16:45:07.432-0500] {processor.py:830} INFO - Processing file /Users/naga/Desktop/airflow_env/lib/python3.12/site-packages/airflow/example_dags/example_nested_branch_dag.py for tasks to queue
[2026-06-21T16:45:07.432-0500] {logging_mixin.py:188} INFO - [2026-06-21T16:45:07.432-0500] {dagbag.py:545} INFO - Filling up the DagBag from /Users/naga/Desktop/airflow_env/lib/python3.12/site-packages/airflow/example_dags/example_nested_branch_dag.py
[2026-06-21T16:45:07.468-0500] {processor.py:840} INFO - DAG(s) 'example_nested_branch_dag' retrieved from /Users/naga/Desktop/airflow_env/lib/python3.12/site-packages/airflow/example_dags/example_nested_branch_dag.py
[2026-06-21T16:45:07.541-0500] {logging_mixin.py:188} INFO - [2026-06-21T16:45:07.541-0500] {dag.py:3089} INFO - Sync 1 DAGs
[2026-06-21T16:45:07.554-0500] {logging_mixin.py:188} INFO - [2026-06-21T16:45:07.554-0500] {dag.py:3947} INFO - Setting next_dagrun for example_nested_branch_dag to 2026-06-20 00:00:00+00:00, run_after=2026-06-21 00:00:00+00:00
[2026-06-21T16:45:07.567-0500] {processor.py:183} INFO - Processing /Users/naga/Desktop/airflow_env/lib/python3.12/site-packages/airflow/example_dags/example_nested_branch_dag.py took 0.141 seconds
[2026-06-21T18:45:19.853-0500] {processor.py:161} INFO - Started process (PID=61132) to work on /Users/naga/Desktop/airflow_env/lib/python3.12/site-packages/airflow/example_dags/example_nested_branch_dag.py
[2026-06-21T18:45:19.854-0500] {processor.py:830} INFO - Processing file /Users/naga/Desktop/airflow_env/lib/python3.12/site-packages/airflow/example_dags/example_nested_branch_dag.py for tasks to queue
[2026-06-21T18:45:19.854-0500] {logging_mixin.py:188} INFO - [2026-06-21T18:45:19.854-0500] {dagbag.py:545} INFO - Filling up the DagBag from /Users/naga/Desktop/airflow_env/lib/python3.12/site-packages/airflow/example_dags/example_nested_branch_dag.py
[2026-06-21T18:45:19.890-0500] {processor.py:840} INFO - DAG(s) 'example_nested_branch_dag' retrieved from /Users/naga/Desktop/airflow_env/lib/python3.12/site-packages/airflow/example_dags/example_nested_branch_dag.py
[2026-06-21T18:45:19.963-0500] {logging_mixin.py:188} INFO - [2026-06-21T18:45:19.963-0500] {dag.py:3089} INFO - Sync 1 DAGs
[2026-06-21T18:45:19.976-0500] {logging_mixin.py:188} INFO - [2026-06-21T18:45:19.976-0500] {dag.py:3947} INFO - Setting next_dagrun for example_nested_branch_dag to 2026-06-20 00:00:00+00:00, run_after=2026-06-21 00:00:00+00:00
[2026-06-21T18:45:19.989-0500] {processor.py:183} INFO - Processing /Users/naga/Desktop/airflow_env/lib/python3.12/site-packages/airflow/example_dags/example_nested_branch_dag.py took 0.139 seconds
[2026-06-21T18:57:22.103-0500] {processor.py:161} INFO - Started process (PID=61360) to work on /Users/naga/Desktop/airflow_env/lib/python3.12/site-packages/airflow/example_dags/example_nested_branch_dag.py
[2026-06-21T18:57:22.105-0500] {processor.py:830} INFO - Processing file /Users/naga/Desktop/airflow_env/lib/python3.12/site-packages/airflow/example_dags/example_nested_branch_dag.py for tasks to queue
[2026-06-21T18:57:22.105-0500] {logging_mixin.py:188} INFO - [2026-06-21T18:57:22.105-0500] {dagbag.py:545} INFO - Filling up the DagBag from /Users/naga/Desktop/airflow_env/lib/python3.12/site-packages/airflow/example_dags/example_nested_branch_dag.py
[2026-06-21T18:57:22.140-0500] {processor.py:840} INFO - DAG(s) 'example_nested_branch_dag' retrieved from /Users/naga/Desktop/airflow_env/lib/python3.12/site-packages/airflow/example_dags/example_nested_branch_dag.py
[2026-06-21T18:57:22.215-0500] {logging_mixin.py:188} INFO - [2026-06-21T18:57:22.215-0500] {dag.py:3089} INFO - Sync 1 DAGs
[2026-06-21T18:57:22.229-0500] {logging_mixin.py:188} INFO - [2026-06-21T18:57:22.228-0500] {dag.py:3947} INFO - Setting next_dagrun for example_nested_branch_dag to 2026-06-20 00:00:00+00:00, run_after=2026-06-21 00:00:00+00:00
[2026-06-21T18:57:22.242-0500] {processor.py:183} INFO - Processing /Users/naga/Desktop/airflow_env/lib/python3.12/site-packages/airflow/example_dags/example_nested_branch_dag.py took 0.140 seconds
