[2026-06-21T14:45:25.231-0500] {processor.py:161} INFO - Started process (PID=54351) to work on /Users/naga/Desktop/airflow_env/lib/python3.12/site-packages/airflow/example_dags/example_branch_python_dop_operator_3.py
[2026-06-21T14:45:25.232-0500] {processor.py:830} INFO - Processing file /Users/naga/Desktop/airflow_env/lib/python3.12/site-packages/airflow/example_dags/example_branch_python_dop_operator_3.py for tasks to queue
[2026-06-21T14:45:25.232-0500] {logging_mixin.py:188} INFO - [2026-06-21T14:45:25.232-0500] {dagbag.py:545} INFO - Filling up the DagBag from /Users/naga/Desktop/airflow_env/lib/python3.12/site-packages/airflow/example_dags/example_branch_python_dop_operator_3.py
[2026-06-21T14:45:25.268-0500] {processor.py:840} INFO - DAG(s) 'example_branch_dop_operator_v3' retrieved from /Users/naga/Desktop/airflow_env/lib/python3.12/site-packages/airflow/example_dags/example_branch_python_dop_operator_3.py
[2026-06-21T14:45:25.402-0500] {logging_mixin.py:188} INFO - [2026-06-21T14:45:25.402-0500] {override.py:1858} INFO - Created Permission View: can edit on DAG:example_branch_dop_operator_v3
[2026-06-21T14:45:25.408-0500] {logging_mixin.py:188} INFO - [2026-06-21T14:45:25.408-0500] {override.py:1858} INFO - Created Permission View: can read on DAG:example_branch_dop_operator_v3
[2026-06-21T14:45:25.412-0500] {logging_mixin.py:188} INFO - [2026-06-21T14:45:25.412-0500] {override.py:1858} INFO - Created Permission View: can delete on DAG:example_branch_dop_operator_v3
[2026-06-21T14:45:25.413-0500] {logging_mixin.py:188} INFO - [2026-06-21T14:45:25.412-0500] {dag.py:3089} INFO - Sync 1 DAGs
[2026-06-21T14:45:25.421-0500] {logging_mixin.py:188} INFO - [2026-06-21T14:45:25.421-0500] {dag.py:3111} INFO - Creating ORM DAG for example_branch_dop_operator_v3
[2026-06-21T14:45:25.430-0500] {logging_mixin.py:188} INFO - [2026-06-21T14:45:25.429-0500] {dag.py:3947} INFO - Setting next_dagrun for example_branch_dop_operator_v3 to 2026-06-21 19:44:00+00:00, run_after=2026-06-21 19:45:00+00:00
[2026-06-21T14:45:25.442-0500] {processor.py:183} INFO - Processing /Users/naga/Desktop/airflow_env/lib/python3.12/site-packages/airflow/example_dags/example_branch_python_dop_operator_3.py took 0.214 seconds
[2026-06-21T14:48:31.222-0500] {processor.py:161} INFO - Started process (PID=54522) to work on /Users/naga/Desktop/airflow_env/lib/python3.12/site-packages/airflow/example_dags/example_branch_python_dop_operator_3.py
[2026-06-21T14:48:31.223-0500] {processor.py:830} INFO - Processing file /Users/naga/Desktop/airflow_env/lib/python3.12/site-packages/airflow/example_dags/example_branch_python_dop_operator_3.py for tasks to queue
[2026-06-21T14:48:31.224-0500] {logging_mixin.py:188} INFO - [2026-06-21T14:48:31.224-0500] {dagbag.py:545} INFO - Filling up the DagBag from /Users/naga/Desktop/airflow_env/lib/python3.12/site-packages/airflow/example_dags/example_branch_python_dop_operator_3.py
[2026-06-21T14:48:31.260-0500] {processor.py:840} INFO - DAG(s) 'example_branch_dop_operator_v3' retrieved from /Users/naga/Desktop/airflow_env/lib/python3.12/site-packages/airflow/example_dags/example_branch_python_dop_operator_3.py
[2026-06-21T14:48:31.331-0500] {logging_mixin.py:188} INFO - [2026-06-21T14:48:31.330-0500] {dag.py:3089} INFO - Sync 1 DAGs
[2026-06-21T14:48:31.346-0500] {logging_mixin.py:188} INFO - [2026-06-21T14:48:31.346-0500] {dag.py:3947} INFO - Setting next_dagrun for example_branch_dop_operator_v3 to 2026-06-21 19:47:00+00:00, run_after=2026-06-21 19:48:00+00:00
[2026-06-21T14:48:31.359-0500] {processor.py:183} INFO - Processing /Users/naga/Desktop/airflow_env/lib/python3.12/site-packages/airflow/example_dags/example_branch_python_dop_operator_3.py took 0.139 seconds
[2026-06-21T14:51:27.083-0500] {processor.py:161} INFO - Started process (PID=54712) to work on /Users/naga/Desktop/airflow_env/lib/python3.12/site-packages/airflow/example_dags/example_branch_python_dop_operator_3.py
[2026-06-21T14:51:27.084-0500] {processor.py:830} INFO - Processing file /Users/naga/Desktop/airflow_env/lib/python3.12/site-packages/airflow/example_dags/example_branch_python_dop_operator_3.py for tasks to queue
[2026-06-21T14:51:27.085-0500] {logging_mixin.py:188} INFO - [2026-06-21T14:51:27.084-0500] {dagbag.py:545} INFO - Filling up the DagBag from /Users/naga/Desktop/airflow_env/lib/python3.12/site-packages/airflow/example_dags/example_branch_python_dop_operator_3.py
[2026-06-21T14:51:27.119-0500] {processor.py:840} INFO - DAG(s) 'example_branch_dop_operator_v3' retrieved from /Users/naga/Desktop/airflow_env/lib/python3.12/site-packages/airflow/example_dags/example_branch_python_dop_operator_3.py
[2026-06-21T14:51:27.190-0500] {logging_mixin.py:188} INFO - [2026-06-21T14:51:27.190-0500] {dag.py:3089} INFO - Sync 1 DAGs
[2026-06-21T14:51:27.205-0500] {logging_mixin.py:188} INFO - [2026-06-21T14:51:27.205-0500] {dag.py:3947} INFO - Setting next_dagrun for example_branch_dop_operator_v3 to 2026-06-21 19:50:00+00:00, run_after=2026-06-21 19:51:00+00:00
[2026-06-21T14:51:27.218-0500] {processor.py:183} INFO - Processing /Users/naga/Desktop/airflow_env/lib/python3.12/site-packages/airflow/example_dags/example_branch_python_dop_operator_3.py took 0.137 seconds
[2026-06-21T14:54:24.093-0500] {processor.py:161} INFO - Started process (PID=54865) to work on /Users/naga/Desktop/airflow_env/lib/python3.12/site-packages/airflow/example_dags/example_branch_python_dop_operator_3.py
[2026-06-21T14:54:24.094-0500] {processor.py:830} INFO - Processing file /Users/naga/Desktop/airflow_env/lib/python3.12/site-packages/airflow/example_dags/example_branch_python_dop_operator_3.py for tasks to queue
[2026-06-21T14:54:24.095-0500] {logging_mixin.py:188} INFO - [2026-06-21T14:54:24.095-0500] {dagbag.py:545} INFO - Filling up the DagBag from /Users/naga/Desktop/airflow_env/lib/python3.12/site-packages/airflow/example_dags/example_branch_python_dop_operator_3.py
[2026-06-21T14:54:24.129-0500] {processor.py:840} INFO - DAG(s) 'example_branch_dop_operator_v3' retrieved from /Users/naga/Desktop/airflow_env/lib/python3.12/site-packages/airflow/example_dags/example_branch_python_dop_operator_3.py
[2026-06-21T14:54:24.203-0500] {logging_mixin.py:188} INFO - [2026-06-21T14:54:24.203-0500] {dag.py:3089} INFO - Sync 1 DAGs
[2026-06-21T14:54:24.219-0500] {logging_mixin.py:188} INFO - [2026-06-21T14:54:24.218-0500] {dag.py:3947} INFO - Setting next_dagrun for example_branch_dop_operator_v3 to 2026-06-21 19:53:00+00:00, run_after=2026-06-21 19:54:00+00:00
[2026-06-21T14:54:24.232-0500] {processor.py:183} INFO - Processing /Users/naga/Desktop/airflow_env/lib/python3.12/site-packages/airflow/example_dags/example_branch_python_dop_operator_3.py took 0.141 seconds
[2026-06-21T14:57:37.066-0500] {processor.py:161} INFO - Started process (PID=55243) to work on /Users/naga/Desktop/airflow_env/lib/python3.12/site-packages/airflow/example_dags/example_branch_python_dop_operator_3.py
[2026-06-21T14:57:37.067-0500] {processor.py:830} INFO - Processing file /Users/naga/Desktop/airflow_env/lib/python3.12/site-packages/airflow/example_dags/example_branch_python_dop_operator_3.py for tasks to queue
[2026-06-21T14:57:37.067-0500] {logging_mixin.py:188} INFO - [2026-06-21T14:57:37.067-0500] {dagbag.py:545} INFO - Filling up the DagBag from /Users/naga/Desktop/airflow_env/lib/python3.12/site-packages/airflow/example_dags/example_branch_python_dop_operator_3.py
[2026-06-21T14:57:37.102-0500] {processor.py:840} INFO - DAG(s) 'example_branch_dop_operator_v3' retrieved from /Users/naga/Desktop/airflow_env/lib/python3.12/site-packages/airflow/example_dags/example_branch_python_dop_operator_3.py
[2026-06-21T14:57:37.174-0500] {logging_mixin.py:188} INFO - [2026-06-21T14:57:37.174-0500] {dag.py:3089} INFO - Sync 1 DAGs
[2026-06-21T14:57:37.191-0500] {logging_mixin.py:188} INFO - [2026-06-21T14:57:37.191-0500] {dag.py:3947} INFO - Setting next_dagrun for example_branch_dop_operator_v3 to 2026-06-21 19:56:00+00:00, run_after=2026-06-21 19:57:00+00:00
[2026-06-21T14:57:37.205-0500] {processor.py:183} INFO - Processing /Users/naga/Desktop/airflow_env/lib/python3.12/site-packages/airflow/example_dags/example_branch_python_dop_operator_3.py took 0.141 seconds
[2026-06-21T15:00:49.497-0500] {processor.py:161} INFO - Started process (PID=55425) to work on /Users/naga/Desktop/airflow_env/lib/python3.12/site-packages/airflow/example_dags/example_branch_python_dop_operator_3.py
[2026-06-21T15:00:49.498-0500] {processor.py:830} INFO - Processing file /Users/naga/Desktop/airflow_env/lib/python3.12/site-packages/airflow/example_dags/example_branch_python_dop_operator_3.py for tasks to queue
[2026-06-21T15:00:49.499-0500] {logging_mixin.py:188} INFO - [2026-06-21T15:00:49.499-0500] {dagbag.py:545} INFO - Filling up the DagBag from /Users/naga/Desktop/airflow_env/lib/python3.12/site-packages/airflow/example_dags/example_branch_python_dop_operator_3.py
[2026-06-21T15:00:49.535-0500] {processor.py:840} INFO - DAG(s) 'example_branch_dop_operator_v3' retrieved from /Users/naga/Desktop/airflow_env/lib/python3.12/site-packages/airflow/example_dags/example_branch_python_dop_operator_3.py
[2026-06-21T15:00:49.607-0500] {logging_mixin.py:188} INFO - [2026-06-21T15:00:49.607-0500] {dag.py:3089} INFO - Sync 1 DAGs
[2026-06-21T15:00:49.623-0500] {logging_mixin.py:188} INFO - [2026-06-21T15:00:49.623-0500] {dag.py:3947} INFO - Setting next_dagrun for example_branch_dop_operator_v3 to 2026-06-21 19:59:00+00:00, run_after=2026-06-21 20:00:00+00:00
[2026-06-21T15:00:49.637-0500] {processor.py:183} INFO - Processing /Users/naga/Desktop/airflow_env/lib/python3.12/site-packages/airflow/example_dags/example_branch_python_dop_operator_3.py took 0.142 seconds
[2026-06-21T15:03:53.076-0500] {processor.py:161} INFO - Started process (PID=55565) to work on /Users/naga/Desktop/airflow_env/lib/python3.12/site-packages/airflow/example_dags/example_branch_python_dop_operator_3.py
[2026-06-21T15:03:53.078-0500] {processor.py:830} INFO - Processing file /Users/naga/Desktop/airflow_env/lib/python3.12/site-packages/airflow/example_dags/example_branch_python_dop_operator_3.py for tasks to queue
[2026-06-21T15:03:53.078-0500] {logging_mixin.py:188} INFO - [2026-06-21T15:03:53.078-0500] {dagbag.py:545} INFO - Filling up the DagBag from /Users/naga/Desktop/airflow_env/lib/python3.12/site-packages/airflow/example_dags/example_branch_python_dop_operator_3.py
[2026-06-21T15:03:53.115-0500] {processor.py:840} INFO - DAG(s) 'example_branch_dop_operator_v3' retrieved from /Users/naga/Desktop/airflow_env/lib/python3.12/site-packages/airflow/example_dags/example_branch_python_dop_operator_3.py
[2026-06-21T15:03:53.190-0500] {logging_mixin.py:188} INFO - [2026-06-21T15:03:53.190-0500] {dag.py:3089} INFO - Sync 1 DAGs
[2026-06-21T15:03:53.206-0500] {logging_mixin.py:188} INFO - [2026-06-21T15:03:53.205-0500] {dag.py:3947} INFO - Setting next_dagrun for example_branch_dop_operator_v3 to 2026-06-21 20:02:00+00:00, run_after=2026-06-21 20:03:00+00:00
[2026-06-21T15:03:53.219-0500] {processor.py:183} INFO - Processing /Users/naga/Desktop/airflow_env/lib/python3.12/site-packages/airflow/example_dags/example_branch_python_dop_operator_3.py took 0.146 seconds
[2026-06-21T15:06:58.228-0500] {processor.py:161} INFO - Started process (PID=55710) to work on /Users/naga/Desktop/airflow_env/lib/python3.12/site-packages/airflow/example_dags/example_branch_python_dop_operator_3.py
[2026-06-21T15:06:58.230-0500] {processor.py:830} INFO - Processing file /Users/naga/Desktop/airflow_env/lib/python3.12/site-packages/airflow/example_dags/example_branch_python_dop_operator_3.py for tasks to queue
[2026-06-21T15:06:58.230-0500] {logging_mixin.py:188} INFO - [2026-06-21T15:06:58.230-0500] {dagbag.py:545} INFO - Filling up the DagBag from /Users/naga/Desktop/airflow_env/lib/python3.12/site-packages/airflow/example_dags/example_branch_python_dop_operator_3.py
[2026-06-21T15:06:58.265-0500] {processor.py:840} INFO - DAG(s) 'example_branch_dop_operator_v3' retrieved from /Users/naga/Desktop/airflow_env/lib/python3.12/site-packages/airflow/example_dags/example_branch_python_dop_operator_3.py
[2026-06-21T15:06:58.348-0500] {logging_mixin.py:188} INFO - [2026-06-21T15:06:58.348-0500] {dag.py:3089} INFO - Sync 1 DAGs
[2026-06-21T15:06:58.364-0500] {logging_mixin.py:188} INFO - [2026-06-21T15:06:58.364-0500] {dag.py:3947} INFO - Setting next_dagrun for example_branch_dop_operator_v3 to 2026-06-21 20:05:00+00:00, run_after=2026-06-21 20:06:00+00:00
[2026-06-21T15:06:58.379-0500] {processor.py:183} INFO - Processing /Users/naga/Desktop/airflow_env/lib/python3.12/site-packages/airflow/example_dags/example_branch_python_dop_operator_3.py took 0.152 seconds
[2026-06-21T15:10:03.916-0500] {processor.py:161} INFO - Started process (PID=55829) to work on /Users/naga/Desktop/airflow_env/lib/python3.12/site-packages/airflow/example_dags/example_branch_python_dop_operator_3.py
[2026-06-21T15:10:03.917-0500] {processor.py:830} INFO - Processing file /Users/naga/Desktop/airflow_env/lib/python3.12/site-packages/airflow/example_dags/example_branch_python_dop_operator_3.py for tasks to queue
[2026-06-21T15:10:03.918-0500] {logging_mixin.py:188} INFO - [2026-06-21T15:10:03.918-0500] {dagbag.py:545} INFO - Filling up the DagBag from /Users/naga/Desktop/airflow_env/lib/python3.12/site-packages/airflow/example_dags/example_branch_python_dop_operator_3.py
[2026-06-21T15:10:03.955-0500] {processor.py:840} INFO - DAG(s) 'example_branch_dop_operator_v3' retrieved from /Users/naga/Desktop/airflow_env/lib/python3.12/site-packages/airflow/example_dags/example_branch_python_dop_operator_3.py
[2026-06-21T15:10:04.028-0500] {logging_mixin.py:188} INFO - [2026-06-21T15:10:04.027-0500] {dag.py:3089} INFO - Sync 1 DAGs
[2026-06-21T15:10:04.043-0500] {logging_mixin.py:188} INFO - [2026-06-21T15:10:04.043-0500] {dag.py:3947} INFO - Setting next_dagrun for example_branch_dop_operator_v3 to 2026-06-21 20:09:00+00:00, run_after=2026-06-21 20:10:00+00:00
[2026-06-21T15:10:04.057-0500] {processor.py:183} INFO - Processing /Users/naga/Desktop/airflow_env/lib/python3.12/site-packages/airflow/example_dags/example_branch_python_dop_operator_3.py took 0.143 seconds
[2026-06-21T15:13:14.835-0500] {processor.py:161} INFO - Started process (PID=56112) to work on /Users/naga/Desktop/airflow_env/lib/python3.12/site-packages/airflow/example_dags/example_branch_python_dop_operator_3.py
[2026-06-21T15:13:14.836-0500] {processor.py:830} INFO - Processing file /Users/naga/Desktop/airflow_env/lib/python3.12/site-packages/airflow/example_dags/example_branch_python_dop_operator_3.py for tasks to queue
[2026-06-21T15:13:14.836-0500] {logging_mixin.py:188} INFO - [2026-06-21T15:13:14.836-0500] {dagbag.py:545} INFO - Filling up the DagBag from /Users/naga/Desktop/airflow_env/lib/python3.12/site-packages/airflow/example_dags/example_branch_python_dop_operator_3.py
[2026-06-21T15:13:14.859-0500] {processor.py:840} INFO - DAG(s) 'example_branch_dop_operator_v3' retrieved from /Users/naga/Desktop/airflow_env/lib/python3.12/site-packages/airflow/example_dags/example_branch_python_dop_operator_3.py
[2026-06-21T15:13:15.431-0500] {logging_mixin.py:188} INFO - [2026-06-21T15:13:15.431-0500] {dag.py:3089} INFO - Sync 1 DAGs
[2026-06-21T15:13:15.456-0500] {logging_mixin.py:188} INFO - [2026-06-21T15:13:15.456-0500] {dag.py:3947} INFO - Setting next_dagrun for example_branch_dop_operator_v3 to 2026-06-21 20:12:00+00:00, run_after=2026-06-21 20:13:00+00:00
[2026-06-21T15:13:15.467-0500] {processor.py:183} INFO - Processing /Users/naga/Desktop/airflow_env/lib/python3.12/site-packages/airflow/example_dags/example_branch_python_dop_operator_3.py took 0.545 seconds
[2026-06-21T15:15:31.361-0500] {processor.py:161} INFO - Started process (PID=56245) to work on /Users/naga/Desktop/airflow_env/lib/python3.12/site-packages/airflow/example_dags/example_branch_python_dop_operator_3.py
[2026-06-21T15:15:31.362-0500] {processor.py:830} INFO - Processing file /Users/naga/Desktop/airflow_env/lib/python3.12/site-packages/airflow/example_dags/example_branch_python_dop_operator_3.py for tasks to queue
[2026-06-21T15:15:31.362-0500] {logging_mixin.py:188} INFO - [2026-06-21T15:15:31.362-0500] {dagbag.py:545} INFO - Filling up the DagBag from /Users/naga/Desktop/airflow_env/lib/python3.12/site-packages/airflow/example_dags/example_branch_python_dop_operator_3.py
[2026-06-21T15:15:31.382-0500] {processor.py:840} INFO - DAG(s) 'example_branch_dop_operator_v3' retrieved from /Users/naga/Desktop/airflow_env/lib/python3.12/site-packages/airflow/example_dags/example_branch_python_dop_operator_3.py
[2026-06-21T15:15:31.424-0500] {logging_mixin.py:188} INFO - [2026-06-21T15:15:31.424-0500] {dag.py:3089} INFO - Sync 1 DAGs
[2026-06-21T15:15:31.433-0500] {logging_mixin.py:188} INFO - [2026-06-21T15:15:31.432-0500] {dag.py:3947} INFO - Setting next_dagrun for example_branch_dop_operator_v3 to 2026-06-21 20:14:00+00:00, run_after=2026-06-21 20:15:00+00:00
[2026-06-21T15:15:31.441-0500] {processor.py:183} INFO - Processing /Users/naga/Desktop/airflow_env/lib/python3.12/site-packages/airflow/example_dags/example_branch_python_dop_operator_3.py took 0.081 seconds
[2026-06-21T15:32:11.187-0500] {processor.py:161} INFO - Started process (PID=56556) to work on /Users/naga/Desktop/airflow_env/lib/python3.12/site-packages/airflow/example_dags/example_branch_python_dop_operator_3.py
[2026-06-21T15:32:11.188-0500] {processor.py:830} INFO - Processing file /Users/naga/Desktop/airflow_env/lib/python3.12/site-packages/airflow/example_dags/example_branch_python_dop_operator_3.py for tasks to queue
[2026-06-21T15:32:11.189-0500] {logging_mixin.py:188} INFO - [2026-06-21T15:32:11.189-0500] {dagbag.py:545} INFO - Filling up the DagBag from /Users/naga/Desktop/airflow_env/lib/python3.12/site-packages/airflow/example_dags/example_branch_python_dop_operator_3.py
[2026-06-21T15:32:11.222-0500] {processor.py:840} INFO - DAG(s) 'example_branch_dop_operator_v3' retrieved from /Users/naga/Desktop/airflow_env/lib/python3.12/site-packages/airflow/example_dags/example_branch_python_dop_operator_3.py
[2026-06-21T15:32:11.270-0500] {logging_mixin.py:188} INFO - [2026-06-21T15:32:11.270-0500] {dag.py:3089} INFO - Sync 1 DAGs
[2026-06-21T15:32:11.281-0500] {logging_mixin.py:188} INFO - [2026-06-21T15:32:11.281-0500] {dag.py:3947} INFO - Setting next_dagrun for example_branch_dop_operator_v3 to 2026-06-21 20:31:00+00:00, run_after=2026-06-21 20:32:00+00:00
[2026-06-21T15:32:11.290-0500] {processor.py:183} INFO - Processing /Users/naga/Desktop/airflow_env/lib/python3.12/site-packages/airflow/example_dags/example_branch_python_dop_operator_3.py took 0.105 seconds
[2026-06-21T15:34:34.344-0500] {processor.py:161} INFO - Started process (PID=56748) to work on /Users/naga/Desktop/airflow_env/lib/python3.12/site-packages/airflow/example_dags/example_branch_python_dop_operator_3.py
[2026-06-21T15:34:34.345-0500] {processor.py:830} INFO - Processing file /Users/naga/Desktop/airflow_env/lib/python3.12/site-packages/airflow/example_dags/example_branch_python_dop_operator_3.py for tasks to queue
[2026-06-21T15:34:34.345-0500] {logging_mixin.py:188} INFO - [2026-06-21T15:34:34.345-0500] {dagbag.py:545} INFO - Filling up the DagBag from /Users/naga/Desktop/airflow_env/lib/python3.12/site-packages/airflow/example_dags/example_branch_python_dop_operator_3.py
[2026-06-21T15:34:34.366-0500] {processor.py:840} INFO - DAG(s) 'example_branch_dop_operator_v3' retrieved from /Users/naga/Desktop/airflow_env/lib/python3.12/site-packages/airflow/example_dags/example_branch_python_dop_operator_3.py
[2026-06-21T15:34:34.410-0500] {logging_mixin.py:188} INFO - [2026-06-21T15:34:34.409-0500] {dag.py:3089} INFO - Sync 1 DAGs
[2026-06-21T15:34:34.419-0500] {logging_mixin.py:188} INFO - [2026-06-21T15:34:34.419-0500] {dag.py:3947} INFO - Setting next_dagrun for example_branch_dop_operator_v3 to 2026-06-21 20:33:00+00:00, run_after=2026-06-21 20:34:00+00:00
[2026-06-21T15:34:34.427-0500] {processor.py:183} INFO - Processing /Users/naga/Desktop/airflow_env/lib/python3.12/site-packages/airflow/example_dags/example_branch_python_dop_operator_3.py took 0.084 seconds
[2026-06-21T15:36:32.731-0500] {processor.py:161} INFO - Started process (PID=56860) to work on /Users/naga/Desktop/airflow_env/lib/python3.12/site-packages/airflow/example_dags/example_branch_python_dop_operator_3.py
[2026-06-21T15:36:32.732-0500] {processor.py:830} INFO - Processing file /Users/naga/Desktop/airflow_env/lib/python3.12/site-packages/airflow/example_dags/example_branch_python_dop_operator_3.py for tasks to queue
[2026-06-21T15:36:32.733-0500] {logging_mixin.py:188} INFO - [2026-06-21T15:36:32.732-0500] {dagbag.py:545} INFO - Filling up the DagBag from /Users/naga/Desktop/airflow_env/lib/python3.12/site-packages/airflow/example_dags/example_branch_python_dop_operator_3.py
[2026-06-21T15:36:32.754-0500] {processor.py:840} INFO - DAG(s) 'example_branch_dop_operator_v3' retrieved from /Users/naga/Desktop/airflow_env/lib/python3.12/site-packages/airflow/example_dags/example_branch_python_dop_operator_3.py
[2026-06-21T15:36:32.796-0500] {logging_mixin.py:188} INFO - [2026-06-21T15:36:32.796-0500] {dag.py:3089} INFO - Sync 1 DAGs
[2026-06-21T15:36:32.805-0500] {logging_mixin.py:188} INFO - [2026-06-21T15:36:32.805-0500] {dag.py:3947} INFO - Setting next_dagrun for example_branch_dop_operator_v3 to 2026-06-21 20:35:00+00:00, run_after=2026-06-21 20:36:00+00:00
[2026-06-21T15:36:32.813-0500] {processor.py:183} INFO - Processing /Users/naga/Desktop/airflow_env/lib/python3.12/site-packages/airflow/example_dags/example_branch_python_dop_operator_3.py took 0.083 seconds
[2026-06-21T15:38:38.011-0500] {processor.py:161} INFO - Started process (PID=56999) to work on /Users/naga/Desktop/airflow_env/lib/python3.12/site-packages/airflow/example_dags/example_branch_python_dop_operator_3.py
[2026-06-21T15:38:38.012-0500] {processor.py:830} INFO - Processing file /Users/naga/Desktop/airflow_env/lib/python3.12/site-packages/airflow/example_dags/example_branch_python_dop_operator_3.py for tasks to queue
[2026-06-21T15:38:38.012-0500] {logging_mixin.py:188} INFO - [2026-06-21T15:38:38.012-0500] {dagbag.py:545} INFO - Filling up the DagBag from /Users/naga/Desktop/airflow_env/lib/python3.12/site-packages/airflow/example_dags/example_branch_python_dop_operator_3.py
[2026-06-21T15:38:38.035-0500] {processor.py:840} INFO - DAG(s) 'example_branch_dop_operator_v3' retrieved from /Users/naga/Desktop/airflow_env/lib/python3.12/site-packages/airflow/example_dags/example_branch_python_dop_operator_3.py
[2026-06-21T15:38:38.079-0500] {logging_mixin.py:188} INFO - [2026-06-21T15:38:38.079-0500] {dag.py:3089} INFO - Sync 1 DAGs
[2026-06-21T15:38:38.089-0500] {logging_mixin.py:188} INFO - [2026-06-21T15:38:38.089-0500] {dag.py:3947} INFO - Setting next_dagrun for example_branch_dop_operator_v3 to 2026-06-21 20:37:00+00:00, run_after=2026-06-21 20:38:00+00:00
[2026-06-21T15:38:38.098-0500] {processor.py:183} INFO - Processing /Users/naga/Desktop/airflow_env/lib/python3.12/site-packages/airflow/example_dags/example_branch_python_dop_operator_3.py took 0.088 seconds
[2026-06-21T15:40:41.616-0500] {processor.py:161} INFO - Started process (PID=57116) to work on /Users/naga/Desktop/airflow_env/lib/python3.12/site-packages/airflow/example_dags/example_branch_python_dop_operator_3.py
[2026-06-21T15:40:41.617-0500] {processor.py:830} INFO - Processing file /Users/naga/Desktop/airflow_env/lib/python3.12/site-packages/airflow/example_dags/example_branch_python_dop_operator_3.py for tasks to queue
[2026-06-21T15:40:41.617-0500] {logging_mixin.py:188} INFO - [2026-06-21T15:40:41.617-0500] {dagbag.py:545} INFO - Filling up the DagBag from /Users/naga/Desktop/airflow_env/lib/python3.12/site-packages/airflow/example_dags/example_branch_python_dop_operator_3.py
[2026-06-21T15:40:41.639-0500] {processor.py:840} INFO - DAG(s) 'example_branch_dop_operator_v3' retrieved from /Users/naga/Desktop/airflow_env/lib/python3.12/site-packages/airflow/example_dags/example_branch_python_dop_operator_3.py
[2026-06-21T15:40:41.683-0500] {logging_mixin.py:188} INFO - [2026-06-21T15:40:41.682-0500] {dag.py:3089} INFO - Sync 1 DAGs
[2026-06-21T15:40:41.691-0500] {logging_mixin.py:188} INFO - [2026-06-21T15:40:41.691-0500] {dag.py:3947} INFO - Setting next_dagrun for example_branch_dop_operator_v3 to 2026-06-21 20:39:00+00:00, run_after=2026-06-21 20:40:00+00:00
[2026-06-21T15:40:41.700-0500] {processor.py:183} INFO - Processing /Users/naga/Desktop/airflow_env/lib/python3.12/site-packages/airflow/example_dags/example_branch_python_dop_operator_3.py took 0.085 seconds
[2026-06-21T15:42:43.747-0500] {processor.py:161} INFO - Started process (PID=57241) to work on /Users/naga/Desktop/airflow_env/lib/python3.12/site-packages/airflow/example_dags/example_branch_python_dop_operator_3.py
[2026-06-21T15:42:43.748-0500] {processor.py:830} INFO - Processing file /Users/naga/Desktop/airflow_env/lib/python3.12/site-packages/airflow/example_dags/example_branch_python_dop_operator_3.py for tasks to queue
[2026-06-21T15:42:43.748-0500] {logging_mixin.py:188} INFO - [2026-06-21T15:42:43.748-0500] {dagbag.py:545} INFO - Filling up the DagBag from /Users/naga/Desktop/airflow_env/lib/python3.12/site-packages/airflow/example_dags/example_branch_python_dop_operator_3.py
[2026-06-21T15:42:43.769-0500] {processor.py:840} INFO - DAG(s) 'example_branch_dop_operator_v3' retrieved from /Users/naga/Desktop/airflow_env/lib/python3.12/site-packages/airflow/example_dags/example_branch_python_dop_operator_3.py
[2026-06-21T15:42:43.812-0500] {logging_mixin.py:188} INFO - [2026-06-21T15:42:43.812-0500] {dag.py:3089} INFO - Sync 1 DAGs
[2026-06-21T15:42:43.821-0500] {logging_mixin.py:188} INFO - [2026-06-21T15:42:43.821-0500] {dag.py:3947} INFO - Setting next_dagrun for example_branch_dop_operator_v3 to 2026-06-21 20:41:00+00:00, run_after=2026-06-21 20:42:00+00:00
[2026-06-21T15:42:43.829-0500] {processor.py:183} INFO - Processing /Users/naga/Desktop/airflow_env/lib/python3.12/site-packages/airflow/example_dags/example_branch_python_dop_operator_3.py took 0.084 seconds
[2026-06-21T15:44:51.481-0500] {processor.py:161} INFO - Started process (PID=57383) to work on /Users/naga/Desktop/airflow_env/lib/python3.12/site-packages/airflow/example_dags/example_branch_python_dop_operator_3.py
[2026-06-21T15:44:51.482-0500] {processor.py:830} INFO - Processing file /Users/naga/Desktop/airflow_env/lib/python3.12/site-packages/airflow/example_dags/example_branch_python_dop_operator_3.py for tasks to queue
[2026-06-21T15:44:51.482-0500] {logging_mixin.py:188} INFO - [2026-06-21T15:44:51.482-0500] {dagbag.py:545} INFO - Filling up the DagBag from /Users/naga/Desktop/airflow_env/lib/python3.12/site-packages/airflow/example_dags/example_branch_python_dop_operator_3.py
[2026-06-21T15:44:51.502-0500] {processor.py:840} INFO - DAG(s) 'example_branch_dop_operator_v3' retrieved from /Users/naga/Desktop/airflow_env/lib/python3.12/site-packages/airflow/example_dags/example_branch_python_dop_operator_3.py
[2026-06-21T15:44:51.544-0500] {logging_mixin.py:188} INFO - [2026-06-21T15:44:51.544-0500] {dag.py:3089} INFO - Sync 1 DAGs
[2026-06-21T15:44:51.553-0500] {logging_mixin.py:188} INFO - [2026-06-21T15:44:51.553-0500] {dag.py:3947} INFO - Setting next_dagrun for example_branch_dop_operator_v3 to 2026-06-21 20:43:00+00:00, run_after=2026-06-21 20:44:00+00:00
[2026-06-21T15:44:51.561-0500] {processor.py:183} INFO - Processing /Users/naga/Desktop/airflow_env/lib/python3.12/site-packages/airflow/example_dags/example_branch_python_dop_operator_3.py took 0.081 seconds
[2026-06-21T15:46:53.799-0500] {processor.py:161} INFO - Started process (PID=57514) to work on /Users/naga/Desktop/airflow_env/lib/python3.12/site-packages/airflow/example_dags/example_branch_python_dop_operator_3.py
[2026-06-21T15:46:53.800-0500] {processor.py:830} INFO - Processing file /Users/naga/Desktop/airflow_env/lib/python3.12/site-packages/airflow/example_dags/example_branch_python_dop_operator_3.py for tasks to queue
[2026-06-21T15:46:53.800-0500] {logging_mixin.py:188} INFO - [2026-06-21T15:46:53.800-0500] {dagbag.py:545} INFO - Filling up the DagBag from /Users/naga/Desktop/airflow_env/lib/python3.12/site-packages/airflow/example_dags/example_branch_python_dop_operator_3.py
[2026-06-21T15:46:53.822-0500] {processor.py:840} INFO - DAG(s) 'example_branch_dop_operator_v3' retrieved from /Users/naga/Desktop/airflow_env/lib/python3.12/site-packages/airflow/example_dags/example_branch_python_dop_operator_3.py
[2026-06-21T15:46:53.864-0500] {logging_mixin.py:188} INFO - [2026-06-21T15:46:53.864-0500] {dag.py:3089} INFO - Sync 1 DAGs
[2026-06-21T15:46:53.873-0500] {logging_mixin.py:188} INFO - [2026-06-21T15:46:53.873-0500] {dag.py:3947} INFO - Setting next_dagrun for example_branch_dop_operator_v3 to 2026-06-21 20:45:00+00:00, run_after=2026-06-21 20:46:00+00:00
[2026-06-21T15:46:53.882-0500] {processor.py:183} INFO - Processing /Users/naga/Desktop/airflow_env/lib/python3.12/site-packages/airflow/example_dags/example_branch_python_dop_operator_3.py took 0.084 seconds
[2026-06-21T15:48:59.337-0500] {processor.py:161} INFO - Started process (PID=57638) to work on /Users/naga/Desktop/airflow_env/lib/python3.12/site-packages/airflow/example_dags/example_branch_python_dop_operator_3.py
[2026-06-21T15:48:59.338-0500] {processor.py:830} INFO - Processing file /Users/naga/Desktop/airflow_env/lib/python3.12/site-packages/airflow/example_dags/example_branch_python_dop_operator_3.py for tasks to queue
[2026-06-21T15:48:59.338-0500] {logging_mixin.py:188} INFO - [2026-06-21T15:48:59.338-0500] {dagbag.py:545} INFO - Filling up the DagBag from /Users/naga/Desktop/airflow_env/lib/python3.12/site-packages/airflow/example_dags/example_branch_python_dop_operator_3.py
[2026-06-21T15:48:59.359-0500] {processor.py:840} INFO - DAG(s) 'example_branch_dop_operator_v3' retrieved from /Users/naga/Desktop/airflow_env/lib/python3.12/site-packages/airflow/example_dags/example_branch_python_dop_operator_3.py
[2026-06-21T15:48:59.400-0500] {logging_mixin.py:188} INFO - [2026-06-21T15:48:59.400-0500] {dag.py:3089} INFO - Sync 1 DAGs
[2026-06-21T15:48:59.409-0500] {logging_mixin.py:188} INFO - [2026-06-21T15:48:59.409-0500] {dag.py:3947} INFO - Setting next_dagrun for example_branch_dop_operator_v3 to 2026-06-21 20:47:00+00:00, run_after=2026-06-21 20:48:00+00:00
[2026-06-21T15:48:59.417-0500] {processor.py:183} INFO - Processing /Users/naga/Desktop/airflow_env/lib/python3.12/site-packages/airflow/example_dags/example_branch_python_dop_operator_3.py took 0.081 seconds
[2026-06-21T15:51:06.773-0500] {processor.py:161} INFO - Started process (PID=57768) to work on /Users/naga/Desktop/airflow_env/lib/python3.12/site-packages/airflow/example_dags/example_branch_python_dop_operator_3.py
[2026-06-21T15:51:06.774-0500] {processor.py:830} INFO - Processing file /Users/naga/Desktop/airflow_env/lib/python3.12/site-packages/airflow/example_dags/example_branch_python_dop_operator_3.py for tasks to queue
[2026-06-21T15:51:06.774-0500] {logging_mixin.py:188} INFO - [2026-06-21T15:51:06.774-0500] {dagbag.py:545} INFO - Filling up the DagBag from /Users/naga/Desktop/airflow_env/lib/python3.12/site-packages/airflow/example_dags/example_branch_python_dop_operator_3.py
[2026-06-21T15:51:06.795-0500] {processor.py:840} INFO - DAG(s) 'example_branch_dop_operator_v3' retrieved from /Users/naga/Desktop/airflow_env/lib/python3.12/site-packages/airflow/example_dags/example_branch_python_dop_operator_3.py
[2026-06-21T15:51:06.837-0500] {logging_mixin.py:188} INFO - [2026-06-21T15:51:06.837-0500] {dag.py:3089} INFO - Sync 1 DAGs
[2026-06-21T15:51:06.846-0500] {logging_mixin.py:188} INFO - [2026-06-21T15:51:06.846-0500] {dag.py:3947} INFO - Setting next_dagrun for example_branch_dop_operator_v3 to 2026-06-21 20:50:00+00:00, run_after=2026-06-21 20:51:00+00:00
[2026-06-21T15:51:06.854-0500] {processor.py:183} INFO - Processing /Users/naga/Desktop/airflow_env/lib/python3.12/site-packages/airflow/example_dags/example_branch_python_dop_operator_3.py took 0.083 seconds
[2026-06-21T15:53:10.962-0500] {processor.py:161} INFO - Started process (PID=57895) to work on /Users/naga/Desktop/airflow_env/lib/python3.12/site-packages/airflow/example_dags/example_branch_python_dop_operator_3.py
[2026-06-21T15:53:10.963-0500] {processor.py:830} INFO - Processing file /Users/naga/Desktop/airflow_env/lib/python3.12/site-packages/airflow/example_dags/example_branch_python_dop_operator_3.py for tasks to queue
[2026-06-21T15:53:10.963-0500] {logging_mixin.py:188} INFO - [2026-06-21T15:53:10.963-0500] {dagbag.py:545} INFO - Filling up the DagBag from /Users/naga/Desktop/airflow_env/lib/python3.12/site-packages/airflow/example_dags/example_branch_python_dop_operator_3.py
[2026-06-21T15:53:10.983-0500] {processor.py:840} INFO - DAG(s) 'example_branch_dop_operator_v3' retrieved from /Users/naga/Desktop/airflow_env/lib/python3.12/site-packages/airflow/example_dags/example_branch_python_dop_operator_3.py
[2026-06-21T15:53:11.026-0500] {logging_mixin.py:188} INFO - [2026-06-21T15:53:11.026-0500] {dag.py:3089} INFO - Sync 1 DAGs
[2026-06-21T15:53:11.034-0500] {logging_mixin.py:188} INFO - [2026-06-21T15:53:11.034-0500] {dag.py:3947} INFO - Setting next_dagrun for example_branch_dop_operator_v3 to 2026-06-21 20:52:00+00:00, run_after=2026-06-21 20:53:00+00:00
[2026-06-21T15:53:11.042-0500] {processor.py:183} INFO - Processing /Users/naga/Desktop/airflow_env/lib/python3.12/site-packages/airflow/example_dags/example_branch_python_dop_operator_3.py took 0.082 seconds
[2026-06-21T15:55:16.956-0500] {processor.py:161} INFO - Started process (PID=58015) to work on /Users/naga/Desktop/airflow_env/lib/python3.12/site-packages/airflow/example_dags/example_branch_python_dop_operator_3.py
[2026-06-21T15:55:16.957-0500] {processor.py:830} INFO - Processing file /Users/naga/Desktop/airflow_env/lib/python3.12/site-packages/airflow/example_dags/example_branch_python_dop_operator_3.py for tasks to queue
[2026-06-21T15:55:16.958-0500] {logging_mixin.py:188} INFO - [2026-06-21T15:55:16.957-0500] {dagbag.py:545} INFO - Filling up the DagBag from /Users/naga/Desktop/airflow_env/lib/python3.12/site-packages/airflow/example_dags/example_branch_python_dop_operator_3.py
[2026-06-21T15:55:16.978-0500] {processor.py:840} INFO - DAG(s) 'example_branch_dop_operator_v3' retrieved from /Users/naga/Desktop/airflow_env/lib/python3.12/site-packages/airflow/example_dags/example_branch_python_dop_operator_3.py
[2026-06-21T15:55:17.020-0500] {logging_mixin.py:188} INFO - [2026-06-21T15:55:17.020-0500] {dag.py:3089} INFO - Sync 1 DAGs
[2026-06-21T15:55:17.029-0500] {logging_mixin.py:188} INFO - [2026-06-21T15:55:17.028-0500] {dag.py:3947} INFO - Setting next_dagrun for example_branch_dop_operator_v3 to 2026-06-21 20:54:00+00:00, run_after=2026-06-21 20:55:00+00:00
[2026-06-21T15:55:17.036-0500] {processor.py:183} INFO - Processing /Users/naga/Desktop/airflow_env/lib/python3.12/site-packages/airflow/example_dags/example_branch_python_dop_operator_3.py took 0.081 seconds
[2026-06-21T15:57:20.863-0500] {processor.py:161} INFO - Started process (PID=58125) to work on /Users/naga/Desktop/airflow_env/lib/python3.12/site-packages/airflow/example_dags/example_branch_python_dop_operator_3.py
[2026-06-21T15:57:20.864-0500] {processor.py:830} INFO - Processing file /Users/naga/Desktop/airflow_env/lib/python3.12/site-packages/airflow/example_dags/example_branch_python_dop_operator_3.py for tasks to queue
[2026-06-21T15:57:20.865-0500] {logging_mixin.py:188} INFO - [2026-06-21T15:57:20.865-0500] {dagbag.py:545} INFO - Filling up the DagBag from /Users/naga/Desktop/airflow_env/lib/python3.12/site-packages/airflow/example_dags/example_branch_python_dop_operator_3.py
[2026-06-21T15:57:20.885-0500] {processor.py:840} INFO - DAG(s) 'example_branch_dop_operator_v3' retrieved from /Users/naga/Desktop/airflow_env/lib/python3.12/site-packages/airflow/example_dags/example_branch_python_dop_operator_3.py
[2026-06-21T15:57:20.927-0500] {logging_mixin.py:188} INFO - [2026-06-21T15:57:20.927-0500] {dag.py:3089} INFO - Sync 1 DAGs
[2026-06-21T15:57:20.936-0500] {logging_mixin.py:188} INFO - [2026-06-21T15:57:20.936-0500] {dag.py:3947} INFO - Setting next_dagrun for example_branch_dop_operator_v3 to 2026-06-21 20:56:00+00:00, run_after=2026-06-21 20:57:00+00:00
[2026-06-21T15:57:20.944-0500] {processor.py:183} INFO - Processing /Users/naga/Desktop/airflow_env/lib/python3.12/site-packages/airflow/example_dags/example_branch_python_dop_operator_3.py took 0.082 seconds
[2026-06-21T15:59:29.582-0500] {processor.py:161} INFO - Started process (PID=58261) to work on /Users/naga/Desktop/airflow_env/lib/python3.12/site-packages/airflow/example_dags/example_branch_python_dop_operator_3.py
[2026-06-21T15:59:29.583-0500] {processor.py:830} INFO - Processing file /Users/naga/Desktop/airflow_env/lib/python3.12/site-packages/airflow/example_dags/example_branch_python_dop_operator_3.py for tasks to queue
[2026-06-21T15:59:29.583-0500] {logging_mixin.py:188} INFO - [2026-06-21T15:59:29.583-0500] {dagbag.py:545} INFO - Filling up the DagBag from /Users/naga/Desktop/airflow_env/lib/python3.12/site-packages/airflow/example_dags/example_branch_python_dop_operator_3.py
[2026-06-21T15:59:29.604-0500] {processor.py:840} INFO - DAG(s) 'example_branch_dop_operator_v3' retrieved from /Users/naga/Desktop/airflow_env/lib/python3.12/site-packages/airflow/example_dags/example_branch_python_dop_operator_3.py
[2026-06-21T15:59:29.646-0500] {logging_mixin.py:188} INFO - [2026-06-21T15:59:29.646-0500] {dag.py:3089} INFO - Sync 1 DAGs
[2026-06-21T15:59:29.654-0500] {logging_mixin.py:188} INFO - [2026-06-21T15:59:29.654-0500] {dag.py:3947} INFO - Setting next_dagrun for example_branch_dop_operator_v3 to 2026-06-21 20:58:00+00:00, run_after=2026-06-21 20:59:00+00:00
[2026-06-21T15:59:29.662-0500] {processor.py:183} INFO - Processing /Users/naga/Desktop/airflow_env/lib/python3.12/site-packages/airflow/example_dags/example_branch_python_dop_operator_3.py took 0.082 seconds
[2026-06-21T16:01:36.075-0500] {processor.py:161} INFO - Started process (PID=58389) to work on /Users/naga/Desktop/airflow_env/lib/python3.12/site-packages/airflow/example_dags/example_branch_python_dop_operator_3.py
[2026-06-21T16:01:36.076-0500] {processor.py:830} INFO - Processing file /Users/naga/Desktop/airflow_env/lib/python3.12/site-packages/airflow/example_dags/example_branch_python_dop_operator_3.py for tasks to queue
[2026-06-21T16:01:36.077-0500] {logging_mixin.py:188} INFO - [2026-06-21T16:01:36.076-0500] {dagbag.py:545} INFO - Filling up the DagBag from /Users/naga/Desktop/airflow_env/lib/python3.12/site-packages/airflow/example_dags/example_branch_python_dop_operator_3.py
[2026-06-21T16:01:36.097-0500] {processor.py:840} INFO - DAG(s) 'example_branch_dop_operator_v3' retrieved from /Users/naga/Desktop/airflow_env/lib/python3.12/site-packages/airflow/example_dags/example_branch_python_dop_operator_3.py
[2026-06-21T16:01:36.140-0500] {logging_mixin.py:188} INFO - [2026-06-21T16:01:36.140-0500] {dag.py:3089} INFO - Sync 1 DAGs
[2026-06-21T16:01:36.149-0500] {logging_mixin.py:188} INFO - [2026-06-21T16:01:36.149-0500] {dag.py:3947} INFO - Setting next_dagrun for example_branch_dop_operator_v3 to 2026-06-21 21:00:00+00:00, run_after=2026-06-21 21:01:00+00:00
[2026-06-21T16:01:36.157-0500] {processor.py:183} INFO - Processing /Users/naga/Desktop/airflow_env/lib/python3.12/site-packages/airflow/example_dags/example_branch_python_dop_operator_3.py took 0.084 seconds
[2026-06-21T16:03:42.858-0500] {processor.py:161} INFO - Started process (PID=58515) to work on /Users/naga/Desktop/airflow_env/lib/python3.12/site-packages/airflow/example_dags/example_branch_python_dop_operator_3.py
[2026-06-21T16:03:42.859-0500] {processor.py:830} INFO - Processing file /Users/naga/Desktop/airflow_env/lib/python3.12/site-packages/airflow/example_dags/example_branch_python_dop_operator_3.py for tasks to queue
[2026-06-21T16:03:42.860-0500] {logging_mixin.py:188} INFO - [2026-06-21T16:03:42.859-0500] {dagbag.py:545} INFO - Filling up the DagBag from /Users/naga/Desktop/airflow_env/lib/python3.12/site-packages/airflow/example_dags/example_branch_python_dop_operator_3.py
[2026-06-21T16:03:42.883-0500] {processor.py:840} INFO - DAG(s) 'example_branch_dop_operator_v3' retrieved from /Users/naga/Desktop/airflow_env/lib/python3.12/site-packages/airflow/example_dags/example_branch_python_dop_operator_3.py
[2026-06-21T16:03:42.925-0500] {logging_mixin.py:188} INFO - [2026-06-21T16:03:42.925-0500] {dag.py:3089} INFO - Sync 1 DAGs
[2026-06-21T16:03:42.934-0500] {logging_mixin.py:188} INFO - [2026-06-21T16:03:42.934-0500] {dag.py:3947} INFO - Setting next_dagrun for example_branch_dop_operator_v3 to 2026-06-21 21:02:00+00:00, run_after=2026-06-21 21:03:00+00:00
[2026-06-21T16:03:42.942-0500] {processor.py:183} INFO - Processing /Users/naga/Desktop/airflow_env/lib/python3.12/site-packages/airflow/example_dags/example_branch_python_dop_operator_3.py took 0.085 seconds
[2026-06-21T16:05:51.353-0500] {processor.py:161} INFO - Started process (PID=58630) to work on /Users/naga/Desktop/airflow_env/lib/python3.12/site-packages/airflow/example_dags/example_branch_python_dop_operator_3.py
[2026-06-21T16:05:51.355-0500] {processor.py:830} INFO - Processing file /Users/naga/Desktop/airflow_env/lib/python3.12/site-packages/airflow/example_dags/example_branch_python_dop_operator_3.py for tasks to queue
[2026-06-21T16:05:51.356-0500] {logging_mixin.py:188} INFO - [2026-06-21T16:05:51.356-0500] {dagbag.py:545} INFO - Filling up the DagBag from /Users/naga/Desktop/airflow_env/lib/python3.12/site-packages/airflow/example_dags/example_branch_python_dop_operator_3.py
[2026-06-21T16:05:51.376-0500] {processor.py:840} INFO - DAG(s) 'example_branch_dop_operator_v3' retrieved from /Users/naga/Desktop/airflow_env/lib/python3.12/site-packages/airflow/example_dags/example_branch_python_dop_operator_3.py
[2026-06-21T16:05:51.418-0500] {logging_mixin.py:188} INFO - [2026-06-21T16:05:51.418-0500] {dag.py:3089} INFO - Sync 1 DAGs
[2026-06-21T16:05:51.427-0500] {logging_mixin.py:188} INFO - [2026-06-21T16:05:51.426-0500] {dag.py:3947} INFO - Setting next_dagrun for example_branch_dop_operator_v3 to 2026-06-21 21:04:00+00:00, run_after=2026-06-21 21:05:00+00:00
[2026-06-21T16:05:51.434-0500] {processor.py:183} INFO - Processing /Users/naga/Desktop/airflow_env/lib/python3.12/site-packages/airflow/example_dags/example_branch_python_dop_operator_3.py took 0.083 seconds
[2026-06-21T16:08:01.708-0500] {processor.py:161} INFO - Started process (PID=58755) to work on /Users/naga/Desktop/airflow_env/lib/python3.12/site-packages/airflow/example_dags/example_branch_python_dop_operator_3.py
[2026-06-21T16:08:01.709-0500] {processor.py:830} INFO - Processing file /Users/naga/Desktop/airflow_env/lib/python3.12/site-packages/airflow/example_dags/example_branch_python_dop_operator_3.py for tasks to queue
[2026-06-21T16:08:01.709-0500] {logging_mixin.py:188} INFO - [2026-06-21T16:08:01.709-0500] {dagbag.py:545} INFO - Filling up the DagBag from /Users/naga/Desktop/airflow_env/lib/python3.12/site-packages/airflow/example_dags/example_branch_python_dop_operator_3.py
[2026-06-21T16:08:01.740-0500] {processor.py:840} INFO - DAG(s) 'example_branch_dop_operator_v3' retrieved from /Users/naga/Desktop/airflow_env/lib/python3.12/site-packages/airflow/example_dags/example_branch_python_dop_operator_3.py
[2026-06-21T16:08:01.800-0500] {logging_mixin.py:188} INFO - [2026-06-21T16:08:01.800-0500] {dag.py:3089} INFO - Sync 1 DAGs
[2026-06-21T16:08:01.813-0500] {logging_mixin.py:188} INFO - [2026-06-21T16:08:01.813-0500] {dag.py:3947} INFO - Setting next_dagrun for example_branch_dop_operator_v3 to 2026-06-21 21:07:00+00:00, run_after=2026-06-21 21:08:00+00:00
[2026-06-21T16:08:01.827-0500] {processor.py:183} INFO - Processing /Users/naga/Desktop/airflow_env/lib/python3.12/site-packages/airflow/example_dags/example_branch_python_dop_operator_3.py took 0.121 seconds
[2026-06-21T16:10:16.919-0500] {processor.py:161} INFO - Started process (PID=58901) to work on /Users/naga/Desktop/airflow_env/lib/python3.12/site-packages/airflow/example_dags/example_branch_python_dop_operator_3.py
[2026-06-21T16:10:16.919-0500] {processor.py:830} INFO - Processing file /Users/naga/Desktop/airflow_env/lib/python3.12/site-packages/airflow/example_dags/example_branch_python_dop_operator_3.py for tasks to queue
[2026-06-21T16:10:16.920-0500] {logging_mixin.py:188} INFO - [2026-06-21T16:10:16.920-0500] {dagbag.py:545} INFO - Filling up the DagBag from /Users/naga/Desktop/airflow_env/lib/python3.12/site-packages/airflow/example_dags/example_branch_python_dop_operator_3.py
[2026-06-21T16:10:16.942-0500] {processor.py:840} INFO - DAG(s) 'example_branch_dop_operator_v3' retrieved from /Users/naga/Desktop/airflow_env/lib/python3.12/site-packages/airflow/example_dags/example_branch_python_dop_operator_3.py
[2026-06-21T16:10:16.989-0500] {logging_mixin.py:188} INFO - [2026-06-21T16:10:16.989-0500] {dag.py:3089} INFO - Sync 1 DAGs
[2026-06-21T16:10:17.001-0500] {logging_mixin.py:188} INFO - [2026-06-21T16:10:17.000-0500] {dag.py:3947} INFO - Setting next_dagrun for example_branch_dop_operator_v3 to 2026-06-21 21:09:00+00:00, run_after=2026-06-21 21:10:00+00:00
[2026-06-21T16:10:17.009-0500] {processor.py:183} INFO - Processing /Users/naga/Desktop/airflow_env/lib/python3.12/site-packages/airflow/example_dags/example_branch_python_dop_operator_3.py took 0.092 seconds
[2026-06-21T16:12:29.844-0500] {processor.py:161} INFO - Started process (PID=59016) to work on /Users/naga/Desktop/airflow_env/lib/python3.12/site-packages/airflow/example_dags/example_branch_python_dop_operator_3.py
[2026-06-21T16:12:29.845-0500] {processor.py:830} INFO - Processing file /Users/naga/Desktop/airflow_env/lib/python3.12/site-packages/airflow/example_dags/example_branch_python_dop_operator_3.py for tasks to queue
[2026-06-21T16:12:29.846-0500] {logging_mixin.py:188} INFO - [2026-06-21T16:12:29.845-0500] {dagbag.py:545} INFO - Filling up the DagBag from /Users/naga/Desktop/airflow_env/lib/python3.12/site-packages/airflow/example_dags/example_branch_python_dop_operator_3.py
[2026-06-21T16:12:29.868-0500] {processor.py:840} INFO - DAG(s) 'example_branch_dop_operator_v3' retrieved from /Users/naga/Desktop/airflow_env/lib/python3.12/site-packages/airflow/example_dags/example_branch_python_dop_operator_3.py
[2026-06-21T16:12:29.913-0500] {logging_mixin.py:188} INFO - [2026-06-21T16:12:29.912-0500] {dag.py:3089} INFO - Sync 1 DAGs
[2026-06-21T16:12:29.922-0500] {logging_mixin.py:188} INFO - [2026-06-21T16:12:29.922-0500] {dag.py:3947} INFO - Setting next_dagrun for example_branch_dop_operator_v3 to 2026-06-21 21:11:00+00:00, run_after=2026-06-21 21:12:00+00:00
[2026-06-21T16:12:29.930-0500] {processor.py:183} INFO - Processing /Users/naga/Desktop/airflow_env/lib/python3.12/site-packages/airflow/example_dags/example_branch_python_dop_operator_3.py took 0.087 seconds
[2026-06-21T16:14:41.470-0500] {processor.py:161} INFO - Started process (PID=59137) to work on /Users/naga/Desktop/airflow_env/lib/python3.12/site-packages/airflow/example_dags/example_branch_python_dop_operator_3.py
[2026-06-21T16:14:41.471-0500] {processor.py:830} INFO - Processing file /Users/naga/Desktop/airflow_env/lib/python3.12/site-packages/airflow/example_dags/example_branch_python_dop_operator_3.py for tasks to queue
[2026-06-21T16:14:41.471-0500] {logging_mixin.py:188} INFO - [2026-06-21T16:14:41.471-0500] {dagbag.py:545} INFO - Filling up the DagBag from /Users/naga/Desktop/airflow_env/lib/python3.12/site-packages/airflow/example_dags/example_branch_python_dop_operator_3.py
[2026-06-21T16:14:41.493-0500] {processor.py:840} INFO - DAG(s) 'example_branch_dop_operator_v3' retrieved from /Users/naga/Desktop/airflow_env/lib/python3.12/site-packages/airflow/example_dags/example_branch_python_dop_operator_3.py
[2026-06-21T16:14:41.539-0500] {logging_mixin.py:188} INFO - [2026-06-21T16:14:41.538-0500] {dag.py:3089} INFO - Sync 1 DAGs
[2026-06-21T16:14:41.548-0500] {logging_mixin.py:188} INFO - [2026-06-21T16:14:41.548-0500] {dag.py:3947} INFO - Setting next_dagrun for example_branch_dop_operator_v3 to 2026-06-21 21:13:00+00:00, run_after=2026-06-21 21:14:00+00:00
[2026-06-21T16:14:41.556-0500] {processor.py:183} INFO - Processing /Users/naga/Desktop/airflow_env/lib/python3.12/site-packages/airflow/example_dags/example_branch_python_dop_operator_3.py took 0.087 seconds
[2026-06-21T16:16:51.402-0500] {processor.py:161} INFO - Started process (PID=59284) to work on /Users/naga/Desktop/airflow_env/lib/python3.12/site-packages/airflow/example_dags/example_branch_python_dop_operator_3.py
[2026-06-21T16:16:51.403-0500] {processor.py:830} INFO - Processing file /Users/naga/Desktop/airflow_env/lib/python3.12/site-packages/airflow/example_dags/example_branch_python_dop_operator_3.py for tasks to queue
[2026-06-21T16:16:51.403-0500] {logging_mixin.py:188} INFO - [2026-06-21T16:16:51.403-0500] {dagbag.py:545} INFO - Filling up the DagBag from /Users/naga/Desktop/airflow_env/lib/python3.12/site-packages/airflow/example_dags/example_branch_python_dop_operator_3.py
[2026-06-21T16:16:51.425-0500] {processor.py:840} INFO - DAG(s) 'example_branch_dop_operator_v3' retrieved from /Users/naga/Desktop/airflow_env/lib/python3.12/site-packages/airflow/example_dags/example_branch_python_dop_operator_3.py
[2026-06-21T16:16:51.472-0500] {logging_mixin.py:188} INFO - [2026-06-21T16:16:51.472-0500] {dag.py:3089} INFO - Sync 1 DAGs
[2026-06-21T16:16:51.482-0500] {logging_mixin.py:188} INFO - [2026-06-21T16:16:51.482-0500] {dag.py:3947} INFO - Setting next_dagrun for example_branch_dop_operator_v3 to 2026-06-21 21:15:00+00:00, run_after=2026-06-21 21:16:00+00:00
[2026-06-21T16:16:51.491-0500] {processor.py:183} INFO - Processing /Users/naga/Desktop/airflow_env/lib/python3.12/site-packages/airflow/example_dags/example_branch_python_dop_operator_3.py took 0.090 seconds
[2026-06-21T16:19:03.369-0500] {processor.py:161} INFO - Started process (PID=59415) to work on /Users/naga/Desktop/airflow_env/lib/python3.12/site-packages/airflow/example_dags/example_branch_python_dop_operator_3.py
[2026-06-21T16:19:03.370-0500] {processor.py:830} INFO - Processing file /Users/naga/Desktop/airflow_env/lib/python3.12/site-packages/airflow/example_dags/example_branch_python_dop_operator_3.py for tasks to queue
[2026-06-21T16:19:03.370-0500] {logging_mixin.py:188} INFO - [2026-06-21T16:19:03.370-0500] {dagbag.py:545} INFO - Filling up the DagBag from /Users/naga/Desktop/airflow_env/lib/python3.12/site-packages/airflow/example_dags/example_branch_python_dop_operator_3.py
[2026-06-21T16:19:03.393-0500] {processor.py:840} INFO - DAG(s) 'example_branch_dop_operator_v3' retrieved from /Users/naga/Desktop/airflow_env/lib/python3.12/site-packages/airflow/example_dags/example_branch_python_dop_operator_3.py
[2026-06-21T16:19:03.439-0500] {logging_mixin.py:188} INFO - [2026-06-21T16:19:03.439-0500] {dag.py:3089} INFO - Sync 1 DAGs
[2026-06-21T16:19:03.449-0500] {logging_mixin.py:188} INFO - [2026-06-21T16:19:03.449-0500] {dag.py:3947} INFO - Setting next_dagrun for example_branch_dop_operator_v3 to 2026-06-21 21:18:00+00:00, run_after=2026-06-21 21:19:00+00:00
[2026-06-21T16:19:03.458-0500] {processor.py:183} INFO - Processing /Users/naga/Desktop/airflow_env/lib/python3.12/site-packages/airflow/example_dags/example_branch_python_dop_operator_3.py took 0.090 seconds
[2026-06-21T16:21:12.934-0500] {processor.py:161} INFO - Started process (PID=59561) to work on /Users/naga/Desktop/airflow_env/lib/python3.12/site-packages/airflow/example_dags/example_branch_python_dop_operator_3.py
[2026-06-21T16:21:12.934-0500] {processor.py:830} INFO - Processing file /Users/naga/Desktop/airflow_env/lib/python3.12/site-packages/airflow/example_dags/example_branch_python_dop_operator_3.py for tasks to queue
[2026-06-21T16:21:12.935-0500] {logging_mixin.py:188} INFO - [2026-06-21T16:21:12.935-0500] {dagbag.py:545} INFO - Filling up the DagBag from /Users/naga/Desktop/airflow_env/lib/python3.12/site-packages/airflow/example_dags/example_branch_python_dop_operator_3.py
[2026-06-21T16:21:12.958-0500] {processor.py:840} INFO - DAG(s) 'example_branch_dop_operator_v3' retrieved from /Users/naga/Desktop/airflow_env/lib/python3.12/site-packages/airflow/example_dags/example_branch_python_dop_operator_3.py
[2026-06-21T16:21:13.011-0500] {logging_mixin.py:188} INFO - [2026-06-21T16:21:13.011-0500] {dag.py:3089} INFO - Sync 1 DAGs
[2026-06-21T16:21:13.021-0500] {logging_mixin.py:188} INFO - [2026-06-21T16:21:13.021-0500] {dag.py:3947} INFO - Setting next_dagrun for example_branch_dop_operator_v3 to 2026-06-21 21:20:00+00:00, run_after=2026-06-21 21:21:00+00:00
[2026-06-21T16:21:13.032-0500] {processor.py:183} INFO - Processing /Users/naga/Desktop/airflow_env/lib/python3.12/site-packages/airflow/example_dags/example_branch_python_dop_operator_3.py took 0.100 seconds
[2026-06-21T16:23:21.276-0500] {processor.py:161} INFO - Started process (PID=59691) to work on /Users/naga/Desktop/airflow_env/lib/python3.12/site-packages/airflow/example_dags/example_branch_python_dop_operator_3.py
[2026-06-21T16:23:21.280-0500] {processor.py:830} INFO - Processing file /Users/naga/Desktop/airflow_env/lib/python3.12/site-packages/airflow/example_dags/example_branch_python_dop_operator_3.py for tasks to queue
[2026-06-21T16:23:21.281-0500] {logging_mixin.py:188} INFO - [2026-06-21T16:23:21.281-0500] {dagbag.py:545} INFO - Filling up the DagBag from /Users/naga/Desktop/airflow_env/lib/python3.12/site-packages/airflow/example_dags/example_branch_python_dop_operator_3.py
[2026-06-21T16:23:21.304-0500] {processor.py:840} INFO - DAG(s) 'example_branch_dop_operator_v3' retrieved from /Users/naga/Desktop/airflow_env/lib/python3.12/site-packages/airflow/example_dags/example_branch_python_dop_operator_3.py
[2026-06-21T16:23:21.349-0500] {logging_mixin.py:188} INFO - [2026-06-21T16:23:21.349-0500] {dag.py:3089} INFO - Sync 1 DAGs
[2026-06-21T16:23:21.358-0500] {logging_mixin.py:188} INFO - [2026-06-21T16:23:21.358-0500] {dag.py:3947} INFO - Setting next_dagrun for example_branch_dop_operator_v3 to 2026-06-21 21:22:00+00:00, run_after=2026-06-21 21:23:00+00:00
[2026-06-21T16:23:21.367-0500] {processor.py:183} INFO - Processing /Users/naga/Desktop/airflow_env/lib/python3.12/site-packages/airflow/example_dags/example_branch_python_dop_operator_3.py took 0.092 seconds
[2026-06-21T16:25:32.444-0500] {processor.py:161} INFO - Started process (PID=59815) to work on /Users/naga/Desktop/airflow_env/lib/python3.12/site-packages/airflow/example_dags/example_branch_python_dop_operator_3.py
[2026-06-21T16:25:32.446-0500] {processor.py:830} INFO - Processing file /Users/naga/Desktop/airflow_env/lib/python3.12/site-packages/airflow/example_dags/example_branch_python_dop_operator_3.py for tasks to queue
[2026-06-21T16:25:32.446-0500] {logging_mixin.py:188} INFO - [2026-06-21T16:25:32.446-0500] {dagbag.py:545} INFO - Filling up the DagBag from /Users/naga/Desktop/airflow_env/lib/python3.12/site-packages/airflow/example_dags/example_branch_python_dop_operator_3.py
[2026-06-21T16:25:32.469-0500] {processor.py:840} INFO - DAG(s) 'example_branch_dop_operator_v3' retrieved from /Users/naga/Desktop/airflow_env/lib/python3.12/site-packages/airflow/example_dags/example_branch_python_dop_operator_3.py
[2026-06-21T16:25:32.513-0500] {logging_mixin.py:188} INFO - [2026-06-21T16:25:32.513-0500] {dag.py:3089} INFO - Sync 1 DAGs
[2026-06-21T16:25:32.522-0500] {logging_mixin.py:188} INFO - [2026-06-21T16:25:32.522-0500] {dag.py:3947} INFO - Setting next_dagrun for example_branch_dop_operator_v3 to 2026-06-21 21:24:00+00:00, run_after=2026-06-21 21:25:00+00:00
[2026-06-21T16:25:32.531-0500] {processor.py:183} INFO - Processing /Users/naga/Desktop/airflow_env/lib/python3.12/site-packages/airflow/example_dags/example_branch_python_dop_operator_3.py took 0.087 seconds
[2026-06-21T16:27:51.467-0500] {processor.py:161} INFO - Started process (PID=59977) to work on /Users/naga/Desktop/airflow_env/lib/python3.12/site-packages/airflow/example_dags/example_branch_python_dop_operator_3.py
[2026-06-21T16:27:51.467-0500] {processor.py:830} INFO - Processing file /Users/naga/Desktop/airflow_env/lib/python3.12/site-packages/airflow/example_dags/example_branch_python_dop_operator_3.py for tasks to queue
[2026-06-21T16:27:51.468-0500] {logging_mixin.py:188} INFO - [2026-06-21T16:27:51.467-0500] {dagbag.py:545} INFO - Filling up the DagBag from /Users/naga/Desktop/airflow_env/lib/python3.12/site-packages/airflow/example_dags/example_branch_python_dop_operator_3.py
[2026-06-21T16:27:51.489-0500] {processor.py:840} INFO - DAG(s) 'example_branch_dop_operator_v3' retrieved from /Users/naga/Desktop/airflow_env/lib/python3.12/site-packages/airflow/example_dags/example_branch_python_dop_operator_3.py
[2026-06-21T16:27:51.533-0500] {logging_mixin.py:188} INFO - [2026-06-21T16:27:51.533-0500] {dag.py:3089} INFO - Sync 1 DAGs
[2026-06-21T16:27:51.542-0500] {logging_mixin.py:188} INFO - [2026-06-21T16:27:51.542-0500] {dag.py:3947} INFO - Setting next_dagrun for example_branch_dop_operator_v3 to 2026-06-21 21:26:00+00:00, run_after=2026-06-21 21:27:00+00:00
[2026-06-21T16:27:51.551-0500] {processor.py:183} INFO - Processing /Users/naga/Desktop/airflow_env/lib/python3.12/site-packages/airflow/example_dags/example_branch_python_dop_operator_3.py took 0.086 seconds
[2026-06-21T16:30:01.977-0500] {processor.py:161} INFO - Started process (PID=60081) to work on /Users/naga/Desktop/airflow_env/lib/python3.12/site-packages/airflow/example_dags/example_branch_python_dop_operator_3.py
[2026-06-21T16:30:01.977-0500] {processor.py:830} INFO - Processing file /Users/naga/Desktop/airflow_env/lib/python3.12/site-packages/airflow/example_dags/example_branch_python_dop_operator_3.py for tasks to queue
[2026-06-21T16:30:01.977-0500] {logging_mixin.py:188} INFO - [2026-06-21T16:30:01.977-0500] {dagbag.py:545} INFO - Filling up the DagBag from /Users/naga/Desktop/airflow_env/lib/python3.12/site-packages/airflow/example_dags/example_branch_python_dop_operator_3.py
[2026-06-21T16:30:01.998-0500] {processor.py:840} INFO - DAG(s) 'example_branch_dop_operator_v3' retrieved from /Users/naga/Desktop/airflow_env/lib/python3.12/site-packages/airflow/example_dags/example_branch_python_dop_operator_3.py
[2026-06-21T16:30:02.040-0500] {logging_mixin.py:188} INFO - [2026-06-21T16:30:02.040-0500] {dag.py:3089} INFO - Sync 1 DAGs
[2026-06-21T16:30:02.049-0500] {logging_mixin.py:188} INFO - [2026-06-21T16:30:02.048-0500] {dag.py:3947} INFO - Setting next_dagrun for example_branch_dop_operator_v3 to 2026-06-21 21:29:00+00:00, run_after=2026-06-21 21:30:00+00:00
[2026-06-21T16:30:02.057-0500] {processor.py:183} INFO - Processing /Users/naga/Desktop/airflow_env/lib/python3.12/site-packages/airflow/example_dags/example_branch_python_dop_operator_3.py took 0.082 seconds
[2026-06-21T16:32:06.766-0500] {processor.py:161} INFO - Started process (PID=60229) to work on /Users/naga/Desktop/airflow_env/lib/python3.12/site-packages/airflow/example_dags/example_branch_python_dop_operator_3.py
[2026-06-21T16:32:06.766-0500] {processor.py:830} INFO - Processing file /Users/naga/Desktop/airflow_env/lib/python3.12/site-packages/airflow/example_dags/example_branch_python_dop_operator_3.py for tasks to queue
[2026-06-21T16:32:06.767-0500] {logging_mixin.py:188} INFO - [2026-06-21T16:32:06.767-0500] {dagbag.py:545} INFO - Filling up the DagBag from /Users/naga/Desktop/airflow_env/lib/python3.12/site-packages/airflow/example_dags/example_branch_python_dop_operator_3.py
[2026-06-21T16:32:06.787-0500] {processor.py:840} INFO - DAG(s) 'example_branch_dop_operator_v3' retrieved from /Users/naga/Desktop/airflow_env/lib/python3.12/site-packages/airflow/example_dags/example_branch_python_dop_operator_3.py
[2026-06-21T16:32:06.829-0500] {logging_mixin.py:188} INFO - [2026-06-21T16:32:06.829-0500] {dag.py:3089} INFO - Sync 1 DAGs
[2026-06-21T16:32:06.838-0500] {logging_mixin.py:188} INFO - [2026-06-21T16:32:06.838-0500] {dag.py:3947} INFO - Setting next_dagrun for example_branch_dop_operator_v3 to 2026-06-21 21:31:00+00:00, run_after=2026-06-21 21:32:00+00:00
[2026-06-21T16:32:06.846-0500] {processor.py:183} INFO - Processing /Users/naga/Desktop/airflow_env/lib/python3.12/site-packages/airflow/example_dags/example_branch_python_dop_operator_3.py took 0.082 seconds
[2026-06-21T16:34:08.219-0500] {processor.py:161} INFO - Started process (PID=60343) to work on /Users/naga/Desktop/airflow_env/lib/python3.12/site-packages/airflow/example_dags/example_branch_python_dop_operator_3.py
[2026-06-21T16:34:08.220-0500] {processor.py:830} INFO - Processing file /Users/naga/Desktop/airflow_env/lib/python3.12/site-packages/airflow/example_dags/example_branch_python_dop_operator_3.py for tasks to queue
[2026-06-21T16:34:08.220-0500] {logging_mixin.py:188} INFO - [2026-06-21T16:34:08.220-0500] {dagbag.py:545} INFO - Filling up the DagBag from /Users/naga/Desktop/airflow_env/lib/python3.12/site-packages/airflow/example_dags/example_branch_python_dop_operator_3.py
[2026-06-21T16:34:08.241-0500] {processor.py:840} INFO - DAG(s) 'example_branch_dop_operator_v3' retrieved from /Users/naga/Desktop/airflow_env/lib/python3.12/site-packages/airflow/example_dags/example_branch_python_dop_operator_3.py
[2026-06-21T16:34:08.284-0500] {logging_mixin.py:188} INFO - [2026-06-21T16:34:08.284-0500] {dag.py:3089} INFO - Sync 1 DAGs
[2026-06-21T16:34:08.293-0500] {logging_mixin.py:188} INFO - [2026-06-21T16:34:08.293-0500] {dag.py:3947} INFO - Setting next_dagrun for example_branch_dop_operator_v3 to 2026-06-21 21:33:00+00:00, run_after=2026-06-21 21:34:00+00:00
[2026-06-21T16:34:08.301-0500] {processor.py:183} INFO - Processing /Users/naga/Desktop/airflow_env/lib/python3.12/site-packages/airflow/example_dags/example_branch_python_dop_operator_3.py took 0.084 seconds
[2026-06-21T16:36:17.271-0500] {processor.py:161} INFO - Started process (PID=60470) to work on /Users/naga/Desktop/airflow_env/lib/python3.12/site-packages/airflow/example_dags/example_branch_python_dop_operator_3.py
[2026-06-21T16:36:17.272-0500] {processor.py:830} INFO - Processing file /Users/naga/Desktop/airflow_env/lib/python3.12/site-packages/airflow/example_dags/example_branch_python_dop_operator_3.py for tasks to queue
[2026-06-21T16:36:17.273-0500] {logging_mixin.py:188} INFO - [2026-06-21T16:36:17.272-0500] {dagbag.py:545} INFO - Filling up the DagBag from /Users/naga/Desktop/airflow_env/lib/python3.12/site-packages/airflow/example_dags/example_branch_python_dop_operator_3.py
[2026-06-21T16:36:17.294-0500] {processor.py:840} INFO - DAG(s) 'example_branch_dop_operator_v3' retrieved from /Users/naga/Desktop/airflow_env/lib/python3.12/site-packages/airflow/example_dags/example_branch_python_dop_operator_3.py
[2026-06-21T16:36:17.338-0500] {logging_mixin.py:188} INFO - [2026-06-21T16:36:17.338-0500] {dag.py:3089} INFO - Sync 1 DAGs
[2026-06-21T16:36:17.347-0500] {logging_mixin.py:188} INFO - [2026-06-21T16:36:17.347-0500] {dag.py:3947} INFO - Setting next_dagrun for example_branch_dop_operator_v3 to 2026-06-21 21:35:00+00:00, run_after=2026-06-21 21:36:00+00:00
[2026-06-21T16:36:17.355-0500] {processor.py:183} INFO - Processing /Users/naga/Desktop/airflow_env/lib/python3.12/site-packages/airflow/example_dags/example_branch_python_dop_operator_3.py took 0.085 seconds
[2026-06-21T16:38:20.040-0500] {processor.py:161} INFO - Started process (PID=60600) to work on /Users/naga/Desktop/airflow_env/lib/python3.12/site-packages/airflow/example_dags/example_branch_python_dop_operator_3.py
[2026-06-21T16:38:20.041-0500] {processor.py:830} INFO - Processing file /Users/naga/Desktop/airflow_env/lib/python3.12/site-packages/airflow/example_dags/example_branch_python_dop_operator_3.py for tasks to queue
[2026-06-21T16:38:20.041-0500] {logging_mixin.py:188} INFO - [2026-06-21T16:38:20.041-0500] {dagbag.py:545} INFO - Filling up the DagBag from /Users/naga/Desktop/airflow_env/lib/python3.12/site-packages/airflow/example_dags/example_branch_python_dop_operator_3.py
[2026-06-21T16:38:20.062-0500] {processor.py:840} INFO - DAG(s) 'example_branch_dop_operator_v3' retrieved from /Users/naga/Desktop/airflow_env/lib/python3.12/site-packages/airflow/example_dags/example_branch_python_dop_operator_3.py
[2026-06-21T16:38:20.104-0500] {logging_mixin.py:188} INFO - [2026-06-21T16:38:20.104-0500] {dag.py:3089} INFO - Sync 1 DAGs
[2026-06-21T16:38:20.113-0500] {logging_mixin.py:188} INFO - [2026-06-21T16:38:20.113-0500] {dag.py:3947} INFO - Setting next_dagrun for example_branch_dop_operator_v3 to 2026-06-21 21:37:00+00:00, run_after=2026-06-21 21:38:00+00:00
[2026-06-21T16:38:20.121-0500] {processor.py:183} INFO - Processing /Users/naga/Desktop/airflow_env/lib/python3.12/site-packages/airflow/example_dags/example_branch_python_dop_operator_3.py took 0.082 seconds
[2026-06-21T16:40:27.160-0500] {processor.py:161} INFO - Started process (PID=60722) to work on /Users/naga/Desktop/airflow_env/lib/python3.12/site-packages/airflow/example_dags/example_branch_python_dop_operator_3.py
[2026-06-21T16:40:27.161-0500] {processor.py:830} INFO - Processing file /Users/naga/Desktop/airflow_env/lib/python3.12/site-packages/airflow/example_dags/example_branch_python_dop_operator_3.py for tasks to queue
[2026-06-21T16:40:27.161-0500] {logging_mixin.py:188} INFO - [2026-06-21T16:40:27.161-0500] {dagbag.py:545} INFO - Filling up the DagBag from /Users/naga/Desktop/airflow_env/lib/python3.12/site-packages/airflow/example_dags/example_branch_python_dop_operator_3.py
[2026-06-21T16:40:27.182-0500] {processor.py:840} INFO - DAG(s) 'example_branch_dop_operator_v3' retrieved from /Users/naga/Desktop/airflow_env/lib/python3.12/site-packages/airflow/example_dags/example_branch_python_dop_operator_3.py
[2026-06-21T16:40:27.223-0500] {logging_mixin.py:188} INFO - [2026-06-21T16:40:27.223-0500] {dag.py:3089} INFO - Sync 1 DAGs
[2026-06-21T16:40:27.232-0500] {logging_mixin.py:188} INFO - [2026-06-21T16:40:27.232-0500] {dag.py:3947} INFO - Setting next_dagrun for example_branch_dop_operator_v3 to 2026-06-21 21:39:00+00:00, run_after=2026-06-21 21:40:00+00:00
[2026-06-21T16:40:27.240-0500] {processor.py:183} INFO - Processing /Users/naga/Desktop/airflow_env/lib/python3.12/site-packages/airflow/example_dags/example_branch_python_dop_operator_3.py took 0.082 seconds
[2026-06-21T16:43:42.652-0500] {processor.py:161} INFO - Started process (PID=60903) to work on /Users/naga/Desktop/airflow_env/lib/python3.12/site-packages/airflow/example_dags/example_branch_python_dop_operator_3.py
[2026-06-21T16:43:42.653-0500] {processor.py:830} INFO - Processing file /Users/naga/Desktop/airflow_env/lib/python3.12/site-packages/airflow/example_dags/example_branch_python_dop_operator_3.py for tasks to queue
[2026-06-21T16:43:42.654-0500] {logging_mixin.py:188} INFO - [2026-06-21T16:43:42.654-0500] {dagbag.py:545} INFO - Filling up the DagBag from /Users/naga/Desktop/airflow_env/lib/python3.12/site-packages/airflow/example_dags/example_branch_python_dop_operator_3.py
[2026-06-21T16:43:42.691-0500] {processor.py:840} INFO - DAG(s) 'example_branch_dop_operator_v3' retrieved from /Users/naga/Desktop/airflow_env/lib/python3.12/site-packages/airflow/example_dags/example_branch_python_dop_operator_3.py
[2026-06-21T16:43:42.764-0500] {logging_mixin.py:188} INFO - [2026-06-21T16:43:42.763-0500] {dag.py:3089} INFO - Sync 1 DAGs
[2026-06-21T16:43:42.779-0500] {logging_mixin.py:188} INFO - [2026-06-21T16:43:42.778-0500] {dag.py:3947} INFO - Setting next_dagrun for example_branch_dop_operator_v3 to 2026-06-21 21:42:00+00:00, run_after=2026-06-21 21:43:00+00:00
[2026-06-21T16:43:42.793-0500] {processor.py:183} INFO - Processing /Users/naga/Desktop/airflow_env/lib/python3.12/site-packages/airflow/example_dags/example_branch_python_dop_operator_3.py took 0.143 seconds
[2026-06-21T16:46:48.287-0500] {processor.py:161} INFO - Started process (PID=61034) to work on /Users/naga/Desktop/airflow_env/lib/python3.12/site-packages/airflow/example_dags/example_branch_python_dop_operator_3.py
[2026-06-21T16:46:48.289-0500] {processor.py:830} INFO - Processing file /Users/naga/Desktop/airflow_env/lib/python3.12/site-packages/airflow/example_dags/example_branch_python_dop_operator_3.py for tasks to queue
[2026-06-21T16:46:48.289-0500] {logging_mixin.py:188} INFO - [2026-06-21T16:46:48.289-0500] {dagbag.py:545} INFO - Filling up the DagBag from /Users/naga/Desktop/airflow_env/lib/python3.12/site-packages/airflow/example_dags/example_branch_python_dop_operator_3.py
[2026-06-21T16:46:48.323-0500] {processor.py:840} INFO - DAG(s) 'example_branch_dop_operator_v3' retrieved from /Users/naga/Desktop/airflow_env/lib/python3.12/site-packages/airflow/example_dags/example_branch_python_dop_operator_3.py
[2026-06-21T16:46:48.396-0500] {logging_mixin.py:188} INFO - [2026-06-21T16:46:48.396-0500] {dag.py:3089} INFO - Sync 1 DAGs
[2026-06-21T16:46:48.411-0500] {logging_mixin.py:188} INFO - [2026-06-21T16:46:48.411-0500] {dag.py:3947} INFO - Setting next_dagrun for example_branch_dop_operator_v3 to 2026-06-21 21:45:00+00:00, run_after=2026-06-21 21:46:00+00:00
[2026-06-21T16:46:48.425-0500] {processor.py:183} INFO - Processing /Users/naga/Desktop/airflow_env/lib/python3.12/site-packages/airflow/example_dags/example_branch_python_dop_operator_3.py took 0.140 seconds
[2026-06-21T18:50:09.558-0500] {processor.py:161} INFO - Started process (PID=61266) to work on /Users/naga/Desktop/airflow_env/lib/python3.12/site-packages/airflow/example_dags/example_branch_python_dop_operator_3.py
[2026-06-21T18:50:09.559-0500] {processor.py:830} INFO - Processing file /Users/naga/Desktop/airflow_env/lib/python3.12/site-packages/airflow/example_dags/example_branch_python_dop_operator_3.py for tasks to queue
[2026-06-21T18:50:09.559-0500] {logging_mixin.py:188} INFO - [2026-06-21T18:50:09.559-0500] {dagbag.py:545} INFO - Filling up the DagBag from /Users/naga/Desktop/airflow_env/lib/python3.12/site-packages/airflow/example_dags/example_branch_python_dop_operator_3.py
[2026-06-21T18:50:09.593-0500] {processor.py:840} INFO - DAG(s) 'example_branch_dop_operator_v3' retrieved from /Users/naga/Desktop/airflow_env/lib/python3.12/site-packages/airflow/example_dags/example_branch_python_dop_operator_3.py
[2026-06-21T18:50:09.665-0500] {logging_mixin.py:188} INFO - [2026-06-21T18:50:09.665-0500] {dag.py:3089} INFO - Sync 1 DAGs
[2026-06-21T18:50:09.681-0500] {logging_mixin.py:188} INFO - [2026-06-21T18:50:09.680-0500] {dag.py:3947} INFO - Setting next_dagrun for example_branch_dop_operator_v3 to 2026-06-21 23:49:00+00:00, run_after=2026-06-21 23:50:00+00:00
[2026-06-21T18:50:09.694-0500] {processor.py:183} INFO - Processing /Users/naga/Desktop/airflow_env/lib/python3.12/site-packages/airflow/example_dags/example_branch_python_dop_operator_3.py took 0.138 seconds
