[2026-06-21T14:44:59.040-0500] {processor.py:161} INFO - Started process (PID=54339) to work on /Users/naga/Desktop/airflow_env/lib/python3.12/site-packages/airflow/example_dags/example_latest_only_with_trigger.py
[2026-06-21T14:44:59.041-0500] {processor.py:830} INFO - Processing file /Users/naga/Desktop/airflow_env/lib/python3.12/site-packages/airflow/example_dags/example_latest_only_with_trigger.py for tasks to queue
[2026-06-21T14:44:59.041-0500] {logging_mixin.py:188} INFO - [2026-06-21T14:44:59.041-0500] {dagbag.py:545} INFO - Filling up the DagBag from /Users/naga/Desktop/airflow_env/lib/python3.12/site-packages/airflow/example_dags/example_latest_only_with_trigger.py
[2026-06-21T14:44:59.048-0500] {processor.py:840} INFO - DAG(s) 'latest_only_with_trigger' retrieved from /Users/naga/Desktop/airflow_env/lib/python3.12/site-packages/airflow/example_dags/example_latest_only_with_trigger.py
[2026-06-21T14:44:59.185-0500] {logging_mixin.py:188} INFO - [2026-06-21T14:44:59.184-0500] {override.py:1858} INFO - Created Permission View: can edit on DAG:latest_only_with_trigger
[2026-06-21T14:44:59.191-0500] {logging_mixin.py:188} INFO - [2026-06-21T14:44:59.190-0500] {override.py:1858} INFO - Created Permission View: can delete on DAG:latest_only_with_trigger
[2026-06-21T14:44:59.194-0500] {logging_mixin.py:188} INFO - [2026-06-21T14:44:59.194-0500] {override.py:1858} INFO - Created Permission View: can read on DAG:latest_only_with_trigger
[2026-06-21T14:44:59.195-0500] {logging_mixin.py:188} INFO - [2026-06-21T14:44:59.195-0500] {dag.py:3089} INFO - Sync 1 DAGs
[2026-06-21T14:44:59.202-0500] {logging_mixin.py:188} INFO - [2026-06-21T14:44:59.202-0500] {dag.py:3111} INFO - Creating ORM DAG for latest_only_with_trigger
[2026-06-21T14:44:59.208-0500] {logging_mixin.py:188} INFO - [2026-06-21T14:44:59.208-0500] {dag.py:3947} INFO - Setting next_dagrun for latest_only_with_trigger to 2026-06-21 12:00:00+00:00, run_after=2026-06-21 16:00:00+00:00
[2026-06-21T14:44:59.220-0500] {processor.py:183} INFO - Processing /Users/naga/Desktop/airflow_env/lib/python3.12/site-packages/airflow/example_dags/example_latest_only_with_trigger.py took 0.182 seconds
[2026-06-21T14:47:04.068-0500] {processor.py:161} INFO - Started process (PID=54446) to work on /Users/naga/Desktop/airflow_env/lib/python3.12/site-packages/airflow/example_dags/example_latest_only_with_trigger.py
[2026-06-21T14:47:04.069-0500] {processor.py:830} INFO - Processing file /Users/naga/Desktop/airflow_env/lib/python3.12/site-packages/airflow/example_dags/example_latest_only_with_trigger.py for tasks to queue
[2026-06-21T14:47:04.070-0500] {logging_mixin.py:188} INFO - [2026-06-21T14:47:04.070-0500] {dagbag.py:545} INFO - Filling up the DagBag from /Users/naga/Desktop/airflow_env/lib/python3.12/site-packages/airflow/example_dags/example_latest_only_with_trigger.py
[2026-06-21T14:47:04.077-0500] {processor.py:840} INFO - DAG(s) 'latest_only_with_trigger' retrieved from /Users/naga/Desktop/airflow_env/lib/python3.12/site-packages/airflow/example_dags/example_latest_only_with_trigger.py
[2026-06-21T14:47:04.152-0500] {logging_mixin.py:188} INFO - [2026-06-21T14:47:04.152-0500] {dag.py:3089} INFO - Sync 1 DAGs
[2026-06-21T14:47:04.166-0500] {logging_mixin.py:188} INFO - [2026-06-21T14:47:04.166-0500] {dag.py:3947} INFO - Setting next_dagrun for latest_only_with_trigger to 2026-06-21 12:00:00+00:00, run_after=2026-06-21 16:00:00+00:00
[2026-06-21T14:47:04.179-0500] {processor.py:183} INFO - Processing /Users/naga/Desktop/airflow_env/lib/python3.12/site-packages/airflow/example_dags/example_latest_only_with_trigger.py took 0.113 seconds
[2026-06-21T14:50:05.568-0500] {processor.py:161} INFO - Started process (PID=54632) to work on /Users/naga/Desktop/airflow_env/lib/python3.12/site-packages/airflow/example_dags/example_latest_only_with_trigger.py
[2026-06-21T14:50:05.569-0500] {processor.py:830} INFO - Processing file /Users/naga/Desktop/airflow_env/lib/python3.12/site-packages/airflow/example_dags/example_latest_only_with_trigger.py for tasks to queue
[2026-06-21T14:50:05.570-0500] {logging_mixin.py:188} INFO - [2026-06-21T14:50:05.569-0500] {dagbag.py:545} INFO - Filling up the DagBag from /Users/naga/Desktop/airflow_env/lib/python3.12/site-packages/airflow/example_dags/example_latest_only_with_trigger.py
[2026-06-21T14:50:05.577-0500] {processor.py:840} INFO - DAG(s) 'latest_only_with_trigger' retrieved from /Users/naga/Desktop/airflow_env/lib/python3.12/site-packages/airflow/example_dags/example_latest_only_with_trigger.py
[2026-06-21T14:50:05.651-0500] {logging_mixin.py:188} INFO - [2026-06-21T14:50:05.651-0500] {dag.py:3089} INFO - Sync 1 DAGs
[2026-06-21T14:50:05.664-0500] {logging_mixin.py:188} INFO - [2026-06-21T14:50:05.664-0500] {dag.py:3947} INFO - Setting next_dagrun for latest_only_with_trigger to 2026-06-21 12:00:00+00:00, run_after=2026-06-21 16:00:00+00:00
[2026-06-21T14:50:05.678-0500] {processor.py:183} INFO - Processing /Users/naga/Desktop/airflow_env/lib/python3.12/site-packages/airflow/example_dags/example_latest_only_with_trigger.py took 0.112 seconds
[2026-06-21T14:53:01.569-0500] {processor.py:161} INFO - Started process (PID=54793) to work on /Users/naga/Desktop/airflow_env/lib/python3.12/site-packages/airflow/example_dags/example_latest_only_with_trigger.py
[2026-06-21T14:53:01.571-0500] {processor.py:830} INFO - Processing file /Users/naga/Desktop/airflow_env/lib/python3.12/site-packages/airflow/example_dags/example_latest_only_with_trigger.py for tasks to queue
[2026-06-21T14:53:01.571-0500] {logging_mixin.py:188} INFO - [2026-06-21T14:53:01.571-0500] {dagbag.py:545} INFO - Filling up the DagBag from /Users/naga/Desktop/airflow_env/lib/python3.12/site-packages/airflow/example_dags/example_latest_only_with_trigger.py
[2026-06-21T14:53:01.578-0500] {processor.py:840} INFO - DAG(s) 'latest_only_with_trigger' retrieved from /Users/naga/Desktop/airflow_env/lib/python3.12/site-packages/airflow/example_dags/example_latest_only_with_trigger.py
[2026-06-21T14:53:01.653-0500] {logging_mixin.py:188} INFO - [2026-06-21T14:53:01.652-0500] {dag.py:3089} INFO - Sync 1 DAGs
[2026-06-21T14:53:01.666-0500] {logging_mixin.py:188} INFO - [2026-06-21T14:53:01.666-0500] {dag.py:3947} INFO - Setting next_dagrun for latest_only_with_trigger to 2026-06-21 12:00:00+00:00, run_after=2026-06-21 16:00:00+00:00
[2026-06-21T14:53:01.679-0500] {processor.py:183} INFO - Processing /Users/naga/Desktop/airflow_env/lib/python3.12/site-packages/airflow/example_dags/example_latest_only_with_trigger.py took 0.112 seconds
[2026-06-21T14:56:01.649-0500] {processor.py:161} INFO - Started process (PID=54995) to work on /Users/naga/Desktop/airflow_env/lib/python3.12/site-packages/airflow/example_dags/example_latest_only_with_trigger.py
[2026-06-21T14:56:01.651-0500] {processor.py:830} INFO - Processing file /Users/naga/Desktop/airflow_env/lib/python3.12/site-packages/airflow/example_dags/example_latest_only_with_trigger.py for tasks to queue
[2026-06-21T14:56:01.651-0500] {logging_mixin.py:188} INFO - [2026-06-21T14:56:01.651-0500] {dagbag.py:545} INFO - Filling up the DagBag from /Users/naga/Desktop/airflow_env/lib/python3.12/site-packages/airflow/example_dags/example_latest_only_with_trigger.py
[2026-06-21T14:56:01.658-0500] {processor.py:840} INFO - DAG(s) 'latest_only_with_trigger' retrieved from /Users/naga/Desktop/airflow_env/lib/python3.12/site-packages/airflow/example_dags/example_latest_only_with_trigger.py
[2026-06-21T14:56:01.741-0500] {logging_mixin.py:188} INFO - [2026-06-21T14:56:01.741-0500] {dag.py:3089} INFO - Sync 1 DAGs
[2026-06-21T14:56:01.759-0500] {logging_mixin.py:188} INFO - [2026-06-21T14:56:01.758-0500] {dag.py:3947} INFO - Setting next_dagrun for latest_only_with_trigger to 2026-06-21 12:00:00+00:00, run_after=2026-06-21 16:00:00+00:00
[2026-06-21T14:56:01.777-0500] {processor.py:183} INFO - Processing /Users/naga/Desktop/airflow_env/lib/python3.12/site-packages/airflow/example_dags/example_latest_only_with_trigger.py took 0.130 seconds
[2026-06-21T14:59:12.224-0500] {processor.py:161} INFO - Started process (PID=55337) to work on /Users/naga/Desktop/airflow_env/lib/python3.12/site-packages/airflow/example_dags/example_latest_only_with_trigger.py
[2026-06-21T14:59:12.225-0500] {processor.py:830} INFO - Processing file /Users/naga/Desktop/airflow_env/lib/python3.12/site-packages/airflow/example_dags/example_latest_only_with_trigger.py for tasks to queue
[2026-06-21T14:59:12.226-0500] {logging_mixin.py:188} INFO - [2026-06-21T14:59:12.226-0500] {dagbag.py:545} INFO - Filling up the DagBag from /Users/naga/Desktop/airflow_env/lib/python3.12/site-packages/airflow/example_dags/example_latest_only_with_trigger.py
[2026-06-21T14:59:12.233-0500] {processor.py:840} INFO - DAG(s) 'latest_only_with_trigger' retrieved from /Users/naga/Desktop/airflow_env/lib/python3.12/site-packages/airflow/example_dags/example_latest_only_with_trigger.py
[2026-06-21T14:59:12.308-0500] {logging_mixin.py:188} INFO - [2026-06-21T14:59:12.308-0500] {dag.py:3089} INFO - Sync 1 DAGs
[2026-06-21T14:59:12.322-0500] {logging_mixin.py:188} INFO - [2026-06-21T14:59:12.322-0500] {dag.py:3947} INFO - Setting next_dagrun for latest_only_with_trigger to 2026-06-21 12:00:00+00:00, run_after=2026-06-21 16:00:00+00:00
[2026-06-21T14:59:12.335-0500] {processor.py:183} INFO - Processing /Users/naga/Desktop/airflow_env/lib/python3.12/site-packages/airflow/example_dags/example_latest_only_with_trigger.py took 0.113 seconds
[2026-06-21T15:02:24.556-0500] {processor.py:161} INFO - Started process (PID=55490) to work on /Users/naga/Desktop/airflow_env/lib/python3.12/site-packages/airflow/example_dags/example_latest_only_with_trigger.py
[2026-06-21T15:02:24.557-0500] {processor.py:830} INFO - Processing file /Users/naga/Desktop/airflow_env/lib/python3.12/site-packages/airflow/example_dags/example_latest_only_with_trigger.py for tasks to queue
[2026-06-21T15:02:24.558-0500] {logging_mixin.py:188} INFO - [2026-06-21T15:02:24.557-0500] {dagbag.py:545} INFO - Filling up the DagBag from /Users/naga/Desktop/airflow_env/lib/python3.12/site-packages/airflow/example_dags/example_latest_only_with_trigger.py
[2026-06-21T15:02:24.564-0500] {processor.py:840} INFO - DAG(s) 'latest_only_with_trigger' retrieved from /Users/naga/Desktop/airflow_env/lib/python3.12/site-packages/airflow/example_dags/example_latest_only_with_trigger.py
[2026-06-21T15:02:24.638-0500] {logging_mixin.py:188} INFO - [2026-06-21T15:02:24.638-0500] {dag.py:3089} INFO - Sync 1 DAGs
[2026-06-21T15:02:24.652-0500] {logging_mixin.py:188} INFO - [2026-06-21T15:02:24.652-0500] {dag.py:3947} INFO - Setting next_dagrun for latest_only_with_trigger to 2026-06-21 16:00:00+00:00, run_after=2026-06-21 20:00:00+00:00
[2026-06-21T15:02:24.665-0500] {processor.py:183} INFO - Processing /Users/naga/Desktop/airflow_env/lib/python3.12/site-packages/airflow/example_dags/example_latest_only_with_trigger.py took 0.111 seconds
[2026-06-21T15:05:27.212-0500] {processor.py:161} INFO - Started process (PID=55636) to work on /Users/naga/Desktop/airflow_env/lib/python3.12/site-packages/airflow/example_dags/example_latest_only_with_trigger.py
[2026-06-21T15:05:27.213-0500] {processor.py:830} INFO - Processing file /Users/naga/Desktop/airflow_env/lib/python3.12/site-packages/airflow/example_dags/example_latest_only_with_trigger.py for tasks to queue
[2026-06-21T15:05:27.213-0500] {logging_mixin.py:188} INFO - [2026-06-21T15:05:27.213-0500] {dagbag.py:545} INFO - Filling up the DagBag from /Users/naga/Desktop/airflow_env/lib/python3.12/site-packages/airflow/example_dags/example_latest_only_with_trigger.py
[2026-06-21T15:05:27.220-0500] {processor.py:840} INFO - DAG(s) 'latest_only_with_trigger' retrieved from /Users/naga/Desktop/airflow_env/lib/python3.12/site-packages/airflow/example_dags/example_latest_only_with_trigger.py
[2026-06-21T15:05:27.298-0500] {logging_mixin.py:188} INFO - [2026-06-21T15:05:27.297-0500] {dag.py:3089} INFO - Sync 1 DAGs
[2026-06-21T15:05:27.311-0500] {logging_mixin.py:188} INFO - [2026-06-21T15:05:27.311-0500] {dag.py:3947} INFO - Setting next_dagrun for latest_only_with_trigger to 2026-06-21 16:00:00+00:00, run_after=2026-06-21 20:00:00+00:00
[2026-06-21T15:05:27.324-0500] {processor.py:183} INFO - Processing /Users/naga/Desktop/airflow_env/lib/python3.12/site-packages/airflow/example_dags/example_latest_only_with_trigger.py took 0.115 seconds
[2026-06-21T15:08:36.828-0500] {processor.py:161} INFO - Started process (PID=55765) to work on /Users/naga/Desktop/airflow_env/lib/python3.12/site-packages/airflow/example_dags/example_latest_only_with_trigger.py
[2026-06-21T15:08:36.830-0500] {processor.py:830} INFO - Processing file /Users/naga/Desktop/airflow_env/lib/python3.12/site-packages/airflow/example_dags/example_latest_only_with_trigger.py for tasks to queue
[2026-06-21T15:08:36.830-0500] {logging_mixin.py:188} INFO - [2026-06-21T15:08:36.830-0500] {dagbag.py:545} INFO - Filling up the DagBag from /Users/naga/Desktop/airflow_env/lib/python3.12/site-packages/airflow/example_dags/example_latest_only_with_trigger.py
[2026-06-21T15:08:36.837-0500] {processor.py:840} INFO - DAG(s) 'latest_only_with_trigger' retrieved from /Users/naga/Desktop/airflow_env/lib/python3.12/site-packages/airflow/example_dags/example_latest_only_with_trigger.py
[2026-06-21T15:08:36.912-0500] {logging_mixin.py:188} INFO - [2026-06-21T15:08:36.912-0500] {dag.py:3089} INFO - Sync 1 DAGs
[2026-06-21T15:08:36.925-0500] {logging_mixin.py:188} INFO - [2026-06-21T15:08:36.925-0500] {dag.py:3947} INFO - Setting next_dagrun for latest_only_with_trigger to 2026-06-21 16:00:00+00:00, run_after=2026-06-21 20:00:00+00:00
[2026-06-21T15:08:36.939-0500] {processor.py:183} INFO - Processing /Users/naga/Desktop/airflow_env/lib/python3.12/site-packages/airflow/example_dags/example_latest_only_with_trigger.py took 0.113 seconds
[2026-06-21T15:11:42.478-0500] {processor.py:161} INFO - Started process (PID=55919) to work on /Users/naga/Desktop/airflow_env/lib/python3.12/site-packages/airflow/example_dags/example_latest_only_with_trigger.py
[2026-06-21T15:11:42.479-0500] {processor.py:830} INFO - Processing file /Users/naga/Desktop/airflow_env/lib/python3.12/site-packages/airflow/example_dags/example_latest_only_with_trigger.py for tasks to queue
[2026-06-21T15:11:42.480-0500] {logging_mixin.py:188} INFO - [2026-06-21T15:11:42.479-0500] {dagbag.py:545} INFO - Filling up the DagBag from /Users/naga/Desktop/airflow_env/lib/python3.12/site-packages/airflow/example_dags/example_latest_only_with_trigger.py
[2026-06-21T15:11:42.487-0500] {processor.py:840} INFO - DAG(s) 'latest_only_with_trigger' retrieved from /Users/naga/Desktop/airflow_env/lib/python3.12/site-packages/airflow/example_dags/example_latest_only_with_trigger.py
[2026-06-21T15:11:42.561-0500] {logging_mixin.py:188} INFO - [2026-06-21T15:11:42.561-0500] {dag.py:3089} INFO - Sync 1 DAGs
[2026-06-21T15:11:42.575-0500] {logging_mixin.py:188} INFO - [2026-06-21T15:11:42.575-0500] {dag.py:3947} INFO - Setting next_dagrun for latest_only_with_trigger to 2026-06-21 16:00:00+00:00, run_after=2026-06-21 20:00:00+00:00
[2026-06-21T15:11:42.589-0500] {processor.py:183} INFO - Processing /Users/naga/Desktop/airflow_env/lib/python3.12/site-packages/airflow/example_dags/example_latest_only_with_trigger.py took 0.113 seconds
[2026-06-21T15:14:31.074-0500] {processor.py:161} INFO - Started process (PID=56176) to work on /Users/naga/Desktop/airflow_env/lib/python3.12/site-packages/airflow/example_dags/example_latest_only_with_trigger.py
[2026-06-21T15:14:31.075-0500] {processor.py:830} INFO - Processing file /Users/naga/Desktop/airflow_env/lib/python3.12/site-packages/airflow/example_dags/example_latest_only_with_trigger.py for tasks to queue
[2026-06-21T15:14:31.075-0500] {logging_mixin.py:188} INFO - [2026-06-21T15:14:31.075-0500] {dagbag.py:545} INFO - Filling up the DagBag from /Users/naga/Desktop/airflow_env/lib/python3.12/site-packages/airflow/example_dags/example_latest_only_with_trigger.py
[2026-06-21T15:14:31.080-0500] {processor.py:840} INFO - DAG(s) 'latest_only_with_trigger' retrieved from /Users/naga/Desktop/airflow_env/lib/python3.12/site-packages/airflow/example_dags/example_latest_only_with_trigger.py
[2026-06-21T15:14:31.123-0500] {logging_mixin.py:188} INFO - [2026-06-21T15:14:31.123-0500] {dag.py:3089} INFO - Sync 1 DAGs
[2026-06-21T15:14:31.131-0500] {logging_mixin.py:188} INFO - [2026-06-21T15:14:31.131-0500] {dag.py:3947} INFO - Setting next_dagrun for latest_only_with_trigger to 2026-06-21 16:00:00+00:00, run_after=2026-06-21 20:00:00+00:00
[2026-06-21T15:14:31.139-0500] {processor.py:183} INFO - Processing /Users/naga/Desktop/airflow_env/lib/python3.12/site-packages/airflow/example_dags/example_latest_only_with_trigger.py took 0.067 seconds
[2026-06-21T15:31:50.179-0500] {processor.py:161} INFO - Started process (PID=56506) to work on /Users/naga/Desktop/airflow_env/lib/python3.12/site-packages/airflow/example_dags/example_latest_only_with_trigger.py
[2026-06-21T15:31:50.180-0500] {processor.py:830} INFO - Processing file /Users/naga/Desktop/airflow_env/lib/python3.12/site-packages/airflow/example_dags/example_latest_only_with_trigger.py for tasks to queue
[2026-06-21T15:31:50.180-0500] {logging_mixin.py:188} INFO - [2026-06-21T15:31:50.180-0500] {dagbag.py:545} INFO - Filling up the DagBag from /Users/naga/Desktop/airflow_env/lib/python3.12/site-packages/airflow/example_dags/example_latest_only_with_trigger.py
[2026-06-21T15:31:50.185-0500] {processor.py:840} INFO - DAG(s) 'latest_only_with_trigger' retrieved from /Users/naga/Desktop/airflow_env/lib/python3.12/site-packages/airflow/example_dags/example_latest_only_with_trigger.py
[2026-06-21T15:31:50.236-0500] {logging_mixin.py:188} INFO - [2026-06-21T15:31:50.236-0500] {dag.py:3089} INFO - Sync 1 DAGs
[2026-06-21T15:31:50.246-0500] {logging_mixin.py:188} INFO - [2026-06-21T15:31:50.246-0500] {dag.py:3947} INFO - Setting next_dagrun for latest_only_with_trigger to 2026-06-21 16:00:00+00:00, run_after=2026-06-21 20:00:00+00:00
[2026-06-21T15:31:50.256-0500] {processor.py:183} INFO - Processing /Users/naga/Desktop/airflow_env/lib/python3.12/site-packages/airflow/example_dags/example_latest_only_with_trigger.py took 0.078 seconds
[2026-06-21T15:33:34.303-0500] {processor.py:161} INFO - Started process (PID=56649) to work on /Users/naga/Desktop/airflow_env/lib/python3.12/site-packages/airflow/example_dags/example_latest_only_with_trigger.py
[2026-06-21T15:33:34.305-0500] {processor.py:830} INFO - Processing file /Users/naga/Desktop/airflow_env/lib/python3.12/site-packages/airflow/example_dags/example_latest_only_with_trigger.py for tasks to queue
[2026-06-21T15:33:34.306-0500] {logging_mixin.py:188} INFO - [2026-06-21T15:33:34.306-0500] {dagbag.py:545} INFO - Filling up the DagBag from /Users/naga/Desktop/airflow_env/lib/python3.12/site-packages/airflow/example_dags/example_latest_only_with_trigger.py
[2026-06-21T15:33:34.310-0500] {processor.py:840} INFO - DAG(s) 'latest_only_with_trigger' retrieved from /Users/naga/Desktop/airflow_env/lib/python3.12/site-packages/airflow/example_dags/example_latest_only_with_trigger.py
[2026-06-21T15:33:34.357-0500] {logging_mixin.py:188} INFO - [2026-06-21T15:33:34.357-0500] {dag.py:3089} INFO - Sync 1 DAGs
[2026-06-21T15:33:34.366-0500] {logging_mixin.py:188} INFO - [2026-06-21T15:33:34.366-0500] {dag.py:3947} INFO - Setting next_dagrun for latest_only_with_trigger to 2026-06-21 16:00:00+00:00, run_after=2026-06-21 20:00:00+00:00
[2026-06-21T15:33:34.376-0500] {processor.py:183} INFO - Processing /Users/naga/Desktop/airflow_env/lib/python3.12/site-packages/airflow/example_dags/example_latest_only_with_trigger.py took 0.074 seconds
[2026-06-21T15:35:41.047-0500] {processor.py:161} INFO - Started process (PID=56814) to work on /Users/naga/Desktop/airflow_env/lib/python3.12/site-packages/airflow/example_dags/example_latest_only_with_trigger.py
[2026-06-21T15:35:41.047-0500] {processor.py:830} INFO - Processing file /Users/naga/Desktop/airflow_env/lib/python3.12/site-packages/airflow/example_dags/example_latest_only_with_trigger.py for tasks to queue
[2026-06-21T15:35:41.048-0500] {logging_mixin.py:188} INFO - [2026-06-21T15:35:41.048-0500] {dagbag.py:545} INFO - Filling up the DagBag from /Users/naga/Desktop/airflow_env/lib/python3.12/site-packages/airflow/example_dags/example_latest_only_with_trigger.py
[2026-06-21T15:35:41.052-0500] {processor.py:840} INFO - DAG(s) 'latest_only_with_trigger' retrieved from /Users/naga/Desktop/airflow_env/lib/python3.12/site-packages/airflow/example_dags/example_latest_only_with_trigger.py
[2026-06-21T15:35:41.098-0500] {logging_mixin.py:188} INFO - [2026-06-21T15:35:41.098-0500] {dag.py:3089} INFO - Sync 1 DAGs
[2026-06-21T15:35:41.106-0500] {logging_mixin.py:188} INFO - [2026-06-21T15:35:41.106-0500] {dag.py:3947} INFO - Setting next_dagrun for latest_only_with_trigger to 2026-06-21 16:00:00+00:00, run_after=2026-06-21 20:00:00+00:00
[2026-06-21T15:35:41.116-0500] {processor.py:183} INFO - Processing /Users/naga/Desktop/airflow_env/lib/python3.12/site-packages/airflow/example_dags/example_latest_only_with_trigger.py took 0.072 seconds
[2026-06-21T15:37:39.879-0500] {processor.py:161} INFO - Started process (PID=56951) to work on /Users/naga/Desktop/airflow_env/lib/python3.12/site-packages/airflow/example_dags/example_latest_only_with_trigger.py
[2026-06-21T15:37:39.880-0500] {processor.py:830} INFO - Processing file /Users/naga/Desktop/airflow_env/lib/python3.12/site-packages/airflow/example_dags/example_latest_only_with_trigger.py for tasks to queue
[2026-06-21T15:37:39.880-0500] {logging_mixin.py:188} INFO - [2026-06-21T15:37:39.880-0500] {dagbag.py:545} INFO - Filling up the DagBag from /Users/naga/Desktop/airflow_env/lib/python3.12/site-packages/airflow/example_dags/example_latest_only_with_trigger.py
[2026-06-21T15:37:39.885-0500] {processor.py:840} INFO - DAG(s) 'latest_only_with_trigger' retrieved from /Users/naga/Desktop/airflow_env/lib/python3.12/site-packages/airflow/example_dags/example_latest_only_with_trigger.py
[2026-06-21T15:37:39.928-0500] {logging_mixin.py:188} INFO - [2026-06-21T15:37:39.928-0500] {dag.py:3089} INFO - Sync 1 DAGs
[2026-06-21T15:37:39.936-0500] {logging_mixin.py:188} INFO - [2026-06-21T15:37:39.936-0500] {dag.py:3947} INFO - Setting next_dagrun for latest_only_with_trigger to 2026-06-21 16:00:00+00:00, run_after=2026-06-21 20:00:00+00:00
[2026-06-21T15:37:39.945-0500] {processor.py:183} INFO - Processing /Users/naga/Desktop/airflow_env/lib/python3.12/site-packages/airflow/example_dags/example_latest_only_with_trigger.py took 0.067 seconds
[2026-06-21T15:39:46.060-0500] {processor.py:161} INFO - Started process (PID=57064) to work on /Users/naga/Desktop/airflow_env/lib/python3.12/site-packages/airflow/example_dags/example_latest_only_with_trigger.py
[2026-06-21T15:39:46.061-0500] {processor.py:830} INFO - Processing file /Users/naga/Desktop/airflow_env/lib/python3.12/site-packages/airflow/example_dags/example_latest_only_with_trigger.py for tasks to queue
[2026-06-21T15:39:46.061-0500] {logging_mixin.py:188} INFO - [2026-06-21T15:39:46.061-0500] {dagbag.py:545} INFO - Filling up the DagBag from /Users/naga/Desktop/airflow_env/lib/python3.12/site-packages/airflow/example_dags/example_latest_only_with_trigger.py
[2026-06-21T15:39:46.066-0500] {processor.py:840} INFO - DAG(s) 'latest_only_with_trigger' retrieved from /Users/naga/Desktop/airflow_env/lib/python3.12/site-packages/airflow/example_dags/example_latest_only_with_trigger.py
[2026-06-21T15:39:46.109-0500] {logging_mixin.py:188} INFO - [2026-06-21T15:39:46.109-0500] {dag.py:3089} INFO - Sync 1 DAGs
[2026-06-21T15:39:46.117-0500] {logging_mixin.py:188} INFO - [2026-06-21T15:39:46.117-0500] {dag.py:3947} INFO - Setting next_dagrun for latest_only_with_trigger to 2026-06-21 16:00:00+00:00, run_after=2026-06-21 20:00:00+00:00
[2026-06-21T15:39:46.125-0500] {processor.py:183} INFO - Processing /Users/naga/Desktop/airflow_env/lib/python3.12/site-packages/airflow/example_dags/example_latest_only_with_trigger.py took 0.066 seconds
[2026-06-21T15:41:48.841-0500] {processor.py:161} INFO - Started process (PID=57189) to work on /Users/naga/Desktop/airflow_env/lib/python3.12/site-packages/airflow/example_dags/example_latest_only_with_trigger.py
[2026-06-21T15:41:48.842-0500] {processor.py:830} INFO - Processing file /Users/naga/Desktop/airflow_env/lib/python3.12/site-packages/airflow/example_dags/example_latest_only_with_trigger.py for tasks to queue
[2026-06-21T15:41:48.842-0500] {logging_mixin.py:188} INFO - [2026-06-21T15:41:48.842-0500] {dagbag.py:545} INFO - Filling up the DagBag from /Users/naga/Desktop/airflow_env/lib/python3.12/site-packages/airflow/example_dags/example_latest_only_with_trigger.py
[2026-06-21T15:41:48.846-0500] {processor.py:840} INFO - DAG(s) 'latest_only_with_trigger' retrieved from /Users/naga/Desktop/airflow_env/lib/python3.12/site-packages/airflow/example_dags/example_latest_only_with_trigger.py
[2026-06-21T15:41:48.890-0500] {logging_mixin.py:188} INFO - [2026-06-21T15:41:48.890-0500] {dag.py:3089} INFO - Sync 1 DAGs
[2026-06-21T15:41:48.898-0500] {logging_mixin.py:188} INFO - [2026-06-21T15:41:48.898-0500] {dag.py:3947} INFO - Setting next_dagrun for latest_only_with_trigger to 2026-06-21 16:00:00+00:00, run_after=2026-06-21 20:00:00+00:00
[2026-06-21T15:41:48.906-0500] {processor.py:183} INFO - Processing /Users/naga/Desktop/airflow_env/lib/python3.12/site-packages/airflow/example_dags/example_latest_only_with_trigger.py took 0.066 seconds
[2026-06-21T15:43:54.834-0500] {processor.py:161} INFO - Started process (PID=57324) to work on /Users/naga/Desktop/airflow_env/lib/python3.12/site-packages/airflow/example_dags/example_latest_only_with_trigger.py
[2026-06-21T15:43:54.835-0500] {processor.py:830} INFO - Processing file /Users/naga/Desktop/airflow_env/lib/python3.12/site-packages/airflow/example_dags/example_latest_only_with_trigger.py for tasks to queue
[2026-06-21T15:43:54.835-0500] {logging_mixin.py:188} INFO - [2026-06-21T15:43:54.835-0500] {dagbag.py:545} INFO - Filling up the DagBag from /Users/naga/Desktop/airflow_env/lib/python3.12/site-packages/airflow/example_dags/example_latest_only_with_trigger.py
[2026-06-21T15:43:54.840-0500] {processor.py:840} INFO - DAG(s) 'latest_only_with_trigger' retrieved from /Users/naga/Desktop/airflow_env/lib/python3.12/site-packages/airflow/example_dags/example_latest_only_with_trigger.py
[2026-06-21T15:43:54.884-0500] {logging_mixin.py:188} INFO - [2026-06-21T15:43:54.884-0500] {dag.py:3089} INFO - Sync 1 DAGs
[2026-06-21T15:43:54.892-0500] {logging_mixin.py:188} INFO - [2026-06-21T15:43:54.891-0500] {dag.py:3947} INFO - Setting next_dagrun for latest_only_with_trigger to 2026-06-21 16:00:00+00:00, run_after=2026-06-21 20:00:00+00:00
[2026-06-21T15:43:54.900-0500] {processor.py:183} INFO - Processing /Users/naga/Desktop/airflow_env/lib/python3.12/site-packages/airflow/example_dags/example_latest_only_with_trigger.py took 0.067 seconds
[2026-06-21T15:45:57.241-0500] {processor.py:161} INFO - Started process (PID=57455) to work on /Users/naga/Desktop/airflow_env/lib/python3.12/site-packages/airflow/example_dags/example_latest_only_with_trigger.py
[2026-06-21T15:45:57.242-0500] {processor.py:830} INFO - Processing file /Users/naga/Desktop/airflow_env/lib/python3.12/site-packages/airflow/example_dags/example_latest_only_with_trigger.py for tasks to queue
[2026-06-21T15:45:57.242-0500] {logging_mixin.py:188} INFO - [2026-06-21T15:45:57.242-0500] {dagbag.py:545} INFO - Filling up the DagBag from /Users/naga/Desktop/airflow_env/lib/python3.12/site-packages/airflow/example_dags/example_latest_only_with_trigger.py
[2026-06-21T15:45:57.246-0500] {processor.py:840} INFO - DAG(s) 'latest_only_with_trigger' retrieved from /Users/naga/Desktop/airflow_env/lib/python3.12/site-packages/airflow/example_dags/example_latest_only_with_trigger.py
[2026-06-21T15:45:57.290-0500] {logging_mixin.py:188} INFO - [2026-06-21T15:45:57.290-0500] {dag.py:3089} INFO - Sync 1 DAGs
[2026-06-21T15:45:57.298-0500] {logging_mixin.py:188} INFO - [2026-06-21T15:45:57.298-0500] {dag.py:3947} INFO - Setting next_dagrun for latest_only_with_trigger to 2026-06-21 16:00:00+00:00, run_after=2026-06-21 20:00:00+00:00
[2026-06-21T15:45:57.306-0500] {processor.py:183} INFO - Processing /Users/naga/Desktop/airflow_env/lib/python3.12/site-packages/airflow/example_dags/example_latest_only_with_trigger.py took 0.066 seconds
[2026-06-21T15:47:59.916-0500] {processor.py:161} INFO - Started process (PID=57581) to work on /Users/naga/Desktop/airflow_env/lib/python3.12/site-packages/airflow/example_dags/example_latest_only_with_trigger.py
[2026-06-21T15:47:59.917-0500] {processor.py:830} INFO - Processing file /Users/naga/Desktop/airflow_env/lib/python3.12/site-packages/airflow/example_dags/example_latest_only_with_trigger.py for tasks to queue
[2026-06-21T15:47:59.917-0500] {logging_mixin.py:188} INFO - [2026-06-21T15:47:59.917-0500] {dagbag.py:545} INFO - Filling up the DagBag from /Users/naga/Desktop/airflow_env/lib/python3.12/site-packages/airflow/example_dags/example_latest_only_with_trigger.py
[2026-06-21T15:47:59.921-0500] {processor.py:840} INFO - DAG(s) 'latest_only_with_trigger' retrieved from /Users/naga/Desktop/airflow_env/lib/python3.12/site-packages/airflow/example_dags/example_latest_only_with_trigger.py
[2026-06-21T15:47:59.965-0500] {logging_mixin.py:188} INFO - [2026-06-21T15:47:59.965-0500] {dag.py:3089} INFO - Sync 1 DAGs
[2026-06-21T15:47:59.972-0500] {logging_mixin.py:188} INFO - [2026-06-21T15:47:59.972-0500] {dag.py:3947} INFO - Setting next_dagrun for latest_only_with_trigger to 2026-06-21 16:00:00+00:00, run_after=2026-06-21 20:00:00+00:00
[2026-06-21T15:47:59.980-0500] {processor.py:183} INFO - Processing /Users/naga/Desktop/airflow_env/lib/python3.12/site-packages/airflow/example_dags/example_latest_only_with_trigger.py took 0.066 seconds
[2026-06-21T15:50:07.287-0500] {processor.py:161} INFO - Started process (PID=57713) to work on /Users/naga/Desktop/airflow_env/lib/python3.12/site-packages/airflow/example_dags/example_latest_only_with_trigger.py
[2026-06-21T15:50:07.288-0500] {processor.py:830} INFO - Processing file /Users/naga/Desktop/airflow_env/lib/python3.12/site-packages/airflow/example_dags/example_latest_only_with_trigger.py for tasks to queue
[2026-06-21T15:50:07.289-0500] {logging_mixin.py:188} INFO - [2026-06-21T15:50:07.288-0500] {dagbag.py:545} INFO - Filling up the DagBag from /Users/naga/Desktop/airflow_env/lib/python3.12/site-packages/airflow/example_dags/example_latest_only_with_trigger.py
[2026-06-21T15:50:07.293-0500] {processor.py:840} INFO - DAG(s) 'latest_only_with_trigger' retrieved from /Users/naga/Desktop/airflow_env/lib/python3.12/site-packages/airflow/example_dags/example_latest_only_with_trigger.py
[2026-06-21T15:50:07.338-0500] {logging_mixin.py:188} INFO - [2026-06-21T15:50:07.338-0500] {dag.py:3089} INFO - Sync 1 DAGs
[2026-06-21T15:50:07.346-0500] {logging_mixin.py:188} INFO - [2026-06-21T15:50:07.346-0500] {dag.py:3947} INFO - Setting next_dagrun for latest_only_with_trigger to 2026-06-21 16:00:00+00:00, run_after=2026-06-21 20:00:00+00:00
[2026-06-21T15:50:07.354-0500] {processor.py:183} INFO - Processing /Users/naga/Desktop/airflow_env/lib/python3.12/site-packages/airflow/example_dags/example_latest_only_with_trigger.py took 0.068 seconds
[2026-06-21T15:52:13.449-0500] {processor.py:161} INFO - Started process (PID=57819) to work on /Users/naga/Desktop/airflow_env/lib/python3.12/site-packages/airflow/example_dags/example_latest_only_with_trigger.py
[2026-06-21T15:52:13.450-0500] {processor.py:830} INFO - Processing file /Users/naga/Desktop/airflow_env/lib/python3.12/site-packages/airflow/example_dags/example_latest_only_with_trigger.py for tasks to queue
[2026-06-21T15:52:13.450-0500] {logging_mixin.py:188} INFO - [2026-06-21T15:52:13.450-0500] {dagbag.py:545} INFO - Filling up the DagBag from /Users/naga/Desktop/airflow_env/lib/python3.12/site-packages/airflow/example_dags/example_latest_only_with_trigger.py
[2026-06-21T15:52:13.454-0500] {processor.py:840} INFO - DAG(s) 'latest_only_with_trigger' retrieved from /Users/naga/Desktop/airflow_env/lib/python3.12/site-packages/airflow/example_dags/example_latest_only_with_trigger.py
[2026-06-21T15:52:13.497-0500] {logging_mixin.py:188} INFO - [2026-06-21T15:52:13.497-0500] {dag.py:3089} INFO - Sync 1 DAGs
[2026-06-21T15:52:13.505-0500] {logging_mixin.py:188} INFO - [2026-06-21T15:52:13.505-0500] {dag.py:3947} INFO - Setting next_dagrun for latest_only_with_trigger to 2026-06-21 16:00:00+00:00, run_after=2026-06-21 20:00:00+00:00
[2026-06-21T15:52:13.513-0500] {processor.py:183} INFO - Processing /Users/naga/Desktop/airflow_env/lib/python3.12/site-packages/airflow/example_dags/example_latest_only_with_trigger.py took 0.065 seconds
[2026-06-21T15:54:17.504-0500] {processor.py:161} INFO - Started process (PID=57960) to work on /Users/naga/Desktop/airflow_env/lib/python3.12/site-packages/airflow/example_dags/example_latest_only_with_trigger.py
[2026-06-21T15:54:17.505-0500] {processor.py:830} INFO - Processing file /Users/naga/Desktop/airflow_env/lib/python3.12/site-packages/airflow/example_dags/example_latest_only_with_trigger.py for tasks to queue
[2026-06-21T15:54:17.506-0500] {logging_mixin.py:188} INFO - [2026-06-21T15:54:17.505-0500] {dagbag.py:545} INFO - Filling up the DagBag from /Users/naga/Desktop/airflow_env/lib/python3.12/site-packages/airflow/example_dags/example_latest_only_with_trigger.py
[2026-06-21T15:54:17.509-0500] {processor.py:840} INFO - DAG(s) 'latest_only_with_trigger' retrieved from /Users/naga/Desktop/airflow_env/lib/python3.12/site-packages/airflow/example_dags/example_latest_only_with_trigger.py
[2026-06-21T15:54:17.552-0500] {logging_mixin.py:188} INFO - [2026-06-21T15:54:17.552-0500] {dag.py:3089} INFO - Sync 1 DAGs
[2026-06-21T15:54:17.560-0500] {logging_mixin.py:188} INFO - [2026-06-21T15:54:17.560-0500] {dag.py:3947} INFO - Setting next_dagrun for latest_only_with_trigger to 2026-06-21 16:00:00+00:00, run_after=2026-06-21 20:00:00+00:00
[2026-06-21T15:54:17.568-0500] {processor.py:183} INFO - Processing /Users/naga/Desktop/airflow_env/lib/python3.12/site-packages/airflow/example_dags/example_latest_only_with_trigger.py took 0.065 seconds
[2026-06-21T15:56:23.662-0500] {processor.py:161} INFO - Started process (PID=58069) to work on /Users/naga/Desktop/airflow_env/lib/python3.12/site-packages/airflow/example_dags/example_latest_only_with_trigger.py
[2026-06-21T15:56:23.662-0500] {processor.py:830} INFO - Processing file /Users/naga/Desktop/airflow_env/lib/python3.12/site-packages/airflow/example_dags/example_latest_only_with_trigger.py for tasks to queue
[2026-06-21T15:56:23.663-0500] {logging_mixin.py:188} INFO - [2026-06-21T15:56:23.663-0500] {dagbag.py:545} INFO - Filling up the DagBag from /Users/naga/Desktop/airflow_env/lib/python3.12/site-packages/airflow/example_dags/example_latest_only_with_trigger.py
[2026-06-21T15:56:23.667-0500] {processor.py:840} INFO - DAG(s) 'latest_only_with_trigger' retrieved from /Users/naga/Desktop/airflow_env/lib/python3.12/site-packages/airflow/example_dags/example_latest_only_with_trigger.py
[2026-06-21T15:56:23.711-0500] {logging_mixin.py:188} INFO - [2026-06-21T15:56:23.711-0500] {dag.py:3089} INFO - Sync 1 DAGs
[2026-06-21T15:56:23.719-0500] {logging_mixin.py:188} INFO - [2026-06-21T15:56:23.719-0500] {dag.py:3947} INFO - Setting next_dagrun for latest_only_with_trigger to 2026-06-21 16:00:00+00:00, run_after=2026-06-21 20:00:00+00:00
[2026-06-21T15:56:23.727-0500] {processor.py:183} INFO - Processing /Users/naga/Desktop/airflow_env/lib/python3.12/site-packages/airflow/example_dags/example_latest_only_with_trigger.py took 0.067 seconds
[2026-06-21T15:58:32.043-0500] {processor.py:161} INFO - Started process (PID=58191) to work on /Users/naga/Desktop/airflow_env/lib/python3.12/site-packages/airflow/example_dags/example_latest_only_with_trigger.py
[2026-06-21T15:58:32.044-0500] {processor.py:830} INFO - Processing file /Users/naga/Desktop/airflow_env/lib/python3.12/site-packages/airflow/example_dags/example_latest_only_with_trigger.py for tasks to queue
[2026-06-21T15:58:32.044-0500] {logging_mixin.py:188} INFO - [2026-06-21T15:58:32.044-0500] {dagbag.py:545} INFO - Filling up the DagBag from /Users/naga/Desktop/airflow_env/lib/python3.12/site-packages/airflow/example_dags/example_latest_only_with_trigger.py
[2026-06-21T15:58:32.048-0500] {processor.py:840} INFO - DAG(s) 'latest_only_with_trigger' retrieved from /Users/naga/Desktop/airflow_env/lib/python3.12/site-packages/airflow/example_dags/example_latest_only_with_trigger.py
[2026-06-21T15:58:32.091-0500] {logging_mixin.py:188} INFO - [2026-06-21T15:58:32.091-0500] {dag.py:3089} INFO - Sync 1 DAGs
[2026-06-21T15:58:32.099-0500] {logging_mixin.py:188} INFO - [2026-06-21T15:58:32.099-0500] {dag.py:3947} INFO - Setting next_dagrun for latest_only_with_trigger to 2026-06-21 16:00:00+00:00, run_after=2026-06-21 20:00:00+00:00
[2026-06-21T15:58:32.107-0500] {processor.py:183} INFO - Processing /Users/naga/Desktop/airflow_env/lib/python3.12/site-packages/airflow/example_dags/example_latest_only_with_trigger.py took 0.066 seconds
[2026-06-21T16:00:37.730-0500] {processor.py:161} INFO - Started process (PID=58307) to work on /Users/naga/Desktop/airflow_env/lib/python3.12/site-packages/airflow/example_dags/example_latest_only_with_trigger.py
[2026-06-21T16:00:37.731-0500] {processor.py:830} INFO - Processing file /Users/naga/Desktop/airflow_env/lib/python3.12/site-packages/airflow/example_dags/example_latest_only_with_trigger.py for tasks to queue
[2026-06-21T16:00:37.731-0500] {logging_mixin.py:188} INFO - [2026-06-21T16:00:37.731-0500] {dagbag.py:545} INFO - Filling up the DagBag from /Users/naga/Desktop/airflow_env/lib/python3.12/site-packages/airflow/example_dags/example_latest_only_with_trigger.py
[2026-06-21T16:00:37.736-0500] {processor.py:840} INFO - DAG(s) 'latest_only_with_trigger' retrieved from /Users/naga/Desktop/airflow_env/lib/python3.12/site-packages/airflow/example_dags/example_latest_only_with_trigger.py
[2026-06-21T16:00:37.782-0500] {logging_mixin.py:188} INFO - [2026-06-21T16:00:37.782-0500] {dag.py:3089} INFO - Sync 1 DAGs
[2026-06-21T16:00:37.790-0500] {logging_mixin.py:188} INFO - [2026-06-21T16:00:37.790-0500] {dag.py:3947} INFO - Setting next_dagrun for latest_only_with_trigger to 2026-06-21 16:00:00+00:00, run_after=2026-06-21 20:00:00+00:00
[2026-06-21T16:00:37.798-0500] {processor.py:183} INFO - Processing /Users/naga/Desktop/airflow_env/lib/python3.12/site-packages/airflow/example_dags/example_latest_only_with_trigger.py took 0.070 seconds
[2026-06-21T16:02:43.728-0500] {processor.py:161} INFO - Started process (PID=58434) to work on /Users/naga/Desktop/airflow_env/lib/python3.12/site-packages/airflow/example_dags/example_latest_only_with_trigger.py
[2026-06-21T16:02:43.729-0500] {processor.py:830} INFO - Processing file /Users/naga/Desktop/airflow_env/lib/python3.12/site-packages/airflow/example_dags/example_latest_only_with_trigger.py for tasks to queue
[2026-06-21T16:02:43.730-0500] {logging_mixin.py:188} INFO - [2026-06-21T16:02:43.730-0500] {dagbag.py:545} INFO - Filling up the DagBag from /Users/naga/Desktop/airflow_env/lib/python3.12/site-packages/airflow/example_dags/example_latest_only_with_trigger.py
[2026-06-21T16:02:43.734-0500] {processor.py:840} INFO - DAG(s) 'latest_only_with_trigger' retrieved from /Users/naga/Desktop/airflow_env/lib/python3.12/site-packages/airflow/example_dags/example_latest_only_with_trigger.py
[2026-06-21T16:02:43.777-0500] {logging_mixin.py:188} INFO - [2026-06-21T16:02:43.777-0500] {dag.py:3089} INFO - Sync 1 DAGs
[2026-06-21T16:02:43.784-0500] {logging_mixin.py:188} INFO - [2026-06-21T16:02:43.784-0500] {dag.py:3947} INFO - Setting next_dagrun for latest_only_with_trigger to 2026-06-21 16:00:00+00:00, run_after=2026-06-21 20:00:00+00:00
[2026-06-21T16:02:43.792-0500] {processor.py:183} INFO - Processing /Users/naga/Desktop/airflow_env/lib/python3.12/site-packages/airflow/example_dags/example_latest_only_with_trigger.py took 0.065 seconds
[2026-06-21T16:04:53.114-0500] {processor.py:161} INFO - Started process (PID=58588) to work on /Users/naga/Desktop/airflow_env/lib/python3.12/site-packages/airflow/example_dags/example_latest_only_with_trigger.py
[2026-06-21T16:04:53.115-0500] {processor.py:830} INFO - Processing file /Users/naga/Desktop/airflow_env/lib/python3.12/site-packages/airflow/example_dags/example_latest_only_with_trigger.py for tasks to queue
[2026-06-21T16:04:53.115-0500] {logging_mixin.py:188} INFO - [2026-06-21T16:04:53.115-0500] {dagbag.py:545} INFO - Filling up the DagBag from /Users/naga/Desktop/airflow_env/lib/python3.12/site-packages/airflow/example_dags/example_latest_only_with_trigger.py
[2026-06-21T16:04:53.119-0500] {processor.py:840} INFO - DAG(s) 'latest_only_with_trigger' retrieved from /Users/naga/Desktop/airflow_env/lib/python3.12/site-packages/airflow/example_dags/example_latest_only_with_trigger.py
[2026-06-21T16:04:53.163-0500] {logging_mixin.py:188} INFO - [2026-06-21T16:04:53.163-0500] {dag.py:3089} INFO - Sync 1 DAGs
[2026-06-21T16:04:53.170-0500] {logging_mixin.py:188} INFO - [2026-06-21T16:04:53.170-0500] {dag.py:3947} INFO - Setting next_dagrun for latest_only_with_trigger to 2026-06-21 16:00:00+00:00, run_after=2026-06-21 20:00:00+00:00
[2026-06-21T16:04:53.178-0500] {processor.py:183} INFO - Processing /Users/naga/Desktop/airflow_env/lib/python3.12/site-packages/airflow/example_dags/example_latest_only_with_trigger.py took 0.066 seconds
[2026-06-21T16:07:00.776-0500] {processor.py:161} INFO - Started process (PID=58702) to work on /Users/naga/Desktop/airflow_env/lib/python3.12/site-packages/airflow/example_dags/example_latest_only_with_trigger.py
[2026-06-21T16:07:00.777-0500] {processor.py:830} INFO - Processing file /Users/naga/Desktop/airflow_env/lib/python3.12/site-packages/airflow/example_dags/example_latest_only_with_trigger.py for tasks to queue
[2026-06-21T16:07:00.777-0500] {logging_mixin.py:188} INFO - [2026-06-21T16:07:00.777-0500] {dagbag.py:545} INFO - Filling up the DagBag from /Users/naga/Desktop/airflow_env/lib/python3.12/site-packages/airflow/example_dags/example_latest_only_with_trigger.py
[2026-06-21T16:07:00.782-0500] {processor.py:840} INFO - DAG(s) 'latest_only_with_trigger' retrieved from /Users/naga/Desktop/airflow_env/lib/python3.12/site-packages/airflow/example_dags/example_latest_only_with_trigger.py
[2026-06-21T16:07:00.831-0500] {logging_mixin.py:188} INFO - [2026-06-21T16:07:00.831-0500] {dag.py:3089} INFO - Sync 1 DAGs
[2026-06-21T16:07:00.841-0500] {logging_mixin.py:188} INFO - [2026-06-21T16:07:00.841-0500] {dag.py:3947} INFO - Setting next_dagrun for latest_only_with_trigger to 2026-06-21 16:00:00+00:00, run_after=2026-06-21 20:00:00+00:00
[2026-06-21T16:07:00.850-0500] {processor.py:183} INFO - Processing /Users/naga/Desktop/airflow_env/lib/python3.12/site-packages/airflow/example_dags/example_latest_only_with_trigger.py took 0.077 seconds
[2026-06-21T16:09:18.175-0500] {processor.py:161} INFO - Started process (PID=58835) to work on /Users/naga/Desktop/airflow_env/lib/python3.12/site-packages/airflow/example_dags/example_latest_only_with_trigger.py
[2026-06-21T16:09:18.176-0500] {processor.py:830} INFO - Processing file /Users/naga/Desktop/airflow_env/lib/python3.12/site-packages/airflow/example_dags/example_latest_only_with_trigger.py for tasks to queue
[2026-06-21T16:09:18.176-0500] {logging_mixin.py:188} INFO - [2026-06-21T16:09:18.176-0500] {dagbag.py:545} INFO - Filling up the DagBag from /Users/naga/Desktop/airflow_env/lib/python3.12/site-packages/airflow/example_dags/example_latest_only_with_trigger.py
[2026-06-21T16:09:18.181-0500] {processor.py:840} INFO - DAG(s) 'latest_only_with_trigger' retrieved from /Users/naga/Desktop/airflow_env/lib/python3.12/site-packages/airflow/example_dags/example_latest_only_with_trigger.py
[2026-06-21T16:09:18.229-0500] {logging_mixin.py:188} INFO - [2026-06-21T16:09:18.229-0500] {dag.py:3089} INFO - Sync 1 DAGs
[2026-06-21T16:09:18.238-0500] {logging_mixin.py:188} INFO - [2026-06-21T16:09:18.238-0500] {dag.py:3947} INFO - Setting next_dagrun for latest_only_with_trigger to 2026-06-21 16:00:00+00:00, run_after=2026-06-21 20:00:00+00:00
[2026-06-21T16:09:18.247-0500] {processor.py:183} INFO - Processing /Users/naga/Desktop/airflow_env/lib/python3.12/site-packages/airflow/example_dags/example_latest_only_with_trigger.py took 0.073 seconds
[2026-06-21T16:11:29.090-0500] {processor.py:161} INFO - Started process (PID=58966) to work on /Users/naga/Desktop/airflow_env/lib/python3.12/site-packages/airflow/example_dags/example_latest_only_with_trigger.py
[2026-06-21T16:11:29.091-0500] {processor.py:830} INFO - Processing file /Users/naga/Desktop/airflow_env/lib/python3.12/site-packages/airflow/example_dags/example_latest_only_with_trigger.py for tasks to queue
[2026-06-21T16:11:29.091-0500] {logging_mixin.py:188} INFO - [2026-06-21T16:11:29.091-0500] {dagbag.py:545} INFO - Filling up the DagBag from /Users/naga/Desktop/airflow_env/lib/python3.12/site-packages/airflow/example_dags/example_latest_only_with_trigger.py
[2026-06-21T16:11:29.096-0500] {processor.py:840} INFO - DAG(s) 'latest_only_with_trigger' retrieved from /Users/naga/Desktop/airflow_env/lib/python3.12/site-packages/airflow/example_dags/example_latest_only_with_trigger.py
[2026-06-21T16:11:29.142-0500] {logging_mixin.py:188} INFO - [2026-06-21T16:11:29.142-0500] {dag.py:3089} INFO - Sync 1 DAGs
[2026-06-21T16:11:29.150-0500] {logging_mixin.py:188} INFO - [2026-06-21T16:11:29.150-0500] {dag.py:3947} INFO - Setting next_dagrun for latest_only_with_trigger to 2026-06-21 16:00:00+00:00, run_after=2026-06-21 20:00:00+00:00
[2026-06-21T16:11:29.159-0500] {processor.py:183} INFO - Processing /Users/naga/Desktop/airflow_env/lib/python3.12/site-packages/airflow/example_dags/example_latest_only_with_trigger.py took 0.070 seconds
[2026-06-21T16:13:42.758-0500] {processor.py:161} INFO - Started process (PID=59094) to work on /Users/naga/Desktop/airflow_env/lib/python3.12/site-packages/airflow/example_dags/example_latest_only_with_trigger.py
[2026-06-21T16:13:42.759-0500] {processor.py:830} INFO - Processing file /Users/naga/Desktop/airflow_env/lib/python3.12/site-packages/airflow/example_dags/example_latest_only_with_trigger.py for tasks to queue
[2026-06-21T16:13:42.759-0500] {logging_mixin.py:188} INFO - [2026-06-21T16:13:42.759-0500] {dagbag.py:545} INFO - Filling up the DagBag from /Users/naga/Desktop/airflow_env/lib/python3.12/site-packages/airflow/example_dags/example_latest_only_with_trigger.py
[2026-06-21T16:13:42.764-0500] {processor.py:840} INFO - DAG(s) 'latest_only_with_trigger' retrieved from /Users/naga/Desktop/airflow_env/lib/python3.12/site-packages/airflow/example_dags/example_latest_only_with_trigger.py
[2026-06-21T16:13:42.811-0500] {logging_mixin.py:188} INFO - [2026-06-21T16:13:42.810-0500] {dag.py:3089} INFO - Sync 1 DAGs
[2026-06-21T16:13:42.819-0500] {logging_mixin.py:188} INFO - [2026-06-21T16:13:42.819-0500] {dag.py:3947} INFO - Setting next_dagrun for latest_only_with_trigger to 2026-06-21 16:00:00+00:00, run_after=2026-06-21 20:00:00+00:00
[2026-06-21T16:13:42.828-0500] {processor.py:183} INFO - Processing /Users/naga/Desktop/airflow_env/lib/python3.12/site-packages/airflow/example_dags/example_latest_only_with_trigger.py took 0.071 seconds
[2026-06-21T16:15:52.018-0500] {processor.py:161} INFO - Started process (PID=59223) to work on /Users/naga/Desktop/airflow_env/lib/python3.12/site-packages/airflow/example_dags/example_latest_only_with_trigger.py
[2026-06-21T16:15:52.018-0500] {processor.py:830} INFO - Processing file /Users/naga/Desktop/airflow_env/lib/python3.12/site-packages/airflow/example_dags/example_latest_only_with_trigger.py for tasks to queue
[2026-06-21T16:15:52.019-0500] {logging_mixin.py:188} INFO - [2026-06-21T16:15:52.019-0500] {dagbag.py:545} INFO - Filling up the DagBag from /Users/naga/Desktop/airflow_env/lib/python3.12/site-packages/airflow/example_dags/example_latest_only_with_trigger.py
[2026-06-21T16:15:52.023-0500] {processor.py:840} INFO - DAG(s) 'latest_only_with_trigger' retrieved from /Users/naga/Desktop/airflow_env/lib/python3.12/site-packages/airflow/example_dags/example_latest_only_with_trigger.py
[2026-06-21T16:15:52.070-0500] {logging_mixin.py:188} INFO - [2026-06-21T16:15:52.070-0500] {dag.py:3089} INFO - Sync 1 DAGs
[2026-06-21T16:15:52.078-0500] {logging_mixin.py:188} INFO - [2026-06-21T16:15:52.078-0500] {dag.py:3947} INFO - Setting next_dagrun for latest_only_with_trigger to 2026-06-21 16:00:00+00:00, run_after=2026-06-21 20:00:00+00:00
[2026-06-21T16:15:52.087-0500] {processor.py:183} INFO - Processing /Users/naga/Desktop/airflow_env/lib/python3.12/site-packages/airflow/example_dags/example_latest_only_with_trigger.py took 0.071 seconds
[2026-06-21T16:18:04.432-0500] {processor.py:161} INFO - Started process (PID=59344) to work on /Users/naga/Desktop/airflow_env/lib/python3.12/site-packages/airflow/example_dags/example_latest_only_with_trigger.py
[2026-06-21T16:18:04.433-0500] {processor.py:830} INFO - Processing file /Users/naga/Desktop/airflow_env/lib/python3.12/site-packages/airflow/example_dags/example_latest_only_with_trigger.py for tasks to queue
[2026-06-21T16:18:04.434-0500] {logging_mixin.py:188} INFO - [2026-06-21T16:18:04.433-0500] {dagbag.py:545} INFO - Filling up the DagBag from /Users/naga/Desktop/airflow_env/lib/python3.12/site-packages/airflow/example_dags/example_latest_only_with_trigger.py
[2026-06-21T16:18:04.438-0500] {processor.py:840} INFO - DAG(s) 'latest_only_with_trigger' retrieved from /Users/naga/Desktop/airflow_env/lib/python3.12/site-packages/airflow/example_dags/example_latest_only_with_trigger.py
[2026-06-21T16:18:04.487-0500] {logging_mixin.py:188} INFO - [2026-06-21T16:18:04.487-0500] {dag.py:3089} INFO - Sync 1 DAGs
[2026-06-21T16:18:04.497-0500] {logging_mixin.py:188} INFO - [2026-06-21T16:18:04.496-0500] {dag.py:3947} INFO - Setting next_dagrun for latest_only_with_trigger to 2026-06-21 16:00:00+00:00, run_after=2026-06-21 20:00:00+00:00
[2026-06-21T16:18:04.506-0500] {processor.py:183} INFO - Processing /Users/naga/Desktop/airflow_env/lib/python3.12/site-packages/airflow/example_dags/example_latest_only_with_trigger.py took 0.075 seconds
[2026-06-21T16:20:14.962-0500] {processor.py:161} INFO - Started process (PID=59470) to work on /Users/naga/Desktop/airflow_env/lib/python3.12/site-packages/airflow/example_dags/example_latest_only_with_trigger.py
[2026-06-21T16:20:14.963-0500] {processor.py:830} INFO - Processing file /Users/naga/Desktop/airflow_env/lib/python3.12/site-packages/airflow/example_dags/example_latest_only_with_trigger.py for tasks to queue
[2026-06-21T16:20:14.963-0500] {logging_mixin.py:188} INFO - [2026-06-21T16:20:14.963-0500] {dagbag.py:545} INFO - Filling up the DagBag from /Users/naga/Desktop/airflow_env/lib/python3.12/site-packages/airflow/example_dags/example_latest_only_with_trigger.py
[2026-06-21T16:20:14.968-0500] {processor.py:840} INFO - DAG(s) 'latest_only_with_trigger' retrieved from /Users/naga/Desktop/airflow_env/lib/python3.12/site-packages/airflow/example_dags/example_latest_only_with_trigger.py
[2026-06-21T16:20:15.015-0500] {logging_mixin.py:188} INFO - [2026-06-21T16:20:15.015-0500] {dag.py:3089} INFO - Sync 1 DAGs
[2026-06-21T16:20:15.023-0500] {logging_mixin.py:188} INFO - [2026-06-21T16:20:15.023-0500] {dag.py:3947} INFO - Setting next_dagrun for latest_only_with_trigger to 2026-06-21 16:00:00+00:00, run_after=2026-06-21 20:00:00+00:00
[2026-06-21T16:20:15.031-0500] {processor.py:183} INFO - Processing /Users/naga/Desktop/airflow_env/lib/python3.12/site-packages/airflow/example_dags/example_latest_only_with_trigger.py took 0.071 seconds
[2026-06-21T16:22:23.589-0500] {processor.py:161} INFO - Started process (PID=59621) to work on /Users/naga/Desktop/airflow_env/lib/python3.12/site-packages/airflow/example_dags/example_latest_only_with_trigger.py
[2026-06-21T16:22:23.590-0500] {processor.py:830} INFO - Processing file /Users/naga/Desktop/airflow_env/lib/python3.12/site-packages/airflow/example_dags/example_latest_only_with_trigger.py for tasks to queue
[2026-06-21T16:22:23.590-0500] {logging_mixin.py:188} INFO - [2026-06-21T16:22:23.590-0500] {dagbag.py:545} INFO - Filling up the DagBag from /Users/naga/Desktop/airflow_env/lib/python3.12/site-packages/airflow/example_dags/example_latest_only_with_trigger.py
[2026-06-21T16:22:23.595-0500] {processor.py:840} INFO - DAG(s) 'latest_only_with_trigger' retrieved from /Users/naga/Desktop/airflow_env/lib/python3.12/site-packages/airflow/example_dags/example_latest_only_with_trigger.py
[2026-06-21T16:22:23.640-0500] {logging_mixin.py:188} INFO - [2026-06-21T16:22:23.640-0500] {dag.py:3089} INFO - Sync 1 DAGs
[2026-06-21T16:22:23.648-0500] {logging_mixin.py:188} INFO - [2026-06-21T16:22:23.648-0500] {dag.py:3947} INFO - Setting next_dagrun for latest_only_with_trigger to 2026-06-21 16:00:00+00:00, run_after=2026-06-21 20:00:00+00:00
[2026-06-21T16:22:23.657-0500] {processor.py:183} INFO - Processing /Users/naga/Desktop/airflow_env/lib/python3.12/site-packages/airflow/example_dags/example_latest_only_with_trigger.py took 0.070 seconds
[2026-06-21T16:24:31.685-0500] {processor.py:161} INFO - Started process (PID=59746) to work on /Users/naga/Desktop/airflow_env/lib/python3.12/site-packages/airflow/example_dags/example_latest_only_with_trigger.py
[2026-06-21T16:24:31.688-0500] {processor.py:830} INFO - Processing file /Users/naga/Desktop/airflow_env/lib/python3.12/site-packages/airflow/example_dags/example_latest_only_with_trigger.py for tasks to queue
[2026-06-21T16:24:31.688-0500] {logging_mixin.py:188} INFO - [2026-06-21T16:24:31.688-0500] {dagbag.py:545} INFO - Filling up the DagBag from /Users/naga/Desktop/airflow_env/lib/python3.12/site-packages/airflow/example_dags/example_latest_only_with_trigger.py
[2026-06-21T16:24:31.697-0500] {processor.py:840} INFO - DAG(s) 'latest_only_with_trigger' retrieved from /Users/naga/Desktop/airflow_env/lib/python3.12/site-packages/airflow/example_dags/example_latest_only_with_trigger.py
[2026-06-21T16:24:31.741-0500] {logging_mixin.py:188} INFO - [2026-06-21T16:24:31.741-0500] {dag.py:3089} INFO - Sync 1 DAGs
[2026-06-21T16:24:31.749-0500] {logging_mixin.py:188} INFO - [2026-06-21T16:24:31.749-0500] {dag.py:3947} INFO - Setting next_dagrun for latest_only_with_trigger to 2026-06-21 16:00:00+00:00, run_after=2026-06-21 20:00:00+00:00
[2026-06-21T16:24:31.763-0500] {processor.py:183} INFO - Processing /Users/naga/Desktop/airflow_env/lib/python3.12/site-packages/airflow/example_dags/example_latest_only_with_trigger.py took 0.080 seconds
[2026-06-21T16:26:51.214-0500] {processor.py:161} INFO - Started process (PID=59906) to work on /Users/naga/Desktop/airflow_env/lib/python3.12/site-packages/airflow/example_dags/example_latest_only_with_trigger.py
[2026-06-21T16:26:51.215-0500] {processor.py:830} INFO - Processing file /Users/naga/Desktop/airflow_env/lib/python3.12/site-packages/airflow/example_dags/example_latest_only_with_trigger.py for tasks to queue
[2026-06-21T16:26:51.215-0500] {logging_mixin.py:188} INFO - [2026-06-21T16:26:51.215-0500] {dagbag.py:545} INFO - Filling up the DagBag from /Users/naga/Desktop/airflow_env/lib/python3.12/site-packages/airflow/example_dags/example_latest_only_with_trigger.py
[2026-06-21T16:26:51.220-0500] {processor.py:840} INFO - DAG(s) 'latest_only_with_trigger' retrieved from /Users/naga/Desktop/airflow_env/lib/python3.12/site-packages/airflow/example_dags/example_latest_only_with_trigger.py
[2026-06-21T16:26:51.268-0500] {logging_mixin.py:188} INFO - [2026-06-21T16:26:51.268-0500] {dag.py:3089} INFO - Sync 1 DAGs
[2026-06-21T16:26:51.277-0500] {logging_mixin.py:188} INFO - [2026-06-21T16:26:51.277-0500] {dag.py:3947} INFO - Setting next_dagrun for latest_only_with_trigger to 2026-06-21 16:00:00+00:00, run_after=2026-06-21 20:00:00+00:00
[2026-06-21T16:26:51.287-0500] {processor.py:183} INFO - Processing /Users/naga/Desktop/airflow_env/lib/python3.12/site-packages/airflow/example_dags/example_latest_only_with_trigger.py took 0.074 seconds
[2026-06-21T16:29:02.286-0500] {processor.py:161} INFO - Started process (PID=60041) to work on /Users/naga/Desktop/airflow_env/lib/python3.12/site-packages/airflow/example_dags/example_latest_only_with_trigger.py
[2026-06-21T16:29:02.287-0500] {processor.py:830} INFO - Processing file /Users/naga/Desktop/airflow_env/lib/python3.12/site-packages/airflow/example_dags/example_latest_only_with_trigger.py for tasks to queue
[2026-06-21T16:29:02.288-0500] {logging_mixin.py:188} INFO - [2026-06-21T16:29:02.288-0500] {dagbag.py:545} INFO - Filling up the DagBag from /Users/naga/Desktop/airflow_env/lib/python3.12/site-packages/airflow/example_dags/example_latest_only_with_trigger.py
[2026-06-21T16:29:02.292-0500] {processor.py:840} INFO - DAG(s) 'latest_only_with_trigger' retrieved from /Users/naga/Desktop/airflow_env/lib/python3.12/site-packages/airflow/example_dags/example_latest_only_with_trigger.py
[2026-06-21T16:29:02.336-0500] {logging_mixin.py:188} INFO - [2026-06-21T16:29:02.336-0500] {dag.py:3089} INFO - Sync 1 DAGs
[2026-06-21T16:29:02.344-0500] {logging_mixin.py:188} INFO - [2026-06-21T16:29:02.344-0500] {dag.py:3947} INFO - Setting next_dagrun for latest_only_with_trigger to 2026-06-21 16:00:00+00:00, run_after=2026-06-21 20:00:00+00:00
[2026-06-21T16:29:02.352-0500] {processor.py:183} INFO - Processing /Users/naga/Desktop/airflow_env/lib/python3.12/site-packages/airflow/example_dags/example_latest_only_with_trigger.py took 0.067 seconds
[2026-06-21T16:31:08.280-0500] {processor.py:161} INFO - Started process (PID=60151) to work on /Users/naga/Desktop/airflow_env/lib/python3.12/site-packages/airflow/example_dags/example_latest_only_with_trigger.py
[2026-06-21T16:31:08.281-0500] {processor.py:830} INFO - Processing file /Users/naga/Desktop/airflow_env/lib/python3.12/site-packages/airflow/example_dags/example_latest_only_with_trigger.py for tasks to queue
[2026-06-21T16:31:08.282-0500] {logging_mixin.py:188} INFO - [2026-06-21T16:31:08.281-0500] {dagbag.py:545} INFO - Filling up the DagBag from /Users/naga/Desktop/airflow_env/lib/python3.12/site-packages/airflow/example_dags/example_latest_only_with_trigger.py
[2026-06-21T16:31:08.286-0500] {processor.py:840} INFO - DAG(s) 'latest_only_with_trigger' retrieved from /Users/naga/Desktop/airflow_env/lib/python3.12/site-packages/airflow/example_dags/example_latest_only_with_trigger.py
[2026-06-21T16:31:08.330-0500] {logging_mixin.py:188} INFO - [2026-06-21T16:31:08.330-0500] {dag.py:3089} INFO - Sync 1 DAGs
[2026-06-21T16:31:08.338-0500] {logging_mixin.py:188} INFO - [2026-06-21T16:31:08.338-0500] {dag.py:3947} INFO - Setting next_dagrun for latest_only_with_trigger to 2026-06-21 16:00:00+00:00, run_after=2026-06-21 20:00:00+00:00
[2026-06-21T16:31:08.347-0500] {processor.py:183} INFO - Processing /Users/naga/Desktop/airflow_env/lib/python3.12/site-packages/airflow/example_dags/example_latest_only_with_trigger.py took 0.068 seconds
[2026-06-21T16:33:12.867-0500] {processor.py:161} INFO - Started process (PID=60306) to work on /Users/naga/Desktop/airflow_env/lib/python3.12/site-packages/airflow/example_dags/example_latest_only_with_trigger.py
[2026-06-21T16:33:12.868-0500] {processor.py:830} INFO - Processing file /Users/naga/Desktop/airflow_env/lib/python3.12/site-packages/airflow/example_dags/example_latest_only_with_trigger.py for tasks to queue
[2026-06-21T16:33:12.868-0500] {logging_mixin.py:188} INFO - [2026-06-21T16:33:12.868-0500] {dagbag.py:545} INFO - Filling up the DagBag from /Users/naga/Desktop/airflow_env/lib/python3.12/site-packages/airflow/example_dags/example_latest_only_with_trigger.py
[2026-06-21T16:33:12.872-0500] {processor.py:840} INFO - DAG(s) 'latest_only_with_trigger' retrieved from /Users/naga/Desktop/airflow_env/lib/python3.12/site-packages/airflow/example_dags/example_latest_only_with_trigger.py
[2026-06-21T16:33:12.916-0500] {logging_mixin.py:188} INFO - [2026-06-21T16:33:12.916-0500] {dag.py:3089} INFO - Sync 1 DAGs
[2026-06-21T16:33:12.924-0500] {logging_mixin.py:188} INFO - [2026-06-21T16:33:12.924-0500] {dag.py:3947} INFO - Setting next_dagrun for latest_only_with_trigger to 2026-06-21 16:00:00+00:00, run_after=2026-06-21 20:00:00+00:00
[2026-06-21T16:33:12.932-0500] {processor.py:183} INFO - Processing /Users/naga/Desktop/airflow_env/lib/python3.12/site-packages/airflow/example_dags/example_latest_only_with_trigger.py took 0.066 seconds
[2026-06-21T16:35:18.485-0500] {processor.py:161} INFO - Started process (PID=60424) to work on /Users/naga/Desktop/airflow_env/lib/python3.12/site-packages/airflow/example_dags/example_latest_only_with_trigger.py
[2026-06-21T16:35:18.485-0500] {processor.py:830} INFO - Processing file /Users/naga/Desktop/airflow_env/lib/python3.12/site-packages/airflow/example_dags/example_latest_only_with_trigger.py for tasks to queue
[2026-06-21T16:35:18.486-0500] {logging_mixin.py:188} INFO - [2026-06-21T16:35:18.486-0500] {dagbag.py:545} INFO - Filling up the DagBag from /Users/naga/Desktop/airflow_env/lib/python3.12/site-packages/airflow/example_dags/example_latest_only_with_trigger.py
[2026-06-21T16:35:18.490-0500] {processor.py:840} INFO - DAG(s) 'latest_only_with_trigger' retrieved from /Users/naga/Desktop/airflow_env/lib/python3.12/site-packages/airflow/example_dags/example_latest_only_with_trigger.py
[2026-06-21T16:35:18.538-0500] {logging_mixin.py:188} INFO - [2026-06-21T16:35:18.537-0500] {dag.py:3089} INFO - Sync 1 DAGs
[2026-06-21T16:35:18.547-0500] {logging_mixin.py:188} INFO - [2026-06-21T16:35:18.547-0500] {dag.py:3947} INFO - Setting next_dagrun for latest_only_with_trigger to 2026-06-21 16:00:00+00:00, run_after=2026-06-21 20:00:00+00:00
[2026-06-21T16:35:18.555-0500] {processor.py:183} INFO - Processing /Users/naga/Desktop/airflow_env/lib/python3.12/site-packages/airflow/example_dags/example_latest_only_with_trigger.py took 0.073 seconds
[2026-06-21T16:37:22.614-0500] {processor.py:161} INFO - Started process (PID=60562) to work on /Users/naga/Desktop/airflow_env/lib/python3.12/site-packages/airflow/example_dags/example_latest_only_with_trigger.py
[2026-06-21T16:37:22.615-0500] {processor.py:830} INFO - Processing file /Users/naga/Desktop/airflow_env/lib/python3.12/site-packages/airflow/example_dags/example_latest_only_with_trigger.py for tasks to queue
[2026-06-21T16:37:22.615-0500] {logging_mixin.py:188} INFO - [2026-06-21T16:37:22.615-0500] {dagbag.py:545} INFO - Filling up the DagBag from /Users/naga/Desktop/airflow_env/lib/python3.12/site-packages/airflow/example_dags/example_latest_only_with_trigger.py
[2026-06-21T16:37:22.620-0500] {processor.py:840} INFO - DAG(s) 'latest_only_with_trigger' retrieved from /Users/naga/Desktop/airflow_env/lib/python3.12/site-packages/airflow/example_dags/example_latest_only_with_trigger.py
[2026-06-21T16:37:22.663-0500] {logging_mixin.py:188} INFO - [2026-06-21T16:37:22.663-0500] {dag.py:3089} INFO - Sync 1 DAGs
[2026-06-21T16:37:22.671-0500] {logging_mixin.py:188} INFO - [2026-06-21T16:37:22.671-0500] {dag.py:3947} INFO - Setting next_dagrun for latest_only_with_trigger to 2026-06-21 16:00:00+00:00, run_after=2026-06-21 20:00:00+00:00
[2026-06-21T16:37:22.678-0500] {processor.py:183} INFO - Processing /Users/naga/Desktop/airflow_env/lib/python3.12/site-packages/airflow/example_dags/example_latest_only_with_trigger.py took 0.065 seconds
[2026-06-21T16:39:28.215-0500] {processor.py:161} INFO - Started process (PID=60682) to work on /Users/naga/Desktop/airflow_env/lib/python3.12/site-packages/airflow/example_dags/example_latest_only_with_trigger.py
[2026-06-21T16:39:28.216-0500] {processor.py:830} INFO - Processing file /Users/naga/Desktop/airflow_env/lib/python3.12/site-packages/airflow/example_dags/example_latest_only_with_trigger.py for tasks to queue
[2026-06-21T16:39:28.216-0500] {logging_mixin.py:188} INFO - [2026-06-21T16:39:28.216-0500] {dagbag.py:545} INFO - Filling up the DagBag from /Users/naga/Desktop/airflow_env/lib/python3.12/site-packages/airflow/example_dags/example_latest_only_with_trigger.py
[2026-06-21T16:39:28.221-0500] {processor.py:840} INFO - DAG(s) 'latest_only_with_trigger' retrieved from /Users/naga/Desktop/airflow_env/lib/python3.12/site-packages/airflow/example_dags/example_latest_only_with_trigger.py
[2026-06-21T16:39:28.265-0500] {logging_mixin.py:188} INFO - [2026-06-21T16:39:28.265-0500] {dag.py:3089} INFO - Sync 1 DAGs
[2026-06-21T16:39:28.273-0500] {logging_mixin.py:188} INFO - [2026-06-21T16:39:28.273-0500] {dag.py:3947} INFO - Setting next_dagrun for latest_only_with_trigger to 2026-06-21 16:00:00+00:00, run_after=2026-06-21 20:00:00+00:00
[2026-06-21T16:39:28.281-0500] {processor.py:183} INFO - Processing /Users/naga/Desktop/airflow_env/lib/python3.12/site-packages/airflow/example_dags/example_latest_only_with_trigger.py took 0.067 seconds
[2026-06-21T16:43:19.023-0500] {processor.py:161} INFO - Started process (PID=60863) to work on /Users/naga/Desktop/airflow_env/lib/python3.12/site-packages/airflow/example_dags/example_latest_only_with_trigger.py
[2026-06-21T16:43:19.024-0500] {processor.py:830} INFO - Processing file /Users/naga/Desktop/airflow_env/lib/python3.12/site-packages/airflow/example_dags/example_latest_only_with_trigger.py for tasks to queue
[2026-06-21T16:43:19.025-0500] {logging_mixin.py:188} INFO - [2026-06-21T16:43:19.025-0500] {dagbag.py:545} INFO - Filling up the DagBag from /Users/naga/Desktop/airflow_env/lib/python3.12/site-packages/airflow/example_dags/example_latest_only_with_trigger.py
[2026-06-21T16:43:19.032-0500] {processor.py:840} INFO - DAG(s) 'latest_only_with_trigger' retrieved from /Users/naga/Desktop/airflow_env/lib/python3.12/site-packages/airflow/example_dags/example_latest_only_with_trigger.py
[2026-06-21T16:43:19.106-0500] {logging_mixin.py:188} INFO - [2026-06-21T16:43:19.106-0500] {dag.py:3089} INFO - Sync 1 DAGs
[2026-06-21T16:43:19.119-0500] {logging_mixin.py:188} INFO - [2026-06-21T16:43:19.119-0500] {dag.py:3947} INFO - Setting next_dagrun for latest_only_with_trigger to 2026-06-21 16:00:00+00:00, run_after=2026-06-21 20:00:00+00:00
[2026-06-21T16:43:19.133-0500] {processor.py:183} INFO - Processing /Users/naga/Desktop/airflow_env/lib/python3.12/site-packages/airflow/example_dags/example_latest_only_with_trigger.py took 0.112 seconds
[2026-06-21T16:45:12.432-0500] {processor.py:161} INFO - Started process (PID=60954) to work on /Users/naga/Desktop/airflow_env/lib/python3.12/site-packages/airflow/example_dags/example_latest_only_with_trigger.py
[2026-06-21T16:45:12.433-0500] {processor.py:830} INFO - Processing file /Users/naga/Desktop/airflow_env/lib/python3.12/site-packages/airflow/example_dags/example_latest_only_with_trigger.py for tasks to queue
[2026-06-21T16:45:12.433-0500] {logging_mixin.py:188} INFO - [2026-06-21T16:45:12.433-0500] {dagbag.py:545} INFO - Filling up the DagBag from /Users/naga/Desktop/airflow_env/lib/python3.12/site-packages/airflow/example_dags/example_latest_only_with_trigger.py
[2026-06-21T16:45:12.440-0500] {processor.py:840} INFO - DAG(s) 'latest_only_with_trigger' retrieved from /Users/naga/Desktop/airflow_env/lib/python3.12/site-packages/airflow/example_dags/example_latest_only_with_trigger.py
[2026-06-21T16:45:12.516-0500] {logging_mixin.py:188} INFO - [2026-06-21T16:45:12.516-0500] {dag.py:3089} INFO - Sync 1 DAGs
[2026-06-21T16:45:12.529-0500] {logging_mixin.py:188} INFO - [2026-06-21T16:45:12.529-0500] {dag.py:3947} INFO - Setting next_dagrun for latest_only_with_trigger to 2026-06-21 16:00:00+00:00, run_after=2026-06-21 20:00:00+00:00
[2026-06-21T16:45:12.543-0500] {processor.py:183} INFO - Processing /Users/naga/Desktop/airflow_env/lib/python3.12/site-packages/airflow/example_dags/example_latest_only_with_trigger.py took 0.114 seconds
[2026-06-21T18:45:24.869-0500] {processor.py:161} INFO - Started process (PID=61154) to work on /Users/naga/Desktop/airflow_env/lib/python3.12/site-packages/airflow/example_dags/example_latest_only_with_trigger.py
[2026-06-21T18:45:24.870-0500] {processor.py:830} INFO - Processing file /Users/naga/Desktop/airflow_env/lib/python3.12/site-packages/airflow/example_dags/example_latest_only_with_trigger.py for tasks to queue
[2026-06-21T18:45:24.871-0500] {logging_mixin.py:188} INFO - [2026-06-21T18:45:24.871-0500] {dagbag.py:545} INFO - Filling up the DagBag from /Users/naga/Desktop/airflow_env/lib/python3.12/site-packages/airflow/example_dags/example_latest_only_with_trigger.py
[2026-06-21T18:45:24.878-0500] {processor.py:840} INFO - DAG(s) 'latest_only_with_trigger' retrieved from /Users/naga/Desktop/airflow_env/lib/python3.12/site-packages/airflow/example_dags/example_latest_only_with_trigger.py
[2026-06-21T18:45:24.961-0500] {logging_mixin.py:188} INFO - [2026-06-21T18:45:24.960-0500] {dag.py:3089} INFO - Sync 1 DAGs
[2026-06-21T18:45:24.974-0500] {logging_mixin.py:188} INFO - [2026-06-21T18:45:24.974-0500] {dag.py:3947} INFO - Setting next_dagrun for latest_only_with_trigger to 2026-06-21 16:00:00+00:00, run_after=2026-06-21 20:00:00+00:00
[2026-06-21T18:45:24.988-0500] {processor.py:183} INFO - Processing /Users/naga/Desktop/airflow_env/lib/python3.12/site-packages/airflow/example_dags/example_latest_only_with_trigger.py took 0.121 seconds
[2026-06-21T18:57:26.067-0500] {processor.py:161} INFO - Started process (PID=61362) to work on /Users/naga/Desktop/airflow_env/lib/python3.12/site-packages/airflow/example_dags/example_latest_only_with_trigger.py
[2026-06-21T18:57:26.069-0500] {processor.py:830} INFO - Processing file /Users/naga/Desktop/airflow_env/lib/python3.12/site-packages/airflow/example_dags/example_latest_only_with_trigger.py for tasks to queue
[2026-06-21T18:57:26.069-0500] {logging_mixin.py:188} INFO - [2026-06-21T18:57:26.069-0500] {dagbag.py:545} INFO - Filling up the DagBag from /Users/naga/Desktop/airflow_env/lib/python3.12/site-packages/airflow/example_dags/example_latest_only_with_trigger.py
[2026-06-21T18:57:26.076-0500] {processor.py:840} INFO - DAG(s) 'latest_only_with_trigger' retrieved from /Users/naga/Desktop/airflow_env/lib/python3.12/site-packages/airflow/example_dags/example_latest_only_with_trigger.py
[2026-06-21T18:57:26.150-0500] {logging_mixin.py:188} INFO - [2026-06-21T18:57:26.150-0500] {dag.py:3089} INFO - Sync 1 DAGs
[2026-06-21T18:57:26.163-0500] {logging_mixin.py:188} INFO - [2026-06-21T18:57:26.163-0500] {dag.py:3947} INFO - Setting next_dagrun for latest_only_with_trigger to 2026-06-21 16:00:00+00:00, run_after=2026-06-21 20:00:00+00:00
[2026-06-21T18:57:26.176-0500] {processor.py:183} INFO - Processing /Users/naga/Desktop/airflow_env/lib/python3.12/site-packages/airflow/example_dags/example_latest_only_with_trigger.py took 0.111 seconds
