[2026-06-21T14:45:39.495-0500] {processor.py:161} INFO - Started process (PID=54363) to work on /Users/naga/Desktop/airflow_env/lib/python3.12/site-packages/airflow/example_dags/example_bash_operator.py
[2026-06-21T14:45:39.496-0500] {processor.py:830} INFO - Processing file /Users/naga/Desktop/airflow_env/lib/python3.12/site-packages/airflow/example_dags/example_bash_operator.py for tasks to queue
[2026-06-21T14:45:39.496-0500] {logging_mixin.py:188} INFO - [2026-06-21T14:45:39.496-0500] {dagbag.py:545} INFO - Filling up the DagBag from /Users/naga/Desktop/airflow_env/lib/python3.12/site-packages/airflow/example_dags/example_bash_operator.py
[2026-06-21T14:45:39.507-0500] {processor.py:840} INFO - DAG(s) 'example_bash_operator' retrieved from /Users/naga/Desktop/airflow_env/lib/python3.12/site-packages/airflow/example_dags/example_bash_operator.py
[2026-06-21T14:45:39.652-0500] {logging_mixin.py:188} INFO - [2026-06-21T14:45:39.651-0500] {override.py:1858} INFO - Created Permission View: can delete on DAG:example_bash_operator
[2026-06-21T14:45:39.658-0500] {logging_mixin.py:188} INFO - [2026-06-21T14:45:39.658-0500] {override.py:1858} INFO - Created Permission View: can edit on DAG:example_bash_operator
[2026-06-21T14:45:39.662-0500] {logging_mixin.py:188} INFO - [2026-06-21T14:45:39.661-0500] {override.py:1858} INFO - Created Permission View: can read on DAG:example_bash_operator
[2026-06-21T14:45:39.662-0500] {logging_mixin.py:188} INFO - [2026-06-21T14:45:39.662-0500] {dag.py:3089} INFO - Sync 1 DAGs
[2026-06-21T14:45:39.669-0500] {logging_mixin.py:188} INFO - [2026-06-21T14:45:39.669-0500] {dag.py:3111} INFO - Creating ORM DAG for example_bash_operator
[2026-06-21T14:45:39.676-0500] {logging_mixin.py:188} INFO - [2026-06-21T14:45:39.675-0500] {dag.py:3947} INFO - Setting next_dagrun for example_bash_operator to 2026-06-20 00:00:00+00:00, run_after=2026-06-21 00:00:00+00:00
[2026-06-21T14:45:39.687-0500] {processor.py:183} INFO - Processing /Users/naga/Desktop/airflow_env/lib/python3.12/site-packages/airflow/example_dags/example_bash_operator.py took 0.195 seconds
[2026-06-21T14:48:45.805-0500] {processor.py:161} INFO - Started process (PID=54534) to work on /Users/naga/Desktop/airflow_env/lib/python3.12/site-packages/airflow/example_dags/example_bash_operator.py
[2026-06-21T14:48:45.807-0500] {processor.py:830} INFO - Processing file /Users/naga/Desktop/airflow_env/lib/python3.12/site-packages/airflow/example_dags/example_bash_operator.py for tasks to queue
[2026-06-21T14:48:45.807-0500] {logging_mixin.py:188} INFO - [2026-06-21T14:48:45.807-0500] {dagbag.py:545} INFO - Filling up the DagBag from /Users/naga/Desktop/airflow_env/lib/python3.12/site-packages/airflow/example_dags/example_bash_operator.py
[2026-06-21T14:48:45.818-0500] {processor.py:840} INFO - DAG(s) 'example_bash_operator' retrieved from /Users/naga/Desktop/airflow_env/lib/python3.12/site-packages/airflow/example_dags/example_bash_operator.py
[2026-06-21T14:48:45.900-0500] {logging_mixin.py:188} INFO - [2026-06-21T14:48:45.900-0500] {dag.py:3089} INFO - Sync 1 DAGs
[2026-06-21T14:48:45.915-0500] {logging_mixin.py:188} INFO - [2026-06-21T14:48:45.915-0500] {dag.py:3947} INFO - Setting next_dagrun for example_bash_operator to 2026-06-20 00:00:00+00:00, run_after=2026-06-21 00:00:00+00:00
[2026-06-21T14:48:45.929-0500] {processor.py:183} INFO - Processing /Users/naga/Desktop/airflow_env/lib/python3.12/site-packages/airflow/example_dags/example_bash_operator.py took 0.126 seconds
[2026-06-21T14:51:41.744-0500] {processor.py:161} INFO - Started process (PID=54719) to work on /Users/naga/Desktop/airflow_env/lib/python3.12/site-packages/airflow/example_dags/example_bash_operator.py
[2026-06-21T14:51:41.745-0500] {processor.py:830} INFO - Processing file /Users/naga/Desktop/airflow_env/lib/python3.12/site-packages/airflow/example_dags/example_bash_operator.py for tasks to queue
[2026-06-21T14:51:41.746-0500] {logging_mixin.py:188} INFO - [2026-06-21T14:51:41.746-0500] {dagbag.py:545} INFO - Filling up the DagBag from /Users/naga/Desktop/airflow_env/lib/python3.12/site-packages/airflow/example_dags/example_bash_operator.py
[2026-06-21T14:51:41.756-0500] {processor.py:840} INFO - DAG(s) 'example_bash_operator' retrieved from /Users/naga/Desktop/airflow_env/lib/python3.12/site-packages/airflow/example_dags/example_bash_operator.py
[2026-06-21T14:51:41.836-0500] {logging_mixin.py:188} INFO - [2026-06-21T14:51:41.836-0500] {dag.py:3089} INFO - Sync 1 DAGs
[2026-06-21T14:51:41.851-0500] {logging_mixin.py:188} INFO - [2026-06-21T14:51:41.850-0500] {dag.py:3947} INFO - Setting next_dagrun for example_bash_operator to 2026-06-20 00:00:00+00:00, run_after=2026-06-21 00:00:00+00:00
[2026-06-21T14:51:41.872-0500] {processor.py:183} INFO - Processing /Users/naga/Desktop/airflow_env/lib/python3.12/site-packages/airflow/example_dags/example_bash_operator.py took 0.130 seconds
[2026-06-21T14:54:39.852-0500] {processor.py:161} INFO - Started process (PID=54891) to work on /Users/naga/Desktop/airflow_env/lib/python3.12/site-packages/airflow/example_dags/example_bash_operator.py
[2026-06-21T14:54:39.853-0500] {processor.py:830} INFO - Processing file /Users/naga/Desktop/airflow_env/lib/python3.12/site-packages/airflow/example_dags/example_bash_operator.py for tasks to queue
[2026-06-21T14:54:39.854-0500] {logging_mixin.py:188} INFO - [2026-06-21T14:54:39.854-0500] {dagbag.py:545} INFO - Filling up the DagBag from /Users/naga/Desktop/airflow_env/lib/python3.12/site-packages/airflow/example_dags/example_bash_operator.py
[2026-06-21T14:54:39.865-0500] {processor.py:840} INFO - DAG(s) 'example_bash_operator' retrieved from /Users/naga/Desktop/airflow_env/lib/python3.12/site-packages/airflow/example_dags/example_bash_operator.py
[2026-06-21T14:54:39.944-0500] {logging_mixin.py:188} INFO - [2026-06-21T14:54:39.944-0500] {dag.py:3089} INFO - Sync 1 DAGs
[2026-06-21T14:54:39.959-0500] {logging_mixin.py:188} INFO - [2026-06-21T14:54:39.959-0500] {dag.py:3947} INFO - Setting next_dagrun for example_bash_operator to 2026-06-20 00:00:00+00:00, run_after=2026-06-21 00:00:00+00:00
[2026-06-21T14:54:39.972-0500] {processor.py:183} INFO - Processing /Users/naga/Desktop/airflow_env/lib/python3.12/site-packages/airflow/example_dags/example_bash_operator.py took 0.122 seconds
[2026-06-21T14:57:50.116-0500] {processor.py:161} INFO - Started process (PID=55252) to work on /Users/naga/Desktop/airflow_env/lib/python3.12/site-packages/airflow/example_dags/example_bash_operator.py
[2026-06-21T14:57:50.118-0500] {processor.py:830} INFO - Processing file /Users/naga/Desktop/airflow_env/lib/python3.12/site-packages/airflow/example_dags/example_bash_operator.py for tasks to queue
[2026-06-21T14:57:50.118-0500] {logging_mixin.py:188} INFO - [2026-06-21T14:57:50.118-0500] {dagbag.py:545} INFO - Filling up the DagBag from /Users/naga/Desktop/airflow_env/lib/python3.12/site-packages/airflow/example_dags/example_bash_operator.py
[2026-06-21T14:57:50.128-0500] {processor.py:840} INFO - DAG(s) 'example_bash_operator' retrieved from /Users/naga/Desktop/airflow_env/lib/python3.12/site-packages/airflow/example_dags/example_bash_operator.py
[2026-06-21T14:57:50.208-0500] {logging_mixin.py:188} INFO - [2026-06-21T14:57:50.208-0500] {dag.py:3089} INFO - Sync 1 DAGs
[2026-06-21T14:57:50.222-0500] {logging_mixin.py:188} INFO - [2026-06-21T14:57:50.221-0500] {dag.py:3947} INFO - Setting next_dagrun for example_bash_operator to 2026-06-20 00:00:00+00:00, run_after=2026-06-21 00:00:00+00:00
[2026-06-21T14:57:50.235-0500] {processor.py:183} INFO - Processing /Users/naga/Desktop/airflow_env/lib/python3.12/site-packages/airflow/example_dags/example_bash_operator.py took 0.121 seconds
[2026-06-21T15:01:03.474-0500] {processor.py:161} INFO - Started process (PID=55432) to work on /Users/naga/Desktop/airflow_env/lib/python3.12/site-packages/airflow/example_dags/example_bash_operator.py
[2026-06-21T15:01:03.477-0500] {processor.py:830} INFO - Processing file /Users/naga/Desktop/airflow_env/lib/python3.12/site-packages/airflow/example_dags/example_bash_operator.py for tasks to queue
[2026-06-21T15:01:03.478-0500] {logging_mixin.py:188} INFO - [2026-06-21T15:01:03.477-0500] {dagbag.py:545} INFO - Filling up the DagBag from /Users/naga/Desktop/airflow_env/lib/python3.12/site-packages/airflow/example_dags/example_bash_operator.py
[2026-06-21T15:01:03.489-0500] {processor.py:840} INFO - DAG(s) 'example_bash_operator' retrieved from /Users/naga/Desktop/airflow_env/lib/python3.12/site-packages/airflow/example_dags/example_bash_operator.py
[2026-06-21T15:01:03.570-0500] {logging_mixin.py:188} INFO - [2026-06-21T15:01:03.570-0500] {dag.py:3089} INFO - Sync 1 DAGs
[2026-06-21T15:01:03.585-0500] {logging_mixin.py:188} INFO - [2026-06-21T15:01:03.585-0500] {dag.py:3947} INFO - Setting next_dagrun for example_bash_operator to 2026-06-20 00:00:00+00:00, run_after=2026-06-21 00:00:00+00:00
[2026-06-21T15:01:03.599-0500] {processor.py:183} INFO - Processing /Users/naga/Desktop/airflow_env/lib/python3.12/site-packages/airflow/example_dags/example_bash_operator.py took 0.127 seconds
[2026-06-21T15:04:06.645-0500] {processor.py:161} INFO - Started process (PID=55573) to work on /Users/naga/Desktop/airflow_env/lib/python3.12/site-packages/airflow/example_dags/example_bash_operator.py
[2026-06-21T15:04:06.647-0500] {processor.py:830} INFO - Processing file /Users/naga/Desktop/airflow_env/lib/python3.12/site-packages/airflow/example_dags/example_bash_operator.py for tasks to queue
[2026-06-21T15:04:06.647-0500] {logging_mixin.py:188} INFO - [2026-06-21T15:04:06.647-0500] {dagbag.py:545} INFO - Filling up the DagBag from /Users/naga/Desktop/airflow_env/lib/python3.12/site-packages/airflow/example_dags/example_bash_operator.py
[2026-06-21T15:04:06.657-0500] {processor.py:840} INFO - DAG(s) 'example_bash_operator' retrieved from /Users/naga/Desktop/airflow_env/lib/python3.12/site-packages/airflow/example_dags/example_bash_operator.py
[2026-06-21T15:04:06.737-0500] {logging_mixin.py:188} INFO - [2026-06-21T15:04:06.737-0500] {dag.py:3089} INFO - Sync 1 DAGs
[2026-06-21T15:04:06.752-0500] {logging_mixin.py:188} INFO - [2026-06-21T15:04:06.751-0500] {dag.py:3947} INFO - Setting next_dagrun for example_bash_operator to 2026-06-20 00:00:00+00:00, run_after=2026-06-21 00:00:00+00:00
[2026-06-21T15:04:06.765-0500] {processor.py:183} INFO - Processing /Users/naga/Desktop/airflow_env/lib/python3.12/site-packages/airflow/example_dags/example_bash_operator.py took 0.122 seconds
[2026-06-21T15:07:13.300-0500] {processor.py:161} INFO - Started process (PID=55717) to work on /Users/naga/Desktop/airflow_env/lib/python3.12/site-packages/airflow/example_dags/example_bash_operator.py
[2026-06-21T15:07:13.301-0500] {processor.py:830} INFO - Processing file /Users/naga/Desktop/airflow_env/lib/python3.12/site-packages/airflow/example_dags/example_bash_operator.py for tasks to queue
[2026-06-21T15:07:13.302-0500] {logging_mixin.py:188} INFO - [2026-06-21T15:07:13.301-0500] {dagbag.py:545} INFO - Filling up the DagBag from /Users/naga/Desktop/airflow_env/lib/python3.12/site-packages/airflow/example_dags/example_bash_operator.py
[2026-06-21T15:07:13.311-0500] {processor.py:840} INFO - DAG(s) 'example_bash_operator' retrieved from /Users/naga/Desktop/airflow_env/lib/python3.12/site-packages/airflow/example_dags/example_bash_operator.py
[2026-06-21T15:07:13.391-0500] {logging_mixin.py:188} INFO - [2026-06-21T15:07:13.391-0500] {dag.py:3089} INFO - Sync 1 DAGs
[2026-06-21T15:07:13.405-0500] {logging_mixin.py:188} INFO - [2026-06-21T15:07:13.405-0500] {dag.py:3947} INFO - Setting next_dagrun for example_bash_operator to 2026-06-20 00:00:00+00:00, run_after=2026-06-21 00:00:00+00:00
[2026-06-21T15:07:13.418-0500] {processor.py:183} INFO - Processing /Users/naga/Desktop/airflow_env/lib/python3.12/site-packages/airflow/example_dags/example_bash_operator.py took 0.120 seconds
[2026-06-21T15:10:17.505-0500] {processor.py:161} INFO - Started process (PID=55838) to work on /Users/naga/Desktop/airflow_env/lib/python3.12/site-packages/airflow/example_dags/example_bash_operator.py
[2026-06-21T15:10:17.507-0500] {processor.py:830} INFO - Processing file /Users/naga/Desktop/airflow_env/lib/python3.12/site-packages/airflow/example_dags/example_bash_operator.py for tasks to queue
[2026-06-21T15:10:17.507-0500] {logging_mixin.py:188} INFO - [2026-06-21T15:10:17.507-0500] {dagbag.py:545} INFO - Filling up the DagBag from /Users/naga/Desktop/airflow_env/lib/python3.12/site-packages/airflow/example_dags/example_bash_operator.py
[2026-06-21T15:10:17.517-0500] {processor.py:840} INFO - DAG(s) 'example_bash_operator' retrieved from /Users/naga/Desktop/airflow_env/lib/python3.12/site-packages/airflow/example_dags/example_bash_operator.py
[2026-06-21T15:10:17.597-0500] {logging_mixin.py:188} INFO - [2026-06-21T15:10:17.597-0500] {dag.py:3089} INFO - Sync 1 DAGs
[2026-06-21T15:10:17.611-0500] {logging_mixin.py:188} INFO - [2026-06-21T15:10:17.610-0500] {dag.py:3947} INFO - Setting next_dagrun for example_bash_operator to 2026-06-20 00:00:00+00:00, run_after=2026-06-21 00:00:00+00:00
[2026-06-21T15:10:17.624-0500] {processor.py:183} INFO - Processing /Users/naga/Desktop/airflow_env/lib/python3.12/site-packages/airflow/example_dags/example_bash_operator.py took 0.121 seconds
[2026-06-21T15:13:26.939-0500] {processor.py:161} INFO - Started process (PID=56130) to work on /Users/naga/Desktop/airflow_env/lib/python3.12/site-packages/airflow/example_dags/example_bash_operator.py
[2026-06-21T15:13:26.939-0500] {processor.py:830} INFO - Processing file /Users/naga/Desktop/airflow_env/lib/python3.12/site-packages/airflow/example_dags/example_bash_operator.py for tasks to queue
[2026-06-21T15:13:26.940-0500] {logging_mixin.py:188} INFO - [2026-06-21T15:13:26.940-0500] {dagbag.py:545} INFO - Filling up the DagBag from /Users/naga/Desktop/airflow_env/lib/python3.12/site-packages/airflow/example_dags/example_bash_operator.py
[2026-06-21T15:13:26.946-0500] {processor.py:840} INFO - DAG(s) 'example_bash_operator' retrieved from /Users/naga/Desktop/airflow_env/lib/python3.12/site-packages/airflow/example_dags/example_bash_operator.py
[2026-06-21T15:13:26.993-0500] {logging_mixin.py:188} INFO - [2026-06-21T15:13:26.993-0500] {dag.py:3089} INFO - Sync 1 DAGs
[2026-06-21T15:13:27.002-0500] {logging_mixin.py:188} INFO - [2026-06-21T15:13:27.002-0500] {dag.py:3947} INFO - Setting next_dagrun for example_bash_operator to 2026-06-20 00:00:00+00:00, run_after=2026-06-21 00:00:00+00:00
[2026-06-21T15:13:27.010-0500] {processor.py:183} INFO - Processing /Users/naga/Desktop/airflow_env/lib/python3.12/site-packages/airflow/example_dags/example_bash_operator.py took 0.072 seconds
[2026-06-21T15:15:41.147-0500] {processor.py:161} INFO - Started process (PID=56252) to work on /Users/naga/Desktop/airflow_env/lib/python3.12/site-packages/airflow/example_dags/example_bash_operator.py
[2026-06-21T15:15:41.149-0500] {processor.py:830} INFO - Processing file /Users/naga/Desktop/airflow_env/lib/python3.12/site-packages/airflow/example_dags/example_bash_operator.py for tasks to queue
[2026-06-21T15:15:41.149-0500] {logging_mixin.py:188} INFO - [2026-06-21T15:15:41.149-0500] {dagbag.py:545} INFO - Filling up the DagBag from /Users/naga/Desktop/airflow_env/lib/python3.12/site-packages/airflow/example_dags/example_bash_operator.py
[2026-06-21T15:15:41.155-0500] {processor.py:840} INFO - DAG(s) 'example_bash_operator' retrieved from /Users/naga/Desktop/airflow_env/lib/python3.12/site-packages/airflow/example_dags/example_bash_operator.py
[2026-06-21T15:15:41.202-0500] {logging_mixin.py:188} INFO - [2026-06-21T15:15:41.202-0500] {dag.py:3089} INFO - Sync 1 DAGs
[2026-06-21T15:15:41.210-0500] {logging_mixin.py:188} INFO - [2026-06-21T15:15:41.210-0500] {dag.py:3947} INFO - Setting next_dagrun for example_bash_operator to 2026-06-20 00:00:00+00:00, run_after=2026-06-21 00:00:00+00:00
[2026-06-21T15:15:41.218-0500] {processor.py:183} INFO - Processing /Users/naga/Desktop/airflow_env/lib/python3.12/site-packages/airflow/example_dags/example_bash_operator.py took 0.072 seconds
[2026-06-21T15:32:23.517-0500] {processor.py:161} INFO - Started process (PID=56570) to work on /Users/naga/Desktop/airflow_env/lib/python3.12/site-packages/airflow/example_dags/example_bash_operator.py
[2026-06-21T15:32:23.519-0500] {processor.py:830} INFO - Processing file /Users/naga/Desktop/airflow_env/lib/python3.12/site-packages/airflow/example_dags/example_bash_operator.py for tasks to queue
[2026-06-21T15:32:23.520-0500] {logging_mixin.py:188} INFO - [2026-06-21T15:32:23.519-0500] {dagbag.py:545} INFO - Filling up the DagBag from /Users/naga/Desktop/airflow_env/lib/python3.12/site-packages/airflow/example_dags/example_bash_operator.py
[2026-06-21T15:32:23.528-0500] {processor.py:840} INFO - DAG(s) 'example_bash_operator' retrieved from /Users/naga/Desktop/airflow_env/lib/python3.12/site-packages/airflow/example_dags/example_bash_operator.py
[2026-06-21T15:32:23.585-0500] {logging_mixin.py:188} INFO - [2026-06-21T15:32:23.585-0500] {dag.py:3089} INFO - Sync 1 DAGs
[2026-06-21T15:32:23.594-0500] {logging_mixin.py:188} INFO - [2026-06-21T15:32:23.594-0500] {dag.py:3947} INFO - Setting next_dagrun for example_bash_operator to 2026-06-20 00:00:00+00:00, run_after=2026-06-21 00:00:00+00:00
[2026-06-21T15:32:23.603-0500] {processor.py:183} INFO - Processing /Users/naga/Desktop/airflow_env/lib/python3.12/site-packages/airflow/example_dags/example_bash_operator.py took 0.088 seconds
[2026-06-21T15:34:45.583-0500] {processor.py:161} INFO - Started process (PID=56774) to work on /Users/naga/Desktop/airflow_env/lib/python3.12/site-packages/airflow/example_dags/example_bash_operator.py
[2026-06-21T15:34:45.584-0500] {processor.py:830} INFO - Processing file /Users/naga/Desktop/airflow_env/lib/python3.12/site-packages/airflow/example_dags/example_bash_operator.py for tasks to queue
[2026-06-21T15:34:45.584-0500] {logging_mixin.py:188} INFO - [2026-06-21T15:34:45.584-0500] {dagbag.py:545} INFO - Filling up the DagBag from /Users/naga/Desktop/airflow_env/lib/python3.12/site-packages/airflow/example_dags/example_bash_operator.py
[2026-06-21T15:34:45.591-0500] {processor.py:840} INFO - DAG(s) 'example_bash_operator' retrieved from /Users/naga/Desktop/airflow_env/lib/python3.12/site-packages/airflow/example_dags/example_bash_operator.py
[2026-06-21T15:34:45.638-0500] {logging_mixin.py:188} INFO - [2026-06-21T15:34:45.638-0500] {dag.py:3089} INFO - Sync 1 DAGs
[2026-06-21T15:34:45.646-0500] {logging_mixin.py:188} INFO - [2026-06-21T15:34:45.646-0500] {dag.py:3947} INFO - Setting next_dagrun for example_bash_operator to 2026-06-20 00:00:00+00:00, run_after=2026-06-21 00:00:00+00:00
[2026-06-21T15:34:45.654-0500] {processor.py:183} INFO - Processing /Users/naga/Desktop/airflow_env/lib/python3.12/site-packages/airflow/example_dags/example_bash_operator.py took 0.073 seconds
[2026-06-21T15:36:43.658-0500] {processor.py:161} INFO - Started process (PID=56879) to work on /Users/naga/Desktop/airflow_env/lib/python3.12/site-packages/airflow/example_dags/example_bash_operator.py
[2026-06-21T15:36:43.659-0500] {processor.py:830} INFO - Processing file /Users/naga/Desktop/airflow_env/lib/python3.12/site-packages/airflow/example_dags/example_bash_operator.py for tasks to queue
[2026-06-21T15:36:43.660-0500] {logging_mixin.py:188} INFO - [2026-06-21T15:36:43.660-0500] {dagbag.py:545} INFO - Filling up the DagBag from /Users/naga/Desktop/airflow_env/lib/python3.12/site-packages/airflow/example_dags/example_bash_operator.py
[2026-06-21T15:36:43.665-0500] {processor.py:840} INFO - DAG(s) 'example_bash_operator' retrieved from /Users/naga/Desktop/airflow_env/lib/python3.12/site-packages/airflow/example_dags/example_bash_operator.py
[2026-06-21T15:36:43.714-0500] {logging_mixin.py:188} INFO - [2026-06-21T15:36:43.714-0500] {dag.py:3089} INFO - Sync 1 DAGs
[2026-06-21T15:36:43.722-0500] {logging_mixin.py:188} INFO - [2026-06-21T15:36:43.722-0500] {dag.py:3947} INFO - Setting next_dagrun for example_bash_operator to 2026-06-20 00:00:00+00:00, run_after=2026-06-21 00:00:00+00:00
[2026-06-21T15:36:43.731-0500] {processor.py:183} INFO - Processing /Users/naga/Desktop/airflow_env/lib/python3.12/site-packages/airflow/example_dags/example_bash_operator.py took 0.074 seconds
[2026-06-21T15:38:49.898-0500] {processor.py:161} INFO - Started process (PID=57026) to work on /Users/naga/Desktop/airflow_env/lib/python3.12/site-packages/airflow/example_dags/example_bash_operator.py
[2026-06-21T15:38:49.899-0500] {processor.py:830} INFO - Processing file /Users/naga/Desktop/airflow_env/lib/python3.12/site-packages/airflow/example_dags/example_bash_operator.py for tasks to queue
[2026-06-21T15:38:49.899-0500] {logging_mixin.py:188} INFO - [2026-06-21T15:38:49.899-0500] {dagbag.py:545} INFO - Filling up the DagBag from /Users/naga/Desktop/airflow_env/lib/python3.12/site-packages/airflow/example_dags/example_bash_operator.py
[2026-06-21T15:38:49.906-0500] {processor.py:840} INFO - DAG(s) 'example_bash_operator' retrieved from /Users/naga/Desktop/airflow_env/lib/python3.12/site-packages/airflow/example_dags/example_bash_operator.py
[2026-06-21T15:38:49.953-0500] {logging_mixin.py:188} INFO - [2026-06-21T15:38:49.953-0500] {dag.py:3089} INFO - Sync 1 DAGs
[2026-06-21T15:38:49.961-0500] {logging_mixin.py:188} INFO - [2026-06-21T15:38:49.961-0500] {dag.py:3947} INFO - Setting next_dagrun for example_bash_operator to 2026-06-20 00:00:00+00:00, run_after=2026-06-21 00:00:00+00:00
[2026-06-21T15:38:49.969-0500] {processor.py:183} INFO - Processing /Users/naga/Desktop/airflow_env/lib/python3.12/site-packages/airflow/example_dags/example_bash_operator.py took 0.073 seconds
[2026-06-21T15:40:51.985-0500] {processor.py:161} INFO - Started process (PID=57141) to work on /Users/naga/Desktop/airflow_env/lib/python3.12/site-packages/airflow/example_dags/example_bash_operator.py
[2026-06-21T15:40:51.985-0500] {processor.py:830} INFO - Processing file /Users/naga/Desktop/airflow_env/lib/python3.12/site-packages/airflow/example_dags/example_bash_operator.py for tasks to queue
[2026-06-21T15:40:51.986-0500] {logging_mixin.py:188} INFO - [2026-06-21T15:40:51.986-0500] {dagbag.py:545} INFO - Filling up the DagBag from /Users/naga/Desktop/airflow_env/lib/python3.12/site-packages/airflow/example_dags/example_bash_operator.py
[2026-06-21T15:40:51.992-0500] {processor.py:840} INFO - DAG(s) 'example_bash_operator' retrieved from /Users/naga/Desktop/airflow_env/lib/python3.12/site-packages/airflow/example_dags/example_bash_operator.py
[2026-06-21T15:40:52.040-0500] {logging_mixin.py:188} INFO - [2026-06-21T15:40:52.040-0500] {dag.py:3089} INFO - Sync 1 DAGs
[2026-06-21T15:40:52.049-0500] {logging_mixin.py:188} INFO - [2026-06-21T15:40:52.049-0500] {dag.py:3947} INFO - Setting next_dagrun for example_bash_operator to 2026-06-20 00:00:00+00:00, run_after=2026-06-21 00:00:00+00:00
[2026-06-21T15:40:52.059-0500] {processor.py:183} INFO - Processing /Users/naga/Desktop/airflow_env/lib/python3.12/site-packages/airflow/example_dags/example_bash_operator.py took 0.075 seconds
[2026-06-21T15:42:54.895-0500] {processor.py:161} INFO - Started process (PID=57277) to work on /Users/naga/Desktop/airflow_env/lib/python3.12/site-packages/airflow/example_dags/example_bash_operator.py
[2026-06-21T15:42:54.896-0500] {processor.py:830} INFO - Processing file /Users/naga/Desktop/airflow_env/lib/python3.12/site-packages/airflow/example_dags/example_bash_operator.py for tasks to queue
[2026-06-21T15:42:54.896-0500] {logging_mixin.py:188} INFO - [2026-06-21T15:42:54.896-0500] {dagbag.py:545} INFO - Filling up the DagBag from /Users/naga/Desktop/airflow_env/lib/python3.12/site-packages/airflow/example_dags/example_bash_operator.py
[2026-06-21T15:42:54.902-0500] {processor.py:840} INFO - DAG(s) 'example_bash_operator' retrieved from /Users/naga/Desktop/airflow_env/lib/python3.12/site-packages/airflow/example_dags/example_bash_operator.py
[2026-06-21T15:42:54.950-0500] {logging_mixin.py:188} INFO - [2026-06-21T15:42:54.950-0500] {dag.py:3089} INFO - Sync 1 DAGs
[2026-06-21T15:42:54.958-0500] {logging_mixin.py:188} INFO - [2026-06-21T15:42:54.958-0500] {dag.py:3947} INFO - Setting next_dagrun for example_bash_operator to 2026-06-20 00:00:00+00:00, run_after=2026-06-21 00:00:00+00:00
[2026-06-21T15:42:54.966-0500] {processor.py:183} INFO - Processing /Users/naga/Desktop/airflow_env/lib/python3.12/site-packages/airflow/example_dags/example_bash_operator.py took 0.073 seconds
[2026-06-21T15:45:02.598-0500] {processor.py:161} INFO - Started process (PID=57390) to work on /Users/naga/Desktop/airflow_env/lib/python3.12/site-packages/airflow/example_dags/example_bash_operator.py
[2026-06-21T15:45:02.599-0500] {processor.py:830} INFO - Processing file /Users/naga/Desktop/airflow_env/lib/python3.12/site-packages/airflow/example_dags/example_bash_operator.py for tasks to queue
[2026-06-21T15:45:02.599-0500] {logging_mixin.py:188} INFO - [2026-06-21T15:45:02.599-0500] {dagbag.py:545} INFO - Filling up the DagBag from /Users/naga/Desktop/airflow_env/lib/python3.12/site-packages/airflow/example_dags/example_bash_operator.py
[2026-06-21T15:45:02.605-0500] {processor.py:840} INFO - DAG(s) 'example_bash_operator' retrieved from /Users/naga/Desktop/airflow_env/lib/python3.12/site-packages/airflow/example_dags/example_bash_operator.py
[2026-06-21T15:45:02.652-0500] {logging_mixin.py:188} INFO - [2026-06-21T15:45:02.652-0500] {dag.py:3089} INFO - Sync 1 DAGs
[2026-06-21T15:45:02.660-0500] {logging_mixin.py:188} INFO - [2026-06-21T15:45:02.660-0500] {dag.py:3947} INFO - Setting next_dagrun for example_bash_operator to 2026-06-20 00:00:00+00:00, run_after=2026-06-21 00:00:00+00:00
[2026-06-21T15:45:02.670-0500] {processor.py:183} INFO - Processing /Users/naga/Desktop/airflow_env/lib/python3.12/site-packages/airflow/example_dags/example_bash_operator.py took 0.073 seconds
[2026-06-21T15:47:03.550-0500] {processor.py:161} INFO - Started process (PID=57531) to work on /Users/naga/Desktop/airflow_env/lib/python3.12/site-packages/airflow/example_dags/example_bash_operator.py
[2026-06-21T15:47:03.551-0500] {processor.py:830} INFO - Processing file /Users/naga/Desktop/airflow_env/lib/python3.12/site-packages/airflow/example_dags/example_bash_operator.py for tasks to queue
[2026-06-21T15:47:03.551-0500] {logging_mixin.py:188} INFO - [2026-06-21T15:47:03.551-0500] {dagbag.py:545} INFO - Filling up the DagBag from /Users/naga/Desktop/airflow_env/lib/python3.12/site-packages/airflow/example_dags/example_bash_operator.py
[2026-06-21T15:47:03.557-0500] {processor.py:840} INFO - DAG(s) 'example_bash_operator' retrieved from /Users/naga/Desktop/airflow_env/lib/python3.12/site-packages/airflow/example_dags/example_bash_operator.py
[2026-06-21T15:47:03.603-0500] {logging_mixin.py:188} INFO - [2026-06-21T15:47:03.603-0500] {dag.py:3089} INFO - Sync 1 DAGs
[2026-06-21T15:47:03.611-0500] {logging_mixin.py:188} INFO - [2026-06-21T15:47:03.611-0500] {dag.py:3947} INFO - Setting next_dagrun for example_bash_operator to 2026-06-20 00:00:00+00:00, run_after=2026-06-21 00:00:00+00:00
[2026-06-21T15:47:03.619-0500] {processor.py:183} INFO - Processing /Users/naga/Desktop/airflow_env/lib/python3.12/site-packages/airflow/example_dags/example_bash_operator.py took 0.070 seconds
[2026-06-21T15:49:10.312-0500] {processor.py:161} INFO - Started process (PID=57645) to work on /Users/naga/Desktop/airflow_env/lib/python3.12/site-packages/airflow/example_dags/example_bash_operator.py
[2026-06-21T15:49:10.313-0500] {processor.py:830} INFO - Processing file /Users/naga/Desktop/airflow_env/lib/python3.12/site-packages/airflow/example_dags/example_bash_operator.py for tasks to queue
[2026-06-21T15:49:10.313-0500] {logging_mixin.py:188} INFO - [2026-06-21T15:49:10.313-0500] {dagbag.py:545} INFO - Filling up the DagBag from /Users/naga/Desktop/airflow_env/lib/python3.12/site-packages/airflow/example_dags/example_bash_operator.py
[2026-06-21T15:49:10.319-0500] {processor.py:840} INFO - DAG(s) 'example_bash_operator' retrieved from /Users/naga/Desktop/airflow_env/lib/python3.12/site-packages/airflow/example_dags/example_bash_operator.py
[2026-06-21T15:49:10.365-0500] {logging_mixin.py:188} INFO - [2026-06-21T15:49:10.365-0500] {dag.py:3089} INFO - Sync 1 DAGs
[2026-06-21T15:49:10.373-0500] {logging_mixin.py:188} INFO - [2026-06-21T15:49:10.373-0500] {dag.py:3947} INFO - Setting next_dagrun for example_bash_operator to 2026-06-20 00:00:00+00:00, run_after=2026-06-21 00:00:00+00:00
[2026-06-21T15:49:10.381-0500] {processor.py:183} INFO - Processing /Users/naga/Desktop/airflow_env/lib/python3.12/site-packages/airflow/example_dags/example_bash_operator.py took 0.070 seconds
[2026-06-21T15:51:17.631-0500] {processor.py:161} INFO - Started process (PID=57776) to work on /Users/naga/Desktop/airflow_env/lib/python3.12/site-packages/airflow/example_dags/example_bash_operator.py
[2026-06-21T15:51:17.632-0500] {processor.py:830} INFO - Processing file /Users/naga/Desktop/airflow_env/lib/python3.12/site-packages/airflow/example_dags/example_bash_operator.py for tasks to queue
[2026-06-21T15:51:17.632-0500] {logging_mixin.py:188} INFO - [2026-06-21T15:51:17.632-0500] {dagbag.py:545} INFO - Filling up the DagBag from /Users/naga/Desktop/airflow_env/lib/python3.12/site-packages/airflow/example_dags/example_bash_operator.py
[2026-06-21T15:51:17.638-0500] {processor.py:840} INFO - DAG(s) 'example_bash_operator' retrieved from /Users/naga/Desktop/airflow_env/lib/python3.12/site-packages/airflow/example_dags/example_bash_operator.py
[2026-06-21T15:51:17.684-0500] {logging_mixin.py:188} INFO - [2026-06-21T15:51:17.684-0500] {dag.py:3089} INFO - Sync 1 DAGs
[2026-06-21T15:51:17.692-0500] {logging_mixin.py:188} INFO - [2026-06-21T15:51:17.692-0500] {dag.py:3947} INFO - Setting next_dagrun for example_bash_operator to 2026-06-20 00:00:00+00:00, run_after=2026-06-21 00:00:00+00:00
[2026-06-21T15:51:17.699-0500] {processor.py:183} INFO - Processing /Users/naga/Desktop/airflow_env/lib/python3.12/site-packages/airflow/example_dags/example_bash_operator.py took 0.070 seconds
[2026-06-21T15:53:20.091-0500] {processor.py:161} INFO - Started process (PID=57902) to work on /Users/naga/Desktop/airflow_env/lib/python3.12/site-packages/airflow/example_dags/example_bash_operator.py
[2026-06-21T15:53:20.092-0500] {processor.py:830} INFO - Processing file /Users/naga/Desktop/airflow_env/lib/python3.12/site-packages/airflow/example_dags/example_bash_operator.py for tasks to queue
[2026-06-21T15:53:20.092-0500] {logging_mixin.py:188} INFO - [2026-06-21T15:53:20.092-0500] {dagbag.py:545} INFO - Filling up the DagBag from /Users/naga/Desktop/airflow_env/lib/python3.12/site-packages/airflow/example_dags/example_bash_operator.py
[2026-06-21T15:53:20.098-0500] {processor.py:840} INFO - DAG(s) 'example_bash_operator' retrieved from /Users/naga/Desktop/airflow_env/lib/python3.12/site-packages/airflow/example_dags/example_bash_operator.py
[2026-06-21T15:53:20.146-0500] {logging_mixin.py:188} INFO - [2026-06-21T15:53:20.146-0500] {dag.py:3089} INFO - Sync 1 DAGs
[2026-06-21T15:53:20.155-0500] {logging_mixin.py:188} INFO - [2026-06-21T15:53:20.155-0500] {dag.py:3947} INFO - Setting next_dagrun for example_bash_operator to 2026-06-20 00:00:00+00:00, run_after=2026-06-21 00:00:00+00:00
[2026-06-21T15:53:20.164-0500] {processor.py:183} INFO - Processing /Users/naga/Desktop/airflow_env/lib/python3.12/site-packages/airflow/example_dags/example_bash_operator.py took 0.074 seconds
[2026-06-21T15:55:26.779-0500] {processor.py:161} INFO - Started process (PID=58022) to work on /Users/naga/Desktop/airflow_env/lib/python3.12/site-packages/airflow/example_dags/example_bash_operator.py
[2026-06-21T15:55:26.780-0500] {processor.py:830} INFO - Processing file /Users/naga/Desktop/airflow_env/lib/python3.12/site-packages/airflow/example_dags/example_bash_operator.py for tasks to queue
[2026-06-21T15:55:26.780-0500] {logging_mixin.py:188} INFO - [2026-06-21T15:55:26.780-0500] {dagbag.py:545} INFO - Filling up the DagBag from /Users/naga/Desktop/airflow_env/lib/python3.12/site-packages/airflow/example_dags/example_bash_operator.py
[2026-06-21T15:55:26.786-0500] {processor.py:840} INFO - DAG(s) 'example_bash_operator' retrieved from /Users/naga/Desktop/airflow_env/lib/python3.12/site-packages/airflow/example_dags/example_bash_operator.py
[2026-06-21T15:55:26.833-0500] {logging_mixin.py:188} INFO - [2026-06-21T15:55:26.833-0500] {dag.py:3089} INFO - Sync 1 DAGs
[2026-06-21T15:55:26.841-0500] {logging_mixin.py:188} INFO - [2026-06-21T15:55:26.841-0500] {dag.py:3947} INFO - Setting next_dagrun for example_bash_operator to 2026-06-20 00:00:00+00:00, run_after=2026-06-21 00:00:00+00:00
[2026-06-21T15:55:26.849-0500] {processor.py:183} INFO - Processing /Users/naga/Desktop/airflow_env/lib/python3.12/site-packages/airflow/example_dags/example_bash_operator.py took 0.071 seconds
[2026-06-21T15:57:31.894-0500] {processor.py:161} INFO - Started process (PID=58132) to work on /Users/naga/Desktop/airflow_env/lib/python3.12/site-packages/airflow/example_dags/example_bash_operator.py
[2026-06-21T15:57:31.895-0500] {processor.py:830} INFO - Processing file /Users/naga/Desktop/airflow_env/lib/python3.12/site-packages/airflow/example_dags/example_bash_operator.py for tasks to queue
[2026-06-21T15:57:31.895-0500] {logging_mixin.py:188} INFO - [2026-06-21T15:57:31.895-0500] {dagbag.py:545} INFO - Filling up the DagBag from /Users/naga/Desktop/airflow_env/lib/python3.12/site-packages/airflow/example_dags/example_bash_operator.py
[2026-06-21T15:57:31.901-0500] {processor.py:840} INFO - DAG(s) 'example_bash_operator' retrieved from /Users/naga/Desktop/airflow_env/lib/python3.12/site-packages/airflow/example_dags/example_bash_operator.py
[2026-06-21T15:57:31.948-0500] {logging_mixin.py:188} INFO - [2026-06-21T15:57:31.947-0500] {dag.py:3089} INFO - Sync 1 DAGs
[2026-06-21T15:57:31.956-0500] {logging_mixin.py:188} INFO - [2026-06-21T15:57:31.956-0500] {dag.py:3947} INFO - Setting next_dagrun for example_bash_operator to 2026-06-20 00:00:00+00:00, run_after=2026-06-21 00:00:00+00:00
[2026-06-21T15:57:31.964-0500] {processor.py:183} INFO - Processing /Users/naga/Desktop/airflow_env/lib/python3.12/site-packages/airflow/example_dags/example_bash_operator.py took 0.071 seconds
[2026-06-21T15:59:40.521-0500] {processor.py:161} INFO - Started process (PID=58268) to work on /Users/naga/Desktop/airflow_env/lib/python3.12/site-packages/airflow/example_dags/example_bash_operator.py
[2026-06-21T15:59:40.522-0500] {processor.py:830} INFO - Processing file /Users/naga/Desktop/airflow_env/lib/python3.12/site-packages/airflow/example_dags/example_bash_operator.py for tasks to queue
[2026-06-21T15:59:40.523-0500] {logging_mixin.py:188} INFO - [2026-06-21T15:59:40.522-0500] {dagbag.py:545} INFO - Filling up the DagBag from /Users/naga/Desktop/airflow_env/lib/python3.12/site-packages/airflow/example_dags/example_bash_operator.py
[2026-06-21T15:59:40.528-0500] {processor.py:840} INFO - DAG(s) 'example_bash_operator' retrieved from /Users/naga/Desktop/airflow_env/lib/python3.12/site-packages/airflow/example_dags/example_bash_operator.py
[2026-06-21T15:59:40.575-0500] {logging_mixin.py:188} INFO - [2026-06-21T15:59:40.575-0500] {dag.py:3089} INFO - Sync 1 DAGs
[2026-06-21T15:59:40.583-0500] {logging_mixin.py:188} INFO - [2026-06-21T15:59:40.583-0500] {dag.py:3947} INFO - Setting next_dagrun for example_bash_operator to 2026-06-20 00:00:00+00:00, run_after=2026-06-21 00:00:00+00:00
[2026-06-21T15:59:40.591-0500] {processor.py:183} INFO - Processing /Users/naga/Desktop/airflow_env/lib/python3.12/site-packages/airflow/example_dags/example_bash_operator.py took 0.071 seconds
[2026-06-21T16:01:46.374-0500] {processor.py:161} INFO - Started process (PID=58396) to work on /Users/naga/Desktop/airflow_env/lib/python3.12/site-packages/airflow/example_dags/example_bash_operator.py
[2026-06-21T16:01:46.375-0500] {processor.py:830} INFO - Processing file /Users/naga/Desktop/airflow_env/lib/python3.12/site-packages/airflow/example_dags/example_bash_operator.py for tasks to queue
[2026-06-21T16:01:46.375-0500] {logging_mixin.py:188} INFO - [2026-06-21T16:01:46.375-0500] {dagbag.py:545} INFO - Filling up the DagBag from /Users/naga/Desktop/airflow_env/lib/python3.12/site-packages/airflow/example_dags/example_bash_operator.py
[2026-06-21T16:01:46.381-0500] {processor.py:840} INFO - DAG(s) 'example_bash_operator' retrieved from /Users/naga/Desktop/airflow_env/lib/python3.12/site-packages/airflow/example_dags/example_bash_operator.py
[2026-06-21T16:01:46.427-0500] {logging_mixin.py:188} INFO - [2026-06-21T16:01:46.427-0500] {dag.py:3089} INFO - Sync 1 DAGs
[2026-06-21T16:01:46.435-0500] {logging_mixin.py:188} INFO - [2026-06-21T16:01:46.435-0500] {dag.py:3947} INFO - Setting next_dagrun for example_bash_operator to 2026-06-20 00:00:00+00:00, run_after=2026-06-21 00:00:00+00:00
[2026-06-21T16:01:46.443-0500] {processor.py:183} INFO - Processing /Users/naga/Desktop/airflow_env/lib/python3.12/site-packages/airflow/example_dags/example_bash_operator.py took 0.070 seconds
[2026-06-21T16:03:53.625-0500] {processor.py:161} INFO - Started process (PID=58530) to work on /Users/naga/Desktop/airflow_env/lib/python3.12/site-packages/airflow/example_dags/example_bash_operator.py
[2026-06-21T16:03:53.626-0500] {processor.py:830} INFO - Processing file /Users/naga/Desktop/airflow_env/lib/python3.12/site-packages/airflow/example_dags/example_bash_operator.py for tasks to queue
[2026-06-21T16:03:53.626-0500] {logging_mixin.py:188} INFO - [2026-06-21T16:03:53.626-0500] {dagbag.py:545} INFO - Filling up the DagBag from /Users/naga/Desktop/airflow_env/lib/python3.12/site-packages/airflow/example_dags/example_bash_operator.py
[2026-06-21T16:03:53.632-0500] {processor.py:840} INFO - DAG(s) 'example_bash_operator' retrieved from /Users/naga/Desktop/airflow_env/lib/python3.12/site-packages/airflow/example_dags/example_bash_operator.py
[2026-06-21T16:03:53.679-0500] {logging_mixin.py:188} INFO - [2026-06-21T16:03:53.679-0500] {dag.py:3089} INFO - Sync 1 DAGs
[2026-06-21T16:03:53.687-0500] {logging_mixin.py:188} INFO - [2026-06-21T16:03:53.687-0500] {dag.py:3947} INFO - Setting next_dagrun for example_bash_operator to 2026-06-20 00:00:00+00:00, run_after=2026-06-21 00:00:00+00:00
[2026-06-21T16:03:53.695-0500] {processor.py:183} INFO - Processing /Users/naga/Desktop/airflow_env/lib/python3.12/site-packages/airflow/example_dags/example_bash_operator.py took 0.071 seconds
[2026-06-21T16:06:01.278-0500] {processor.py:161} INFO - Started process (PID=58637) to work on /Users/naga/Desktop/airflow_env/lib/python3.12/site-packages/airflow/example_dags/example_bash_operator.py
[2026-06-21T16:06:01.279-0500] {processor.py:830} INFO - Processing file /Users/naga/Desktop/airflow_env/lib/python3.12/site-packages/airflow/example_dags/example_bash_operator.py for tasks to queue
[2026-06-21T16:06:01.280-0500] {logging_mixin.py:188} INFO - [2026-06-21T16:06:01.280-0500] {dagbag.py:545} INFO - Filling up the DagBag from /Users/naga/Desktop/airflow_env/lib/python3.12/site-packages/airflow/example_dags/example_bash_operator.py
[2026-06-21T16:06:01.286-0500] {processor.py:840} INFO - DAG(s) 'example_bash_operator' retrieved from /Users/naga/Desktop/airflow_env/lib/python3.12/site-packages/airflow/example_dags/example_bash_operator.py
[2026-06-21T16:06:01.333-0500] {logging_mixin.py:188} INFO - [2026-06-21T16:06:01.333-0500] {dag.py:3089} INFO - Sync 1 DAGs
[2026-06-21T16:06:01.341-0500] {logging_mixin.py:188} INFO - [2026-06-21T16:06:01.341-0500] {dag.py:3947} INFO - Setting next_dagrun for example_bash_operator to 2026-06-20 00:00:00+00:00, run_after=2026-06-21 00:00:00+00:00
[2026-06-21T16:06:01.349-0500] {processor.py:183} INFO - Processing /Users/naga/Desktop/airflow_env/lib/python3.12/site-packages/airflow/example_dags/example_bash_operator.py took 0.072 seconds
[2026-06-21T16:08:14.077-0500] {processor.py:161} INFO - Started process (PID=58762) to work on /Users/naga/Desktop/airflow_env/lib/python3.12/site-packages/airflow/example_dags/example_bash_operator.py
[2026-06-21T16:08:14.078-0500] {processor.py:830} INFO - Processing file /Users/naga/Desktop/airflow_env/lib/python3.12/site-packages/airflow/example_dags/example_bash_operator.py for tasks to queue
[2026-06-21T16:08:14.078-0500] {logging_mixin.py:188} INFO - [2026-06-21T16:08:14.078-0500] {dagbag.py:545} INFO - Filling up the DagBag from /Users/naga/Desktop/airflow_env/lib/python3.12/site-packages/airflow/example_dags/example_bash_operator.py
[2026-06-21T16:08:14.086-0500] {processor.py:840} INFO - DAG(s) 'example_bash_operator' retrieved from /Users/naga/Desktop/airflow_env/lib/python3.12/site-packages/airflow/example_dags/example_bash_operator.py
[2026-06-21T16:08:14.144-0500] {logging_mixin.py:188} INFO - [2026-06-21T16:08:14.144-0500] {dag.py:3089} INFO - Sync 1 DAGs
[2026-06-21T16:08:14.154-0500] {logging_mixin.py:188} INFO - [2026-06-21T16:08:14.154-0500] {dag.py:3947} INFO - Setting next_dagrun for example_bash_operator to 2026-06-20 00:00:00+00:00, run_after=2026-06-21 00:00:00+00:00
[2026-06-21T16:08:14.165-0500] {processor.py:183} INFO - Processing /Users/naga/Desktop/airflow_env/lib/python3.12/site-packages/airflow/example_dags/example_bash_operator.py took 0.090 seconds
[2026-06-21T16:10:27.946-0500] {processor.py:161} INFO - Started process (PID=58909) to work on /Users/naga/Desktop/airflow_env/lib/python3.12/site-packages/airflow/example_dags/example_bash_operator.py
[2026-06-21T16:10:27.947-0500] {processor.py:830} INFO - Processing file /Users/naga/Desktop/airflow_env/lib/python3.12/site-packages/airflow/example_dags/example_bash_operator.py for tasks to queue
[2026-06-21T16:10:27.948-0500] {logging_mixin.py:188} INFO - [2026-06-21T16:10:27.947-0500] {dagbag.py:545} INFO - Filling up the DagBag from /Users/naga/Desktop/airflow_env/lib/python3.12/site-packages/airflow/example_dags/example_bash_operator.py
[2026-06-21T16:10:27.954-0500] {processor.py:840} INFO - DAG(s) 'example_bash_operator' retrieved from /Users/naga/Desktop/airflow_env/lib/python3.12/site-packages/airflow/example_dags/example_bash_operator.py
[2026-06-21T16:10:28.004-0500] {logging_mixin.py:188} INFO - [2026-06-21T16:10:28.003-0500] {dag.py:3089} INFO - Sync 1 DAGs
[2026-06-21T16:10:28.013-0500] {logging_mixin.py:188} INFO - [2026-06-21T16:10:28.012-0500] {dag.py:3947} INFO - Setting next_dagrun for example_bash_operator to 2026-06-20 00:00:00+00:00, run_after=2026-06-21 00:00:00+00:00
[2026-06-21T16:10:28.021-0500] {processor.py:183} INFO - Processing /Users/naga/Desktop/airflow_env/lib/python3.12/site-packages/airflow/example_dags/example_bash_operator.py took 0.076 seconds
[2026-06-21T16:12:41.879-0500] {processor.py:161} INFO - Started process (PID=59024) to work on /Users/naga/Desktop/airflow_env/lib/python3.12/site-packages/airflow/example_dags/example_bash_operator.py
[2026-06-21T16:12:41.880-0500] {processor.py:830} INFO - Processing file /Users/naga/Desktop/airflow_env/lib/python3.12/site-packages/airflow/example_dags/example_bash_operator.py for tasks to queue
[2026-06-21T16:12:41.880-0500] {logging_mixin.py:188} INFO - [2026-06-21T16:12:41.880-0500] {dagbag.py:545} INFO - Filling up the DagBag from /Users/naga/Desktop/airflow_env/lib/python3.12/site-packages/airflow/example_dags/example_bash_operator.py
[2026-06-21T16:12:41.887-0500] {processor.py:840} INFO - DAG(s) 'example_bash_operator' retrieved from /Users/naga/Desktop/airflow_env/lib/python3.12/site-packages/airflow/example_dags/example_bash_operator.py
[2026-06-21T16:12:41.937-0500] {logging_mixin.py:188} INFO - [2026-06-21T16:12:41.937-0500] {dag.py:3089} INFO - Sync 1 DAGs
[2026-06-21T16:12:41.946-0500] {logging_mixin.py:188} INFO - [2026-06-21T16:12:41.946-0500] {dag.py:3947} INFO - Setting next_dagrun for example_bash_operator to 2026-06-20 00:00:00+00:00, run_after=2026-06-21 00:00:00+00:00
[2026-06-21T16:12:41.954-0500] {processor.py:183} INFO - Processing /Users/naga/Desktop/airflow_env/lib/python3.12/site-packages/airflow/example_dags/example_bash_operator.py took 0.077 seconds
[2026-06-21T16:14:53.471-0500] {processor.py:161} INFO - Started process (PID=59173) to work on /Users/naga/Desktop/airflow_env/lib/python3.12/site-packages/airflow/example_dags/example_bash_operator.py
[2026-06-21T16:14:53.472-0500] {processor.py:830} INFO - Processing file /Users/naga/Desktop/airflow_env/lib/python3.12/site-packages/airflow/example_dags/example_bash_operator.py for tasks to queue
[2026-06-21T16:14:53.472-0500] {logging_mixin.py:188} INFO - [2026-06-21T16:14:53.472-0500] {dagbag.py:545} INFO - Filling up the DagBag from /Users/naga/Desktop/airflow_env/lib/python3.12/site-packages/airflow/example_dags/example_bash_operator.py
[2026-06-21T16:14:53.478-0500] {processor.py:840} INFO - DAG(s) 'example_bash_operator' retrieved from /Users/naga/Desktop/airflow_env/lib/python3.12/site-packages/airflow/example_dags/example_bash_operator.py
[2026-06-21T16:14:53.529-0500] {logging_mixin.py:188} INFO - [2026-06-21T16:14:53.529-0500] {dag.py:3089} INFO - Sync 1 DAGs
[2026-06-21T16:14:53.537-0500] {logging_mixin.py:188} INFO - [2026-06-21T16:14:53.537-0500] {dag.py:3947} INFO - Setting next_dagrun for example_bash_operator to 2026-06-20 00:00:00+00:00, run_after=2026-06-21 00:00:00+00:00
[2026-06-21T16:14:53.546-0500] {processor.py:183} INFO - Processing /Users/naga/Desktop/airflow_env/lib/python3.12/site-packages/airflow/example_dags/example_bash_operator.py took 0.076 seconds
[2026-06-21T16:17:03.361-0500] {processor.py:161} INFO - Started process (PID=59298) to work on /Users/naga/Desktop/airflow_env/lib/python3.12/site-packages/airflow/example_dags/example_bash_operator.py
[2026-06-21T16:17:03.362-0500] {processor.py:830} INFO - Processing file /Users/naga/Desktop/airflow_env/lib/python3.12/site-packages/airflow/example_dags/example_bash_operator.py for tasks to queue
[2026-06-21T16:17:03.363-0500] {logging_mixin.py:188} INFO - [2026-06-21T16:17:03.363-0500] {dagbag.py:545} INFO - Filling up the DagBag from /Users/naga/Desktop/airflow_env/lib/python3.12/site-packages/airflow/example_dags/example_bash_operator.py
[2026-06-21T16:17:03.369-0500] {processor.py:840} INFO - DAG(s) 'example_bash_operator' retrieved from /Users/naga/Desktop/airflow_env/lib/python3.12/site-packages/airflow/example_dags/example_bash_operator.py
[2026-06-21T16:17:03.420-0500] {logging_mixin.py:188} INFO - [2026-06-21T16:17:03.420-0500] {dag.py:3089} INFO - Sync 1 DAGs
[2026-06-21T16:17:03.429-0500] {logging_mixin.py:188} INFO - [2026-06-21T16:17:03.429-0500] {dag.py:3947} INFO - Setting next_dagrun for example_bash_operator to 2026-06-20 00:00:00+00:00, run_after=2026-06-21 00:00:00+00:00
[2026-06-21T16:17:03.440-0500] {processor.py:183} INFO - Processing /Users/naga/Desktop/airflow_env/lib/python3.12/site-packages/airflow/example_dags/example_bash_operator.py took 0.080 seconds
[2026-06-21T16:19:15.374-0500] {processor.py:161} INFO - Started process (PID=59422) to work on /Users/naga/Desktop/airflow_env/lib/python3.12/site-packages/airflow/example_dags/example_bash_operator.py
[2026-06-21T16:19:15.375-0500] {processor.py:830} INFO - Processing file /Users/naga/Desktop/airflow_env/lib/python3.12/site-packages/airflow/example_dags/example_bash_operator.py for tasks to queue
[2026-06-21T16:19:15.375-0500] {logging_mixin.py:188} INFO - [2026-06-21T16:19:15.375-0500] {dagbag.py:545} INFO - Filling up the DagBag from /Users/naga/Desktop/airflow_env/lib/python3.12/site-packages/airflow/example_dags/example_bash_operator.py
[2026-06-21T16:19:15.382-0500] {processor.py:840} INFO - DAG(s) 'example_bash_operator' retrieved from /Users/naga/Desktop/airflow_env/lib/python3.12/site-packages/airflow/example_dags/example_bash_operator.py
[2026-06-21T16:19:15.432-0500] {logging_mixin.py:188} INFO - [2026-06-21T16:19:15.432-0500] {dag.py:3089} INFO - Sync 1 DAGs
[2026-06-21T16:19:15.441-0500] {logging_mixin.py:188} INFO - [2026-06-21T16:19:15.441-0500] {dag.py:3947} INFO - Setting next_dagrun for example_bash_operator to 2026-06-20 00:00:00+00:00, run_after=2026-06-21 00:00:00+00:00
[2026-06-21T16:19:15.449-0500] {processor.py:183} INFO - Processing /Users/naga/Desktop/airflow_env/lib/python3.12/site-packages/airflow/example_dags/example_bash_operator.py took 0.077 seconds
[2026-06-21T16:21:23.999-0500] {processor.py:161} INFO - Started process (PID=59568) to work on /Users/naga/Desktop/airflow_env/lib/python3.12/site-packages/airflow/example_dags/example_bash_operator.py
[2026-06-21T16:21:24.000-0500] {processor.py:830} INFO - Processing file /Users/naga/Desktop/airflow_env/lib/python3.12/site-packages/airflow/example_dags/example_bash_operator.py for tasks to queue
[2026-06-21T16:21:24.000-0500] {logging_mixin.py:188} INFO - [2026-06-21T16:21:24.000-0500] {dagbag.py:545} INFO - Filling up the DagBag from /Users/naga/Desktop/airflow_env/lib/python3.12/site-packages/airflow/example_dags/example_bash_operator.py
[2026-06-21T16:21:24.006-0500] {processor.py:840} INFO - DAG(s) 'example_bash_operator' retrieved from /Users/naga/Desktop/airflow_env/lib/python3.12/site-packages/airflow/example_dags/example_bash_operator.py
[2026-06-21T16:21:24.058-0500] {logging_mixin.py:188} INFO - [2026-06-21T16:21:24.058-0500] {dag.py:3089} INFO - Sync 1 DAGs
[2026-06-21T16:21:24.067-0500] {logging_mixin.py:188} INFO - [2026-06-21T16:21:24.067-0500] {dag.py:3947} INFO - Setting next_dagrun for example_bash_operator to 2026-06-20 00:00:00+00:00, run_after=2026-06-21 00:00:00+00:00
[2026-06-21T16:21:24.075-0500] {processor.py:183} INFO - Processing /Users/naga/Desktop/airflow_env/lib/python3.12/site-packages/airflow/example_dags/example_bash_operator.py took 0.078 seconds
[2026-06-21T16:23:33.225-0500] {processor.py:161} INFO - Started process (PID=59698) to work on /Users/naga/Desktop/airflow_env/lib/python3.12/site-packages/airflow/example_dags/example_bash_operator.py
[2026-06-21T16:23:33.226-0500] {processor.py:830} INFO - Processing file /Users/naga/Desktop/airflow_env/lib/python3.12/site-packages/airflow/example_dags/example_bash_operator.py for tasks to queue
[2026-06-21T16:23:33.226-0500] {logging_mixin.py:188} INFO - [2026-06-21T16:23:33.226-0500] {dagbag.py:545} INFO - Filling up the DagBag from /Users/naga/Desktop/airflow_env/lib/python3.12/site-packages/airflow/example_dags/example_bash_operator.py
[2026-06-21T16:23:33.233-0500] {processor.py:840} INFO - DAG(s) 'example_bash_operator' retrieved from /Users/naga/Desktop/airflow_env/lib/python3.12/site-packages/airflow/example_dags/example_bash_operator.py
[2026-06-21T16:23:33.285-0500] {logging_mixin.py:188} INFO - [2026-06-21T16:23:33.285-0500] {dag.py:3089} INFO - Sync 1 DAGs
[2026-06-21T16:23:33.294-0500] {logging_mixin.py:188} INFO - [2026-06-21T16:23:33.294-0500] {dag.py:3947} INFO - Setting next_dagrun for example_bash_operator to 2026-06-20 00:00:00+00:00, run_after=2026-06-21 00:00:00+00:00
[2026-06-21T16:23:33.304-0500] {processor.py:183} INFO - Processing /Users/naga/Desktop/airflow_env/lib/python3.12/site-packages/airflow/example_dags/example_bash_operator.py took 0.080 seconds
[2026-06-21T16:25:44.683-0500] {processor.py:161} INFO - Started process (PID=59837) to work on /Users/naga/Desktop/airflow_env/lib/python3.12/site-packages/airflow/example_dags/example_bash_operator.py
[2026-06-21T16:25:44.684-0500] {processor.py:830} INFO - Processing file /Users/naga/Desktop/airflow_env/lib/python3.12/site-packages/airflow/example_dags/example_bash_operator.py for tasks to queue
[2026-06-21T16:25:44.684-0500] {logging_mixin.py:188} INFO - [2026-06-21T16:25:44.684-0500] {dagbag.py:545} INFO - Filling up the DagBag from /Users/naga/Desktop/airflow_env/lib/python3.12/site-packages/airflow/example_dags/example_bash_operator.py
[2026-06-21T16:25:44.692-0500] {processor.py:840} INFO - DAG(s) 'example_bash_operator' retrieved from /Users/naga/Desktop/airflow_env/lib/python3.12/site-packages/airflow/example_dags/example_bash_operator.py
[2026-06-21T16:25:44.754-0500] {logging_mixin.py:188} INFO - [2026-06-21T16:25:44.754-0500] {dag.py:3089} INFO - Sync 1 DAGs
[2026-06-21T16:25:44.766-0500] {logging_mixin.py:188} INFO - [2026-06-21T16:25:44.766-0500] {dag.py:3947} INFO - Setting next_dagrun for example_bash_operator to 2026-06-20 00:00:00+00:00, run_after=2026-06-21 00:00:00+00:00
[2026-06-21T16:25:44.775-0500] {processor.py:183} INFO - Processing /Users/naga/Desktop/airflow_env/lib/python3.12/site-packages/airflow/example_dags/example_bash_operator.py took 0.096 seconds
[2026-06-21T16:28:02.356-0500] {processor.py:161} INFO - Started process (PID=59984) to work on /Users/naga/Desktop/airflow_env/lib/python3.12/site-packages/airflow/example_dags/example_bash_operator.py
[2026-06-21T16:28:02.357-0500] {processor.py:830} INFO - Processing file /Users/naga/Desktop/airflow_env/lib/python3.12/site-packages/airflow/example_dags/example_bash_operator.py for tasks to queue
[2026-06-21T16:28:02.357-0500] {logging_mixin.py:188} INFO - [2026-06-21T16:28:02.357-0500] {dagbag.py:545} INFO - Filling up the DagBag from /Users/naga/Desktop/airflow_env/lib/python3.12/site-packages/airflow/example_dags/example_bash_operator.py
[2026-06-21T16:28:02.363-0500] {processor.py:840} INFO - DAG(s) 'example_bash_operator' retrieved from /Users/naga/Desktop/airflow_env/lib/python3.12/site-packages/airflow/example_dags/example_bash_operator.py
[2026-06-21T16:28:02.410-0500] {logging_mixin.py:188} INFO - [2026-06-21T16:28:02.410-0500] {dag.py:3089} INFO - Sync 1 DAGs
[2026-06-21T16:28:02.418-0500] {logging_mixin.py:188} INFO - [2026-06-21T16:28:02.418-0500] {dag.py:3947} INFO - Setting next_dagrun for example_bash_operator to 2026-06-20 00:00:00+00:00, run_after=2026-06-21 00:00:00+00:00
[2026-06-21T16:28:02.426-0500] {processor.py:183} INFO - Processing /Users/naga/Desktop/airflow_env/lib/python3.12/site-packages/airflow/example_dags/example_bash_operator.py took 0.071 seconds
[2026-06-21T16:30:11.938-0500] {processor.py:161} INFO - Started process (PID=60093) to work on /Users/naga/Desktop/airflow_env/lib/python3.12/site-packages/airflow/example_dags/example_bash_operator.py
[2026-06-21T16:30:11.939-0500] {processor.py:830} INFO - Processing file /Users/naga/Desktop/airflow_env/lib/python3.12/site-packages/airflow/example_dags/example_bash_operator.py for tasks to queue
[2026-06-21T16:30:11.939-0500] {logging_mixin.py:188} INFO - [2026-06-21T16:30:11.939-0500] {dagbag.py:545} INFO - Filling up the DagBag from /Users/naga/Desktop/airflow_env/lib/python3.12/site-packages/airflow/example_dags/example_bash_operator.py
[2026-06-21T16:30:11.945-0500] {processor.py:840} INFO - DAG(s) 'example_bash_operator' retrieved from /Users/naga/Desktop/airflow_env/lib/python3.12/site-packages/airflow/example_dags/example_bash_operator.py
[2026-06-21T16:30:11.994-0500] {logging_mixin.py:188} INFO - [2026-06-21T16:30:11.994-0500] {dag.py:3089} INFO - Sync 1 DAGs
[2026-06-21T16:30:12.003-0500] {logging_mixin.py:188} INFO - [2026-06-21T16:30:12.002-0500] {dag.py:3947} INFO - Setting next_dagrun for example_bash_operator to 2026-06-20 00:00:00+00:00, run_after=2026-06-21 00:00:00+00:00
[2026-06-21T16:30:12.011-0500] {processor.py:183} INFO - Processing /Users/naga/Desktop/airflow_env/lib/python3.12/site-packages/airflow/example_dags/example_bash_operator.py took 0.074 seconds
[2026-06-21T16:32:17.645-0500] {processor.py:161} INFO - Started process (PID=60245) to work on /Users/naga/Desktop/airflow_env/lib/python3.12/site-packages/airflow/example_dags/example_bash_operator.py
[2026-06-21T16:32:17.646-0500] {processor.py:830} INFO - Processing file /Users/naga/Desktop/airflow_env/lib/python3.12/site-packages/airflow/example_dags/example_bash_operator.py for tasks to queue
[2026-06-21T16:32:17.646-0500] {logging_mixin.py:188} INFO - [2026-06-21T16:32:17.646-0500] {dagbag.py:545} INFO - Filling up the DagBag from /Users/naga/Desktop/airflow_env/lib/python3.12/site-packages/airflow/example_dags/example_bash_operator.py
[2026-06-21T16:32:17.652-0500] {processor.py:840} INFO - DAG(s) 'example_bash_operator' retrieved from /Users/naga/Desktop/airflow_env/lib/python3.12/site-packages/airflow/example_dags/example_bash_operator.py
[2026-06-21T16:32:17.700-0500] {logging_mixin.py:188} INFO - [2026-06-21T16:32:17.700-0500] {dag.py:3089} INFO - Sync 1 DAGs
[2026-06-21T16:32:17.708-0500] {logging_mixin.py:188} INFO - [2026-06-21T16:32:17.708-0500] {dag.py:3947} INFO - Setting next_dagrun for example_bash_operator to 2026-06-20 00:00:00+00:00, run_after=2026-06-21 00:00:00+00:00
[2026-06-21T16:32:17.716-0500] {processor.py:183} INFO - Processing /Users/naga/Desktop/airflow_env/lib/python3.12/site-packages/airflow/example_dags/example_bash_operator.py took 0.073 seconds
[2026-06-21T16:34:19.198-0500] {processor.py:161} INFO - Started process (PID=60351) to work on /Users/naga/Desktop/airflow_env/lib/python3.12/site-packages/airflow/example_dags/example_bash_operator.py
[2026-06-21T16:34:19.199-0500] {processor.py:830} INFO - Processing file /Users/naga/Desktop/airflow_env/lib/python3.12/site-packages/airflow/example_dags/example_bash_operator.py for tasks to queue
[2026-06-21T16:34:19.199-0500] {logging_mixin.py:188} INFO - [2026-06-21T16:34:19.199-0500] {dagbag.py:545} INFO - Filling up the DagBag from /Users/naga/Desktop/airflow_env/lib/python3.12/site-packages/airflow/example_dags/example_bash_operator.py
[2026-06-21T16:34:19.205-0500] {processor.py:840} INFO - DAG(s) 'example_bash_operator' retrieved from /Users/naga/Desktop/airflow_env/lib/python3.12/site-packages/airflow/example_dags/example_bash_operator.py
[2026-06-21T16:34:19.254-0500] {logging_mixin.py:188} INFO - [2026-06-21T16:34:19.254-0500] {dag.py:3089} INFO - Sync 1 DAGs
[2026-06-21T16:34:19.263-0500] {logging_mixin.py:188} INFO - [2026-06-21T16:34:19.262-0500] {dag.py:3947} INFO - Setting next_dagrun for example_bash_operator to 2026-06-20 00:00:00+00:00, run_after=2026-06-21 00:00:00+00:00
[2026-06-21T16:34:19.271-0500] {processor.py:183} INFO - Processing /Users/naga/Desktop/airflow_env/lib/python3.12/site-packages/airflow/example_dags/example_bash_operator.py took 0.075 seconds
[2026-06-21T16:36:27.213-0500] {processor.py:161} INFO - Started process (PID=60477) to work on /Users/naga/Desktop/airflow_env/lib/python3.12/site-packages/airflow/example_dags/example_bash_operator.py
[2026-06-21T16:36:27.214-0500] {processor.py:830} INFO - Processing file /Users/naga/Desktop/airflow_env/lib/python3.12/site-packages/airflow/example_dags/example_bash_operator.py for tasks to queue
[2026-06-21T16:36:27.214-0500] {logging_mixin.py:188} INFO - [2026-06-21T16:36:27.214-0500] {dagbag.py:545} INFO - Filling up the DagBag from /Users/naga/Desktop/airflow_env/lib/python3.12/site-packages/airflow/example_dags/example_bash_operator.py
[2026-06-21T16:36:27.220-0500] {processor.py:840} INFO - DAG(s) 'example_bash_operator' retrieved from /Users/naga/Desktop/airflow_env/lib/python3.12/site-packages/airflow/example_dags/example_bash_operator.py
[2026-06-21T16:36:27.267-0500] {logging_mixin.py:188} INFO - [2026-06-21T16:36:27.267-0500] {dag.py:3089} INFO - Sync 1 DAGs
[2026-06-21T16:36:27.275-0500] {logging_mixin.py:188} INFO - [2026-06-21T16:36:27.275-0500] {dag.py:3947} INFO - Setting next_dagrun for example_bash_operator to 2026-06-20 00:00:00+00:00, run_after=2026-06-21 00:00:00+00:00
[2026-06-21T16:36:27.283-0500] {processor.py:183} INFO - Processing /Users/naga/Desktop/airflow_env/lib/python3.12/site-packages/airflow/example_dags/example_bash_operator.py took 0.072 seconds
[2026-06-21T16:38:30.985-0500] {processor.py:161} INFO - Started process (PID=60607) to work on /Users/naga/Desktop/airflow_env/lib/python3.12/site-packages/airflow/example_dags/example_bash_operator.py
[2026-06-21T16:38:30.986-0500] {processor.py:830} INFO - Processing file /Users/naga/Desktop/airflow_env/lib/python3.12/site-packages/airflow/example_dags/example_bash_operator.py for tasks to queue
[2026-06-21T16:38:30.986-0500] {logging_mixin.py:188} INFO - [2026-06-21T16:38:30.986-0500] {dagbag.py:545} INFO - Filling up the DagBag from /Users/naga/Desktop/airflow_env/lib/python3.12/site-packages/airflow/example_dags/example_bash_operator.py
[2026-06-21T16:38:30.992-0500] {processor.py:840} INFO - DAG(s) 'example_bash_operator' retrieved from /Users/naga/Desktop/airflow_env/lib/python3.12/site-packages/airflow/example_dags/example_bash_operator.py
[2026-06-21T16:38:31.040-0500] {logging_mixin.py:188} INFO - [2026-06-21T16:38:31.040-0500] {dag.py:3089} INFO - Sync 1 DAGs
[2026-06-21T16:38:31.048-0500] {logging_mixin.py:188} INFO - [2026-06-21T16:38:31.048-0500] {dag.py:3947} INFO - Setting next_dagrun for example_bash_operator to 2026-06-20 00:00:00+00:00, run_after=2026-06-21 00:00:00+00:00
[2026-06-21T16:38:31.056-0500] {processor.py:183} INFO - Processing /Users/naga/Desktop/airflow_env/lib/python3.12/site-packages/airflow/example_dags/example_bash_operator.py took 0.072 seconds
[2026-06-21T16:41:50.610-0500] {processor.py:161} INFO - Started process (PID=60791) to work on /Users/naga/Desktop/airflow_env/lib/python3.12/site-packages/airflow/example_dags/example_bash_operator.py
[2026-06-21T16:41:50.611-0500] {processor.py:830} INFO - Processing file /Users/naga/Desktop/airflow_env/lib/python3.12/site-packages/airflow/example_dags/example_bash_operator.py for tasks to queue
[2026-06-21T16:41:50.612-0500] {logging_mixin.py:188} INFO - [2026-06-21T16:41:50.612-0500] {dagbag.py:545} INFO - Filling up the DagBag from /Users/naga/Desktop/airflow_env/lib/python3.12/site-packages/airflow/example_dags/example_bash_operator.py
[2026-06-21T16:41:50.622-0500] {processor.py:840} INFO - DAG(s) 'example_bash_operator' retrieved from /Users/naga/Desktop/airflow_env/lib/python3.12/site-packages/airflow/example_dags/example_bash_operator.py
[2026-06-21T16:41:50.702-0500] {logging_mixin.py:188} INFO - [2026-06-21T16:41:50.702-0500] {dag.py:3089} INFO - Sync 1 DAGs
[2026-06-21T16:41:50.717-0500] {logging_mixin.py:188} INFO - [2026-06-21T16:41:50.716-0500] {dag.py:3947} INFO - Setting next_dagrun for example_bash_operator to 2026-06-20 00:00:00+00:00, run_after=2026-06-21 00:00:00+00:00
[2026-06-21T16:41:50.731-0500] {processor.py:183} INFO - Processing /Users/naga/Desktop/airflow_env/lib/python3.12/site-packages/airflow/example_dags/example_bash_operator.py took 0.124 seconds
[2026-06-21T16:45:23.926-0500] {processor.py:161} INFO - Started process (PID=60960) to work on /Users/naga/Desktop/airflow_env/lib/python3.12/site-packages/airflow/example_dags/example_bash_operator.py
[2026-06-21T16:45:23.927-0500] {processor.py:830} INFO - Processing file /Users/naga/Desktop/airflow_env/lib/python3.12/site-packages/airflow/example_dags/example_bash_operator.py for tasks to queue
[2026-06-21T16:45:23.928-0500] {logging_mixin.py:188} INFO - [2026-06-21T16:45:23.928-0500] {dagbag.py:545} INFO - Filling up the DagBag from /Users/naga/Desktop/airflow_env/lib/python3.12/site-packages/airflow/example_dags/example_bash_operator.py
[2026-06-21T16:45:23.939-0500] {processor.py:840} INFO - DAG(s) 'example_bash_operator' retrieved from /Users/naga/Desktop/airflow_env/lib/python3.12/site-packages/airflow/example_dags/example_bash_operator.py
[2026-06-21T16:45:24.024-0500] {logging_mixin.py:188} INFO - [2026-06-21T16:45:24.023-0500] {dag.py:3089} INFO - Sync 1 DAGs
[2026-06-21T16:45:24.038-0500] {logging_mixin.py:188} INFO - [2026-06-21T16:45:24.038-0500] {dag.py:3947} INFO - Setting next_dagrun for example_bash_operator to 2026-06-20 00:00:00+00:00, run_after=2026-06-21 00:00:00+00:00
[2026-06-21T16:45:24.053-0500] {processor.py:183} INFO - Processing /Users/naga/Desktop/airflow_env/lib/python3.12/site-packages/airflow/example_dags/example_bash_operator.py took 0.129 seconds
[2026-06-21T18:45:36.391-0500] {processor.py:161} INFO - Started process (PID=61169) to work on /Users/naga/Desktop/airflow_env/lib/python3.12/site-packages/airflow/example_dags/example_bash_operator.py
[2026-06-21T18:45:36.392-0500] {processor.py:830} INFO - Processing file /Users/naga/Desktop/airflow_env/lib/python3.12/site-packages/airflow/example_dags/example_bash_operator.py for tasks to queue
[2026-06-21T18:45:36.392-0500] {logging_mixin.py:188} INFO - [2026-06-21T18:45:36.392-0500] {dagbag.py:545} INFO - Filling up the DagBag from /Users/naga/Desktop/airflow_env/lib/python3.12/site-packages/airflow/example_dags/example_bash_operator.py
[2026-06-21T18:45:36.403-0500] {processor.py:840} INFO - DAG(s) 'example_bash_operator' retrieved from /Users/naga/Desktop/airflow_env/lib/python3.12/site-packages/airflow/example_dags/example_bash_operator.py
[2026-06-21T18:45:36.484-0500] {logging_mixin.py:188} INFO - [2026-06-21T18:45:36.483-0500] {dag.py:3089} INFO - Sync 1 DAGs
[2026-06-21T18:45:36.498-0500] {logging_mixin.py:188} INFO - [2026-06-21T18:45:36.498-0500] {dag.py:3947} INFO - Setting next_dagrun for example_bash_operator to 2026-06-20 00:00:00+00:00, run_after=2026-06-21 00:00:00+00:00
[2026-06-21T18:45:36.512-0500] {processor.py:183} INFO - Processing /Users/naga/Desktop/airflow_env/lib/python3.12/site-packages/airflow/example_dags/example_bash_operator.py took 0.124 seconds
[2026-06-21T18:57:38.988-0500] {processor.py:161} INFO - Started process (PID=61370) to work on /Users/naga/Desktop/airflow_env/lib/python3.12/site-packages/airflow/example_dags/example_bash_operator.py
[2026-06-21T18:57:38.989-0500] {processor.py:830} INFO - Processing file /Users/naga/Desktop/airflow_env/lib/python3.12/site-packages/airflow/example_dags/example_bash_operator.py for tasks to queue
[2026-06-21T18:57:38.990-0500] {logging_mixin.py:188} INFO - [2026-06-21T18:57:38.990-0500] {dagbag.py:545} INFO - Filling up the DagBag from /Users/naga/Desktop/airflow_env/lib/python3.12/site-packages/airflow/example_dags/example_bash_operator.py
[2026-06-21T18:57:38.999-0500] {processor.py:840} INFO - DAG(s) 'example_bash_operator' retrieved from /Users/naga/Desktop/airflow_env/lib/python3.12/site-packages/airflow/example_dags/example_bash_operator.py
[2026-06-21T18:57:39.078-0500] {logging_mixin.py:188} INFO - [2026-06-21T18:57:39.078-0500] {dag.py:3089} INFO - Sync 1 DAGs
[2026-06-21T18:57:39.092-0500] {logging_mixin.py:188} INFO - [2026-06-21T18:57:39.091-0500] {dag.py:3947} INFO - Setting next_dagrun for example_bash_operator to 2026-06-20 00:00:00+00:00, run_after=2026-06-21 00:00:00+00:00
[2026-06-21T18:57:39.105-0500] {processor.py:183} INFO - Processing /Users/naga/Desktop/airflow_env/lib/python3.12/site-packages/airflow/example_dags/example_bash_operator.py took 0.119 seconds
