[2026-06-21T14:44:32.230-0500] {processor.py:161} INFO - Started process (PID=54324) to work on /Users/naga/Desktop/airflow_env/lib/python3.12/site-packages/airflow/example_dags/example_setup_teardown.py
[2026-06-21T14:44:32.231-0500] {processor.py:830} INFO - Processing file /Users/naga/Desktop/airflow_env/lib/python3.12/site-packages/airflow/example_dags/example_setup_teardown.py for tasks to queue
[2026-06-21T14:44:32.232-0500] {logging_mixin.py:188} INFO - [2026-06-21T14:44:32.232-0500] {dagbag.py:545} INFO - Filling up the DagBag from /Users/naga/Desktop/airflow_env/lib/python3.12/site-packages/airflow/example_dags/example_setup_teardown.py
[2026-06-21T14:44:32.239-0500] {processor.py:840} INFO - DAG(s) 'example_setup_teardown' retrieved from /Users/naga/Desktop/airflow_env/lib/python3.12/site-packages/airflow/example_dags/example_setup_teardown.py
[2026-06-21T14:44:32.384-0500] {logging_mixin.py:188} INFO - [2026-06-21T14:44:32.384-0500] {override.py:1858} INFO - Created Permission View: can read on DAG:example_setup_teardown
[2026-06-21T14:44:32.391-0500] {logging_mixin.py:188} INFO - [2026-06-21T14:44:32.391-0500] {override.py:1858} INFO - Created Permission View: can edit on DAG:example_setup_teardown
[2026-06-21T14:44:32.395-0500] {logging_mixin.py:188} INFO - [2026-06-21T14:44:32.395-0500] {override.py:1858} INFO - Created Permission View: can delete on DAG:example_setup_teardown
[2026-06-21T14:44:32.395-0500] {logging_mixin.py:188} INFO - [2026-06-21T14:44:32.395-0500] {dag.py:3089} INFO - Sync 1 DAGs
[2026-06-21T14:44:32.402-0500] {logging_mixin.py:188} INFO - [2026-06-21T14:44:32.402-0500] {dag.py:3111} INFO - Creating ORM DAG for example_setup_teardown
[2026-06-21T14:44:32.409-0500] {logging_mixin.py:188} INFO - [2026-06-21T14:44:32.408-0500] {dag.py:3947} INFO - Setting next_dagrun for example_setup_teardown to 2026-06-20 00:00:00+00:00, run_after=2026-06-21 00:00:00+00:00
[2026-06-21T14:44:32.423-0500] {processor.py:183} INFO - Processing /Users/naga/Desktop/airflow_env/lib/python3.12/site-packages/airflow/example_dags/example_setup_teardown.py took 0.195 seconds
[2026-06-21T14:46:40.161-0500] {processor.py:161} INFO - Started process (PID=54430) to work on /Users/naga/Desktop/airflow_env/lib/python3.12/site-packages/airflow/example_dags/example_setup_teardown.py
[2026-06-21T14:46:40.162-0500] {processor.py:830} INFO - Processing file /Users/naga/Desktop/airflow_env/lib/python3.12/site-packages/airflow/example_dags/example_setup_teardown.py for tasks to queue
[2026-06-21T14:46:40.162-0500] {logging_mixin.py:188} INFO - [2026-06-21T14:46:40.162-0500] {dagbag.py:545} INFO - Filling up the DagBag from /Users/naga/Desktop/airflow_env/lib/python3.12/site-packages/airflow/example_dags/example_setup_teardown.py
[2026-06-21T14:46:40.169-0500] {processor.py:840} INFO - DAG(s) 'example_setup_teardown' retrieved from /Users/naga/Desktop/airflow_env/lib/python3.12/site-packages/airflow/example_dags/example_setup_teardown.py
[2026-06-21T14:46:40.243-0500] {logging_mixin.py:188} INFO - [2026-06-21T14:46:40.243-0500] {dag.py:3089} INFO - Sync 1 DAGs
[2026-06-21T14:46:40.256-0500] {logging_mixin.py:188} INFO - [2026-06-21T14:46:40.256-0500] {dag.py:3947} INFO - Setting next_dagrun for example_setup_teardown to 2026-06-20 00:00:00+00:00, run_after=2026-06-21 00:00:00+00:00
[2026-06-21T14:46:40.271-0500] {processor.py:183} INFO - Processing /Users/naga/Desktop/airflow_env/lib/python3.12/site-packages/airflow/example_dags/example_setup_teardown.py took 0.112 seconds
[2026-06-21T14:48:12.624-0500] {processor.py:161} INFO - Started process (PID=54512) to work on /Users/naga/Desktop/airflow_env/lib/python3.12/site-packages/airflow/example_dags/example_setup_teardown.py
[2026-06-21T14:48:12.626-0500] {processor.py:830} INFO - Processing file /Users/naga/Desktop/airflow_env/lib/python3.12/site-packages/airflow/example_dags/example_setup_teardown.py for tasks to queue
[2026-06-21T14:48:12.626-0500] {logging_mixin.py:188} INFO - [2026-06-21T14:48:12.626-0500] {dagbag.py:545} INFO - Filling up the DagBag from /Users/naga/Desktop/airflow_env/lib/python3.12/site-packages/airflow/example_dags/example_setup_teardown.py
[2026-06-21T14:48:12.633-0500] {processor.py:840} INFO - DAG(s) 'example_setup_teardown' retrieved from /Users/naga/Desktop/airflow_env/lib/python3.12/site-packages/airflow/example_dags/example_setup_teardown.py
[2026-06-21T14:48:12.714-0500] {logging_mixin.py:188} INFO - [2026-06-21T14:48:12.714-0500] {dag.py:3089} INFO - Sync 1 DAGs
[2026-06-21T14:48:12.728-0500] {logging_mixin.py:188} INFO - [2026-06-21T14:48:12.728-0500] {dag.py:3947} INFO - Setting next_dagrun for example_setup_teardown to 2026-06-20 00:00:00+00:00, run_after=2026-06-21 00:00:00+00:00
[2026-06-21T14:48:12.742-0500] {processor.py:183} INFO - Processing /Users/naga/Desktop/airflow_env/lib/python3.12/site-packages/airflow/example_dags/example_setup_teardown.py took 0.120 seconds
[2026-06-21T14:49:42.603-0500] {processor.py:161} INFO - Started process (PID=54619) to work on /Users/naga/Desktop/airflow_env/lib/python3.12/site-packages/airflow/example_dags/example_setup_teardown.py
[2026-06-21T14:49:42.605-0500] {processor.py:830} INFO - Processing file /Users/naga/Desktop/airflow_env/lib/python3.12/site-packages/airflow/example_dags/example_setup_teardown.py for tasks to queue
[2026-06-21T14:49:42.605-0500] {logging_mixin.py:188} INFO - [2026-06-21T14:49:42.605-0500] {dagbag.py:545} INFO - Filling up the DagBag from /Users/naga/Desktop/airflow_env/lib/python3.12/site-packages/airflow/example_dags/example_setup_teardown.py
[2026-06-21T14:49:42.612-0500] {processor.py:840} INFO - DAG(s) 'example_setup_teardown' retrieved from /Users/naga/Desktop/airflow_env/lib/python3.12/site-packages/airflow/example_dags/example_setup_teardown.py
[2026-06-21T14:49:42.688-0500] {logging_mixin.py:188} INFO - [2026-06-21T14:49:42.687-0500] {dag.py:3089} INFO - Sync 1 DAGs
[2026-06-21T14:49:42.701-0500] {logging_mixin.py:188} INFO - [2026-06-21T14:49:42.700-0500] {dag.py:3947} INFO - Setting next_dagrun for example_setup_teardown to 2026-06-20 00:00:00+00:00, run_after=2026-06-21 00:00:00+00:00
[2026-06-21T14:49:42.714-0500] {processor.py:183} INFO - Processing /Users/naga/Desktop/airflow_env/lib/python3.12/site-packages/airflow/example_dags/example_setup_teardown.py took 0.113 seconds
[2026-06-21T14:51:11.277-0500] {processor.py:161} INFO - Started process (PID=54703) to work on /Users/naga/Desktop/airflow_env/lib/python3.12/site-packages/airflow/example_dags/example_setup_teardown.py
[2026-06-21T14:51:11.278-0500] {processor.py:830} INFO - Processing file /Users/naga/Desktop/airflow_env/lib/python3.12/site-packages/airflow/example_dags/example_setup_teardown.py for tasks to queue
[2026-06-21T14:51:11.279-0500] {logging_mixin.py:188} INFO - [2026-06-21T14:51:11.278-0500] {dagbag.py:545} INFO - Filling up the DagBag from /Users/naga/Desktop/airflow_env/lib/python3.12/site-packages/airflow/example_dags/example_setup_teardown.py
[2026-06-21T14:51:11.285-0500] {processor.py:840} INFO - DAG(s) 'example_setup_teardown' retrieved from /Users/naga/Desktop/airflow_env/lib/python3.12/site-packages/airflow/example_dags/example_setup_teardown.py
[2026-06-21T14:51:11.361-0500] {logging_mixin.py:188} INFO - [2026-06-21T14:51:11.361-0500] {dag.py:3089} INFO - Sync 1 DAGs
[2026-06-21T14:51:11.374-0500] {logging_mixin.py:188} INFO - [2026-06-21T14:51:11.374-0500] {dag.py:3947} INFO - Setting next_dagrun for example_setup_teardown to 2026-06-20 00:00:00+00:00, run_after=2026-06-21 00:00:00+00:00
[2026-06-21T14:51:11.387-0500] {processor.py:183} INFO - Processing /Users/naga/Desktop/airflow_env/lib/python3.12/site-packages/airflow/example_dags/example_setup_teardown.py took 0.113 seconds
[2026-06-21T14:52:38.967-0500] {processor.py:161} INFO - Started process (PID=54769) to work on /Users/naga/Desktop/airflow_env/lib/python3.12/site-packages/airflow/example_dags/example_setup_teardown.py
[2026-06-21T14:52:38.969-0500] {processor.py:830} INFO - Processing file /Users/naga/Desktop/airflow_env/lib/python3.12/site-packages/airflow/example_dags/example_setup_teardown.py for tasks to queue
[2026-06-21T14:52:38.969-0500] {logging_mixin.py:188} INFO - [2026-06-21T14:52:38.969-0500] {dagbag.py:545} INFO - Filling up the DagBag from /Users/naga/Desktop/airflow_env/lib/python3.12/site-packages/airflow/example_dags/example_setup_teardown.py
[2026-06-21T14:52:38.976-0500] {processor.py:840} INFO - DAG(s) 'example_setup_teardown' retrieved from /Users/naga/Desktop/airflow_env/lib/python3.12/site-packages/airflow/example_dags/example_setup_teardown.py
[2026-06-21T14:52:39.051-0500] {logging_mixin.py:188} INFO - [2026-06-21T14:52:39.050-0500] {dag.py:3089} INFO - Sync 1 DAGs
[2026-06-21T14:52:39.063-0500] {logging_mixin.py:188} INFO - [2026-06-21T14:52:39.063-0500] {dag.py:3947} INFO - Setting next_dagrun for example_setup_teardown to 2026-06-20 00:00:00+00:00, run_after=2026-06-21 00:00:00+00:00
[2026-06-21T14:52:39.076-0500] {processor.py:183} INFO - Processing /Users/naga/Desktop/airflow_env/lib/python3.12/site-packages/airflow/example_dags/example_setup_teardown.py took 0.111 seconds
[2026-06-21T14:54:08.555-0500] {processor.py:161} INFO - Started process (PID=54855) to work on /Users/naga/Desktop/airflow_env/lib/python3.12/site-packages/airflow/example_dags/example_setup_teardown.py
[2026-06-21T14:54:08.557-0500] {processor.py:830} INFO - Processing file /Users/naga/Desktop/airflow_env/lib/python3.12/site-packages/airflow/example_dags/example_setup_teardown.py for tasks to queue
[2026-06-21T14:54:08.557-0500] {logging_mixin.py:188} INFO - [2026-06-21T14:54:08.557-0500] {dagbag.py:545} INFO - Filling up the DagBag from /Users/naga/Desktop/airflow_env/lib/python3.12/site-packages/airflow/example_dags/example_setup_teardown.py
[2026-06-21T14:54:08.564-0500] {processor.py:840} INFO - DAG(s) 'example_setup_teardown' retrieved from /Users/naga/Desktop/airflow_env/lib/python3.12/site-packages/airflow/example_dags/example_setup_teardown.py
[2026-06-21T14:54:08.640-0500] {logging_mixin.py:188} INFO - [2026-06-21T14:54:08.639-0500] {dag.py:3089} INFO - Sync 1 DAGs
[2026-06-21T14:54:08.653-0500] {logging_mixin.py:188} INFO - [2026-06-21T14:54:08.653-0500] {dag.py:3947} INFO - Setting next_dagrun for example_setup_teardown to 2026-06-20 00:00:00+00:00, run_after=2026-06-21 00:00:00+00:00
[2026-06-21T14:54:08.667-0500] {processor.py:183} INFO - Processing /Users/naga/Desktop/airflow_env/lib/python3.12/site-packages/airflow/example_dags/example_setup_teardown.py took 0.114 seconds
[2026-06-21T14:55:36.138-0500] {processor.py:161} INFO - Started process (PID=54983) to work on /Users/naga/Desktop/airflow_env/lib/python3.12/site-packages/airflow/example_dags/example_setup_teardown.py
[2026-06-21T14:55:36.139-0500] {processor.py:830} INFO - Processing file /Users/naga/Desktop/airflow_env/lib/python3.12/site-packages/airflow/example_dags/example_setup_teardown.py for tasks to queue
[2026-06-21T14:55:36.140-0500] {logging_mixin.py:188} INFO - [2026-06-21T14:55:36.140-0500] {dagbag.py:545} INFO - Filling up the DagBag from /Users/naga/Desktop/airflow_env/lib/python3.12/site-packages/airflow/example_dags/example_setup_teardown.py
[2026-06-21T14:55:36.147-0500] {processor.py:840} INFO - DAG(s) 'example_setup_teardown' retrieved from /Users/naga/Desktop/airflow_env/lib/python3.12/site-packages/airflow/example_dags/example_setup_teardown.py
[2026-06-21T14:55:36.222-0500] {logging_mixin.py:188} INFO - [2026-06-21T14:55:36.222-0500] {dag.py:3089} INFO - Sync 1 DAGs
[2026-06-21T14:55:36.237-0500] {logging_mixin.py:188} INFO - [2026-06-21T14:55:36.236-0500] {dag.py:3947} INFO - Setting next_dagrun for example_setup_teardown to 2026-06-20 00:00:00+00:00, run_after=2026-06-21 00:00:00+00:00
[2026-06-21T14:55:36.250-0500] {processor.py:183} INFO - Processing /Users/naga/Desktop/airflow_env/lib/python3.12/site-packages/airflow/example_dags/example_setup_teardown.py took 0.114 seconds
[2026-06-21T14:57:15.453-0500] {processor.py:161} INFO - Started process (PID=55223) to work on /Users/naga/Desktop/airflow_env/lib/python3.12/site-packages/airflow/example_dags/example_setup_teardown.py
[2026-06-21T14:57:15.455-0500] {processor.py:830} INFO - Processing file /Users/naga/Desktop/airflow_env/lib/python3.12/site-packages/airflow/example_dags/example_setup_teardown.py for tasks to queue
[2026-06-21T14:57:15.455-0500] {logging_mixin.py:188} INFO - [2026-06-21T14:57:15.455-0500] {dagbag.py:545} INFO - Filling up the DagBag from /Users/naga/Desktop/airflow_env/lib/python3.12/site-packages/airflow/example_dags/example_setup_teardown.py
[2026-06-21T14:57:15.463-0500] {processor.py:840} INFO - DAG(s) 'example_setup_teardown' retrieved from /Users/naga/Desktop/airflow_env/lib/python3.12/site-packages/airflow/example_dags/example_setup_teardown.py
[2026-06-21T14:57:15.552-0500] {logging_mixin.py:188} INFO - [2026-06-21T14:57:15.552-0500] {dag.py:3089} INFO - Sync 1 DAGs
[2026-06-21T14:57:15.566-0500] {logging_mixin.py:188} INFO - [2026-06-21T14:57:15.566-0500] {dag.py:3947} INFO - Setting next_dagrun for example_setup_teardown to 2026-06-20 00:00:00+00:00, run_after=2026-06-21 00:00:00+00:00
[2026-06-21T14:57:15.581-0500] {processor.py:183} INFO - Processing /Users/naga/Desktop/airflow_env/lib/python3.12/site-packages/airflow/example_dags/example_setup_teardown.py took 0.131 seconds
[2026-06-21T14:58:50.075-0500] {processor.py:161} INFO - Started process (PID=55316) to work on /Users/naga/Desktop/airflow_env/lib/python3.12/site-packages/airflow/example_dags/example_setup_teardown.py
[2026-06-21T14:58:50.077-0500] {processor.py:830} INFO - Processing file /Users/naga/Desktop/airflow_env/lib/python3.12/site-packages/airflow/example_dags/example_setup_teardown.py for tasks to queue
[2026-06-21T14:58:50.077-0500] {logging_mixin.py:188} INFO - [2026-06-21T14:58:50.077-0500] {dagbag.py:545} INFO - Filling up the DagBag from /Users/naga/Desktop/airflow_env/lib/python3.12/site-packages/airflow/example_dags/example_setup_teardown.py
[2026-06-21T14:58:50.084-0500] {processor.py:840} INFO - DAG(s) 'example_setup_teardown' retrieved from /Users/naga/Desktop/airflow_env/lib/python3.12/site-packages/airflow/example_dags/example_setup_teardown.py
[2026-06-21T14:58:50.161-0500] {logging_mixin.py:188} INFO - [2026-06-21T14:58:50.161-0500] {dag.py:3089} INFO - Sync 1 DAGs
[2026-06-21T14:58:50.174-0500] {logging_mixin.py:188} INFO - [2026-06-21T14:58:50.174-0500] {dag.py:3947} INFO - Setting next_dagrun for example_setup_teardown to 2026-06-20 00:00:00+00:00, run_after=2026-06-21 00:00:00+00:00
[2026-06-21T14:58:50.188-0500] {processor.py:183} INFO - Processing /Users/naga/Desktop/airflow_env/lib/python3.12/site-packages/airflow/example_dags/example_setup_teardown.py took 0.115 seconds
[2026-06-21T15:00:28.868-0500] {processor.py:161} INFO - Started process (PID=55396) to work on /Users/naga/Desktop/airflow_env/lib/python3.12/site-packages/airflow/example_dags/example_setup_teardown.py
[2026-06-21T15:00:28.869-0500] {processor.py:830} INFO - Processing file /Users/naga/Desktop/airflow_env/lib/python3.12/site-packages/airflow/example_dags/example_setup_teardown.py for tasks to queue
[2026-06-21T15:00:28.869-0500] {logging_mixin.py:188} INFO - [2026-06-21T15:00:28.869-0500] {dagbag.py:545} INFO - Filling up the DagBag from /Users/naga/Desktop/airflow_env/lib/python3.12/site-packages/airflow/example_dags/example_setup_teardown.py
[2026-06-21T15:00:28.876-0500] {processor.py:840} INFO - DAG(s) 'example_setup_teardown' retrieved from /Users/naga/Desktop/airflow_env/lib/python3.12/site-packages/airflow/example_dags/example_setup_teardown.py
[2026-06-21T15:00:28.951-0500] {logging_mixin.py:188} INFO - [2026-06-21T15:00:28.951-0500] {dag.py:3089} INFO - Sync 1 DAGs
[2026-06-21T15:00:28.964-0500] {logging_mixin.py:188} INFO - [2026-06-21T15:00:28.964-0500] {dag.py:3947} INFO - Setting next_dagrun for example_setup_teardown to 2026-06-20 00:00:00+00:00, run_after=2026-06-21 00:00:00+00:00
[2026-06-21T15:00:28.979-0500] {processor.py:183} INFO - Processing /Users/naga/Desktop/airflow_env/lib/python3.12/site-packages/airflow/example_dags/example_setup_teardown.py took 0.113 seconds
[2026-06-21T15:02:03.450-0500] {processor.py:161} INFO - Started process (PID=55479) to work on /Users/naga/Desktop/airflow_env/lib/python3.12/site-packages/airflow/example_dags/example_setup_teardown.py
[2026-06-21T15:02:03.451-0500] {processor.py:830} INFO - Processing file /Users/naga/Desktop/airflow_env/lib/python3.12/site-packages/airflow/example_dags/example_setup_teardown.py for tasks to queue
[2026-06-21T15:02:03.452-0500] {logging_mixin.py:188} INFO - [2026-06-21T15:02:03.452-0500] {dagbag.py:545} INFO - Filling up the DagBag from /Users/naga/Desktop/airflow_env/lib/python3.12/site-packages/airflow/example_dags/example_setup_teardown.py
[2026-06-21T15:02:03.458-0500] {processor.py:840} INFO - DAG(s) 'example_setup_teardown' retrieved from /Users/naga/Desktop/airflow_env/lib/python3.12/site-packages/airflow/example_dags/example_setup_teardown.py
[2026-06-21T15:02:03.533-0500] {logging_mixin.py:188} INFO - [2026-06-21T15:02:03.533-0500] {dag.py:3089} INFO - Sync 1 DAGs
[2026-06-21T15:02:03.546-0500] {logging_mixin.py:188} INFO - [2026-06-21T15:02:03.546-0500] {dag.py:3947} INFO - Setting next_dagrun for example_setup_teardown to 2026-06-20 00:00:00+00:00, run_after=2026-06-21 00:00:00+00:00
[2026-06-21T15:02:03.560-0500] {processor.py:183} INFO - Processing /Users/naga/Desktop/airflow_env/lib/python3.12/site-packages/airflow/example_dags/example_setup_teardown.py took 0.112 seconds
[2026-06-21T15:03:36.301-0500] {processor.py:161} INFO - Started process (PID=55557) to work on /Users/naga/Desktop/airflow_env/lib/python3.12/site-packages/airflow/example_dags/example_setup_teardown.py
[2026-06-21T15:03:36.302-0500] {processor.py:830} INFO - Processing file /Users/naga/Desktop/airflow_env/lib/python3.12/site-packages/airflow/example_dags/example_setup_teardown.py for tasks to queue
[2026-06-21T15:03:36.302-0500] {logging_mixin.py:188} INFO - [2026-06-21T15:03:36.302-0500] {dagbag.py:545} INFO - Filling up the DagBag from /Users/naga/Desktop/airflow_env/lib/python3.12/site-packages/airflow/example_dags/example_setup_teardown.py
[2026-06-21T15:03:36.309-0500] {processor.py:840} INFO - DAG(s) 'example_setup_teardown' retrieved from /Users/naga/Desktop/airflow_env/lib/python3.12/site-packages/airflow/example_dags/example_setup_teardown.py
[2026-06-21T15:03:36.385-0500] {logging_mixin.py:188} INFO - [2026-06-21T15:03:36.385-0500] {dag.py:3089} INFO - Sync 1 DAGs
[2026-06-21T15:03:36.398-0500] {logging_mixin.py:188} INFO - [2026-06-21T15:03:36.398-0500] {dag.py:3947} INFO - Setting next_dagrun for example_setup_teardown to 2026-06-20 00:00:00+00:00, run_after=2026-06-21 00:00:00+00:00
[2026-06-21T15:03:36.411-0500] {processor.py:183} INFO - Processing /Users/naga/Desktop/airflow_env/lib/python3.12/site-packages/airflow/example_dags/example_setup_teardown.py took 0.113 seconds
[2026-06-21T15:05:06.658-0500] {processor.py:161} INFO - Started process (PID=55625) to work on /Users/naga/Desktop/airflow_env/lib/python3.12/site-packages/airflow/example_dags/example_setup_teardown.py
[2026-06-21T15:05:06.660-0500] {processor.py:830} INFO - Processing file /Users/naga/Desktop/airflow_env/lib/python3.12/site-packages/airflow/example_dags/example_setup_teardown.py for tasks to queue
[2026-06-21T15:05:06.660-0500] {logging_mixin.py:188} INFO - [2026-06-21T15:05:06.660-0500] {dagbag.py:545} INFO - Filling up the DagBag from /Users/naga/Desktop/airflow_env/lib/python3.12/site-packages/airflow/example_dags/example_setup_teardown.py
[2026-06-21T15:05:06.667-0500] {processor.py:840} INFO - DAG(s) 'example_setup_teardown' retrieved from /Users/naga/Desktop/airflow_env/lib/python3.12/site-packages/airflow/example_dags/example_setup_teardown.py
[2026-06-21T15:05:06.741-0500] {logging_mixin.py:188} INFO - [2026-06-21T15:05:06.740-0500] {dag.py:3089} INFO - Sync 1 DAGs
[2026-06-21T15:05:06.754-0500] {logging_mixin.py:188} INFO - [2026-06-21T15:05:06.753-0500] {dag.py:3947} INFO - Setting next_dagrun for example_setup_teardown to 2026-06-20 00:00:00+00:00, run_after=2026-06-21 00:00:00+00:00
[2026-06-21T15:05:06.767-0500] {processor.py:183} INFO - Processing /Users/naga/Desktop/airflow_env/lib/python3.12/site-packages/airflow/example_dags/example_setup_teardown.py took 0.111 seconds
[2026-06-21T15:06:41.458-0500] {processor.py:161} INFO - Started process (PID=55682) to work on /Users/naga/Desktop/airflow_env/lib/python3.12/site-packages/airflow/example_dags/example_setup_teardown.py
[2026-06-21T15:06:41.460-0500] {processor.py:830} INFO - Processing file /Users/naga/Desktop/airflow_env/lib/python3.12/site-packages/airflow/example_dags/example_setup_teardown.py for tasks to queue
[2026-06-21T15:06:41.461-0500] {logging_mixin.py:188} INFO - [2026-06-21T15:06:41.460-0500] {dagbag.py:545} INFO - Filling up the DagBag from /Users/naga/Desktop/airflow_env/lib/python3.12/site-packages/airflow/example_dags/example_setup_teardown.py
[2026-06-21T15:06:41.473-0500] {processor.py:840} INFO - DAG(s) 'example_setup_teardown' retrieved from /Users/naga/Desktop/airflow_env/lib/python3.12/site-packages/airflow/example_dags/example_setup_teardown.py
[2026-06-21T15:06:41.552-0500] {logging_mixin.py:188} INFO - [2026-06-21T15:06:41.551-0500] {dag.py:3089} INFO - Sync 1 DAGs
[2026-06-21T15:06:41.564-0500] {logging_mixin.py:188} INFO - [2026-06-21T15:06:41.564-0500] {dag.py:3947} INFO - Setting next_dagrun for example_setup_teardown to 2026-06-20 00:00:00+00:00, run_after=2026-06-21 00:00:00+00:00
[2026-06-21T15:06:41.579-0500] {processor.py:183} INFO - Processing /Users/naga/Desktop/airflow_env/lib/python3.12/site-packages/airflow/example_dags/example_setup_teardown.py took 0.124 seconds
[2026-06-21T15:08:12.948-0500] {processor.py:161} INFO - Started process (PID=55753) to work on /Users/naga/Desktop/airflow_env/lib/python3.12/site-packages/airflow/example_dags/example_setup_teardown.py
[2026-06-21T15:08:12.949-0500] {processor.py:830} INFO - Processing file /Users/naga/Desktop/airflow_env/lib/python3.12/site-packages/airflow/example_dags/example_setup_teardown.py for tasks to queue
[2026-06-21T15:08:12.950-0500] {logging_mixin.py:188} INFO - [2026-06-21T15:08:12.950-0500] {dagbag.py:545} INFO - Filling up the DagBag from /Users/naga/Desktop/airflow_env/lib/python3.12/site-packages/airflow/example_dags/example_setup_teardown.py
[2026-06-21T15:08:12.964-0500] {processor.py:840} INFO - DAG(s) 'example_setup_teardown' retrieved from /Users/naga/Desktop/airflow_env/lib/python3.12/site-packages/airflow/example_dags/example_setup_teardown.py
[2026-06-21T15:08:13.072-0500] {logging_mixin.py:188} INFO - [2026-06-21T15:08:13.071-0500] {dag.py:3089} INFO - Sync 1 DAGs
[2026-06-21T15:08:13.086-0500] {logging_mixin.py:188} INFO - [2026-06-21T15:08:13.086-0500] {dag.py:3947} INFO - Setting next_dagrun for example_setup_teardown to 2026-06-20 00:00:00+00:00, run_after=2026-06-21 00:00:00+00:00
[2026-06-21T15:08:13.100-0500] {processor.py:183} INFO - Processing /Users/naga/Desktop/airflow_env/lib/python3.12/site-packages/airflow/example_dags/example_setup_teardown.py took 0.156 seconds
[2026-06-21T15:09:45.897-0500] {processor.py:161} INFO - Started process (PID=55820) to work on /Users/naga/Desktop/airflow_env/lib/python3.12/site-packages/airflow/example_dags/example_setup_teardown.py
[2026-06-21T15:09:45.898-0500] {processor.py:830} INFO - Processing file /Users/naga/Desktop/airflow_env/lib/python3.12/site-packages/airflow/example_dags/example_setup_teardown.py for tasks to queue
[2026-06-21T15:09:45.898-0500] {logging_mixin.py:188} INFO - [2026-06-21T15:09:45.898-0500] {dagbag.py:545} INFO - Filling up the DagBag from /Users/naga/Desktop/airflow_env/lib/python3.12/site-packages/airflow/example_dags/example_setup_teardown.py
[2026-06-21T15:09:45.905-0500] {processor.py:840} INFO - DAG(s) 'example_setup_teardown' retrieved from /Users/naga/Desktop/airflow_env/lib/python3.12/site-packages/airflow/example_dags/example_setup_teardown.py
[2026-06-21T15:09:45.980-0500] {logging_mixin.py:188} INFO - [2026-06-21T15:09:45.980-0500] {dag.py:3089} INFO - Sync 1 DAGs
[2026-06-21T15:09:45.994-0500] {logging_mixin.py:188} INFO - [2026-06-21T15:09:45.994-0500] {dag.py:3947} INFO - Setting next_dagrun for example_setup_teardown to 2026-06-20 00:00:00+00:00, run_after=2026-06-21 00:00:00+00:00
[2026-06-21T15:09:46.008-0500] {processor.py:183} INFO - Processing /Users/naga/Desktop/airflow_env/lib/python3.12/site-packages/airflow/example_dags/example_setup_teardown.py took 0.114 seconds
[2026-06-21T15:11:17.528-0500] {processor.py:161} INFO - Started process (PID=55899) to work on /Users/naga/Desktop/airflow_env/lib/python3.12/site-packages/airflow/example_dags/example_setup_teardown.py
[2026-06-21T15:11:17.529-0500] {processor.py:830} INFO - Processing file /Users/naga/Desktop/airflow_env/lib/python3.12/site-packages/airflow/example_dags/example_setup_teardown.py for tasks to queue
[2026-06-21T15:11:17.530-0500] {logging_mixin.py:188} INFO - [2026-06-21T15:11:17.530-0500] {dagbag.py:545} INFO - Filling up the DagBag from /Users/naga/Desktop/airflow_env/lib/python3.12/site-packages/airflow/example_dags/example_setup_teardown.py
[2026-06-21T15:11:17.540-0500] {processor.py:840} INFO - DAG(s) 'example_setup_teardown' retrieved from /Users/naga/Desktop/airflow_env/lib/python3.12/site-packages/airflow/example_dags/example_setup_teardown.py
[2026-06-21T15:11:17.622-0500] {logging_mixin.py:188} INFO - [2026-06-21T15:11:17.621-0500] {dag.py:3089} INFO - Sync 1 DAGs
[2026-06-21T15:11:17.636-0500] {logging_mixin.py:188} INFO - [2026-06-21T15:11:17.636-0500] {dag.py:3947} INFO - Setting next_dagrun for example_setup_teardown to 2026-06-20 00:00:00+00:00, run_after=2026-06-21 00:00:00+00:00
[2026-06-21T15:11:17.651-0500] {processor.py:183} INFO - Processing /Users/naga/Desktop/airflow_env/lib/python3.12/site-packages/airflow/example_dags/example_setup_teardown.py took 0.125 seconds
[2026-06-21T15:12:58.587-0500] {processor.py:161} INFO - Started process (PID=56083) to work on /Users/naga/Desktop/airflow_env/lib/python3.12/site-packages/airflow/example_dags/example_setup_teardown.py
[2026-06-21T15:12:58.588-0500] {processor.py:830} INFO - Processing file /Users/naga/Desktop/airflow_env/lib/python3.12/site-packages/airflow/example_dags/example_setup_teardown.py for tasks to queue
[2026-06-21T15:12:58.589-0500] {logging_mixin.py:188} INFO - [2026-06-21T15:12:58.589-0500] {dagbag.py:545} INFO - Filling up the DagBag from /Users/naga/Desktop/airflow_env/lib/python3.12/site-packages/airflow/example_dags/example_setup_teardown.py
[2026-06-21T15:12:58.593-0500] {processor.py:840} INFO - DAG(s) 'example_setup_teardown' retrieved from /Users/naga/Desktop/airflow_env/lib/python3.12/site-packages/airflow/example_dags/example_setup_teardown.py
[2026-06-21T15:12:58.638-0500] {logging_mixin.py:188} INFO - [2026-06-21T15:12:58.638-0500] {dag.py:3089} INFO - Sync 1 DAGs
[2026-06-21T15:12:58.646-0500] {logging_mixin.py:188} INFO - [2026-06-21T15:12:58.646-0500] {dag.py:3947} INFO - Setting next_dagrun for example_setup_teardown to 2026-06-20 00:00:00+00:00, run_after=2026-06-21 00:00:00+00:00
[2026-06-21T15:12:58.662-0500] {processor.py:183} INFO - Processing /Users/naga/Desktop/airflow_env/lib/python3.12/site-packages/airflow/example_dags/example_setup_teardown.py took 0.076 seconds
[2026-06-21T15:14:18.719-0500] {processor.py:161} INFO - Started process (PID=56168) to work on /Users/naga/Desktop/airflow_env/lib/python3.12/site-packages/airflow/example_dags/example_setup_teardown.py
[2026-06-21T15:14:18.720-0500] {processor.py:830} INFO - Processing file /Users/naga/Desktop/airflow_env/lib/python3.12/site-packages/airflow/example_dags/example_setup_teardown.py for tasks to queue
[2026-06-21T15:14:18.720-0500] {logging_mixin.py:188} INFO - [2026-06-21T15:14:18.720-0500] {dagbag.py:545} INFO - Filling up the DagBag from /Users/naga/Desktop/airflow_env/lib/python3.12/site-packages/airflow/example_dags/example_setup_teardown.py
[2026-06-21T15:14:18.724-0500] {processor.py:840} INFO - DAG(s) 'example_setup_teardown' retrieved from /Users/naga/Desktop/airflow_env/lib/python3.12/site-packages/airflow/example_dags/example_setup_teardown.py
[2026-06-21T15:14:18.768-0500] {logging_mixin.py:188} INFO - [2026-06-21T15:14:18.768-0500] {dag.py:3089} INFO - Sync 1 DAGs
[2026-06-21T15:14:18.776-0500] {logging_mixin.py:188} INFO - [2026-06-21T15:14:18.776-0500] {dag.py:3947} INFO - Setting next_dagrun for example_setup_teardown to 2026-06-20 00:00:00+00:00, run_after=2026-06-21 00:00:00+00:00
[2026-06-21T15:14:18.783-0500] {processor.py:183} INFO - Processing /Users/naga/Desktop/airflow_env/lib/python3.12/site-packages/airflow/example_dags/example_setup_teardown.py took 0.066 seconds
[2026-06-21T15:31:30.083-0500] {processor.py:161} INFO - Started process (PID=56447) to work on /Users/naga/Desktop/airflow_env/lib/python3.12/site-packages/airflow/example_dags/example_setup_teardown.py
[2026-06-21T15:31:30.084-0500] {processor.py:830} INFO - Processing file /Users/naga/Desktop/airflow_env/lib/python3.12/site-packages/airflow/example_dags/example_setup_teardown.py for tasks to queue
[2026-06-21T15:31:30.084-0500] {logging_mixin.py:188} INFO - [2026-06-21T15:31:30.084-0500] {dagbag.py:545} INFO - Filling up the DagBag from /Users/naga/Desktop/airflow_env/lib/python3.12/site-packages/airflow/example_dags/example_setup_teardown.py
[2026-06-21T15:31:30.088-0500] {processor.py:840} INFO - DAG(s) 'example_setup_teardown' retrieved from /Users/naga/Desktop/airflow_env/lib/python3.12/site-packages/airflow/example_dags/example_setup_teardown.py
[2026-06-21T15:31:30.137-0500] {logging_mixin.py:188} INFO - [2026-06-21T15:31:30.137-0500] {dag.py:3089} INFO - Sync 1 DAGs
[2026-06-21T15:31:30.146-0500] {logging_mixin.py:188} INFO - [2026-06-21T15:31:30.146-0500] {dag.py:3947} INFO - Setting next_dagrun for example_setup_teardown to 2026-06-20 00:00:00+00:00, run_after=2026-06-21 00:00:00+00:00
[2026-06-21T15:31:30.156-0500] {processor.py:183} INFO - Processing /Users/naga/Desktop/airflow_env/lib/python3.12/site-packages/airflow/example_dags/example_setup_teardown.py took 0.075 seconds
[2026-06-21T15:33:15.296-0500] {processor.py:161} INFO - Started process (PID=56633) to work on /Users/naga/Desktop/airflow_env/lib/python3.12/site-packages/airflow/example_dags/example_setup_teardown.py
[2026-06-21T15:33:15.297-0500] {processor.py:830} INFO - Processing file /Users/naga/Desktop/airflow_env/lib/python3.12/site-packages/airflow/example_dags/example_setup_teardown.py for tasks to queue
[2026-06-21T15:33:15.297-0500] {logging_mixin.py:188} INFO - [2026-06-21T15:33:15.297-0500] {dagbag.py:545} INFO - Filling up the DagBag from /Users/naga/Desktop/airflow_env/lib/python3.12/site-packages/airflow/example_dags/example_setup_teardown.py
[2026-06-21T15:33:15.301-0500] {processor.py:840} INFO - DAG(s) 'example_setup_teardown' retrieved from /Users/naga/Desktop/airflow_env/lib/python3.12/site-packages/airflow/example_dags/example_setup_teardown.py
[2026-06-21T15:33:15.346-0500] {logging_mixin.py:188} INFO - [2026-06-21T15:33:15.346-0500] {dag.py:3089} INFO - Sync 1 DAGs
[2026-06-21T15:33:15.354-0500] {logging_mixin.py:188} INFO - [2026-06-21T15:33:15.354-0500] {dag.py:3947} INFO - Setting next_dagrun for example_setup_teardown to 2026-06-20 00:00:00+00:00, run_after=2026-06-21 00:00:00+00:00
[2026-06-21T15:33:15.362-0500] {processor.py:183} INFO - Processing /Users/naga/Desktop/airflow_env/lib/python3.12/site-packages/airflow/example_dags/example_setup_teardown.py took 0.067 seconds
[2026-06-21T15:35:24.248-0500] {processor.py:161} INFO - Started process (PID=56802) to work on /Users/naga/Desktop/airflow_env/lib/python3.12/site-packages/airflow/example_dags/example_setup_teardown.py
[2026-06-21T15:35:24.249-0500] {processor.py:830} INFO - Processing file /Users/naga/Desktop/airflow_env/lib/python3.12/site-packages/airflow/example_dags/example_setup_teardown.py for tasks to queue
[2026-06-21T15:35:24.249-0500] {logging_mixin.py:188} INFO - [2026-06-21T15:35:24.249-0500] {dagbag.py:545} INFO - Filling up the DagBag from /Users/naga/Desktop/airflow_env/lib/python3.12/site-packages/airflow/example_dags/example_setup_teardown.py
[2026-06-21T15:35:24.253-0500] {processor.py:840} INFO - DAG(s) 'example_setup_teardown' retrieved from /Users/naga/Desktop/airflow_env/lib/python3.12/site-packages/airflow/example_dags/example_setup_teardown.py
[2026-06-21T15:35:24.298-0500] {logging_mixin.py:188} INFO - [2026-06-21T15:35:24.298-0500] {dag.py:3089} INFO - Sync 1 DAGs
[2026-06-21T15:35:24.306-0500] {logging_mixin.py:188} INFO - [2026-06-21T15:35:24.306-0500] {dag.py:3947} INFO - Setting next_dagrun for example_setup_teardown to 2026-06-20 00:00:00+00:00, run_after=2026-06-21 00:00:00+00:00
[2026-06-21T15:35:24.314-0500] {processor.py:183} INFO - Processing /Users/naga/Desktop/airflow_env/lib/python3.12/site-packages/airflow/example_dags/example_setup_teardown.py took 0.068 seconds
[2026-06-21T15:37:22.133-0500] {processor.py:161} INFO - Started process (PID=56938) to work on /Users/naga/Desktop/airflow_env/lib/python3.12/site-packages/airflow/example_dags/example_setup_teardown.py
[2026-06-21T15:37:22.134-0500] {processor.py:830} INFO - Processing file /Users/naga/Desktop/airflow_env/lib/python3.12/site-packages/airflow/example_dags/example_setup_teardown.py for tasks to queue
[2026-06-21T15:37:22.134-0500] {logging_mixin.py:188} INFO - [2026-06-21T15:37:22.134-0500] {dagbag.py:545} INFO - Filling up the DagBag from /Users/naga/Desktop/airflow_env/lib/python3.12/site-packages/airflow/example_dags/example_setup_teardown.py
[2026-06-21T15:37:22.138-0500] {processor.py:840} INFO - DAG(s) 'example_setup_teardown' retrieved from /Users/naga/Desktop/airflow_env/lib/python3.12/site-packages/airflow/example_dags/example_setup_teardown.py
[2026-06-21T15:37:22.184-0500] {logging_mixin.py:188} INFO - [2026-06-21T15:37:22.184-0500] {dag.py:3089} INFO - Sync 1 DAGs
[2026-06-21T15:37:22.193-0500] {logging_mixin.py:188} INFO - [2026-06-21T15:37:22.193-0500] {dag.py:3947} INFO - Setting next_dagrun for example_setup_teardown to 2026-06-20 00:00:00+00:00, run_after=2026-06-21 00:00:00+00:00
[2026-06-21T15:37:22.201-0500] {processor.py:183} INFO - Processing /Users/naga/Desktop/airflow_env/lib/python3.12/site-packages/airflow/example_dags/example_setup_teardown.py took 0.069 seconds
[2026-06-21T15:39:29.089-0500] {processor.py:161} INFO - Started process (PID=57053) to work on /Users/naga/Desktop/airflow_env/lib/python3.12/site-packages/airflow/example_dags/example_setup_teardown.py
[2026-06-21T15:39:29.090-0500] {processor.py:830} INFO - Processing file /Users/naga/Desktop/airflow_env/lib/python3.12/site-packages/airflow/example_dags/example_setup_teardown.py for tasks to queue
[2026-06-21T15:39:29.090-0500] {logging_mixin.py:188} INFO - [2026-06-21T15:39:29.090-0500] {dagbag.py:545} INFO - Filling up the DagBag from /Users/naga/Desktop/airflow_env/lib/python3.12/site-packages/airflow/example_dags/example_setup_teardown.py
[2026-06-21T15:39:29.095-0500] {processor.py:840} INFO - DAG(s) 'example_setup_teardown' retrieved from /Users/naga/Desktop/airflow_env/lib/python3.12/site-packages/airflow/example_dags/example_setup_teardown.py
[2026-06-21T15:39:29.142-0500] {logging_mixin.py:188} INFO - [2026-06-21T15:39:29.142-0500] {dag.py:3089} INFO - Sync 1 DAGs
[2026-06-21T15:39:29.156-0500] {logging_mixin.py:188} INFO - [2026-06-21T15:39:29.155-0500] {dag.py:3947} INFO - Setting next_dagrun for example_setup_teardown to 2026-06-20 00:00:00+00:00, run_after=2026-06-21 00:00:00+00:00
[2026-06-21T15:39:29.164-0500] {processor.py:183} INFO - Processing /Users/naga/Desktop/airflow_env/lib/python3.12/site-packages/airflow/example_dags/example_setup_teardown.py took 0.076 seconds
[2026-06-21T15:41:30.949-0500] {processor.py:161} INFO - Started process (PID=57167) to work on /Users/naga/Desktop/airflow_env/lib/python3.12/site-packages/airflow/example_dags/example_setup_teardown.py
[2026-06-21T15:41:30.950-0500] {processor.py:830} INFO - Processing file /Users/naga/Desktop/airflow_env/lib/python3.12/site-packages/airflow/example_dags/example_setup_teardown.py for tasks to queue
[2026-06-21T15:41:30.951-0500] {logging_mixin.py:188} INFO - [2026-06-21T15:41:30.951-0500] {dagbag.py:545} INFO - Filling up the DagBag from /Users/naga/Desktop/airflow_env/lib/python3.12/site-packages/airflow/example_dags/example_setup_teardown.py
[2026-06-21T15:41:30.955-0500] {processor.py:840} INFO - DAG(s) 'example_setup_teardown' retrieved from /Users/naga/Desktop/airflow_env/lib/python3.12/site-packages/airflow/example_dags/example_setup_teardown.py
[2026-06-21T15:41:30.999-0500] {logging_mixin.py:188} INFO - [2026-06-21T15:41:30.999-0500] {dag.py:3089} INFO - Sync 1 DAGs
[2026-06-21T15:41:31.006-0500] {logging_mixin.py:188} INFO - [2026-06-21T15:41:31.006-0500] {dag.py:3947} INFO - Setting next_dagrun for example_setup_teardown to 2026-06-20 00:00:00+00:00, run_after=2026-06-21 00:00:00+00:00
[2026-06-21T15:41:31.014-0500] {processor.py:183} INFO - Processing /Users/naga/Desktop/airflow_env/lib/python3.12/site-packages/airflow/example_dags/example_setup_teardown.py took 0.066 seconds
[2026-06-21T15:43:35.815-0500] {processor.py:161} INFO - Started process (PID=57311) to work on /Users/naga/Desktop/airflow_env/lib/python3.12/site-packages/airflow/example_dags/example_setup_teardown.py
[2026-06-21T15:43:35.815-0500] {processor.py:830} INFO - Processing file /Users/naga/Desktop/airflow_env/lib/python3.12/site-packages/airflow/example_dags/example_setup_teardown.py for tasks to queue
[2026-06-21T15:43:35.816-0500] {logging_mixin.py:188} INFO - [2026-06-21T15:43:35.816-0500] {dagbag.py:545} INFO - Filling up the DagBag from /Users/naga/Desktop/airflow_env/lib/python3.12/site-packages/airflow/example_dags/example_setup_teardown.py
[2026-06-21T15:43:35.822-0500] {processor.py:840} INFO - DAG(s) 'example_setup_teardown' retrieved from /Users/naga/Desktop/airflow_env/lib/python3.12/site-packages/airflow/example_dags/example_setup_teardown.py
[2026-06-21T15:43:35.880-0500] {logging_mixin.py:188} INFO - [2026-06-21T15:43:35.880-0500] {dag.py:3089} INFO - Sync 1 DAGs
[2026-06-21T15:43:35.928-0500] {logging_mixin.py:188} INFO - [2026-06-21T15:43:35.928-0500] {dag.py:3947} INFO - Setting next_dagrun for example_setup_teardown to 2026-06-20 00:00:00+00:00, run_after=2026-06-21 00:00:00+00:00
[2026-06-21T15:43:35.937-0500] {processor.py:183} INFO - Processing /Users/naga/Desktop/airflow_env/lib/python3.12/site-packages/airflow/example_dags/example_setup_teardown.py took 0.124 seconds
[2026-06-21T15:45:41.324-0500] {processor.py:161} INFO - Started process (PID=57436) to work on /Users/naga/Desktop/airflow_env/lib/python3.12/site-packages/airflow/example_dags/example_setup_teardown.py
[2026-06-21T15:45:41.325-0500] {processor.py:830} INFO - Processing file /Users/naga/Desktop/airflow_env/lib/python3.12/site-packages/airflow/example_dags/example_setup_teardown.py for tasks to queue
[2026-06-21T15:45:41.326-0500] {logging_mixin.py:188} INFO - [2026-06-21T15:45:41.326-0500] {dagbag.py:545} INFO - Filling up the DagBag from /Users/naga/Desktop/airflow_env/lib/python3.12/site-packages/airflow/example_dags/example_setup_teardown.py
[2026-06-21T15:45:41.330-0500] {processor.py:840} INFO - DAG(s) 'example_setup_teardown' retrieved from /Users/naga/Desktop/airflow_env/lib/python3.12/site-packages/airflow/example_dags/example_setup_teardown.py
[2026-06-21T15:45:41.374-0500] {logging_mixin.py:188} INFO - [2026-06-21T15:45:41.373-0500] {dag.py:3089} INFO - Sync 1 DAGs
[2026-06-21T15:45:41.381-0500] {logging_mixin.py:188} INFO - [2026-06-21T15:45:41.381-0500] {dag.py:3947} INFO - Setting next_dagrun for example_setup_teardown to 2026-06-20 00:00:00+00:00, run_after=2026-06-21 00:00:00+00:00
[2026-06-21T15:45:41.389-0500] {processor.py:183} INFO - Processing /Users/naga/Desktop/airflow_env/lib/python3.12/site-packages/airflow/example_dags/example_setup_teardown.py took 0.066 seconds
[2026-06-21T15:47:42.229-0500] {processor.py:161} INFO - Started process (PID=57569) to work on /Users/naga/Desktop/airflow_env/lib/python3.12/site-packages/airflow/example_dags/example_setup_teardown.py
[2026-06-21T15:47:42.230-0500] {processor.py:830} INFO - Processing file /Users/naga/Desktop/airflow_env/lib/python3.12/site-packages/airflow/example_dags/example_setup_teardown.py for tasks to queue
[2026-06-21T15:47:42.231-0500] {logging_mixin.py:188} INFO - [2026-06-21T15:47:42.231-0500] {dagbag.py:545} INFO - Filling up the DagBag from /Users/naga/Desktop/airflow_env/lib/python3.12/site-packages/airflow/example_dags/example_setup_teardown.py
[2026-06-21T15:47:42.234-0500] {processor.py:840} INFO - DAG(s) 'example_setup_teardown' retrieved from /Users/naga/Desktop/airflow_env/lib/python3.12/site-packages/airflow/example_dags/example_setup_teardown.py
[2026-06-21T15:47:42.279-0500] {logging_mixin.py:188} INFO - [2026-06-21T15:47:42.278-0500] {dag.py:3089} INFO - Sync 1 DAGs
[2026-06-21T15:47:42.286-0500] {logging_mixin.py:188} INFO - [2026-06-21T15:47:42.286-0500] {dag.py:3947} INFO - Setting next_dagrun for example_setup_teardown to 2026-06-20 00:00:00+00:00, run_after=2026-06-21 00:00:00+00:00
[2026-06-21T15:47:42.294-0500] {processor.py:183} INFO - Processing /Users/naga/Desktop/airflow_env/lib/python3.12/site-packages/airflow/example_dags/example_setup_teardown.py took 0.066 seconds
[2026-06-21T15:49:50.371-0500] {processor.py:161} INFO - Started process (PID=57701) to work on /Users/naga/Desktop/airflow_env/lib/python3.12/site-packages/airflow/example_dags/example_setup_teardown.py
[2026-06-21T15:49:50.372-0500] {processor.py:830} INFO - Processing file /Users/naga/Desktop/airflow_env/lib/python3.12/site-packages/airflow/example_dags/example_setup_teardown.py for tasks to queue
[2026-06-21T15:49:50.372-0500] {logging_mixin.py:188} INFO - [2026-06-21T15:49:50.372-0500] {dagbag.py:545} INFO - Filling up the DagBag from /Users/naga/Desktop/airflow_env/lib/python3.12/site-packages/airflow/example_dags/example_setup_teardown.py
[2026-06-21T15:49:50.376-0500] {processor.py:840} INFO - DAG(s) 'example_setup_teardown' retrieved from /Users/naga/Desktop/airflow_env/lib/python3.12/site-packages/airflow/example_dags/example_setup_teardown.py
[2026-06-21T15:49:50.421-0500] {logging_mixin.py:188} INFO - [2026-06-21T15:49:50.420-0500] {dag.py:3089} INFO - Sync 1 DAGs
[2026-06-21T15:49:50.428-0500] {logging_mixin.py:188} INFO - [2026-06-21T15:49:50.428-0500] {dag.py:3947} INFO - Setting next_dagrun for example_setup_teardown to 2026-06-20 00:00:00+00:00, run_after=2026-06-21 00:00:00+00:00
[2026-06-21T15:49:50.436-0500] {processor.py:183} INFO - Processing /Users/naga/Desktop/airflow_env/lib/python3.12/site-packages/airflow/example_dags/example_setup_teardown.py took 0.066 seconds
[2026-06-21T15:51:56.464-0500] {processor.py:161} INFO - Started process (PID=57807) to work on /Users/naga/Desktop/airflow_env/lib/python3.12/site-packages/airflow/example_dags/example_setup_teardown.py
[2026-06-21T15:51:56.465-0500] {processor.py:830} INFO - Processing file /Users/naga/Desktop/airflow_env/lib/python3.12/site-packages/airflow/example_dags/example_setup_teardown.py for tasks to queue
[2026-06-21T15:51:56.466-0500] {logging_mixin.py:188} INFO - [2026-06-21T15:51:56.466-0500] {dagbag.py:545} INFO - Filling up the DagBag from /Users/naga/Desktop/airflow_env/lib/python3.12/site-packages/airflow/example_dags/example_setup_teardown.py
[2026-06-21T15:51:56.470-0500] {processor.py:840} INFO - DAG(s) 'example_setup_teardown' retrieved from /Users/naga/Desktop/airflow_env/lib/python3.12/site-packages/airflow/example_dags/example_setup_teardown.py
[2026-06-21T15:51:56.513-0500] {logging_mixin.py:188} INFO - [2026-06-21T15:51:56.513-0500] {dag.py:3089} INFO - Sync 1 DAGs
[2026-06-21T15:51:56.521-0500] {logging_mixin.py:188} INFO - [2026-06-21T15:51:56.521-0500] {dag.py:3947} INFO - Setting next_dagrun for example_setup_teardown to 2026-06-20 00:00:00+00:00, run_after=2026-06-21 00:00:00+00:00
[2026-06-21T15:51:56.528-0500] {processor.py:183} INFO - Processing /Users/naga/Desktop/airflow_env/lib/python3.12/site-packages/airflow/example_dags/example_setup_teardown.py took 0.065 seconds
[2026-06-21T15:54:00.446-0500] {processor.py:161} INFO - Started process (PID=57947) to work on /Users/naga/Desktop/airflow_env/lib/python3.12/site-packages/airflow/example_dags/example_setup_teardown.py
[2026-06-21T15:54:00.447-0500] {processor.py:830} INFO - Processing file /Users/naga/Desktop/airflow_env/lib/python3.12/site-packages/airflow/example_dags/example_setup_teardown.py for tasks to queue
[2026-06-21T15:54:00.448-0500] {logging_mixin.py:188} INFO - [2026-06-21T15:54:00.448-0500] {dagbag.py:545} INFO - Filling up the DagBag from /Users/naga/Desktop/airflow_env/lib/python3.12/site-packages/airflow/example_dags/example_setup_teardown.py
[2026-06-21T15:54:00.452-0500] {processor.py:840} INFO - DAG(s) 'example_setup_teardown' retrieved from /Users/naga/Desktop/airflow_env/lib/python3.12/site-packages/airflow/example_dags/example_setup_teardown.py
[2026-06-21T15:54:00.497-0500] {logging_mixin.py:188} INFO - [2026-06-21T15:54:00.497-0500] {dag.py:3089} INFO - Sync 1 DAGs
[2026-06-21T15:54:00.505-0500] {logging_mixin.py:188} INFO - [2026-06-21T15:54:00.505-0500] {dag.py:3947} INFO - Setting next_dagrun for example_setup_teardown to 2026-06-20 00:00:00+00:00, run_after=2026-06-21 00:00:00+00:00
[2026-06-21T15:54:00.513-0500] {processor.py:183} INFO - Processing /Users/naga/Desktop/airflow_env/lib/python3.12/site-packages/airflow/example_dags/example_setup_teardown.py took 0.068 seconds
[2026-06-21T15:56:05.792-0500] {processor.py:161} INFO - Started process (PID=58048) to work on /Users/naga/Desktop/airflow_env/lib/python3.12/site-packages/airflow/example_dags/example_setup_teardown.py
[2026-06-21T15:56:05.792-0500] {processor.py:830} INFO - Processing file /Users/naga/Desktop/airflow_env/lib/python3.12/site-packages/airflow/example_dags/example_setup_teardown.py for tasks to queue
[2026-06-21T15:56:05.793-0500] {logging_mixin.py:188} INFO - [2026-06-21T15:56:05.793-0500] {dagbag.py:545} INFO - Filling up the DagBag from /Users/naga/Desktop/airflow_env/lib/python3.12/site-packages/airflow/example_dags/example_setup_teardown.py
[2026-06-21T15:56:05.796-0500] {processor.py:840} INFO - DAG(s) 'example_setup_teardown' retrieved from /Users/naga/Desktop/airflow_env/lib/python3.12/site-packages/airflow/example_dags/example_setup_teardown.py
[2026-06-21T15:56:05.842-0500] {logging_mixin.py:188} INFO - [2026-06-21T15:56:05.842-0500] {dag.py:3089} INFO - Sync 1 DAGs
[2026-06-21T15:56:05.850-0500] {logging_mixin.py:188} INFO - [2026-06-21T15:56:05.850-0500] {dag.py:3947} INFO - Setting next_dagrun for example_setup_teardown to 2026-06-20 00:00:00+00:00, run_after=2026-06-21 00:00:00+00:00
[2026-06-21T15:56:05.859-0500] {processor.py:183} INFO - Processing /Users/naga/Desktop/airflow_env/lib/python3.12/site-packages/airflow/example_dags/example_setup_teardown.py took 0.068 seconds
[2026-06-21T15:58:13.350-0500] {processor.py:161} INFO - Started process (PID=58178) to work on /Users/naga/Desktop/airflow_env/lib/python3.12/site-packages/airflow/example_dags/example_setup_teardown.py
[2026-06-21T15:58:13.351-0500] {processor.py:830} INFO - Processing file /Users/naga/Desktop/airflow_env/lib/python3.12/site-packages/airflow/example_dags/example_setup_teardown.py for tasks to queue
[2026-06-21T15:58:13.351-0500] {logging_mixin.py:188} INFO - [2026-06-21T15:58:13.351-0500] {dagbag.py:545} INFO - Filling up the DagBag from /Users/naga/Desktop/airflow_env/lib/python3.12/site-packages/airflow/example_dags/example_setup_teardown.py
[2026-06-21T15:58:13.355-0500] {processor.py:840} INFO - DAG(s) 'example_setup_teardown' retrieved from /Users/naga/Desktop/airflow_env/lib/python3.12/site-packages/airflow/example_dags/example_setup_teardown.py
[2026-06-21T15:58:13.399-0500] {logging_mixin.py:188} INFO - [2026-06-21T15:58:13.399-0500] {dag.py:3089} INFO - Sync 1 DAGs
[2026-06-21T15:58:13.407-0500] {logging_mixin.py:188} INFO - [2026-06-21T15:58:13.406-0500] {dag.py:3947} INFO - Setting next_dagrun for example_setup_teardown to 2026-06-20 00:00:00+00:00, run_after=2026-06-21 00:00:00+00:00
[2026-06-21T15:58:13.414-0500] {processor.py:183} INFO - Processing /Users/naga/Desktop/airflow_env/lib/python3.12/site-packages/airflow/example_dags/example_setup_teardown.py took 0.066 seconds
[2026-06-21T16:00:20.703-0500] {processor.py:161} INFO - Started process (PID=58294) to work on /Users/naga/Desktop/airflow_env/lib/python3.12/site-packages/airflow/example_dags/example_setup_teardown.py
[2026-06-21T16:00:20.704-0500] {processor.py:830} INFO - Processing file /Users/naga/Desktop/airflow_env/lib/python3.12/site-packages/airflow/example_dags/example_setup_teardown.py for tasks to queue
[2026-06-21T16:00:20.704-0500] {logging_mixin.py:188} INFO - [2026-06-21T16:00:20.704-0500] {dagbag.py:545} INFO - Filling up the DagBag from /Users/naga/Desktop/airflow_env/lib/python3.12/site-packages/airflow/example_dags/example_setup_teardown.py
[2026-06-21T16:00:20.708-0500] {processor.py:840} INFO - DAG(s) 'example_setup_teardown' retrieved from /Users/naga/Desktop/airflow_env/lib/python3.12/site-packages/airflow/example_dags/example_setup_teardown.py
[2026-06-21T16:00:20.753-0500] {logging_mixin.py:188} INFO - [2026-06-21T16:00:20.753-0500] {dag.py:3089} INFO - Sync 1 DAGs
[2026-06-21T16:00:20.761-0500] {logging_mixin.py:188} INFO - [2026-06-21T16:00:20.760-0500] {dag.py:3947} INFO - Setting next_dagrun for example_setup_teardown to 2026-06-20 00:00:00+00:00, run_after=2026-06-21 00:00:00+00:00
[2026-06-21T16:00:20.769-0500] {processor.py:183} INFO - Processing /Users/naga/Desktop/airflow_env/lib/python3.12/site-packages/airflow/example_dags/example_setup_teardown.py took 0.067 seconds
[2026-06-21T16:02:26.000-0500] {processor.py:161} INFO - Started process (PID=58422) to work on /Users/naga/Desktop/airflow_env/lib/python3.12/site-packages/airflow/example_dags/example_setup_teardown.py
[2026-06-21T16:02:26.001-0500] {processor.py:830} INFO - Processing file /Users/naga/Desktop/airflow_env/lib/python3.12/site-packages/airflow/example_dags/example_setup_teardown.py for tasks to queue
[2026-06-21T16:02:26.001-0500] {logging_mixin.py:188} INFO - [2026-06-21T16:02:26.001-0500] {dagbag.py:545} INFO - Filling up the DagBag from /Users/naga/Desktop/airflow_env/lib/python3.12/site-packages/airflow/example_dags/example_setup_teardown.py
[2026-06-21T16:02:26.005-0500] {processor.py:840} INFO - DAG(s) 'example_setup_teardown' retrieved from /Users/naga/Desktop/airflow_env/lib/python3.12/site-packages/airflow/example_dags/example_setup_teardown.py
[2026-06-21T16:02:26.049-0500] {logging_mixin.py:188} INFO - [2026-06-21T16:02:26.049-0500] {dag.py:3089} INFO - Sync 1 DAGs
[2026-06-21T16:02:26.057-0500] {logging_mixin.py:188} INFO - [2026-06-21T16:02:26.057-0500] {dag.py:3947} INFO - Setting next_dagrun for example_setup_teardown to 2026-06-20 00:00:00+00:00, run_after=2026-06-21 00:00:00+00:00
[2026-06-21T16:02:26.065-0500] {processor.py:183} INFO - Processing /Users/naga/Desktop/airflow_env/lib/python3.12/site-packages/airflow/example_dags/example_setup_teardown.py took 0.066 seconds
[2026-06-21T16:04:35.095-0500] {processor.py:161} INFO - Started process (PID=58558) to work on /Users/naga/Desktop/airflow_env/lib/python3.12/site-packages/airflow/example_dags/example_setup_teardown.py
[2026-06-21T16:04:35.096-0500] {processor.py:830} INFO - Processing file /Users/naga/Desktop/airflow_env/lib/python3.12/site-packages/airflow/example_dags/example_setup_teardown.py for tasks to queue
[2026-06-21T16:04:35.096-0500] {logging_mixin.py:188} INFO - [2026-06-21T16:04:35.096-0500] {dagbag.py:545} INFO - Filling up the DagBag from /Users/naga/Desktop/airflow_env/lib/python3.12/site-packages/airflow/example_dags/example_setup_teardown.py
[2026-06-21T16:04:35.100-0500] {processor.py:840} INFO - DAG(s) 'example_setup_teardown' retrieved from /Users/naga/Desktop/airflow_env/lib/python3.12/site-packages/airflow/example_dags/example_setup_teardown.py
[2026-06-21T16:04:35.144-0500] {logging_mixin.py:188} INFO - [2026-06-21T16:04:35.144-0500] {dag.py:3089} INFO - Sync 1 DAGs
[2026-06-21T16:04:35.152-0500] {logging_mixin.py:188} INFO - [2026-06-21T16:04:35.152-0500] {dag.py:3947} INFO - Setting next_dagrun for example_setup_teardown to 2026-06-20 00:00:00+00:00, run_after=2026-06-21 00:00:00+00:00
[2026-06-21T16:04:35.160-0500] {processor.py:183} INFO - Processing /Users/naga/Desktop/airflow_env/lib/python3.12/site-packages/airflow/example_dags/example_setup_teardown.py took 0.066 seconds
[2026-06-21T16:06:41.804-0500] {processor.py:161} INFO - Started process (PID=58671) to work on /Users/naga/Desktop/airflow_env/lib/python3.12/site-packages/airflow/example_dags/example_setup_teardown.py
[2026-06-21T16:06:41.805-0500] {processor.py:830} INFO - Processing file /Users/naga/Desktop/airflow_env/lib/python3.12/site-packages/airflow/example_dags/example_setup_teardown.py for tasks to queue
[2026-06-21T16:06:41.805-0500] {logging_mixin.py:188} INFO - [2026-06-21T16:06:41.805-0500] {dagbag.py:545} INFO - Filling up the DagBag from /Users/naga/Desktop/airflow_env/lib/python3.12/site-packages/airflow/example_dags/example_setup_teardown.py
[2026-06-21T16:06:41.809-0500] {processor.py:840} INFO - DAG(s) 'example_setup_teardown' retrieved from /Users/naga/Desktop/airflow_env/lib/python3.12/site-packages/airflow/example_dags/example_setup_teardown.py
[2026-06-21T16:06:41.854-0500] {logging_mixin.py:188} INFO - [2026-06-21T16:06:41.854-0500] {dag.py:3089} INFO - Sync 1 DAGs
[2026-06-21T16:06:41.861-0500] {logging_mixin.py:188} INFO - [2026-06-21T16:06:41.861-0500] {dag.py:3947} INFO - Setting next_dagrun for example_setup_teardown to 2026-06-20 00:00:00+00:00, run_after=2026-06-21 00:00:00+00:00
[2026-06-21T16:06:41.869-0500] {processor.py:183} INFO - Processing /Users/naga/Desktop/airflow_env/lib/python3.12/site-packages/airflow/example_dags/example_setup_teardown.py took 0.067 seconds
[2026-06-21T16:09:00.184-0500] {processor.py:161} INFO - Started process (PID=58810) to work on /Users/naga/Desktop/airflow_env/lib/python3.12/site-packages/airflow/example_dags/example_setup_teardown.py
[2026-06-21T16:09:00.185-0500] {processor.py:830} INFO - Processing file /Users/naga/Desktop/airflow_env/lib/python3.12/site-packages/airflow/example_dags/example_setup_teardown.py for tasks to queue
[2026-06-21T16:09:00.185-0500] {logging_mixin.py:188} INFO - [2026-06-21T16:09:00.185-0500] {dagbag.py:545} INFO - Filling up the DagBag from /Users/naga/Desktop/airflow_env/lib/python3.12/site-packages/airflow/example_dags/example_setup_teardown.py
[2026-06-21T16:09:00.189-0500] {processor.py:840} INFO - DAG(s) 'example_setup_teardown' retrieved from /Users/naga/Desktop/airflow_env/lib/python3.12/site-packages/airflow/example_dags/example_setup_teardown.py
[2026-06-21T16:09:00.238-0500] {logging_mixin.py:188} INFO - [2026-06-21T16:09:00.238-0500] {dag.py:3089} INFO - Sync 1 DAGs
[2026-06-21T16:09:00.246-0500] {logging_mixin.py:188} INFO - [2026-06-21T16:09:00.246-0500] {dag.py:3947} INFO - Setting next_dagrun for example_setup_teardown to 2026-06-20 00:00:00+00:00, run_after=2026-06-21 00:00:00+00:00
[2026-06-21T16:09:00.254-0500] {processor.py:183} INFO - Processing /Users/naga/Desktop/airflow_env/lib/python3.12/site-packages/airflow/example_dags/example_setup_teardown.py took 0.072 seconds
[2026-06-21T16:11:09.015-0500] {processor.py:161} INFO - Started process (PID=58954) to work on /Users/naga/Desktop/airflow_env/lib/python3.12/site-packages/airflow/example_dags/example_setup_teardown.py
[2026-06-21T16:11:09.016-0500] {processor.py:830} INFO - Processing file /Users/naga/Desktop/airflow_env/lib/python3.12/site-packages/airflow/example_dags/example_setup_teardown.py for tasks to queue
[2026-06-21T16:11:09.017-0500] {logging_mixin.py:188} INFO - [2026-06-21T16:11:09.016-0500] {dagbag.py:545} INFO - Filling up the DagBag from /Users/naga/Desktop/airflow_env/lib/python3.12/site-packages/airflow/example_dags/example_setup_teardown.py
[2026-06-21T16:11:09.021-0500] {processor.py:840} INFO - DAG(s) 'example_setup_teardown' retrieved from /Users/naga/Desktop/airflow_env/lib/python3.12/site-packages/airflow/example_dags/example_setup_teardown.py
[2026-06-21T16:11:09.075-0500] {logging_mixin.py:188} INFO - [2026-06-21T16:11:09.075-0500] {dag.py:3089} INFO - Sync 1 DAGs
[2026-06-21T16:11:09.085-0500] {logging_mixin.py:188} INFO - [2026-06-21T16:11:09.084-0500] {dag.py:3947} INFO - Setting next_dagrun for example_setup_teardown to 2026-06-20 00:00:00+00:00, run_after=2026-06-21 00:00:00+00:00
[2026-06-21T16:11:09.094-0500] {processor.py:183} INFO - Processing /Users/naga/Desktop/airflow_env/lib/python3.12/site-packages/airflow/example_dags/example_setup_teardown.py took 0.080 seconds
[2026-06-21T16:13:23.682-0500] {processor.py:161} INFO - Started process (PID=59074) to work on /Users/naga/Desktop/airflow_env/lib/python3.12/site-packages/airflow/example_dags/example_setup_teardown.py
[2026-06-21T16:13:23.683-0500] {processor.py:830} INFO - Processing file /Users/naga/Desktop/airflow_env/lib/python3.12/site-packages/airflow/example_dags/example_setup_teardown.py for tasks to queue
[2026-06-21T16:13:23.684-0500] {logging_mixin.py:188} INFO - [2026-06-21T16:13:23.684-0500] {dagbag.py:545} INFO - Filling up the DagBag from /Users/naga/Desktop/airflow_env/lib/python3.12/site-packages/airflow/example_dags/example_setup_teardown.py
[2026-06-21T16:13:23.688-0500] {processor.py:840} INFO - DAG(s) 'example_setup_teardown' retrieved from /Users/naga/Desktop/airflow_env/lib/python3.12/site-packages/airflow/example_dags/example_setup_teardown.py
[2026-06-21T16:13:23.734-0500] {logging_mixin.py:188} INFO - [2026-06-21T16:13:23.734-0500] {dag.py:3089} INFO - Sync 1 DAGs
[2026-06-21T16:13:23.743-0500] {logging_mixin.py:188} INFO - [2026-06-21T16:13:23.743-0500] {dag.py:3947} INFO - Setting next_dagrun for example_setup_teardown to 2026-06-20 00:00:00+00:00, run_after=2026-06-21 00:00:00+00:00
[2026-06-21T16:13:23.751-0500] {processor.py:183} INFO - Processing /Users/naga/Desktop/airflow_env/lib/python3.12/site-packages/airflow/example_dags/example_setup_teardown.py took 0.070 seconds
[2026-06-21T16:15:34.153-0500] {processor.py:161} INFO - Started process (PID=59209) to work on /Users/naga/Desktop/airflow_env/lib/python3.12/site-packages/airflow/example_dags/example_setup_teardown.py
[2026-06-21T16:15:34.153-0500] {processor.py:830} INFO - Processing file /Users/naga/Desktop/airflow_env/lib/python3.12/site-packages/airflow/example_dags/example_setup_teardown.py for tasks to queue
[2026-06-21T16:15:34.154-0500] {logging_mixin.py:188} INFO - [2026-06-21T16:15:34.154-0500] {dagbag.py:545} INFO - Filling up the DagBag from /Users/naga/Desktop/airflow_env/lib/python3.12/site-packages/airflow/example_dags/example_setup_teardown.py
[2026-06-21T16:15:34.158-0500] {processor.py:840} INFO - DAG(s) 'example_setup_teardown' retrieved from /Users/naga/Desktop/airflow_env/lib/python3.12/site-packages/airflow/example_dags/example_setup_teardown.py
[2026-06-21T16:15:34.205-0500] {logging_mixin.py:188} INFO - [2026-06-21T16:15:34.205-0500] {dag.py:3089} INFO - Sync 1 DAGs
[2026-06-21T16:15:34.214-0500] {logging_mixin.py:188} INFO - [2026-06-21T16:15:34.214-0500] {dag.py:3947} INFO - Setting next_dagrun for example_setup_teardown to 2026-06-20 00:00:00+00:00, run_after=2026-06-21 00:00:00+00:00
[2026-06-21T16:15:34.223-0500] {processor.py:183} INFO - Processing /Users/naga/Desktop/airflow_env/lib/python3.12/site-packages/airflow/example_dags/example_setup_teardown.py took 0.072 seconds
[2026-06-21T16:17:45.217-0500] {processor.py:161} INFO - Started process (PID=59330) to work on /Users/naga/Desktop/airflow_env/lib/python3.12/site-packages/airflow/example_dags/example_setup_teardown.py
[2026-06-21T16:17:45.222-0500] {processor.py:830} INFO - Processing file /Users/naga/Desktop/airflow_env/lib/python3.12/site-packages/airflow/example_dags/example_setup_teardown.py for tasks to queue
[2026-06-21T16:17:45.222-0500] {logging_mixin.py:188} INFO - [2026-06-21T16:17:45.222-0500] {dagbag.py:545} INFO - Filling up the DagBag from /Users/naga/Desktop/airflow_env/lib/python3.12/site-packages/airflow/example_dags/example_setup_teardown.py
[2026-06-21T16:17:45.229-0500] {processor.py:840} INFO - DAG(s) 'example_setup_teardown' retrieved from /Users/naga/Desktop/airflow_env/lib/python3.12/site-packages/airflow/example_dags/example_setup_teardown.py
[2026-06-21T16:17:45.278-0500] {logging_mixin.py:188} INFO - [2026-06-21T16:17:45.278-0500] {dag.py:3089} INFO - Sync 1 DAGs
[2026-06-21T16:17:45.286-0500] {logging_mixin.py:188} INFO - [2026-06-21T16:17:45.286-0500] {dag.py:3947} INFO - Setting next_dagrun for example_setup_teardown to 2026-06-20 00:00:00+00:00, run_after=2026-06-21 00:00:00+00:00
[2026-06-21T16:17:45.304-0500] {processor.py:183} INFO - Processing /Users/naga/Desktop/airflow_env/lib/python3.12/site-packages/airflow/example_dags/example_setup_teardown.py took 0.089 seconds
[2026-06-21T16:19:57.041-0500] {processor.py:161} INFO - Started process (PID=59456) to work on /Users/naga/Desktop/airflow_env/lib/python3.12/site-packages/airflow/example_dags/example_setup_teardown.py
[2026-06-21T16:19:57.042-0500] {processor.py:830} INFO - Processing file /Users/naga/Desktop/airflow_env/lib/python3.12/site-packages/airflow/example_dags/example_setup_teardown.py for tasks to queue
[2026-06-21T16:19:57.042-0500] {logging_mixin.py:188} INFO - [2026-06-21T16:19:57.042-0500] {dagbag.py:545} INFO - Filling up the DagBag from /Users/naga/Desktop/airflow_env/lib/python3.12/site-packages/airflow/example_dags/example_setup_teardown.py
[2026-06-21T16:19:57.046-0500] {processor.py:840} INFO - DAG(s) 'example_setup_teardown' retrieved from /Users/naga/Desktop/airflow_env/lib/python3.12/site-packages/airflow/example_dags/example_setup_teardown.py
[2026-06-21T16:19:57.094-0500] {logging_mixin.py:188} INFO - [2026-06-21T16:19:57.093-0500] {dag.py:3089} INFO - Sync 1 DAGs
[2026-06-21T16:19:57.102-0500] {logging_mixin.py:188} INFO - [2026-06-21T16:19:57.102-0500] {dag.py:3947} INFO - Setting next_dagrun for example_setup_teardown to 2026-06-20 00:00:00+00:00, run_after=2026-06-21 00:00:00+00:00
[2026-06-21T16:19:57.110-0500] {processor.py:183} INFO - Processing /Users/naga/Desktop/airflow_env/lib/python3.12/site-packages/airflow/example_dags/example_setup_teardown.py took 0.071 seconds
[2026-06-21T16:22:06.393-0500] {processor.py:161} INFO - Started process (PID=59605) to work on /Users/naga/Desktop/airflow_env/lib/python3.12/site-packages/airflow/example_dags/example_setup_teardown.py
[2026-06-21T16:22:06.394-0500] {processor.py:830} INFO - Processing file /Users/naga/Desktop/airflow_env/lib/python3.12/site-packages/airflow/example_dags/example_setup_teardown.py for tasks to queue
[2026-06-21T16:22:06.395-0500] {logging_mixin.py:188} INFO - [2026-06-21T16:22:06.394-0500] {dagbag.py:545} INFO - Filling up the DagBag from /Users/naga/Desktop/airflow_env/lib/python3.12/site-packages/airflow/example_dags/example_setup_teardown.py
[2026-06-21T16:22:06.399-0500] {processor.py:840} INFO - DAG(s) 'example_setup_teardown' retrieved from /Users/naga/Desktop/airflow_env/lib/python3.12/site-packages/airflow/example_dags/example_setup_teardown.py
[2026-06-21T16:22:06.447-0500] {logging_mixin.py:188} INFO - [2026-06-21T16:22:06.447-0500] {dag.py:3089} INFO - Sync 1 DAGs
[2026-06-21T16:22:06.455-0500] {logging_mixin.py:188} INFO - [2026-06-21T16:22:06.455-0500] {dag.py:3947} INFO - Setting next_dagrun for example_setup_teardown to 2026-06-20 00:00:00+00:00, run_after=2026-06-21 00:00:00+00:00
[2026-06-21T16:22:06.464-0500] {processor.py:183} INFO - Processing /Users/naga/Desktop/airflow_env/lib/python3.12/site-packages/airflow/example_dags/example_setup_teardown.py took 0.072 seconds
[2026-06-21T16:24:14.691-0500] {processor.py:161} INFO - Started process (PID=59730) to work on /Users/naga/Desktop/airflow_env/lib/python3.12/site-packages/airflow/example_dags/example_setup_teardown.py
[2026-06-21T16:24:14.693-0500] {processor.py:830} INFO - Processing file /Users/naga/Desktop/airflow_env/lib/python3.12/site-packages/airflow/example_dags/example_setup_teardown.py for tasks to queue
[2026-06-21T16:24:14.694-0500] {logging_mixin.py:188} INFO - [2026-06-21T16:24:14.694-0500] {dagbag.py:545} INFO - Filling up the DagBag from /Users/naga/Desktop/airflow_env/lib/python3.12/site-packages/airflow/example_dags/example_setup_teardown.py
[2026-06-21T16:24:14.698-0500] {processor.py:840} INFO - DAG(s) 'example_setup_teardown' retrieved from /Users/naga/Desktop/airflow_env/lib/python3.12/site-packages/airflow/example_dags/example_setup_teardown.py
[2026-06-21T16:24:14.745-0500] {logging_mixin.py:188} INFO - [2026-06-21T16:24:14.745-0500] {dag.py:3089} INFO - Sync 1 DAGs
[2026-06-21T16:24:14.754-0500] {logging_mixin.py:188} INFO - [2026-06-21T16:24:14.753-0500] {dag.py:3947} INFO - Setting next_dagrun for example_setup_teardown to 2026-06-20 00:00:00+00:00, run_after=2026-06-21 00:00:00+00:00
[2026-06-21T16:24:14.763-0500] {processor.py:183} INFO - Processing /Users/naga/Desktop/airflow_env/lib/python3.12/site-packages/airflow/example_dags/example_setup_teardown.py took 0.073 seconds
[2026-06-21T16:26:32.127-0500] {processor.py:161} INFO - Started process (PID=59875) to work on /Users/naga/Desktop/airflow_env/lib/python3.12/site-packages/airflow/example_dags/example_setup_teardown.py
[2026-06-21T16:26:32.128-0500] {processor.py:830} INFO - Processing file /Users/naga/Desktop/airflow_env/lib/python3.12/site-packages/airflow/example_dags/example_setup_teardown.py for tasks to queue
[2026-06-21T16:26:32.129-0500] {logging_mixin.py:188} INFO - [2026-06-21T16:26:32.129-0500] {dagbag.py:545} INFO - Filling up the DagBag from /Users/naga/Desktop/airflow_env/lib/python3.12/site-packages/airflow/example_dags/example_setup_teardown.py
[2026-06-21T16:26:32.133-0500] {processor.py:840} INFO - DAG(s) 'example_setup_teardown' retrieved from /Users/naga/Desktop/airflow_env/lib/python3.12/site-packages/airflow/example_dags/example_setup_teardown.py
[2026-06-21T16:26:32.188-0500] {logging_mixin.py:188} INFO - [2026-06-21T16:26:32.188-0500] {dag.py:3089} INFO - Sync 1 DAGs
[2026-06-21T16:26:32.197-0500] {logging_mixin.py:188} INFO - [2026-06-21T16:26:32.197-0500] {dag.py:3947} INFO - Setting next_dagrun for example_setup_teardown to 2026-06-20 00:00:00+00:00, run_after=2026-06-21 00:00:00+00:00
[2026-06-21T16:26:32.206-0500] {processor.py:183} INFO - Processing /Users/naga/Desktop/airflow_env/lib/python3.12/site-packages/airflow/example_dags/example_setup_teardown.py took 0.081 seconds
[2026-06-21T16:28:43.548-0500] {processor.py:161} INFO - Started process (PID=60011) to work on /Users/naga/Desktop/airflow_env/lib/python3.12/site-packages/airflow/example_dags/example_setup_teardown.py
[2026-06-21T16:28:43.549-0500] {processor.py:830} INFO - Processing file /Users/naga/Desktop/airflow_env/lib/python3.12/site-packages/airflow/example_dags/example_setup_teardown.py for tasks to queue
[2026-06-21T16:28:43.549-0500] {logging_mixin.py:188} INFO - [2026-06-21T16:28:43.549-0500] {dagbag.py:545} INFO - Filling up the DagBag from /Users/naga/Desktop/airflow_env/lib/python3.12/site-packages/airflow/example_dags/example_setup_teardown.py
[2026-06-21T16:28:43.553-0500] {processor.py:840} INFO - DAG(s) 'example_setup_teardown' retrieved from /Users/naga/Desktop/airflow_env/lib/python3.12/site-packages/airflow/example_dags/example_setup_teardown.py
[2026-06-21T16:28:43.599-0500] {logging_mixin.py:188} INFO - [2026-06-21T16:28:43.599-0500] {dag.py:3089} INFO - Sync 1 DAGs
[2026-06-21T16:28:43.607-0500] {logging_mixin.py:188} INFO - [2026-06-21T16:28:43.607-0500] {dag.py:3947} INFO - Setting next_dagrun for example_setup_teardown to 2026-06-20 00:00:00+00:00, run_after=2026-06-21 00:00:00+00:00
[2026-06-21T16:28:43.615-0500] {processor.py:183} INFO - Processing /Users/naga/Desktop/airflow_env/lib/python3.12/site-packages/airflow/example_dags/example_setup_teardown.py took 0.068 seconds
[2026-06-21T16:30:51.230-0500] {processor.py:161} INFO - Started process (PID=60139) to work on /Users/naga/Desktop/airflow_env/lib/python3.12/site-packages/airflow/example_dags/example_setup_teardown.py
[2026-06-21T16:30:51.231-0500] {processor.py:830} INFO - Processing file /Users/naga/Desktop/airflow_env/lib/python3.12/site-packages/airflow/example_dags/example_setup_teardown.py for tasks to queue
[2026-06-21T16:30:51.232-0500] {logging_mixin.py:188} INFO - [2026-06-21T16:30:51.232-0500] {dagbag.py:545} INFO - Filling up the DagBag from /Users/naga/Desktop/airflow_env/lib/python3.12/site-packages/airflow/example_dags/example_setup_teardown.py
[2026-06-21T16:30:51.236-0500] {processor.py:840} INFO - DAG(s) 'example_setup_teardown' retrieved from /Users/naga/Desktop/airflow_env/lib/python3.12/site-packages/airflow/example_dags/example_setup_teardown.py
[2026-06-21T16:30:51.280-0500] {logging_mixin.py:188} INFO - [2026-06-21T16:30:51.280-0500] {dag.py:3089} INFO - Sync 1 DAGs
[2026-06-21T16:30:51.287-0500] {logging_mixin.py:188} INFO - [2026-06-21T16:30:51.287-0500] {dag.py:3947} INFO - Setting next_dagrun for example_setup_teardown to 2026-06-20 00:00:00+00:00, run_after=2026-06-21 00:00:00+00:00
[2026-06-21T16:30:51.295-0500] {processor.py:183} INFO - Processing /Users/naga/Desktop/airflow_env/lib/python3.12/site-packages/airflow/example_dags/example_setup_teardown.py took 0.066 seconds
[2026-06-21T16:32:55.520-0500] {processor.py:161} INFO - Started process (PID=60294) to work on /Users/naga/Desktop/airflow_env/lib/python3.12/site-packages/airflow/example_dags/example_setup_teardown.py
[2026-06-21T16:32:55.521-0500] {processor.py:830} INFO - Processing file /Users/naga/Desktop/airflow_env/lib/python3.12/site-packages/airflow/example_dags/example_setup_teardown.py for tasks to queue
[2026-06-21T16:32:55.521-0500] {logging_mixin.py:188} INFO - [2026-06-21T16:32:55.521-0500] {dagbag.py:545} INFO - Filling up the DagBag from /Users/naga/Desktop/airflow_env/lib/python3.12/site-packages/airflow/example_dags/example_setup_teardown.py
[2026-06-21T16:32:55.525-0500] {processor.py:840} INFO - DAG(s) 'example_setup_teardown' retrieved from /Users/naga/Desktop/airflow_env/lib/python3.12/site-packages/airflow/example_dags/example_setup_teardown.py
[2026-06-21T16:32:55.569-0500] {logging_mixin.py:188} INFO - [2026-06-21T16:32:55.569-0500] {dag.py:3089} INFO - Sync 1 DAGs
[2026-06-21T16:32:55.577-0500] {logging_mixin.py:188} INFO - [2026-06-21T16:32:55.577-0500] {dag.py:3947} INFO - Setting next_dagrun for example_setup_teardown to 2026-06-20 00:00:00+00:00, run_after=2026-06-21 00:00:00+00:00
[2026-06-21T16:32:55.584-0500] {processor.py:183} INFO - Processing /Users/naga/Desktop/airflow_env/lib/python3.12/site-packages/airflow/example_dags/example_setup_teardown.py took 0.066 seconds
[2026-06-21T16:35:00.819-0500] {processor.py:161} INFO - Started process (PID=60411) to work on /Users/naga/Desktop/airflow_env/lib/python3.12/site-packages/airflow/example_dags/example_setup_teardown.py
[2026-06-21T16:35:00.820-0500] {processor.py:830} INFO - Processing file /Users/naga/Desktop/airflow_env/lib/python3.12/site-packages/airflow/example_dags/example_setup_teardown.py for tasks to queue
[2026-06-21T16:35:00.820-0500] {logging_mixin.py:188} INFO - [2026-06-21T16:35:00.820-0500] {dagbag.py:545} INFO - Filling up the DagBag from /Users/naga/Desktop/airflow_env/lib/python3.12/site-packages/airflow/example_dags/example_setup_teardown.py
[2026-06-21T16:35:00.824-0500] {processor.py:840} INFO - DAG(s) 'example_setup_teardown' retrieved from /Users/naga/Desktop/airflow_env/lib/python3.12/site-packages/airflow/example_dags/example_setup_teardown.py
[2026-06-21T16:35:00.868-0500] {logging_mixin.py:188} INFO - [2026-06-21T16:35:00.868-0500] {dag.py:3089} INFO - Sync 1 DAGs
[2026-06-21T16:35:00.876-0500] {logging_mixin.py:188} INFO - [2026-06-21T16:35:00.876-0500] {dag.py:3947} INFO - Setting next_dagrun for example_setup_teardown to 2026-06-20 00:00:00+00:00, run_after=2026-06-21 00:00:00+00:00
[2026-06-21T16:35:00.885-0500] {processor.py:183} INFO - Processing /Users/naga/Desktop/airflow_env/lib/python3.12/site-packages/airflow/example_dags/example_setup_teardown.py took 0.067 seconds
[2026-06-21T16:37:03.967-0500] {processor.py:161} INFO - Started process (PID=60550) to work on /Users/naga/Desktop/airflow_env/lib/python3.12/site-packages/airflow/example_dags/example_setup_teardown.py
[2026-06-21T16:37:03.968-0500] {processor.py:830} INFO - Processing file /Users/naga/Desktop/airflow_env/lib/python3.12/site-packages/airflow/example_dags/example_setup_teardown.py for tasks to queue
[2026-06-21T16:37:03.969-0500] {logging_mixin.py:188} INFO - [2026-06-21T16:37:03.968-0500] {dagbag.py:545} INFO - Filling up the DagBag from /Users/naga/Desktop/airflow_env/lib/python3.12/site-packages/airflow/example_dags/example_setup_teardown.py
[2026-06-21T16:37:03.973-0500] {processor.py:840} INFO - DAG(s) 'example_setup_teardown' retrieved from /Users/naga/Desktop/airflow_env/lib/python3.12/site-packages/airflow/example_dags/example_setup_teardown.py
[2026-06-21T16:37:04.018-0500] {logging_mixin.py:188} INFO - [2026-06-21T16:37:04.018-0500] {dag.py:3089} INFO - Sync 1 DAGs
[2026-06-21T16:37:04.026-0500] {logging_mixin.py:188} INFO - [2026-06-21T16:37:04.026-0500] {dag.py:3947} INFO - Setting next_dagrun for example_setup_teardown to 2026-06-20 00:00:00+00:00, run_after=2026-06-21 00:00:00+00:00
[2026-06-21T16:37:04.034-0500] {processor.py:183} INFO - Processing /Users/naga/Desktop/airflow_env/lib/python3.12/site-packages/airflow/example_dags/example_setup_teardown.py took 0.068 seconds
[2026-06-21T16:39:09.383-0500] {processor.py:161} INFO - Started process (PID=60667) to work on /Users/naga/Desktop/airflow_env/lib/python3.12/site-packages/airflow/example_dags/example_setup_teardown.py
[2026-06-21T16:39:09.384-0500] {processor.py:830} INFO - Processing file /Users/naga/Desktop/airflow_env/lib/python3.12/site-packages/airflow/example_dags/example_setup_teardown.py for tasks to queue
[2026-06-21T16:39:09.385-0500] {logging_mixin.py:188} INFO - [2026-06-21T16:39:09.384-0500] {dagbag.py:545} INFO - Filling up the DagBag from /Users/naga/Desktop/airflow_env/lib/python3.12/site-packages/airflow/example_dags/example_setup_teardown.py
[2026-06-21T16:39:09.389-0500] {processor.py:840} INFO - DAG(s) 'example_setup_teardown' retrieved from /Users/naga/Desktop/airflow_env/lib/python3.12/site-packages/airflow/example_dags/example_setup_teardown.py
[2026-06-21T16:39:09.433-0500] {logging_mixin.py:188} INFO - [2026-06-21T16:39:09.433-0500] {dag.py:3089} INFO - Sync 1 DAGs
[2026-06-21T16:39:09.440-0500] {logging_mixin.py:188} INFO - [2026-06-21T16:39:09.440-0500] {dag.py:3947} INFO - Setting next_dagrun for example_setup_teardown to 2026-06-20 00:00:00+00:00, run_after=2026-06-21 00:00:00+00:00
[2026-06-21T16:39:09.449-0500] {processor.py:183} INFO - Processing /Users/naga/Desktop/airflow_env/lib/python3.12/site-packages/airflow/example_dags/example_setup_teardown.py took 0.067 seconds
[2026-06-21T16:42:52.141-0500] {processor.py:161} INFO - Started process (PID=60843) to work on /Users/naga/Desktop/airflow_env/lib/python3.12/site-packages/airflow/example_dags/example_setup_teardown.py
[2026-06-21T16:42:52.142-0500] {processor.py:830} INFO - Processing file /Users/naga/Desktop/airflow_env/lib/python3.12/site-packages/airflow/example_dags/example_setup_teardown.py for tasks to queue
[2026-06-21T16:42:52.143-0500] {logging_mixin.py:188} INFO - [2026-06-21T16:42:52.143-0500] {dagbag.py:545} INFO - Filling up the DagBag from /Users/naga/Desktop/airflow_env/lib/python3.12/site-packages/airflow/example_dags/example_setup_teardown.py
[2026-06-21T16:42:52.151-0500] {processor.py:840} INFO - DAG(s) 'example_setup_teardown' retrieved from /Users/naga/Desktop/airflow_env/lib/python3.12/site-packages/airflow/example_dags/example_setup_teardown.py
[2026-06-21T16:42:52.232-0500] {logging_mixin.py:188} INFO - [2026-06-21T16:42:52.232-0500] {dag.py:3089} INFO - Sync 1 DAGs
[2026-06-21T16:42:52.246-0500] {logging_mixin.py:188} INFO - [2026-06-21T16:42:52.246-0500] {dag.py:3947} INFO - Setting next_dagrun for example_setup_teardown to 2026-06-20 00:00:00+00:00, run_after=2026-06-21 00:00:00+00:00
[2026-06-21T16:42:52.260-0500] {processor.py:183} INFO - Processing /Users/naga/Desktop/airflow_env/lib/python3.12/site-packages/airflow/example_dags/example_setup_teardown.py took 0.122 seconds
[2026-06-21T16:44:47.361-0500] {processor.py:161} INFO - Started process (PID=60940) to work on /Users/naga/Desktop/airflow_env/lib/python3.12/site-packages/airflow/example_dags/example_setup_teardown.py
[2026-06-21T16:44:47.363-0500] {processor.py:830} INFO - Processing file /Users/naga/Desktop/airflow_env/lib/python3.12/site-packages/airflow/example_dags/example_setup_teardown.py for tasks to queue
[2026-06-21T16:44:47.363-0500] {logging_mixin.py:188} INFO - [2026-06-21T16:44:47.363-0500] {dagbag.py:545} INFO - Filling up the DagBag from /Users/naga/Desktop/airflow_env/lib/python3.12/site-packages/airflow/example_dags/example_setup_teardown.py
[2026-06-21T16:44:47.370-0500] {processor.py:840} INFO - DAG(s) 'example_setup_teardown' retrieved from /Users/naga/Desktop/airflow_env/lib/python3.12/site-packages/airflow/example_dags/example_setup_teardown.py
[2026-06-21T16:44:47.445-0500] {logging_mixin.py:188} INFO - [2026-06-21T16:44:47.445-0500] {dag.py:3089} INFO - Sync 1 DAGs
[2026-06-21T16:44:47.458-0500] {logging_mixin.py:188} INFO - [2026-06-21T16:44:47.458-0500] {dag.py:3947} INFO - Setting next_dagrun for example_setup_teardown to 2026-06-20 00:00:00+00:00, run_after=2026-06-21 00:00:00+00:00
[2026-06-21T16:44:47.471-0500] {processor.py:183} INFO - Processing /Users/naga/Desktop/airflow_env/lib/python3.12/site-packages/airflow/example_dags/example_setup_teardown.py took 0.112 seconds
[2026-06-21T16:46:20.853-0500] {processor.py:161} INFO - Started process (PID=61013) to work on /Users/naga/Desktop/airflow_env/lib/python3.12/site-packages/airflow/example_dags/example_setup_teardown.py
[2026-06-21T16:46:20.854-0500] {processor.py:830} INFO - Processing file /Users/naga/Desktop/airflow_env/lib/python3.12/site-packages/airflow/example_dags/example_setup_teardown.py for tasks to queue
[2026-06-21T16:46:20.855-0500] {logging_mixin.py:188} INFO - [2026-06-21T16:46:20.855-0500] {dagbag.py:545} INFO - Filling up the DagBag from /Users/naga/Desktop/airflow_env/lib/python3.12/site-packages/airflow/example_dags/example_setup_teardown.py
[2026-06-21T16:46:20.863-0500] {processor.py:840} INFO - DAG(s) 'example_setup_teardown' retrieved from /Users/naga/Desktop/airflow_env/lib/python3.12/site-packages/airflow/example_dags/example_setup_teardown.py
[2026-06-21T16:46:20.943-0500] {logging_mixin.py:188} INFO - [2026-06-21T16:46:20.942-0500] {dag.py:3089} INFO - Sync 1 DAGs
[2026-06-21T16:46:20.957-0500] {logging_mixin.py:188} INFO - [2026-06-21T16:46:20.957-0500] {dag.py:3947} INFO - Setting next_dagrun for example_setup_teardown to 2026-06-20 00:00:00+00:00, run_after=2026-06-21 00:00:00+00:00
[2026-06-21T16:46:20.971-0500] {processor.py:183} INFO - Processing /Users/naga/Desktop/airflow_env/lib/python3.12/site-packages/airflow/example_dags/example_setup_teardown.py took 0.120 seconds
[2026-06-21T17:49:16.762-0500] {processor.py:161} INFO - Started process (PID=61108) to work on /Users/naga/Desktop/airflow_env/lib/python3.12/site-packages/airflow/example_dags/example_setup_teardown.py
[2026-06-21T17:49:16.763-0500] {processor.py:830} INFO - Processing file /Users/naga/Desktop/airflow_env/lib/python3.12/site-packages/airflow/example_dags/example_setup_teardown.py for tasks to queue
[2026-06-21T17:49:16.763-0500] {logging_mixin.py:188} INFO - [2026-06-21T17:49:16.763-0500] {dagbag.py:545} INFO - Filling up the DagBag from /Users/naga/Desktop/airflow_env/lib/python3.12/site-packages/airflow/example_dags/example_setup_teardown.py
[2026-06-21T17:49:16.770-0500] {processor.py:840} INFO - DAG(s) 'example_setup_teardown' retrieved from /Users/naga/Desktop/airflow_env/lib/python3.12/site-packages/airflow/example_dags/example_setup_teardown.py
[2026-06-21T17:49:16.846-0500] {logging_mixin.py:188} INFO - [2026-06-21T17:49:16.846-0500] {dag.py:3089} INFO - Sync 1 DAGs
[2026-06-21T17:49:16.859-0500] {logging_mixin.py:188} INFO - [2026-06-21T17:49:16.859-0500] {dag.py:3947} INFO - Setting next_dagrun for example_setup_teardown to 2026-06-20 00:00:00+00:00, run_after=2026-06-21 00:00:00+00:00
[2026-06-21T17:49:16.872-0500] {processor.py:183} INFO - Processing /Users/naga/Desktop/airflow_env/lib/python3.12/site-packages/airflow/example_dags/example_setup_teardown.py took 0.113 seconds
[2026-06-21T18:48:50.321-0500] {processor.py:161} INFO - Started process (PID=61237) to work on /Users/naga/Desktop/airflow_env/lib/python3.12/site-packages/airflow/example_dags/example_setup_teardown.py
[2026-06-21T18:48:50.323-0500] {processor.py:830} INFO - Processing file /Users/naga/Desktop/airflow_env/lib/python3.12/site-packages/airflow/example_dags/example_setup_teardown.py for tasks to queue
[2026-06-21T18:48:50.323-0500] {logging_mixin.py:188} INFO - [2026-06-21T18:48:50.323-0500] {dagbag.py:545} INFO - Filling up the DagBag from /Users/naga/Desktop/airflow_env/lib/python3.12/site-packages/airflow/example_dags/example_setup_teardown.py
[2026-06-21T18:48:50.330-0500] {processor.py:840} INFO - DAG(s) 'example_setup_teardown' retrieved from /Users/naga/Desktop/airflow_env/lib/python3.12/site-packages/airflow/example_dags/example_setup_teardown.py
[2026-06-21T18:48:50.404-0500] {logging_mixin.py:188} INFO - [2026-06-21T18:48:50.404-0500] {dag.py:3089} INFO - Sync 1 DAGs
[2026-06-21T18:48:50.417-0500] {logging_mixin.py:188} INFO - [2026-06-21T18:48:50.416-0500] {dag.py:3947} INFO - Setting next_dagrun for example_setup_teardown to 2026-06-20 00:00:00+00:00, run_after=2026-06-21 00:00:00+00:00
[2026-06-21T18:48:50.429-0500] {processor.py:183} INFO - Processing /Users/naga/Desktop/airflow_env/lib/python3.12/site-packages/airflow/example_dags/example_setup_teardown.py took 0.111 seconds
[2026-06-21T18:57:03.932-0500] {processor.py:161} INFO - Started process (PID=61350) to work on /Users/naga/Desktop/airflow_env/lib/python3.12/site-packages/airflow/example_dags/example_setup_teardown.py
[2026-06-21T18:57:03.934-0500] {processor.py:830} INFO - Processing file /Users/naga/Desktop/airflow_env/lib/python3.12/site-packages/airflow/example_dags/example_setup_teardown.py for tasks to queue
[2026-06-21T18:57:03.934-0500] {logging_mixin.py:188} INFO - [2026-06-21T18:57:03.934-0500] {dagbag.py:545} INFO - Filling up the DagBag from /Users/naga/Desktop/airflow_env/lib/python3.12/site-packages/airflow/example_dags/example_setup_teardown.py
[2026-06-21T18:57:03.941-0500] {processor.py:840} INFO - DAG(s) 'example_setup_teardown' retrieved from /Users/naga/Desktop/airflow_env/lib/python3.12/site-packages/airflow/example_dags/example_setup_teardown.py
[2026-06-21T18:57:04.016-0500] {logging_mixin.py:188} INFO - [2026-06-21T18:57:04.016-0500] {dag.py:3089} INFO - Sync 1 DAGs
[2026-06-21T18:57:04.029-0500] {logging_mixin.py:188} INFO - [2026-06-21T18:57:04.029-0500] {dag.py:3947} INFO - Setting next_dagrun for example_setup_teardown to 2026-06-20 00:00:00+00:00, run_after=2026-06-21 00:00:00+00:00
[2026-06-21T18:57:04.044-0500] {processor.py:183} INFO - Processing /Users/naga/Desktop/airflow_env/lib/python3.12/site-packages/airflow/example_dags/example_setup_teardown.py took 0.113 seconds
[2026-06-21T18:58:34.292-0500] {processor.py:161} INFO - Started process (PID=61400) to work on /Users/naga/Desktop/airflow_env/lib/python3.12/site-packages/airflow/example_dags/example_setup_teardown.py
[2026-06-21T18:58:34.294-0500] {processor.py:830} INFO - Processing file /Users/naga/Desktop/airflow_env/lib/python3.12/site-packages/airflow/example_dags/example_setup_teardown.py for tasks to queue
[2026-06-21T18:58:34.294-0500] {logging_mixin.py:188} INFO - [2026-06-21T18:58:34.294-0500] {dagbag.py:545} INFO - Filling up the DagBag from /Users/naga/Desktop/airflow_env/lib/python3.12/site-packages/airflow/example_dags/example_setup_teardown.py
[2026-06-21T18:58:34.301-0500] {processor.py:840} INFO - DAG(s) 'example_setup_teardown' retrieved from /Users/naga/Desktop/airflow_env/lib/python3.12/site-packages/airflow/example_dags/example_setup_teardown.py
[2026-06-21T18:58:34.376-0500] {logging_mixin.py:188} INFO - [2026-06-21T18:58:34.375-0500] {dag.py:3089} INFO - Sync 1 DAGs
[2026-06-21T18:58:34.388-0500] {logging_mixin.py:188} INFO - [2026-06-21T18:58:34.388-0500] {dag.py:3947} INFO - Setting next_dagrun for example_setup_teardown to 2026-06-20 00:00:00+00:00, run_after=2026-06-21 00:00:00+00:00
[2026-06-21T18:58:34.403-0500] {processor.py:183} INFO - Processing /Users/naga/Desktop/airflow_env/lib/python3.12/site-packages/airflow/example_dags/example_setup_teardown.py took 0.113 seconds
