[2026-06-21T14:44:33.896-0500] {processor.py:161} INFO - Started process (PID=54325) to work on /Users/naga/Desktop/airflow_env/lib/python3.12/site-packages/airflow/example_dags/example_sensors.py
[2026-06-21T14:44:33.897-0500] {processor.py:830} INFO - Processing file /Users/naga/Desktop/airflow_env/lib/python3.12/site-packages/airflow/example_dags/example_sensors.py for tasks to queue
[2026-06-21T14:44:33.898-0500] {logging_mixin.py:188} INFO - [2026-06-21T14:44:33.898-0500] {dagbag.py:545} INFO - Filling up the DagBag from /Users/naga/Desktop/airflow_env/lib/python3.12/site-packages/airflow/example_dags/example_sensors.py
[2026-06-21T14:44:33.912-0500] {processor.py:840} INFO - DAG(s) 'example_sensors' retrieved from /Users/naga/Desktop/airflow_env/lib/python3.12/site-packages/airflow/example_dags/example_sensors.py
[2026-06-21T14:44:34.067-0500] {logging_mixin.py:188} INFO - [2026-06-21T14:44:34.067-0500] {override.py:1858} INFO - Created Permission View: can edit on DAG:example_sensors
[2026-06-21T14:44:34.074-0500] {logging_mixin.py:188} INFO - [2026-06-21T14:44:34.074-0500] {override.py:1858} INFO - Created Permission View: can delete on DAG:example_sensors
[2026-06-21T14:44:34.078-0500] {logging_mixin.py:188} INFO - [2026-06-21T14:44:34.078-0500] {override.py:1858} INFO - Created Permission View: can read on DAG:example_sensors
[2026-06-21T14:44:34.078-0500] {logging_mixin.py:188} INFO - [2026-06-21T14:44:34.078-0500] {dag.py:3089} INFO - Sync 1 DAGs
[2026-06-21T14:44:34.086-0500] {logging_mixin.py:188} INFO - [2026-06-21T14:44:34.085-0500] {dag.py:3111} INFO - Creating ORM DAG for example_sensors
[2026-06-21T14:44:34.086-0500] {logging_mixin.py:188} INFO - [2026-06-21T14:44:34.086-0500] {dag.py:3947} INFO - Setting next_dagrun for example_sensors to None, run_after=None
[2026-06-21T14:44:34.099-0500] {processor.py:183} INFO - Processing /Users/naga/Desktop/airflow_env/lib/python3.12/site-packages/airflow/example_dags/example_sensors.py took 0.205 seconds
[2026-06-21T14:46:42.375-0500] {processor.py:161} INFO - Started process (PID=54431) to work on /Users/naga/Desktop/airflow_env/lib/python3.12/site-packages/airflow/example_dags/example_sensors.py
[2026-06-21T14:46:42.376-0500] {processor.py:830} INFO - Processing file /Users/naga/Desktop/airflow_env/lib/python3.12/site-packages/airflow/example_dags/example_sensors.py for tasks to queue
[2026-06-21T14:46:42.377-0500] {logging_mixin.py:188} INFO - [2026-06-21T14:46:42.377-0500] {dagbag.py:545} INFO - Filling up the DagBag from /Users/naga/Desktop/airflow_env/lib/python3.12/site-packages/airflow/example_dags/example_sensors.py
[2026-06-21T14:46:42.391-0500] {processor.py:840} INFO - DAG(s) 'example_sensors' retrieved from /Users/naga/Desktop/airflow_env/lib/python3.12/site-packages/airflow/example_dags/example_sensors.py
[2026-06-21T14:46:42.482-0500] {logging_mixin.py:188} INFO - [2026-06-21T14:46:42.482-0500] {dag.py:3089} INFO - Sync 1 DAGs
[2026-06-21T14:46:42.494-0500] {logging_mixin.py:188} INFO - [2026-06-21T14:46:42.494-0500] {dag.py:3947} INFO - Setting next_dagrun for example_sensors to None, run_after=None
[2026-06-21T14:46:42.510-0500] {processor.py:183} INFO - Processing /Users/naga/Desktop/airflow_env/lib/python3.12/site-packages/airflow/example_dags/example_sensors.py took 0.137 seconds
[2026-06-21T14:48:15.033-0500] {processor.py:161} INFO - Started process (PID=54513) to work on /Users/naga/Desktop/airflow_env/lib/python3.12/site-packages/airflow/example_dags/example_sensors.py
[2026-06-21T14:48:15.034-0500] {processor.py:830} INFO - Processing file /Users/naga/Desktop/airflow_env/lib/python3.12/site-packages/airflow/example_dags/example_sensors.py for tasks to queue
[2026-06-21T14:48:15.035-0500] {logging_mixin.py:188} INFO - [2026-06-21T14:48:15.035-0500] {dagbag.py:545} INFO - Filling up the DagBag from /Users/naga/Desktop/airflow_env/lib/python3.12/site-packages/airflow/example_dags/example_sensors.py
[2026-06-21T14:48:15.052-0500] {processor.py:840} INFO - DAG(s) 'example_sensors' retrieved from /Users/naga/Desktop/airflow_env/lib/python3.12/site-packages/airflow/example_dags/example_sensors.py
[2026-06-21T14:48:15.141-0500] {logging_mixin.py:188} INFO - [2026-06-21T14:48:15.140-0500] {dag.py:3089} INFO - Sync 1 DAGs
[2026-06-21T14:48:15.148-0500] {logging_mixin.py:188} INFO - [2026-06-21T14:48:15.148-0500] {dag.py:3947} INFO - Setting next_dagrun for example_sensors to None, run_after=None
[2026-06-21T14:48:15.164-0500] {processor.py:183} INFO - Processing /Users/naga/Desktop/airflow_env/lib/python3.12/site-packages/airflow/example_dags/example_sensors.py took 0.133 seconds
[2026-06-21T14:49:44.072-0500] {processor.py:161} INFO - Started process (PID=54620) to work on /Users/naga/Desktop/airflow_env/lib/python3.12/site-packages/airflow/example_dags/example_sensors.py
[2026-06-21T14:49:44.073-0500] {processor.py:830} INFO - Processing file /Users/naga/Desktop/airflow_env/lib/python3.12/site-packages/airflow/example_dags/example_sensors.py for tasks to queue
[2026-06-21T14:49:44.073-0500] {logging_mixin.py:188} INFO - [2026-06-21T14:49:44.073-0500] {dagbag.py:545} INFO - Filling up the DagBag from /Users/naga/Desktop/airflow_env/lib/python3.12/site-packages/airflow/example_dags/example_sensors.py
[2026-06-21T14:49:44.086-0500] {processor.py:840} INFO - DAG(s) 'example_sensors' retrieved from /Users/naga/Desktop/airflow_env/lib/python3.12/site-packages/airflow/example_dags/example_sensors.py
[2026-06-21T14:49:44.171-0500] {logging_mixin.py:188} INFO - [2026-06-21T14:49:44.171-0500] {dag.py:3089} INFO - Sync 1 DAGs
[2026-06-21T14:49:44.179-0500] {logging_mixin.py:188} INFO - [2026-06-21T14:49:44.178-0500] {dag.py:3947} INFO - Setting next_dagrun for example_sensors to None, run_after=None
[2026-06-21T14:49:44.192-0500] {processor.py:183} INFO - Processing /Users/naga/Desktop/airflow_env/lib/python3.12/site-packages/airflow/example_dags/example_sensors.py took 0.123 seconds
[2026-06-21T14:51:12.737-0500] {processor.py:161} INFO - Started process (PID=54704) to work on /Users/naga/Desktop/airflow_env/lib/python3.12/site-packages/airflow/example_dags/example_sensors.py
[2026-06-21T14:51:12.739-0500] {processor.py:830} INFO - Processing file /Users/naga/Desktop/airflow_env/lib/python3.12/site-packages/airflow/example_dags/example_sensors.py for tasks to queue
[2026-06-21T14:51:12.739-0500] {logging_mixin.py:188} INFO - [2026-06-21T14:51:12.739-0500] {dagbag.py:545} INFO - Filling up the DagBag from /Users/naga/Desktop/airflow_env/lib/python3.12/site-packages/airflow/example_dags/example_sensors.py
[2026-06-21T14:51:12.753-0500] {processor.py:840} INFO - DAG(s) 'example_sensors' retrieved from /Users/naga/Desktop/airflow_env/lib/python3.12/site-packages/airflow/example_dags/example_sensors.py
[2026-06-21T14:51:12.838-0500] {logging_mixin.py:188} INFO - [2026-06-21T14:51:12.838-0500] {dag.py:3089} INFO - Sync 1 DAGs
[2026-06-21T14:51:12.845-0500] {logging_mixin.py:188} INFO - [2026-06-21T14:51:12.845-0500] {dag.py:3947} INFO - Setting next_dagrun for example_sensors to None, run_after=None
[2026-06-21T14:51:12.859-0500] {processor.py:183} INFO - Processing /Users/naga/Desktop/airflow_env/lib/python3.12/site-packages/airflow/example_dags/example_sensors.py took 0.124 seconds
[2026-06-21T14:52:41.424-0500] {processor.py:161} INFO - Started process (PID=54775) to work on /Users/naga/Desktop/airflow_env/lib/python3.12/site-packages/airflow/example_dags/example_sensors.py
[2026-06-21T14:52:41.425-0500] {processor.py:830} INFO - Processing file /Users/naga/Desktop/airflow_env/lib/python3.12/site-packages/airflow/example_dags/example_sensors.py for tasks to queue
[2026-06-21T14:52:41.426-0500] {logging_mixin.py:188} INFO - [2026-06-21T14:52:41.426-0500] {dagbag.py:545} INFO - Filling up the DagBag from /Users/naga/Desktop/airflow_env/lib/python3.12/site-packages/airflow/example_dags/example_sensors.py
[2026-06-21T14:52:41.440-0500] {processor.py:840} INFO - DAG(s) 'example_sensors' retrieved from /Users/naga/Desktop/airflow_env/lib/python3.12/site-packages/airflow/example_dags/example_sensors.py
[2026-06-21T14:52:41.526-0500] {logging_mixin.py:188} INFO - [2026-06-21T14:52:41.525-0500] {dag.py:3089} INFO - Sync 1 DAGs
[2026-06-21T14:52:41.533-0500] {logging_mixin.py:188} INFO - [2026-06-21T14:52:41.532-0500] {dag.py:3947} INFO - Setting next_dagrun for example_sensors to None, run_after=None
[2026-06-21T14:52:41.547-0500] {processor.py:183} INFO - Processing /Users/naga/Desktop/airflow_env/lib/python3.12/site-packages/airflow/example_dags/example_sensors.py took 0.125 seconds
[2026-06-21T14:54:11.100-0500] {processor.py:161} INFO - Started process (PID=54856) to work on /Users/naga/Desktop/airflow_env/lib/python3.12/site-packages/airflow/example_dags/example_sensors.py
[2026-06-21T14:54:11.101-0500] {processor.py:830} INFO - Processing file /Users/naga/Desktop/airflow_env/lib/python3.12/site-packages/airflow/example_dags/example_sensors.py for tasks to queue
[2026-06-21T14:54:11.101-0500] {logging_mixin.py:188} INFO - [2026-06-21T14:54:11.101-0500] {dagbag.py:545} INFO - Filling up the DagBag from /Users/naga/Desktop/airflow_env/lib/python3.12/site-packages/airflow/example_dags/example_sensors.py
[2026-06-21T14:54:11.115-0500] {processor.py:840} INFO - DAG(s) 'example_sensors' retrieved from /Users/naga/Desktop/airflow_env/lib/python3.12/site-packages/airflow/example_dags/example_sensors.py
[2026-06-21T14:54:11.201-0500] {logging_mixin.py:188} INFO - [2026-06-21T14:54:11.201-0500] {dag.py:3089} INFO - Sync 1 DAGs
[2026-06-21T14:54:11.208-0500] {logging_mixin.py:188} INFO - [2026-06-21T14:54:11.208-0500] {dag.py:3947} INFO - Setting next_dagrun for example_sensors to None, run_after=None
[2026-06-21T14:54:11.222-0500] {processor.py:183} INFO - Processing /Users/naga/Desktop/airflow_env/lib/python3.12/site-packages/airflow/example_dags/example_sensors.py took 0.125 seconds
[2026-06-21T14:55:38.608-0500] {processor.py:161} INFO - Started process (PID=54984) to work on /Users/naga/Desktop/airflow_env/lib/python3.12/site-packages/airflow/example_dags/example_sensors.py
[2026-06-21T14:55:38.610-0500] {processor.py:830} INFO - Processing file /Users/naga/Desktop/airflow_env/lib/python3.12/site-packages/airflow/example_dags/example_sensors.py for tasks to queue
[2026-06-21T14:55:38.610-0500] {logging_mixin.py:188} INFO - [2026-06-21T14:55:38.610-0500] {dagbag.py:545} INFO - Filling up the DagBag from /Users/naga/Desktop/airflow_env/lib/python3.12/site-packages/airflow/example_dags/example_sensors.py
[2026-06-21T14:55:38.623-0500] {processor.py:840} INFO - DAG(s) 'example_sensors' retrieved from /Users/naga/Desktop/airflow_env/lib/python3.12/site-packages/airflow/example_dags/example_sensors.py
[2026-06-21T14:55:38.711-0500] {logging_mixin.py:188} INFO - [2026-06-21T14:55:38.711-0500] {dag.py:3089} INFO - Sync 1 DAGs
[2026-06-21T14:55:38.719-0500] {logging_mixin.py:188} INFO - [2026-06-21T14:55:38.719-0500] {dag.py:3947} INFO - Setting next_dagrun for example_sensors to None, run_after=None
[2026-06-21T14:55:38.733-0500] {processor.py:183} INFO - Processing /Users/naga/Desktop/airflow_env/lib/python3.12/site-packages/airflow/example_dags/example_sensors.py took 0.127 seconds
[2026-06-21T14:57:17.461-0500] {processor.py:161} INFO - Started process (PID=55225) to work on /Users/naga/Desktop/airflow_env/lib/python3.12/site-packages/airflow/example_dags/example_sensors.py
[2026-06-21T14:57:17.462-0500] {processor.py:830} INFO - Processing file /Users/naga/Desktop/airflow_env/lib/python3.12/site-packages/airflow/example_dags/example_sensors.py for tasks to queue
[2026-06-21T14:57:17.463-0500] {logging_mixin.py:188} INFO - [2026-06-21T14:57:17.463-0500] {dagbag.py:545} INFO - Filling up the DagBag from /Users/naga/Desktop/airflow_env/lib/python3.12/site-packages/airflow/example_dags/example_sensors.py
[2026-06-21T14:57:17.477-0500] {processor.py:840} INFO - DAG(s) 'example_sensors' retrieved from /Users/naga/Desktop/airflow_env/lib/python3.12/site-packages/airflow/example_dags/example_sensors.py
[2026-06-21T14:57:17.575-0500] {logging_mixin.py:188} INFO - [2026-06-21T14:57:17.575-0500] {dag.py:3089} INFO - Sync 1 DAGs
[2026-06-21T14:57:17.582-0500] {logging_mixin.py:188} INFO - [2026-06-21T14:57:17.582-0500] {dag.py:3947} INFO - Setting next_dagrun for example_sensors to None, run_after=None
[2026-06-21T14:57:17.596-0500] {processor.py:183} INFO - Processing /Users/naga/Desktop/airflow_env/lib/python3.12/site-packages/airflow/example_dags/example_sensors.py took 0.138 seconds
[2026-06-21T14:58:52.673-0500] {processor.py:161} INFO - Started process (PID=55319) to work on /Users/naga/Desktop/airflow_env/lib/python3.12/site-packages/airflow/example_dags/example_sensors.py
[2026-06-21T14:58:52.674-0500] {processor.py:830} INFO - Processing file /Users/naga/Desktop/airflow_env/lib/python3.12/site-packages/airflow/example_dags/example_sensors.py for tasks to queue
[2026-06-21T14:58:52.675-0500] {logging_mixin.py:188} INFO - [2026-06-21T14:58:52.675-0500] {dagbag.py:545} INFO - Filling up the DagBag from /Users/naga/Desktop/airflow_env/lib/python3.12/site-packages/airflow/example_dags/example_sensors.py
[2026-06-21T14:58:52.689-0500] {processor.py:840} INFO - DAG(s) 'example_sensors' retrieved from /Users/naga/Desktop/airflow_env/lib/python3.12/site-packages/airflow/example_dags/example_sensors.py
[2026-06-21T14:58:52.777-0500] {logging_mixin.py:188} INFO - [2026-06-21T14:58:52.777-0500] {dag.py:3089} INFO - Sync 1 DAGs
[2026-06-21T14:58:52.784-0500] {logging_mixin.py:188} INFO - [2026-06-21T14:58:52.784-0500] {dag.py:3947} INFO - Setting next_dagrun for example_sensors to None, run_after=None
[2026-06-21T14:58:52.800-0500] {processor.py:183} INFO - Processing /Users/naga/Desktop/airflow_env/lib/python3.12/site-packages/airflow/example_dags/example_sensors.py took 0.129 seconds
[2026-06-21T15:00:31.364-0500] {processor.py:161} INFO - Started process (PID=55398) to work on /Users/naga/Desktop/airflow_env/lib/python3.12/site-packages/airflow/example_dags/example_sensors.py
[2026-06-21T15:00:31.365-0500] {processor.py:830} INFO - Processing file /Users/naga/Desktop/airflow_env/lib/python3.12/site-packages/airflow/example_dags/example_sensors.py for tasks to queue
[2026-06-21T15:00:31.366-0500] {logging_mixin.py:188} INFO - [2026-06-21T15:00:31.366-0500] {dagbag.py:545} INFO - Filling up the DagBag from /Users/naga/Desktop/airflow_env/lib/python3.12/site-packages/airflow/example_dags/example_sensors.py
[2026-06-21T15:00:31.380-0500] {processor.py:840} INFO - DAG(s) 'example_sensors' retrieved from /Users/naga/Desktop/airflow_env/lib/python3.12/site-packages/airflow/example_dags/example_sensors.py
[2026-06-21T15:00:31.465-0500] {logging_mixin.py:188} INFO - [2026-06-21T15:00:31.465-0500] {dag.py:3089} INFO - Sync 1 DAGs
[2026-06-21T15:00:31.473-0500] {logging_mixin.py:188} INFO - [2026-06-21T15:00:31.472-0500] {dag.py:3947} INFO - Setting next_dagrun for example_sensors to None, run_after=None
[2026-06-21T15:00:31.486-0500] {processor.py:183} INFO - Processing /Users/naga/Desktop/airflow_env/lib/python3.12/site-packages/airflow/example_dags/example_sensors.py took 0.124 seconds
[2026-06-21T15:02:05.218-0500] {processor.py:161} INFO - Started process (PID=55480) to work on /Users/naga/Desktop/airflow_env/lib/python3.12/site-packages/airflow/example_dags/example_sensors.py
[2026-06-21T15:02:05.219-0500] {processor.py:830} INFO - Processing file /Users/naga/Desktop/airflow_env/lib/python3.12/site-packages/airflow/example_dags/example_sensors.py for tasks to queue
[2026-06-21T15:02:05.220-0500] {logging_mixin.py:188} INFO - [2026-06-21T15:02:05.220-0500] {dagbag.py:545} INFO - Filling up the DagBag from /Users/naga/Desktop/airflow_env/lib/python3.12/site-packages/airflow/example_dags/example_sensors.py
[2026-06-21T15:02:05.234-0500] {processor.py:840} INFO - DAG(s) 'example_sensors' retrieved from /Users/naga/Desktop/airflow_env/lib/python3.12/site-packages/airflow/example_dags/example_sensors.py
[2026-06-21T15:02:05.318-0500] {logging_mixin.py:188} INFO - [2026-06-21T15:02:05.317-0500] {dag.py:3089} INFO - Sync 1 DAGs
[2026-06-21T15:02:05.325-0500] {logging_mixin.py:188} INFO - [2026-06-21T15:02:05.324-0500] {dag.py:3947} INFO - Setting next_dagrun for example_sensors to None, run_after=None
[2026-06-21T15:02:05.339-0500] {processor.py:183} INFO - Processing /Users/naga/Desktop/airflow_env/lib/python3.12/site-packages/airflow/example_dags/example_sensors.py took 0.123 seconds
[2026-06-21T15:03:39.386-0500] {processor.py:161} INFO - Started process (PID=55558) to work on /Users/naga/Desktop/airflow_env/lib/python3.12/site-packages/airflow/example_dags/example_sensors.py
[2026-06-21T15:03:39.387-0500] {processor.py:830} INFO - Processing file /Users/naga/Desktop/airflow_env/lib/python3.12/site-packages/airflow/example_dags/example_sensors.py for tasks to queue
[2026-06-21T15:03:39.388-0500] {logging_mixin.py:188} INFO - [2026-06-21T15:03:39.388-0500] {dagbag.py:545} INFO - Filling up the DagBag from /Users/naga/Desktop/airflow_env/lib/python3.12/site-packages/airflow/example_dags/example_sensors.py
[2026-06-21T15:03:39.403-0500] {processor.py:840} INFO - DAG(s) 'example_sensors' retrieved from /Users/naga/Desktop/airflow_env/lib/python3.12/site-packages/airflow/example_dags/example_sensors.py
[2026-06-21T15:03:39.489-0500] {logging_mixin.py:188} INFO - [2026-06-21T15:03:39.489-0500] {dag.py:3089} INFO - Sync 1 DAGs
[2026-06-21T15:03:39.496-0500] {logging_mixin.py:188} INFO - [2026-06-21T15:03:39.496-0500] {dag.py:3947} INFO - Setting next_dagrun for example_sensors to None, run_after=None
[2026-06-21T15:03:39.511-0500] {processor.py:183} INFO - Processing /Users/naga/Desktop/airflow_env/lib/python3.12/site-packages/airflow/example_dags/example_sensors.py took 0.127 seconds
[2026-06-21T15:05:08.159-0500] {processor.py:161} INFO - Started process (PID=55626) to work on /Users/naga/Desktop/airflow_env/lib/python3.12/site-packages/airflow/example_dags/example_sensors.py
[2026-06-21T15:05:08.160-0500] {processor.py:830} INFO - Processing file /Users/naga/Desktop/airflow_env/lib/python3.12/site-packages/airflow/example_dags/example_sensors.py for tasks to queue
[2026-06-21T15:05:08.160-0500] {logging_mixin.py:188} INFO - [2026-06-21T15:05:08.160-0500] {dagbag.py:545} INFO - Filling up the DagBag from /Users/naga/Desktop/airflow_env/lib/python3.12/site-packages/airflow/example_dags/example_sensors.py
[2026-06-21T15:05:08.174-0500] {processor.py:840} INFO - DAG(s) 'example_sensors' retrieved from /Users/naga/Desktop/airflow_env/lib/python3.12/site-packages/airflow/example_dags/example_sensors.py
[2026-06-21T15:05:08.258-0500] {logging_mixin.py:188} INFO - [2026-06-21T15:05:08.258-0500] {dag.py:3089} INFO - Sync 1 DAGs
[2026-06-21T15:05:08.265-0500] {logging_mixin.py:188} INFO - [2026-06-21T15:05:08.265-0500] {dag.py:3947} INFO - Setting next_dagrun for example_sensors to None, run_after=None
[2026-06-21T15:05:08.279-0500] {processor.py:183} INFO - Processing /Users/naga/Desktop/airflow_env/lib/python3.12/site-packages/airflow/example_dags/example_sensors.py took 0.122 seconds
[2026-06-21T15:06:44.024-0500] {processor.py:161} INFO - Started process (PID=55684) to work on /Users/naga/Desktop/airflow_env/lib/python3.12/site-packages/airflow/example_dags/example_sensors.py
[2026-06-21T15:06:44.025-0500] {processor.py:830} INFO - Processing file /Users/naga/Desktop/airflow_env/lib/python3.12/site-packages/airflow/example_dags/example_sensors.py for tasks to queue
[2026-06-21T15:06:44.026-0500] {logging_mixin.py:188} INFO - [2026-06-21T15:06:44.026-0500] {dagbag.py:545} INFO - Filling up the DagBag from /Users/naga/Desktop/airflow_env/lib/python3.12/site-packages/airflow/example_dags/example_sensors.py
[2026-06-21T15:06:44.039-0500] {processor.py:840} INFO - DAG(s) 'example_sensors' retrieved from /Users/naga/Desktop/airflow_env/lib/python3.12/site-packages/airflow/example_dags/example_sensors.py
[2026-06-21T15:06:44.134-0500] {logging_mixin.py:188} INFO - [2026-06-21T15:06:44.134-0500] {dag.py:3089} INFO - Sync 1 DAGs
[2026-06-21T15:06:44.142-0500] {logging_mixin.py:188} INFO - [2026-06-21T15:06:44.142-0500] {dag.py:3947} INFO - Setting next_dagrun for example_sensors to None, run_after=None
[2026-06-21T15:06:44.158-0500] {processor.py:183} INFO - Processing /Users/naga/Desktop/airflow_env/lib/python3.12/site-packages/airflow/example_dags/example_sensors.py took 0.137 seconds
[2026-06-21T15:08:15.569-0500] {processor.py:161} INFO - Started process (PID=55755) to work on /Users/naga/Desktop/airflow_env/lib/python3.12/site-packages/airflow/example_dags/example_sensors.py
[2026-06-21T15:08:15.570-0500] {processor.py:830} INFO - Processing file /Users/naga/Desktop/airflow_env/lib/python3.12/site-packages/airflow/example_dags/example_sensors.py for tasks to queue
[2026-06-21T15:08:15.571-0500] {logging_mixin.py:188} INFO - [2026-06-21T15:08:15.571-0500] {dagbag.py:545} INFO - Filling up the DagBag from /Users/naga/Desktop/airflow_env/lib/python3.12/site-packages/airflow/example_dags/example_sensors.py
[2026-06-21T15:08:15.584-0500] {processor.py:840} INFO - DAG(s) 'example_sensors' retrieved from /Users/naga/Desktop/airflow_env/lib/python3.12/site-packages/airflow/example_dags/example_sensors.py
[2026-06-21T15:08:15.670-0500] {logging_mixin.py:188} INFO - [2026-06-21T15:08:15.670-0500] {dag.py:3089} INFO - Sync 1 DAGs
[2026-06-21T15:08:15.677-0500] {logging_mixin.py:188} INFO - [2026-06-21T15:08:15.677-0500] {dag.py:3947} INFO - Setting next_dagrun for example_sensors to None, run_after=None
[2026-06-21T15:08:15.691-0500] {processor.py:183} INFO - Processing /Users/naga/Desktop/airflow_env/lib/python3.12/site-packages/airflow/example_dags/example_sensors.py took 0.124 seconds
[2026-06-21T15:09:47.388-0500] {processor.py:161} INFO - Started process (PID=55821) to work on /Users/naga/Desktop/airflow_env/lib/python3.12/site-packages/airflow/example_dags/example_sensors.py
[2026-06-21T15:09:47.389-0500] {processor.py:830} INFO - Processing file /Users/naga/Desktop/airflow_env/lib/python3.12/site-packages/airflow/example_dags/example_sensors.py for tasks to queue
[2026-06-21T15:09:47.390-0500] {logging_mixin.py:188} INFO - [2026-06-21T15:09:47.390-0500] {dagbag.py:545} INFO - Filling up the DagBag from /Users/naga/Desktop/airflow_env/lib/python3.12/site-packages/airflow/example_dags/example_sensors.py
[2026-06-21T15:09:47.403-0500] {processor.py:840} INFO - DAG(s) 'example_sensors' retrieved from /Users/naga/Desktop/airflow_env/lib/python3.12/site-packages/airflow/example_dags/example_sensors.py
[2026-06-21T15:09:47.488-0500] {logging_mixin.py:188} INFO - [2026-06-21T15:09:47.488-0500] {dag.py:3089} INFO - Sync 1 DAGs
[2026-06-21T15:09:47.495-0500] {logging_mixin.py:188} INFO - [2026-06-21T15:09:47.495-0500] {dag.py:3947} INFO - Setting next_dagrun for example_sensors to None, run_after=None
[2026-06-21T15:09:47.510-0500] {processor.py:183} INFO - Processing /Users/naga/Desktop/airflow_env/lib/python3.12/site-packages/airflow/example_dags/example_sensors.py took 0.124 seconds
[2026-06-21T15:11:20.650-0500] {processor.py:161} INFO - Started process (PID=55900) to work on /Users/naga/Desktop/airflow_env/lib/python3.12/site-packages/airflow/example_dags/example_sensors.py
[2026-06-21T15:11:20.652-0500] {processor.py:830} INFO - Processing file /Users/naga/Desktop/airflow_env/lib/python3.12/site-packages/airflow/example_dags/example_sensors.py for tasks to queue
[2026-06-21T15:11:20.652-0500] {logging_mixin.py:188} INFO - [2026-06-21T15:11:20.652-0500] {dagbag.py:545} INFO - Filling up the DagBag from /Users/naga/Desktop/airflow_env/lib/python3.12/site-packages/airflow/example_dags/example_sensors.py
[2026-06-21T15:11:20.667-0500] {processor.py:840} INFO - DAG(s) 'example_sensors' retrieved from /Users/naga/Desktop/airflow_env/lib/python3.12/site-packages/airflow/example_dags/example_sensors.py
[2026-06-21T15:11:20.769-0500] {logging_mixin.py:188} INFO - [2026-06-21T15:11:20.768-0500] {dag.py:3089} INFO - Sync 1 DAGs
[2026-06-21T15:11:20.777-0500] {logging_mixin.py:188} INFO - [2026-06-21T15:11:20.777-0500] {dag.py:3947} INFO - Setting next_dagrun for example_sensors to None, run_after=None
[2026-06-21T15:11:20.794-0500] {processor.py:183} INFO - Processing /Users/naga/Desktop/airflow_env/lib/python3.12/site-packages/airflow/example_dags/example_sensors.py took 0.150 seconds
[2026-06-21T15:13:00.621-0500] {processor.py:161} INFO - Started process (PID=56089) to work on /Users/naga/Desktop/airflow_env/lib/python3.12/site-packages/airflow/example_dags/example_sensors.py
[2026-06-21T15:13:00.622-0500] {processor.py:830} INFO - Processing file /Users/naga/Desktop/airflow_env/lib/python3.12/site-packages/airflow/example_dags/example_sensors.py for tasks to queue
[2026-06-21T15:13:00.623-0500] {logging_mixin.py:188} INFO - [2026-06-21T15:13:00.622-0500] {dagbag.py:545} INFO - Filling up the DagBag from /Users/naga/Desktop/airflow_env/lib/python3.12/site-packages/airflow/example_dags/example_sensors.py
[2026-06-21T15:13:00.631-0500] {processor.py:840} INFO - DAG(s) 'example_sensors' retrieved from /Users/naga/Desktop/airflow_env/lib/python3.12/site-packages/airflow/example_dags/example_sensors.py
[2026-06-21T15:13:00.682-0500] {logging_mixin.py:188} INFO - [2026-06-21T15:13:00.682-0500] {dag.py:3089} INFO - Sync 1 DAGs
[2026-06-21T15:13:00.687-0500] {logging_mixin.py:188} INFO - [2026-06-21T15:13:00.687-0500] {dag.py:3947} INFO - Setting next_dagrun for example_sensors to None, run_after=None
[2026-06-21T15:13:00.695-0500] {processor.py:183} INFO - Processing /Users/naga/Desktop/airflow_env/lib/python3.12/site-packages/airflow/example_dags/example_sensors.py took 0.075 seconds
[2026-06-21T15:15:18.423-0500] {processor.py:161} INFO - Started process (PID=56237) to work on /Users/naga/Desktop/airflow_env/lib/python3.12/site-packages/airflow/example_dags/example_sensors.py
[2026-06-21T15:15:18.424-0500] {processor.py:830} INFO - Processing file /Users/naga/Desktop/airflow_env/lib/python3.12/site-packages/airflow/example_dags/example_sensors.py for tasks to queue
[2026-06-21T15:15:18.424-0500] {logging_mixin.py:188} INFO - [2026-06-21T15:15:18.424-0500] {dagbag.py:545} INFO - Filling up the DagBag from /Users/naga/Desktop/airflow_env/lib/python3.12/site-packages/airflow/example_dags/example_sensors.py
[2026-06-21T15:15:18.433-0500] {processor.py:840} INFO - DAG(s) 'example_sensors' retrieved from /Users/naga/Desktop/airflow_env/lib/python3.12/site-packages/airflow/example_dags/example_sensors.py
[2026-06-21T15:15:18.487-0500] {logging_mixin.py:188} INFO - [2026-06-21T15:15:18.487-0500] {dag.py:3089} INFO - Sync 1 DAGs
[2026-06-21T15:15:18.491-0500] {logging_mixin.py:188} INFO - [2026-06-21T15:15:18.491-0500] {dag.py:3947} INFO - Setting next_dagrun for example_sensors to None, run_after=None
[2026-06-21T15:15:18.499-0500] {processor.py:183} INFO - Processing /Users/naga/Desktop/airflow_env/lib/python3.12/site-packages/airflow/example_dags/example_sensors.py took 0.077 seconds
[2026-06-21T15:31:32.024-0500] {processor.py:161} INFO - Started process (PID=56449) to work on /Users/naga/Desktop/airflow_env/lib/python3.12/site-packages/airflow/example_dags/example_sensors.py
[2026-06-21T15:31:32.025-0500] {processor.py:830} INFO - Processing file /Users/naga/Desktop/airflow_env/lib/python3.12/site-packages/airflow/example_dags/example_sensors.py for tasks to queue
[2026-06-21T15:31:32.026-0500] {logging_mixin.py:188} INFO - [2026-06-21T15:31:32.026-0500] {dagbag.py:545} INFO - Filling up the DagBag from /Users/naga/Desktop/airflow_env/lib/python3.12/site-packages/airflow/example_dags/example_sensors.py
[2026-06-21T15:31:32.035-0500] {processor.py:840} INFO - DAG(s) 'example_sensors' retrieved from /Users/naga/Desktop/airflow_env/lib/python3.12/site-packages/airflow/example_dags/example_sensors.py
[2026-06-21T15:31:32.095-0500] {logging_mixin.py:188} INFO - [2026-06-21T15:31:32.095-0500] {dag.py:3089} INFO - Sync 1 DAGs
[2026-06-21T15:31:32.100-0500] {logging_mixin.py:188} INFO - [2026-06-21T15:31:32.100-0500] {dag.py:3947} INFO - Setting next_dagrun for example_sensors to None, run_after=None
[2026-06-21T15:31:32.110-0500] {processor.py:183} INFO - Processing /Users/naga/Desktop/airflow_env/lib/python3.12/site-packages/airflow/example_dags/example_sensors.py took 0.087 seconds
[2026-06-21T15:33:16.972-0500] {processor.py:161} INFO - Started process (PID=56634) to work on /Users/naga/Desktop/airflow_env/lib/python3.12/site-packages/airflow/example_dags/example_sensors.py
[2026-06-21T15:33:16.973-0500] {processor.py:830} INFO - Processing file /Users/naga/Desktop/airflow_env/lib/python3.12/site-packages/airflow/example_dags/example_sensors.py for tasks to queue
[2026-06-21T15:33:16.973-0500] {logging_mixin.py:188} INFO - [2026-06-21T15:33:16.973-0500] {dagbag.py:545} INFO - Filling up the DagBag from /Users/naga/Desktop/airflow_env/lib/python3.12/site-packages/airflow/example_dags/example_sensors.py
[2026-06-21T15:33:16.983-0500] {processor.py:840} INFO - DAG(s) 'example_sensors' retrieved from /Users/naga/Desktop/airflow_env/lib/python3.12/site-packages/airflow/example_dags/example_sensors.py
[2026-06-21T15:33:17.033-0500] {logging_mixin.py:188} INFO - [2026-06-21T15:33:17.033-0500] {dag.py:3089} INFO - Sync 1 DAGs
[2026-06-21T15:33:17.038-0500] {logging_mixin.py:188} INFO - [2026-06-21T15:33:17.037-0500] {dag.py:3947} INFO - Setting next_dagrun for example_sensors to None, run_after=None
[2026-06-21T15:33:17.045-0500] {processor.py:183} INFO - Processing /Users/naga/Desktop/airflow_env/lib/python3.12/site-packages/airflow/example_dags/example_sensors.py took 0.075 seconds
[2026-06-21T15:35:25.185-0500] {processor.py:161} INFO - Started process (PID=56803) to work on /Users/naga/Desktop/airflow_env/lib/python3.12/site-packages/airflow/example_dags/example_sensors.py
[2026-06-21T15:35:25.186-0500] {processor.py:830} INFO - Processing file /Users/naga/Desktop/airflow_env/lib/python3.12/site-packages/airflow/example_dags/example_sensors.py for tasks to queue
[2026-06-21T15:35:25.186-0500] {logging_mixin.py:188} INFO - [2026-06-21T15:35:25.186-0500] {dagbag.py:545} INFO - Filling up the DagBag from /Users/naga/Desktop/airflow_env/lib/python3.12/site-packages/airflow/example_dags/example_sensors.py
[2026-06-21T15:35:25.197-0500] {processor.py:840} INFO - DAG(s) 'example_sensors' retrieved from /Users/naga/Desktop/airflow_env/lib/python3.12/site-packages/airflow/example_dags/example_sensors.py
[2026-06-21T15:35:25.249-0500] {logging_mixin.py:188} INFO - [2026-06-21T15:35:25.249-0500] {dag.py:3089} INFO - Sync 1 DAGs
[2026-06-21T15:35:25.253-0500] {logging_mixin.py:188} INFO - [2026-06-21T15:35:25.253-0500] {dag.py:3947} INFO - Setting next_dagrun for example_sensors to None, run_after=None
[2026-06-21T15:35:25.262-0500] {processor.py:183} INFO - Processing /Users/naga/Desktop/airflow_env/lib/python3.12/site-packages/airflow/example_dags/example_sensors.py took 0.078 seconds
[2026-06-21T15:37:24.075-0500] {processor.py:161} INFO - Started process (PID=56939) to work on /Users/naga/Desktop/airflow_env/lib/python3.12/site-packages/airflow/example_dags/example_sensors.py
[2026-06-21T15:37:24.075-0500] {processor.py:830} INFO - Processing file /Users/naga/Desktop/airflow_env/lib/python3.12/site-packages/airflow/example_dags/example_sensors.py for tasks to queue
[2026-06-21T15:37:24.076-0500] {logging_mixin.py:188} INFO - [2026-06-21T15:37:24.076-0500] {dagbag.py:545} INFO - Filling up the DagBag from /Users/naga/Desktop/airflow_env/lib/python3.12/site-packages/airflow/example_dags/example_sensors.py
[2026-06-21T15:37:24.084-0500] {processor.py:840} INFO - DAG(s) 'example_sensors' retrieved from /Users/naga/Desktop/airflow_env/lib/python3.12/site-packages/airflow/example_dags/example_sensors.py
[2026-06-21T15:37:24.134-0500] {logging_mixin.py:188} INFO - [2026-06-21T15:37:24.134-0500] {dag.py:3089} INFO - Sync 1 DAGs
[2026-06-21T15:37:24.139-0500] {logging_mixin.py:188} INFO - [2026-06-21T15:37:24.139-0500] {dag.py:3947} INFO - Setting next_dagrun for example_sensors to None, run_after=None
[2026-06-21T15:37:24.147-0500] {processor.py:183} INFO - Processing /Users/naga/Desktop/airflow_env/lib/python3.12/site-packages/airflow/example_dags/example_sensors.py took 0.074 seconds
[2026-06-21T15:39:31.094-0500] {processor.py:161} INFO - Started process (PID=57054) to work on /Users/naga/Desktop/airflow_env/lib/python3.12/site-packages/airflow/example_dags/example_sensors.py
[2026-06-21T15:39:31.095-0500] {processor.py:830} INFO - Processing file /Users/naga/Desktop/airflow_env/lib/python3.12/site-packages/airflow/example_dags/example_sensors.py for tasks to queue
[2026-06-21T15:39:31.096-0500] {logging_mixin.py:188} INFO - [2026-06-21T15:39:31.096-0500] {dagbag.py:545} INFO - Filling up the DagBag from /Users/naga/Desktop/airflow_env/lib/python3.12/site-packages/airflow/example_dags/example_sensors.py
[2026-06-21T15:39:31.105-0500] {processor.py:840} INFO - DAG(s) 'example_sensors' retrieved from /Users/naga/Desktop/airflow_env/lib/python3.12/site-packages/airflow/example_dags/example_sensors.py
[2026-06-21T15:39:31.157-0500] {logging_mixin.py:188} INFO - [2026-06-21T15:39:31.157-0500] {dag.py:3089} INFO - Sync 1 DAGs
[2026-06-21T15:39:31.161-0500] {logging_mixin.py:188} INFO - [2026-06-21T15:39:31.161-0500] {dag.py:3947} INFO - Setting next_dagrun for example_sensors to None, run_after=None
[2026-06-21T15:39:31.170-0500] {processor.py:183} INFO - Processing /Users/naga/Desktop/airflow_env/lib/python3.12/site-packages/airflow/example_dags/example_sensors.py took 0.077 seconds
[2026-06-21T15:41:32.907-0500] {processor.py:161} INFO - Started process (PID=57168) to work on /Users/naga/Desktop/airflow_env/lib/python3.12/site-packages/airflow/example_dags/example_sensors.py
[2026-06-21T15:41:32.907-0500] {processor.py:830} INFO - Processing file /Users/naga/Desktop/airflow_env/lib/python3.12/site-packages/airflow/example_dags/example_sensors.py for tasks to queue
[2026-06-21T15:41:32.908-0500] {logging_mixin.py:188} INFO - [2026-06-21T15:41:32.908-0500] {dagbag.py:545} INFO - Filling up the DagBag from /Users/naga/Desktop/airflow_env/lib/python3.12/site-packages/airflow/example_dags/example_sensors.py
[2026-06-21T15:41:32.916-0500] {processor.py:840} INFO - DAG(s) 'example_sensors' retrieved from /Users/naga/Desktop/airflow_env/lib/python3.12/site-packages/airflow/example_dags/example_sensors.py
[2026-06-21T15:41:32.969-0500] {logging_mixin.py:188} INFO - [2026-06-21T15:41:32.969-0500] {dag.py:3089} INFO - Sync 1 DAGs
[2026-06-21T15:41:32.974-0500] {logging_mixin.py:188} INFO - [2026-06-21T15:41:32.974-0500] {dag.py:3947} INFO - Setting next_dagrun for example_sensors to None, run_after=None
[2026-06-21T15:41:32.983-0500] {processor.py:183} INFO - Processing /Users/naga/Desktop/airflow_env/lib/python3.12/site-packages/airflow/example_dags/example_sensors.py took 0.077 seconds
[2026-06-21T15:43:37.854-0500] {processor.py:161} INFO - Started process (PID=57313) to work on /Users/naga/Desktop/airflow_env/lib/python3.12/site-packages/airflow/example_dags/example_sensors.py
[2026-06-21T15:43:37.855-0500] {processor.py:830} INFO - Processing file /Users/naga/Desktop/airflow_env/lib/python3.12/site-packages/airflow/example_dags/example_sensors.py for tasks to queue
[2026-06-21T15:43:37.855-0500] {logging_mixin.py:188} INFO - [2026-06-21T15:43:37.855-0500] {dagbag.py:545} INFO - Filling up the DagBag from /Users/naga/Desktop/airflow_env/lib/python3.12/site-packages/airflow/example_dags/example_sensors.py
[2026-06-21T15:43:37.864-0500] {processor.py:840} INFO - DAG(s) 'example_sensors' retrieved from /Users/naga/Desktop/airflow_env/lib/python3.12/site-packages/airflow/example_dags/example_sensors.py
[2026-06-21T15:43:37.917-0500] {logging_mixin.py:188} INFO - [2026-06-21T15:43:37.917-0500] {dag.py:3089} INFO - Sync 1 DAGs
[2026-06-21T15:43:37.922-0500] {logging_mixin.py:188} INFO - [2026-06-21T15:43:37.921-0500] {dag.py:3947} INFO - Setting next_dagrun for example_sensors to None, run_after=None
[2026-06-21T15:43:37.931-0500] {processor.py:183} INFO - Processing /Users/naga/Desktop/airflow_env/lib/python3.12/site-packages/airflow/example_dags/example_sensors.py took 0.079 seconds
[2026-06-21T15:45:42.378-0500] {processor.py:161} INFO - Started process (PID=57438) to work on /Users/naga/Desktop/airflow_env/lib/python3.12/site-packages/airflow/example_dags/example_sensors.py
[2026-06-21T15:45:42.378-0500] {processor.py:830} INFO - Processing file /Users/naga/Desktop/airflow_env/lib/python3.12/site-packages/airflow/example_dags/example_sensors.py for tasks to queue
[2026-06-21T15:45:42.379-0500] {logging_mixin.py:188} INFO - [2026-06-21T15:45:42.379-0500] {dagbag.py:545} INFO - Filling up the DagBag from /Users/naga/Desktop/airflow_env/lib/python3.12/site-packages/airflow/example_dags/example_sensors.py
[2026-06-21T15:45:42.387-0500] {processor.py:840} INFO - DAG(s) 'example_sensors' retrieved from /Users/naga/Desktop/airflow_env/lib/python3.12/site-packages/airflow/example_dags/example_sensors.py
[2026-06-21T15:45:42.438-0500] {logging_mixin.py:188} INFO - [2026-06-21T15:45:42.438-0500] {dag.py:3089} INFO - Sync 1 DAGs
[2026-06-21T15:45:42.442-0500] {logging_mixin.py:188} INFO - [2026-06-21T15:45:42.442-0500] {dag.py:3947} INFO - Setting next_dagrun for example_sensors to None, run_after=None
[2026-06-21T15:45:42.450-0500] {processor.py:183} INFO - Processing /Users/naga/Desktop/airflow_env/lib/python3.12/site-packages/airflow/example_dags/example_sensors.py took 0.074 seconds
[2026-06-21T15:47:44.178-0500] {processor.py:161} INFO - Started process (PID=57570) to work on /Users/naga/Desktop/airflow_env/lib/python3.12/site-packages/airflow/example_dags/example_sensors.py
[2026-06-21T15:47:44.179-0500] {processor.py:830} INFO - Processing file /Users/naga/Desktop/airflow_env/lib/python3.12/site-packages/airflow/example_dags/example_sensors.py for tasks to queue
[2026-06-21T15:47:44.180-0500] {logging_mixin.py:188} INFO - [2026-06-21T15:47:44.180-0500] {dagbag.py:545} INFO - Filling up the DagBag from /Users/naga/Desktop/airflow_env/lib/python3.12/site-packages/airflow/example_dags/example_sensors.py
[2026-06-21T15:47:44.188-0500] {processor.py:840} INFO - DAG(s) 'example_sensors' retrieved from /Users/naga/Desktop/airflow_env/lib/python3.12/site-packages/airflow/example_dags/example_sensors.py
[2026-06-21T15:47:44.239-0500] {logging_mixin.py:188} INFO - [2026-06-21T15:47:44.239-0500] {dag.py:3089} INFO - Sync 1 DAGs
[2026-06-21T15:47:44.243-0500] {logging_mixin.py:188} INFO - [2026-06-21T15:47:44.243-0500] {dag.py:3947} INFO - Setting next_dagrun for example_sensors to None, run_after=None
[2026-06-21T15:47:44.251-0500] {processor.py:183} INFO - Processing /Users/naga/Desktop/airflow_env/lib/python3.12/site-packages/airflow/example_dags/example_sensors.py took 0.074 seconds
[2026-06-21T15:49:51.522-0500] {processor.py:161} INFO - Started process (PID=57702) to work on /Users/naga/Desktop/airflow_env/lib/python3.12/site-packages/airflow/example_dags/example_sensors.py
[2026-06-21T15:49:51.523-0500] {processor.py:830} INFO - Processing file /Users/naga/Desktop/airflow_env/lib/python3.12/site-packages/airflow/example_dags/example_sensors.py for tasks to queue
[2026-06-21T15:49:51.523-0500] {logging_mixin.py:188} INFO - [2026-06-21T15:49:51.523-0500] {dagbag.py:545} INFO - Filling up the DagBag from /Users/naga/Desktop/airflow_env/lib/python3.12/site-packages/airflow/example_dags/example_sensors.py
[2026-06-21T15:49:51.532-0500] {processor.py:840} INFO - DAG(s) 'example_sensors' retrieved from /Users/naga/Desktop/airflow_env/lib/python3.12/site-packages/airflow/example_dags/example_sensors.py
[2026-06-21T15:49:51.582-0500] {logging_mixin.py:188} INFO - [2026-06-21T15:49:51.581-0500] {dag.py:3089} INFO - Sync 1 DAGs
[2026-06-21T15:49:51.586-0500] {logging_mixin.py:188} INFO - [2026-06-21T15:49:51.586-0500] {dag.py:3947} INFO - Setting next_dagrun for example_sensors to None, run_after=None
[2026-06-21T15:49:51.594-0500] {processor.py:183} INFO - Processing /Users/naga/Desktop/airflow_env/lib/python3.12/site-packages/airflow/example_dags/example_sensors.py took 0.073 seconds
[2026-06-21T15:51:57.435-0500] {processor.py:161} INFO - Started process (PID=57809) to work on /Users/naga/Desktop/airflow_env/lib/python3.12/site-packages/airflow/example_dags/example_sensors.py
[2026-06-21T15:51:57.436-0500] {processor.py:830} INFO - Processing file /Users/naga/Desktop/airflow_env/lib/python3.12/site-packages/airflow/example_dags/example_sensors.py for tasks to queue
[2026-06-21T15:51:57.436-0500] {logging_mixin.py:188} INFO - [2026-06-21T15:51:57.436-0500] {dagbag.py:545} INFO - Filling up the DagBag from /Users/naga/Desktop/airflow_env/lib/python3.12/site-packages/airflow/example_dags/example_sensors.py
[2026-06-21T15:51:57.444-0500] {processor.py:840} INFO - DAG(s) 'example_sensors' retrieved from /Users/naga/Desktop/airflow_env/lib/python3.12/site-packages/airflow/example_dags/example_sensors.py
[2026-06-21T15:51:57.495-0500] {logging_mixin.py:188} INFO - [2026-06-21T15:51:57.494-0500] {dag.py:3089} INFO - Sync 1 DAGs
[2026-06-21T15:51:57.499-0500] {logging_mixin.py:188} INFO - [2026-06-21T15:51:57.499-0500] {dag.py:3947} INFO - Setting next_dagrun for example_sensors to None, run_after=None
[2026-06-21T15:51:57.507-0500] {processor.py:183} INFO - Processing /Users/naga/Desktop/airflow_env/lib/python3.12/site-packages/airflow/example_dags/example_sensors.py took 0.074 seconds
[2026-06-21T15:54:01.623-0500] {processor.py:161} INFO - Started process (PID=57948) to work on /Users/naga/Desktop/airflow_env/lib/python3.12/site-packages/airflow/example_dags/example_sensors.py
[2026-06-21T15:54:01.624-0500] {processor.py:830} INFO - Processing file /Users/naga/Desktop/airflow_env/lib/python3.12/site-packages/airflow/example_dags/example_sensors.py for tasks to queue
[2026-06-21T15:54:01.624-0500] {logging_mixin.py:188} INFO - [2026-06-21T15:54:01.624-0500] {dagbag.py:545} INFO - Filling up the DagBag from /Users/naga/Desktop/airflow_env/lib/python3.12/site-packages/airflow/example_dags/example_sensors.py
[2026-06-21T15:54:01.632-0500] {processor.py:840} INFO - DAG(s) 'example_sensors' retrieved from /Users/naga/Desktop/airflow_env/lib/python3.12/site-packages/airflow/example_dags/example_sensors.py
[2026-06-21T15:54:01.682-0500] {logging_mixin.py:188} INFO - [2026-06-21T15:54:01.682-0500] {dag.py:3089} INFO - Sync 1 DAGs
[2026-06-21T15:54:01.687-0500] {logging_mixin.py:188} INFO - [2026-06-21T15:54:01.687-0500] {dag.py:3947} INFO - Setting next_dagrun for example_sensors to None, run_after=None
[2026-06-21T15:54:01.695-0500] {processor.py:183} INFO - Processing /Users/naga/Desktop/airflow_env/lib/python3.12/site-packages/airflow/example_dags/example_sensors.py took 0.073 seconds
[2026-06-21T15:56:07.798-0500] {processor.py:161} INFO - Started process (PID=58050) to work on /Users/naga/Desktop/airflow_env/lib/python3.12/site-packages/airflow/example_dags/example_sensors.py
[2026-06-21T15:56:07.799-0500] {processor.py:830} INFO - Processing file /Users/naga/Desktop/airflow_env/lib/python3.12/site-packages/airflow/example_dags/example_sensors.py for tasks to queue
[2026-06-21T15:56:07.799-0500] {logging_mixin.py:188} INFO - [2026-06-21T15:56:07.799-0500] {dagbag.py:545} INFO - Filling up the DagBag from /Users/naga/Desktop/airflow_env/lib/python3.12/site-packages/airflow/example_dags/example_sensors.py
[2026-06-21T15:56:07.809-0500] {processor.py:840} INFO - DAG(s) 'example_sensors' retrieved from /Users/naga/Desktop/airflow_env/lib/python3.12/site-packages/airflow/example_dags/example_sensors.py
[2026-06-21T15:56:07.862-0500] {logging_mixin.py:188} INFO - [2026-06-21T15:56:07.862-0500] {dag.py:3089} INFO - Sync 1 DAGs
[2026-06-21T15:56:07.866-0500] {logging_mixin.py:188} INFO - [2026-06-21T15:56:07.866-0500] {dag.py:3947} INFO - Setting next_dagrun for example_sensors to None, run_after=None
[2026-06-21T15:56:07.874-0500] {processor.py:183} INFO - Processing /Users/naga/Desktop/airflow_env/lib/python3.12/site-packages/airflow/example_dags/example_sensors.py took 0.078 seconds
[2026-06-21T15:58:15.283-0500] {processor.py:161} INFO - Started process (PID=58179) to work on /Users/naga/Desktop/airflow_env/lib/python3.12/site-packages/airflow/example_dags/example_sensors.py
[2026-06-21T15:58:15.284-0500] {processor.py:830} INFO - Processing file /Users/naga/Desktop/airflow_env/lib/python3.12/site-packages/airflow/example_dags/example_sensors.py for tasks to queue
[2026-06-21T15:58:15.284-0500] {logging_mixin.py:188} INFO - [2026-06-21T15:58:15.284-0500] {dagbag.py:545} INFO - Filling up the DagBag from /Users/naga/Desktop/airflow_env/lib/python3.12/site-packages/airflow/example_dags/example_sensors.py
[2026-06-21T15:58:15.293-0500] {processor.py:840} INFO - DAG(s) 'example_sensors' retrieved from /Users/naga/Desktop/airflow_env/lib/python3.12/site-packages/airflow/example_dags/example_sensors.py
[2026-06-21T15:58:15.343-0500] {logging_mixin.py:188} INFO - [2026-06-21T15:58:15.343-0500] {dag.py:3089} INFO - Sync 1 DAGs
[2026-06-21T15:58:15.347-0500] {logging_mixin.py:188} INFO - [2026-06-21T15:58:15.347-0500] {dag.py:3947} INFO - Setting next_dagrun for example_sensors to None, run_after=None
[2026-06-21T15:58:15.355-0500] {processor.py:183} INFO - Processing /Users/naga/Desktop/airflow_env/lib/python3.12/site-packages/airflow/example_dags/example_sensors.py took 0.073 seconds
[2026-06-21T16:00:21.899-0500] {processor.py:161} INFO - Started process (PID=58295) to work on /Users/naga/Desktop/airflow_env/lib/python3.12/site-packages/airflow/example_dags/example_sensors.py
[2026-06-21T16:00:21.900-0500] {processor.py:830} INFO - Processing file /Users/naga/Desktop/airflow_env/lib/python3.12/site-packages/airflow/example_dags/example_sensors.py for tasks to queue
[2026-06-21T16:00:21.901-0500] {logging_mixin.py:188} INFO - [2026-06-21T16:00:21.901-0500] {dagbag.py:545} INFO - Filling up the DagBag from /Users/naga/Desktop/airflow_env/lib/python3.12/site-packages/airflow/example_dags/example_sensors.py
[2026-06-21T16:00:21.909-0500] {processor.py:840} INFO - DAG(s) 'example_sensors' retrieved from /Users/naga/Desktop/airflow_env/lib/python3.12/site-packages/airflow/example_dags/example_sensors.py
[2026-06-21T16:00:21.961-0500] {logging_mixin.py:188} INFO - [2026-06-21T16:00:21.961-0500] {dag.py:3089} INFO - Sync 1 DAGs
[2026-06-21T16:00:21.965-0500] {logging_mixin.py:188} INFO - [2026-06-21T16:00:21.965-0500] {dag.py:3947} INFO - Setting next_dagrun for example_sensors to None, run_after=None
[2026-06-21T16:00:21.974-0500] {processor.py:183} INFO - Processing /Users/naga/Desktop/airflow_env/lib/python3.12/site-packages/airflow/example_dags/example_sensors.py took 0.075 seconds
[2026-06-21T16:02:27.943-0500] {processor.py:161} INFO - Started process (PID=58424) to work on /Users/naga/Desktop/airflow_env/lib/python3.12/site-packages/airflow/example_dags/example_sensors.py
[2026-06-21T16:02:27.944-0500] {processor.py:830} INFO - Processing file /Users/naga/Desktop/airflow_env/lib/python3.12/site-packages/airflow/example_dags/example_sensors.py for tasks to queue
[2026-06-21T16:02:27.944-0500] {logging_mixin.py:188} INFO - [2026-06-21T16:02:27.944-0500] {dagbag.py:545} INFO - Filling up the DagBag from /Users/naga/Desktop/airflow_env/lib/python3.12/site-packages/airflow/example_dags/example_sensors.py
[2026-06-21T16:02:27.953-0500] {processor.py:840} INFO - DAG(s) 'example_sensors' retrieved from /Users/naga/Desktop/airflow_env/lib/python3.12/site-packages/airflow/example_dags/example_sensors.py
[2026-06-21T16:02:28.003-0500] {logging_mixin.py:188} INFO - [2026-06-21T16:02:28.003-0500] {dag.py:3089} INFO - Sync 1 DAGs
[2026-06-21T16:02:28.008-0500] {logging_mixin.py:188} INFO - [2026-06-21T16:02:28.008-0500] {dag.py:3947} INFO - Setting next_dagrun for example_sensors to None, run_after=None
[2026-06-21T16:02:28.015-0500] {processor.py:183} INFO - Processing /Users/naga/Desktop/airflow_env/lib/python3.12/site-packages/airflow/example_dags/example_sensors.py took 0.074 seconds
[2026-06-21T16:04:37.085-0500] {processor.py:161} INFO - Started process (PID=58559) to work on /Users/naga/Desktop/airflow_env/lib/python3.12/site-packages/airflow/example_dags/example_sensors.py
[2026-06-21T16:04:37.086-0500] {processor.py:830} INFO - Processing file /Users/naga/Desktop/airflow_env/lib/python3.12/site-packages/airflow/example_dags/example_sensors.py for tasks to queue
[2026-06-21T16:04:37.087-0500] {logging_mixin.py:188} INFO - [2026-06-21T16:04:37.086-0500] {dagbag.py:545} INFO - Filling up the DagBag from /Users/naga/Desktop/airflow_env/lib/python3.12/site-packages/airflow/example_dags/example_sensors.py
[2026-06-21T16:04:37.095-0500] {processor.py:840} INFO - DAG(s) 'example_sensors' retrieved from /Users/naga/Desktop/airflow_env/lib/python3.12/site-packages/airflow/example_dags/example_sensors.py
[2026-06-21T16:04:37.151-0500] {logging_mixin.py:188} INFO - [2026-06-21T16:04:37.151-0500] {dag.py:3089} INFO - Sync 1 DAGs
[2026-06-21T16:04:37.156-0500] {logging_mixin.py:188} INFO - [2026-06-21T16:04:37.156-0500] {dag.py:3947} INFO - Setting next_dagrun for example_sensors to None, run_after=None
[2026-06-21T16:04:37.164-0500] {processor.py:183} INFO - Processing /Users/naga/Desktop/airflow_env/lib/python3.12/site-packages/airflow/example_dags/example_sensors.py took 0.081 seconds
[2026-06-21T16:06:43.746-0500] {processor.py:161} INFO - Started process (PID=58672) to work on /Users/naga/Desktop/airflow_env/lib/python3.12/site-packages/airflow/example_dags/example_sensors.py
[2026-06-21T16:06:43.746-0500] {processor.py:830} INFO - Processing file /Users/naga/Desktop/airflow_env/lib/python3.12/site-packages/airflow/example_dags/example_sensors.py for tasks to queue
[2026-06-21T16:06:43.747-0500] {logging_mixin.py:188} INFO - [2026-06-21T16:06:43.747-0500] {dagbag.py:545} INFO - Filling up the DagBag from /Users/naga/Desktop/airflow_env/lib/python3.12/site-packages/airflow/example_dags/example_sensors.py
[2026-06-21T16:06:43.755-0500] {processor.py:840} INFO - DAG(s) 'example_sensors' retrieved from /Users/naga/Desktop/airflow_env/lib/python3.12/site-packages/airflow/example_dags/example_sensors.py
[2026-06-21T16:06:43.805-0500] {logging_mixin.py:188} INFO - [2026-06-21T16:06:43.805-0500] {dag.py:3089} INFO - Sync 1 DAGs
[2026-06-21T16:06:43.809-0500] {logging_mixin.py:188} INFO - [2026-06-21T16:06:43.809-0500] {dag.py:3947} INFO - Setting next_dagrun for example_sensors to None, run_after=None
[2026-06-21T16:06:43.817-0500] {processor.py:183} INFO - Processing /Users/naga/Desktop/airflow_env/lib/python3.12/site-packages/airflow/example_dags/example_sensors.py took 0.073 seconds
[2026-06-21T16:09:02.163-0500] {processor.py:161} INFO - Started process (PID=58811) to work on /Users/naga/Desktop/airflow_env/lib/python3.12/site-packages/airflow/example_dags/example_sensors.py
[2026-06-21T16:09:02.164-0500] {processor.py:830} INFO - Processing file /Users/naga/Desktop/airflow_env/lib/python3.12/site-packages/airflow/example_dags/example_sensors.py for tasks to queue
[2026-06-21T16:09:02.164-0500] {logging_mixin.py:188} INFO - [2026-06-21T16:09:02.164-0500] {dagbag.py:545} INFO - Filling up the DagBag from /Users/naga/Desktop/airflow_env/lib/python3.12/site-packages/airflow/example_dags/example_sensors.py
[2026-06-21T16:09:02.173-0500] {processor.py:840} INFO - DAG(s) 'example_sensors' retrieved from /Users/naga/Desktop/airflow_env/lib/python3.12/site-packages/airflow/example_dags/example_sensors.py
[2026-06-21T16:09:02.228-0500] {logging_mixin.py:188} INFO - [2026-06-21T16:09:02.228-0500] {dag.py:3089} INFO - Sync 1 DAGs
[2026-06-21T16:09:02.233-0500] {logging_mixin.py:188} INFO - [2026-06-21T16:09:02.232-0500] {dag.py:3947} INFO - Setting next_dagrun for example_sensors to None, run_after=None
[2026-06-21T16:09:02.241-0500] {processor.py:183} INFO - Processing /Users/naga/Desktop/airflow_env/lib/python3.12/site-packages/airflow/example_dags/example_sensors.py took 0.079 seconds
[2026-06-21T16:11:10.853-0500] {processor.py:161} INFO - Started process (PID=58955) to work on /Users/naga/Desktop/airflow_env/lib/python3.12/site-packages/airflow/example_dags/example_sensors.py
[2026-06-21T16:11:10.854-0500] {processor.py:830} INFO - Processing file /Users/naga/Desktop/airflow_env/lib/python3.12/site-packages/airflow/example_dags/example_sensors.py for tasks to queue
[2026-06-21T16:11:10.854-0500] {logging_mixin.py:188} INFO - [2026-06-21T16:11:10.854-0500] {dagbag.py:545} INFO - Filling up the DagBag from /Users/naga/Desktop/airflow_env/lib/python3.12/site-packages/airflow/example_dags/example_sensors.py
[2026-06-21T16:11:10.863-0500] {processor.py:840} INFO - DAG(s) 'example_sensors' retrieved from /Users/naga/Desktop/airflow_env/lib/python3.12/site-packages/airflow/example_dags/example_sensors.py
[2026-06-21T16:11:10.924-0500] {logging_mixin.py:188} INFO - [2026-06-21T16:11:10.924-0500] {dag.py:3089} INFO - Sync 1 DAGs
[2026-06-21T16:11:10.929-0500] {logging_mixin.py:188} INFO - [2026-06-21T16:11:10.929-0500] {dag.py:3947} INFO - Setting next_dagrun for example_sensors to None, run_after=None
[2026-06-21T16:11:10.939-0500] {processor.py:183} INFO - Processing /Users/naga/Desktop/airflow_env/lib/python3.12/site-packages/airflow/example_dags/example_sensors.py took 0.088 seconds
[2026-06-21T16:13:25.660-0500] {processor.py:161} INFO - Started process (PID=59075) to work on /Users/naga/Desktop/airflow_env/lib/python3.12/site-packages/airflow/example_dags/example_sensors.py
[2026-06-21T16:13:25.660-0500] {processor.py:830} INFO - Processing file /Users/naga/Desktop/airflow_env/lib/python3.12/site-packages/airflow/example_dags/example_sensors.py for tasks to queue
[2026-06-21T16:13:25.661-0500] {logging_mixin.py:188} INFO - [2026-06-21T16:13:25.661-0500] {dagbag.py:545} INFO - Filling up the DagBag from /Users/naga/Desktop/airflow_env/lib/python3.12/site-packages/airflow/example_dags/example_sensors.py
[2026-06-21T16:13:25.669-0500] {processor.py:840} INFO - DAG(s) 'example_sensors' retrieved from /Users/naga/Desktop/airflow_env/lib/python3.12/site-packages/airflow/example_dags/example_sensors.py
[2026-06-21T16:13:25.723-0500] {logging_mixin.py:188} INFO - [2026-06-21T16:13:25.722-0500] {dag.py:3089} INFO - Sync 1 DAGs
[2026-06-21T16:13:25.727-0500] {logging_mixin.py:188} INFO - [2026-06-21T16:13:25.727-0500] {dag.py:3947} INFO - Setting next_dagrun for example_sensors to None, run_after=None
[2026-06-21T16:13:25.735-0500] {processor.py:183} INFO - Processing /Users/naga/Desktop/airflow_env/lib/python3.12/site-packages/airflow/example_dags/example_sensors.py took 0.077 seconds
[2026-06-21T16:15:36.124-0500] {processor.py:161} INFO - Started process (PID=59210) to work on /Users/naga/Desktop/airflow_env/lib/python3.12/site-packages/airflow/example_dags/example_sensors.py
[2026-06-21T16:15:36.124-0500] {processor.py:830} INFO - Processing file /Users/naga/Desktop/airflow_env/lib/python3.12/site-packages/airflow/example_dags/example_sensors.py for tasks to queue
[2026-06-21T16:15:36.125-0500] {logging_mixin.py:188} INFO - [2026-06-21T16:15:36.125-0500] {dagbag.py:545} INFO - Filling up the DagBag from /Users/naga/Desktop/airflow_env/lib/python3.12/site-packages/airflow/example_dags/example_sensors.py
[2026-06-21T16:15:36.133-0500] {processor.py:840} INFO - DAG(s) 'example_sensors' retrieved from /Users/naga/Desktop/airflow_env/lib/python3.12/site-packages/airflow/example_dags/example_sensors.py
[2026-06-21T16:15:36.187-0500] {logging_mixin.py:188} INFO - [2026-06-21T16:15:36.187-0500] {dag.py:3089} INFO - Sync 1 DAGs
[2026-06-21T16:15:36.191-0500] {logging_mixin.py:188} INFO - [2026-06-21T16:15:36.191-0500] {dag.py:3947} INFO - Setting next_dagrun for example_sensors to None, run_after=None
[2026-06-21T16:15:36.200-0500] {processor.py:183} INFO - Processing /Users/naga/Desktop/airflow_env/lib/python3.12/site-packages/airflow/example_dags/example_sensors.py took 0.077 seconds
[2026-06-21T16:17:47.196-0500] {processor.py:161} INFO - Started process (PID=59331) to work on /Users/naga/Desktop/airflow_env/lib/python3.12/site-packages/airflow/example_dags/example_sensors.py
[2026-06-21T16:17:47.201-0500] {processor.py:830} INFO - Processing file /Users/naga/Desktop/airflow_env/lib/python3.12/site-packages/airflow/example_dags/example_sensors.py for tasks to queue
[2026-06-21T16:17:47.202-0500] {logging_mixin.py:188} INFO - [2026-06-21T16:17:47.202-0500] {dagbag.py:545} INFO - Filling up the DagBag from /Users/naga/Desktop/airflow_env/lib/python3.12/site-packages/airflow/example_dags/example_sensors.py
[2026-06-21T16:17:47.230-0500] {processor.py:840} INFO - DAG(s) 'example_sensors' retrieved from /Users/naga/Desktop/airflow_env/lib/python3.12/site-packages/airflow/example_dags/example_sensors.py
[2026-06-21T16:17:47.280-0500] {logging_mixin.py:188} INFO - [2026-06-21T16:17:47.280-0500] {dag.py:3089} INFO - Sync 1 DAGs
[2026-06-21T16:17:47.284-0500] {logging_mixin.py:188} INFO - [2026-06-21T16:17:47.284-0500] {dag.py:3947} INFO - Setting next_dagrun for example_sensors to None, run_after=None
[2026-06-21T16:17:47.292-0500] {processor.py:183} INFO - Processing /Users/naga/Desktop/airflow_env/lib/python3.12/site-packages/airflow/example_dags/example_sensors.py took 0.097 seconds
[2026-06-21T16:19:58.462-0500] {processor.py:161} INFO - Started process (PID=59458) to work on /Users/naga/Desktop/airflow_env/lib/python3.12/site-packages/airflow/example_dags/example_sensors.py
[2026-06-21T16:19:58.463-0500] {processor.py:830} INFO - Processing file /Users/naga/Desktop/airflow_env/lib/python3.12/site-packages/airflow/example_dags/example_sensors.py for tasks to queue
[2026-06-21T16:19:58.463-0500] {logging_mixin.py:188} INFO - [2026-06-21T16:19:58.463-0500] {dagbag.py:545} INFO - Filling up the DagBag from /Users/naga/Desktop/airflow_env/lib/python3.12/site-packages/airflow/example_dags/example_sensors.py
[2026-06-21T16:19:58.472-0500] {processor.py:840} INFO - DAG(s) 'example_sensors' retrieved from /Users/naga/Desktop/airflow_env/lib/python3.12/site-packages/airflow/example_dags/example_sensors.py
[2026-06-21T16:19:58.524-0500] {logging_mixin.py:188} INFO - [2026-06-21T16:19:58.524-0500] {dag.py:3089} INFO - Sync 1 DAGs
[2026-06-21T16:19:58.528-0500] {logging_mixin.py:188} INFO - [2026-06-21T16:19:58.528-0500] {dag.py:3947} INFO - Setting next_dagrun for example_sensors to None, run_after=None
[2026-06-21T16:19:58.537-0500] {processor.py:183} INFO - Processing /Users/naga/Desktop/airflow_env/lib/python3.12/site-packages/airflow/example_dags/example_sensors.py took 0.076 seconds
[2026-06-21T16:22:07.757-0500] {processor.py:161} INFO - Started process (PID=59608) to work on /Users/naga/Desktop/airflow_env/lib/python3.12/site-packages/airflow/example_dags/example_sensors.py
[2026-06-21T16:22:07.758-0500] {processor.py:830} INFO - Processing file /Users/naga/Desktop/airflow_env/lib/python3.12/site-packages/airflow/example_dags/example_sensors.py for tasks to queue
[2026-06-21T16:22:07.758-0500] {logging_mixin.py:188} INFO - [2026-06-21T16:22:07.758-0500] {dagbag.py:545} INFO - Filling up the DagBag from /Users/naga/Desktop/airflow_env/lib/python3.12/site-packages/airflow/example_dags/example_sensors.py
[2026-06-21T16:22:07.767-0500] {processor.py:840} INFO - DAG(s) 'example_sensors' retrieved from /Users/naga/Desktop/airflow_env/lib/python3.12/site-packages/airflow/example_dags/example_sensors.py
[2026-06-21T16:22:07.822-0500] {logging_mixin.py:188} INFO - [2026-06-21T16:22:07.822-0500] {dag.py:3089} INFO - Sync 1 DAGs
[2026-06-21T16:22:07.827-0500] {logging_mixin.py:188} INFO - [2026-06-21T16:22:07.827-0500] {dag.py:3947} INFO - Setting next_dagrun for example_sensors to None, run_after=None
[2026-06-21T16:22:07.837-0500] {processor.py:183} INFO - Processing /Users/naga/Desktop/airflow_env/lib/python3.12/site-packages/airflow/example_dags/example_sensors.py took 0.081 seconds
[2026-06-21T16:24:16.626-0500] {processor.py:161} INFO - Started process (PID=59732) to work on /Users/naga/Desktop/airflow_env/lib/python3.12/site-packages/airflow/example_dags/example_sensors.py
[2026-06-21T16:24:16.627-0500] {processor.py:830} INFO - Processing file /Users/naga/Desktop/airflow_env/lib/python3.12/site-packages/airflow/example_dags/example_sensors.py for tasks to queue
[2026-06-21T16:24:16.627-0500] {logging_mixin.py:188} INFO - [2026-06-21T16:24:16.627-0500] {dagbag.py:545} INFO - Filling up the DagBag from /Users/naga/Desktop/airflow_env/lib/python3.12/site-packages/airflow/example_dags/example_sensors.py
[2026-06-21T16:24:16.636-0500] {processor.py:840} INFO - DAG(s) 'example_sensors' retrieved from /Users/naga/Desktop/airflow_env/lib/python3.12/site-packages/airflow/example_dags/example_sensors.py
[2026-06-21T16:24:16.688-0500] {logging_mixin.py:188} INFO - [2026-06-21T16:24:16.688-0500] {dag.py:3089} INFO - Sync 1 DAGs
[2026-06-21T16:24:16.693-0500] {logging_mixin.py:188} INFO - [2026-06-21T16:24:16.693-0500] {dag.py:3947} INFO - Setting next_dagrun for example_sensors to None, run_after=None
[2026-06-21T16:24:16.701-0500] {processor.py:183} INFO - Processing /Users/naga/Desktop/airflow_env/lib/python3.12/site-packages/airflow/example_dags/example_sensors.py took 0.076 seconds
[2026-06-21T16:26:34.214-0500] {processor.py:161} INFO - Started process (PID=59876) to work on /Users/naga/Desktop/airflow_env/lib/python3.12/site-packages/airflow/example_dags/example_sensors.py
[2026-06-21T16:26:34.216-0500] {processor.py:830} INFO - Processing file /Users/naga/Desktop/airflow_env/lib/python3.12/site-packages/airflow/example_dags/example_sensors.py for tasks to queue
[2026-06-21T16:26:34.216-0500] {logging_mixin.py:188} INFO - [2026-06-21T16:26:34.216-0500] {dagbag.py:545} INFO - Filling up the DagBag from /Users/naga/Desktop/airflow_env/lib/python3.12/site-packages/airflow/example_dags/example_sensors.py
[2026-06-21T16:26:34.225-0500] {processor.py:840} INFO - DAG(s) 'example_sensors' retrieved from /Users/naga/Desktop/airflow_env/lib/python3.12/site-packages/airflow/example_dags/example_sensors.py
[2026-06-21T16:26:34.286-0500] {logging_mixin.py:188} INFO - [2026-06-21T16:26:34.286-0500] {dag.py:3089} INFO - Sync 1 DAGs
[2026-06-21T16:26:34.291-0500] {logging_mixin.py:188} INFO - [2026-06-21T16:26:34.291-0500] {dag.py:3947} INFO - Setting next_dagrun for example_sensors to None, run_after=None
[2026-06-21T16:26:34.302-0500] {processor.py:183} INFO - Processing /Users/naga/Desktop/airflow_env/lib/python3.12/site-packages/airflow/example_dags/example_sensors.py took 0.089 seconds
[2026-06-21T16:28:45.493-0500] {processor.py:161} INFO - Started process (PID=60030) to work on /Users/naga/Desktop/airflow_env/lib/python3.12/site-packages/airflow/example_dags/example_sensors.py
[2026-06-21T16:28:45.495-0500] {processor.py:830} INFO - Processing file /Users/naga/Desktop/airflow_env/lib/python3.12/site-packages/airflow/example_dags/example_sensors.py for tasks to queue
[2026-06-21T16:28:45.495-0500] {logging_mixin.py:188} INFO - [2026-06-21T16:28:45.495-0500] {dagbag.py:545} INFO - Filling up the DagBag from /Users/naga/Desktop/airflow_env/lib/python3.12/site-packages/airflow/example_dags/example_sensors.py
[2026-06-21T16:28:45.503-0500] {processor.py:840} INFO - DAG(s) 'example_sensors' retrieved from /Users/naga/Desktop/airflow_env/lib/python3.12/site-packages/airflow/example_dags/example_sensors.py
[2026-06-21T16:28:45.553-0500] {logging_mixin.py:188} INFO - [2026-06-21T16:28:45.553-0500] {dag.py:3089} INFO - Sync 1 DAGs
[2026-06-21T16:28:45.558-0500] {logging_mixin.py:188} INFO - [2026-06-21T16:28:45.558-0500] {dag.py:3947} INFO - Setting next_dagrun for example_sensors to None, run_after=None
[2026-06-21T16:28:45.565-0500] {processor.py:183} INFO - Processing /Users/naga/Desktop/airflow_env/lib/python3.12/site-packages/airflow/example_dags/example_sensors.py took 0.073 seconds
[2026-06-21T16:30:53.173-0500] {processor.py:161} INFO - Started process (PID=60140) to work on /Users/naga/Desktop/airflow_env/lib/python3.12/site-packages/airflow/example_dags/example_sensors.py
[2026-06-21T16:30:53.175-0500] {processor.py:830} INFO - Processing file /Users/naga/Desktop/airflow_env/lib/python3.12/site-packages/airflow/example_dags/example_sensors.py for tasks to queue
[2026-06-21T16:30:53.176-0500] {logging_mixin.py:188} INFO - [2026-06-21T16:30:53.176-0500] {dagbag.py:545} INFO - Filling up the DagBag from /Users/naga/Desktop/airflow_env/lib/python3.12/site-packages/airflow/example_dags/example_sensors.py
[2026-06-21T16:30:53.184-0500] {processor.py:840} INFO - DAG(s) 'example_sensors' retrieved from /Users/naga/Desktop/airflow_env/lib/python3.12/site-packages/airflow/example_dags/example_sensors.py
[2026-06-21T16:30:53.234-0500] {logging_mixin.py:188} INFO - [2026-06-21T16:30:53.233-0500] {dag.py:3089} INFO - Sync 1 DAGs
[2026-06-21T16:30:53.238-0500] {logging_mixin.py:188} INFO - [2026-06-21T16:30:53.238-0500] {dag.py:3947} INFO - Setting next_dagrun for example_sensors to None, run_after=None
[2026-06-21T16:30:53.245-0500] {processor.py:183} INFO - Processing /Users/naga/Desktop/airflow_env/lib/python3.12/site-packages/airflow/example_dags/example_sensors.py took 0.073 seconds
[2026-06-21T16:32:56.438-0500] {processor.py:161} INFO - Started process (PID=60295) to work on /Users/naga/Desktop/airflow_env/lib/python3.12/site-packages/airflow/example_dags/example_sensors.py
[2026-06-21T16:32:56.440-0500] {processor.py:830} INFO - Processing file /Users/naga/Desktop/airflow_env/lib/python3.12/site-packages/airflow/example_dags/example_sensors.py for tasks to queue
[2026-06-21T16:32:56.440-0500] {logging_mixin.py:188} INFO - [2026-06-21T16:32:56.440-0500] {dagbag.py:545} INFO - Filling up the DagBag from /Users/naga/Desktop/airflow_env/lib/python3.12/site-packages/airflow/example_dags/example_sensors.py
[2026-06-21T16:32:56.448-0500] {processor.py:840} INFO - DAG(s) 'example_sensors' retrieved from /Users/naga/Desktop/airflow_env/lib/python3.12/site-packages/airflow/example_dags/example_sensors.py
[2026-06-21T16:32:56.498-0500] {logging_mixin.py:188} INFO - [2026-06-21T16:32:56.498-0500] {dag.py:3089} INFO - Sync 1 DAGs
[2026-06-21T16:32:56.502-0500] {logging_mixin.py:188} INFO - [2026-06-21T16:32:56.502-0500] {dag.py:3947} INFO - Setting next_dagrun for example_sensors to None, run_after=None
[2026-06-21T16:32:56.510-0500] {processor.py:183} INFO - Processing /Users/naga/Desktop/airflow_env/lib/python3.12/site-packages/airflow/example_dags/example_sensors.py took 0.074 seconds
[2026-06-21T16:35:02.692-0500] {processor.py:161} INFO - Started process (PID=60412) to work on /Users/naga/Desktop/airflow_env/lib/python3.12/site-packages/airflow/example_dags/example_sensors.py
[2026-06-21T16:35:02.693-0500] {processor.py:830} INFO - Processing file /Users/naga/Desktop/airflow_env/lib/python3.12/site-packages/airflow/example_dags/example_sensors.py for tasks to queue
[2026-06-21T16:35:02.693-0500] {logging_mixin.py:188} INFO - [2026-06-21T16:35:02.693-0500] {dagbag.py:545} INFO - Filling up the DagBag from /Users/naga/Desktop/airflow_env/lib/python3.12/site-packages/airflow/example_dags/example_sensors.py
[2026-06-21T16:35:02.701-0500] {processor.py:840} INFO - DAG(s) 'example_sensors' retrieved from /Users/naga/Desktop/airflow_env/lib/python3.12/site-packages/airflow/example_dags/example_sensors.py
[2026-06-21T16:35:02.754-0500] {logging_mixin.py:188} INFO - [2026-06-21T16:35:02.754-0500] {dag.py:3089} INFO - Sync 1 DAGs
[2026-06-21T16:35:02.758-0500] {logging_mixin.py:188} INFO - [2026-06-21T16:35:02.758-0500] {dag.py:3947} INFO - Setting next_dagrun for example_sensors to None, run_after=None
[2026-06-21T16:35:02.767-0500] {processor.py:183} INFO - Processing /Users/naga/Desktop/airflow_env/lib/python3.12/site-packages/airflow/example_dags/example_sensors.py took 0.076 seconds
[2026-06-21T16:37:05.906-0500] {processor.py:161} INFO - Started process (PID=60551) to work on /Users/naga/Desktop/airflow_env/lib/python3.12/site-packages/airflow/example_dags/example_sensors.py
[2026-06-21T16:37:05.907-0500] {processor.py:830} INFO - Processing file /Users/naga/Desktop/airflow_env/lib/python3.12/site-packages/airflow/example_dags/example_sensors.py for tasks to queue
[2026-06-21T16:37:05.908-0500] {logging_mixin.py:188} INFO - [2026-06-21T16:37:05.907-0500] {dagbag.py:545} INFO - Filling up the DagBag from /Users/naga/Desktop/airflow_env/lib/python3.12/site-packages/airflow/example_dags/example_sensors.py
[2026-06-21T16:37:05.916-0500] {processor.py:840} INFO - DAG(s) 'example_sensors' retrieved from /Users/naga/Desktop/airflow_env/lib/python3.12/site-packages/airflow/example_dags/example_sensors.py
[2026-06-21T16:37:05.966-0500] {logging_mixin.py:188} INFO - [2026-06-21T16:37:05.966-0500] {dag.py:3089} INFO - Sync 1 DAGs
[2026-06-21T16:37:05.970-0500] {logging_mixin.py:188} INFO - [2026-06-21T16:37:05.970-0500] {dag.py:3947} INFO - Setting next_dagrun for example_sensors to None, run_after=None
[2026-06-21T16:37:05.978-0500] {processor.py:183} INFO - Processing /Users/naga/Desktop/airflow_env/lib/python3.12/site-packages/airflow/example_dags/example_sensors.py took 0.073 seconds
[2026-06-21T16:39:11.360-0500] {processor.py:161} INFO - Started process (PID=60670) to work on /Users/naga/Desktop/airflow_env/lib/python3.12/site-packages/airflow/example_dags/example_sensors.py
[2026-06-21T16:39:11.361-0500] {processor.py:830} INFO - Processing file /Users/naga/Desktop/airflow_env/lib/python3.12/site-packages/airflow/example_dags/example_sensors.py for tasks to queue
[2026-06-21T16:39:11.361-0500] {logging_mixin.py:188} INFO - [2026-06-21T16:39:11.361-0500] {dagbag.py:545} INFO - Filling up the DagBag from /Users/naga/Desktop/airflow_env/lib/python3.12/site-packages/airflow/example_dags/example_sensors.py
[2026-06-21T16:39:11.370-0500] {processor.py:840} INFO - DAG(s) 'example_sensors' retrieved from /Users/naga/Desktop/airflow_env/lib/python3.12/site-packages/airflow/example_dags/example_sensors.py
[2026-06-21T16:39:11.423-0500] {logging_mixin.py:188} INFO - [2026-06-21T16:39:11.423-0500] {dag.py:3089} INFO - Sync 1 DAGs
[2026-06-21T16:39:11.428-0500] {logging_mixin.py:188} INFO - [2026-06-21T16:39:11.428-0500] {dag.py:3947} INFO - Setting next_dagrun for example_sensors to None, run_after=None
[2026-06-21T16:39:11.437-0500] {processor.py:183} INFO - Processing /Users/naga/Desktop/airflow_env/lib/python3.12/site-packages/airflow/example_dags/example_sensors.py took 0.078 seconds
[2026-06-21T16:42:54.653-0500] {processor.py:161} INFO - Started process (PID=60847) to work on /Users/naga/Desktop/airflow_env/lib/python3.12/site-packages/airflow/example_dags/example_sensors.py
[2026-06-21T16:42:54.654-0500] {processor.py:830} INFO - Processing file /Users/naga/Desktop/airflow_env/lib/python3.12/site-packages/airflow/example_dags/example_sensors.py for tasks to queue
[2026-06-21T16:42:54.654-0500] {logging_mixin.py:188} INFO - [2026-06-21T16:42:54.654-0500] {dagbag.py:545} INFO - Filling up the DagBag from /Users/naga/Desktop/airflow_env/lib/python3.12/site-packages/airflow/example_dags/example_sensors.py
[2026-06-21T16:42:54.667-0500] {processor.py:840} INFO - DAG(s) 'example_sensors' retrieved from /Users/naga/Desktop/airflow_env/lib/python3.12/site-packages/airflow/example_dags/example_sensors.py
[2026-06-21T16:42:54.752-0500] {logging_mixin.py:188} INFO - [2026-06-21T16:42:54.752-0500] {dag.py:3089} INFO - Sync 1 DAGs
[2026-06-21T16:42:54.760-0500] {logging_mixin.py:188} INFO - [2026-06-21T16:42:54.759-0500] {dag.py:3947} INFO - Setting next_dagrun for example_sensors to None, run_after=None
[2026-06-21T16:42:54.773-0500] {processor.py:183} INFO - Processing /Users/naga/Desktop/airflow_env/lib/python3.12/site-packages/airflow/example_dags/example_sensors.py took 0.122 seconds
[2026-06-21T16:44:49.818-0500] {processor.py:161} INFO - Started process (PID=60941) to work on /Users/naga/Desktop/airflow_env/lib/python3.12/site-packages/airflow/example_dags/example_sensors.py
[2026-06-21T16:44:49.819-0500] {processor.py:830} INFO - Processing file /Users/naga/Desktop/airflow_env/lib/python3.12/site-packages/airflow/example_dags/example_sensors.py for tasks to queue
[2026-06-21T16:44:49.820-0500] {logging_mixin.py:188} INFO - [2026-06-21T16:44:49.819-0500] {dagbag.py:545} INFO - Filling up the DagBag from /Users/naga/Desktop/airflow_env/lib/python3.12/site-packages/airflow/example_dags/example_sensors.py
[2026-06-21T16:44:49.832-0500] {processor.py:840} INFO - DAG(s) 'example_sensors' retrieved from /Users/naga/Desktop/airflow_env/lib/python3.12/site-packages/airflow/example_dags/example_sensors.py
[2026-06-21T16:44:49.916-0500] {logging_mixin.py:188} INFO - [2026-06-21T16:44:49.916-0500] {dag.py:3089} INFO - Sync 1 DAGs
[2026-06-21T16:44:49.923-0500] {logging_mixin.py:188} INFO - [2026-06-21T16:44:49.923-0500] {dag.py:3947} INFO - Setting next_dagrun for example_sensors to None, run_after=None
[2026-06-21T16:44:49.937-0500] {processor.py:183} INFO - Processing /Users/naga/Desktop/airflow_env/lib/python3.12/site-packages/airflow/example_dags/example_sensors.py took 0.121 seconds
[2026-06-21T16:46:23.460-0500] {processor.py:161} INFO - Started process (PID=61015) to work on /Users/naga/Desktop/airflow_env/lib/python3.12/site-packages/airflow/example_dags/example_sensors.py
[2026-06-21T16:46:23.461-0500] {processor.py:830} INFO - Processing file /Users/naga/Desktop/airflow_env/lib/python3.12/site-packages/airflow/example_dags/example_sensors.py for tasks to queue
[2026-06-21T16:46:23.462-0500] {logging_mixin.py:188} INFO - [2026-06-21T16:46:23.462-0500] {dagbag.py:545} INFO - Filling up the DagBag from /Users/naga/Desktop/airflow_env/lib/python3.12/site-packages/airflow/example_dags/example_sensors.py
[2026-06-21T16:46:23.475-0500] {processor.py:840} INFO - DAG(s) 'example_sensors' retrieved from /Users/naga/Desktop/airflow_env/lib/python3.12/site-packages/airflow/example_dags/example_sensors.py
[2026-06-21T16:46:23.561-0500] {logging_mixin.py:188} INFO - [2026-06-21T16:46:23.561-0500] {dag.py:3089} INFO - Sync 1 DAGs
[2026-06-21T16:46:23.568-0500] {logging_mixin.py:188} INFO - [2026-06-21T16:46:23.568-0500] {dag.py:3947} INFO - Setting next_dagrun for example_sensors to None, run_after=None
[2026-06-21T16:46:23.581-0500] {processor.py:183} INFO - Processing /Users/naga/Desktop/airflow_env/lib/python3.12/site-packages/airflow/example_dags/example_sensors.py took 0.123 seconds
[2026-06-21T17:49:18.950-0500] {processor.py:161} INFO - Started process (PID=61109) to work on /Users/naga/Desktop/airflow_env/lib/python3.12/site-packages/airflow/example_dags/example_sensors.py
[2026-06-21T17:49:18.952-0500] {processor.py:830} INFO - Processing file /Users/naga/Desktop/airflow_env/lib/python3.12/site-packages/airflow/example_dags/example_sensors.py for tasks to queue
[2026-06-21T17:49:18.952-0500] {logging_mixin.py:188} INFO - [2026-06-21T17:49:18.952-0500] {dagbag.py:545} INFO - Filling up the DagBag from /Users/naga/Desktop/airflow_env/lib/python3.12/site-packages/airflow/example_dags/example_sensors.py
[2026-06-21T17:49:18.966-0500] {processor.py:840} INFO - DAG(s) 'example_sensors' retrieved from /Users/naga/Desktop/airflow_env/lib/python3.12/site-packages/airflow/example_dags/example_sensors.py
[2026-06-21T17:49:19.051-0500] {logging_mixin.py:188} INFO - [2026-06-21T17:49:19.051-0500] {dag.py:3089} INFO - Sync 1 DAGs
[2026-06-21T17:49:19.058-0500] {logging_mixin.py:188} INFO - [2026-06-21T17:49:19.058-0500] {dag.py:3947} INFO - Setting next_dagrun for example_sensors to None, run_after=None
[2026-06-21T17:49:19.073-0500] {processor.py:183} INFO - Processing /Users/naga/Desktop/airflow_env/lib/python3.12/site-packages/airflow/example_dags/example_sensors.py took 0.125 seconds
[2026-06-21T18:48:52.821-0500] {processor.py:161} INFO - Started process (PID=61239) to work on /Users/naga/Desktop/airflow_env/lib/python3.12/site-packages/airflow/example_dags/example_sensors.py
[2026-06-21T18:48:52.822-0500] {processor.py:830} INFO - Processing file /Users/naga/Desktop/airflow_env/lib/python3.12/site-packages/airflow/example_dags/example_sensors.py for tasks to queue
[2026-06-21T18:48:52.822-0500] {logging_mixin.py:188} INFO - [2026-06-21T18:48:52.822-0500] {dagbag.py:545} INFO - Filling up the DagBag from /Users/naga/Desktop/airflow_env/lib/python3.12/site-packages/airflow/example_dags/example_sensors.py
[2026-06-21T18:48:52.836-0500] {processor.py:840} INFO - DAG(s) 'example_sensors' retrieved from /Users/naga/Desktop/airflow_env/lib/python3.12/site-packages/airflow/example_dags/example_sensors.py
[2026-06-21T18:48:52.923-0500] {logging_mixin.py:188} INFO - [2026-06-21T18:48:52.923-0500] {dag.py:3089} INFO - Sync 1 DAGs
[2026-06-21T18:48:52.931-0500] {logging_mixin.py:188} INFO - [2026-06-21T18:48:52.930-0500] {dag.py:3947} INFO - Setting next_dagrun for example_sensors to None, run_after=None
[2026-06-21T18:48:52.944-0500] {processor.py:183} INFO - Processing /Users/naga/Desktop/airflow_env/lib/python3.12/site-packages/airflow/example_dags/example_sensors.py took 0.125 seconds
[2026-06-21T18:57:06.397-0500] {processor.py:161} INFO - Started process (PID=61351) to work on /Users/naga/Desktop/airflow_env/lib/python3.12/site-packages/airflow/example_dags/example_sensors.py
[2026-06-21T18:57:06.399-0500] {processor.py:830} INFO - Processing file /Users/naga/Desktop/airflow_env/lib/python3.12/site-packages/airflow/example_dags/example_sensors.py for tasks to queue
[2026-06-21T18:57:06.399-0500] {logging_mixin.py:188} INFO - [2026-06-21T18:57:06.399-0500] {dagbag.py:545} INFO - Filling up the DagBag from /Users/naga/Desktop/airflow_env/lib/python3.12/site-packages/airflow/example_dags/example_sensors.py
[2026-06-21T18:57:06.413-0500] {processor.py:840} INFO - DAG(s) 'example_sensors' retrieved from /Users/naga/Desktop/airflow_env/lib/python3.12/site-packages/airflow/example_dags/example_sensors.py
[2026-06-21T18:57:06.498-0500] {logging_mixin.py:188} INFO - [2026-06-21T18:57:06.498-0500] {dag.py:3089} INFO - Sync 1 DAGs
[2026-06-21T18:57:06.505-0500] {logging_mixin.py:188} INFO - [2026-06-21T18:57:06.505-0500] {dag.py:3947} INFO - Setting next_dagrun for example_sensors to None, run_after=None
[2026-06-21T18:57:06.518-0500] {processor.py:183} INFO - Processing /Users/naga/Desktop/airflow_env/lib/python3.12/site-packages/airflow/example_dags/example_sensors.py took 0.123 seconds
