[2026-06-21T14:45:11.878-0500] {processor.py:161} INFO - Started process (PID=54345) to work on /Users/naga/Desktop/airflow_env/lib/python3.12/site-packages/airflow/example_dags/example_dynamic_task_mapping.py
[2026-06-21T14:45:11.879-0500] {processor.py:830} INFO - Processing file /Users/naga/Desktop/airflow_env/lib/python3.12/site-packages/airflow/example_dags/example_dynamic_task_mapping.py for tasks to queue
[2026-06-21T14:45:11.880-0500] {logging_mixin.py:188} INFO - [2026-06-21T14:45:11.880-0500] {dagbag.py:545} INFO - Filling up the DagBag from /Users/naga/Desktop/airflow_env/lib/python3.12/site-packages/airflow/example_dags/example_dynamic_task_mapping.py
[2026-06-21T14:45:11.913-0500] {processor.py:840} INFO - DAG(s) 'example_dynamic_task_mapping' retrieved from /Users/naga/Desktop/airflow_env/lib/python3.12/site-packages/airflow/example_dags/example_dynamic_task_mapping.py
[2026-06-21T14:45:12.048-0500] {logging_mixin.py:188} INFO - [2026-06-21T14:45:12.047-0500] {override.py:1858} INFO - Created Permission View: can edit on DAG:example_dynamic_task_mapping
[2026-06-21T14:45:12.054-0500] {logging_mixin.py:188} INFO - [2026-06-21T14:45:12.053-0500] {override.py:1858} INFO - Created Permission View: can read on DAG:example_dynamic_task_mapping
[2026-06-21T14:45:12.057-0500] {logging_mixin.py:188} INFO - [2026-06-21T14:45:12.057-0500] {override.py:1858} INFO - Created Permission View: can delete on DAG:example_dynamic_task_mapping
[2026-06-21T14:45:12.058-0500] {logging_mixin.py:188} INFO - [2026-06-21T14:45:12.058-0500] {dag.py:3089} INFO - Sync 1 DAGs
[2026-06-21T14:45:12.066-0500] {logging_mixin.py:188} INFO - [2026-06-21T14:45:12.066-0500] {dag.py:3111} INFO - Creating ORM DAG for example_dynamic_task_mapping
[2026-06-21T14:45:12.072-0500] {logging_mixin.py:188} INFO - [2026-06-21T14:45:12.072-0500] {dag.py:3947} INFO - Setting next_dagrun for example_dynamic_task_mapping to 2022-03-04 00:00:00+00:00, run_after=2022-03-05 00:00:00+00:00
[2026-06-21T14:45:12.082-0500] {processor.py:183} INFO - Processing /Users/naga/Desktop/airflow_env/lib/python3.12/site-packages/airflow/example_dags/example_dynamic_task_mapping.py took 0.206 seconds
[2026-06-21T14:47:15.836-0500] {processor.py:161} INFO - Started process (PID=54453) to work on /Users/naga/Desktop/airflow_env/lib/python3.12/site-packages/airflow/example_dags/example_dynamic_task_mapping.py
[2026-06-21T14:47:15.837-0500] {processor.py:830} INFO - Processing file /Users/naga/Desktop/airflow_env/lib/python3.12/site-packages/airflow/example_dags/example_dynamic_task_mapping.py for tasks to queue
[2026-06-21T14:47:15.838-0500] {logging_mixin.py:188} INFO - [2026-06-21T14:47:15.837-0500] {dagbag.py:545} INFO - Filling up the DagBag from /Users/naga/Desktop/airflow_env/lib/python3.12/site-packages/airflow/example_dags/example_dynamic_task_mapping.py
[2026-06-21T14:47:15.874-0500] {processor.py:840} INFO - DAG(s) 'example_dynamic_task_mapping' retrieved from /Users/naga/Desktop/airflow_env/lib/python3.12/site-packages/airflow/example_dags/example_dynamic_task_mapping.py
[2026-06-21T14:47:15.951-0500] {logging_mixin.py:188} INFO - [2026-06-21T14:47:15.951-0500] {dag.py:3089} INFO - Sync 1 DAGs
[2026-06-21T14:47:15.964-0500] {logging_mixin.py:188} INFO - [2026-06-21T14:47:15.964-0500] {dag.py:3947} INFO - Setting next_dagrun for example_dynamic_task_mapping to 2022-03-04 00:00:00+00:00, run_after=2022-03-05 00:00:00+00:00
[2026-06-21T14:47:15.977-0500] {processor.py:183} INFO - Processing /Users/naga/Desktop/airflow_env/lib/python3.12/site-packages/airflow/example_dags/example_dynamic_task_mapping.py took 0.144 seconds
[2026-06-21T14:50:17.126-0500] {processor.py:161} INFO - Started process (PID=54665) to work on /Users/naga/Desktop/airflow_env/lib/python3.12/site-packages/airflow/example_dags/example_dynamic_task_mapping.py
[2026-06-21T14:50:17.128-0500] {processor.py:830} INFO - Processing file /Users/naga/Desktop/airflow_env/lib/python3.12/site-packages/airflow/example_dags/example_dynamic_task_mapping.py for tasks to queue
[2026-06-21T14:50:17.128-0500] {logging_mixin.py:188} INFO - [2026-06-21T14:50:17.128-0500] {dagbag.py:545} INFO - Filling up the DagBag from /Users/naga/Desktop/airflow_env/lib/python3.12/site-packages/airflow/example_dags/example_dynamic_task_mapping.py
[2026-06-21T14:50:17.166-0500] {processor.py:840} INFO - DAG(s) 'example_dynamic_task_mapping' retrieved from /Users/naga/Desktop/airflow_env/lib/python3.12/site-packages/airflow/example_dags/example_dynamic_task_mapping.py
[2026-06-21T14:50:17.243-0500] {logging_mixin.py:188} INFO - [2026-06-21T14:50:17.243-0500] {dag.py:3089} INFO - Sync 1 DAGs
[2026-06-21T14:50:17.256-0500] {logging_mixin.py:188} INFO - [2026-06-21T14:50:17.255-0500] {dag.py:3947} INFO - Setting next_dagrun for example_dynamic_task_mapping to 2022-03-04 00:00:00+00:00, run_after=2022-03-05 00:00:00+00:00
[2026-06-21T14:50:17.269-0500] {processor.py:183} INFO - Processing /Users/naga/Desktop/airflow_env/lib/python3.12/site-packages/airflow/example_dags/example_dynamic_task_mapping.py took 0.146 seconds
[2026-06-21T14:53:12.991-0500] {processor.py:161} INFO - Started process (PID=54800) to work on /Users/naga/Desktop/airflow_env/lib/python3.12/site-packages/airflow/example_dags/example_dynamic_task_mapping.py
[2026-06-21T14:53:12.992-0500] {processor.py:830} INFO - Processing file /Users/naga/Desktop/airflow_env/lib/python3.12/site-packages/airflow/example_dags/example_dynamic_task_mapping.py for tasks to queue
[2026-06-21T14:53:12.993-0500] {logging_mixin.py:188} INFO - [2026-06-21T14:53:12.993-0500] {dagbag.py:545} INFO - Filling up the DagBag from /Users/naga/Desktop/airflow_env/lib/python3.12/site-packages/airflow/example_dags/example_dynamic_task_mapping.py
[2026-06-21T14:53:13.025-0500] {processor.py:840} INFO - DAG(s) 'example_dynamic_task_mapping' retrieved from /Users/naga/Desktop/airflow_env/lib/python3.12/site-packages/airflow/example_dags/example_dynamic_task_mapping.py
[2026-06-21T14:53:13.098-0500] {logging_mixin.py:188} INFO - [2026-06-21T14:53:13.098-0500] {dag.py:3089} INFO - Sync 1 DAGs
[2026-06-21T14:53:13.110-0500] {logging_mixin.py:188} INFO - [2026-06-21T14:53:13.110-0500] {dag.py:3947} INFO - Setting next_dagrun for example_dynamic_task_mapping to 2022-03-04 00:00:00+00:00, run_after=2022-03-05 00:00:00+00:00
[2026-06-21T14:53:13.123-0500] {processor.py:183} INFO - Processing /Users/naga/Desktop/airflow_env/lib/python3.12/site-packages/airflow/example_dags/example_dynamic_task_mapping.py took 0.134 seconds
[2026-06-21T14:56:15.756-0500] {processor.py:161} INFO - Started process (PID=55007) to work on /Users/naga/Desktop/airflow_env/lib/python3.12/site-packages/airflow/example_dags/example_dynamic_task_mapping.py
[2026-06-21T14:56:15.759-0500] {processor.py:830} INFO - Processing file /Users/naga/Desktop/airflow_env/lib/python3.12/site-packages/airflow/example_dags/example_dynamic_task_mapping.py for tasks to queue
[2026-06-21T14:56:15.759-0500] {logging_mixin.py:188} INFO - [2026-06-21T14:56:15.759-0500] {dagbag.py:545} INFO - Filling up the DagBag from /Users/naga/Desktop/airflow_env/lib/python3.12/site-packages/airflow/example_dags/example_dynamic_task_mapping.py
[2026-06-21T14:56:15.854-0500] {processor.py:840} INFO - DAG(s) 'example_dynamic_task_mapping' retrieved from /Users/naga/Desktop/airflow_env/lib/python3.12/site-packages/airflow/example_dags/example_dynamic_task_mapping.py
[2026-06-21T14:56:16.018-0500] {logging_mixin.py:188} INFO - [2026-06-21T14:56:16.017-0500] {dag.py:3089} INFO - Sync 1 DAGs
[2026-06-21T14:56:16.043-0500] {logging_mixin.py:188} INFO - [2026-06-21T14:56:16.043-0500] {dag.py:3947} INFO - Setting next_dagrun for example_dynamic_task_mapping to 2022-03-04 00:00:00+00:00, run_after=2022-03-05 00:00:00+00:00
[2026-06-21T14:56:16.077-0500] {processor.py:183} INFO - Processing /Users/naga/Desktop/airflow_env/lib/python3.12/site-packages/airflow/example_dags/example_dynamic_task_mapping.py took 0.325 seconds
[2026-06-21T14:59:25.127-0500] {processor.py:161} INFO - Started process (PID=55346) to work on /Users/naga/Desktop/airflow_env/lib/python3.12/site-packages/airflow/example_dags/example_dynamic_task_mapping.py
[2026-06-21T14:59:25.129-0500] {processor.py:830} INFO - Processing file /Users/naga/Desktop/airflow_env/lib/python3.12/site-packages/airflow/example_dags/example_dynamic_task_mapping.py for tasks to queue
[2026-06-21T14:59:25.130-0500] {logging_mixin.py:188} INFO - [2026-06-21T14:59:25.129-0500] {dagbag.py:545} INFO - Filling up the DagBag from /Users/naga/Desktop/airflow_env/lib/python3.12/site-packages/airflow/example_dags/example_dynamic_task_mapping.py
[2026-06-21T14:59:25.168-0500] {processor.py:840} INFO - DAG(s) 'example_dynamic_task_mapping' retrieved from /Users/naga/Desktop/airflow_env/lib/python3.12/site-packages/airflow/example_dags/example_dynamic_task_mapping.py
[2026-06-21T14:59:25.240-0500] {logging_mixin.py:188} INFO - [2026-06-21T14:59:25.240-0500] {dag.py:3089} INFO - Sync 1 DAGs
[2026-06-21T14:59:25.252-0500] {logging_mixin.py:188} INFO - [2026-06-21T14:59:25.252-0500] {dag.py:3947} INFO - Setting next_dagrun for example_dynamic_task_mapping to 2022-03-04 00:00:00+00:00, run_after=2022-03-05 00:00:00+00:00
[2026-06-21T14:59:25.265-0500] {processor.py:183} INFO - Processing /Users/naga/Desktop/airflow_env/lib/python3.12/site-packages/airflow/example_dags/example_dynamic_task_mapping.py took 0.141 seconds
[2026-06-21T15:02:36.020-0500] {processor.py:161} INFO - Started process (PID=55497) to work on /Users/naga/Desktop/airflow_env/lib/python3.12/site-packages/airflow/example_dags/example_dynamic_task_mapping.py
[2026-06-21T15:02:36.022-0500] {processor.py:830} INFO - Processing file /Users/naga/Desktop/airflow_env/lib/python3.12/site-packages/airflow/example_dags/example_dynamic_task_mapping.py for tasks to queue
[2026-06-21T15:02:36.022-0500] {logging_mixin.py:188} INFO - [2026-06-21T15:02:36.022-0500] {dagbag.py:545} INFO - Filling up the DagBag from /Users/naga/Desktop/airflow_env/lib/python3.12/site-packages/airflow/example_dags/example_dynamic_task_mapping.py
[2026-06-21T15:02:36.055-0500] {processor.py:840} INFO - DAG(s) 'example_dynamic_task_mapping' retrieved from /Users/naga/Desktop/airflow_env/lib/python3.12/site-packages/airflow/example_dags/example_dynamic_task_mapping.py
[2026-06-21T15:02:36.128-0500] {logging_mixin.py:188} INFO - [2026-06-21T15:02:36.128-0500] {dag.py:3089} INFO - Sync 1 DAGs
[2026-06-21T15:02:36.140-0500] {logging_mixin.py:188} INFO - [2026-06-21T15:02:36.140-0500] {dag.py:3947} INFO - Setting next_dagrun for example_dynamic_task_mapping to 2022-03-04 00:00:00+00:00, run_after=2022-03-05 00:00:00+00:00
[2026-06-21T15:02:36.153-0500] {processor.py:183} INFO - Processing /Users/naga/Desktop/airflow_env/lib/python3.12/site-packages/airflow/example_dags/example_dynamic_task_mapping.py took 0.135 seconds
[2026-06-21T15:05:37.886-0500] {processor.py:161} INFO - Started process (PID=55642) to work on /Users/naga/Desktop/airflow_env/lib/python3.12/site-packages/airflow/example_dags/example_dynamic_task_mapping.py
[2026-06-21T15:05:37.887-0500] {processor.py:830} INFO - Processing file /Users/naga/Desktop/airflow_env/lib/python3.12/site-packages/airflow/example_dags/example_dynamic_task_mapping.py for tasks to queue
[2026-06-21T15:05:37.888-0500] {logging_mixin.py:188} INFO - [2026-06-21T15:05:37.888-0500] {dagbag.py:545} INFO - Filling up the DagBag from /Users/naga/Desktop/airflow_env/lib/python3.12/site-packages/airflow/example_dags/example_dynamic_task_mapping.py
[2026-06-21T15:05:37.920-0500] {processor.py:840} INFO - DAG(s) 'example_dynamic_task_mapping' retrieved from /Users/naga/Desktop/airflow_env/lib/python3.12/site-packages/airflow/example_dags/example_dynamic_task_mapping.py
[2026-06-21T15:05:37.992-0500] {logging_mixin.py:188} INFO - [2026-06-21T15:05:37.992-0500] {dag.py:3089} INFO - Sync 1 DAGs
[2026-06-21T15:05:38.004-0500] {logging_mixin.py:188} INFO - [2026-06-21T15:05:38.003-0500] {dag.py:3947} INFO - Setting next_dagrun for example_dynamic_task_mapping to 2022-03-04 00:00:00+00:00, run_after=2022-03-05 00:00:00+00:00
[2026-06-21T15:05:38.017-0500] {processor.py:183} INFO - Processing /Users/naga/Desktop/airflow_env/lib/python3.12/site-packages/airflow/example_dags/example_dynamic_task_mapping.py took 0.133 seconds
[2026-06-21T15:08:47.250-0500] {processor.py:161} INFO - Started process (PID=55771) to work on /Users/naga/Desktop/airflow_env/lib/python3.12/site-packages/airflow/example_dags/example_dynamic_task_mapping.py
[2026-06-21T15:08:47.252-0500] {processor.py:830} INFO - Processing file /Users/naga/Desktop/airflow_env/lib/python3.12/site-packages/airflow/example_dags/example_dynamic_task_mapping.py for tasks to queue
[2026-06-21T15:08:47.252-0500] {logging_mixin.py:188} INFO - [2026-06-21T15:08:47.252-0500] {dagbag.py:545} INFO - Filling up the DagBag from /Users/naga/Desktop/airflow_env/lib/python3.12/site-packages/airflow/example_dags/example_dynamic_task_mapping.py
[2026-06-21T15:08:47.284-0500] {processor.py:840} INFO - DAG(s) 'example_dynamic_task_mapping' retrieved from /Users/naga/Desktop/airflow_env/lib/python3.12/site-packages/airflow/example_dags/example_dynamic_task_mapping.py
[2026-06-21T15:08:47.357-0500] {logging_mixin.py:188} INFO - [2026-06-21T15:08:47.357-0500] {dag.py:3089} INFO - Sync 1 DAGs
[2026-06-21T15:08:47.369-0500] {logging_mixin.py:188} INFO - [2026-06-21T15:08:47.369-0500] {dag.py:3947} INFO - Setting next_dagrun for example_dynamic_task_mapping to 2022-03-04 00:00:00+00:00, run_after=2022-03-05 00:00:00+00:00
[2026-06-21T15:08:47.382-0500] {processor.py:183} INFO - Processing /Users/naga/Desktop/airflow_env/lib/python3.12/site-packages/airflow/example_dags/example_dynamic_task_mapping.py took 0.134 seconds
[2026-06-21T15:11:54.948-0500] {processor.py:161} INFO - Started process (PID=55927) to work on /Users/naga/Desktop/airflow_env/lib/python3.12/site-packages/airflow/example_dags/example_dynamic_task_mapping.py
[2026-06-21T15:11:54.950-0500] {processor.py:830} INFO - Processing file /Users/naga/Desktop/airflow_env/lib/python3.12/site-packages/airflow/example_dags/example_dynamic_task_mapping.py for tasks to queue
[2026-06-21T15:11:54.950-0500] {logging_mixin.py:188} INFO - [2026-06-21T15:11:54.950-0500] {dagbag.py:545} INFO - Filling up the DagBag from /Users/naga/Desktop/airflow_env/lib/python3.12/site-packages/airflow/example_dags/example_dynamic_task_mapping.py
[2026-06-21T15:11:54.982-0500] {processor.py:840} INFO - DAG(s) 'example_dynamic_task_mapping' retrieved from /Users/naga/Desktop/airflow_env/lib/python3.12/site-packages/airflow/example_dags/example_dynamic_task_mapping.py
[2026-06-21T15:11:55.055-0500] {logging_mixin.py:188} INFO - [2026-06-21T15:11:55.055-0500] {dag.py:3089} INFO - Sync 1 DAGs
[2026-06-21T15:11:55.067-0500] {logging_mixin.py:188} INFO - [2026-06-21T15:11:55.067-0500] {dag.py:3947} INFO - Setting next_dagrun for example_dynamic_task_mapping to 2022-03-04 00:00:00+00:00, run_after=2022-03-05 00:00:00+00:00
[2026-06-21T15:11:55.080-0500] {processor.py:183} INFO - Processing /Users/naga/Desktop/airflow_env/lib/python3.12/site-packages/airflow/example_dags/example_dynamic_task_mapping.py took 0.133 seconds
[2026-06-21T15:14:39.923-0500] {processor.py:161} INFO - Started process (PID=56182) to work on /Users/naga/Desktop/airflow_env/lib/python3.12/site-packages/airflow/example_dags/example_dynamic_task_mapping.py
[2026-06-21T15:14:39.923-0500] {processor.py:830} INFO - Processing file /Users/naga/Desktop/airflow_env/lib/python3.12/site-packages/airflow/example_dags/example_dynamic_task_mapping.py for tasks to queue
[2026-06-21T15:14:39.924-0500] {logging_mixin.py:188} INFO - [2026-06-21T15:14:39.924-0500] {dagbag.py:545} INFO - Filling up the DagBag from /Users/naga/Desktop/airflow_env/lib/python3.12/site-packages/airflow/example_dags/example_dynamic_task_mapping.py
[2026-06-21T15:14:39.943-0500] {processor.py:840} INFO - DAG(s) 'example_dynamic_task_mapping' retrieved from /Users/naga/Desktop/airflow_env/lib/python3.12/site-packages/airflow/example_dags/example_dynamic_task_mapping.py
[2026-06-21T15:14:39.985-0500] {logging_mixin.py:188} INFO - [2026-06-21T15:14:39.985-0500] {dag.py:3089} INFO - Sync 1 DAGs
[2026-06-21T15:14:39.992-0500] {logging_mixin.py:188} INFO - [2026-06-21T15:14:39.992-0500] {dag.py:3947} INFO - Setting next_dagrun for example_dynamic_task_mapping to 2022-03-04 00:00:00+00:00, run_after=2022-03-05 00:00:00+00:00
[2026-06-21T15:14:40.000-0500] {processor.py:183} INFO - Processing /Users/naga/Desktop/airflow_env/lib/python3.12/site-packages/airflow/example_dags/example_dynamic_task_mapping.py took 0.079 seconds
[2026-06-21T15:32:00.224-0500] {processor.py:161} INFO - Started process (PID=56522) to work on /Users/naga/Desktop/airflow_env/lib/python3.12/site-packages/airflow/example_dags/example_dynamic_task_mapping.py
[2026-06-21T15:32:00.225-0500] {processor.py:830} INFO - Processing file /Users/naga/Desktop/airflow_env/lib/python3.12/site-packages/airflow/example_dags/example_dynamic_task_mapping.py for tasks to queue
[2026-06-21T15:32:00.225-0500] {logging_mixin.py:188} INFO - [2026-06-21T15:32:00.225-0500] {dagbag.py:545} INFO - Filling up the DagBag from /Users/naga/Desktop/airflow_env/lib/python3.12/site-packages/airflow/example_dags/example_dynamic_task_mapping.py
[2026-06-21T15:32:00.255-0500] {processor.py:840} INFO - DAG(s) 'example_dynamic_task_mapping' retrieved from /Users/naga/Desktop/airflow_env/lib/python3.12/site-packages/airflow/example_dags/example_dynamic_task_mapping.py
[2026-06-21T15:32:00.304-0500] {logging_mixin.py:188} INFO - [2026-06-21T15:32:00.304-0500] {dag.py:3089} INFO - Sync 1 DAGs
[2026-06-21T15:32:00.312-0500] {logging_mixin.py:188} INFO - [2026-06-21T15:32:00.312-0500] {dag.py:3947} INFO - Setting next_dagrun for example_dynamic_task_mapping to 2022-03-04 00:00:00+00:00, run_after=2022-03-05 00:00:00+00:00
[2026-06-21T15:32:00.321-0500] {processor.py:183} INFO - Processing /Users/naga/Desktop/airflow_env/lib/python3.12/site-packages/airflow/example_dags/example_dynamic_task_mapping.py took 0.098 seconds
[2026-06-21T15:34:25.481-0500] {processor.py:161} INFO - Started process (PID=56742) to work on /Users/naga/Desktop/airflow_env/lib/python3.12/site-packages/airflow/example_dags/example_dynamic_task_mapping.py
[2026-06-21T15:34:25.482-0500] {processor.py:830} INFO - Processing file /Users/naga/Desktop/airflow_env/lib/python3.12/site-packages/airflow/example_dags/example_dynamic_task_mapping.py for tasks to queue
[2026-06-21T15:34:25.482-0500] {logging_mixin.py:188} INFO - [2026-06-21T15:34:25.482-0500] {dagbag.py:545} INFO - Filling up the DagBag from /Users/naga/Desktop/airflow_env/lib/python3.12/site-packages/airflow/example_dags/example_dynamic_task_mapping.py
[2026-06-21T15:34:25.502-0500] {processor.py:840} INFO - DAG(s) 'example_dynamic_task_mapping' retrieved from /Users/naga/Desktop/airflow_env/lib/python3.12/site-packages/airflow/example_dags/example_dynamic_task_mapping.py
[2026-06-21T15:34:25.544-0500] {logging_mixin.py:188} INFO - [2026-06-21T15:34:25.544-0500] {dag.py:3089} INFO - Sync 1 DAGs
[2026-06-21T15:34:25.551-0500] {logging_mixin.py:188} INFO - [2026-06-21T15:34:25.551-0500] {dag.py:3947} INFO - Setting next_dagrun for example_dynamic_task_mapping to 2022-03-04 00:00:00+00:00, run_after=2022-03-05 00:00:00+00:00
[2026-06-21T15:34:25.559-0500] {processor.py:183} INFO - Processing /Users/naga/Desktop/airflow_env/lib/python3.12/site-packages/airflow/example_dags/example_dynamic_task_mapping.py took 0.079 seconds
[2026-06-21T15:36:23.759-0500] {processor.py:161} INFO - Started process (PID=56854) to work on /Users/naga/Desktop/airflow_env/lib/python3.12/site-packages/airflow/example_dags/example_dynamic_task_mapping.py
[2026-06-21T15:36:23.760-0500] {processor.py:830} INFO - Processing file /Users/naga/Desktop/airflow_env/lib/python3.12/site-packages/airflow/example_dags/example_dynamic_task_mapping.py for tasks to queue
[2026-06-21T15:36:23.761-0500] {logging_mixin.py:188} INFO - [2026-06-21T15:36:23.761-0500] {dagbag.py:545} INFO - Filling up the DagBag from /Users/naga/Desktop/airflow_env/lib/python3.12/site-packages/airflow/example_dags/example_dynamic_task_mapping.py
[2026-06-21T15:36:23.781-0500] {processor.py:840} INFO - DAG(s) 'example_dynamic_task_mapping' retrieved from /Users/naga/Desktop/airflow_env/lib/python3.12/site-packages/airflow/example_dags/example_dynamic_task_mapping.py
[2026-06-21T15:36:23.823-0500] {logging_mixin.py:188} INFO - [2026-06-21T15:36:23.823-0500] {dag.py:3089} INFO - Sync 1 DAGs
[2026-06-21T15:36:23.830-0500] {logging_mixin.py:188} INFO - [2026-06-21T15:36:23.830-0500] {dag.py:3947} INFO - Setting next_dagrun for example_dynamic_task_mapping to 2022-03-04 00:00:00+00:00, run_after=2022-03-05 00:00:00+00:00
[2026-06-21T15:36:23.838-0500] {processor.py:183} INFO - Processing /Users/naga/Desktop/airflow_env/lib/python3.12/site-packages/airflow/example_dags/example_dynamic_task_mapping.py took 0.080 seconds
[2026-06-21T15:38:28.098-0500] {processor.py:161} INFO - Started process (PID=56993) to work on /Users/naga/Desktop/airflow_env/lib/python3.12/site-packages/airflow/example_dags/example_dynamic_task_mapping.py
[2026-06-21T15:38:28.099-0500] {processor.py:830} INFO - Processing file /Users/naga/Desktop/airflow_env/lib/python3.12/site-packages/airflow/example_dags/example_dynamic_task_mapping.py for tasks to queue
[2026-06-21T15:38:28.099-0500] {logging_mixin.py:188} INFO - [2026-06-21T15:38:28.099-0500] {dagbag.py:545} INFO - Filling up the DagBag from /Users/naga/Desktop/airflow_env/lib/python3.12/site-packages/airflow/example_dags/example_dynamic_task_mapping.py
[2026-06-21T15:38:28.119-0500] {processor.py:840} INFO - DAG(s) 'example_dynamic_task_mapping' retrieved from /Users/naga/Desktop/airflow_env/lib/python3.12/site-packages/airflow/example_dags/example_dynamic_task_mapping.py
[2026-06-21T15:38:28.162-0500] {logging_mixin.py:188} INFO - [2026-06-21T15:38:28.162-0500] {dag.py:3089} INFO - Sync 1 DAGs
[2026-06-21T15:38:28.170-0500] {logging_mixin.py:188} INFO - [2026-06-21T15:38:28.170-0500] {dag.py:3947} INFO - Setting next_dagrun for example_dynamic_task_mapping to 2022-03-04 00:00:00+00:00, run_after=2022-03-05 00:00:00+00:00
[2026-06-21T15:38:28.178-0500] {processor.py:183} INFO - Processing /Users/naga/Desktop/airflow_env/lib/python3.12/site-packages/airflow/example_dags/example_dynamic_task_mapping.py took 0.081 seconds
[2026-06-21T15:40:32.028-0500] {processor.py:161} INFO - Started process (PID=57095) to work on /Users/naga/Desktop/airflow_env/lib/python3.12/site-packages/airflow/example_dags/example_dynamic_task_mapping.py
[2026-06-21T15:40:32.028-0500] {processor.py:830} INFO - Processing file /Users/naga/Desktop/airflow_env/lib/python3.12/site-packages/airflow/example_dags/example_dynamic_task_mapping.py for tasks to queue
[2026-06-21T15:40:32.029-0500] {logging_mixin.py:188} INFO - [2026-06-21T15:40:32.029-0500] {dagbag.py:545} INFO - Filling up the DagBag from /Users/naga/Desktop/airflow_env/lib/python3.12/site-packages/airflow/example_dags/example_dynamic_task_mapping.py
[2026-06-21T15:40:32.051-0500] {processor.py:840} INFO - DAG(s) 'example_dynamic_task_mapping' retrieved from /Users/naga/Desktop/airflow_env/lib/python3.12/site-packages/airflow/example_dags/example_dynamic_task_mapping.py
[2026-06-21T15:40:32.095-0500] {logging_mixin.py:188} INFO - [2026-06-21T15:40:32.094-0500] {dag.py:3089} INFO - Sync 1 DAGs
[2026-06-21T15:40:32.102-0500] {logging_mixin.py:188} INFO - [2026-06-21T15:40:32.102-0500] {dag.py:3947} INFO - Setting next_dagrun for example_dynamic_task_mapping to 2022-03-04 00:00:00+00:00, run_after=2022-03-05 00:00:00+00:00
[2026-06-21T15:40:32.112-0500] {processor.py:183} INFO - Processing /Users/naga/Desktop/airflow_env/lib/python3.12/site-packages/airflow/example_dags/example_dynamic_task_mapping.py took 0.086 seconds
[2026-06-21T15:42:34.813-0500] {processor.py:161} INFO - Started process (PID=57232) to work on /Users/naga/Desktop/airflow_env/lib/python3.12/site-packages/airflow/example_dags/example_dynamic_task_mapping.py
[2026-06-21T15:42:34.814-0500] {processor.py:830} INFO - Processing file /Users/naga/Desktop/airflow_env/lib/python3.12/site-packages/airflow/example_dags/example_dynamic_task_mapping.py for tasks to queue
[2026-06-21T15:42:34.814-0500] {logging_mixin.py:188} INFO - [2026-06-21T15:42:34.814-0500] {dagbag.py:545} INFO - Filling up the DagBag from /Users/naga/Desktop/airflow_env/lib/python3.12/site-packages/airflow/example_dags/example_dynamic_task_mapping.py
[2026-06-21T15:42:34.834-0500] {processor.py:840} INFO - DAG(s) 'example_dynamic_task_mapping' retrieved from /Users/naga/Desktop/airflow_env/lib/python3.12/site-packages/airflow/example_dags/example_dynamic_task_mapping.py
[2026-06-21T15:42:34.879-0500] {logging_mixin.py:188} INFO - [2026-06-21T15:42:34.878-0500] {dag.py:3089} INFO - Sync 1 DAGs
[2026-06-21T15:42:34.886-0500] {logging_mixin.py:188} INFO - [2026-06-21T15:42:34.886-0500] {dag.py:3947} INFO - Setting next_dagrun for example_dynamic_task_mapping to 2022-03-04 00:00:00+00:00, run_after=2022-03-05 00:00:00+00:00
[2026-06-21T15:42:34.894-0500] {processor.py:183} INFO - Processing /Users/naga/Desktop/airflow_env/lib/python3.12/site-packages/airflow/example_dags/example_dynamic_task_mapping.py took 0.082 seconds
[2026-06-21T15:44:41.600-0500] {processor.py:161} INFO - Started process (PID=57359) to work on /Users/naga/Desktop/airflow_env/lib/python3.12/site-packages/airflow/example_dags/example_dynamic_task_mapping.py
[2026-06-21T15:44:41.601-0500] {processor.py:830} INFO - Processing file /Users/naga/Desktop/airflow_env/lib/python3.12/site-packages/airflow/example_dags/example_dynamic_task_mapping.py for tasks to queue
[2026-06-21T15:44:41.601-0500] {logging_mixin.py:188} INFO - [2026-06-21T15:44:41.601-0500] {dagbag.py:545} INFO - Filling up the DagBag from /Users/naga/Desktop/airflow_env/lib/python3.12/site-packages/airflow/example_dags/example_dynamic_task_mapping.py
[2026-06-21T15:44:41.622-0500] {processor.py:840} INFO - DAG(s) 'example_dynamic_task_mapping' retrieved from /Users/naga/Desktop/airflow_env/lib/python3.12/site-packages/airflow/example_dags/example_dynamic_task_mapping.py
[2026-06-21T15:44:41.667-0500] {logging_mixin.py:188} INFO - [2026-06-21T15:44:41.667-0500] {dag.py:3089} INFO - Sync 1 DAGs
[2026-06-21T15:44:41.675-0500] {logging_mixin.py:188} INFO - [2026-06-21T15:44:41.675-0500] {dag.py:3947} INFO - Setting next_dagrun for example_dynamic_task_mapping to 2022-03-04 00:00:00+00:00, run_after=2022-03-05 00:00:00+00:00
[2026-06-21T15:44:41.683-0500] {processor.py:183} INFO - Processing /Users/naga/Desktop/airflow_env/lib/python3.12/site-packages/airflow/example_dags/example_dynamic_task_mapping.py took 0.084 seconds
[2026-06-21T15:46:44.576-0500] {processor.py:161} INFO - Started process (PID=57490) to work on /Users/naga/Desktop/airflow_env/lib/python3.12/site-packages/airflow/example_dags/example_dynamic_task_mapping.py
[2026-06-21T15:46:44.577-0500] {processor.py:830} INFO - Processing file /Users/naga/Desktop/airflow_env/lib/python3.12/site-packages/airflow/example_dags/example_dynamic_task_mapping.py for tasks to queue
[2026-06-21T15:46:44.577-0500] {logging_mixin.py:188} INFO - [2026-06-21T15:46:44.577-0500] {dagbag.py:545} INFO - Filling up the DagBag from /Users/naga/Desktop/airflow_env/lib/python3.12/site-packages/airflow/example_dags/example_dynamic_task_mapping.py
[2026-06-21T15:46:44.597-0500] {processor.py:840} INFO - DAG(s) 'example_dynamic_task_mapping' retrieved from /Users/naga/Desktop/airflow_env/lib/python3.12/site-packages/airflow/example_dags/example_dynamic_task_mapping.py
[2026-06-21T15:46:44.639-0500] {logging_mixin.py:188} INFO - [2026-06-21T15:46:44.639-0500] {dag.py:3089} INFO - Sync 1 DAGs
[2026-06-21T15:46:44.646-0500] {logging_mixin.py:188} INFO - [2026-06-21T15:46:44.646-0500] {dag.py:3947} INFO - Setting next_dagrun for example_dynamic_task_mapping to 2022-03-04 00:00:00+00:00, run_after=2022-03-05 00:00:00+00:00
[2026-06-21T15:46:44.653-0500] {processor.py:183} INFO - Processing /Users/naga/Desktop/airflow_env/lib/python3.12/site-packages/airflow/example_dags/example_dynamic_task_mapping.py took 0.079 seconds
[2026-06-21T15:48:50.515-0500] {processor.py:161} INFO - Started process (PID=57632) to work on /Users/naga/Desktop/airflow_env/lib/python3.12/site-packages/airflow/example_dags/example_dynamic_task_mapping.py
[2026-06-21T15:48:50.516-0500] {processor.py:830} INFO - Processing file /Users/naga/Desktop/airflow_env/lib/python3.12/site-packages/airflow/example_dags/example_dynamic_task_mapping.py for tasks to queue
[2026-06-21T15:48:50.517-0500] {logging_mixin.py:188} INFO - [2026-06-21T15:48:50.517-0500] {dagbag.py:545} INFO - Filling up the DagBag from /Users/naga/Desktop/airflow_env/lib/python3.12/site-packages/airflow/example_dags/example_dynamic_task_mapping.py
[2026-06-21T15:48:50.536-0500] {processor.py:840} INFO - DAG(s) 'example_dynamic_task_mapping' retrieved from /Users/naga/Desktop/airflow_env/lib/python3.12/site-packages/airflow/example_dags/example_dynamic_task_mapping.py
[2026-06-21T15:48:50.580-0500] {logging_mixin.py:188} INFO - [2026-06-21T15:48:50.580-0500] {dag.py:3089} INFO - Sync 1 DAGs
[2026-06-21T15:48:50.587-0500] {logging_mixin.py:188} INFO - [2026-06-21T15:48:50.587-0500] {dag.py:3947} INFO - Setting next_dagrun for example_dynamic_task_mapping to 2022-03-04 00:00:00+00:00, run_after=2022-03-05 00:00:00+00:00
[2026-06-21T15:48:50.595-0500] {processor.py:183} INFO - Processing /Users/naga/Desktop/airflow_env/lib/python3.12/site-packages/airflow/example_dags/example_dynamic_task_mapping.py took 0.081 seconds
[2026-06-21T15:50:56.873-0500] {processor.py:161} INFO - Started process (PID=57762) to work on /Users/naga/Desktop/airflow_env/lib/python3.12/site-packages/airflow/example_dags/example_dynamic_task_mapping.py
[2026-06-21T15:50:56.874-0500] {processor.py:830} INFO - Processing file /Users/naga/Desktop/airflow_env/lib/python3.12/site-packages/airflow/example_dags/example_dynamic_task_mapping.py for tasks to queue
[2026-06-21T15:50:56.874-0500] {logging_mixin.py:188} INFO - [2026-06-21T15:50:56.874-0500] {dagbag.py:545} INFO - Filling up the DagBag from /Users/naga/Desktop/airflow_env/lib/python3.12/site-packages/airflow/example_dags/example_dynamic_task_mapping.py
[2026-06-21T15:50:56.893-0500] {processor.py:840} INFO - DAG(s) 'example_dynamic_task_mapping' retrieved from /Users/naga/Desktop/airflow_env/lib/python3.12/site-packages/airflow/example_dags/example_dynamic_task_mapping.py
[2026-06-21T15:50:56.936-0500] {logging_mixin.py:188} INFO - [2026-06-21T15:50:56.936-0500] {dag.py:3089} INFO - Sync 1 DAGs
[2026-06-21T15:50:56.943-0500] {logging_mixin.py:188} INFO - [2026-06-21T15:50:56.943-0500] {dag.py:3947} INFO - Setting next_dagrun for example_dynamic_task_mapping to 2022-03-04 00:00:00+00:00, run_after=2022-03-05 00:00:00+00:00
[2026-06-21T15:50:56.951-0500] {processor.py:183} INFO - Processing /Users/naga/Desktop/airflow_env/lib/python3.12/site-packages/airflow/example_dags/example_dynamic_task_mapping.py took 0.079 seconds
[2026-06-21T15:53:01.091-0500] {processor.py:161} INFO - Started process (PID=57889) to work on /Users/naga/Desktop/airflow_env/lib/python3.12/site-packages/airflow/example_dags/example_dynamic_task_mapping.py
[2026-06-21T15:53:01.092-0500] {processor.py:830} INFO - Processing file /Users/naga/Desktop/airflow_env/lib/python3.12/site-packages/airflow/example_dags/example_dynamic_task_mapping.py for tasks to queue
[2026-06-21T15:53:01.093-0500] {logging_mixin.py:188} INFO - [2026-06-21T15:53:01.093-0500] {dagbag.py:545} INFO - Filling up the DagBag from /Users/naga/Desktop/airflow_env/lib/python3.12/site-packages/airflow/example_dags/example_dynamic_task_mapping.py
[2026-06-21T15:53:01.113-0500] {processor.py:840} INFO - DAG(s) 'example_dynamic_task_mapping' retrieved from /Users/naga/Desktop/airflow_env/lib/python3.12/site-packages/airflow/example_dags/example_dynamic_task_mapping.py
[2026-06-21T15:53:01.158-0500] {logging_mixin.py:188} INFO - [2026-06-21T15:53:01.157-0500] {dag.py:3089} INFO - Sync 1 DAGs
[2026-06-21T15:53:01.165-0500] {logging_mixin.py:188} INFO - [2026-06-21T15:53:01.165-0500] {dag.py:3947} INFO - Setting next_dagrun for example_dynamic_task_mapping to 2022-03-04 00:00:00+00:00, run_after=2022-03-05 00:00:00+00:00
[2026-06-21T15:53:01.173-0500] {processor.py:183} INFO - Processing /Users/naga/Desktop/airflow_env/lib/python3.12/site-packages/airflow/example_dags/example_dynamic_task_mapping.py took 0.083 seconds
[2026-06-21T15:55:06.991-0500] {processor.py:161} INFO - Started process (PID=58009) to work on /Users/naga/Desktop/airflow_env/lib/python3.12/site-packages/airflow/example_dags/example_dynamic_task_mapping.py
[2026-06-21T15:55:06.993-0500] {processor.py:830} INFO - Processing file /Users/naga/Desktop/airflow_env/lib/python3.12/site-packages/airflow/example_dags/example_dynamic_task_mapping.py for tasks to queue
[2026-06-21T15:55:06.993-0500] {logging_mixin.py:188} INFO - [2026-06-21T15:55:06.993-0500] {dagbag.py:545} INFO - Filling up the DagBag from /Users/naga/Desktop/airflow_env/lib/python3.12/site-packages/airflow/example_dags/example_dynamic_task_mapping.py
[2026-06-21T15:55:07.012-0500] {processor.py:840} INFO - DAG(s) 'example_dynamic_task_mapping' retrieved from /Users/naga/Desktop/airflow_env/lib/python3.12/site-packages/airflow/example_dags/example_dynamic_task_mapping.py
[2026-06-21T15:55:07.054-0500] {logging_mixin.py:188} INFO - [2026-06-21T15:55:07.054-0500] {dag.py:3089} INFO - Sync 1 DAGs
[2026-06-21T15:55:07.061-0500] {logging_mixin.py:188} INFO - [2026-06-21T15:55:07.061-0500] {dag.py:3947} INFO - Setting next_dagrun for example_dynamic_task_mapping to 2022-03-04 00:00:00+00:00, run_after=2022-03-05 00:00:00+00:00
[2026-06-21T15:55:07.068-0500] {processor.py:183} INFO - Processing /Users/naga/Desktop/airflow_env/lib/python3.12/site-packages/airflow/example_dags/example_dynamic_task_mapping.py took 0.078 seconds
[2026-06-21T15:57:10.994-0500] {processor.py:161} INFO - Started process (PID=58119) to work on /Users/naga/Desktop/airflow_env/lib/python3.12/site-packages/airflow/example_dags/example_dynamic_task_mapping.py
[2026-06-21T15:57:10.994-0500] {processor.py:830} INFO - Processing file /Users/naga/Desktop/airflow_env/lib/python3.12/site-packages/airflow/example_dags/example_dynamic_task_mapping.py for tasks to queue
[2026-06-21T15:57:10.995-0500] {logging_mixin.py:188} INFO - [2026-06-21T15:57:10.995-0500] {dagbag.py:545} INFO - Filling up the DagBag from /Users/naga/Desktop/airflow_env/lib/python3.12/site-packages/airflow/example_dags/example_dynamic_task_mapping.py
[2026-06-21T15:57:11.014-0500] {processor.py:840} INFO - DAG(s) 'example_dynamic_task_mapping' retrieved from /Users/naga/Desktop/airflow_env/lib/python3.12/site-packages/airflow/example_dags/example_dynamic_task_mapping.py
[2026-06-21T15:57:11.056-0500] {logging_mixin.py:188} INFO - [2026-06-21T15:57:11.056-0500] {dag.py:3089} INFO - Sync 1 DAGs
[2026-06-21T15:57:11.063-0500] {logging_mixin.py:188} INFO - [2026-06-21T15:57:11.063-0500] {dag.py:3947} INFO - Setting next_dagrun for example_dynamic_task_mapping to 2022-03-04 00:00:00+00:00, run_after=2022-03-05 00:00:00+00:00
[2026-06-21T15:57:11.071-0500] {processor.py:183} INFO - Processing /Users/naga/Desktop/airflow_env/lib/python3.12/site-packages/airflow/example_dags/example_dynamic_task_mapping.py took 0.079 seconds
[2026-06-21T15:59:19.625-0500] {processor.py:161} INFO - Started process (PID=58255) to work on /Users/naga/Desktop/airflow_env/lib/python3.12/site-packages/airflow/example_dags/example_dynamic_task_mapping.py
[2026-06-21T15:59:19.626-0500] {processor.py:830} INFO - Processing file /Users/naga/Desktop/airflow_env/lib/python3.12/site-packages/airflow/example_dags/example_dynamic_task_mapping.py for tasks to queue
[2026-06-21T15:59:19.626-0500] {logging_mixin.py:188} INFO - [2026-06-21T15:59:19.626-0500] {dagbag.py:545} INFO - Filling up the DagBag from /Users/naga/Desktop/airflow_env/lib/python3.12/site-packages/airflow/example_dags/example_dynamic_task_mapping.py
[2026-06-21T15:59:19.646-0500] {processor.py:840} INFO - DAG(s) 'example_dynamic_task_mapping' retrieved from /Users/naga/Desktop/airflow_env/lib/python3.12/site-packages/airflow/example_dags/example_dynamic_task_mapping.py
[2026-06-21T15:59:19.690-0500] {logging_mixin.py:188} INFO - [2026-06-21T15:59:19.690-0500] {dag.py:3089} INFO - Sync 1 DAGs
[2026-06-21T15:59:19.697-0500] {logging_mixin.py:188} INFO - [2026-06-21T15:59:19.697-0500] {dag.py:3947} INFO - Setting next_dagrun for example_dynamic_task_mapping to 2022-03-04 00:00:00+00:00, run_after=2022-03-05 00:00:00+00:00
[2026-06-21T15:59:19.705-0500] {processor.py:183} INFO - Processing /Users/naga/Desktop/airflow_env/lib/python3.12/site-packages/airflow/example_dags/example_dynamic_task_mapping.py took 0.081 seconds
[2026-06-21T16:01:27.231-0500] {processor.py:161} INFO - Started process (PID=58384) to work on /Users/naga/Desktop/airflow_env/lib/python3.12/site-packages/airflow/example_dags/example_dynamic_task_mapping.py
[2026-06-21T16:01:27.231-0500] {processor.py:830} INFO - Processing file /Users/naga/Desktop/airflow_env/lib/python3.12/site-packages/airflow/example_dags/example_dynamic_task_mapping.py for tasks to queue
[2026-06-21T16:01:27.232-0500] {logging_mixin.py:188} INFO - [2026-06-21T16:01:27.232-0500] {dagbag.py:545} INFO - Filling up the DagBag from /Users/naga/Desktop/airflow_env/lib/python3.12/site-packages/airflow/example_dags/example_dynamic_task_mapping.py
[2026-06-21T16:01:27.252-0500] {processor.py:840} INFO - DAG(s) 'example_dynamic_task_mapping' retrieved from /Users/naga/Desktop/airflow_env/lib/python3.12/site-packages/airflow/example_dags/example_dynamic_task_mapping.py
[2026-06-21T16:01:27.294-0500] {logging_mixin.py:188} INFO - [2026-06-21T16:01:27.294-0500] {dag.py:3089} INFO - Sync 1 DAGs
[2026-06-21T16:01:27.301-0500] {logging_mixin.py:188} INFO - [2026-06-21T16:01:27.301-0500] {dag.py:3947} INFO - Setting next_dagrun for example_dynamic_task_mapping to 2022-03-04 00:00:00+00:00, run_after=2022-03-05 00:00:00+00:00
[2026-06-21T16:01:27.309-0500] {processor.py:183} INFO - Processing /Users/naga/Desktop/airflow_env/lib/python3.12/site-packages/airflow/example_dags/example_dynamic_task_mapping.py took 0.080 seconds
[2026-06-21T16:03:33.640-0500] {processor.py:161} INFO - Started process (PID=58509) to work on /Users/naga/Desktop/airflow_env/lib/python3.12/site-packages/airflow/example_dags/example_dynamic_task_mapping.py
[2026-06-21T16:03:33.640-0500] {processor.py:830} INFO - Processing file /Users/naga/Desktop/airflow_env/lib/python3.12/site-packages/airflow/example_dags/example_dynamic_task_mapping.py for tasks to queue
[2026-06-21T16:03:33.641-0500] {logging_mixin.py:188} INFO - [2026-06-21T16:03:33.641-0500] {dagbag.py:545} INFO - Filling up the DagBag from /Users/naga/Desktop/airflow_env/lib/python3.12/site-packages/airflow/example_dags/example_dynamic_task_mapping.py
[2026-06-21T16:03:33.661-0500] {processor.py:840} INFO - DAG(s) 'example_dynamic_task_mapping' retrieved from /Users/naga/Desktop/airflow_env/lib/python3.12/site-packages/airflow/example_dags/example_dynamic_task_mapping.py
[2026-06-21T16:03:33.703-0500] {logging_mixin.py:188} INFO - [2026-06-21T16:03:33.703-0500] {dag.py:3089} INFO - Sync 1 DAGs
[2026-06-21T16:03:33.710-0500] {logging_mixin.py:188} INFO - [2026-06-21T16:03:33.710-0500] {dag.py:3947} INFO - Setting next_dagrun for example_dynamic_task_mapping to 2022-03-04 00:00:00+00:00, run_after=2022-03-05 00:00:00+00:00
[2026-06-21T16:03:33.718-0500] {processor.py:183} INFO - Processing /Users/naga/Desktop/airflow_env/lib/python3.12/site-packages/airflow/example_dags/example_dynamic_task_mapping.py took 0.079 seconds
[2026-06-21T16:05:42.344-0500] {processor.py:161} INFO - Started process (PID=58624) to work on /Users/naga/Desktop/airflow_env/lib/python3.12/site-packages/airflow/example_dags/example_dynamic_task_mapping.py
[2026-06-21T16:05:42.345-0500] {processor.py:830} INFO - Processing file /Users/naga/Desktop/airflow_env/lib/python3.12/site-packages/airflow/example_dags/example_dynamic_task_mapping.py for tasks to queue
[2026-06-21T16:05:42.345-0500] {logging_mixin.py:188} INFO - [2026-06-21T16:05:42.345-0500] {dagbag.py:545} INFO - Filling up the DagBag from /Users/naga/Desktop/airflow_env/lib/python3.12/site-packages/airflow/example_dags/example_dynamic_task_mapping.py
[2026-06-21T16:05:42.365-0500] {processor.py:840} INFO - DAG(s) 'example_dynamic_task_mapping' retrieved from /Users/naga/Desktop/airflow_env/lib/python3.12/site-packages/airflow/example_dags/example_dynamic_task_mapping.py
[2026-06-21T16:05:42.409-0500] {logging_mixin.py:188} INFO - [2026-06-21T16:05:42.409-0500] {dag.py:3089} INFO - Sync 1 DAGs
[2026-06-21T16:05:42.416-0500] {logging_mixin.py:188} INFO - [2026-06-21T16:05:42.416-0500] {dag.py:3947} INFO - Setting next_dagrun for example_dynamic_task_mapping to 2022-03-04 00:00:00+00:00, run_after=2022-03-05 00:00:00+00:00
[2026-06-21T16:05:42.424-0500] {processor.py:183} INFO - Processing /Users/naga/Desktop/airflow_env/lib/python3.12/site-packages/airflow/example_dags/example_dynamic_task_mapping.py took 0.081 seconds
[2026-06-21T16:07:52.315-0500] {processor.py:161} INFO - Started process (PID=58749) to work on /Users/naga/Desktop/airflow_env/lib/python3.12/site-packages/airflow/example_dags/example_dynamic_task_mapping.py
[2026-06-21T16:07:52.317-0500] {processor.py:830} INFO - Processing file /Users/naga/Desktop/airflow_env/lib/python3.12/site-packages/airflow/example_dags/example_dynamic_task_mapping.py for tasks to queue
[2026-06-21T16:07:52.317-0500] {logging_mixin.py:188} INFO - [2026-06-21T16:07:52.317-0500] {dagbag.py:545} INFO - Filling up the DagBag from /Users/naga/Desktop/airflow_env/lib/python3.12/site-packages/airflow/example_dags/example_dynamic_task_mapping.py
[2026-06-21T16:07:52.341-0500] {processor.py:840} INFO - DAG(s) 'example_dynamic_task_mapping' retrieved from /Users/naga/Desktop/airflow_env/lib/python3.12/site-packages/airflow/example_dags/example_dynamic_task_mapping.py
[2026-06-21T16:07:52.394-0500] {logging_mixin.py:188} INFO - [2026-06-21T16:07:52.393-0500] {dag.py:3089} INFO - Sync 1 DAGs
[2026-06-21T16:07:52.402-0500] {logging_mixin.py:188} INFO - [2026-06-21T16:07:52.402-0500] {dag.py:3947} INFO - Setting next_dagrun for example_dynamic_task_mapping to 2022-03-04 00:00:00+00:00, run_after=2022-03-05 00:00:00+00:00
[2026-06-21T16:07:52.411-0500] {processor.py:183} INFO - Processing /Users/naga/Desktop/airflow_env/lib/python3.12/site-packages/airflow/example_dags/example_dynamic_task_mapping.py took 0.097 seconds
[2026-06-21T16:10:06.913-0500] {processor.py:161} INFO - Started process (PID=58895) to work on /Users/naga/Desktop/airflow_env/lib/python3.12/site-packages/airflow/example_dags/example_dynamic_task_mapping.py
[2026-06-21T16:10:06.916-0500] {processor.py:830} INFO - Processing file /Users/naga/Desktop/airflow_env/lib/python3.12/site-packages/airflow/example_dags/example_dynamic_task_mapping.py for tasks to queue
[2026-06-21T16:10:06.916-0500] {logging_mixin.py:188} INFO - [2026-06-21T16:10:06.916-0500] {dagbag.py:545} INFO - Filling up the DagBag from /Users/naga/Desktop/airflow_env/lib/python3.12/site-packages/airflow/example_dags/example_dynamic_task_mapping.py
[2026-06-21T16:10:06.937-0500] {processor.py:840} INFO - DAG(s) 'example_dynamic_task_mapping' retrieved from /Users/naga/Desktop/airflow_env/lib/python3.12/site-packages/airflow/example_dags/example_dynamic_task_mapping.py
[2026-06-21T16:10:06.985-0500] {logging_mixin.py:188} INFO - [2026-06-21T16:10:06.984-0500] {dag.py:3089} INFO - Sync 1 DAGs
[2026-06-21T16:10:06.992-0500] {logging_mixin.py:188} INFO - [2026-06-21T16:10:06.992-0500] {dag.py:3947} INFO - Setting next_dagrun for example_dynamic_task_mapping to 2022-03-04 00:00:00+00:00, run_after=2022-03-05 00:00:00+00:00
[2026-06-21T16:10:07.002-0500] {processor.py:183} INFO - Processing /Users/naga/Desktop/airflow_env/lib/python3.12/site-packages/airflow/example_dags/example_dynamic_task_mapping.py took 0.090 seconds
[2026-06-21T16:12:20.601-0500] {processor.py:161} INFO - Started process (PID=59010) to work on /Users/naga/Desktop/airflow_env/lib/python3.12/site-packages/airflow/example_dags/example_dynamic_task_mapping.py
[2026-06-21T16:12:20.601-0500] {processor.py:830} INFO - Processing file /Users/naga/Desktop/airflow_env/lib/python3.12/site-packages/airflow/example_dags/example_dynamic_task_mapping.py for tasks to queue
[2026-06-21T16:12:20.602-0500] {logging_mixin.py:188} INFO - [2026-06-21T16:12:20.602-0500] {dagbag.py:545} INFO - Filling up the DagBag from /Users/naga/Desktop/airflow_env/lib/python3.12/site-packages/airflow/example_dags/example_dynamic_task_mapping.py
[2026-06-21T16:12:20.623-0500] {processor.py:840} INFO - DAG(s) 'example_dynamic_task_mapping' retrieved from /Users/naga/Desktop/airflow_env/lib/python3.12/site-packages/airflow/example_dags/example_dynamic_task_mapping.py
[2026-06-21T16:12:20.669-0500] {logging_mixin.py:188} INFO - [2026-06-21T16:12:20.669-0500] {dag.py:3089} INFO - Sync 1 DAGs
[2026-06-21T16:12:20.677-0500] {logging_mixin.py:188} INFO - [2026-06-21T16:12:20.677-0500] {dag.py:3947} INFO - Setting next_dagrun for example_dynamic_task_mapping to 2022-03-04 00:00:00+00:00, run_after=2022-03-05 00:00:00+00:00
[2026-06-21T16:12:20.685-0500] {processor.py:183} INFO - Processing /Users/naga/Desktop/airflow_env/lib/python3.12/site-packages/airflow/example_dags/example_dynamic_task_mapping.py took 0.086 seconds
[2026-06-21T16:14:31.523-0500] {processor.py:161} INFO - Started process (PID=59129) to work on /Users/naga/Desktop/airflow_env/lib/python3.12/site-packages/airflow/example_dags/example_dynamic_task_mapping.py
[2026-06-21T16:14:31.523-0500] {processor.py:830} INFO - Processing file /Users/naga/Desktop/airflow_env/lib/python3.12/site-packages/airflow/example_dags/example_dynamic_task_mapping.py for tasks to queue
[2026-06-21T16:14:31.524-0500] {logging_mixin.py:188} INFO - [2026-06-21T16:14:31.524-0500] {dagbag.py:545} INFO - Filling up the DagBag from /Users/naga/Desktop/airflow_env/lib/python3.12/site-packages/airflow/example_dags/example_dynamic_task_mapping.py
[2026-06-21T16:14:31.546-0500] {processor.py:840} INFO - DAG(s) 'example_dynamic_task_mapping' retrieved from /Users/naga/Desktop/airflow_env/lib/python3.12/site-packages/airflow/example_dags/example_dynamic_task_mapping.py
[2026-06-21T16:14:31.593-0500] {logging_mixin.py:188} INFO - [2026-06-21T16:14:31.593-0500] {dag.py:3089} INFO - Sync 1 DAGs
[2026-06-21T16:14:31.601-0500] {logging_mixin.py:188} INFO - [2026-06-21T16:14:31.601-0500] {dag.py:3947} INFO - Setting next_dagrun for example_dynamic_task_mapping to 2022-03-04 00:00:00+00:00, run_after=2022-03-05 00:00:00+00:00
[2026-06-21T16:14:31.609-0500] {processor.py:183} INFO - Processing /Users/naga/Desktop/airflow_env/lib/python3.12/site-packages/airflow/example_dags/example_dynamic_task_mapping.py took 0.088 seconds
[2026-06-21T16:16:42.399-0500] {processor.py:161} INFO - Started process (PID=59260) to work on /Users/naga/Desktop/airflow_env/lib/python3.12/site-packages/airflow/example_dags/example_dynamic_task_mapping.py
[2026-06-21T16:16:42.400-0500] {processor.py:830} INFO - Processing file /Users/naga/Desktop/airflow_env/lib/python3.12/site-packages/airflow/example_dags/example_dynamic_task_mapping.py for tasks to queue
[2026-06-21T16:16:42.401-0500] {logging_mixin.py:188} INFO - [2026-06-21T16:16:42.401-0500] {dagbag.py:545} INFO - Filling up the DagBag from /Users/naga/Desktop/airflow_env/lib/python3.12/site-packages/airflow/example_dags/example_dynamic_task_mapping.py
[2026-06-21T16:16:42.422-0500] {processor.py:840} INFO - DAG(s) 'example_dynamic_task_mapping' retrieved from /Users/naga/Desktop/airflow_env/lib/python3.12/site-packages/airflow/example_dags/example_dynamic_task_mapping.py
[2026-06-21T16:16:42.468-0500] {logging_mixin.py:188} INFO - [2026-06-21T16:16:42.467-0500] {dag.py:3089} INFO - Sync 1 DAGs
[2026-06-21T16:16:42.475-0500] {logging_mixin.py:188} INFO - [2026-06-21T16:16:42.475-0500] {dag.py:3947} INFO - Setting next_dagrun for example_dynamic_task_mapping to 2022-03-04 00:00:00+00:00, run_after=2022-03-05 00:00:00+00:00
[2026-06-21T16:16:42.483-0500] {processor.py:183} INFO - Processing /Users/naga/Desktop/airflow_env/lib/python3.12/site-packages/airflow/example_dags/example_dynamic_task_mapping.py took 0.085 seconds
[2026-06-21T16:18:54.333-0500] {processor.py:161} INFO - Started process (PID=59409) to work on /Users/naga/Desktop/airflow_env/lib/python3.12/site-packages/airflow/example_dags/example_dynamic_task_mapping.py
[2026-06-21T16:18:54.334-0500] {processor.py:830} INFO - Processing file /Users/naga/Desktop/airflow_env/lib/python3.12/site-packages/airflow/example_dags/example_dynamic_task_mapping.py for tasks to queue
[2026-06-21T16:18:54.335-0500] {logging_mixin.py:188} INFO - [2026-06-21T16:18:54.334-0500] {dagbag.py:545} INFO - Filling up the DagBag from /Users/naga/Desktop/airflow_env/lib/python3.12/site-packages/airflow/example_dags/example_dynamic_task_mapping.py
[2026-06-21T16:18:54.356-0500] {processor.py:840} INFO - DAG(s) 'example_dynamic_task_mapping' retrieved from /Users/naga/Desktop/airflow_env/lib/python3.12/site-packages/airflow/example_dags/example_dynamic_task_mapping.py
[2026-06-21T16:18:54.404-0500] {logging_mixin.py:188} INFO - [2026-06-21T16:18:54.404-0500] {dag.py:3089} INFO - Sync 1 DAGs
[2026-06-21T16:18:54.412-0500] {logging_mixin.py:188} INFO - [2026-06-21T16:18:54.411-0500] {dag.py:3947} INFO - Setting next_dagrun for example_dynamic_task_mapping to 2022-03-04 00:00:00+00:00, run_after=2022-03-05 00:00:00+00:00
[2026-06-21T16:18:54.420-0500] {processor.py:183} INFO - Processing /Users/naga/Desktop/airflow_env/lib/python3.12/site-packages/airflow/example_dags/example_dynamic_task_mapping.py took 0.088 seconds
[2026-06-21T16:21:02.866-0500] {processor.py:161} INFO - Started process (PID=59548) to work on /Users/naga/Desktop/airflow_env/lib/python3.12/site-packages/airflow/example_dags/example_dynamic_task_mapping.py
[2026-06-21T16:21:02.867-0500] {processor.py:830} INFO - Processing file /Users/naga/Desktop/airflow_env/lib/python3.12/site-packages/airflow/example_dags/example_dynamic_task_mapping.py for tasks to queue
[2026-06-21T16:21:02.867-0500] {logging_mixin.py:188} INFO - [2026-06-21T16:21:02.867-0500] {dagbag.py:545} INFO - Filling up the DagBag from /Users/naga/Desktop/airflow_env/lib/python3.12/site-packages/airflow/example_dags/example_dynamic_task_mapping.py
[2026-06-21T16:21:02.888-0500] {processor.py:840} INFO - DAG(s) 'example_dynamic_task_mapping' retrieved from /Users/naga/Desktop/airflow_env/lib/python3.12/site-packages/airflow/example_dags/example_dynamic_task_mapping.py
[2026-06-21T16:21:02.935-0500] {logging_mixin.py:188} INFO - [2026-06-21T16:21:02.934-0500] {dag.py:3089} INFO - Sync 1 DAGs
[2026-06-21T16:21:02.942-0500] {logging_mixin.py:188} INFO - [2026-06-21T16:21:02.942-0500] {dag.py:3947} INFO - Setting next_dagrun for example_dynamic_task_mapping to 2022-03-04 00:00:00+00:00, run_after=2022-03-05 00:00:00+00:00
[2026-06-21T16:21:02.950-0500] {processor.py:183} INFO - Processing /Users/naga/Desktop/airflow_env/lib/python3.12/site-packages/airflow/example_dags/example_dynamic_task_mapping.py took 0.086 seconds
[2026-06-21T16:23:12.380-0500] {processor.py:161} INFO - Started process (PID=59685) to work on /Users/naga/Desktop/airflow_env/lib/python3.12/site-packages/airflow/example_dags/example_dynamic_task_mapping.py
[2026-06-21T16:23:12.381-0500] {processor.py:830} INFO - Processing file /Users/naga/Desktop/airflow_env/lib/python3.12/site-packages/airflow/example_dags/example_dynamic_task_mapping.py for tasks to queue
[2026-06-21T16:23:12.381-0500] {logging_mixin.py:188} INFO - [2026-06-21T16:23:12.381-0500] {dagbag.py:545} INFO - Filling up the DagBag from /Users/naga/Desktop/airflow_env/lib/python3.12/site-packages/airflow/example_dags/example_dynamic_task_mapping.py
[2026-06-21T16:23:12.403-0500] {processor.py:840} INFO - DAG(s) 'example_dynamic_task_mapping' retrieved from /Users/naga/Desktop/airflow_env/lib/python3.12/site-packages/airflow/example_dags/example_dynamic_task_mapping.py
[2026-06-21T16:23:12.449-0500] {logging_mixin.py:188} INFO - [2026-06-21T16:23:12.449-0500] {dag.py:3089} INFO - Sync 1 DAGs
[2026-06-21T16:23:12.457-0500] {logging_mixin.py:188} INFO - [2026-06-21T16:23:12.457-0500] {dag.py:3947} INFO - Setting next_dagrun for example_dynamic_task_mapping to 2022-03-04 00:00:00+00:00, run_after=2022-03-05 00:00:00+00:00
[2026-06-21T16:23:12.465-0500] {processor.py:183} INFO - Processing /Users/naga/Desktop/airflow_env/lib/python3.12/site-packages/airflow/example_dags/example_dynamic_task_mapping.py took 0.086 seconds
[2026-06-21T16:25:22.289-0500] {processor.py:161} INFO - Started process (PID=59803) to work on /Users/naga/Desktop/airflow_env/lib/python3.12/site-packages/airflow/example_dags/example_dynamic_task_mapping.py
[2026-06-21T16:25:22.290-0500] {processor.py:830} INFO - Processing file /Users/naga/Desktop/airflow_env/lib/python3.12/site-packages/airflow/example_dags/example_dynamic_task_mapping.py for tasks to queue
[2026-06-21T16:25:22.291-0500] {logging_mixin.py:188} INFO - [2026-06-21T16:25:22.291-0500] {dagbag.py:545} INFO - Filling up the DagBag from /Users/naga/Desktop/airflow_env/lib/python3.12/site-packages/airflow/example_dags/example_dynamic_task_mapping.py
[2026-06-21T16:25:22.317-0500] {processor.py:840} INFO - DAG(s) 'example_dynamic_task_mapping' retrieved from /Users/naga/Desktop/airflow_env/lib/python3.12/site-packages/airflow/example_dags/example_dynamic_task_mapping.py
[2026-06-21T16:25:22.373-0500] {logging_mixin.py:188} INFO - [2026-06-21T16:25:22.373-0500] {dag.py:3089} INFO - Sync 1 DAGs
[2026-06-21T16:25:22.382-0500] {logging_mixin.py:188} INFO - [2026-06-21T16:25:22.382-0500] {dag.py:3947} INFO - Setting next_dagrun for example_dynamic_task_mapping to 2022-03-04 00:00:00+00:00, run_after=2022-03-05 00:00:00+00:00
[2026-06-21T16:25:22.392-0500] {processor.py:183} INFO - Processing /Users/naga/Desktop/airflow_env/lib/python3.12/site-packages/airflow/example_dags/example_dynamic_task_mapping.py took 0.104 seconds
[2026-06-21T16:27:42.453-0500] {processor.py:161} INFO - Started process (PID=59971) to work on /Users/naga/Desktop/airflow_env/lib/python3.12/site-packages/airflow/example_dags/example_dynamic_task_mapping.py
[2026-06-21T16:27:42.454-0500] {processor.py:830} INFO - Processing file /Users/naga/Desktop/airflow_env/lib/python3.12/site-packages/airflow/example_dags/example_dynamic_task_mapping.py for tasks to queue
[2026-06-21T16:27:42.454-0500] {logging_mixin.py:188} INFO - [2026-06-21T16:27:42.454-0500] {dagbag.py:545} INFO - Filling up the DagBag from /Users/naga/Desktop/airflow_env/lib/python3.12/site-packages/airflow/example_dags/example_dynamic_task_mapping.py
[2026-06-21T16:27:42.478-0500] {processor.py:840} INFO - DAG(s) 'example_dynamic_task_mapping' retrieved from /Users/naga/Desktop/airflow_env/lib/python3.12/site-packages/airflow/example_dags/example_dynamic_task_mapping.py
[2026-06-21T16:27:42.521-0500] {logging_mixin.py:188} INFO - [2026-06-21T16:27:42.521-0500] {dag.py:3089} INFO - Sync 1 DAGs
[2026-06-21T16:27:42.528-0500] {logging_mixin.py:188} INFO - [2026-06-21T16:27:42.528-0500] {dag.py:3947} INFO - Setting next_dagrun for example_dynamic_task_mapping to 2022-03-04 00:00:00+00:00, run_after=2022-03-05 00:00:00+00:00
[2026-06-21T16:27:42.536-0500] {processor.py:183} INFO - Processing /Users/naga/Desktop/airflow_env/lib/python3.12/site-packages/airflow/example_dags/example_dynamic_task_mapping.py took 0.084 seconds
[2026-06-21T16:29:52.902-0500] {processor.py:161} INFO - Started process (PID=60075) to work on /Users/naga/Desktop/airflow_env/lib/python3.12/site-packages/airflow/example_dags/example_dynamic_task_mapping.py
[2026-06-21T16:29:52.903-0500] {processor.py:830} INFO - Processing file /Users/naga/Desktop/airflow_env/lib/python3.12/site-packages/airflow/example_dags/example_dynamic_task_mapping.py for tasks to queue
[2026-06-21T16:29:52.903-0500] {logging_mixin.py:188} INFO - [2026-06-21T16:29:52.903-0500] {dagbag.py:545} INFO - Filling up the DagBag from /Users/naga/Desktop/airflow_env/lib/python3.12/site-packages/airflow/example_dags/example_dynamic_task_mapping.py
[2026-06-21T16:29:52.923-0500] {processor.py:840} INFO - DAG(s) 'example_dynamic_task_mapping' retrieved from /Users/naga/Desktop/airflow_env/lib/python3.12/site-packages/airflow/example_dags/example_dynamic_task_mapping.py
[2026-06-21T16:29:52.965-0500] {logging_mixin.py:188} INFO - [2026-06-21T16:29:52.965-0500] {dag.py:3089} INFO - Sync 1 DAGs
[2026-06-21T16:29:52.972-0500] {logging_mixin.py:188} INFO - [2026-06-21T16:29:52.972-0500] {dag.py:3947} INFO - Setting next_dagrun for example_dynamic_task_mapping to 2022-03-04 00:00:00+00:00, run_after=2022-03-05 00:00:00+00:00
[2026-06-21T16:29:52.980-0500] {processor.py:183} INFO - Processing /Users/naga/Desktop/airflow_env/lib/python3.12/site-packages/airflow/example_dags/example_dynamic_task_mapping.py took 0.079 seconds
[2026-06-21T16:31:57.764-0500] {processor.py:161} INFO - Started process (PID=60223) to work on /Users/naga/Desktop/airflow_env/lib/python3.12/site-packages/airflow/example_dags/example_dynamic_task_mapping.py
[2026-06-21T16:31:57.764-0500] {processor.py:830} INFO - Processing file /Users/naga/Desktop/airflow_env/lib/python3.12/site-packages/airflow/example_dags/example_dynamic_task_mapping.py for tasks to queue
[2026-06-21T16:31:57.765-0500] {logging_mixin.py:188} INFO - [2026-06-21T16:31:57.765-0500] {dagbag.py:545} INFO - Filling up the DagBag from /Users/naga/Desktop/airflow_env/lib/python3.12/site-packages/airflow/example_dags/example_dynamic_task_mapping.py
[2026-06-21T16:31:57.785-0500] {processor.py:840} INFO - DAG(s) 'example_dynamic_task_mapping' retrieved from /Users/naga/Desktop/airflow_env/lib/python3.12/site-packages/airflow/example_dags/example_dynamic_task_mapping.py
[2026-06-21T16:31:57.828-0500] {logging_mixin.py:188} INFO - [2026-06-21T16:31:57.828-0500] {dag.py:3089} INFO - Sync 1 DAGs
[2026-06-21T16:31:57.836-0500] {logging_mixin.py:188} INFO - [2026-06-21T16:31:57.835-0500] {dag.py:3947} INFO - Setting next_dagrun for example_dynamic_task_mapping to 2022-03-04 00:00:00+00:00, run_after=2022-03-05 00:00:00+00:00
[2026-06-21T16:31:57.844-0500] {processor.py:183} INFO - Processing /Users/naga/Desktop/airflow_env/lib/python3.12/site-packages/airflow/example_dags/example_dynamic_task_mapping.py took 0.082 seconds
[2026-06-21T16:33:59.265-0500] {processor.py:161} INFO - Started process (PID=60337) to work on /Users/naga/Desktop/airflow_env/lib/python3.12/site-packages/airflow/example_dags/example_dynamic_task_mapping.py
[2026-06-21T16:33:59.266-0500] {processor.py:830} INFO - Processing file /Users/naga/Desktop/airflow_env/lib/python3.12/site-packages/airflow/example_dags/example_dynamic_task_mapping.py for tasks to queue
[2026-06-21T16:33:59.266-0500] {logging_mixin.py:188} INFO - [2026-06-21T16:33:59.266-0500] {dagbag.py:545} INFO - Filling up the DagBag from /Users/naga/Desktop/airflow_env/lib/python3.12/site-packages/airflow/example_dags/example_dynamic_task_mapping.py
[2026-06-21T16:33:59.285-0500] {processor.py:840} INFO - DAG(s) 'example_dynamic_task_mapping' retrieved from /Users/naga/Desktop/airflow_env/lib/python3.12/site-packages/airflow/example_dags/example_dynamic_task_mapping.py
[2026-06-21T16:33:59.328-0500] {logging_mixin.py:188} INFO - [2026-06-21T16:33:59.328-0500] {dag.py:3089} INFO - Sync 1 DAGs
[2026-06-21T16:33:59.335-0500] {logging_mixin.py:188} INFO - [2026-06-21T16:33:59.335-0500] {dag.py:3947} INFO - Setting next_dagrun for example_dynamic_task_mapping to 2022-03-04 00:00:00+00:00, run_after=2022-03-05 00:00:00+00:00
[2026-06-21T16:33:59.343-0500] {processor.py:183} INFO - Processing /Users/naga/Desktop/airflow_env/lib/python3.12/site-packages/airflow/example_dags/example_dynamic_task_mapping.py took 0.079 seconds
[2026-06-21T16:36:07.410-0500] {processor.py:161} INFO - Started process (PID=60464) to work on /Users/naga/Desktop/airflow_env/lib/python3.12/site-packages/airflow/example_dags/example_dynamic_task_mapping.py
[2026-06-21T16:36:07.410-0500] {processor.py:830} INFO - Processing file /Users/naga/Desktop/airflow_env/lib/python3.12/site-packages/airflow/example_dags/example_dynamic_task_mapping.py for tasks to queue
[2026-06-21T16:36:07.411-0500] {logging_mixin.py:188} INFO - [2026-06-21T16:36:07.411-0500] {dagbag.py:545} INFO - Filling up the DagBag from /Users/naga/Desktop/airflow_env/lib/python3.12/site-packages/airflow/example_dags/example_dynamic_task_mapping.py
[2026-06-21T16:36:07.431-0500] {processor.py:840} INFO - DAG(s) 'example_dynamic_task_mapping' retrieved from /Users/naga/Desktop/airflow_env/lib/python3.12/site-packages/airflow/example_dags/example_dynamic_task_mapping.py
[2026-06-21T16:36:07.476-0500] {logging_mixin.py:188} INFO - [2026-06-21T16:36:07.476-0500] {dag.py:3089} INFO - Sync 1 DAGs
[2026-06-21T16:36:07.484-0500] {logging_mixin.py:188} INFO - [2026-06-21T16:36:07.484-0500] {dag.py:3947} INFO - Setting next_dagrun for example_dynamic_task_mapping to 2022-03-04 00:00:00+00:00, run_after=2022-03-05 00:00:00+00:00
[2026-06-21T16:36:07.491-0500] {processor.py:183} INFO - Processing /Users/naga/Desktop/airflow_env/lib/python3.12/site-packages/airflow/example_dags/example_dynamic_task_mapping.py took 0.083 seconds
[2026-06-21T16:38:11.102-0500] {processor.py:161} INFO - Started process (PID=60594) to work on /Users/naga/Desktop/airflow_env/lib/python3.12/site-packages/airflow/example_dags/example_dynamic_task_mapping.py
[2026-06-21T16:38:11.103-0500] {processor.py:830} INFO - Processing file /Users/naga/Desktop/airflow_env/lib/python3.12/site-packages/airflow/example_dags/example_dynamic_task_mapping.py for tasks to queue
[2026-06-21T16:38:11.103-0500] {logging_mixin.py:188} INFO - [2026-06-21T16:38:11.103-0500] {dagbag.py:545} INFO - Filling up the DagBag from /Users/naga/Desktop/airflow_env/lib/python3.12/site-packages/airflow/example_dags/example_dynamic_task_mapping.py
[2026-06-21T16:38:11.123-0500] {processor.py:840} INFO - DAG(s) 'example_dynamic_task_mapping' retrieved from /Users/naga/Desktop/airflow_env/lib/python3.12/site-packages/airflow/example_dags/example_dynamic_task_mapping.py
[2026-06-21T16:38:11.165-0500] {logging_mixin.py:188} INFO - [2026-06-21T16:38:11.165-0500] {dag.py:3089} INFO - Sync 1 DAGs
[2026-06-21T16:38:11.172-0500] {logging_mixin.py:188} INFO - [2026-06-21T16:38:11.172-0500] {dag.py:3947} INFO - Setting next_dagrun for example_dynamic_task_mapping to 2022-03-04 00:00:00+00:00, run_after=2022-03-05 00:00:00+00:00
[2026-06-21T16:38:11.179-0500] {processor.py:183} INFO - Processing /Users/naga/Desktop/airflow_env/lib/python3.12/site-packages/airflow/example_dags/example_dynamic_task_mapping.py took 0.079 seconds
[2026-06-21T16:40:18.189-0500] {processor.py:161} INFO - Started process (PID=60717) to work on /Users/naga/Desktop/airflow_env/lib/python3.12/site-packages/airflow/example_dags/example_dynamic_task_mapping.py
[2026-06-21T16:40:18.190-0500] {processor.py:830} INFO - Processing file /Users/naga/Desktop/airflow_env/lib/python3.12/site-packages/airflow/example_dags/example_dynamic_task_mapping.py for tasks to queue
[2026-06-21T16:40:18.190-0500] {logging_mixin.py:188} INFO - [2026-06-21T16:40:18.190-0500] {dagbag.py:545} INFO - Filling up the DagBag from /Users/naga/Desktop/airflow_env/lib/python3.12/site-packages/airflow/example_dags/example_dynamic_task_mapping.py
[2026-06-21T16:40:18.211-0500] {processor.py:840} INFO - DAG(s) 'example_dynamic_task_mapping' retrieved from /Users/naga/Desktop/airflow_env/lib/python3.12/site-packages/airflow/example_dags/example_dynamic_task_mapping.py
[2026-06-21T16:40:18.256-0500] {logging_mixin.py:188} INFO - [2026-06-21T16:40:18.255-0500] {dag.py:3089} INFO - Sync 1 DAGs
[2026-06-21T16:40:18.263-0500] {logging_mixin.py:188} INFO - [2026-06-21T16:40:18.263-0500] {dag.py:3947} INFO - Setting next_dagrun for example_dynamic_task_mapping to 2022-03-04 00:00:00+00:00, run_after=2022-03-05 00:00:00+00:00
[2026-06-21T16:40:18.270-0500] {processor.py:183} INFO - Processing /Users/naga/Desktop/airflow_env/lib/python3.12/site-packages/airflow/example_dags/example_dynamic_task_mapping.py took 0.083 seconds
[2026-06-21T16:43:29.407-0500] {processor.py:161} INFO - Started process (PID=60869) to work on /Users/naga/Desktop/airflow_env/lib/python3.12/site-packages/airflow/example_dags/example_dynamic_task_mapping.py
[2026-06-21T16:43:29.409-0500] {processor.py:830} INFO - Processing file /Users/naga/Desktop/airflow_env/lib/python3.12/site-packages/airflow/example_dags/example_dynamic_task_mapping.py for tasks to queue
[2026-06-21T16:43:29.409-0500] {logging_mixin.py:188} INFO - [2026-06-21T16:43:29.409-0500] {dagbag.py:545} INFO - Filling up the DagBag from /Users/naga/Desktop/airflow_env/lib/python3.12/site-packages/airflow/example_dags/example_dynamic_task_mapping.py
[2026-06-21T16:43:29.442-0500] {processor.py:840} INFO - DAG(s) 'example_dynamic_task_mapping' retrieved from /Users/naga/Desktop/airflow_env/lib/python3.12/site-packages/airflow/example_dags/example_dynamic_task_mapping.py
[2026-06-21T16:43:29.514-0500] {logging_mixin.py:188} INFO - [2026-06-21T16:43:29.513-0500] {dag.py:3089} INFO - Sync 1 DAGs
[2026-06-21T16:43:29.525-0500] {logging_mixin.py:188} INFO - [2026-06-21T16:43:29.525-0500] {dag.py:3947} INFO - Setting next_dagrun for example_dynamic_task_mapping to 2022-03-04 00:00:00+00:00, run_after=2022-03-05 00:00:00+00:00
[2026-06-21T16:43:29.538-0500] {processor.py:183} INFO - Processing /Users/naga/Desktop/airflow_env/lib/python3.12/site-packages/airflow/example_dags/example_dynamic_task_mapping.py took 0.133 seconds
[2026-06-21T16:46:35.633-0500] {processor.py:161} INFO - Started process (PID=61028) to work on /Users/naga/Desktop/airflow_env/lib/python3.12/site-packages/airflow/example_dags/example_dynamic_task_mapping.py
[2026-06-21T16:46:35.635-0500] {processor.py:830} INFO - Processing file /Users/naga/Desktop/airflow_env/lib/python3.12/site-packages/airflow/example_dags/example_dynamic_task_mapping.py for tasks to queue
[2026-06-21T16:46:35.635-0500] {logging_mixin.py:188} INFO - [2026-06-21T16:46:35.635-0500] {dagbag.py:545} INFO - Filling up the DagBag from /Users/naga/Desktop/airflow_env/lib/python3.12/site-packages/airflow/example_dags/example_dynamic_task_mapping.py
[2026-06-21T16:46:35.668-0500] {processor.py:840} INFO - DAG(s) 'example_dynamic_task_mapping' retrieved from /Users/naga/Desktop/airflow_env/lib/python3.12/site-packages/airflow/example_dags/example_dynamic_task_mapping.py
[2026-06-21T16:46:35.739-0500] {logging_mixin.py:188} INFO - [2026-06-21T16:46:35.739-0500] {dag.py:3089} INFO - Sync 1 DAGs
[2026-06-21T16:46:35.751-0500] {logging_mixin.py:188} INFO - [2026-06-21T16:46:35.751-0500] {dag.py:3947} INFO - Setting next_dagrun for example_dynamic_task_mapping to 2022-03-04 00:00:00+00:00, run_after=2022-03-05 00:00:00+00:00
[2026-06-21T16:46:35.764-0500] {processor.py:183} INFO - Processing /Users/naga/Desktop/airflow_env/lib/python3.12/site-packages/airflow/example_dags/example_dynamic_task_mapping.py took 0.132 seconds
[2026-06-21T18:49:58.030-0500] {processor.py:161} INFO - Started process (PID=61254) to work on /Users/naga/Desktop/airflow_env/lib/python3.12/site-packages/airflow/example_dags/example_dynamic_task_mapping.py
[2026-06-21T18:49:58.031-0500] {processor.py:830} INFO - Processing file /Users/naga/Desktop/airflow_env/lib/python3.12/site-packages/airflow/example_dags/example_dynamic_task_mapping.py for tasks to queue
[2026-06-21T18:49:58.031-0500] {logging_mixin.py:188} INFO - [2026-06-21T18:49:58.031-0500] {dagbag.py:545} INFO - Filling up the DagBag from /Users/naga/Desktop/airflow_env/lib/python3.12/site-packages/airflow/example_dags/example_dynamic_task_mapping.py
[2026-06-21T18:49:58.065-0500] {processor.py:840} INFO - DAG(s) 'example_dynamic_task_mapping' retrieved from /Users/naga/Desktop/airflow_env/lib/python3.12/site-packages/airflow/example_dags/example_dynamic_task_mapping.py
[2026-06-21T18:49:58.139-0500] {logging_mixin.py:188} INFO - [2026-06-21T18:49:58.138-0500] {dag.py:3089} INFO - Sync 1 DAGs
[2026-06-21T18:49:58.151-0500] {logging_mixin.py:188} INFO - [2026-06-21T18:49:58.150-0500] {dag.py:3947} INFO - Setting next_dagrun for example_dynamic_task_mapping to 2022-03-04 00:00:00+00:00, run_after=2022-03-05 00:00:00+00:00
[2026-06-21T18:49:58.164-0500] {processor.py:183} INFO - Processing /Users/naga/Desktop/airflow_env/lib/python3.12/site-packages/airflow/example_dags/example_dynamic_task_mapping.py took 0.137 seconds
