[2026-06-21T14:45:36.570-0500] {processor.py:161} INFO - Started process (PID=54358) to work on /Users/naga/Desktop/airflow_env/lib/python3.12/site-packages/airflow/example_dags/example_branch_datetime_operator.py
[2026-06-21T14:45:36.573-0500] {processor.py:830} INFO - Processing file /Users/naga/Desktop/airflow_env/lib/python3.12/site-packages/airflow/example_dags/example_branch_datetime_operator.py for tasks to queue
[2026-06-21T14:45:36.577-0500] {logging_mixin.py:188} INFO - [2026-06-21T14:45:36.576-0500] {dagbag.py:545} INFO - Filling up the DagBag from /Users/naga/Desktop/airflow_env/lib/python3.12/site-packages/airflow/example_dags/example_branch_datetime_operator.py
[2026-06-21T14:45:36.616-0500] {processor.py:840} INFO - DAG(s) 'example_branch_datetime_operator', 'example_branch_datetime_operator_3', 'example_branch_datetime_operator_2' retrieved from /Users/naga/Desktop/airflow_env/lib/python3.12/site-packages/airflow/example_dags/example_branch_datetime_operator.py
[2026-06-21T14:45:36.864-0500] {logging_mixin.py:188} INFO - [2026-06-21T14:45:36.864-0500] {override.py:1858} INFO - Created Permission View: can delete on DAG:example_branch_datetime_operator
[2026-06-21T14:45:36.873-0500] {logging_mixin.py:188} INFO - [2026-06-21T14:45:36.872-0500] {override.py:1858} INFO - Created Permission View: can read on DAG:example_branch_datetime_operator
[2026-06-21T14:45:36.878-0500] {logging_mixin.py:188} INFO - [2026-06-21T14:45:36.878-0500] {override.py:1858} INFO - Created Permission View: can edit on DAG:example_branch_datetime_operator
[2026-06-21T14:45:36.889-0500] {logging_mixin.py:188} INFO - [2026-06-21T14:45:36.889-0500] {override.py:1858} INFO - Created Permission View: can delete on DAG:example_branch_datetime_operator_3
[2026-06-21T14:45:36.895-0500] {logging_mixin.py:188} INFO - [2026-06-21T14:45:36.894-0500] {override.py:1858} INFO - Created Permission View: can read on DAG:example_branch_datetime_operator_3
[2026-06-21T14:45:36.899-0500] {logging_mixin.py:188} INFO - [2026-06-21T14:45:36.899-0500] {override.py:1858} INFO - Created Permission View: can edit on DAG:example_branch_datetime_operator_3
[2026-06-21T14:45:36.910-0500] {logging_mixin.py:188} INFO - [2026-06-21T14:45:36.910-0500] {override.py:1858} INFO - Created Permission View: can delete on DAG:example_branch_datetime_operator_2
[2026-06-21T14:45:36.915-0500] {logging_mixin.py:188} INFO - [2026-06-21T14:45:36.914-0500] {override.py:1858} INFO - Created Permission View: can read on DAG:example_branch_datetime_operator_2
[2026-06-21T14:45:36.919-0500] {logging_mixin.py:188} INFO - [2026-06-21T14:45:36.919-0500] {override.py:1858} INFO - Created Permission View: can edit on DAG:example_branch_datetime_operator_2
[2026-06-21T14:45:36.920-0500] {logging_mixin.py:188} INFO - [2026-06-21T14:45:36.920-0500] {dag.py:3089} INFO - Sync 3 DAGs
[2026-06-21T14:45:36.935-0500] {logging_mixin.py:188} INFO - [2026-06-21T14:45:36.935-0500] {dag.py:3111} INFO - Creating ORM DAG for example_branch_datetime_operator_2
[2026-06-21T14:45:36.936-0500] {logging_mixin.py:188} INFO - [2026-06-21T14:45:36.936-0500] {dag.py:3111} INFO - Creating ORM DAG for example_branch_datetime_operator
[2026-06-21T14:45:36.936-0500] {logging_mixin.py:188} INFO - [2026-06-21T14:45:36.936-0500] {dag.py:3111} INFO - Creating ORM DAG for example_branch_datetime_operator_3
[2026-06-21T14:45:36.946-0500] {logging_mixin.py:188} INFO - [2026-06-21T14:45:36.946-0500] {dag.py:3947} INFO - Setting next_dagrun for example_branch_datetime_operator to 2026-06-20 00:00:00+00:00, run_after=2026-06-21 00:00:00+00:00
[2026-06-21T14:45:36.948-0500] {logging_mixin.py:188} INFO - [2026-06-21T14:45:36.948-0500] {dag.py:3947} INFO - Setting next_dagrun for example_branch_datetime_operator_2 to 2026-06-20 00:00:00+00:00, run_after=2026-06-21 00:00:00+00:00
[2026-06-21T14:45:36.949-0500] {logging_mixin.py:188} INFO - [2026-06-21T14:45:36.949-0500] {dag.py:3947} INFO - Setting next_dagrun for example_branch_datetime_operator_3 to 2026-06-20 00:00:00+00:00, run_after=2026-06-21 00:00:00+00:00
[2026-06-21T14:45:36.967-0500] {processor.py:183} INFO - Processing /Users/naga/Desktop/airflow_env/lib/python3.12/site-packages/airflow/example_dags/example_branch_datetime_operator.py took 0.412 seconds
[2026-06-21T14:48:43.083-0500] {processor.py:161} INFO - Started process (PID=54532) to work on /Users/naga/Desktop/airflow_env/lib/python3.12/site-packages/airflow/example_dags/example_branch_datetime_operator.py
[2026-06-21T14:48:43.085-0500] {processor.py:830} INFO - Processing file /Users/naga/Desktop/airflow_env/lib/python3.12/site-packages/airflow/example_dags/example_branch_datetime_operator.py for tasks to queue
[2026-06-21T14:48:43.085-0500] {logging_mixin.py:188} INFO - [2026-06-21T14:48:43.085-0500] {dagbag.py:545} INFO - Filling up the DagBag from /Users/naga/Desktop/airflow_env/lib/python3.12/site-packages/airflow/example_dags/example_branch_datetime_operator.py
[2026-06-21T14:48:43.095-0500] {processor.py:840} INFO - DAG(s) 'example_branch_datetime_operator', 'example_branch_datetime_operator_2', 'example_branch_datetime_operator_3' retrieved from /Users/naga/Desktop/airflow_env/lib/python3.12/site-packages/airflow/example_dags/example_branch_datetime_operator.py
[2026-06-21T14:48:43.174-0500] {logging_mixin.py:188} INFO - [2026-06-21T14:48:43.174-0500] {dag.py:3089} INFO - Sync 3 DAGs
[2026-06-21T14:48:43.189-0500] {logging_mixin.py:188} INFO - [2026-06-21T14:48:43.189-0500] {dag.py:3947} INFO - Setting next_dagrun for example_branch_datetime_operator to 2026-06-20 00:00:00+00:00, run_after=2026-06-21 00:00:00+00:00
[2026-06-21T14:48:43.192-0500] {logging_mixin.py:188} INFO - [2026-06-21T14:48:43.192-0500] {dag.py:3947} INFO - Setting next_dagrun for example_branch_datetime_operator_2 to 2026-06-20 00:00:00+00:00, run_after=2026-06-21 00:00:00+00:00
[2026-06-21T14:48:43.194-0500] {logging_mixin.py:188} INFO - [2026-06-21T14:48:43.193-0500] {dag.py:3947} INFO - Setting next_dagrun for example_branch_datetime_operator_3 to 2026-06-20 00:00:00+00:00, run_after=2026-06-21 00:00:00+00:00
[2026-06-21T14:48:43.206-0500] {processor.py:183} INFO - Processing /Users/naga/Desktop/airflow_env/lib/python3.12/site-packages/airflow/example_dags/example_branch_datetime_operator.py took 0.125 seconds
[2026-06-21T14:51:38.554-0500] {processor.py:161} INFO - Started process (PID=54718) to work on /Users/naga/Desktop/airflow_env/lib/python3.12/site-packages/airflow/example_dags/example_branch_datetime_operator.py
[2026-06-21T14:51:38.555-0500] {processor.py:830} INFO - Processing file /Users/naga/Desktop/airflow_env/lib/python3.12/site-packages/airflow/example_dags/example_branch_datetime_operator.py for tasks to queue
[2026-06-21T14:51:38.555-0500] {logging_mixin.py:188} INFO - [2026-06-21T14:51:38.555-0500] {dagbag.py:545} INFO - Filling up the DagBag from /Users/naga/Desktop/airflow_env/lib/python3.12/site-packages/airflow/example_dags/example_branch_datetime_operator.py
[2026-06-21T14:51:38.566-0500] {processor.py:840} INFO - DAG(s) 'example_branch_datetime_operator_2', 'example_branch_datetime_operator_3', 'example_branch_datetime_operator' retrieved from /Users/naga/Desktop/airflow_env/lib/python3.12/site-packages/airflow/example_dags/example_branch_datetime_operator.py
[2026-06-21T14:51:38.644-0500] {logging_mixin.py:188} INFO - [2026-06-21T14:51:38.643-0500] {dag.py:3089} INFO - Sync 3 DAGs
[2026-06-21T14:51:38.658-0500] {logging_mixin.py:188} INFO - [2026-06-21T14:51:38.658-0500] {dag.py:3947} INFO - Setting next_dagrun for example_branch_datetime_operator to 2026-06-20 00:00:00+00:00, run_after=2026-06-21 00:00:00+00:00
[2026-06-21T14:51:38.661-0500] {logging_mixin.py:188} INFO - [2026-06-21T14:51:38.661-0500] {dag.py:3947} INFO - Setting next_dagrun for example_branch_datetime_operator_2 to 2026-06-20 00:00:00+00:00, run_after=2026-06-21 00:00:00+00:00
[2026-06-21T14:51:38.662-0500] {logging_mixin.py:188} INFO - [2026-06-21T14:51:38.662-0500] {dag.py:3947} INFO - Setting next_dagrun for example_branch_datetime_operator_3 to 2026-06-20 00:00:00+00:00, run_after=2026-06-21 00:00:00+00:00
[2026-06-21T14:51:38.674-0500] {processor.py:183} INFO - Processing /Users/naga/Desktop/airflow_env/lib/python3.12/site-packages/airflow/example_dags/example_branch_datetime_operator.py took 0.123 seconds
[2026-06-21T14:54:37.334-0500] {processor.py:161} INFO - Started process (PID=54883) to work on /Users/naga/Desktop/airflow_env/lib/python3.12/site-packages/airflow/example_dags/example_branch_datetime_operator.py
[2026-06-21T14:54:37.335-0500] {processor.py:830} INFO - Processing file /Users/naga/Desktop/airflow_env/lib/python3.12/site-packages/airflow/example_dags/example_branch_datetime_operator.py for tasks to queue
[2026-06-21T14:54:37.336-0500] {logging_mixin.py:188} INFO - [2026-06-21T14:54:37.335-0500] {dagbag.py:545} INFO - Filling up the DagBag from /Users/naga/Desktop/airflow_env/lib/python3.12/site-packages/airflow/example_dags/example_branch_datetime_operator.py
[2026-06-21T14:54:37.347-0500] {processor.py:840} INFO - DAG(s) 'example_branch_datetime_operator_2', 'example_branch_datetime_operator_3', 'example_branch_datetime_operator' retrieved from /Users/naga/Desktop/airflow_env/lib/python3.12/site-packages/airflow/example_dags/example_branch_datetime_operator.py
[2026-06-21T14:54:37.428-0500] {logging_mixin.py:188} INFO - [2026-06-21T14:54:37.427-0500] {dag.py:3089} INFO - Sync 3 DAGs
[2026-06-21T14:54:37.443-0500] {logging_mixin.py:188} INFO - [2026-06-21T14:54:37.443-0500] {dag.py:3947} INFO - Setting next_dagrun for example_branch_datetime_operator to 2026-06-20 00:00:00+00:00, run_after=2026-06-21 00:00:00+00:00
[2026-06-21T14:54:37.446-0500] {logging_mixin.py:188} INFO - [2026-06-21T14:54:37.446-0500] {dag.py:3947} INFO - Setting next_dagrun for example_branch_datetime_operator_2 to 2026-06-20 00:00:00+00:00, run_after=2026-06-21 00:00:00+00:00
[2026-06-21T14:54:37.448-0500] {logging_mixin.py:188} INFO - [2026-06-21T14:54:37.448-0500] {dag.py:3947} INFO - Setting next_dagrun for example_branch_datetime_operator_3 to 2026-06-20 00:00:00+00:00, run_after=2026-06-21 00:00:00+00:00
[2026-06-21T14:54:37.461-0500] {processor.py:183} INFO - Processing /Users/naga/Desktop/airflow_env/lib/python3.12/site-packages/airflow/example_dags/example_branch_datetime_operator.py took 0.130 seconds
[2026-06-21T14:57:47.627-0500] {processor.py:161} INFO - Started process (PID=55251) to work on /Users/naga/Desktop/airflow_env/lib/python3.12/site-packages/airflow/example_dags/example_branch_datetime_operator.py
[2026-06-21T14:57:47.628-0500] {processor.py:830} INFO - Processing file /Users/naga/Desktop/airflow_env/lib/python3.12/site-packages/airflow/example_dags/example_branch_datetime_operator.py for tasks to queue
[2026-06-21T14:57:47.629-0500] {logging_mixin.py:188} INFO - [2026-06-21T14:57:47.628-0500] {dagbag.py:545} INFO - Filling up the DagBag from /Users/naga/Desktop/airflow_env/lib/python3.12/site-packages/airflow/example_dags/example_branch_datetime_operator.py
[2026-06-21T14:57:47.639-0500] {processor.py:840} INFO - DAG(s) 'example_branch_datetime_operator', 'example_branch_datetime_operator_2', 'example_branch_datetime_operator_3' retrieved from /Users/naga/Desktop/airflow_env/lib/python3.12/site-packages/airflow/example_dags/example_branch_datetime_operator.py
[2026-06-21T14:57:47.718-0500] {logging_mixin.py:188} INFO - [2026-06-21T14:57:47.718-0500] {dag.py:3089} INFO - Sync 3 DAGs
[2026-06-21T14:57:47.732-0500] {logging_mixin.py:188} INFO - [2026-06-21T14:57:47.732-0500] {dag.py:3947} INFO - Setting next_dagrun for example_branch_datetime_operator to 2026-06-20 00:00:00+00:00, run_after=2026-06-21 00:00:00+00:00
[2026-06-21T14:57:47.735-0500] {logging_mixin.py:188} INFO - [2026-06-21T14:57:47.735-0500] {dag.py:3947} INFO - Setting next_dagrun for example_branch_datetime_operator_2 to 2026-06-20 00:00:00+00:00, run_after=2026-06-21 00:00:00+00:00
[2026-06-21T14:57:47.737-0500] {logging_mixin.py:188} INFO - [2026-06-21T14:57:47.737-0500] {dag.py:3947} INFO - Setting next_dagrun for example_branch_datetime_operator_3 to 2026-06-20 00:00:00+00:00, run_after=2026-06-21 00:00:00+00:00
[2026-06-21T14:57:47.748-0500] {processor.py:183} INFO - Processing /Users/naga/Desktop/airflow_env/lib/python3.12/site-packages/airflow/example_dags/example_branch_datetime_operator.py took 0.124 seconds
[2026-06-21T15:01:01.270-0500] {processor.py:161} INFO - Started process (PID=55431) to work on /Users/naga/Desktop/airflow_env/lib/python3.12/site-packages/airflow/example_dags/example_branch_datetime_operator.py
[2026-06-21T15:01:01.271-0500] {processor.py:830} INFO - Processing file /Users/naga/Desktop/airflow_env/lib/python3.12/site-packages/airflow/example_dags/example_branch_datetime_operator.py for tasks to queue
[2026-06-21T15:01:01.272-0500] {logging_mixin.py:188} INFO - [2026-06-21T15:01:01.271-0500] {dagbag.py:545} INFO - Filling up the DagBag from /Users/naga/Desktop/airflow_env/lib/python3.12/site-packages/airflow/example_dags/example_branch_datetime_operator.py
[2026-06-21T15:01:01.284-0500] {processor.py:840} INFO - DAG(s) 'example_branch_datetime_operator', 'example_branch_datetime_operator_2', 'example_branch_datetime_operator_3' retrieved from /Users/naga/Desktop/airflow_env/lib/python3.12/site-packages/airflow/example_dags/example_branch_datetime_operator.py
[2026-06-21T15:01:01.363-0500] {logging_mixin.py:188} INFO - [2026-06-21T15:01:01.363-0500] {dag.py:3089} INFO - Sync 3 DAGs
[2026-06-21T15:01:01.378-0500] {logging_mixin.py:188} INFO - [2026-06-21T15:01:01.378-0500] {dag.py:3947} INFO - Setting next_dagrun for example_branch_datetime_operator to 2026-06-20 00:00:00+00:00, run_after=2026-06-21 00:00:00+00:00
[2026-06-21T15:01:01.381-0500] {logging_mixin.py:188} INFO - [2026-06-21T15:01:01.381-0500] {dag.py:3947} INFO - Setting next_dagrun for example_branch_datetime_operator_2 to 2026-06-20 00:00:00+00:00, run_after=2026-06-21 00:00:00+00:00
[2026-06-21T15:01:01.383-0500] {logging_mixin.py:188} INFO - [2026-06-21T15:01:01.382-0500] {dag.py:3947} INFO - Setting next_dagrun for example_branch_datetime_operator_3 to 2026-06-20 00:00:00+00:00, run_after=2026-06-21 00:00:00+00:00
[2026-06-21T15:01:01.394-0500] {processor.py:183} INFO - Processing /Users/naga/Desktop/airflow_env/lib/python3.12/site-packages/airflow/example_dags/example_branch_datetime_operator.py took 0.127 seconds
[2026-06-21T15:04:04.158-0500] {processor.py:161} INFO - Started process (PID=55571) to work on /Users/naga/Desktop/airflow_env/lib/python3.12/site-packages/airflow/example_dags/example_branch_datetime_operator.py
[2026-06-21T15:04:04.159-0500] {processor.py:830} INFO - Processing file /Users/naga/Desktop/airflow_env/lib/python3.12/site-packages/airflow/example_dags/example_branch_datetime_operator.py for tasks to queue
[2026-06-21T15:04:04.160-0500] {logging_mixin.py:188} INFO - [2026-06-21T15:04:04.160-0500] {dagbag.py:545} INFO - Filling up the DagBag from /Users/naga/Desktop/airflow_env/lib/python3.12/site-packages/airflow/example_dags/example_branch_datetime_operator.py
[2026-06-21T15:04:04.170-0500] {processor.py:840} INFO - DAG(s) 'example_branch_datetime_operator_3', 'example_branch_datetime_operator_2', 'example_branch_datetime_operator' retrieved from /Users/naga/Desktop/airflow_env/lib/python3.12/site-packages/airflow/example_dags/example_branch_datetime_operator.py
[2026-06-21T15:04:04.249-0500] {logging_mixin.py:188} INFO - [2026-06-21T15:04:04.249-0500] {dag.py:3089} INFO - Sync 3 DAGs
[2026-06-21T15:04:04.264-0500] {logging_mixin.py:188} INFO - [2026-06-21T15:04:04.263-0500] {dag.py:3947} INFO - Setting next_dagrun for example_branch_datetime_operator to 2026-06-20 00:00:00+00:00, run_after=2026-06-21 00:00:00+00:00
[2026-06-21T15:04:04.267-0500] {logging_mixin.py:188} INFO - [2026-06-21T15:04:04.267-0500] {dag.py:3947} INFO - Setting next_dagrun for example_branch_datetime_operator_2 to 2026-06-20 00:00:00+00:00, run_after=2026-06-21 00:00:00+00:00
[2026-06-21T15:04:04.268-0500] {logging_mixin.py:188} INFO - [2026-06-21T15:04:04.268-0500] {dag.py:3947} INFO - Setting next_dagrun for example_branch_datetime_operator_3 to 2026-06-20 00:00:00+00:00, run_after=2026-06-21 00:00:00+00:00
[2026-06-21T15:04:04.281-0500] {processor.py:183} INFO - Processing /Users/naga/Desktop/airflow_env/lib/python3.12/site-packages/airflow/example_dags/example_branch_datetime_operator.py took 0.125 seconds
[2026-06-21T15:07:10.810-0500] {processor.py:161} INFO - Started process (PID=55716) to work on /Users/naga/Desktop/airflow_env/lib/python3.12/site-packages/airflow/example_dags/example_branch_datetime_operator.py
[2026-06-21T15:07:10.811-0500] {processor.py:830} INFO - Processing file /Users/naga/Desktop/airflow_env/lib/python3.12/site-packages/airflow/example_dags/example_branch_datetime_operator.py for tasks to queue
[2026-06-21T15:07:10.812-0500] {logging_mixin.py:188} INFO - [2026-06-21T15:07:10.812-0500] {dagbag.py:545} INFO - Filling up the DagBag from /Users/naga/Desktop/airflow_env/lib/python3.12/site-packages/airflow/example_dags/example_branch_datetime_operator.py
[2026-06-21T15:07:10.822-0500] {processor.py:840} INFO - DAG(s) 'example_branch_datetime_operator_3', 'example_branch_datetime_operator_2', 'example_branch_datetime_operator' retrieved from /Users/naga/Desktop/airflow_env/lib/python3.12/site-packages/airflow/example_dags/example_branch_datetime_operator.py
[2026-06-21T15:07:10.900-0500] {logging_mixin.py:188} INFO - [2026-06-21T15:07:10.899-0500] {dag.py:3089} INFO - Sync 3 DAGs
[2026-06-21T15:07:10.914-0500] {logging_mixin.py:188} INFO - [2026-06-21T15:07:10.914-0500] {dag.py:3947} INFO - Setting next_dagrun for example_branch_datetime_operator to 2026-06-20 00:00:00+00:00, run_after=2026-06-21 00:00:00+00:00
[2026-06-21T15:07:10.917-0500] {logging_mixin.py:188} INFO - [2026-06-21T15:07:10.917-0500] {dag.py:3947} INFO - Setting next_dagrun for example_branch_datetime_operator_2 to 2026-06-20 00:00:00+00:00, run_after=2026-06-21 00:00:00+00:00
[2026-06-21T15:07:10.918-0500] {logging_mixin.py:188} INFO - [2026-06-21T15:07:10.918-0500] {dag.py:3947} INFO - Setting next_dagrun for example_branch_datetime_operator_3 to 2026-06-20 00:00:00+00:00, run_after=2026-06-21 00:00:00+00:00
[2026-06-21T15:07:10.930-0500] {processor.py:183} INFO - Processing /Users/naga/Desktop/airflow_env/lib/python3.12/site-packages/airflow/example_dags/example_branch_datetime_operator.py took 0.122 seconds
[2026-06-21T15:10:15.965-0500] {processor.py:161} INFO - Started process (PID=55837) to work on /Users/naga/Desktop/airflow_env/lib/python3.12/site-packages/airflow/example_dags/example_branch_datetime_operator.py
[2026-06-21T15:10:15.967-0500] {processor.py:830} INFO - Processing file /Users/naga/Desktop/airflow_env/lib/python3.12/site-packages/airflow/example_dags/example_branch_datetime_operator.py for tasks to queue
[2026-06-21T15:10:15.967-0500] {logging_mixin.py:188} INFO - [2026-06-21T15:10:15.967-0500] {dagbag.py:545} INFO - Filling up the DagBag from /Users/naga/Desktop/airflow_env/lib/python3.12/site-packages/airflow/example_dags/example_branch_datetime_operator.py
[2026-06-21T15:10:15.977-0500] {processor.py:840} INFO - DAG(s) 'example_branch_datetime_operator', 'example_branch_datetime_operator_3', 'example_branch_datetime_operator_2' retrieved from /Users/naga/Desktop/airflow_env/lib/python3.12/site-packages/airflow/example_dags/example_branch_datetime_operator.py
[2026-06-21T15:10:16.059-0500] {logging_mixin.py:188} INFO - [2026-06-21T15:10:16.058-0500] {dag.py:3089} INFO - Sync 3 DAGs
[2026-06-21T15:10:16.073-0500] {logging_mixin.py:188} INFO - [2026-06-21T15:10:16.073-0500] {dag.py:3947} INFO - Setting next_dagrun for example_branch_datetime_operator to 2026-06-20 00:00:00+00:00, run_after=2026-06-21 00:00:00+00:00
[2026-06-21T15:10:16.076-0500] {logging_mixin.py:188} INFO - [2026-06-21T15:10:16.076-0500] {dag.py:3947} INFO - Setting next_dagrun for example_branch_datetime_operator_2 to 2026-06-20 00:00:00+00:00, run_after=2026-06-21 00:00:00+00:00
[2026-06-21T15:10:16.078-0500] {logging_mixin.py:188} INFO - [2026-06-21T15:10:16.078-0500] {dag.py:3947} INFO - Setting next_dagrun for example_branch_datetime_operator_3 to 2026-06-20 00:00:00+00:00, run_after=2026-06-21 00:00:00+00:00
[2026-06-21T15:10:16.090-0500] {processor.py:183} INFO - Processing /Users/naga/Desktop/airflow_env/lib/python3.12/site-packages/airflow/example_dags/example_branch_datetime_operator.py took 0.126 seconds
[2026-06-21T15:13:25.544-0500] {processor.py:161} INFO - Started process (PID=56129) to work on /Users/naga/Desktop/airflow_env/lib/python3.12/site-packages/airflow/example_dags/example_branch_datetime_operator.py
[2026-06-21T15:13:25.545-0500] {processor.py:830} INFO - Processing file /Users/naga/Desktop/airflow_env/lib/python3.12/site-packages/airflow/example_dags/example_branch_datetime_operator.py for tasks to queue
[2026-06-21T15:13:25.546-0500] {logging_mixin.py:188} INFO - [2026-06-21T15:13:25.545-0500] {dagbag.py:545} INFO - Filling up the DagBag from /Users/naga/Desktop/airflow_env/lib/python3.12/site-packages/airflow/example_dags/example_branch_datetime_operator.py
[2026-06-21T15:13:25.552-0500] {processor.py:840} INFO - DAG(s) 'example_branch_datetime_operator', 'example_branch_datetime_operator_2', 'example_branch_datetime_operator_3' retrieved from /Users/naga/Desktop/airflow_env/lib/python3.12/site-packages/airflow/example_dags/example_branch_datetime_operator.py
[2026-06-21T15:13:25.600-0500] {logging_mixin.py:188} INFO - [2026-06-21T15:13:25.600-0500] {dag.py:3089} INFO - Sync 3 DAGs
[2026-06-21T15:13:25.609-0500] {logging_mixin.py:188} INFO - [2026-06-21T15:13:25.609-0500] {dag.py:3947} INFO - Setting next_dagrun for example_branch_datetime_operator to 2026-06-20 00:00:00+00:00, run_after=2026-06-21 00:00:00+00:00
[2026-06-21T15:13:25.611-0500] {logging_mixin.py:188} INFO - [2026-06-21T15:13:25.611-0500] {dag.py:3947} INFO - Setting next_dagrun for example_branch_datetime_operator_2 to 2026-06-20 00:00:00+00:00, run_after=2026-06-21 00:00:00+00:00
[2026-06-21T15:13:25.612-0500] {logging_mixin.py:188} INFO - [2026-06-21T15:13:25.611-0500] {dag.py:3947} INFO - Setting next_dagrun for example_branch_datetime_operator_3 to 2026-06-20 00:00:00+00:00, run_after=2026-06-21 00:00:00+00:00
[2026-06-21T15:13:25.620-0500] {processor.py:183} INFO - Processing /Users/naga/Desktop/airflow_env/lib/python3.12/site-packages/airflow/example_dags/example_branch_datetime_operator.py took 0.077 seconds
[2026-06-21T15:15:39.204-0500] {processor.py:161} INFO - Started process (PID=56251) to work on /Users/naga/Desktop/airflow_env/lib/python3.12/site-packages/airflow/example_dags/example_branch_datetime_operator.py
[2026-06-21T15:15:39.205-0500] {processor.py:830} INFO - Processing file /Users/naga/Desktop/airflow_env/lib/python3.12/site-packages/airflow/example_dags/example_branch_datetime_operator.py for tasks to queue
[2026-06-21T15:15:39.205-0500] {logging_mixin.py:188} INFO - [2026-06-21T15:15:39.205-0500] {dagbag.py:545} INFO - Filling up the DagBag from /Users/naga/Desktop/airflow_env/lib/python3.12/site-packages/airflow/example_dags/example_branch_datetime_operator.py
[2026-06-21T15:15:39.211-0500] {processor.py:840} INFO - DAG(s) 'example_branch_datetime_operator', 'example_branch_datetime_operator_2', 'example_branch_datetime_operator_3' retrieved from /Users/naga/Desktop/airflow_env/lib/python3.12/site-packages/airflow/example_dags/example_branch_datetime_operator.py
[2026-06-21T15:15:39.257-0500] {logging_mixin.py:188} INFO - [2026-06-21T15:15:39.257-0500] {dag.py:3089} INFO - Sync 3 DAGs
[2026-06-21T15:15:39.265-0500] {logging_mixin.py:188} INFO - [2026-06-21T15:15:39.265-0500] {dag.py:3947} INFO - Setting next_dagrun for example_branch_datetime_operator to 2026-06-20 00:00:00+00:00, run_after=2026-06-21 00:00:00+00:00
[2026-06-21T15:15:39.267-0500] {logging_mixin.py:188} INFO - [2026-06-21T15:15:39.267-0500] {dag.py:3947} INFO - Setting next_dagrun for example_branch_datetime_operator_2 to 2026-06-20 00:00:00+00:00, run_after=2026-06-21 00:00:00+00:00
[2026-06-21T15:15:39.268-0500] {logging_mixin.py:188} INFO - [2026-06-21T15:15:39.268-0500] {dag.py:3947} INFO - Setting next_dagrun for example_branch_datetime_operator_3 to 2026-06-20 00:00:00+00:00, run_after=2026-06-21 00:00:00+00:00
[2026-06-21T15:15:39.275-0500] {processor.py:183} INFO - Processing /Users/naga/Desktop/airflow_env/lib/python3.12/site-packages/airflow/example_dags/example_branch_datetime_operator.py took 0.072 seconds
[2026-06-21T15:32:21.062-0500] {processor.py:161} INFO - Started process (PID=56569) to work on /Users/naga/Desktop/airflow_env/lib/python3.12/site-packages/airflow/example_dags/example_branch_datetime_operator.py
[2026-06-21T15:32:21.063-0500] {processor.py:830} INFO - Processing file /Users/naga/Desktop/airflow_env/lib/python3.12/site-packages/airflow/example_dags/example_branch_datetime_operator.py for tasks to queue
[2026-06-21T15:32:21.064-0500] {logging_mixin.py:188} INFO - [2026-06-21T15:32:21.063-0500] {dagbag.py:545} INFO - Filling up the DagBag from /Users/naga/Desktop/airflow_env/lib/python3.12/site-packages/airflow/example_dags/example_branch_datetime_operator.py
[2026-06-21T15:32:21.074-0500] {processor.py:840} INFO - DAG(s) 'example_branch_datetime_operator', 'example_branch_datetime_operator_3', 'example_branch_datetime_operator_2' retrieved from /Users/naga/Desktop/airflow_env/lib/python3.12/site-packages/airflow/example_dags/example_branch_datetime_operator.py
[2026-06-21T15:32:21.128-0500] {logging_mixin.py:188} INFO - [2026-06-21T15:32:21.128-0500] {dag.py:3089} INFO - Sync 3 DAGs
[2026-06-21T15:32:21.140-0500] {logging_mixin.py:188} INFO - [2026-06-21T15:32:21.139-0500] {dag.py:3947} INFO - Setting next_dagrun for example_branch_datetime_operator to 2026-06-20 00:00:00+00:00, run_after=2026-06-21 00:00:00+00:00
[2026-06-21T15:32:21.142-0500] {logging_mixin.py:188} INFO - [2026-06-21T15:32:21.141-0500] {dag.py:3947} INFO - Setting next_dagrun for example_branch_datetime_operator_2 to 2026-06-20 00:00:00+00:00, run_after=2026-06-21 00:00:00+00:00
[2026-06-21T15:32:21.142-0500] {logging_mixin.py:188} INFO - [2026-06-21T15:32:21.142-0500] {dag.py:3947} INFO - Setting next_dagrun for example_branch_datetime_operator_3 to 2026-06-20 00:00:00+00:00, run_after=2026-06-21 00:00:00+00:00
[2026-06-21T15:32:21.152-0500] {processor.py:183} INFO - Processing /Users/naga/Desktop/airflow_env/lib/python3.12/site-packages/airflow/example_dags/example_branch_datetime_operator.py took 0.092 seconds
[2026-06-21T15:34:43.600-0500] {processor.py:161} INFO - Started process (PID=56754) to work on /Users/naga/Desktop/airflow_env/lib/python3.12/site-packages/airflow/example_dags/example_branch_datetime_operator.py
[2026-06-21T15:34:43.601-0500] {processor.py:830} INFO - Processing file /Users/naga/Desktop/airflow_env/lib/python3.12/site-packages/airflow/example_dags/example_branch_datetime_operator.py for tasks to queue
[2026-06-21T15:34:43.601-0500] {logging_mixin.py:188} INFO - [2026-06-21T15:34:43.601-0500] {dagbag.py:545} INFO - Filling up the DagBag from /Users/naga/Desktop/airflow_env/lib/python3.12/site-packages/airflow/example_dags/example_branch_datetime_operator.py
[2026-06-21T15:34:43.607-0500] {processor.py:840} INFO - DAG(s) 'example_branch_datetime_operator_3', 'example_branch_datetime_operator_2', 'example_branch_datetime_operator' retrieved from /Users/naga/Desktop/airflow_env/lib/python3.12/site-packages/airflow/example_dags/example_branch_datetime_operator.py
[2026-06-21T15:34:43.654-0500] {logging_mixin.py:188} INFO - [2026-06-21T15:34:43.654-0500] {dag.py:3089} INFO - Sync 3 DAGs
[2026-06-21T15:34:43.663-0500] {logging_mixin.py:188} INFO - [2026-06-21T15:34:43.662-0500] {dag.py:3947} INFO - Setting next_dagrun for example_branch_datetime_operator to 2026-06-20 00:00:00+00:00, run_after=2026-06-21 00:00:00+00:00
[2026-06-21T15:34:43.664-0500] {logging_mixin.py:188} INFO - [2026-06-21T15:34:43.664-0500] {dag.py:3947} INFO - Setting next_dagrun for example_branch_datetime_operator_2 to 2026-06-20 00:00:00+00:00, run_after=2026-06-21 00:00:00+00:00
[2026-06-21T15:34:43.665-0500] {logging_mixin.py:188} INFO - [2026-06-21T15:34:43.665-0500] {dag.py:3947} INFO - Setting next_dagrun for example_branch_datetime_operator_3 to 2026-06-20 00:00:00+00:00, run_after=2026-06-21 00:00:00+00:00
[2026-06-21T15:34:43.674-0500] {processor.py:183} INFO - Processing /Users/naga/Desktop/airflow_env/lib/python3.12/site-packages/airflow/example_dags/example_branch_datetime_operator.py took 0.076 seconds
[2026-06-21T15:36:41.715-0500] {processor.py:161} INFO - Started process (PID=56878) to work on /Users/naga/Desktop/airflow_env/lib/python3.12/site-packages/airflow/example_dags/example_branch_datetime_operator.py
[2026-06-21T15:36:41.716-0500] {processor.py:830} INFO - Processing file /Users/naga/Desktop/airflow_env/lib/python3.12/site-packages/airflow/example_dags/example_branch_datetime_operator.py for tasks to queue
[2026-06-21T15:36:41.716-0500] {logging_mixin.py:188} INFO - [2026-06-21T15:36:41.716-0500] {dagbag.py:545} INFO - Filling up the DagBag from /Users/naga/Desktop/airflow_env/lib/python3.12/site-packages/airflow/example_dags/example_branch_datetime_operator.py
[2026-06-21T15:36:41.722-0500] {processor.py:840} INFO - DAG(s) 'example_branch_datetime_operator_3', 'example_branch_datetime_operator', 'example_branch_datetime_operator_2' retrieved from /Users/naga/Desktop/airflow_env/lib/python3.12/site-packages/airflow/example_dags/example_branch_datetime_operator.py
[2026-06-21T15:36:41.769-0500] {logging_mixin.py:188} INFO - [2026-06-21T15:36:41.769-0500] {dag.py:3089} INFO - Sync 3 DAGs
[2026-06-21T15:36:41.777-0500] {logging_mixin.py:188} INFO - [2026-06-21T15:36:41.777-0500] {dag.py:3947} INFO - Setting next_dagrun for example_branch_datetime_operator to 2026-06-20 00:00:00+00:00, run_after=2026-06-21 00:00:00+00:00
[2026-06-21T15:36:41.779-0500] {logging_mixin.py:188} INFO - [2026-06-21T15:36:41.779-0500] {dag.py:3947} INFO - Setting next_dagrun for example_branch_datetime_operator_2 to 2026-06-20 00:00:00+00:00, run_after=2026-06-21 00:00:00+00:00
[2026-06-21T15:36:41.780-0500] {logging_mixin.py:188} INFO - [2026-06-21T15:36:41.780-0500] {dag.py:3947} INFO - Setting next_dagrun for example_branch_datetime_operator_3 to 2026-06-20 00:00:00+00:00, run_after=2026-06-21 00:00:00+00:00
[2026-06-21T15:36:41.787-0500] {processor.py:183} INFO - Processing /Users/naga/Desktop/airflow_env/lib/python3.12/site-packages/airflow/example_dags/example_branch_datetime_operator.py took 0.073 seconds
[2026-06-21T15:38:47.946-0500] {processor.py:161} INFO - Started process (PID=57024) to work on /Users/naga/Desktop/airflow_env/lib/python3.12/site-packages/airflow/example_dags/example_branch_datetime_operator.py
[2026-06-21T15:38:47.947-0500] {processor.py:830} INFO - Processing file /Users/naga/Desktop/airflow_env/lib/python3.12/site-packages/airflow/example_dags/example_branch_datetime_operator.py for tasks to queue
[2026-06-21T15:38:47.947-0500] {logging_mixin.py:188} INFO - [2026-06-21T15:38:47.947-0500] {dagbag.py:545} INFO - Filling up the DagBag from /Users/naga/Desktop/airflow_env/lib/python3.12/site-packages/airflow/example_dags/example_branch_datetime_operator.py
[2026-06-21T15:38:47.953-0500] {processor.py:840} INFO - DAG(s) 'example_branch_datetime_operator', 'example_branch_datetime_operator_3', 'example_branch_datetime_operator_2' retrieved from /Users/naga/Desktop/airflow_env/lib/python3.12/site-packages/airflow/example_dags/example_branch_datetime_operator.py
[2026-06-21T15:38:48.000-0500] {logging_mixin.py:188} INFO - [2026-06-21T15:38:48.000-0500] {dag.py:3089} INFO - Sync 3 DAGs
[2026-06-21T15:38:48.009-0500] {logging_mixin.py:188} INFO - [2026-06-21T15:38:48.008-0500] {dag.py:3947} INFO - Setting next_dagrun for example_branch_datetime_operator to 2026-06-20 00:00:00+00:00, run_after=2026-06-21 00:00:00+00:00
[2026-06-21T15:38:48.010-0500] {logging_mixin.py:188} INFO - [2026-06-21T15:38:48.010-0500] {dag.py:3947} INFO - Setting next_dagrun for example_branch_datetime_operator_2 to 2026-06-20 00:00:00+00:00, run_after=2026-06-21 00:00:00+00:00
[2026-06-21T15:38:48.011-0500] {logging_mixin.py:188} INFO - [2026-06-21T15:38:48.011-0500] {dag.py:3947} INFO - Setting next_dagrun for example_branch_datetime_operator_3 to 2026-06-20 00:00:00+00:00, run_after=2026-06-21 00:00:00+00:00
[2026-06-21T15:38:48.019-0500] {processor.py:183} INFO - Processing /Users/naga/Desktop/airflow_env/lib/python3.12/site-packages/airflow/example_dags/example_branch_datetime_operator.py took 0.074 seconds
[2026-06-21T15:40:50.567-0500] {processor.py:161} INFO - Started process (PID=57140) to work on /Users/naga/Desktop/airflow_env/lib/python3.12/site-packages/airflow/example_dags/example_branch_datetime_operator.py
[2026-06-21T15:40:50.568-0500] {processor.py:830} INFO - Processing file /Users/naga/Desktop/airflow_env/lib/python3.12/site-packages/airflow/example_dags/example_branch_datetime_operator.py for tasks to queue
[2026-06-21T15:40:50.568-0500] {logging_mixin.py:188} INFO - [2026-06-21T15:40:50.568-0500] {dagbag.py:545} INFO - Filling up the DagBag from /Users/naga/Desktop/airflow_env/lib/python3.12/site-packages/airflow/example_dags/example_branch_datetime_operator.py
[2026-06-21T15:40:50.574-0500] {processor.py:840} INFO - DAG(s) 'example_branch_datetime_operator_2', 'example_branch_datetime_operator', 'example_branch_datetime_operator_3' retrieved from /Users/naga/Desktop/airflow_env/lib/python3.12/site-packages/airflow/example_dags/example_branch_datetime_operator.py
[2026-06-21T15:40:50.621-0500] {logging_mixin.py:188} INFO - [2026-06-21T15:40:50.621-0500] {dag.py:3089} INFO - Sync 3 DAGs
[2026-06-21T15:40:50.630-0500] {logging_mixin.py:188} INFO - [2026-06-21T15:40:50.630-0500] {dag.py:3947} INFO - Setting next_dagrun for example_branch_datetime_operator to 2026-06-20 00:00:00+00:00, run_after=2026-06-21 00:00:00+00:00
[2026-06-21T15:40:50.632-0500] {logging_mixin.py:188} INFO - [2026-06-21T15:40:50.632-0500] {dag.py:3947} INFO - Setting next_dagrun for example_branch_datetime_operator_2 to 2026-06-20 00:00:00+00:00, run_after=2026-06-21 00:00:00+00:00
[2026-06-21T15:40:50.633-0500] {logging_mixin.py:188} INFO - [2026-06-21T15:40:50.632-0500] {dag.py:3947} INFO - Setting next_dagrun for example_branch_datetime_operator_3 to 2026-06-20 00:00:00+00:00, run_after=2026-06-21 00:00:00+00:00
[2026-06-21T15:40:50.641-0500] {processor.py:183} INFO - Processing /Users/naga/Desktop/airflow_env/lib/python3.12/site-packages/airflow/example_dags/example_branch_datetime_operator.py took 0.075 seconds
[2026-06-21T15:42:52.946-0500] {processor.py:161} INFO - Started process (PID=57276) to work on /Users/naga/Desktop/airflow_env/lib/python3.12/site-packages/airflow/example_dags/example_branch_datetime_operator.py
[2026-06-21T15:42:52.947-0500] {processor.py:830} INFO - Processing file /Users/naga/Desktop/airflow_env/lib/python3.12/site-packages/airflow/example_dags/example_branch_datetime_operator.py for tasks to queue
[2026-06-21T15:42:52.947-0500] {logging_mixin.py:188} INFO - [2026-06-21T15:42:52.947-0500] {dagbag.py:545} INFO - Filling up the DagBag from /Users/naga/Desktop/airflow_env/lib/python3.12/site-packages/airflow/example_dags/example_branch_datetime_operator.py
[2026-06-21T15:42:52.953-0500] {processor.py:840} INFO - DAG(s) 'example_branch_datetime_operator_2', 'example_branch_datetime_operator_3', 'example_branch_datetime_operator' retrieved from /Users/naga/Desktop/airflow_env/lib/python3.12/site-packages/airflow/example_dags/example_branch_datetime_operator.py
[2026-06-21T15:42:52.999-0500] {logging_mixin.py:188} INFO - [2026-06-21T15:42:52.999-0500] {dag.py:3089} INFO - Sync 3 DAGs
[2026-06-21T15:42:53.007-0500] {logging_mixin.py:188} INFO - [2026-06-21T15:42:53.007-0500] {dag.py:3947} INFO - Setting next_dagrun for example_branch_datetime_operator to 2026-06-20 00:00:00+00:00, run_after=2026-06-21 00:00:00+00:00
[2026-06-21T15:42:53.009-0500] {logging_mixin.py:188} INFO - [2026-06-21T15:42:53.009-0500] {dag.py:3947} INFO - Setting next_dagrun for example_branch_datetime_operator_2 to 2026-06-20 00:00:00+00:00, run_after=2026-06-21 00:00:00+00:00
[2026-06-21T15:42:53.010-0500] {logging_mixin.py:188} INFO - [2026-06-21T15:42:53.010-0500] {dag.py:3947} INFO - Setting next_dagrun for example_branch_datetime_operator_3 to 2026-06-20 00:00:00+00:00, run_after=2026-06-21 00:00:00+00:00
[2026-06-21T15:42:53.017-0500] {processor.py:183} INFO - Processing /Users/naga/Desktop/airflow_env/lib/python3.12/site-packages/airflow/example_dags/example_branch_datetime_operator.py took 0.072 seconds
[2026-06-21T15:45:00.636-0500] {processor.py:161} INFO - Started process (PID=57389) to work on /Users/naga/Desktop/airflow_env/lib/python3.12/site-packages/airflow/example_dags/example_branch_datetime_operator.py
[2026-06-21T15:45:00.637-0500] {processor.py:830} INFO - Processing file /Users/naga/Desktop/airflow_env/lib/python3.12/site-packages/airflow/example_dags/example_branch_datetime_operator.py for tasks to queue
[2026-06-21T15:45:00.637-0500] {logging_mixin.py:188} INFO - [2026-06-21T15:45:00.637-0500] {dagbag.py:545} INFO - Filling up the DagBag from /Users/naga/Desktop/airflow_env/lib/python3.12/site-packages/airflow/example_dags/example_branch_datetime_operator.py
[2026-06-21T15:45:00.643-0500] {processor.py:840} INFO - DAG(s) 'example_branch_datetime_operator', 'example_branch_datetime_operator_3', 'example_branch_datetime_operator_2' retrieved from /Users/naga/Desktop/airflow_env/lib/python3.12/site-packages/airflow/example_dags/example_branch_datetime_operator.py
[2026-06-21T15:45:00.691-0500] {logging_mixin.py:188} INFO - [2026-06-21T15:45:00.691-0500] {dag.py:3089} INFO - Sync 3 DAGs
[2026-06-21T15:45:00.700-0500] {logging_mixin.py:188} INFO - [2026-06-21T15:45:00.700-0500] {dag.py:3947} INFO - Setting next_dagrun for example_branch_datetime_operator to 2026-06-20 00:00:00+00:00, run_after=2026-06-21 00:00:00+00:00
[2026-06-21T15:45:00.702-0500] {logging_mixin.py:188} INFO - [2026-06-21T15:45:00.702-0500] {dag.py:3947} INFO - Setting next_dagrun for example_branch_datetime_operator_2 to 2026-06-20 00:00:00+00:00, run_after=2026-06-21 00:00:00+00:00
[2026-06-21T15:45:00.703-0500] {logging_mixin.py:188} INFO - [2026-06-21T15:45:00.703-0500] {dag.py:3947} INFO - Setting next_dagrun for example_branch_datetime_operator_3 to 2026-06-20 00:00:00+00:00, run_after=2026-06-21 00:00:00+00:00
[2026-06-21T15:45:00.711-0500] {processor.py:183} INFO - Processing /Users/naga/Desktop/airflow_env/lib/python3.12/site-packages/airflow/example_dags/example_branch_datetime_operator.py took 0.077 seconds
[2026-06-21T15:47:01.661-0500] {processor.py:161} INFO - Started process (PID=57530) to work on /Users/naga/Desktop/airflow_env/lib/python3.12/site-packages/airflow/example_dags/example_branch_datetime_operator.py
[2026-06-21T15:47:01.662-0500] {processor.py:830} INFO - Processing file /Users/naga/Desktop/airflow_env/lib/python3.12/site-packages/airflow/example_dags/example_branch_datetime_operator.py for tasks to queue
[2026-06-21T15:47:01.662-0500] {logging_mixin.py:188} INFO - [2026-06-21T15:47:01.662-0500] {dagbag.py:545} INFO - Filling up the DagBag from /Users/naga/Desktop/airflow_env/lib/python3.12/site-packages/airflow/example_dags/example_branch_datetime_operator.py
[2026-06-21T15:47:01.668-0500] {processor.py:840} INFO - DAG(s) 'example_branch_datetime_operator_2', 'example_branch_datetime_operator', 'example_branch_datetime_operator_3' retrieved from /Users/naga/Desktop/airflow_env/lib/python3.12/site-packages/airflow/example_dags/example_branch_datetime_operator.py
[2026-06-21T15:47:01.714-0500] {logging_mixin.py:188} INFO - [2026-06-21T15:47:01.714-0500] {dag.py:3089} INFO - Sync 3 DAGs
[2026-06-21T15:47:01.722-0500] {logging_mixin.py:188} INFO - [2026-06-21T15:47:01.722-0500] {dag.py:3947} INFO - Setting next_dagrun for example_branch_datetime_operator to 2026-06-20 00:00:00+00:00, run_after=2026-06-21 00:00:00+00:00
[2026-06-21T15:47:01.724-0500] {logging_mixin.py:188} INFO - [2026-06-21T15:47:01.724-0500] {dag.py:3947} INFO - Setting next_dagrun for example_branch_datetime_operator_2 to 2026-06-20 00:00:00+00:00, run_after=2026-06-21 00:00:00+00:00
[2026-06-21T15:47:01.725-0500] {logging_mixin.py:188} INFO - [2026-06-21T15:47:01.725-0500] {dag.py:3947} INFO - Setting next_dagrun for example_branch_datetime_operator_3 to 2026-06-20 00:00:00+00:00, run_after=2026-06-21 00:00:00+00:00
[2026-06-21T15:47:01.732-0500] {processor.py:183} INFO - Processing /Users/naga/Desktop/airflow_env/lib/python3.12/site-packages/airflow/example_dags/example_branch_datetime_operator.py took 0.073 seconds
[2026-06-21T15:49:08.364-0500] {processor.py:161} INFO - Started process (PID=57644) to work on /Users/naga/Desktop/airflow_env/lib/python3.12/site-packages/airflow/example_dags/example_branch_datetime_operator.py
[2026-06-21T15:49:08.365-0500] {processor.py:830} INFO - Processing file /Users/naga/Desktop/airflow_env/lib/python3.12/site-packages/airflow/example_dags/example_branch_datetime_operator.py for tasks to queue
[2026-06-21T15:49:08.366-0500] {logging_mixin.py:188} INFO - [2026-06-21T15:49:08.365-0500] {dagbag.py:545} INFO - Filling up the DagBag from /Users/naga/Desktop/airflow_env/lib/python3.12/site-packages/airflow/example_dags/example_branch_datetime_operator.py
[2026-06-21T15:49:08.372-0500] {processor.py:840} INFO - DAG(s) 'example_branch_datetime_operator', 'example_branch_datetime_operator_2', 'example_branch_datetime_operator_3' retrieved from /Users/naga/Desktop/airflow_env/lib/python3.12/site-packages/airflow/example_dags/example_branch_datetime_operator.py
[2026-06-21T15:49:08.418-0500] {logging_mixin.py:188} INFO - [2026-06-21T15:49:08.418-0500] {dag.py:3089} INFO - Sync 3 DAGs
[2026-06-21T15:49:08.427-0500] {logging_mixin.py:188} INFO - [2026-06-21T15:49:08.427-0500] {dag.py:3947} INFO - Setting next_dagrun for example_branch_datetime_operator to 2026-06-20 00:00:00+00:00, run_after=2026-06-21 00:00:00+00:00
[2026-06-21T15:49:08.429-0500] {logging_mixin.py:188} INFO - [2026-06-21T15:49:08.428-0500] {dag.py:3947} INFO - Setting next_dagrun for example_branch_datetime_operator_2 to 2026-06-20 00:00:00+00:00, run_after=2026-06-21 00:00:00+00:00
[2026-06-21T15:49:08.429-0500] {logging_mixin.py:188} INFO - [2026-06-21T15:49:08.429-0500] {dag.py:3947} INFO - Setting next_dagrun for example_branch_datetime_operator_3 to 2026-06-20 00:00:00+00:00, run_after=2026-06-21 00:00:00+00:00
[2026-06-21T15:49:08.436-0500] {processor.py:183} INFO - Processing /Users/naga/Desktop/airflow_env/lib/python3.12/site-packages/airflow/example_dags/example_branch_datetime_operator.py took 0.073 seconds
[2026-06-21T15:51:15.688-0500] {processor.py:161} INFO - Started process (PID=57774) to work on /Users/naga/Desktop/airflow_env/lib/python3.12/site-packages/airflow/example_dags/example_branch_datetime_operator.py
[2026-06-21T15:51:15.689-0500] {processor.py:830} INFO - Processing file /Users/naga/Desktop/airflow_env/lib/python3.12/site-packages/airflow/example_dags/example_branch_datetime_operator.py for tasks to queue
[2026-06-21T15:51:15.689-0500] {logging_mixin.py:188} INFO - [2026-06-21T15:51:15.689-0500] {dagbag.py:545} INFO - Filling up the DagBag from /Users/naga/Desktop/airflow_env/lib/python3.12/site-packages/airflow/example_dags/example_branch_datetime_operator.py
[2026-06-21T15:51:15.695-0500] {processor.py:840} INFO - DAG(s) 'example_branch_datetime_operator', 'example_branch_datetime_operator_2', 'example_branch_datetime_operator_3' retrieved from /Users/naga/Desktop/airflow_env/lib/python3.12/site-packages/airflow/example_dags/example_branch_datetime_operator.py
[2026-06-21T15:51:15.741-0500] {logging_mixin.py:188} INFO - [2026-06-21T15:51:15.741-0500] {dag.py:3089} INFO - Sync 3 DAGs
[2026-06-21T15:51:15.749-0500] {logging_mixin.py:188} INFO - [2026-06-21T15:51:15.749-0500] {dag.py:3947} INFO - Setting next_dagrun for example_branch_datetime_operator to 2026-06-20 00:00:00+00:00, run_after=2026-06-21 00:00:00+00:00
[2026-06-21T15:51:15.751-0500] {logging_mixin.py:188} INFO - [2026-06-21T15:51:15.751-0500] {dag.py:3947} INFO - Setting next_dagrun for example_branch_datetime_operator_2 to 2026-06-20 00:00:00+00:00, run_after=2026-06-21 00:00:00+00:00
[2026-06-21T15:51:15.752-0500] {logging_mixin.py:188} INFO - [2026-06-21T15:51:15.752-0500] {dag.py:3947} INFO - Setting next_dagrun for example_branch_datetime_operator_3 to 2026-06-20 00:00:00+00:00, run_after=2026-06-21 00:00:00+00:00
[2026-06-21T15:51:15.759-0500] {processor.py:183} INFO - Processing /Users/naga/Desktop/airflow_env/lib/python3.12/site-packages/airflow/example_dags/example_branch_datetime_operator.py took 0.072 seconds
[2026-06-21T15:53:18.137-0500] {processor.py:161} INFO - Started process (PID=57901) to work on /Users/naga/Desktop/airflow_env/lib/python3.12/site-packages/airflow/example_dags/example_branch_datetime_operator.py
[2026-06-21T15:53:18.138-0500] {processor.py:830} INFO - Processing file /Users/naga/Desktop/airflow_env/lib/python3.12/site-packages/airflow/example_dags/example_branch_datetime_operator.py for tasks to queue
[2026-06-21T15:53:18.138-0500] {logging_mixin.py:188} INFO - [2026-06-21T15:53:18.138-0500] {dagbag.py:545} INFO - Filling up the DagBag from /Users/naga/Desktop/airflow_env/lib/python3.12/site-packages/airflow/example_dags/example_branch_datetime_operator.py
[2026-06-21T15:53:18.144-0500] {processor.py:840} INFO - DAG(s) 'example_branch_datetime_operator_3', 'example_branch_datetime_operator_2', 'example_branch_datetime_operator' retrieved from /Users/naga/Desktop/airflow_env/lib/python3.12/site-packages/airflow/example_dags/example_branch_datetime_operator.py
[2026-06-21T15:53:18.192-0500] {logging_mixin.py:188} INFO - [2026-06-21T15:53:18.192-0500] {dag.py:3089} INFO - Sync 3 DAGs
[2026-06-21T15:53:18.201-0500] {logging_mixin.py:188} INFO - [2026-06-21T15:53:18.201-0500] {dag.py:3947} INFO - Setting next_dagrun for example_branch_datetime_operator to 2026-06-20 00:00:00+00:00, run_after=2026-06-21 00:00:00+00:00
[2026-06-21T15:53:18.203-0500] {logging_mixin.py:188} INFO - [2026-06-21T15:53:18.203-0500] {dag.py:3947} INFO - Setting next_dagrun for example_branch_datetime_operator_2 to 2026-06-20 00:00:00+00:00, run_after=2026-06-21 00:00:00+00:00
[2026-06-21T15:53:18.204-0500] {logging_mixin.py:188} INFO - [2026-06-21T15:53:18.204-0500] {dag.py:3947} INFO - Setting next_dagrun for example_branch_datetime_operator_3 to 2026-06-20 00:00:00+00:00, run_after=2026-06-21 00:00:00+00:00
[2026-06-21T15:53:18.211-0500] {processor.py:183} INFO - Processing /Users/naga/Desktop/airflow_env/lib/python3.12/site-packages/airflow/example_dags/example_branch_datetime_operator.py took 0.075 seconds
[2026-06-21T15:55:24.831-0500] {processor.py:161} INFO - Started process (PID=58021) to work on /Users/naga/Desktop/airflow_env/lib/python3.12/site-packages/airflow/example_dags/example_branch_datetime_operator.py
[2026-06-21T15:55:24.832-0500] {processor.py:830} INFO - Processing file /Users/naga/Desktop/airflow_env/lib/python3.12/site-packages/airflow/example_dags/example_branch_datetime_operator.py for tasks to queue
[2026-06-21T15:55:24.832-0500] {logging_mixin.py:188} INFO - [2026-06-21T15:55:24.832-0500] {dagbag.py:545} INFO - Filling up the DagBag from /Users/naga/Desktop/airflow_env/lib/python3.12/site-packages/airflow/example_dags/example_branch_datetime_operator.py
[2026-06-21T15:55:24.838-0500] {processor.py:840} INFO - DAG(s) 'example_branch_datetime_operator_2', 'example_branch_datetime_operator', 'example_branch_datetime_operator_3' retrieved from /Users/naga/Desktop/airflow_env/lib/python3.12/site-packages/airflow/example_dags/example_branch_datetime_operator.py
[2026-06-21T15:55:24.884-0500] {logging_mixin.py:188} INFO - [2026-06-21T15:55:24.884-0500] {dag.py:3089} INFO - Sync 3 DAGs
[2026-06-21T15:55:24.892-0500] {logging_mixin.py:188} INFO - [2026-06-21T15:55:24.892-0500] {dag.py:3947} INFO - Setting next_dagrun for example_branch_datetime_operator to 2026-06-20 00:00:00+00:00, run_after=2026-06-21 00:00:00+00:00
[2026-06-21T15:55:24.894-0500] {logging_mixin.py:188} INFO - [2026-06-21T15:55:24.894-0500] {dag.py:3947} INFO - Setting next_dagrun for example_branch_datetime_operator_2 to 2026-06-20 00:00:00+00:00, run_after=2026-06-21 00:00:00+00:00
[2026-06-21T15:55:24.895-0500] {logging_mixin.py:188} INFO - [2026-06-21T15:55:24.895-0500] {dag.py:3947} INFO - Setting next_dagrun for example_branch_datetime_operator_3 to 2026-06-20 00:00:00+00:00, run_after=2026-06-21 00:00:00+00:00
[2026-06-21T15:55:24.902-0500] {processor.py:183} INFO - Processing /Users/naga/Desktop/airflow_env/lib/python3.12/site-packages/airflow/example_dags/example_branch_datetime_operator.py took 0.072 seconds
[2026-06-21T15:57:29.948-0500] {processor.py:161} INFO - Started process (PID=58131) to work on /Users/naga/Desktop/airflow_env/lib/python3.12/site-packages/airflow/example_dags/example_branch_datetime_operator.py
[2026-06-21T15:57:29.949-0500] {processor.py:830} INFO - Processing file /Users/naga/Desktop/airflow_env/lib/python3.12/site-packages/airflow/example_dags/example_branch_datetime_operator.py for tasks to queue
[2026-06-21T15:57:29.949-0500] {logging_mixin.py:188} INFO - [2026-06-21T15:57:29.949-0500] {dagbag.py:545} INFO - Filling up the DagBag from /Users/naga/Desktop/airflow_env/lib/python3.12/site-packages/airflow/example_dags/example_branch_datetime_operator.py
[2026-06-21T15:57:29.955-0500] {processor.py:840} INFO - DAG(s) 'example_branch_datetime_operator_3', 'example_branch_datetime_operator', 'example_branch_datetime_operator_2' retrieved from /Users/naga/Desktop/airflow_env/lib/python3.12/site-packages/airflow/example_dags/example_branch_datetime_operator.py
[2026-06-21T15:57:30.002-0500] {logging_mixin.py:188} INFO - [2026-06-21T15:57:30.002-0500] {dag.py:3089} INFO - Sync 3 DAGs
[2026-06-21T15:57:30.011-0500] {logging_mixin.py:188} INFO - [2026-06-21T15:57:30.010-0500] {dag.py:3947} INFO - Setting next_dagrun for example_branch_datetime_operator to 2026-06-20 00:00:00+00:00, run_after=2026-06-21 00:00:00+00:00
[2026-06-21T15:57:30.012-0500] {logging_mixin.py:188} INFO - [2026-06-21T15:57:30.012-0500] {dag.py:3947} INFO - Setting next_dagrun for example_branch_datetime_operator_2 to 2026-06-20 00:00:00+00:00, run_after=2026-06-21 00:00:00+00:00
[2026-06-21T15:57:30.013-0500] {logging_mixin.py:188} INFO - [2026-06-21T15:57:30.013-0500] {dag.py:3947} INFO - Setting next_dagrun for example_branch_datetime_operator_3 to 2026-06-20 00:00:00+00:00, run_after=2026-06-21 00:00:00+00:00
[2026-06-21T15:57:30.020-0500] {processor.py:183} INFO - Processing /Users/naga/Desktop/airflow_env/lib/python3.12/site-packages/airflow/example_dags/example_branch_datetime_operator.py took 0.074 seconds
[2026-06-21T15:59:38.569-0500] {processor.py:161} INFO - Started process (PID=58267) to work on /Users/naga/Desktop/airflow_env/lib/python3.12/site-packages/airflow/example_dags/example_branch_datetime_operator.py
[2026-06-21T15:59:38.570-0500] {processor.py:830} INFO - Processing file /Users/naga/Desktop/airflow_env/lib/python3.12/site-packages/airflow/example_dags/example_branch_datetime_operator.py for tasks to queue
[2026-06-21T15:59:38.570-0500] {logging_mixin.py:188} INFO - [2026-06-21T15:59:38.570-0500] {dagbag.py:545} INFO - Filling up the DagBag from /Users/naga/Desktop/airflow_env/lib/python3.12/site-packages/airflow/example_dags/example_branch_datetime_operator.py
[2026-06-21T15:59:38.576-0500] {processor.py:840} INFO - DAG(s) 'example_branch_datetime_operator', 'example_branch_datetime_operator_3', 'example_branch_datetime_operator_2' retrieved from /Users/naga/Desktop/airflow_env/lib/python3.12/site-packages/airflow/example_dags/example_branch_datetime_operator.py
[2026-06-21T15:59:38.622-0500] {logging_mixin.py:188} INFO - [2026-06-21T15:59:38.621-0500] {dag.py:3089} INFO - Sync 3 DAGs
[2026-06-21T15:59:38.630-0500] {logging_mixin.py:188} INFO - [2026-06-21T15:59:38.630-0500] {dag.py:3947} INFO - Setting next_dagrun for example_branch_datetime_operator to 2026-06-20 00:00:00+00:00, run_after=2026-06-21 00:00:00+00:00
[2026-06-21T15:59:38.632-0500] {logging_mixin.py:188} INFO - [2026-06-21T15:59:38.632-0500] {dag.py:3947} INFO - Setting next_dagrun for example_branch_datetime_operator_2 to 2026-06-20 00:00:00+00:00, run_after=2026-06-21 00:00:00+00:00
[2026-06-21T15:59:38.633-0500] {logging_mixin.py:188} INFO - [2026-06-21T15:59:38.633-0500] {dag.py:3947} INFO - Setting next_dagrun for example_branch_datetime_operator_3 to 2026-06-20 00:00:00+00:00, run_after=2026-06-21 00:00:00+00:00
[2026-06-21T15:59:38.640-0500] {processor.py:183} INFO - Processing /Users/naga/Desktop/airflow_env/lib/python3.12/site-packages/airflow/example_dags/example_branch_datetime_operator.py took 0.072 seconds
[2026-06-21T16:01:44.428-0500] {processor.py:161} INFO - Started process (PID=58395) to work on /Users/naga/Desktop/airflow_env/lib/python3.12/site-packages/airflow/example_dags/example_branch_datetime_operator.py
[2026-06-21T16:01:44.429-0500] {processor.py:830} INFO - Processing file /Users/naga/Desktop/airflow_env/lib/python3.12/site-packages/airflow/example_dags/example_branch_datetime_operator.py for tasks to queue
[2026-06-21T16:01:44.430-0500] {logging_mixin.py:188} INFO - [2026-06-21T16:01:44.429-0500] {dagbag.py:545} INFO - Filling up the DagBag from /Users/naga/Desktop/airflow_env/lib/python3.12/site-packages/airflow/example_dags/example_branch_datetime_operator.py
[2026-06-21T16:01:44.436-0500] {processor.py:840} INFO - DAG(s) 'example_branch_datetime_operator', 'example_branch_datetime_operator_2', 'example_branch_datetime_operator_3' retrieved from /Users/naga/Desktop/airflow_env/lib/python3.12/site-packages/airflow/example_dags/example_branch_datetime_operator.py
[2026-06-21T16:01:44.482-0500] {logging_mixin.py:188} INFO - [2026-06-21T16:01:44.482-0500] {dag.py:3089} INFO - Sync 3 DAGs
[2026-06-21T16:01:44.491-0500] {logging_mixin.py:188} INFO - [2026-06-21T16:01:44.490-0500] {dag.py:3947} INFO - Setting next_dagrun for example_branch_datetime_operator to 2026-06-20 00:00:00+00:00, run_after=2026-06-21 00:00:00+00:00
[2026-06-21T16:01:44.492-0500] {logging_mixin.py:188} INFO - [2026-06-21T16:01:44.492-0500] {dag.py:3947} INFO - Setting next_dagrun for example_branch_datetime_operator_2 to 2026-06-20 00:00:00+00:00, run_after=2026-06-21 00:00:00+00:00
[2026-06-21T16:01:44.493-0500] {logging_mixin.py:188} INFO - [2026-06-21T16:01:44.493-0500] {dag.py:3947} INFO - Setting next_dagrun for example_branch_datetime_operator_3 to 2026-06-20 00:00:00+00:00, run_after=2026-06-21 00:00:00+00:00
[2026-06-21T16:01:44.500-0500] {processor.py:183} INFO - Processing /Users/naga/Desktop/airflow_env/lib/python3.12/site-packages/airflow/example_dags/example_branch_datetime_operator.py took 0.074 seconds
[2026-06-21T16:03:51.674-0500] {processor.py:161} INFO - Started process (PID=58529) to work on /Users/naga/Desktop/airflow_env/lib/python3.12/site-packages/airflow/example_dags/example_branch_datetime_operator.py
[2026-06-21T16:03:51.675-0500] {processor.py:830} INFO - Processing file /Users/naga/Desktop/airflow_env/lib/python3.12/site-packages/airflow/example_dags/example_branch_datetime_operator.py for tasks to queue
[2026-06-21T16:03:51.675-0500] {logging_mixin.py:188} INFO - [2026-06-21T16:03:51.675-0500] {dagbag.py:545} INFO - Filling up the DagBag from /Users/naga/Desktop/airflow_env/lib/python3.12/site-packages/airflow/example_dags/example_branch_datetime_operator.py
[2026-06-21T16:03:51.681-0500] {processor.py:840} INFO - DAG(s) 'example_branch_datetime_operator', 'example_branch_datetime_operator_3', 'example_branch_datetime_operator_2' retrieved from /Users/naga/Desktop/airflow_env/lib/python3.12/site-packages/airflow/example_dags/example_branch_datetime_operator.py
[2026-06-21T16:03:51.727-0500] {logging_mixin.py:188} INFO - [2026-06-21T16:03:51.727-0500] {dag.py:3089} INFO - Sync 3 DAGs
[2026-06-21T16:03:51.736-0500] {logging_mixin.py:188} INFO - [2026-06-21T16:03:51.735-0500] {dag.py:3947} INFO - Setting next_dagrun for example_branch_datetime_operator to 2026-06-20 00:00:00+00:00, run_after=2026-06-21 00:00:00+00:00
[2026-06-21T16:03:51.737-0500] {logging_mixin.py:188} INFO - [2026-06-21T16:03:51.737-0500] {dag.py:3947} INFO - Setting next_dagrun for example_branch_datetime_operator_2 to 2026-06-20 00:00:00+00:00, run_after=2026-06-21 00:00:00+00:00
[2026-06-21T16:03:51.738-0500] {logging_mixin.py:188} INFO - [2026-06-21T16:03:51.738-0500] {dag.py:3947} INFO - Setting next_dagrun for example_branch_datetime_operator_3 to 2026-06-20 00:00:00+00:00, run_after=2026-06-21 00:00:00+00:00
[2026-06-21T16:03:51.745-0500] {processor.py:183} INFO - Processing /Users/naga/Desktop/airflow_env/lib/python3.12/site-packages/airflow/example_dags/example_branch_datetime_operator.py took 0.072 seconds
[2026-06-21T16:06:00.332-0500] {processor.py:161} INFO - Started process (PID=58636) to work on /Users/naga/Desktop/airflow_env/lib/python3.12/site-packages/airflow/example_dags/example_branch_datetime_operator.py
[2026-06-21T16:06:00.333-0500] {processor.py:830} INFO - Processing file /Users/naga/Desktop/airflow_env/lib/python3.12/site-packages/airflow/example_dags/example_branch_datetime_operator.py for tasks to queue
[2026-06-21T16:06:00.333-0500] {logging_mixin.py:188} INFO - [2026-06-21T16:06:00.333-0500] {dagbag.py:545} INFO - Filling up the DagBag from /Users/naga/Desktop/airflow_env/lib/python3.12/site-packages/airflow/example_dags/example_branch_datetime_operator.py
[2026-06-21T16:06:00.339-0500] {processor.py:840} INFO - DAG(s) 'example_branch_datetime_operator', 'example_branch_datetime_operator_2', 'example_branch_datetime_operator_3' retrieved from /Users/naga/Desktop/airflow_env/lib/python3.12/site-packages/airflow/example_dags/example_branch_datetime_operator.py
[2026-06-21T16:06:00.385-0500] {logging_mixin.py:188} INFO - [2026-06-21T16:06:00.384-0500] {dag.py:3089} INFO - Sync 3 DAGs
[2026-06-21T16:06:00.394-0500] {logging_mixin.py:188} INFO - [2026-06-21T16:06:00.393-0500] {dag.py:3947} INFO - Setting next_dagrun for example_branch_datetime_operator to 2026-06-20 00:00:00+00:00, run_after=2026-06-21 00:00:00+00:00
[2026-06-21T16:06:00.395-0500] {logging_mixin.py:188} INFO - [2026-06-21T16:06:00.395-0500] {dag.py:3947} INFO - Setting next_dagrun for example_branch_datetime_operator_2 to 2026-06-20 00:00:00+00:00, run_after=2026-06-21 00:00:00+00:00
[2026-06-21T16:06:00.396-0500] {logging_mixin.py:188} INFO - [2026-06-21T16:06:00.396-0500] {dag.py:3947} INFO - Setting next_dagrun for example_branch_datetime_operator_3 to 2026-06-20 00:00:00+00:00, run_after=2026-06-21 00:00:00+00:00
[2026-06-21T16:06:00.403-0500] {processor.py:183} INFO - Processing /Users/naga/Desktop/airflow_env/lib/python3.12/site-packages/airflow/example_dags/example_branch_datetime_operator.py took 0.073 seconds
[2026-06-21T16:08:12.133-0500] {processor.py:161} INFO - Started process (PID=58761) to work on /Users/naga/Desktop/airflow_env/lib/python3.12/site-packages/airflow/example_dags/example_branch_datetime_operator.py
[2026-06-21T16:08:12.134-0500] {processor.py:830} INFO - Processing file /Users/naga/Desktop/airflow_env/lib/python3.12/site-packages/airflow/example_dags/example_branch_datetime_operator.py for tasks to queue
[2026-06-21T16:08:12.134-0500] {logging_mixin.py:188} INFO - [2026-06-21T16:08:12.134-0500] {dagbag.py:545} INFO - Filling up the DagBag from /Users/naga/Desktop/airflow_env/lib/python3.12/site-packages/airflow/example_dags/example_branch_datetime_operator.py
[2026-06-21T16:08:12.141-0500] {processor.py:840} INFO - DAG(s) 'example_branch_datetime_operator_3', 'example_branch_datetime_operator_2', 'example_branch_datetime_operator' retrieved from /Users/naga/Desktop/airflow_env/lib/python3.12/site-packages/airflow/example_dags/example_branch_datetime_operator.py
[2026-06-21T16:08:12.202-0500] {logging_mixin.py:188} INFO - [2026-06-21T16:08:12.202-0500] {dag.py:3089} INFO - Sync 3 DAGs
[2026-06-21T16:08:12.214-0500] {logging_mixin.py:188} INFO - [2026-06-21T16:08:12.214-0500] {dag.py:3947} INFO - Setting next_dagrun for example_branch_datetime_operator to 2026-06-20 00:00:00+00:00, run_after=2026-06-21 00:00:00+00:00
[2026-06-21T16:08:12.216-0500] {logging_mixin.py:188} INFO - [2026-06-21T16:08:12.216-0500] {dag.py:3947} INFO - Setting next_dagrun for example_branch_datetime_operator_2 to 2026-06-20 00:00:00+00:00, run_after=2026-06-21 00:00:00+00:00
[2026-06-21T16:08:12.218-0500] {logging_mixin.py:188} INFO - [2026-06-21T16:08:12.218-0500] {dag.py:3947} INFO - Setting next_dagrun for example_branch_datetime_operator_3 to 2026-06-20 00:00:00+00:00, run_after=2026-06-21 00:00:00+00:00
[2026-06-21T16:08:12.227-0500] {processor.py:183} INFO - Processing /Users/naga/Desktop/airflow_env/lib/python3.12/site-packages/airflow/example_dags/example_branch_datetime_operator.py took 0.096 seconds
[2026-06-21T16:10:25.960-0500] {processor.py:161} INFO - Started process (PID=58907) to work on /Users/naga/Desktop/airflow_env/lib/python3.12/site-packages/airflow/example_dags/example_branch_datetime_operator.py
[2026-06-21T16:10:25.961-0500] {processor.py:830} INFO - Processing file /Users/naga/Desktop/airflow_env/lib/python3.12/site-packages/airflow/example_dags/example_branch_datetime_operator.py for tasks to queue
[2026-06-21T16:10:25.961-0500] {logging_mixin.py:188} INFO - [2026-06-21T16:10:25.961-0500] {dagbag.py:545} INFO - Filling up the DagBag from /Users/naga/Desktop/airflow_env/lib/python3.12/site-packages/airflow/example_dags/example_branch_datetime_operator.py
[2026-06-21T16:10:25.967-0500] {processor.py:840} INFO - DAG(s) 'example_branch_datetime_operator', 'example_branch_datetime_operator_2', 'example_branch_datetime_operator_3' retrieved from /Users/naga/Desktop/airflow_env/lib/python3.12/site-packages/airflow/example_dags/example_branch_datetime_operator.py
[2026-06-21T16:10:26.018-0500] {logging_mixin.py:188} INFO - [2026-06-21T16:10:26.018-0500] {dag.py:3089} INFO - Sync 3 DAGs
[2026-06-21T16:10:26.028-0500] {logging_mixin.py:188} INFO - [2026-06-21T16:10:26.027-0500] {dag.py:3947} INFO - Setting next_dagrun for example_branch_datetime_operator to 2026-06-20 00:00:00+00:00, run_after=2026-06-21 00:00:00+00:00
[2026-06-21T16:10:26.030-0500] {logging_mixin.py:188} INFO - [2026-06-21T16:10:26.030-0500] {dag.py:3947} INFO - Setting next_dagrun for example_branch_datetime_operator_2 to 2026-06-20 00:00:00+00:00, run_after=2026-06-21 00:00:00+00:00
[2026-06-21T16:10:26.031-0500] {logging_mixin.py:188} INFO - [2026-06-21T16:10:26.031-0500] {dag.py:3947} INFO - Setting next_dagrun for example_branch_datetime_operator_3 to 2026-06-20 00:00:00+00:00, run_after=2026-06-21 00:00:00+00:00
[2026-06-21T16:10:26.038-0500] {processor.py:183} INFO - Processing /Users/naga/Desktop/airflow_env/lib/python3.12/site-packages/airflow/example_dags/example_branch_datetime_operator.py took 0.080 seconds
[2026-06-21T16:12:39.887-0500] {processor.py:161} INFO - Started process (PID=59022) to work on /Users/naga/Desktop/airflow_env/lib/python3.12/site-packages/airflow/example_dags/example_branch_datetime_operator.py
[2026-06-21T16:12:39.888-0500] {processor.py:830} INFO - Processing file /Users/naga/Desktop/airflow_env/lib/python3.12/site-packages/airflow/example_dags/example_branch_datetime_operator.py for tasks to queue
[2026-06-21T16:12:39.888-0500] {logging_mixin.py:188} INFO - [2026-06-21T16:12:39.888-0500] {dagbag.py:545} INFO - Filling up the DagBag from /Users/naga/Desktop/airflow_env/lib/python3.12/site-packages/airflow/example_dags/example_branch_datetime_operator.py
[2026-06-21T16:12:39.895-0500] {processor.py:840} INFO - DAG(s) 'example_branch_datetime_operator_2', 'example_branch_datetime_operator_3', 'example_branch_datetime_operator' retrieved from /Users/naga/Desktop/airflow_env/lib/python3.12/site-packages/airflow/example_dags/example_branch_datetime_operator.py
[2026-06-21T16:12:39.945-0500] {logging_mixin.py:188} INFO - [2026-06-21T16:12:39.945-0500] {dag.py:3089} INFO - Sync 3 DAGs
[2026-06-21T16:12:39.954-0500] {logging_mixin.py:188} INFO - [2026-06-21T16:12:39.954-0500] {dag.py:3947} INFO - Setting next_dagrun for example_branch_datetime_operator to 2026-06-20 00:00:00+00:00, run_after=2026-06-21 00:00:00+00:00
[2026-06-21T16:12:39.956-0500] {logging_mixin.py:188} INFO - [2026-06-21T16:12:39.956-0500] {dag.py:3947} INFO - Setting next_dagrun for example_branch_datetime_operator_2 to 2026-06-20 00:00:00+00:00, run_after=2026-06-21 00:00:00+00:00
[2026-06-21T16:12:39.957-0500] {logging_mixin.py:188} INFO - [2026-06-21T16:12:39.957-0500] {dag.py:3947} INFO - Setting next_dagrun for example_branch_datetime_operator_3 to 2026-06-20 00:00:00+00:00, run_after=2026-06-21 00:00:00+00:00
[2026-06-21T16:12:39.966-0500] {processor.py:183} INFO - Processing /Users/naga/Desktop/airflow_env/lib/python3.12/site-packages/airflow/example_dags/example_branch_datetime_operator.py took 0.080 seconds
[2026-06-21T16:14:51.490-0500] {processor.py:161} INFO - Started process (PID=59172) to work on /Users/naga/Desktop/airflow_env/lib/python3.12/site-packages/airflow/example_dags/example_branch_datetime_operator.py
[2026-06-21T16:14:51.491-0500] {processor.py:830} INFO - Processing file /Users/naga/Desktop/airflow_env/lib/python3.12/site-packages/airflow/example_dags/example_branch_datetime_operator.py for tasks to queue
[2026-06-21T16:14:51.491-0500] {logging_mixin.py:188} INFO - [2026-06-21T16:14:51.491-0500] {dagbag.py:545} INFO - Filling up the DagBag from /Users/naga/Desktop/airflow_env/lib/python3.12/site-packages/airflow/example_dags/example_branch_datetime_operator.py
[2026-06-21T16:14:51.498-0500] {processor.py:840} INFO - DAG(s) 'example_branch_datetime_operator_3', 'example_branch_datetime_operator', 'example_branch_datetime_operator_2' retrieved from /Users/naga/Desktop/airflow_env/lib/python3.12/site-packages/airflow/example_dags/example_branch_datetime_operator.py
[2026-06-21T16:14:51.547-0500] {logging_mixin.py:188} INFO - [2026-06-21T16:14:51.547-0500] {dag.py:3089} INFO - Sync 3 DAGs
[2026-06-21T16:14:51.557-0500] {logging_mixin.py:188} INFO - [2026-06-21T16:14:51.556-0500] {dag.py:3947} INFO - Setting next_dagrun for example_branch_datetime_operator to 2026-06-20 00:00:00+00:00, run_after=2026-06-21 00:00:00+00:00
[2026-06-21T16:14:51.559-0500] {logging_mixin.py:188} INFO - [2026-06-21T16:14:51.559-0500] {dag.py:3947} INFO - Setting next_dagrun for example_branch_datetime_operator_2 to 2026-06-20 00:00:00+00:00, run_after=2026-06-21 00:00:00+00:00
[2026-06-21T16:14:51.560-0500] {logging_mixin.py:188} INFO - [2026-06-21T16:14:51.560-0500] {dag.py:3947} INFO - Setting next_dagrun for example_branch_datetime_operator_3 to 2026-06-20 00:00:00+00:00, run_after=2026-06-21 00:00:00+00:00
[2026-06-21T16:14:51.567-0500] {processor.py:183} INFO - Processing /Users/naga/Desktop/airflow_env/lib/python3.12/site-packages/airflow/example_dags/example_branch_datetime_operator.py took 0.078 seconds
[2026-06-21T16:17:01.393-0500] {processor.py:161} INFO - Started process (PID=59297) to work on /Users/naga/Desktop/airflow_env/lib/python3.12/site-packages/airflow/example_dags/example_branch_datetime_operator.py
[2026-06-21T16:17:01.394-0500] {processor.py:830} INFO - Processing file /Users/naga/Desktop/airflow_env/lib/python3.12/site-packages/airflow/example_dags/example_branch_datetime_operator.py for tasks to queue
[2026-06-21T16:17:01.394-0500] {logging_mixin.py:188} INFO - [2026-06-21T16:17:01.394-0500] {dagbag.py:545} INFO - Filling up the DagBag from /Users/naga/Desktop/airflow_env/lib/python3.12/site-packages/airflow/example_dags/example_branch_datetime_operator.py
[2026-06-21T16:17:01.401-0500] {processor.py:840} INFO - DAG(s) 'example_branch_datetime_operator_3', 'example_branch_datetime_operator_2', 'example_branch_datetime_operator' retrieved from /Users/naga/Desktop/airflow_env/lib/python3.12/site-packages/airflow/example_dags/example_branch_datetime_operator.py
[2026-06-21T16:17:01.451-0500] {logging_mixin.py:188} INFO - [2026-06-21T16:17:01.450-0500] {dag.py:3089} INFO - Sync 3 DAGs
[2026-06-21T16:17:01.460-0500] {logging_mixin.py:188} INFO - [2026-06-21T16:17:01.459-0500] {dag.py:3947} INFO - Setting next_dagrun for example_branch_datetime_operator to 2026-06-20 00:00:00+00:00, run_after=2026-06-21 00:00:00+00:00
[2026-06-21T16:17:01.461-0500] {logging_mixin.py:188} INFO - [2026-06-21T16:17:01.461-0500] {dag.py:3947} INFO - Setting next_dagrun for example_branch_datetime_operator_2 to 2026-06-20 00:00:00+00:00, run_after=2026-06-21 00:00:00+00:00
[2026-06-21T16:17:01.462-0500] {logging_mixin.py:188} INFO - [2026-06-21T16:17:01.462-0500] {dag.py:3947} INFO - Setting next_dagrun for example_branch_datetime_operator_3 to 2026-06-20 00:00:00+00:00, run_after=2026-06-21 00:00:00+00:00
[2026-06-21T16:17:01.470-0500] {processor.py:183} INFO - Processing /Users/naga/Desktop/airflow_env/lib/python3.12/site-packages/airflow/example_dags/example_branch_datetime_operator.py took 0.078 seconds
[2026-06-21T16:19:13.398-0500] {processor.py:161} INFO - Started process (PID=59421) to work on /Users/naga/Desktop/airflow_env/lib/python3.12/site-packages/airflow/example_dags/example_branch_datetime_operator.py
[2026-06-21T16:19:13.399-0500] {processor.py:830} INFO - Processing file /Users/naga/Desktop/airflow_env/lib/python3.12/site-packages/airflow/example_dags/example_branch_datetime_operator.py for tasks to queue
[2026-06-21T16:19:13.399-0500] {logging_mixin.py:188} INFO - [2026-06-21T16:19:13.399-0500] {dagbag.py:545} INFO - Filling up the DagBag from /Users/naga/Desktop/airflow_env/lib/python3.12/site-packages/airflow/example_dags/example_branch_datetime_operator.py
[2026-06-21T16:19:13.406-0500] {processor.py:840} INFO - DAG(s) 'example_branch_datetime_operator_2', 'example_branch_datetime_operator', 'example_branch_datetime_operator_3' retrieved from /Users/naga/Desktop/airflow_env/lib/python3.12/site-packages/airflow/example_dags/example_branch_datetime_operator.py
[2026-06-21T16:19:13.455-0500] {logging_mixin.py:188} INFO - [2026-06-21T16:19:13.455-0500] {dag.py:3089} INFO - Sync 3 DAGs
[2026-06-21T16:19:13.464-0500] {logging_mixin.py:188} INFO - [2026-06-21T16:19:13.464-0500] {dag.py:3947} INFO - Setting next_dagrun for example_branch_datetime_operator to 2026-06-20 00:00:00+00:00, run_after=2026-06-21 00:00:00+00:00
[2026-06-21T16:19:13.466-0500] {logging_mixin.py:188} INFO - [2026-06-21T16:19:13.466-0500] {dag.py:3947} INFO - Setting next_dagrun for example_branch_datetime_operator_2 to 2026-06-20 00:00:00+00:00, run_after=2026-06-21 00:00:00+00:00
[2026-06-21T16:19:13.467-0500] {logging_mixin.py:188} INFO - [2026-06-21T16:19:13.467-0500] {dag.py:3947} INFO - Setting next_dagrun for example_branch_datetime_operator_3 to 2026-06-20 00:00:00+00:00, run_after=2026-06-21 00:00:00+00:00
[2026-06-21T16:19:13.475-0500] {processor.py:183} INFO - Processing /Users/naga/Desktop/airflow_env/lib/python3.12/site-packages/airflow/example_dags/example_branch_datetime_operator.py took 0.078 seconds
[2026-06-21T16:21:22.845-0500] {processor.py:161} INFO - Started process (PID=59567) to work on /Users/naga/Desktop/airflow_env/lib/python3.12/site-packages/airflow/example_dags/example_branch_datetime_operator.py
[2026-06-21T16:21:22.846-0500] {processor.py:830} INFO - Processing file /Users/naga/Desktop/airflow_env/lib/python3.12/site-packages/airflow/example_dags/example_branch_datetime_operator.py for tasks to queue
[2026-06-21T16:21:22.847-0500] {logging_mixin.py:188} INFO - [2026-06-21T16:21:22.847-0500] {dagbag.py:545} INFO - Filling up the DagBag from /Users/naga/Desktop/airflow_env/lib/python3.12/site-packages/airflow/example_dags/example_branch_datetime_operator.py
[2026-06-21T16:21:22.853-0500] {processor.py:840} INFO - DAG(s) 'example_branch_datetime_operator_2', 'example_branch_datetime_operator_3', 'example_branch_datetime_operator' retrieved from /Users/naga/Desktop/airflow_env/lib/python3.12/site-packages/airflow/example_dags/example_branch_datetime_operator.py
[2026-06-21T16:21:22.909-0500] {logging_mixin.py:188} INFO - [2026-06-21T16:21:22.908-0500] {dag.py:3089} INFO - Sync 3 DAGs
[2026-06-21T16:21:22.919-0500] {logging_mixin.py:188} INFO - [2026-06-21T16:21:22.919-0500] {dag.py:3947} INFO - Setting next_dagrun for example_branch_datetime_operator to 2026-06-20 00:00:00+00:00, run_after=2026-06-21 00:00:00+00:00
[2026-06-21T16:21:22.921-0500] {logging_mixin.py:188} INFO - [2026-06-21T16:21:22.921-0500] {dag.py:3947} INFO - Setting next_dagrun for example_branch_datetime_operator_2 to 2026-06-20 00:00:00+00:00, run_after=2026-06-21 00:00:00+00:00
[2026-06-21T16:21:22.922-0500] {logging_mixin.py:188} INFO - [2026-06-21T16:21:22.922-0500] {dag.py:3947} INFO - Setting next_dagrun for example_branch_datetime_operator_3 to 2026-06-20 00:00:00+00:00, run_after=2026-06-21 00:00:00+00:00
[2026-06-21T16:21:22.931-0500] {processor.py:183} INFO - Processing /Users/naga/Desktop/airflow_env/lib/python3.12/site-packages/airflow/example_dags/example_branch_datetime_operator.py took 0.087 seconds
[2026-06-21T16:23:31.272-0500] {processor.py:161} INFO - Started process (PID=59697) to work on /Users/naga/Desktop/airflow_env/lib/python3.12/site-packages/airflow/example_dags/example_branch_datetime_operator.py
[2026-06-21T16:23:31.272-0500] {processor.py:830} INFO - Processing file /Users/naga/Desktop/airflow_env/lib/python3.12/site-packages/airflow/example_dags/example_branch_datetime_operator.py for tasks to queue
[2026-06-21T16:23:31.273-0500] {logging_mixin.py:188} INFO - [2026-06-21T16:23:31.273-0500] {dagbag.py:545} INFO - Filling up the DagBag from /Users/naga/Desktop/airflow_env/lib/python3.12/site-packages/airflow/example_dags/example_branch_datetime_operator.py
[2026-06-21T16:23:31.279-0500] {processor.py:840} INFO - DAG(s) 'example_branch_datetime_operator_2', 'example_branch_datetime_operator_3', 'example_branch_datetime_operator' retrieved from /Users/naga/Desktop/airflow_env/lib/python3.12/site-packages/airflow/example_dags/example_branch_datetime_operator.py
[2026-06-21T16:23:31.328-0500] {logging_mixin.py:188} INFO - [2026-06-21T16:23:31.328-0500] {dag.py:3089} INFO - Sync 3 DAGs
[2026-06-21T16:23:31.338-0500] {logging_mixin.py:188} INFO - [2026-06-21T16:23:31.337-0500] {dag.py:3947} INFO - Setting next_dagrun for example_branch_datetime_operator to 2026-06-20 00:00:00+00:00, run_after=2026-06-21 00:00:00+00:00
[2026-06-21T16:23:31.340-0500] {logging_mixin.py:188} INFO - [2026-06-21T16:23:31.339-0500] {dag.py:3947} INFO - Setting next_dagrun for example_branch_datetime_operator_2 to 2026-06-20 00:00:00+00:00, run_after=2026-06-21 00:00:00+00:00
[2026-06-21T16:23:31.341-0500] {logging_mixin.py:188} INFO - [2026-06-21T16:23:31.340-0500] {dag.py:3947} INFO - Setting next_dagrun for example_branch_datetime_operator_3 to 2026-06-20 00:00:00+00:00, run_after=2026-06-21 00:00:00+00:00
[2026-06-21T16:23:31.348-0500] {processor.py:183} INFO - Processing /Users/naga/Desktop/airflow_env/lib/python3.12/site-packages/airflow/example_dags/example_branch_datetime_operator.py took 0.078 seconds
[2026-06-21T16:25:42.517-0500] {processor.py:161} INFO - Started process (PID=59836) to work on /Users/naga/Desktop/airflow_env/lib/python3.12/site-packages/airflow/example_dags/example_branch_datetime_operator.py
[2026-06-21T16:25:42.519-0500] {processor.py:830} INFO - Processing file /Users/naga/Desktop/airflow_env/lib/python3.12/site-packages/airflow/example_dags/example_branch_datetime_operator.py for tasks to queue
[2026-06-21T16:25:42.519-0500] {logging_mixin.py:188} INFO - [2026-06-21T16:25:42.519-0500] {dagbag.py:545} INFO - Filling up the DagBag from /Users/naga/Desktop/airflow_env/lib/python3.12/site-packages/airflow/example_dags/example_branch_datetime_operator.py
[2026-06-21T16:25:42.528-0500] {processor.py:840} INFO - DAG(s) 'example_branch_datetime_operator', 'example_branch_datetime_operator_2', 'example_branch_datetime_operator_3' retrieved from /Users/naga/Desktop/airflow_env/lib/python3.12/site-packages/airflow/example_dags/example_branch_datetime_operator.py
[2026-06-21T16:25:42.582-0500] {logging_mixin.py:188} INFO - [2026-06-21T16:25:42.581-0500] {dag.py:3089} INFO - Sync 3 DAGs
[2026-06-21T16:25:42.591-0500] {logging_mixin.py:188} INFO - [2026-06-21T16:25:42.591-0500] {dag.py:3947} INFO - Setting next_dagrun for example_branch_datetime_operator to 2026-06-20 00:00:00+00:00, run_after=2026-06-21 00:00:00+00:00
[2026-06-21T16:25:42.593-0500] {logging_mixin.py:188} INFO - [2026-06-21T16:25:42.593-0500] {dag.py:3947} INFO - Setting next_dagrun for example_branch_datetime_operator_2 to 2026-06-20 00:00:00+00:00, run_after=2026-06-21 00:00:00+00:00
[2026-06-21T16:25:42.594-0500] {logging_mixin.py:188} INFO - [2026-06-21T16:25:42.594-0500] {dag.py:3947} INFO - Setting next_dagrun for example_branch_datetime_operator_3 to 2026-06-20 00:00:00+00:00, run_after=2026-06-21 00:00:00+00:00
[2026-06-21T16:25:42.603-0500] {processor.py:183} INFO - Processing /Users/naga/Desktop/airflow_env/lib/python3.12/site-packages/airflow/example_dags/example_branch_datetime_operator.py took 0.087 seconds
[2026-06-21T16:28:00.433-0500] {processor.py:161} INFO - Started process (PID=59983) to work on /Users/naga/Desktop/airflow_env/lib/python3.12/site-packages/airflow/example_dags/example_branch_datetime_operator.py
[2026-06-21T16:28:00.434-0500] {processor.py:830} INFO - Processing file /Users/naga/Desktop/airflow_env/lib/python3.12/site-packages/airflow/example_dags/example_branch_datetime_operator.py for tasks to queue
[2026-06-21T16:28:00.434-0500] {logging_mixin.py:188} INFO - [2026-06-21T16:28:00.434-0500] {dagbag.py:545} INFO - Filling up the DagBag from /Users/naga/Desktop/airflow_env/lib/python3.12/site-packages/airflow/example_dags/example_branch_datetime_operator.py
[2026-06-21T16:28:00.440-0500] {processor.py:840} INFO - DAG(s) 'example_branch_datetime_operator_2', 'example_branch_datetime_operator', 'example_branch_datetime_operator_3' retrieved from /Users/naga/Desktop/airflow_env/lib/python3.12/site-packages/airflow/example_dags/example_branch_datetime_operator.py
[2026-06-21T16:28:00.489-0500] {logging_mixin.py:188} INFO - [2026-06-21T16:28:00.489-0500] {dag.py:3089} INFO - Sync 3 DAGs
[2026-06-21T16:28:00.498-0500] {logging_mixin.py:188} INFO - [2026-06-21T16:28:00.498-0500] {dag.py:3947} INFO - Setting next_dagrun for example_branch_datetime_operator to 2026-06-20 00:00:00+00:00, run_after=2026-06-21 00:00:00+00:00
[2026-06-21T16:28:00.500-0500] {logging_mixin.py:188} INFO - [2026-06-21T16:28:00.500-0500] {dag.py:3947} INFO - Setting next_dagrun for example_branch_datetime_operator_2 to 2026-06-20 00:00:00+00:00, run_after=2026-06-21 00:00:00+00:00
[2026-06-21T16:28:00.501-0500] {logging_mixin.py:188} INFO - [2026-06-21T16:28:00.501-0500] {dag.py:3947} INFO - Setting next_dagrun for example_branch_datetime_operator_3 to 2026-06-20 00:00:00+00:00, run_after=2026-06-21 00:00:00+00:00
[2026-06-21T16:28:00.508-0500] {processor.py:183} INFO - Processing /Users/naga/Desktop/airflow_env/lib/python3.12/site-packages/airflow/example_dags/example_branch_datetime_operator.py took 0.077 seconds
[2026-06-21T16:30:10.932-0500] {processor.py:161} INFO - Started process (PID=60092) to work on /Users/naga/Desktop/airflow_env/lib/python3.12/site-packages/airflow/example_dags/example_branch_datetime_operator.py
[2026-06-21T16:30:10.932-0500] {processor.py:830} INFO - Processing file /Users/naga/Desktop/airflow_env/lib/python3.12/site-packages/airflow/example_dags/example_branch_datetime_operator.py for tasks to queue
[2026-06-21T16:30:10.933-0500] {logging_mixin.py:188} INFO - [2026-06-21T16:30:10.933-0500] {dagbag.py:545} INFO - Filling up the DagBag from /Users/naga/Desktop/airflow_env/lib/python3.12/site-packages/airflow/example_dags/example_branch_datetime_operator.py
[2026-06-21T16:30:10.939-0500] {processor.py:840} INFO - DAG(s) 'example_branch_datetime_operator_3', 'example_branch_datetime_operator', 'example_branch_datetime_operator_2' retrieved from /Users/naga/Desktop/airflow_env/lib/python3.12/site-packages/airflow/example_dags/example_branch_datetime_operator.py
[2026-06-21T16:30:10.988-0500] {logging_mixin.py:188} INFO - [2026-06-21T16:30:10.988-0500] {dag.py:3089} INFO - Sync 3 DAGs
[2026-06-21T16:30:10.997-0500] {logging_mixin.py:188} INFO - [2026-06-21T16:30:10.997-0500] {dag.py:3947} INFO - Setting next_dagrun for example_branch_datetime_operator to 2026-06-20 00:00:00+00:00, run_after=2026-06-21 00:00:00+00:00
[2026-06-21T16:30:10.999-0500] {logging_mixin.py:188} INFO - [2026-06-21T16:30:10.999-0500] {dag.py:3947} INFO - Setting next_dagrun for example_branch_datetime_operator_2 to 2026-06-20 00:00:00+00:00, run_after=2026-06-21 00:00:00+00:00
[2026-06-21T16:30:11.000-0500] {logging_mixin.py:188} INFO - [2026-06-21T16:30:11.000-0500] {dag.py:3947} INFO - Setting next_dagrun for example_branch_datetime_operator_3 to 2026-06-20 00:00:00+00:00, run_after=2026-06-21 00:00:00+00:00
[2026-06-21T16:30:11.007-0500] {processor.py:183} INFO - Processing /Users/naga/Desktop/airflow_env/lib/python3.12/site-packages/airflow/example_dags/example_branch_datetime_operator.py took 0.077 seconds
[2026-06-21T16:32:15.690-0500] {processor.py:161} INFO - Started process (PID=60242) to work on /Users/naga/Desktop/airflow_env/lib/python3.12/site-packages/airflow/example_dags/example_branch_datetime_operator.py
[2026-06-21T16:32:15.691-0500] {processor.py:830} INFO - Processing file /Users/naga/Desktop/airflow_env/lib/python3.12/site-packages/airflow/example_dags/example_branch_datetime_operator.py for tasks to queue
[2026-06-21T16:32:15.691-0500] {logging_mixin.py:188} INFO - [2026-06-21T16:32:15.691-0500] {dagbag.py:545} INFO - Filling up the DagBag from /Users/naga/Desktop/airflow_env/lib/python3.12/site-packages/airflow/example_dags/example_branch_datetime_operator.py
[2026-06-21T16:32:15.697-0500] {processor.py:840} INFO - DAG(s) 'example_branch_datetime_operator', 'example_branch_datetime_operator_2', 'example_branch_datetime_operator_3' retrieved from /Users/naga/Desktop/airflow_env/lib/python3.12/site-packages/airflow/example_dags/example_branch_datetime_operator.py
[2026-06-21T16:32:15.745-0500] {logging_mixin.py:188} INFO - [2026-06-21T16:32:15.745-0500] {dag.py:3089} INFO - Sync 3 DAGs
[2026-06-21T16:32:15.754-0500] {logging_mixin.py:188} INFO - [2026-06-21T16:32:15.753-0500] {dag.py:3947} INFO - Setting next_dagrun for example_branch_datetime_operator to 2026-06-20 00:00:00+00:00, run_after=2026-06-21 00:00:00+00:00
[2026-06-21T16:32:15.755-0500] {logging_mixin.py:188} INFO - [2026-06-21T16:32:15.755-0500] {dag.py:3947} INFO - Setting next_dagrun for example_branch_datetime_operator_2 to 2026-06-20 00:00:00+00:00, run_after=2026-06-21 00:00:00+00:00
[2026-06-21T16:32:15.756-0500] {logging_mixin.py:188} INFO - [2026-06-21T16:32:15.756-0500] {dag.py:3947} INFO - Setting next_dagrun for example_branch_datetime_operator_3 to 2026-06-20 00:00:00+00:00, run_after=2026-06-21 00:00:00+00:00
[2026-06-21T16:32:15.764-0500] {processor.py:183} INFO - Processing /Users/naga/Desktop/airflow_env/lib/python3.12/site-packages/airflow/example_dags/example_branch_datetime_operator.py took 0.075 seconds
[2026-06-21T16:34:17.872-0500] {processor.py:161} INFO - Started process (PID=60350) to work on /Users/naga/Desktop/airflow_env/lib/python3.12/site-packages/airflow/example_dags/example_branch_datetime_operator.py
[2026-06-21T16:34:17.872-0500] {processor.py:830} INFO - Processing file /Users/naga/Desktop/airflow_env/lib/python3.12/site-packages/airflow/example_dags/example_branch_datetime_operator.py for tasks to queue
[2026-06-21T16:34:17.873-0500] {logging_mixin.py:188} INFO - [2026-06-21T16:34:17.873-0500] {dagbag.py:545} INFO - Filling up the DagBag from /Users/naga/Desktop/airflow_env/lib/python3.12/site-packages/airflow/example_dags/example_branch_datetime_operator.py
[2026-06-21T16:34:17.879-0500] {processor.py:840} INFO - DAG(s) 'example_branch_datetime_operator_2', 'example_branch_datetime_operator', 'example_branch_datetime_operator_3' retrieved from /Users/naga/Desktop/airflow_env/lib/python3.12/site-packages/airflow/example_dags/example_branch_datetime_operator.py
[2026-06-21T16:34:17.925-0500] {logging_mixin.py:188} INFO - [2026-06-21T16:34:17.925-0500] {dag.py:3089} INFO - Sync 3 DAGs
[2026-06-21T16:34:17.934-0500] {logging_mixin.py:188} INFO - [2026-06-21T16:34:17.933-0500] {dag.py:3947} INFO - Setting next_dagrun for example_branch_datetime_operator to 2026-06-20 00:00:00+00:00, run_after=2026-06-21 00:00:00+00:00
[2026-06-21T16:34:17.935-0500] {logging_mixin.py:188} INFO - [2026-06-21T16:34:17.935-0500] {dag.py:3947} INFO - Setting next_dagrun for example_branch_datetime_operator_2 to 2026-06-20 00:00:00+00:00, run_after=2026-06-21 00:00:00+00:00
[2026-06-21T16:34:17.936-0500] {logging_mixin.py:188} INFO - [2026-06-21T16:34:17.936-0500] {dag.py:3947} INFO - Setting next_dagrun for example_branch_datetime_operator_3 to 2026-06-20 00:00:00+00:00, run_after=2026-06-21 00:00:00+00:00
[2026-06-21T16:34:17.943-0500] {processor.py:183} INFO - Processing /Users/naga/Desktop/airflow_env/lib/python3.12/site-packages/airflow/example_dags/example_branch_datetime_operator.py took 0.073 seconds
[2026-06-21T16:36:26.264-0500] {processor.py:161} INFO - Started process (PID=60476) to work on /Users/naga/Desktop/airflow_env/lib/python3.12/site-packages/airflow/example_dags/example_branch_datetime_operator.py
[2026-06-21T16:36:26.265-0500] {processor.py:830} INFO - Processing file /Users/naga/Desktop/airflow_env/lib/python3.12/site-packages/airflow/example_dags/example_branch_datetime_operator.py for tasks to queue
[2026-06-21T16:36:26.265-0500] {logging_mixin.py:188} INFO - [2026-06-21T16:36:26.265-0500] {dagbag.py:545} INFO - Filling up the DagBag from /Users/naga/Desktop/airflow_env/lib/python3.12/site-packages/airflow/example_dags/example_branch_datetime_operator.py
[2026-06-21T16:36:26.271-0500] {processor.py:840} INFO - DAG(s) 'example_branch_datetime_operator_2', 'example_branch_datetime_operator', 'example_branch_datetime_operator_3' retrieved from /Users/naga/Desktop/airflow_env/lib/python3.12/site-packages/airflow/example_dags/example_branch_datetime_operator.py
[2026-06-21T16:36:26.317-0500] {logging_mixin.py:188} INFO - [2026-06-21T16:36:26.317-0500] {dag.py:3089} INFO - Sync 3 DAGs
[2026-06-21T16:36:26.325-0500] {logging_mixin.py:188} INFO - [2026-06-21T16:36:26.325-0500] {dag.py:3947} INFO - Setting next_dagrun for example_branch_datetime_operator to 2026-06-20 00:00:00+00:00, run_after=2026-06-21 00:00:00+00:00
[2026-06-21T16:36:26.327-0500] {logging_mixin.py:188} INFO - [2026-06-21T16:36:26.327-0500] {dag.py:3947} INFO - Setting next_dagrun for example_branch_datetime_operator_2 to 2026-06-20 00:00:00+00:00, run_after=2026-06-21 00:00:00+00:00
[2026-06-21T16:36:26.328-0500] {logging_mixin.py:188} INFO - [2026-06-21T16:36:26.328-0500] {dag.py:3947} INFO - Setting next_dagrun for example_branch_datetime_operator_3 to 2026-06-20 00:00:00+00:00, run_after=2026-06-21 00:00:00+00:00
[2026-06-21T16:36:26.336-0500] {processor.py:183} INFO - Processing /Users/naga/Desktop/airflow_env/lib/python3.12/site-packages/airflow/example_dags/example_branch_datetime_operator.py took 0.073 seconds
[2026-06-21T16:38:29.038-0500] {processor.py:161} INFO - Started process (PID=60606) to work on /Users/naga/Desktop/airflow_env/lib/python3.12/site-packages/airflow/example_dags/example_branch_datetime_operator.py
[2026-06-21T16:38:29.039-0500] {processor.py:830} INFO - Processing file /Users/naga/Desktop/airflow_env/lib/python3.12/site-packages/airflow/example_dags/example_branch_datetime_operator.py for tasks to queue
[2026-06-21T16:38:29.039-0500] {logging_mixin.py:188} INFO - [2026-06-21T16:38:29.039-0500] {dagbag.py:545} INFO - Filling up the DagBag from /Users/naga/Desktop/airflow_env/lib/python3.12/site-packages/airflow/example_dags/example_branch_datetime_operator.py
[2026-06-21T16:38:29.045-0500] {processor.py:840} INFO - DAG(s) 'example_branch_datetime_operator_3', 'example_branch_datetime_operator', 'example_branch_datetime_operator_2' retrieved from /Users/naga/Desktop/airflow_env/lib/python3.12/site-packages/airflow/example_dags/example_branch_datetime_operator.py
[2026-06-21T16:38:29.091-0500] {logging_mixin.py:188} INFO - [2026-06-21T16:38:29.091-0500] {dag.py:3089} INFO - Sync 3 DAGs
[2026-06-21T16:38:29.100-0500] {logging_mixin.py:188} INFO - [2026-06-21T16:38:29.100-0500] {dag.py:3947} INFO - Setting next_dagrun for example_branch_datetime_operator to 2026-06-20 00:00:00+00:00, run_after=2026-06-21 00:00:00+00:00
[2026-06-21T16:38:29.102-0500] {logging_mixin.py:188} INFO - [2026-06-21T16:38:29.102-0500] {dag.py:3947} INFO - Setting next_dagrun for example_branch_datetime_operator_2 to 2026-06-20 00:00:00+00:00, run_after=2026-06-21 00:00:00+00:00
[2026-06-21T16:38:29.102-0500] {logging_mixin.py:188} INFO - [2026-06-21T16:38:29.102-0500] {dag.py:3947} INFO - Setting next_dagrun for example_branch_datetime_operator_3 to 2026-06-20 00:00:00+00:00, run_after=2026-06-21 00:00:00+00:00
[2026-06-21T16:38:29.110-0500] {processor.py:183} INFO - Processing /Users/naga/Desktop/airflow_env/lib/python3.12/site-packages/airflow/example_dags/example_branch_datetime_operator.py took 0.073 seconds
[2026-06-21T16:41:48.067-0500] {processor.py:161} INFO - Started process (PID=60790) to work on /Users/naga/Desktop/airflow_env/lib/python3.12/site-packages/airflow/example_dags/example_branch_datetime_operator.py
[2026-06-21T16:41:48.068-0500] {processor.py:830} INFO - Processing file /Users/naga/Desktop/airflow_env/lib/python3.12/site-packages/airflow/example_dags/example_branch_datetime_operator.py for tasks to queue
[2026-06-21T16:41:48.069-0500] {logging_mixin.py:188} INFO - [2026-06-21T16:41:48.069-0500] {dagbag.py:545} INFO - Filling up the DagBag from /Users/naga/Desktop/airflow_env/lib/python3.12/site-packages/airflow/example_dags/example_branch_datetime_operator.py
[2026-06-21T16:41:48.079-0500] {processor.py:840} INFO - DAG(s) 'example_branch_datetime_operator', 'example_branch_datetime_operator_2', 'example_branch_datetime_operator_3' retrieved from /Users/naga/Desktop/airflow_env/lib/python3.12/site-packages/airflow/example_dags/example_branch_datetime_operator.py
[2026-06-21T16:41:48.158-0500] {logging_mixin.py:188} INFO - [2026-06-21T16:41:48.157-0500] {dag.py:3089} INFO - Sync 3 DAGs
[2026-06-21T16:41:48.172-0500] {logging_mixin.py:188} INFO - [2026-06-21T16:41:48.172-0500] {dag.py:3947} INFO - Setting next_dagrun for example_branch_datetime_operator to 2026-06-20 00:00:00+00:00, run_after=2026-06-21 00:00:00+00:00
[2026-06-21T16:41:48.175-0500] {logging_mixin.py:188} INFO - [2026-06-21T16:41:48.175-0500] {dag.py:3947} INFO - Setting next_dagrun for example_branch_datetime_operator_2 to 2026-06-20 00:00:00+00:00, run_after=2026-06-21 00:00:00+00:00
[2026-06-21T16:41:48.177-0500] {logging_mixin.py:188} INFO - [2026-06-21T16:41:48.176-0500] {dag.py:3947} INFO - Setting next_dagrun for example_branch_datetime_operator_3 to 2026-06-20 00:00:00+00:00, run_after=2026-06-21 00:00:00+00:00
[2026-06-21T16:41:48.188-0500] {processor.py:183} INFO - Processing /Users/naga/Desktop/airflow_env/lib/python3.12/site-packages/airflow/example_dags/example_branch_datetime_operator.py took 0.123 seconds
[2026-06-21T16:45:21.785-0500] {processor.py:161} INFO - Started process (PID=60958) to work on /Users/naga/Desktop/airflow_env/lib/python3.12/site-packages/airflow/example_dags/example_branch_datetime_operator.py
[2026-06-21T16:45:21.787-0500] {processor.py:830} INFO - Processing file /Users/naga/Desktop/airflow_env/lib/python3.12/site-packages/airflow/example_dags/example_branch_datetime_operator.py for tasks to queue
[2026-06-21T16:45:21.787-0500] {logging_mixin.py:188} INFO - [2026-06-21T16:45:21.787-0500] {dagbag.py:545} INFO - Filling up the DagBag from /Users/naga/Desktop/airflow_env/lib/python3.12/site-packages/airflow/example_dags/example_branch_datetime_operator.py
[2026-06-21T16:45:21.798-0500] {processor.py:840} INFO - DAG(s) 'example_branch_datetime_operator', 'example_branch_datetime_operator_3', 'example_branch_datetime_operator_2' retrieved from /Users/naga/Desktop/airflow_env/lib/python3.12/site-packages/airflow/example_dags/example_branch_datetime_operator.py
[2026-06-21T16:45:21.882-0500] {logging_mixin.py:188} INFO - [2026-06-21T16:45:21.882-0500] {dag.py:3089} INFO - Sync 3 DAGs
[2026-06-21T16:45:21.897-0500] {logging_mixin.py:188} INFO - [2026-06-21T16:45:21.897-0500] {dag.py:3947} INFO - Setting next_dagrun for example_branch_datetime_operator to 2026-06-20 00:00:00+00:00, run_after=2026-06-21 00:00:00+00:00
[2026-06-21T16:45:21.900-0500] {logging_mixin.py:188} INFO - [2026-06-21T16:45:21.900-0500] {dag.py:3947} INFO - Setting next_dagrun for example_branch_datetime_operator_2 to 2026-06-20 00:00:00+00:00, run_after=2026-06-21 00:00:00+00:00
[2026-06-21T16:45:21.902-0500] {logging_mixin.py:188} INFO - [2026-06-21T16:45:21.902-0500] {dag.py:3947} INFO - Setting next_dagrun for example_branch_datetime_operator_3 to 2026-06-20 00:00:00+00:00, run_after=2026-06-21 00:00:00+00:00
[2026-06-21T16:45:21.914-0500] {processor.py:183} INFO - Processing /Users/naga/Desktop/airflow_env/lib/python3.12/site-packages/airflow/example_dags/example_branch_datetime_operator.py took 0.131 seconds
[2026-06-21T18:45:34.025-0500] {processor.py:161} INFO - Started process (PID=61166) to work on /Users/naga/Desktop/airflow_env/lib/python3.12/site-packages/airflow/example_dags/example_branch_datetime_operator.py
[2026-06-21T18:45:34.026-0500] {processor.py:830} INFO - Processing file /Users/naga/Desktop/airflow_env/lib/python3.12/site-packages/airflow/example_dags/example_branch_datetime_operator.py for tasks to queue
[2026-06-21T18:45:34.027-0500] {logging_mixin.py:188} INFO - [2026-06-21T18:45:34.027-0500] {dagbag.py:545} INFO - Filling up the DagBag from /Users/naga/Desktop/airflow_env/lib/python3.12/site-packages/airflow/example_dags/example_branch_datetime_operator.py
[2026-06-21T18:45:34.038-0500] {processor.py:840} INFO - DAG(s) 'example_branch_datetime_operator_3', 'example_branch_datetime_operator', 'example_branch_datetime_operator_2' retrieved from /Users/naga/Desktop/airflow_env/lib/python3.12/site-packages/airflow/example_dags/example_branch_datetime_operator.py
[2026-06-21T18:45:34.161-0500] {logging_mixin.py:188} INFO - [2026-06-21T18:45:34.160-0500] {dag.py:3089} INFO - Sync 3 DAGs
[2026-06-21T18:45:34.176-0500] {logging_mixin.py:188} INFO - [2026-06-21T18:45:34.176-0500] {dag.py:3947} INFO - Setting next_dagrun for example_branch_datetime_operator to 2026-06-20 00:00:00+00:00, run_after=2026-06-21 00:00:00+00:00
[2026-06-21T18:45:34.180-0500] {logging_mixin.py:188} INFO - [2026-06-21T18:45:34.180-0500] {dag.py:3947} INFO - Setting next_dagrun for example_branch_datetime_operator_2 to 2026-06-20 00:00:00+00:00, run_after=2026-06-21 00:00:00+00:00
[2026-06-21T18:45:34.182-0500] {logging_mixin.py:188} INFO - [2026-06-21T18:45:34.182-0500] {dag.py:3947} INFO - Setting next_dagrun for example_branch_datetime_operator_3 to 2026-06-20 00:00:00+00:00, run_after=2026-06-21 00:00:00+00:00
[2026-06-21T18:45:34.195-0500] {processor.py:183} INFO - Processing /Users/naga/Desktop/airflow_env/lib/python3.12/site-packages/airflow/example_dags/example_branch_datetime_operator.py took 0.172 seconds
[2026-06-21T18:57:37.484-0500] {processor.py:161} INFO - Started process (PID=61368) to work on /Users/naga/Desktop/airflow_env/lib/python3.12/site-packages/airflow/example_dags/example_branch_datetime_operator.py
[2026-06-21T18:57:37.485-0500] {processor.py:830} INFO - Processing file /Users/naga/Desktop/airflow_env/lib/python3.12/site-packages/airflow/example_dags/example_branch_datetime_operator.py for tasks to queue
[2026-06-21T18:57:37.486-0500] {logging_mixin.py:188} INFO - [2026-06-21T18:57:37.486-0500] {dagbag.py:545} INFO - Filling up the DagBag from /Users/naga/Desktop/airflow_env/lib/python3.12/site-packages/airflow/example_dags/example_branch_datetime_operator.py
[2026-06-21T18:57:37.496-0500] {processor.py:840} INFO - DAG(s) 'example_branch_datetime_operator_2', 'example_branch_datetime_operator', 'example_branch_datetime_operator_3' retrieved from /Users/naga/Desktop/airflow_env/lib/python3.12/site-packages/airflow/example_dags/example_branch_datetime_operator.py
[2026-06-21T18:57:37.577-0500] {logging_mixin.py:188} INFO - [2026-06-21T18:57:37.577-0500] {dag.py:3089} INFO - Sync 3 DAGs
[2026-06-21T18:57:37.591-0500] {logging_mixin.py:188} INFO - [2026-06-21T18:57:37.591-0500] {dag.py:3947} INFO - Setting next_dagrun for example_branch_datetime_operator to 2026-06-20 00:00:00+00:00, run_after=2026-06-21 00:00:00+00:00
[2026-06-21T18:57:37.594-0500] {logging_mixin.py:188} INFO - [2026-06-21T18:57:37.594-0500] {dag.py:3947} INFO - Setting next_dagrun for example_branch_datetime_operator_2 to 2026-06-20 00:00:00+00:00, run_after=2026-06-21 00:00:00+00:00
[2026-06-21T18:57:37.596-0500] {logging_mixin.py:188} INFO - [2026-06-21T18:57:37.596-0500] {dag.py:3947} INFO - Setting next_dagrun for example_branch_datetime_operator_3 to 2026-06-20 00:00:00+00:00, run_after=2026-06-21 00:00:00+00:00
[2026-06-21T18:57:37.608-0500] {processor.py:183} INFO - Processing /Users/naga/Desktop/airflow_env/lib/python3.12/site-packages/airflow/example_dags/example_branch_datetime_operator.py took 0.126 seconds
