[2026-06-21T14:44:36.996-0500] {processor.py:161} INFO - Started process (PID=54327) to work on /Users/naga/Desktop/airflow_env/lib/python3.12/site-packages/airflow/example_dags/example_sensor_decorator.py
[2026-06-21T14:44:36.998-0500] {processor.py:830} INFO - Processing file /Users/naga/Desktop/airflow_env/lib/python3.12/site-packages/airflow/example_dags/example_sensor_decorator.py for tasks to queue
[2026-06-21T14:44:36.999-0500] {logging_mixin.py:188} INFO - [2026-06-21T14:44:36.998-0500] {dagbag.py:545} INFO - Filling up the DagBag from /Users/naga/Desktop/airflow_env/lib/python3.12/site-packages/airflow/example_dags/example_sensor_decorator.py
[2026-06-21T14:44:37.039-0500] {processor.py:840} INFO - DAG(s) 'example_sensor_decorator' retrieved from /Users/naga/Desktop/airflow_env/lib/python3.12/site-packages/airflow/example_dags/example_sensor_decorator.py
[2026-06-21T14:44:37.196-0500] {logging_mixin.py:188} INFO - [2026-06-21T14:44:37.195-0500] {override.py:1858} INFO - Created Permission View: can edit on DAG:example_sensor_decorator
[2026-06-21T14:44:37.203-0500] {logging_mixin.py:188} INFO - [2026-06-21T14:44:37.202-0500] {override.py:1858} INFO - Created Permission View: can delete on DAG:example_sensor_decorator
[2026-06-21T14:44:37.207-0500] {logging_mixin.py:188} INFO - [2026-06-21T14:44:37.207-0500] {override.py:1858} INFO - Created Permission View: can read on DAG:example_sensor_decorator
[2026-06-21T14:44:37.207-0500] {logging_mixin.py:188} INFO - [2026-06-21T14:44:37.207-0500] {dag.py:3089} INFO - Sync 1 DAGs
[2026-06-21T14:44:37.216-0500] {logging_mixin.py:188} INFO - [2026-06-21T14:44:37.216-0500] {dag.py:3111} INFO - Creating ORM DAG for example_sensor_decorator
[2026-06-21T14:44:37.217-0500] {logging_mixin.py:188} INFO - [2026-06-21T14:44:37.217-0500] {dag.py:3947} INFO - Setting next_dagrun for example_sensor_decorator to None, run_after=None
[2026-06-21T14:44:37.235-0500] {processor.py:183} INFO - Processing /Users/naga/Desktop/airflow_env/lib/python3.12/site-packages/airflow/example_dags/example_sensor_decorator.py took 0.247 seconds
[2026-06-21T14:46:44.116-0500] {processor.py:161} INFO - Started process (PID=54432) to work on /Users/naga/Desktop/airflow_env/lib/python3.12/site-packages/airflow/example_dags/example_sensor_decorator.py
[2026-06-21T14:46:44.117-0500] {processor.py:830} INFO - Processing file /Users/naga/Desktop/airflow_env/lib/python3.12/site-packages/airflow/example_dags/example_sensor_decorator.py for tasks to queue
[2026-06-21T14:46:44.118-0500] {logging_mixin.py:188} INFO - [2026-06-21T14:46:44.118-0500] {dagbag.py:545} INFO - Filling up the DagBag from /Users/naga/Desktop/airflow_env/lib/python3.12/site-packages/airflow/example_dags/example_sensor_decorator.py
[2026-06-21T14:46:44.154-0500] {processor.py:840} INFO - DAG(s) 'example_sensor_decorator' retrieved from /Users/naga/Desktop/airflow_env/lib/python3.12/site-packages/airflow/example_dags/example_sensor_decorator.py
[2026-06-21T14:46:44.233-0500] {logging_mixin.py:188} INFO - [2026-06-21T14:46:44.233-0500] {dag.py:3089} INFO - Sync 1 DAGs
[2026-06-21T14:46:44.240-0500] {logging_mixin.py:188} INFO - [2026-06-21T14:46:44.240-0500] {dag.py:3947} INFO - Setting next_dagrun for example_sensor_decorator to None, run_after=None
[2026-06-21T14:46:44.253-0500] {processor.py:183} INFO - Processing /Users/naga/Desktop/airflow_env/lib/python3.12/site-packages/airflow/example_dags/example_sensor_decorator.py took 0.139 seconds
[2026-06-21T14:48:17.598-0500] {processor.py:161} INFO - Started process (PID=54515) to work on /Users/naga/Desktop/airflow_env/lib/python3.12/site-packages/airflow/example_dags/example_sensor_decorator.py
[2026-06-21T14:48:17.599-0500] {processor.py:830} INFO - Processing file /Users/naga/Desktop/airflow_env/lib/python3.12/site-packages/airflow/example_dags/example_sensor_decorator.py for tasks to queue
[2026-06-21T14:48:17.600-0500] {logging_mixin.py:188} INFO - [2026-06-21T14:48:17.600-0500] {dagbag.py:545} INFO - Filling up the DagBag from /Users/naga/Desktop/airflow_env/lib/python3.12/site-packages/airflow/example_dags/example_sensor_decorator.py
[2026-06-21T14:48:17.631-0500] {processor.py:840} INFO - DAG(s) 'example_sensor_decorator' retrieved from /Users/naga/Desktop/airflow_env/lib/python3.12/site-packages/airflow/example_dags/example_sensor_decorator.py
[2026-06-21T14:48:17.712-0500] {logging_mixin.py:188} INFO - [2026-06-21T14:48:17.711-0500] {dag.py:3089} INFO - Sync 1 DAGs
[2026-06-21T14:48:17.719-0500] {logging_mixin.py:188} INFO - [2026-06-21T14:48:17.719-0500] {dag.py:3947} INFO - Setting next_dagrun for example_sensor_decorator to None, run_after=None
[2026-06-21T14:48:17.732-0500] {processor.py:183} INFO - Processing /Users/naga/Desktop/airflow_env/lib/python3.12/site-packages/airflow/example_dags/example_sensor_decorator.py took 0.136 seconds
[2026-06-21T14:49:46.546-0500] {processor.py:161} INFO - Started process (PID=54622) to work on /Users/naga/Desktop/airflow_env/lib/python3.12/site-packages/airflow/example_dags/example_sensor_decorator.py
[2026-06-21T14:49:46.548-0500] {processor.py:830} INFO - Processing file /Users/naga/Desktop/airflow_env/lib/python3.12/site-packages/airflow/example_dags/example_sensor_decorator.py for tasks to queue
[2026-06-21T14:49:46.549-0500] {logging_mixin.py:188} INFO - [2026-06-21T14:49:46.548-0500] {dagbag.py:545} INFO - Filling up the DagBag from /Users/naga/Desktop/airflow_env/lib/python3.12/site-packages/airflow/example_dags/example_sensor_decorator.py
[2026-06-21T14:49:46.580-0500] {processor.py:840} INFO - DAG(s) 'example_sensor_decorator' retrieved from /Users/naga/Desktop/airflow_env/lib/python3.12/site-packages/airflow/example_dags/example_sensor_decorator.py
[2026-06-21T14:49:46.658-0500] {logging_mixin.py:188} INFO - [2026-06-21T14:49:46.658-0500] {dag.py:3089} INFO - Sync 1 DAGs
[2026-06-21T14:49:46.665-0500] {logging_mixin.py:188} INFO - [2026-06-21T14:49:46.665-0500] {dag.py:3947} INFO - Setting next_dagrun for example_sensor_decorator to None, run_after=None
[2026-06-21T14:49:46.678-0500] {processor.py:183} INFO - Processing /Users/naga/Desktop/airflow_env/lib/python3.12/site-packages/airflow/example_dags/example_sensor_decorator.py took 0.134 seconds
[2026-06-21T14:51:15.224-0500] {processor.py:161} INFO - Started process (PID=54705) to work on /Users/naga/Desktop/airflow_env/lib/python3.12/site-packages/airflow/example_dags/example_sensor_decorator.py
[2026-06-21T14:51:15.226-0500] {processor.py:830} INFO - Processing file /Users/naga/Desktop/airflow_env/lib/python3.12/site-packages/airflow/example_dags/example_sensor_decorator.py for tasks to queue
[2026-06-21T14:51:15.226-0500] {logging_mixin.py:188} INFO - [2026-06-21T14:51:15.226-0500] {dagbag.py:545} INFO - Filling up the DagBag from /Users/naga/Desktop/airflow_env/lib/python3.12/site-packages/airflow/example_dags/example_sensor_decorator.py
[2026-06-21T14:51:15.259-0500] {processor.py:840} INFO - DAG(s) 'example_sensor_decorator' retrieved from /Users/naga/Desktop/airflow_env/lib/python3.12/site-packages/airflow/example_dags/example_sensor_decorator.py
[2026-06-21T14:51:15.339-0500] {logging_mixin.py:188} INFO - [2026-06-21T14:51:15.339-0500] {dag.py:3089} INFO - Sync 1 DAGs
[2026-06-21T14:51:15.346-0500] {logging_mixin.py:188} INFO - [2026-06-21T14:51:15.346-0500] {dag.py:3947} INFO - Setting next_dagrun for example_sensor_decorator to None, run_after=None
[2026-06-21T14:51:15.360-0500] {processor.py:183} INFO - Processing /Users/naga/Desktop/airflow_env/lib/python3.12/site-packages/airflow/example_dags/example_sensor_decorator.py took 0.138 seconds
[2026-06-21T14:52:43.021-0500] {processor.py:161} INFO - Started process (PID=54776) to work on /Users/naga/Desktop/airflow_env/lib/python3.12/site-packages/airflow/example_dags/example_sensor_decorator.py
[2026-06-21T14:52:43.022-0500] {processor.py:830} INFO - Processing file /Users/naga/Desktop/airflow_env/lib/python3.12/site-packages/airflow/example_dags/example_sensor_decorator.py for tasks to queue
[2026-06-21T14:52:43.022-0500] {logging_mixin.py:188} INFO - [2026-06-21T14:52:43.022-0500] {dagbag.py:545} INFO - Filling up the DagBag from /Users/naga/Desktop/airflow_env/lib/python3.12/site-packages/airflow/example_dags/example_sensor_decorator.py
[2026-06-21T14:52:43.054-0500] {processor.py:840} INFO - DAG(s) 'example_sensor_decorator' retrieved from /Users/naga/Desktop/airflow_env/lib/python3.12/site-packages/airflow/example_dags/example_sensor_decorator.py
[2026-06-21T14:52:43.133-0500] {logging_mixin.py:188} INFO - [2026-06-21T14:52:43.133-0500] {dag.py:3089} INFO - Sync 1 DAGs
[2026-06-21T14:52:43.140-0500] {logging_mixin.py:188} INFO - [2026-06-21T14:52:43.140-0500] {dag.py:3947} INFO - Setting next_dagrun for example_sensor_decorator to None, run_after=None
[2026-06-21T14:52:43.153-0500] {processor.py:183} INFO - Processing /Users/naga/Desktop/airflow_env/lib/python3.12/site-packages/airflow/example_dags/example_sensor_decorator.py took 0.135 seconds
[2026-06-21T14:55:41.105-0500] {processor.py:161} INFO - Started process (PID=54985) to work on /Users/naga/Desktop/airflow_env/lib/python3.12/site-packages/airflow/example_dags/example_sensor_decorator.py
[2026-06-21T14:55:41.107-0500] {processor.py:830} INFO - Processing file /Users/naga/Desktop/airflow_env/lib/python3.12/site-packages/airflow/example_dags/example_sensor_decorator.py for tasks to queue
[2026-06-21T14:55:41.108-0500] {logging_mixin.py:188} INFO - [2026-06-21T14:55:41.108-0500] {dagbag.py:545} INFO - Filling up the DagBag from /Users/naga/Desktop/airflow_env/lib/python3.12/site-packages/airflow/example_dags/example_sensor_decorator.py
[2026-06-21T14:55:41.140-0500] {processor.py:840} INFO - DAG(s) 'example_sensor_decorator' retrieved from /Users/naga/Desktop/airflow_env/lib/python3.12/site-packages/airflow/example_dags/example_sensor_decorator.py
[2026-06-21T14:55:41.220-0500] {logging_mixin.py:188} INFO - [2026-06-21T14:55:41.219-0500] {dag.py:3089} INFO - Sync 1 DAGs
[2026-06-21T14:55:41.227-0500] {logging_mixin.py:188} INFO - [2026-06-21T14:55:41.226-0500] {dag.py:3947} INFO - Setting next_dagrun for example_sensor_decorator to None, run_after=None
[2026-06-21T14:55:41.240-0500] {processor.py:183} INFO - Processing /Users/naga/Desktop/airflow_env/lib/python3.12/site-packages/airflow/example_dags/example_sensor_decorator.py took 0.137 seconds
[2026-06-21T14:57:20.177-0500] {processor.py:161} INFO - Started process (PID=55232) to work on /Users/naga/Desktop/airflow_env/lib/python3.12/site-packages/airflow/example_dags/example_sensor_decorator.py
[2026-06-21T14:57:20.179-0500] {processor.py:830} INFO - Processing file /Users/naga/Desktop/airflow_env/lib/python3.12/site-packages/airflow/example_dags/example_sensor_decorator.py for tasks to queue
[2026-06-21T14:57:20.179-0500] {logging_mixin.py:188} INFO - [2026-06-21T14:57:20.179-0500] {dagbag.py:545} INFO - Filling up the DagBag from /Users/naga/Desktop/airflow_env/lib/python3.12/site-packages/airflow/example_dags/example_sensor_decorator.py
[2026-06-21T14:57:20.217-0500] {processor.py:840} INFO - DAG(s) 'example_sensor_decorator' retrieved from /Users/naga/Desktop/airflow_env/lib/python3.12/site-packages/airflow/example_dags/example_sensor_decorator.py
[2026-06-21T14:57:20.296-0500] {logging_mixin.py:188} INFO - [2026-06-21T14:57:20.296-0500] {dag.py:3089} INFO - Sync 1 DAGs
[2026-06-21T14:57:20.304-0500] {logging_mixin.py:188} INFO - [2026-06-21T14:57:20.304-0500] {dag.py:3947} INFO - Setting next_dagrun for example_sensor_decorator to None, run_after=None
[2026-06-21T14:57:20.317-0500] {processor.py:183} INFO - Processing /Users/naga/Desktop/airflow_env/lib/python3.12/site-packages/airflow/example_dags/example_sensor_decorator.py took 0.142 seconds
[2026-06-21T14:58:54.284-0500] {processor.py:161} INFO - Started process (PID=55320) to work on /Users/naga/Desktop/airflow_env/lib/python3.12/site-packages/airflow/example_dags/example_sensor_decorator.py
[2026-06-21T14:58:54.285-0500] {processor.py:830} INFO - Processing file /Users/naga/Desktop/airflow_env/lib/python3.12/site-packages/airflow/example_dags/example_sensor_decorator.py for tasks to queue
[2026-06-21T14:58:54.286-0500] {logging_mixin.py:188} INFO - [2026-06-21T14:58:54.285-0500] {dagbag.py:545} INFO - Filling up the DagBag from /Users/naga/Desktop/airflow_env/lib/python3.12/site-packages/airflow/example_dags/example_sensor_decorator.py
[2026-06-21T14:58:54.318-0500] {processor.py:840} INFO - DAG(s) 'example_sensor_decorator' retrieved from /Users/naga/Desktop/airflow_env/lib/python3.12/site-packages/airflow/example_dags/example_sensor_decorator.py
[2026-06-21T14:58:54.397-0500] {logging_mixin.py:188} INFO - [2026-06-21T14:58:54.397-0500] {dag.py:3089} INFO - Sync 1 DAGs
[2026-06-21T14:58:54.404-0500] {logging_mixin.py:188} INFO - [2026-06-21T14:58:54.404-0500] {dag.py:3947} INFO - Setting next_dagrun for example_sensor_decorator to None, run_after=None
[2026-06-21T14:58:54.417-0500] {processor.py:183} INFO - Processing /Users/naga/Desktop/airflow_env/lib/python3.12/site-packages/airflow/example_dags/example_sensor_decorator.py took 0.136 seconds
[2026-06-21T15:00:33.912-0500] {processor.py:161} INFO - Started process (PID=55399) to work on /Users/naga/Desktop/airflow_env/lib/python3.12/site-packages/airflow/example_dags/example_sensor_decorator.py
[2026-06-21T15:00:33.914-0500] {processor.py:830} INFO - Processing file /Users/naga/Desktop/airflow_env/lib/python3.12/site-packages/airflow/example_dags/example_sensor_decorator.py for tasks to queue
[2026-06-21T15:00:33.914-0500] {logging_mixin.py:188} INFO - [2026-06-21T15:00:33.914-0500] {dagbag.py:545} INFO - Filling up the DagBag from /Users/naga/Desktop/airflow_env/lib/python3.12/site-packages/airflow/example_dags/example_sensor_decorator.py
[2026-06-21T15:00:33.951-0500] {processor.py:840} INFO - DAG(s) 'example_sensor_decorator' retrieved from /Users/naga/Desktop/airflow_env/lib/python3.12/site-packages/airflow/example_dags/example_sensor_decorator.py
[2026-06-21T15:00:34.032-0500] {logging_mixin.py:188} INFO - [2026-06-21T15:00:34.032-0500] {dag.py:3089} INFO - Sync 1 DAGs
[2026-06-21T15:00:34.039-0500] {logging_mixin.py:188} INFO - [2026-06-21T15:00:34.039-0500] {dag.py:3947} INFO - Setting next_dagrun for example_sensor_decorator to None, run_after=None
[2026-06-21T15:00:34.053-0500] {processor.py:183} INFO - Processing /Users/naga/Desktop/airflow_env/lib/python3.12/site-packages/airflow/example_dags/example_sensor_decorator.py took 0.143 seconds
[2026-06-21T15:02:07.540-0500] {processor.py:161} INFO - Started process (PID=55482) to work on /Users/naga/Desktop/airflow_env/lib/python3.12/site-packages/airflow/example_dags/example_sensor_decorator.py
[2026-06-21T15:02:07.541-0500] {processor.py:830} INFO - Processing file /Users/naga/Desktop/airflow_env/lib/python3.12/site-packages/airflow/example_dags/example_sensor_decorator.py for tasks to queue
[2026-06-21T15:02:07.542-0500] {logging_mixin.py:188} INFO - [2026-06-21T15:02:07.542-0500] {dagbag.py:545} INFO - Filling up the DagBag from /Users/naga/Desktop/airflow_env/lib/python3.12/site-packages/airflow/example_dags/example_sensor_decorator.py
[2026-06-21T15:02:07.574-0500] {processor.py:840} INFO - DAG(s) 'example_sensor_decorator' retrieved from /Users/naga/Desktop/airflow_env/lib/python3.12/site-packages/airflow/example_dags/example_sensor_decorator.py
[2026-06-21T15:02:07.654-0500] {logging_mixin.py:188} INFO - [2026-06-21T15:02:07.654-0500] {dag.py:3089} INFO - Sync 1 DAGs
[2026-06-21T15:02:07.662-0500] {logging_mixin.py:188} INFO - [2026-06-21T15:02:07.661-0500] {dag.py:3947} INFO - Setting next_dagrun for example_sensor_decorator to None, run_after=None
[2026-06-21T15:02:07.674-0500] {processor.py:183} INFO - Processing /Users/naga/Desktop/airflow_env/lib/python3.12/site-packages/airflow/example_dags/example_sensor_decorator.py took 0.137 seconds
[2026-06-21T15:05:10.712-0500] {processor.py:161} INFO - Started process (PID=55627) to work on /Users/naga/Desktop/airflow_env/lib/python3.12/site-packages/airflow/example_dags/example_sensor_decorator.py
[2026-06-21T15:05:10.713-0500] {processor.py:830} INFO - Processing file /Users/naga/Desktop/airflow_env/lib/python3.12/site-packages/airflow/example_dags/example_sensor_decorator.py for tasks to queue
[2026-06-21T15:05:10.714-0500] {logging_mixin.py:188} INFO - [2026-06-21T15:05:10.714-0500] {dagbag.py:545} INFO - Filling up the DagBag from /Users/naga/Desktop/airflow_env/lib/python3.12/site-packages/airflow/example_dags/example_sensor_decorator.py
[2026-06-21T15:05:10.746-0500] {processor.py:840} INFO - DAG(s) 'example_sensor_decorator' retrieved from /Users/naga/Desktop/airflow_env/lib/python3.12/site-packages/airflow/example_dags/example_sensor_decorator.py
[2026-06-21T15:05:10.828-0500] {logging_mixin.py:188} INFO - [2026-06-21T15:05:10.828-0500] {dag.py:3089} INFO - Sync 1 DAGs
[2026-06-21T15:05:10.836-0500] {logging_mixin.py:188} INFO - [2026-06-21T15:05:10.836-0500] {dag.py:3947} INFO - Setting next_dagrun for example_sensor_decorator to None, run_after=None
[2026-06-21T15:05:10.850-0500] {processor.py:183} INFO - Processing /Users/naga/Desktop/airflow_env/lib/python3.12/site-packages/airflow/example_dags/example_sensor_decorator.py took 0.140 seconds
[2026-06-21T15:08:18.068-0500] {processor.py:161} INFO - Started process (PID=55756) to work on /Users/naga/Desktop/airflow_env/lib/python3.12/site-packages/airflow/example_dags/example_sensor_decorator.py
[2026-06-21T15:08:18.070-0500] {processor.py:830} INFO - Processing file /Users/naga/Desktop/airflow_env/lib/python3.12/site-packages/airflow/example_dags/example_sensor_decorator.py for tasks to queue
[2026-06-21T15:08:18.070-0500] {logging_mixin.py:188} INFO - [2026-06-21T15:08:18.070-0500] {dagbag.py:545} INFO - Filling up the DagBag from /Users/naga/Desktop/airflow_env/lib/python3.12/site-packages/airflow/example_dags/example_sensor_decorator.py
[2026-06-21T15:08:18.102-0500] {processor.py:840} INFO - DAG(s) 'example_sensor_decorator' retrieved from /Users/naga/Desktop/airflow_env/lib/python3.12/site-packages/airflow/example_dags/example_sensor_decorator.py
[2026-06-21T15:08:18.181-0500] {logging_mixin.py:188} INFO - [2026-06-21T15:08:18.181-0500] {dag.py:3089} INFO - Sync 1 DAGs
[2026-06-21T15:08:18.188-0500] {logging_mixin.py:188} INFO - [2026-06-21T15:08:18.188-0500] {dag.py:3947} INFO - Setting next_dagrun for example_sensor_decorator to None, run_after=None
[2026-06-21T15:08:18.201-0500] {processor.py:183} INFO - Processing /Users/naga/Desktop/airflow_env/lib/python3.12/site-packages/airflow/example_dags/example_sensor_decorator.py took 0.135 seconds
[2026-06-21T15:09:49.905-0500] {processor.py:161} INFO - Started process (PID=55822) to work on /Users/naga/Desktop/airflow_env/lib/python3.12/site-packages/airflow/example_dags/example_sensor_decorator.py
[2026-06-21T15:09:49.906-0500] {processor.py:830} INFO - Processing file /Users/naga/Desktop/airflow_env/lib/python3.12/site-packages/airflow/example_dags/example_sensor_decorator.py for tasks to queue
[2026-06-21T15:09:49.907-0500] {logging_mixin.py:188} INFO - [2026-06-21T15:09:49.907-0500] {dagbag.py:545} INFO - Filling up the DagBag from /Users/naga/Desktop/airflow_env/lib/python3.12/site-packages/airflow/example_dags/example_sensor_decorator.py
[2026-06-21T15:09:49.938-0500] {processor.py:840} INFO - DAG(s) 'example_sensor_decorator' retrieved from /Users/naga/Desktop/airflow_env/lib/python3.12/site-packages/airflow/example_dags/example_sensor_decorator.py
[2026-06-21T15:09:50.021-0500] {logging_mixin.py:188} INFO - [2026-06-21T15:09:50.021-0500] {dag.py:3089} INFO - Sync 1 DAGs
[2026-06-21T15:09:50.029-0500] {logging_mixin.py:188} INFO - [2026-06-21T15:09:50.029-0500] {dag.py:3947} INFO - Setting next_dagrun for example_sensor_decorator to None, run_after=None
[2026-06-21T15:09:50.042-0500] {processor.py:183} INFO - Processing /Users/naga/Desktop/airflow_env/lib/python3.12/site-packages/airflow/example_dags/example_sensor_decorator.py took 0.139 seconds
[2026-06-21T15:11:23.322-0500] {processor.py:161} INFO - Started process (PID=55901) to work on /Users/naga/Desktop/airflow_env/lib/python3.12/site-packages/airflow/example_dags/example_sensor_decorator.py
[2026-06-21T15:11:23.323-0500] {processor.py:830} INFO - Processing file /Users/naga/Desktop/airflow_env/lib/python3.12/site-packages/airflow/example_dags/example_sensor_decorator.py for tasks to queue
[2026-06-21T15:11:23.323-0500] {logging_mixin.py:188} INFO - [2026-06-21T15:11:23.323-0500] {dagbag.py:545} INFO - Filling up the DagBag from /Users/naga/Desktop/airflow_env/lib/python3.12/site-packages/airflow/example_dags/example_sensor_decorator.py
[2026-06-21T15:11:23.356-0500] {processor.py:840} INFO - DAG(s) 'example_sensor_decorator' retrieved from /Users/naga/Desktop/airflow_env/lib/python3.12/site-packages/airflow/example_dags/example_sensor_decorator.py
[2026-06-21T15:11:23.435-0500] {logging_mixin.py:188} INFO - [2026-06-21T15:11:23.435-0500] {dag.py:3089} INFO - Sync 1 DAGs
[2026-06-21T15:11:23.442-0500] {logging_mixin.py:188} INFO - [2026-06-21T15:11:23.442-0500] {dag.py:3947} INFO - Setting next_dagrun for example_sensor_decorator to None, run_after=None
[2026-06-21T15:11:23.457-0500] {processor.py:183} INFO - Processing /Users/naga/Desktop/airflow_env/lib/python3.12/site-packages/airflow/example_dags/example_sensor_decorator.py took 0.137 seconds
[2026-06-21T15:13:02.609-0500] {processor.py:161} INFO - Started process (PID=56090) to work on /Users/naga/Desktop/airflow_env/lib/python3.12/site-packages/airflow/example_dags/example_sensor_decorator.py
[2026-06-21T15:13:02.610-0500] {processor.py:830} INFO - Processing file /Users/naga/Desktop/airflow_env/lib/python3.12/site-packages/airflow/example_dags/example_sensor_decorator.py for tasks to queue
[2026-06-21T15:13:02.610-0500] {logging_mixin.py:188} INFO - [2026-06-21T15:13:02.610-0500] {dagbag.py:545} INFO - Filling up the DagBag from /Users/naga/Desktop/airflow_env/lib/python3.12/site-packages/airflow/example_dags/example_sensor_decorator.py
[2026-06-21T15:13:02.630-0500] {processor.py:840} INFO - DAG(s) 'example_sensor_decorator' retrieved from /Users/naga/Desktop/airflow_env/lib/python3.12/site-packages/airflow/example_dags/example_sensor_decorator.py
[2026-06-21T15:13:02.679-0500] {logging_mixin.py:188} INFO - [2026-06-21T15:13:02.679-0500] {dag.py:3089} INFO - Sync 1 DAGs
[2026-06-21T15:13:02.684-0500] {logging_mixin.py:188} INFO - [2026-06-21T15:13:02.684-0500] {dag.py:3947} INFO - Setting next_dagrun for example_sensor_decorator to None, run_after=None
[2026-06-21T15:13:02.693-0500] {processor.py:183} INFO - Processing /Users/naga/Desktop/airflow_env/lib/python3.12/site-packages/airflow/example_dags/example_sensor_decorator.py took 0.085 seconds
[2026-06-21T15:15:20.368-0500] {processor.py:161} INFO - Started process (PID=56238) to work on /Users/naga/Desktop/airflow_env/lib/python3.12/site-packages/airflow/example_dags/example_sensor_decorator.py
[2026-06-21T15:15:20.369-0500] {processor.py:830} INFO - Processing file /Users/naga/Desktop/airflow_env/lib/python3.12/site-packages/airflow/example_dags/example_sensor_decorator.py for tasks to queue
[2026-06-21T15:15:20.369-0500] {logging_mixin.py:188} INFO - [2026-06-21T15:15:20.369-0500] {dagbag.py:545} INFO - Filling up the DagBag from /Users/naga/Desktop/airflow_env/lib/python3.12/site-packages/airflow/example_dags/example_sensor_decorator.py
[2026-06-21T15:15:20.388-0500] {processor.py:840} INFO - DAG(s) 'example_sensor_decorator' retrieved from /Users/naga/Desktop/airflow_env/lib/python3.12/site-packages/airflow/example_dags/example_sensor_decorator.py
[2026-06-21T15:15:20.435-0500] {logging_mixin.py:188} INFO - [2026-06-21T15:15:20.434-0500] {dag.py:3089} INFO - Sync 1 DAGs
[2026-06-21T15:15:20.439-0500] {logging_mixin.py:188} INFO - [2026-06-21T15:15:20.439-0500] {dag.py:3947} INFO - Setting next_dagrun for example_sensor_decorator to None, run_after=None
[2026-06-21T15:15:20.446-0500] {processor.py:183} INFO - Processing /Users/naga/Desktop/airflow_env/lib/python3.12/site-packages/airflow/example_dags/example_sensor_decorator.py took 0.080 seconds
[2026-06-21T15:31:34.076-0500] {processor.py:161} INFO - Started process (PID=56450) to work on /Users/naga/Desktop/airflow_env/lib/python3.12/site-packages/airflow/example_dags/example_sensor_decorator.py
[2026-06-21T15:31:34.077-0500] {processor.py:830} INFO - Processing file /Users/naga/Desktop/airflow_env/lib/python3.12/site-packages/airflow/example_dags/example_sensor_decorator.py for tasks to queue
[2026-06-21T15:31:34.077-0500] {logging_mixin.py:188} INFO - [2026-06-21T15:31:34.077-0500] {dagbag.py:545} INFO - Filling up the DagBag from /Users/naga/Desktop/airflow_env/lib/python3.12/site-packages/airflow/example_dags/example_sensor_decorator.py
[2026-06-21T15:31:34.103-0500] {processor.py:840} INFO - DAG(s) 'example_sensor_decorator' retrieved from /Users/naga/Desktop/airflow_env/lib/python3.12/site-packages/airflow/example_dags/example_sensor_decorator.py
[2026-06-21T15:31:34.154-0500] {logging_mixin.py:188} INFO - [2026-06-21T15:31:34.154-0500] {dag.py:3089} INFO - Sync 1 DAGs
[2026-06-21T15:31:34.160-0500] {logging_mixin.py:188} INFO - [2026-06-21T15:31:34.160-0500] {dag.py:3947} INFO - Setting next_dagrun for example_sensor_decorator to None, run_after=None
[2026-06-21T15:31:34.169-0500] {processor.py:183} INFO - Processing /Users/naga/Desktop/airflow_env/lib/python3.12/site-packages/airflow/example_dags/example_sensor_decorator.py took 0.095 seconds
[2026-06-21T15:33:18.949-0500] {processor.py:161} INFO - Started process (PID=56636) to work on /Users/naga/Desktop/airflow_env/lib/python3.12/site-packages/airflow/example_dags/example_sensor_decorator.py
[2026-06-21T15:33:18.949-0500] {processor.py:830} INFO - Processing file /Users/naga/Desktop/airflow_env/lib/python3.12/site-packages/airflow/example_dags/example_sensor_decorator.py for tasks to queue
[2026-06-21T15:33:18.950-0500] {logging_mixin.py:188} INFO - [2026-06-21T15:33:18.950-0500] {dagbag.py:545} INFO - Filling up the DagBag from /Users/naga/Desktop/airflow_env/lib/python3.12/site-packages/airflow/example_dags/example_sensor_decorator.py
[2026-06-21T15:33:18.970-0500] {processor.py:840} INFO - DAG(s) 'example_sensor_decorator' retrieved from /Users/naga/Desktop/airflow_env/lib/python3.12/site-packages/airflow/example_dags/example_sensor_decorator.py
[2026-06-21T15:33:19.018-0500] {logging_mixin.py:188} INFO - [2026-06-21T15:33:19.018-0500] {dag.py:3089} INFO - Sync 1 DAGs
[2026-06-21T15:33:19.023-0500] {logging_mixin.py:188} INFO - [2026-06-21T15:33:19.023-0500] {dag.py:3947} INFO - Setting next_dagrun for example_sensor_decorator to None, run_after=None
[2026-06-21T15:33:19.032-0500] {processor.py:183} INFO - Processing /Users/naga/Desktop/airflow_env/lib/python3.12/site-packages/airflow/example_dags/example_sensor_decorator.py took 0.085 seconds
[2026-06-21T15:35:26.456-0500] {processor.py:161} INFO - Started process (PID=56804) to work on /Users/naga/Desktop/airflow_env/lib/python3.12/site-packages/airflow/example_dags/example_sensor_decorator.py
[2026-06-21T15:35:26.457-0500] {processor.py:830} INFO - Processing file /Users/naga/Desktop/airflow_env/lib/python3.12/site-packages/airflow/example_dags/example_sensor_decorator.py for tasks to queue
[2026-06-21T15:35:26.457-0500] {logging_mixin.py:188} INFO - [2026-06-21T15:35:26.457-0500] {dagbag.py:545} INFO - Filling up the DagBag from /Users/naga/Desktop/airflow_env/lib/python3.12/site-packages/airflow/example_dags/example_sensor_decorator.py
[2026-06-21T15:35:26.477-0500] {processor.py:840} INFO - DAG(s) 'example_sensor_decorator' retrieved from /Users/naga/Desktop/airflow_env/lib/python3.12/site-packages/airflow/example_dags/example_sensor_decorator.py
[2026-06-21T15:35:26.525-0500] {logging_mixin.py:188} INFO - [2026-06-21T15:35:26.525-0500] {dag.py:3089} INFO - Sync 1 DAGs
[2026-06-21T15:35:26.530-0500] {logging_mixin.py:188} INFO - [2026-06-21T15:35:26.530-0500] {dag.py:3947} INFO - Setting next_dagrun for example_sensor_decorator to None, run_after=None
[2026-06-21T15:35:26.538-0500] {processor.py:183} INFO - Processing /Users/naga/Desktop/airflow_env/lib/python3.12/site-packages/airflow/example_dags/example_sensor_decorator.py took 0.083 seconds
[2026-06-21T15:37:25.114-0500] {processor.py:161} INFO - Started process (PID=56940) to work on /Users/naga/Desktop/airflow_env/lib/python3.12/site-packages/airflow/example_dags/example_sensor_decorator.py
[2026-06-21T15:37:25.114-0500] {processor.py:830} INFO - Processing file /Users/naga/Desktop/airflow_env/lib/python3.12/site-packages/airflow/example_dags/example_sensor_decorator.py for tasks to queue
[2026-06-21T15:37:25.115-0500] {logging_mixin.py:188} INFO - [2026-06-21T15:37:25.115-0500] {dagbag.py:545} INFO - Filling up the DagBag from /Users/naga/Desktop/airflow_env/lib/python3.12/site-packages/airflow/example_dags/example_sensor_decorator.py
[2026-06-21T15:37:25.135-0500] {processor.py:840} INFO - DAG(s) 'example_sensor_decorator' retrieved from /Users/naga/Desktop/airflow_env/lib/python3.12/site-packages/airflow/example_dags/example_sensor_decorator.py
[2026-06-21T15:37:25.182-0500] {logging_mixin.py:188} INFO - [2026-06-21T15:37:25.182-0500] {dag.py:3089} INFO - Sync 1 DAGs
[2026-06-21T15:37:25.186-0500] {logging_mixin.py:188} INFO - [2026-06-21T15:37:25.186-0500] {dag.py:3947} INFO - Setting next_dagrun for example_sensor_decorator to None, run_after=None
[2026-06-21T15:37:25.194-0500] {processor.py:183} INFO - Processing /Users/naga/Desktop/airflow_env/lib/python3.12/site-packages/airflow/example_dags/example_sensor_decorator.py took 0.082 seconds
[2026-06-21T15:39:33.078-0500] {processor.py:161} INFO - Started process (PID=57055) to work on /Users/naga/Desktop/airflow_env/lib/python3.12/site-packages/airflow/example_dags/example_sensor_decorator.py
[2026-06-21T15:39:33.079-0500] {processor.py:830} INFO - Processing file /Users/naga/Desktop/airflow_env/lib/python3.12/site-packages/airflow/example_dags/example_sensor_decorator.py for tasks to queue
[2026-06-21T15:39:33.079-0500] {logging_mixin.py:188} INFO - [2026-06-21T15:39:33.079-0500] {dagbag.py:545} INFO - Filling up the DagBag from /Users/naga/Desktop/airflow_env/lib/python3.12/site-packages/airflow/example_dags/example_sensor_decorator.py
[2026-06-21T15:39:33.099-0500] {processor.py:840} INFO - DAG(s) 'example_sensor_decorator' retrieved from /Users/naga/Desktop/airflow_env/lib/python3.12/site-packages/airflow/example_dags/example_sensor_decorator.py
[2026-06-21T15:39:33.147-0500] {logging_mixin.py:188} INFO - [2026-06-21T15:39:33.147-0500] {dag.py:3089} INFO - Sync 1 DAGs
[2026-06-21T15:39:33.151-0500] {logging_mixin.py:188} INFO - [2026-06-21T15:39:33.151-0500] {dag.py:3947} INFO - Setting next_dagrun for example_sensor_decorator to None, run_after=None
[2026-06-21T15:39:33.159-0500] {processor.py:183} INFO - Processing /Users/naga/Desktop/airflow_env/lib/python3.12/site-packages/airflow/example_dags/example_sensor_decorator.py took 0.083 seconds
[2026-06-21T15:41:33.984-0500] {processor.py:161} INFO - Started process (PID=57170) to work on /Users/naga/Desktop/airflow_env/lib/python3.12/site-packages/airflow/example_dags/example_sensor_decorator.py
[2026-06-21T15:41:33.985-0500] {processor.py:830} INFO - Processing file /Users/naga/Desktop/airflow_env/lib/python3.12/site-packages/airflow/example_dags/example_sensor_decorator.py for tasks to queue
[2026-06-21T15:41:33.985-0500] {logging_mixin.py:188} INFO - [2026-06-21T15:41:33.985-0500] {dagbag.py:545} INFO - Filling up the DagBag from /Users/naga/Desktop/airflow_env/lib/python3.12/site-packages/airflow/example_dags/example_sensor_decorator.py
[2026-06-21T15:41:34.007-0500] {processor.py:840} INFO - DAG(s) 'example_sensor_decorator' retrieved from /Users/naga/Desktop/airflow_env/lib/python3.12/site-packages/airflow/example_dags/example_sensor_decorator.py
[2026-06-21T15:41:34.056-0500] {logging_mixin.py:188} INFO - [2026-06-21T15:41:34.056-0500] {dag.py:3089} INFO - Sync 1 DAGs
[2026-06-21T15:41:34.061-0500] {logging_mixin.py:188} INFO - [2026-06-21T15:41:34.061-0500] {dag.py:3947} INFO - Setting next_dagrun for example_sensor_decorator to None, run_after=None
[2026-06-21T15:41:34.069-0500] {processor.py:183} INFO - Processing /Users/naga/Desktop/airflow_env/lib/python3.12/site-packages/airflow/example_dags/example_sensor_decorator.py took 0.086 seconds
[2026-06-21T15:43:39.824-0500] {processor.py:161} INFO - Started process (PID=57314) to work on /Users/naga/Desktop/airflow_env/lib/python3.12/site-packages/airflow/example_dags/example_sensor_decorator.py
[2026-06-21T15:43:39.825-0500] {processor.py:830} INFO - Processing file /Users/naga/Desktop/airflow_env/lib/python3.12/site-packages/airflow/example_dags/example_sensor_decorator.py for tasks to queue
[2026-06-21T15:43:39.826-0500] {logging_mixin.py:188} INFO - [2026-06-21T15:43:39.826-0500] {dagbag.py:545} INFO - Filling up the DagBag from /Users/naga/Desktop/airflow_env/lib/python3.12/site-packages/airflow/example_dags/example_sensor_decorator.py
[2026-06-21T15:43:39.845-0500] {processor.py:840} INFO - DAG(s) 'example_sensor_decorator' retrieved from /Users/naga/Desktop/airflow_env/lib/python3.12/site-packages/airflow/example_dags/example_sensor_decorator.py
[2026-06-21T15:43:39.892-0500] {logging_mixin.py:188} INFO - [2026-06-21T15:43:39.892-0500] {dag.py:3089} INFO - Sync 1 DAGs
[2026-06-21T15:43:39.897-0500] {logging_mixin.py:188} INFO - [2026-06-21T15:43:39.897-0500] {dag.py:3947} INFO - Setting next_dagrun for example_sensor_decorator to None, run_after=None
[2026-06-21T15:43:39.905-0500] {processor.py:183} INFO - Processing /Users/naga/Desktop/airflow_env/lib/python3.12/site-packages/airflow/example_dags/example_sensor_decorator.py took 0.082 seconds
[2026-06-21T15:45:44.331-0500] {processor.py:161} INFO - Started process (PID=57439) to work on /Users/naga/Desktop/airflow_env/lib/python3.12/site-packages/airflow/example_dags/example_sensor_decorator.py
[2026-06-21T15:45:44.331-0500] {processor.py:830} INFO - Processing file /Users/naga/Desktop/airflow_env/lib/python3.12/site-packages/airflow/example_dags/example_sensor_decorator.py for tasks to queue
[2026-06-21T15:45:44.332-0500] {logging_mixin.py:188} INFO - [2026-06-21T15:45:44.332-0500] {dagbag.py:545} INFO - Filling up the DagBag from /Users/naga/Desktop/airflow_env/lib/python3.12/site-packages/airflow/example_dags/example_sensor_decorator.py
[2026-06-21T15:45:44.351-0500] {processor.py:840} INFO - DAG(s) 'example_sensor_decorator' retrieved from /Users/naga/Desktop/airflow_env/lib/python3.12/site-packages/airflow/example_dags/example_sensor_decorator.py
[2026-06-21T15:45:44.398-0500] {logging_mixin.py:188} INFO - [2026-06-21T15:45:44.398-0500] {dag.py:3089} INFO - Sync 1 DAGs
[2026-06-21T15:45:44.403-0500] {logging_mixin.py:188} INFO - [2026-06-21T15:45:44.403-0500] {dag.py:3947} INFO - Setting next_dagrun for example_sensor_decorator to None, run_after=None
[2026-06-21T15:45:44.411-0500] {processor.py:183} INFO - Processing /Users/naga/Desktop/airflow_env/lib/python3.12/site-packages/airflow/example_dags/example_sensor_decorator.py took 0.081 seconds
[2026-06-21T15:47:46.129-0500] {processor.py:161} INFO - Started process (PID=57571) to work on /Users/naga/Desktop/airflow_env/lib/python3.12/site-packages/airflow/example_dags/example_sensor_decorator.py
[2026-06-21T15:47:46.130-0500] {processor.py:830} INFO - Processing file /Users/naga/Desktop/airflow_env/lib/python3.12/site-packages/airflow/example_dags/example_sensor_decorator.py for tasks to queue
[2026-06-21T15:47:46.130-0500] {logging_mixin.py:188} INFO - [2026-06-21T15:47:46.130-0500] {dagbag.py:545} INFO - Filling up the DagBag from /Users/naga/Desktop/airflow_env/lib/python3.12/site-packages/airflow/example_dags/example_sensor_decorator.py
[2026-06-21T15:47:46.149-0500] {processor.py:840} INFO - DAG(s) 'example_sensor_decorator' retrieved from /Users/naga/Desktop/airflow_env/lib/python3.12/site-packages/airflow/example_dags/example_sensor_decorator.py
[2026-06-21T15:47:46.197-0500] {logging_mixin.py:188} INFO - [2026-06-21T15:47:46.197-0500] {dag.py:3089} INFO - Sync 1 DAGs
[2026-06-21T15:47:46.201-0500] {logging_mixin.py:188} INFO - [2026-06-21T15:47:46.201-0500] {dag.py:3947} INFO - Setting next_dagrun for example_sensor_decorator to None, run_after=None
[2026-06-21T15:47:46.210-0500] {processor.py:183} INFO - Processing /Users/naga/Desktop/airflow_env/lib/python3.12/site-packages/airflow/example_dags/example_sensor_decorator.py took 0.082 seconds
[2026-06-21T15:49:53.468-0500] {processor.py:161} INFO - Started process (PID=57703) to work on /Users/naga/Desktop/airflow_env/lib/python3.12/site-packages/airflow/example_dags/example_sensor_decorator.py
[2026-06-21T15:49:53.469-0500] {processor.py:830} INFO - Processing file /Users/naga/Desktop/airflow_env/lib/python3.12/site-packages/airflow/example_dags/example_sensor_decorator.py for tasks to queue
[2026-06-21T15:49:53.470-0500] {logging_mixin.py:188} INFO - [2026-06-21T15:49:53.470-0500] {dagbag.py:545} INFO - Filling up the DagBag from /Users/naga/Desktop/airflow_env/lib/python3.12/site-packages/airflow/example_dags/example_sensor_decorator.py
[2026-06-21T15:49:53.489-0500] {processor.py:840} INFO - DAG(s) 'example_sensor_decorator' retrieved from /Users/naga/Desktop/airflow_env/lib/python3.12/site-packages/airflow/example_dags/example_sensor_decorator.py
[2026-06-21T15:49:53.536-0500] {logging_mixin.py:188} INFO - [2026-06-21T15:49:53.536-0500] {dag.py:3089} INFO - Sync 1 DAGs
[2026-06-21T15:49:53.540-0500] {logging_mixin.py:188} INFO - [2026-06-21T15:49:53.540-0500] {dag.py:3947} INFO - Setting next_dagrun for example_sensor_decorator to None, run_after=None
[2026-06-21T15:49:53.548-0500] {processor.py:183} INFO - Processing /Users/naga/Desktop/airflow_env/lib/python3.12/site-packages/airflow/example_dags/example_sensor_decorator.py took 0.081 seconds
[2026-06-21T15:51:59.389-0500] {processor.py:161} INFO - Started process (PID=57810) to work on /Users/naga/Desktop/airflow_env/lib/python3.12/site-packages/airflow/example_dags/example_sensor_decorator.py
[2026-06-21T15:51:59.390-0500] {processor.py:830} INFO - Processing file /Users/naga/Desktop/airflow_env/lib/python3.12/site-packages/airflow/example_dags/example_sensor_decorator.py for tasks to queue
[2026-06-21T15:51:59.390-0500] {logging_mixin.py:188} INFO - [2026-06-21T15:51:59.390-0500] {dagbag.py:545} INFO - Filling up the DagBag from /Users/naga/Desktop/airflow_env/lib/python3.12/site-packages/airflow/example_dags/example_sensor_decorator.py
[2026-06-21T15:51:59.409-0500] {processor.py:840} INFO - DAG(s) 'example_sensor_decorator' retrieved from /Users/naga/Desktop/airflow_env/lib/python3.12/site-packages/airflow/example_dags/example_sensor_decorator.py
[2026-06-21T15:51:59.457-0500] {logging_mixin.py:188} INFO - [2026-06-21T15:51:59.457-0500] {dag.py:3089} INFO - Sync 1 DAGs
[2026-06-21T15:51:59.462-0500] {logging_mixin.py:188} INFO - [2026-06-21T15:51:59.461-0500] {dag.py:3947} INFO - Setting next_dagrun for example_sensor_decorator to None, run_after=None
[2026-06-21T15:51:59.469-0500] {processor.py:183} INFO - Processing /Users/naga/Desktop/airflow_env/lib/python3.12/site-packages/airflow/example_dags/example_sensor_decorator.py took 0.082 seconds
[2026-06-21T15:54:03.570-0500] {processor.py:161} INFO - Started process (PID=57949) to work on /Users/naga/Desktop/airflow_env/lib/python3.12/site-packages/airflow/example_dags/example_sensor_decorator.py
[2026-06-21T15:54:03.571-0500] {processor.py:830} INFO - Processing file /Users/naga/Desktop/airflow_env/lib/python3.12/site-packages/airflow/example_dags/example_sensor_decorator.py for tasks to queue
[2026-06-21T15:54:03.571-0500] {logging_mixin.py:188} INFO - [2026-06-21T15:54:03.571-0500] {dagbag.py:545} INFO - Filling up the DagBag from /Users/naga/Desktop/airflow_env/lib/python3.12/site-packages/airflow/example_dags/example_sensor_decorator.py
[2026-06-21T15:54:03.590-0500] {processor.py:840} INFO - DAG(s) 'example_sensor_decorator' retrieved from /Users/naga/Desktop/airflow_env/lib/python3.12/site-packages/airflow/example_dags/example_sensor_decorator.py
[2026-06-21T15:54:03.638-0500] {logging_mixin.py:188} INFO - [2026-06-21T15:54:03.638-0500] {dag.py:3089} INFO - Sync 1 DAGs
[2026-06-21T15:54:03.642-0500] {logging_mixin.py:188} INFO - [2026-06-21T15:54:03.642-0500] {dag.py:3947} INFO - Setting next_dagrun for example_sensor_decorator to None, run_after=None
[2026-06-21T15:54:03.650-0500] {processor.py:183} INFO - Processing /Users/naga/Desktop/airflow_env/lib/python3.12/site-packages/airflow/example_dags/example_sensor_decorator.py took 0.081 seconds
[2026-06-21T15:56:09.785-0500] {processor.py:161} INFO - Started process (PID=58052) to work on /Users/naga/Desktop/airflow_env/lib/python3.12/site-packages/airflow/example_dags/example_sensor_decorator.py
[2026-06-21T15:56:09.786-0500] {processor.py:830} INFO - Processing file /Users/naga/Desktop/airflow_env/lib/python3.12/site-packages/airflow/example_dags/example_sensor_decorator.py for tasks to queue
[2026-06-21T15:56:09.786-0500] {logging_mixin.py:188} INFO - [2026-06-21T15:56:09.786-0500] {dagbag.py:545} INFO - Filling up the DagBag from /Users/naga/Desktop/airflow_env/lib/python3.12/site-packages/airflow/example_dags/example_sensor_decorator.py
[2026-06-21T15:56:09.806-0500] {processor.py:840} INFO - DAG(s) 'example_sensor_decorator' retrieved from /Users/naga/Desktop/airflow_env/lib/python3.12/site-packages/airflow/example_dags/example_sensor_decorator.py
[2026-06-21T15:56:09.853-0500] {logging_mixin.py:188} INFO - [2026-06-21T15:56:09.853-0500] {dag.py:3089} INFO - Sync 1 DAGs
[2026-06-21T15:56:09.857-0500] {logging_mixin.py:188} INFO - [2026-06-21T15:56:09.857-0500] {dag.py:3947} INFO - Setting next_dagrun for example_sensor_decorator to None, run_after=None
[2026-06-21T15:56:09.865-0500] {processor.py:183} INFO - Processing /Users/naga/Desktop/airflow_env/lib/python3.12/site-packages/airflow/example_dags/example_sensor_decorator.py took 0.082 seconds
[2026-06-21T15:58:17.234-0500] {processor.py:161} INFO - Started process (PID=58180) to work on /Users/naga/Desktop/airflow_env/lib/python3.12/site-packages/airflow/example_dags/example_sensor_decorator.py
[2026-06-21T15:58:17.235-0500] {processor.py:830} INFO - Processing file /Users/naga/Desktop/airflow_env/lib/python3.12/site-packages/airflow/example_dags/example_sensor_decorator.py for tasks to queue
[2026-06-21T15:58:17.236-0500] {logging_mixin.py:188} INFO - [2026-06-21T15:58:17.236-0500] {dagbag.py:545} INFO - Filling up the DagBag from /Users/naga/Desktop/airflow_env/lib/python3.12/site-packages/airflow/example_dags/example_sensor_decorator.py
[2026-06-21T15:58:17.255-0500] {processor.py:840} INFO - DAG(s) 'example_sensor_decorator' retrieved from /Users/naga/Desktop/airflow_env/lib/python3.12/site-packages/airflow/example_dags/example_sensor_decorator.py
[2026-06-21T15:58:17.304-0500] {logging_mixin.py:188} INFO - [2026-06-21T15:58:17.303-0500] {dag.py:3089} INFO - Sync 1 DAGs
[2026-06-21T15:58:17.308-0500] {logging_mixin.py:188} INFO - [2026-06-21T15:58:17.308-0500] {dag.py:3947} INFO - Setting next_dagrun for example_sensor_decorator to None, run_after=None
[2026-06-21T15:58:17.316-0500] {processor.py:183} INFO - Processing /Users/naga/Desktop/airflow_env/lib/python3.12/site-packages/airflow/example_dags/example_sensor_decorator.py took 0.083 seconds
[2026-06-21T16:00:23.839-0500] {processor.py:161} INFO - Started process (PID=58296) to work on /Users/naga/Desktop/airflow_env/lib/python3.12/site-packages/airflow/example_dags/example_sensor_decorator.py
[2026-06-21T16:00:23.840-0500] {processor.py:830} INFO - Processing file /Users/naga/Desktop/airflow_env/lib/python3.12/site-packages/airflow/example_dags/example_sensor_decorator.py for tasks to queue
[2026-06-21T16:00:23.841-0500] {logging_mixin.py:188} INFO - [2026-06-21T16:00:23.841-0500] {dagbag.py:545} INFO - Filling up the DagBag from /Users/naga/Desktop/airflow_env/lib/python3.12/site-packages/airflow/example_dags/example_sensor_decorator.py
[2026-06-21T16:00:23.860-0500] {processor.py:840} INFO - DAG(s) 'example_sensor_decorator' retrieved from /Users/naga/Desktop/airflow_env/lib/python3.12/site-packages/airflow/example_dags/example_sensor_decorator.py
[2026-06-21T16:00:23.906-0500] {logging_mixin.py:188} INFO - [2026-06-21T16:00:23.906-0500] {dag.py:3089} INFO - Sync 1 DAGs
[2026-06-21T16:00:23.910-0500] {logging_mixin.py:188} INFO - [2026-06-21T16:00:23.910-0500] {dag.py:3947} INFO - Setting next_dagrun for example_sensor_decorator to None, run_after=None
[2026-06-21T16:00:23.918-0500] {processor.py:183} INFO - Processing /Users/naga/Desktop/airflow_env/lib/python3.12/site-packages/airflow/example_dags/example_sensor_decorator.py took 0.080 seconds
[2026-06-21T16:02:29.897-0500] {processor.py:161} INFO - Started process (PID=58425) to work on /Users/naga/Desktop/airflow_env/lib/python3.12/site-packages/airflow/example_dags/example_sensor_decorator.py
[2026-06-21T16:02:29.898-0500] {processor.py:830} INFO - Processing file /Users/naga/Desktop/airflow_env/lib/python3.12/site-packages/airflow/example_dags/example_sensor_decorator.py for tasks to queue
[2026-06-21T16:02:29.898-0500] {logging_mixin.py:188} INFO - [2026-06-21T16:02:29.898-0500] {dagbag.py:545} INFO - Filling up the DagBag from /Users/naga/Desktop/airflow_env/lib/python3.12/site-packages/airflow/example_dags/example_sensor_decorator.py
[2026-06-21T16:02:29.918-0500] {processor.py:840} INFO - DAG(s) 'example_sensor_decorator' retrieved from /Users/naga/Desktop/airflow_env/lib/python3.12/site-packages/airflow/example_dags/example_sensor_decorator.py
[2026-06-21T16:02:29.964-0500] {logging_mixin.py:188} INFO - [2026-06-21T16:02:29.964-0500] {dag.py:3089} INFO - Sync 1 DAGs
[2026-06-21T16:02:29.969-0500] {logging_mixin.py:188} INFO - [2026-06-21T16:02:29.968-0500] {dag.py:3947} INFO - Setting next_dagrun for example_sensor_decorator to None, run_after=None
[2026-06-21T16:02:29.976-0500] {processor.py:183} INFO - Processing /Users/naga/Desktop/airflow_env/lib/python3.12/site-packages/airflow/example_dags/example_sensor_decorator.py took 0.080 seconds
[2026-06-21T16:04:39.038-0500] {processor.py:161} INFO - Started process (PID=58561) to work on /Users/naga/Desktop/airflow_env/lib/python3.12/site-packages/airflow/example_dags/example_sensor_decorator.py
[2026-06-21T16:04:39.039-0500] {processor.py:830} INFO - Processing file /Users/naga/Desktop/airflow_env/lib/python3.12/site-packages/airflow/example_dags/example_sensor_decorator.py for tasks to queue
[2026-06-21T16:04:39.040-0500] {logging_mixin.py:188} INFO - [2026-06-21T16:04:39.039-0500] {dagbag.py:545} INFO - Filling up the DagBag from /Users/naga/Desktop/airflow_env/lib/python3.12/site-packages/airflow/example_dags/example_sensor_decorator.py
[2026-06-21T16:04:39.059-0500] {processor.py:840} INFO - DAG(s) 'example_sensor_decorator' retrieved from /Users/naga/Desktop/airflow_env/lib/python3.12/site-packages/airflow/example_dags/example_sensor_decorator.py
[2026-06-21T16:04:39.105-0500] {logging_mixin.py:188} INFO - [2026-06-21T16:04:39.105-0500] {dag.py:3089} INFO - Sync 1 DAGs
[2026-06-21T16:04:39.109-0500] {logging_mixin.py:188} INFO - [2026-06-21T16:04:39.109-0500] {dag.py:3947} INFO - Setting next_dagrun for example_sensor_decorator to None, run_after=None
[2026-06-21T16:04:39.117-0500] {processor.py:183} INFO - Processing /Users/naga/Desktop/airflow_env/lib/python3.12/site-packages/airflow/example_dags/example_sensor_decorator.py took 0.080 seconds
[2026-06-21T16:06:45.686-0500] {processor.py:161} INFO - Started process (PID=58691) to work on /Users/naga/Desktop/airflow_env/lib/python3.12/site-packages/airflow/example_dags/example_sensor_decorator.py
[2026-06-21T16:06:45.686-0500] {processor.py:830} INFO - Processing file /Users/naga/Desktop/airflow_env/lib/python3.12/site-packages/airflow/example_dags/example_sensor_decorator.py for tasks to queue
[2026-06-21T16:06:45.687-0500] {logging_mixin.py:188} INFO - [2026-06-21T16:06:45.687-0500] {dagbag.py:545} INFO - Filling up the DagBag from /Users/naga/Desktop/airflow_env/lib/python3.12/site-packages/airflow/example_dags/example_sensor_decorator.py
[2026-06-21T16:06:45.706-0500] {processor.py:840} INFO - DAG(s) 'example_sensor_decorator' retrieved from /Users/naga/Desktop/airflow_env/lib/python3.12/site-packages/airflow/example_dags/example_sensor_decorator.py
[2026-06-21T16:06:45.753-0500] {logging_mixin.py:188} INFO - [2026-06-21T16:06:45.753-0500] {dag.py:3089} INFO - Sync 1 DAGs
[2026-06-21T16:06:45.757-0500] {logging_mixin.py:188} INFO - [2026-06-21T16:06:45.757-0500] {dag.py:3947} INFO - Setting next_dagrun for example_sensor_decorator to None, run_after=None
[2026-06-21T16:06:45.765-0500] {processor.py:183} INFO - Processing /Users/naga/Desktop/airflow_env/lib/python3.12/site-packages/airflow/example_dags/example_sensor_decorator.py took 0.081 seconds
[2026-06-21T16:09:04.165-0500] {processor.py:161} INFO - Started process (PID=58812) to work on /Users/naga/Desktop/airflow_env/lib/python3.12/site-packages/airflow/example_dags/example_sensor_decorator.py
[2026-06-21T16:09:04.166-0500] {processor.py:830} INFO - Processing file /Users/naga/Desktop/airflow_env/lib/python3.12/site-packages/airflow/example_dags/example_sensor_decorator.py for tasks to queue
[2026-06-21T16:09:04.167-0500] {logging_mixin.py:188} INFO - [2026-06-21T16:09:04.167-0500] {dagbag.py:545} INFO - Filling up the DagBag from /Users/naga/Desktop/airflow_env/lib/python3.12/site-packages/airflow/example_dags/example_sensor_decorator.py
[2026-06-21T16:09:04.188-0500] {processor.py:840} INFO - DAG(s) 'example_sensor_decorator' retrieved from /Users/naga/Desktop/airflow_env/lib/python3.12/site-packages/airflow/example_dags/example_sensor_decorator.py
[2026-06-21T16:09:04.239-0500] {logging_mixin.py:188} INFO - [2026-06-21T16:09:04.239-0500] {dag.py:3089} INFO - Sync 1 DAGs
[2026-06-21T16:09:04.244-0500] {logging_mixin.py:188} INFO - [2026-06-21T16:09:04.244-0500] {dag.py:3947} INFO - Setting next_dagrun for example_sensor_decorator to None, run_after=None
[2026-06-21T16:09:04.253-0500] {processor.py:183} INFO - Processing /Users/naga/Desktop/airflow_env/lib/python3.12/site-packages/airflow/example_dags/example_sensor_decorator.py took 0.089 seconds
[2026-06-21T16:11:12.964-0500] {processor.py:161} INFO - Started process (PID=58956) to work on /Users/naga/Desktop/airflow_env/lib/python3.12/site-packages/airflow/example_dags/example_sensor_decorator.py
[2026-06-21T16:11:12.965-0500] {processor.py:830} INFO - Processing file /Users/naga/Desktop/airflow_env/lib/python3.12/site-packages/airflow/example_dags/example_sensor_decorator.py for tasks to queue
[2026-06-21T16:11:12.965-0500] {logging_mixin.py:188} INFO - [2026-06-21T16:11:12.965-0500] {dagbag.py:545} INFO - Filling up the DagBag from /Users/naga/Desktop/airflow_env/lib/python3.12/site-packages/airflow/example_dags/example_sensor_decorator.py
[2026-06-21T16:11:12.987-0500] {processor.py:840} INFO - DAG(s) 'example_sensor_decorator' retrieved from /Users/naga/Desktop/airflow_env/lib/python3.12/site-packages/airflow/example_dags/example_sensor_decorator.py
[2026-06-21T16:11:13.044-0500] {logging_mixin.py:188} INFO - [2026-06-21T16:11:13.044-0500] {dag.py:3089} INFO - Sync 1 DAGs
[2026-06-21T16:11:13.049-0500] {logging_mixin.py:188} INFO - [2026-06-21T16:11:13.049-0500] {dag.py:3947} INFO - Setting next_dagrun for example_sensor_decorator to None, run_after=None
[2026-06-21T16:11:13.059-0500] {processor.py:183} INFO - Processing /Users/naga/Desktop/airflow_env/lib/python3.12/site-packages/airflow/example_dags/example_sensor_decorator.py took 0.096 seconds
[2026-06-21T16:13:27.653-0500] {processor.py:161} INFO - Started process (PID=59077) to work on /Users/naga/Desktop/airflow_env/lib/python3.12/site-packages/airflow/example_dags/example_sensor_decorator.py
[2026-06-21T16:13:27.655-0500] {processor.py:830} INFO - Processing file /Users/naga/Desktop/airflow_env/lib/python3.12/site-packages/airflow/example_dags/example_sensor_decorator.py for tasks to queue
[2026-06-21T16:13:27.655-0500] {logging_mixin.py:188} INFO - [2026-06-21T16:13:27.655-0500] {dagbag.py:545} INFO - Filling up the DagBag from /Users/naga/Desktop/airflow_env/lib/python3.12/site-packages/airflow/example_dags/example_sensor_decorator.py
[2026-06-21T16:13:27.677-0500] {processor.py:840} INFO - DAG(s) 'example_sensor_decorator' retrieved from /Users/naga/Desktop/airflow_env/lib/python3.12/site-packages/airflow/example_dags/example_sensor_decorator.py
[2026-06-21T16:13:27.729-0500] {logging_mixin.py:188} INFO - [2026-06-21T16:13:27.729-0500] {dag.py:3089} INFO - Sync 1 DAGs
[2026-06-21T16:13:27.734-0500] {logging_mixin.py:188} INFO - [2026-06-21T16:13:27.733-0500] {dag.py:3947} INFO - Setting next_dagrun for example_sensor_decorator to None, run_after=None
[2026-06-21T16:13:27.744-0500] {processor.py:183} INFO - Processing /Users/naga/Desktop/airflow_env/lib/python3.12/site-packages/airflow/example_dags/example_sensor_decorator.py took 0.092 seconds
[2026-06-21T16:15:38.098-0500] {processor.py:161} INFO - Started process (PID=59212) to work on /Users/naga/Desktop/airflow_env/lib/python3.12/site-packages/airflow/example_dags/example_sensor_decorator.py
[2026-06-21T16:15:38.099-0500] {processor.py:830} INFO - Processing file /Users/naga/Desktop/airflow_env/lib/python3.12/site-packages/airflow/example_dags/example_sensor_decorator.py for tasks to queue
[2026-06-21T16:15:38.099-0500] {logging_mixin.py:188} INFO - [2026-06-21T16:15:38.099-0500] {dagbag.py:545} INFO - Filling up the DagBag from /Users/naga/Desktop/airflow_env/lib/python3.12/site-packages/airflow/example_dags/example_sensor_decorator.py
[2026-06-21T16:15:38.120-0500] {processor.py:840} INFO - DAG(s) 'example_sensor_decorator' retrieved from /Users/naga/Desktop/airflow_env/lib/python3.12/site-packages/airflow/example_dags/example_sensor_decorator.py
[2026-06-21T16:15:38.172-0500] {logging_mixin.py:188} INFO - [2026-06-21T16:15:38.172-0500] {dag.py:3089} INFO - Sync 1 DAGs
[2026-06-21T16:15:38.176-0500] {logging_mixin.py:188} INFO - [2026-06-21T16:15:38.176-0500] {dag.py:3947} INFO - Setting next_dagrun for example_sensor_decorator to None, run_after=None
[2026-06-21T16:15:38.185-0500] {processor.py:183} INFO - Processing /Users/naga/Desktop/airflow_env/lib/python3.12/site-packages/airflow/example_dags/example_sensor_decorator.py took 0.089 seconds
[2026-06-21T16:17:48.265-0500] {processor.py:161} INFO - Started process (PID=59333) to work on /Users/naga/Desktop/airflow_env/lib/python3.12/site-packages/airflow/example_dags/example_sensor_decorator.py
[2026-06-21T16:17:48.267-0500] {processor.py:830} INFO - Processing file /Users/naga/Desktop/airflow_env/lib/python3.12/site-packages/airflow/example_dags/example_sensor_decorator.py for tasks to queue
[2026-06-21T16:17:48.267-0500] {logging_mixin.py:188} INFO - [2026-06-21T16:17:48.267-0500] {dagbag.py:545} INFO - Filling up the DagBag from /Users/naga/Desktop/airflow_env/lib/python3.12/site-packages/airflow/example_dags/example_sensor_decorator.py
[2026-06-21T16:17:48.290-0500] {processor.py:840} INFO - DAG(s) 'example_sensor_decorator' retrieved from /Users/naga/Desktop/airflow_env/lib/python3.12/site-packages/airflow/example_dags/example_sensor_decorator.py
[2026-06-21T16:17:48.339-0500] {logging_mixin.py:188} INFO - [2026-06-21T16:17:48.338-0500] {dag.py:3089} INFO - Sync 1 DAGs
[2026-06-21T16:17:48.343-0500] {logging_mixin.py:188} INFO - [2026-06-21T16:17:48.343-0500] {dag.py:3947} INFO - Setting next_dagrun for example_sensor_decorator to None, run_after=None
[2026-06-21T16:17:48.351-0500] {processor.py:183} INFO - Processing /Users/naga/Desktop/airflow_env/lib/python3.12/site-packages/airflow/example_dags/example_sensor_decorator.py took 0.088 seconds
[2026-06-21T16:20:00.440-0500] {processor.py:161} INFO - Started process (PID=59459) to work on /Users/naga/Desktop/airflow_env/lib/python3.12/site-packages/airflow/example_dags/example_sensor_decorator.py
[2026-06-21T16:20:00.441-0500] {processor.py:830} INFO - Processing file /Users/naga/Desktop/airflow_env/lib/python3.12/site-packages/airflow/example_dags/example_sensor_decorator.py for tasks to queue
[2026-06-21T16:20:00.441-0500] {logging_mixin.py:188} INFO - [2026-06-21T16:20:00.441-0500] {dagbag.py:545} INFO - Filling up the DagBag from /Users/naga/Desktop/airflow_env/lib/python3.12/site-packages/airflow/example_dags/example_sensor_decorator.py
[2026-06-21T16:20:00.463-0500] {processor.py:840} INFO - DAG(s) 'example_sensor_decorator' retrieved from /Users/naga/Desktop/airflow_env/lib/python3.12/site-packages/airflow/example_dags/example_sensor_decorator.py
[2026-06-21T16:20:00.515-0500] {logging_mixin.py:188} INFO - [2026-06-21T16:20:00.514-0500] {dag.py:3089} INFO - Sync 1 DAGs
[2026-06-21T16:20:00.519-0500] {logging_mixin.py:188} INFO - [2026-06-21T16:20:00.519-0500] {dag.py:3947} INFO - Setting next_dagrun for example_sensor_decorator to None, run_after=None
[2026-06-21T16:20:00.528-0500] {processor.py:183} INFO - Processing /Users/naga/Desktop/airflow_env/lib/python3.12/site-packages/airflow/example_dags/example_sensor_decorator.py took 0.089 seconds
[2026-06-21T16:22:09.735-0500] {processor.py:161} INFO - Started process (PID=59610) to work on /Users/naga/Desktop/airflow_env/lib/python3.12/site-packages/airflow/example_dags/example_sensor_decorator.py
[2026-06-21T16:22:09.736-0500] {processor.py:830} INFO - Processing file /Users/naga/Desktop/airflow_env/lib/python3.12/site-packages/airflow/example_dags/example_sensor_decorator.py for tasks to queue
[2026-06-21T16:22:09.736-0500] {logging_mixin.py:188} INFO - [2026-06-21T16:22:09.736-0500] {dagbag.py:545} INFO - Filling up the DagBag from /Users/naga/Desktop/airflow_env/lib/python3.12/site-packages/airflow/example_dags/example_sensor_decorator.py
[2026-06-21T16:22:09.757-0500] {processor.py:840} INFO - DAG(s) 'example_sensor_decorator' retrieved from /Users/naga/Desktop/airflow_env/lib/python3.12/site-packages/airflow/example_dags/example_sensor_decorator.py
[2026-06-21T16:22:09.810-0500] {logging_mixin.py:188} INFO - [2026-06-21T16:22:09.810-0500] {dag.py:3089} INFO - Sync 1 DAGs
[2026-06-21T16:22:09.815-0500] {logging_mixin.py:188} INFO - [2026-06-21T16:22:09.815-0500] {dag.py:3947} INFO - Setting next_dagrun for example_sensor_decorator to None, run_after=None
[2026-06-21T16:22:09.824-0500] {processor.py:183} INFO - Processing /Users/naga/Desktop/airflow_env/lib/python3.12/site-packages/airflow/example_dags/example_sensor_decorator.py took 0.090 seconds
[2026-06-21T16:24:17.742-0500] {processor.py:161} INFO - Started process (PID=59735) to work on /Users/naga/Desktop/airflow_env/lib/python3.12/site-packages/airflow/example_dags/example_sensor_decorator.py
[2026-06-21T16:24:17.743-0500] {processor.py:830} INFO - Processing file /Users/naga/Desktop/airflow_env/lib/python3.12/site-packages/airflow/example_dags/example_sensor_decorator.py for tasks to queue
[2026-06-21T16:24:17.744-0500] {logging_mixin.py:188} INFO - [2026-06-21T16:24:17.743-0500] {dagbag.py:545} INFO - Filling up the DagBag from /Users/naga/Desktop/airflow_env/lib/python3.12/site-packages/airflow/example_dags/example_sensor_decorator.py
[2026-06-21T16:24:17.764-0500] {processor.py:840} INFO - DAG(s) 'example_sensor_decorator' retrieved from /Users/naga/Desktop/airflow_env/lib/python3.12/site-packages/airflow/example_dags/example_sensor_decorator.py
[2026-06-21T16:24:17.813-0500] {logging_mixin.py:188} INFO - [2026-06-21T16:24:17.813-0500] {dag.py:3089} INFO - Sync 1 DAGs
[2026-06-21T16:24:17.817-0500] {logging_mixin.py:188} INFO - [2026-06-21T16:24:17.817-0500] {dag.py:3947} INFO - Setting next_dagrun for example_sensor_decorator to None, run_after=None
[2026-06-21T16:24:17.827-0500] {processor.py:183} INFO - Processing /Users/naga/Desktop/airflow_env/lib/python3.12/site-packages/airflow/example_dags/example_sensor_decorator.py took 0.086 seconds
[2026-06-21T16:26:36.104-0500] {processor.py:161} INFO - Started process (PID=59877) to work on /Users/naga/Desktop/airflow_env/lib/python3.12/site-packages/airflow/example_dags/example_sensor_decorator.py
[2026-06-21T16:26:36.105-0500] {processor.py:830} INFO - Processing file /Users/naga/Desktop/airflow_env/lib/python3.12/site-packages/airflow/example_dags/example_sensor_decorator.py for tasks to queue
[2026-06-21T16:26:36.106-0500] {logging_mixin.py:188} INFO - [2026-06-21T16:26:36.106-0500] {dagbag.py:545} INFO - Filling up the DagBag from /Users/naga/Desktop/airflow_env/lib/python3.12/site-packages/airflow/example_dags/example_sensor_decorator.py
[2026-06-21T16:26:36.128-0500] {processor.py:840} INFO - DAG(s) 'example_sensor_decorator' retrieved from /Users/naga/Desktop/airflow_env/lib/python3.12/site-packages/airflow/example_dags/example_sensor_decorator.py
[2026-06-21T16:26:36.180-0500] {logging_mixin.py:188} INFO - [2026-06-21T16:26:36.180-0500] {dag.py:3089} INFO - Sync 1 DAGs
[2026-06-21T16:26:36.184-0500] {logging_mixin.py:188} INFO - [2026-06-21T16:26:36.184-0500] {dag.py:3947} INFO - Setting next_dagrun for example_sensor_decorator to None, run_after=None
[2026-06-21T16:26:36.196-0500] {processor.py:183} INFO - Processing /Users/naga/Desktop/airflow_env/lib/python3.12/site-packages/airflow/example_dags/example_sensor_decorator.py took 0.093 seconds
[2026-06-21T16:28:47.450-0500] {processor.py:161} INFO - Started process (PID=60032) to work on /Users/naga/Desktop/airflow_env/lib/python3.12/site-packages/airflow/example_dags/example_sensor_decorator.py
[2026-06-21T16:28:47.451-0500] {processor.py:830} INFO - Processing file /Users/naga/Desktop/airflow_env/lib/python3.12/site-packages/airflow/example_dags/example_sensor_decorator.py for tasks to queue
[2026-06-21T16:28:47.451-0500] {logging_mixin.py:188} INFO - [2026-06-21T16:28:47.451-0500] {dagbag.py:545} INFO - Filling up the DagBag from /Users/naga/Desktop/airflow_env/lib/python3.12/site-packages/airflow/example_dags/example_sensor_decorator.py
[2026-06-21T16:28:47.470-0500] {processor.py:840} INFO - DAG(s) 'example_sensor_decorator' retrieved from /Users/naga/Desktop/airflow_env/lib/python3.12/site-packages/airflow/example_dags/example_sensor_decorator.py
[2026-06-21T16:28:47.517-0500] {logging_mixin.py:188} INFO - [2026-06-21T16:28:47.517-0500] {dag.py:3089} INFO - Sync 1 DAGs
[2026-06-21T16:28:47.522-0500] {logging_mixin.py:188} INFO - [2026-06-21T16:28:47.522-0500] {dag.py:3947} INFO - Setting next_dagrun for example_sensor_decorator to None, run_after=None
[2026-06-21T16:28:47.529-0500] {processor.py:183} INFO - Processing /Users/naga/Desktop/airflow_env/lib/python3.12/site-packages/airflow/example_dags/example_sensor_decorator.py took 0.081 seconds
[2026-06-21T16:30:54.364-0500] {processor.py:161} INFO - Started process (PID=60141) to work on /Users/naga/Desktop/airflow_env/lib/python3.12/site-packages/airflow/example_dags/example_sensor_decorator.py
[2026-06-21T16:30:54.365-0500] {processor.py:830} INFO - Processing file /Users/naga/Desktop/airflow_env/lib/python3.12/site-packages/airflow/example_dags/example_sensor_decorator.py for tasks to queue
[2026-06-21T16:30:54.365-0500] {logging_mixin.py:188} INFO - [2026-06-21T16:30:54.365-0500] {dagbag.py:545} INFO - Filling up the DagBag from /Users/naga/Desktop/airflow_env/lib/python3.12/site-packages/airflow/example_dags/example_sensor_decorator.py
[2026-06-21T16:30:54.384-0500] {processor.py:840} INFO - DAG(s) 'example_sensor_decorator' retrieved from /Users/naga/Desktop/airflow_env/lib/python3.12/site-packages/airflow/example_dags/example_sensor_decorator.py
[2026-06-21T16:30:54.431-0500] {logging_mixin.py:188} INFO - [2026-06-21T16:30:54.430-0500] {dag.py:3089} INFO - Sync 1 DAGs
[2026-06-21T16:30:54.435-0500] {logging_mixin.py:188} INFO - [2026-06-21T16:30:54.435-0500] {dag.py:3947} INFO - Setting next_dagrun for example_sensor_decorator to None, run_after=None
[2026-06-21T16:30:54.443-0500] {processor.py:183} INFO - Processing /Users/naga/Desktop/airflow_env/lib/python3.12/site-packages/airflow/example_dags/example_sensor_decorator.py took 0.080 seconds
[2026-06-21T16:32:58.394-0500] {processor.py:161} INFO - Started process (PID=60297) to work on /Users/naga/Desktop/airflow_env/lib/python3.12/site-packages/airflow/example_dags/example_sensor_decorator.py
[2026-06-21T16:32:58.394-0500] {processor.py:830} INFO - Processing file /Users/naga/Desktop/airflow_env/lib/python3.12/site-packages/airflow/example_dags/example_sensor_decorator.py for tasks to queue
[2026-06-21T16:32:58.395-0500] {logging_mixin.py:188} INFO - [2026-06-21T16:32:58.395-0500] {dagbag.py:545} INFO - Filling up the DagBag from /Users/naga/Desktop/airflow_env/lib/python3.12/site-packages/airflow/example_dags/example_sensor_decorator.py
[2026-06-21T16:32:58.414-0500] {processor.py:840} INFO - DAG(s) 'example_sensor_decorator' retrieved from /Users/naga/Desktop/airflow_env/lib/python3.12/site-packages/airflow/example_dags/example_sensor_decorator.py
[2026-06-21T16:32:58.461-0500] {logging_mixin.py:188} INFO - [2026-06-21T16:32:58.460-0500] {dag.py:3089} INFO - Sync 1 DAGs
[2026-06-21T16:32:58.465-0500] {logging_mixin.py:188} INFO - [2026-06-21T16:32:58.465-0500] {dag.py:3947} INFO - Setting next_dagrun for example_sensor_decorator to None, run_after=None
[2026-06-21T16:32:58.473-0500] {processor.py:183} INFO - Processing /Users/naga/Desktop/airflow_env/lib/python3.12/site-packages/airflow/example_dags/example_sensor_decorator.py took 0.080 seconds
[2026-06-21T16:35:04.652-0500] {processor.py:161} INFO - Started process (PID=60413) to work on /Users/naga/Desktop/airflow_env/lib/python3.12/site-packages/airflow/example_dags/example_sensor_decorator.py
[2026-06-21T16:35:04.652-0500] {processor.py:830} INFO - Processing file /Users/naga/Desktop/airflow_env/lib/python3.12/site-packages/airflow/example_dags/example_sensor_decorator.py for tasks to queue
[2026-06-21T16:35:04.653-0500] {logging_mixin.py:188} INFO - [2026-06-21T16:35:04.653-0500] {dagbag.py:545} INFO - Filling up the DagBag from /Users/naga/Desktop/airflow_env/lib/python3.12/site-packages/airflow/example_dags/example_sensor_decorator.py
[2026-06-21T16:35:04.672-0500] {processor.py:840} INFO - DAG(s) 'example_sensor_decorator' retrieved from /Users/naga/Desktop/airflow_env/lib/python3.12/site-packages/airflow/example_dags/example_sensor_decorator.py
[2026-06-21T16:35:04.722-0500] {logging_mixin.py:188} INFO - [2026-06-21T16:35:04.722-0500] {dag.py:3089} INFO - Sync 1 DAGs
[2026-06-21T16:35:04.726-0500] {logging_mixin.py:188} INFO - [2026-06-21T16:35:04.726-0500] {dag.py:3947} INFO - Setting next_dagrun for example_sensor_decorator to None, run_after=None
[2026-06-21T16:35:04.735-0500] {processor.py:183} INFO - Processing /Users/naga/Desktop/airflow_env/lib/python3.12/site-packages/airflow/example_dags/example_sensor_decorator.py took 0.084 seconds
[2026-06-21T16:37:07.847-0500] {processor.py:161} INFO - Started process (PID=60553) to work on /Users/naga/Desktop/airflow_env/lib/python3.12/site-packages/airflow/example_dags/example_sensor_decorator.py
[2026-06-21T16:37:07.848-0500] {processor.py:830} INFO - Processing file /Users/naga/Desktop/airflow_env/lib/python3.12/site-packages/airflow/example_dags/example_sensor_decorator.py for tasks to queue
[2026-06-21T16:37:07.848-0500] {logging_mixin.py:188} INFO - [2026-06-21T16:37:07.848-0500] {dagbag.py:545} INFO - Filling up the DagBag from /Users/naga/Desktop/airflow_env/lib/python3.12/site-packages/airflow/example_dags/example_sensor_decorator.py
[2026-06-21T16:37:07.867-0500] {processor.py:840} INFO - DAG(s) 'example_sensor_decorator' retrieved from /Users/naga/Desktop/airflow_env/lib/python3.12/site-packages/airflow/example_dags/example_sensor_decorator.py
[2026-06-21T16:37:07.915-0500] {logging_mixin.py:188} INFO - [2026-06-21T16:37:07.915-0500] {dag.py:3089} INFO - Sync 1 DAGs
[2026-06-21T16:37:07.920-0500] {logging_mixin.py:188} INFO - [2026-06-21T16:37:07.919-0500] {dag.py:3947} INFO - Setting next_dagrun for example_sensor_decorator to None, run_after=None
[2026-06-21T16:37:07.928-0500] {processor.py:183} INFO - Processing /Users/naga/Desktop/airflow_env/lib/python3.12/site-packages/airflow/example_dags/example_sensor_decorator.py took 0.083 seconds
[2026-06-21T16:39:13.325-0500] {processor.py:161} INFO - Started process (PID=60671) to work on /Users/naga/Desktop/airflow_env/lib/python3.12/site-packages/airflow/example_dags/example_sensor_decorator.py
[2026-06-21T16:39:13.326-0500] {processor.py:830} INFO - Processing file /Users/naga/Desktop/airflow_env/lib/python3.12/site-packages/airflow/example_dags/example_sensor_decorator.py for tasks to queue
[2026-06-21T16:39:13.326-0500] {logging_mixin.py:188} INFO - [2026-06-21T16:39:13.326-0500] {dagbag.py:545} INFO - Filling up the DagBag from /Users/naga/Desktop/airflow_env/lib/python3.12/site-packages/airflow/example_dags/example_sensor_decorator.py
[2026-06-21T16:39:13.346-0500] {processor.py:840} INFO - DAG(s) 'example_sensor_decorator' retrieved from /Users/naga/Desktop/airflow_env/lib/python3.12/site-packages/airflow/example_dags/example_sensor_decorator.py
[2026-06-21T16:39:13.394-0500] {logging_mixin.py:188} INFO - [2026-06-21T16:39:13.394-0500] {dag.py:3089} INFO - Sync 1 DAGs
[2026-06-21T16:39:13.398-0500] {logging_mixin.py:188} INFO - [2026-06-21T16:39:13.398-0500] {dag.py:3947} INFO - Setting next_dagrun for example_sensor_decorator to None, run_after=None
[2026-06-21T16:39:13.406-0500] {processor.py:183} INFO - Processing /Users/naga/Desktop/airflow_env/lib/python3.12/site-packages/airflow/example_dags/example_sensor_decorator.py took 0.083 seconds
[2026-06-21T16:42:57.292-0500] {processor.py:161} INFO - Started process (PID=60848) to work on /Users/naga/Desktop/airflow_env/lib/python3.12/site-packages/airflow/example_dags/example_sensor_decorator.py
[2026-06-21T16:42:57.293-0500] {processor.py:830} INFO - Processing file /Users/naga/Desktop/airflow_env/lib/python3.12/site-packages/airflow/example_dags/example_sensor_decorator.py for tasks to queue
[2026-06-21T16:42:57.294-0500] {logging_mixin.py:188} INFO - [2026-06-21T16:42:57.294-0500] {dagbag.py:545} INFO - Filling up the DagBag from /Users/naga/Desktop/airflow_env/lib/python3.12/site-packages/airflow/example_dags/example_sensor_decorator.py
[2026-06-21T16:42:57.329-0500] {processor.py:840} INFO - DAG(s) 'example_sensor_decorator' retrieved from /Users/naga/Desktop/airflow_env/lib/python3.12/site-packages/airflow/example_dags/example_sensor_decorator.py
[2026-06-21T16:42:57.408-0500] {logging_mixin.py:188} INFO - [2026-06-21T16:42:57.408-0500] {dag.py:3089} INFO - Sync 1 DAGs
[2026-06-21T16:42:57.415-0500] {logging_mixin.py:188} INFO - [2026-06-21T16:42:57.415-0500] {dag.py:3947} INFO - Setting next_dagrun for example_sensor_decorator to None, run_after=None
[2026-06-21T16:42:57.428-0500] {processor.py:183} INFO - Processing /Users/naga/Desktop/airflow_env/lib/python3.12/site-packages/airflow/example_dags/example_sensor_decorator.py took 0.139 seconds
[2026-06-21T16:44:51.375-0500] {processor.py:161} INFO - Started process (PID=60942) to work on /Users/naga/Desktop/airflow_env/lib/python3.12/site-packages/airflow/example_dags/example_sensor_decorator.py
[2026-06-21T16:44:51.377-0500] {processor.py:830} INFO - Processing file /Users/naga/Desktop/airflow_env/lib/python3.12/site-packages/airflow/example_dags/example_sensor_decorator.py for tasks to queue
[2026-06-21T16:44:51.377-0500] {logging_mixin.py:188} INFO - [2026-06-21T16:44:51.377-0500] {dagbag.py:545} INFO - Filling up the DagBag from /Users/naga/Desktop/airflow_env/lib/python3.12/site-packages/airflow/example_dags/example_sensor_decorator.py
[2026-06-21T16:44:51.409-0500] {processor.py:840} INFO - DAG(s) 'example_sensor_decorator' retrieved from /Users/naga/Desktop/airflow_env/lib/python3.12/site-packages/airflow/example_dags/example_sensor_decorator.py
[2026-06-21T16:44:51.488-0500] {logging_mixin.py:188} INFO - [2026-06-21T16:44:51.488-0500] {dag.py:3089} INFO - Sync 1 DAGs
[2026-06-21T16:44:51.495-0500] {logging_mixin.py:188} INFO - [2026-06-21T16:44:51.495-0500] {dag.py:3947} INFO - Setting next_dagrun for example_sensor_decorator to None, run_after=None
[2026-06-21T16:44:51.508-0500] {processor.py:183} INFO - Processing /Users/naga/Desktop/airflow_env/lib/python3.12/site-packages/airflow/example_dags/example_sensor_decorator.py took 0.135 seconds
[2026-06-21T16:46:25.806-0500] {processor.py:161} INFO - Started process (PID=61016) to work on /Users/naga/Desktop/airflow_env/lib/python3.12/site-packages/airflow/example_dags/example_sensor_decorator.py
[2026-06-21T16:46:25.807-0500] {processor.py:830} INFO - Processing file /Users/naga/Desktop/airflow_env/lib/python3.12/site-packages/airflow/example_dags/example_sensor_decorator.py for tasks to queue
[2026-06-21T16:46:25.808-0500] {logging_mixin.py:188} INFO - [2026-06-21T16:46:25.808-0500] {dagbag.py:545} INFO - Filling up the DagBag from /Users/naga/Desktop/airflow_env/lib/python3.12/site-packages/airflow/example_dags/example_sensor_decorator.py
[2026-06-21T16:46:25.951-0500] {processor.py:840} INFO - DAG(s) 'example_sensor_decorator' retrieved from /Users/naga/Desktop/airflow_env/lib/python3.12/site-packages/airflow/example_dags/example_sensor_decorator.py
[2026-06-21T16:46:26.066-0500] {logging_mixin.py:188} INFO - [2026-06-21T16:46:26.066-0500] {dag.py:3089} INFO - Sync 1 DAGs
[2026-06-21T16:46:26.074-0500] {logging_mixin.py:188} INFO - [2026-06-21T16:46:26.074-0500] {dag.py:3947} INFO - Setting next_dagrun for example_sensor_decorator to None, run_after=None
[2026-06-21T16:46:26.092-0500] {processor.py:183} INFO - Processing /Users/naga/Desktop/airflow_env/lib/python3.12/site-packages/airflow/example_dags/example_sensor_decorator.py took 0.288 seconds
[2026-06-21T17:49:20.757-0500] {processor.py:161} INFO - Started process (PID=61111) to work on /Users/naga/Desktop/airflow_env/lib/python3.12/site-packages/airflow/example_dags/example_sensor_decorator.py
[2026-06-21T17:49:20.758-0500] {processor.py:830} INFO - Processing file /Users/naga/Desktop/airflow_env/lib/python3.12/site-packages/airflow/example_dags/example_sensor_decorator.py for tasks to queue
[2026-06-21T17:49:20.759-0500] {logging_mixin.py:188} INFO - [2026-06-21T17:49:20.758-0500] {dagbag.py:545} INFO - Filling up the DagBag from /Users/naga/Desktop/airflow_env/lib/python3.12/site-packages/airflow/example_dags/example_sensor_decorator.py
[2026-06-21T17:49:20.790-0500] {processor.py:840} INFO - DAG(s) 'example_sensor_decorator' retrieved from /Users/naga/Desktop/airflow_env/lib/python3.12/site-packages/airflow/example_dags/example_sensor_decorator.py
[2026-06-21T17:49:20.869-0500] {logging_mixin.py:188} INFO - [2026-06-21T17:49:20.868-0500] {dag.py:3089} INFO - Sync 1 DAGs
[2026-06-21T17:49:20.876-0500] {logging_mixin.py:188} INFO - [2026-06-21T17:49:20.876-0500] {dag.py:3947} INFO - Setting next_dagrun for example_sensor_decorator to None, run_after=None
[2026-06-21T17:49:20.889-0500] {processor.py:183} INFO - Processing /Users/naga/Desktop/airflow_env/lib/python3.12/site-packages/airflow/example_dags/example_sensor_decorator.py took 0.134 seconds
[2026-06-21T18:48:55.317-0500] {processor.py:161} INFO - Started process (PID=61240) to work on /Users/naga/Desktop/airflow_env/lib/python3.12/site-packages/airflow/example_dags/example_sensor_decorator.py
[2026-06-21T18:48:55.318-0500] {processor.py:830} INFO - Processing file /Users/naga/Desktop/airflow_env/lib/python3.12/site-packages/airflow/example_dags/example_sensor_decorator.py for tasks to queue
[2026-06-21T18:48:55.318-0500] {logging_mixin.py:188} INFO - [2026-06-21T18:48:55.318-0500] {dagbag.py:545} INFO - Filling up the DagBag from /Users/naga/Desktop/airflow_env/lib/python3.12/site-packages/airflow/example_dags/example_sensor_decorator.py
[2026-06-21T18:48:55.351-0500] {processor.py:840} INFO - DAG(s) 'example_sensor_decorator' retrieved from /Users/naga/Desktop/airflow_env/lib/python3.12/site-packages/airflow/example_dags/example_sensor_decorator.py
[2026-06-21T18:48:55.430-0500] {logging_mixin.py:188} INFO - [2026-06-21T18:48:55.430-0500] {dag.py:3089} INFO - Sync 1 DAGs
[2026-06-21T18:48:55.437-0500] {logging_mixin.py:188} INFO - [2026-06-21T18:48:55.437-0500] {dag.py:3947} INFO - Setting next_dagrun for example_sensor_decorator to None, run_after=None
[2026-06-21T18:48:55.451-0500] {processor.py:183} INFO - Processing /Users/naga/Desktop/airflow_env/lib/python3.12/site-packages/airflow/example_dags/example_sensor_decorator.py took 0.137 seconds
[2026-06-21T18:57:07.883-0500] {processor.py:161} INFO - Started process (PID=61352) to work on /Users/naga/Desktop/airflow_env/lib/python3.12/site-packages/airflow/example_dags/example_sensor_decorator.py
[2026-06-21T18:57:07.885-0500] {processor.py:830} INFO - Processing file /Users/naga/Desktop/airflow_env/lib/python3.12/site-packages/airflow/example_dags/example_sensor_decorator.py for tasks to queue
[2026-06-21T18:57:07.885-0500] {logging_mixin.py:188} INFO - [2026-06-21T18:57:07.885-0500] {dagbag.py:545} INFO - Filling up the DagBag from /Users/naga/Desktop/airflow_env/lib/python3.12/site-packages/airflow/example_dags/example_sensor_decorator.py
[2026-06-21T18:57:07.917-0500] {processor.py:840} INFO - DAG(s) 'example_sensor_decorator' retrieved from /Users/naga/Desktop/airflow_env/lib/python3.12/site-packages/airflow/example_dags/example_sensor_decorator.py
[2026-06-21T18:57:07.999-0500] {logging_mixin.py:188} INFO - [2026-06-21T18:57:07.999-0500] {dag.py:3089} INFO - Sync 1 DAGs
[2026-06-21T18:57:08.007-0500] {logging_mixin.py:188} INFO - [2026-06-21T18:57:08.007-0500] {dag.py:3947} INFO - Setting next_dagrun for example_sensor_decorator to None, run_after=None
[2026-06-21T18:57:08.020-0500] {processor.py:183} INFO - Processing /Users/naga/Desktop/airflow_env/lib/python3.12/site-packages/airflow/example_dags/example_sensor_decorator.py took 0.139 seconds
