[2026-06-21T14:45:04.182-0500] {processor.py:161} INFO - Started process (PID=54341) to work on /Users/naga/Desktop/airflow_env/lib/python3.12/site-packages/airflow/example_dags/example_kubernetes_executor.py
[2026-06-21T14:45:04.183-0500] {processor.py:830} INFO - Processing file /Users/naga/Desktop/airflow_env/lib/python3.12/site-packages/airflow/example_dags/example_kubernetes_executor.py for tasks to queue
[2026-06-21T14:45:04.184-0500] {logging_mixin.py:188} INFO - [2026-06-21T14:45:04.183-0500] {dagbag.py:545} INFO - Filling up the DagBag from /Users/naga/Desktop/airflow_env/lib/python3.12/site-packages/airflow/example_dags/example_kubernetes_executor.py
[2026-06-21T14:45:04.214-0500] {logging_mixin.py:188} INFO - [2026-06-21T14:45:04.214-0500] {example_kubernetes_executor.py:39} WARNING - The example_kubernetes_executor example DAG requires the kubernetes provider. Please install it with: pip install apache-airflow[cncf.kubernetes]
[2026-06-21T14:45:04.215-0500] {processor.py:842} WARNING - No viable dags retrieved from /Users/naga/Desktop/airflow_env/lib/python3.12/site-packages/airflow/example_dags/example_kubernetes_executor.py
[2026-06-21T14:45:04.274-0500] {processor.py:183} INFO - Processing /Users/naga/Desktop/airflow_env/lib/python3.12/site-packages/airflow/example_dags/example_kubernetes_executor.py took 0.094 seconds
[2026-06-21T14:47:08.853-0500] {processor.py:161} INFO - Started process (PID=54449) to work on /Users/naga/Desktop/airflow_env/lib/python3.12/site-packages/airflow/example_dags/example_kubernetes_executor.py
[2026-06-21T14:47:08.854-0500] {processor.py:830} INFO - Processing file /Users/naga/Desktop/airflow_env/lib/python3.12/site-packages/airflow/example_dags/example_kubernetes_executor.py for tasks to queue
[2026-06-21T14:47:08.855-0500] {logging_mixin.py:188} INFO - [2026-06-21T14:47:08.855-0500] {dagbag.py:545} INFO - Filling up the DagBag from /Users/naga/Desktop/airflow_env/lib/python3.12/site-packages/airflow/example_dags/example_kubernetes_executor.py
[2026-06-21T14:47:08.886-0500] {logging_mixin.py:188} INFO - [2026-06-21T14:47:08.886-0500] {example_kubernetes_executor.py:39} WARNING - The example_kubernetes_executor example DAG requires the kubernetes provider. Please install it with: pip install apache-airflow[cncf.kubernetes]
[2026-06-21T14:47:08.886-0500] {processor.py:842} WARNING - No viable dags retrieved from /Users/naga/Desktop/airflow_env/lib/python3.12/site-packages/airflow/example_dags/example_kubernetes_executor.py
[2026-06-21T14:47:08.945-0500] {processor.py:183} INFO - Processing /Users/naga/Desktop/airflow_env/lib/python3.12/site-packages/airflow/example_dags/example_kubernetes_executor.py took 0.094 seconds
[2026-06-21T14:50:09.828-0500] {processor.py:161} INFO - Started process (PID=54654) to work on /Users/naga/Desktop/airflow_env/lib/python3.12/site-packages/airflow/example_dags/example_kubernetes_executor.py
[2026-06-21T14:50:09.830-0500] {processor.py:830} INFO - Processing file /Users/naga/Desktop/airflow_env/lib/python3.12/site-packages/airflow/example_dags/example_kubernetes_executor.py for tasks to queue
[2026-06-21T14:50:09.830-0500] {logging_mixin.py:188} INFO - [2026-06-21T14:50:09.830-0500] {dagbag.py:545} INFO - Filling up the DagBag from /Users/naga/Desktop/airflow_env/lib/python3.12/site-packages/airflow/example_dags/example_kubernetes_executor.py
[2026-06-21T14:50:09.864-0500] {logging_mixin.py:188} INFO - [2026-06-21T14:50:09.863-0500] {example_kubernetes_executor.py:39} WARNING - The example_kubernetes_executor example DAG requires the kubernetes provider. Please install it with: pip install apache-airflow[cncf.kubernetes]
[2026-06-21T14:50:09.864-0500] {processor.py:842} WARNING - No viable dags retrieved from /Users/naga/Desktop/airflow_env/lib/python3.12/site-packages/airflow/example_dags/example_kubernetes_executor.py
[2026-06-21T14:50:09.926-0500] {processor.py:183} INFO - Processing /Users/naga/Desktop/airflow_env/lib/python3.12/site-packages/airflow/example_dags/example_kubernetes_executor.py took 0.100 seconds
[2026-06-21T14:53:06.519-0500] {processor.py:161} INFO - Started process (PID=54796) to work on /Users/naga/Desktop/airflow_env/lib/python3.12/site-packages/airflow/example_dags/example_kubernetes_executor.py
[2026-06-21T14:53:06.520-0500] {processor.py:830} INFO - Processing file /Users/naga/Desktop/airflow_env/lib/python3.12/site-packages/airflow/example_dags/example_kubernetes_executor.py for tasks to queue
[2026-06-21T14:53:06.521-0500] {logging_mixin.py:188} INFO - [2026-06-21T14:53:06.521-0500] {dagbag.py:545} INFO - Filling up the DagBag from /Users/naga/Desktop/airflow_env/lib/python3.12/site-packages/airflow/example_dags/example_kubernetes_executor.py
[2026-06-21T14:53:06.552-0500] {logging_mixin.py:188} INFO - [2026-06-21T14:53:06.552-0500] {example_kubernetes_executor.py:39} WARNING - The example_kubernetes_executor example DAG requires the kubernetes provider. Please install it with: pip install apache-airflow[cncf.kubernetes]
[2026-06-21T14:53:06.552-0500] {processor.py:842} WARNING - No viable dags retrieved from /Users/naga/Desktop/airflow_env/lib/python3.12/site-packages/airflow/example_dags/example_kubernetes_executor.py
[2026-06-21T14:53:06.612-0500] {processor.py:183} INFO - Processing /Users/naga/Desktop/airflow_env/lib/python3.12/site-packages/airflow/example_dags/example_kubernetes_executor.py took 0.094 seconds
[2026-06-21T14:56:07.397-0500] {processor.py:161} INFO - Started process (PID=55002) to work on /Users/naga/Desktop/airflow_env/lib/python3.12/site-packages/airflow/example_dags/example_kubernetes_executor.py
[2026-06-21T14:56:07.398-0500] {processor.py:830} INFO - Processing file /Users/naga/Desktop/airflow_env/lib/python3.12/site-packages/airflow/example_dags/example_kubernetes_executor.py for tasks to queue
[2026-06-21T14:56:07.399-0500] {logging_mixin.py:188} INFO - [2026-06-21T14:56:07.398-0500] {dagbag.py:545} INFO - Filling up the DagBag from /Users/naga/Desktop/airflow_env/lib/python3.12/site-packages/airflow/example_dags/example_kubernetes_executor.py
[2026-06-21T14:56:07.429-0500] {logging_mixin.py:188} INFO - [2026-06-21T14:56:07.429-0500] {example_kubernetes_executor.py:39} WARNING - The example_kubernetes_executor example DAG requires the kubernetes provider. Please install it with: pip install apache-airflow[cncf.kubernetes]
[2026-06-21T14:56:07.430-0500] {processor.py:842} WARNING - No viable dags retrieved from /Users/naga/Desktop/airflow_env/lib/python3.12/site-packages/airflow/example_dags/example_kubernetes_executor.py
[2026-06-21T14:56:07.489-0500] {processor.py:183} INFO - Processing /Users/naga/Desktop/airflow_env/lib/python3.12/site-packages/airflow/example_dags/example_kubernetes_executor.py took 0.095 seconds
[2026-06-21T14:59:17.256-0500] {processor.py:161} INFO - Started process (PID=55343) to work on /Users/naga/Desktop/airflow_env/lib/python3.12/site-packages/airflow/example_dags/example_kubernetes_executor.py
[2026-06-21T14:59:17.257-0500] {processor.py:830} INFO - Processing file /Users/naga/Desktop/airflow_env/lib/python3.12/site-packages/airflow/example_dags/example_kubernetes_executor.py for tasks to queue
[2026-06-21T14:59:17.258-0500] {logging_mixin.py:188} INFO - [2026-06-21T14:59:17.258-0500] {dagbag.py:545} INFO - Filling up the DagBag from /Users/naga/Desktop/airflow_env/lib/python3.12/site-packages/airflow/example_dags/example_kubernetes_executor.py
[2026-06-21T14:59:17.289-0500] {logging_mixin.py:188} INFO - [2026-06-21T14:59:17.289-0500] {example_kubernetes_executor.py:39} WARNING - The example_kubernetes_executor example DAG requires the kubernetes provider. Please install it with: pip install apache-airflow[cncf.kubernetes]
[2026-06-21T14:59:17.289-0500] {processor.py:842} WARNING - No viable dags retrieved from /Users/naga/Desktop/airflow_env/lib/python3.12/site-packages/airflow/example_dags/example_kubernetes_executor.py
[2026-06-21T14:59:17.348-0500] {processor.py:183} INFO - Processing /Users/naga/Desktop/airflow_env/lib/python3.12/site-packages/airflow/example_dags/example_kubernetes_executor.py took 0.094 seconds
[2026-06-21T15:02:29.428-0500] {processor.py:161} INFO - Started process (PID=55493) to work on /Users/naga/Desktop/airflow_env/lib/python3.12/site-packages/airflow/example_dags/example_kubernetes_executor.py
[2026-06-21T15:02:29.429-0500] {processor.py:830} INFO - Processing file /Users/naga/Desktop/airflow_env/lib/python3.12/site-packages/airflow/example_dags/example_kubernetes_executor.py for tasks to queue
[2026-06-21T15:02:29.429-0500] {logging_mixin.py:188} INFO - [2026-06-21T15:02:29.429-0500] {dagbag.py:545} INFO - Filling up the DagBag from /Users/naga/Desktop/airflow_env/lib/python3.12/site-packages/airflow/example_dags/example_kubernetes_executor.py
[2026-06-21T15:02:29.459-0500] {logging_mixin.py:188} INFO - [2026-06-21T15:02:29.459-0500] {example_kubernetes_executor.py:39} WARNING - The example_kubernetes_executor example DAG requires the kubernetes provider. Please install it with: pip install apache-airflow[cncf.kubernetes]
[2026-06-21T15:02:29.460-0500] {processor.py:842} WARNING - No viable dags retrieved from /Users/naga/Desktop/airflow_env/lib/python3.12/site-packages/airflow/example_dags/example_kubernetes_executor.py
[2026-06-21T15:02:29.519-0500] {processor.py:183} INFO - Processing /Users/naga/Desktop/airflow_env/lib/python3.12/site-packages/airflow/example_dags/example_kubernetes_executor.py took 0.093 seconds
[2026-06-21T15:05:31.437-0500] {processor.py:161} INFO - Started process (PID=55638) to work on /Users/naga/Desktop/airflow_env/lib/python3.12/site-packages/airflow/example_dags/example_kubernetes_executor.py
[2026-06-21T15:05:31.438-0500] {processor.py:830} INFO - Processing file /Users/naga/Desktop/airflow_env/lib/python3.12/site-packages/airflow/example_dags/example_kubernetes_executor.py for tasks to queue
[2026-06-21T15:05:31.439-0500] {logging_mixin.py:188} INFO - [2026-06-21T15:05:31.438-0500] {dagbag.py:545} INFO - Filling up the DagBag from /Users/naga/Desktop/airflow_env/lib/python3.12/site-packages/airflow/example_dags/example_kubernetes_executor.py
[2026-06-21T15:05:31.469-0500] {logging_mixin.py:188} INFO - [2026-06-21T15:05:31.469-0500] {example_kubernetes_executor.py:39} WARNING - The example_kubernetes_executor example DAG requires the kubernetes provider. Please install it with: pip install apache-airflow[cncf.kubernetes]
[2026-06-21T15:05:31.469-0500] {processor.py:842} WARNING - No viable dags retrieved from /Users/naga/Desktop/airflow_env/lib/python3.12/site-packages/airflow/example_dags/example_kubernetes_executor.py
[2026-06-21T15:05:31.529-0500] {processor.py:183} INFO - Processing /Users/naga/Desktop/airflow_env/lib/python3.12/site-packages/airflow/example_dags/example_kubernetes_executor.py took 0.094 seconds
[2026-06-21T15:08:41.846-0500] {processor.py:161} INFO - Started process (PID=55767) to work on /Users/naga/Desktop/airflow_env/lib/python3.12/site-packages/airflow/example_dags/example_kubernetes_executor.py
[2026-06-21T15:08:41.847-0500] {processor.py:830} INFO - Processing file /Users/naga/Desktop/airflow_env/lib/python3.12/site-packages/airflow/example_dags/example_kubernetes_executor.py for tasks to queue
[2026-06-21T15:08:41.848-0500] {logging_mixin.py:188} INFO - [2026-06-21T15:08:41.848-0500] {dagbag.py:545} INFO - Filling up the DagBag from /Users/naga/Desktop/airflow_env/lib/python3.12/site-packages/airflow/example_dags/example_kubernetes_executor.py
[2026-06-21T15:08:41.878-0500] {logging_mixin.py:188} INFO - [2026-06-21T15:08:41.878-0500] {example_kubernetes_executor.py:39} WARNING - The example_kubernetes_executor example DAG requires the kubernetes provider. Please install it with: pip install apache-airflow[cncf.kubernetes]
[2026-06-21T15:08:41.878-0500] {processor.py:842} WARNING - No viable dags retrieved from /Users/naga/Desktop/airflow_env/lib/python3.12/site-packages/airflow/example_dags/example_kubernetes_executor.py
[2026-06-21T15:08:41.937-0500] {processor.py:183} INFO - Processing /Users/naga/Desktop/airflow_env/lib/python3.12/site-packages/airflow/example_dags/example_kubernetes_executor.py took 0.093 seconds
[2026-06-21T15:11:47.474-0500] {processor.py:161} INFO - Started process (PID=55924) to work on /Users/naga/Desktop/airflow_env/lib/python3.12/site-packages/airflow/example_dags/example_kubernetes_executor.py
[2026-06-21T15:11:47.476-0500] {processor.py:830} INFO - Processing file /Users/naga/Desktop/airflow_env/lib/python3.12/site-packages/airflow/example_dags/example_kubernetes_executor.py for tasks to queue
[2026-06-21T15:11:47.476-0500] {logging_mixin.py:188} INFO - [2026-06-21T15:11:47.476-0500] {dagbag.py:545} INFO - Filling up the DagBag from /Users/naga/Desktop/airflow_env/lib/python3.12/site-packages/airflow/example_dags/example_kubernetes_executor.py
[2026-06-21T15:11:47.507-0500] {logging_mixin.py:188} INFO - [2026-06-21T15:11:47.506-0500] {example_kubernetes_executor.py:39} WARNING - The example_kubernetes_executor example DAG requires the kubernetes provider. Please install it with: pip install apache-airflow[cncf.kubernetes]
[2026-06-21T15:11:47.507-0500] {processor.py:842} WARNING - No viable dags retrieved from /Users/naga/Desktop/airflow_env/lib/python3.12/site-packages/airflow/example_dags/example_kubernetes_executor.py
[2026-06-21T15:11:47.571-0500] {processor.py:183} INFO - Processing /Users/naga/Desktop/airflow_env/lib/python3.12/site-packages/airflow/example_dags/example_kubernetes_executor.py took 0.098 seconds
[2026-06-21T15:14:34.932-0500] {processor.py:161} INFO - Started process (PID=56178) to work on /Users/naga/Desktop/airflow_env/lib/python3.12/site-packages/airflow/example_dags/example_kubernetes_executor.py
[2026-06-21T15:14:34.933-0500] {processor.py:830} INFO - Processing file /Users/naga/Desktop/airflow_env/lib/python3.12/site-packages/airflow/example_dags/example_kubernetes_executor.py for tasks to queue
[2026-06-21T15:14:34.934-0500] {logging_mixin.py:188} INFO - [2026-06-21T15:14:34.933-0500] {dagbag.py:545} INFO - Filling up the DagBag from /Users/naga/Desktop/airflow_env/lib/python3.12/site-packages/airflow/example_dags/example_kubernetes_executor.py
[2026-06-21T15:14:34.951-0500] {logging_mixin.py:188} INFO - [2026-06-21T15:14:34.951-0500] {example_kubernetes_executor.py:39} WARNING - The example_kubernetes_executor example DAG requires the kubernetes provider. Please install it with: pip install apache-airflow[cncf.kubernetes]
[2026-06-21T15:14:34.951-0500] {processor.py:842} WARNING - No viable dags retrieved from /Users/naga/Desktop/airflow_env/lib/python3.12/site-packages/airflow/example_dags/example_kubernetes_executor.py
[2026-06-21T15:14:34.985-0500] {processor.py:183} INFO - Processing /Users/naga/Desktop/airflow_env/lib/python3.12/site-packages/airflow/example_dags/example_kubernetes_executor.py took 0.055 seconds
[2026-06-21T15:31:54.171-0500] {processor.py:161} INFO - Started process (PID=56508) to work on /Users/naga/Desktop/airflow_env/lib/python3.12/site-packages/airflow/example_dags/example_kubernetes_executor.py
[2026-06-21T15:31:54.172-0500] {processor.py:830} INFO - Processing file /Users/naga/Desktop/airflow_env/lib/python3.12/site-packages/airflow/example_dags/example_kubernetes_executor.py for tasks to queue
[2026-06-21T15:31:54.173-0500] {logging_mixin.py:188} INFO - [2026-06-21T15:31:54.173-0500] {dagbag.py:545} INFO - Filling up the DagBag from /Users/naga/Desktop/airflow_env/lib/python3.12/site-packages/airflow/example_dags/example_kubernetes_executor.py
[2026-06-21T15:31:54.194-0500] {logging_mixin.py:188} INFO - [2026-06-21T15:31:54.194-0500] {example_kubernetes_executor.py:39} WARNING - The example_kubernetes_executor example DAG requires the kubernetes provider. Please install it with: pip install apache-airflow[cncf.kubernetes]
[2026-06-21T15:31:54.194-0500] {processor.py:842} WARNING - No viable dags retrieved from /Users/naga/Desktop/airflow_env/lib/python3.12/site-packages/airflow/example_dags/example_kubernetes_executor.py
[2026-06-21T15:31:54.233-0500] {processor.py:183} INFO - Processing /Users/naga/Desktop/airflow_env/lib/python3.12/site-packages/airflow/example_dags/example_kubernetes_executor.py took 0.063 seconds
[2026-06-21T15:33:37.360-0500] {processor.py:161} INFO - Started process (PID=56652) to work on /Users/naga/Desktop/airflow_env/lib/python3.12/site-packages/airflow/example_dags/example_kubernetes_executor.py
[2026-06-21T15:33:37.360-0500] {processor.py:830} INFO - Processing file /Users/naga/Desktop/airflow_env/lib/python3.12/site-packages/airflow/example_dags/example_kubernetes_executor.py for tasks to queue
[2026-06-21T15:33:37.361-0500] {logging_mixin.py:188} INFO - [2026-06-21T15:33:37.361-0500] {dagbag.py:545} INFO - Filling up the DagBag from /Users/naga/Desktop/airflow_env/lib/python3.12/site-packages/airflow/example_dags/example_kubernetes_executor.py
[2026-06-21T15:33:37.385-0500] {logging_mixin.py:188} INFO - [2026-06-21T15:33:37.385-0500] {example_kubernetes_executor.py:39} WARNING - The example_kubernetes_executor example DAG requires the kubernetes provider. Please install it with: pip install apache-airflow[cncf.kubernetes]
[2026-06-21T15:33:37.385-0500] {processor.py:842} WARNING - No viable dags retrieved from /Users/naga/Desktop/airflow_env/lib/python3.12/site-packages/airflow/example_dags/example_kubernetes_executor.py
[2026-06-21T15:33:37.424-0500] {processor.py:183} INFO - Processing /Users/naga/Desktop/airflow_env/lib/python3.12/site-packages/airflow/example_dags/example_kubernetes_executor.py took 0.066 seconds
[2026-06-21T15:35:44.056-0500] {processor.py:161} INFO - Started process (PID=56817) to work on /Users/naga/Desktop/airflow_env/lib/python3.12/site-packages/airflow/example_dags/example_kubernetes_executor.py
[2026-06-21T15:35:44.057-0500] {processor.py:830} INFO - Processing file /Users/naga/Desktop/airflow_env/lib/python3.12/site-packages/airflow/example_dags/example_kubernetes_executor.py for tasks to queue
[2026-06-21T15:35:44.057-0500] {logging_mixin.py:188} INFO - [2026-06-21T15:35:44.057-0500] {dagbag.py:545} INFO - Filling up the DagBag from /Users/naga/Desktop/airflow_env/lib/python3.12/site-packages/airflow/example_dags/example_kubernetes_executor.py
[2026-06-21T15:35:44.075-0500] {logging_mixin.py:188} INFO - [2026-06-21T15:35:44.075-0500] {example_kubernetes_executor.py:39} WARNING - The example_kubernetes_executor example DAG requires the kubernetes provider. Please install it with: pip install apache-airflow[cncf.kubernetes]
[2026-06-21T15:35:44.076-0500] {processor.py:842} WARNING - No viable dags retrieved from /Users/naga/Desktop/airflow_env/lib/python3.12/site-packages/airflow/example_dags/example_kubernetes_executor.py
[2026-06-21T15:35:44.110-0500] {processor.py:183} INFO - Processing /Users/naga/Desktop/airflow_env/lib/python3.12/site-packages/airflow/example_dags/example_kubernetes_executor.py took 0.055 seconds
[2026-06-21T15:37:43.755-0500] {processor.py:161} INFO - Started process (PID=56953) to work on /Users/naga/Desktop/airflow_env/lib/python3.12/site-packages/airflow/example_dags/example_kubernetes_executor.py
[2026-06-21T15:37:43.755-0500] {processor.py:830} INFO - Processing file /Users/naga/Desktop/airflow_env/lib/python3.12/site-packages/airflow/example_dags/example_kubernetes_executor.py for tasks to queue
[2026-06-21T15:37:43.756-0500] {logging_mixin.py:188} INFO - [2026-06-21T15:37:43.756-0500] {dagbag.py:545} INFO - Filling up the DagBag from /Users/naga/Desktop/airflow_env/lib/python3.12/site-packages/airflow/example_dags/example_kubernetes_executor.py
[2026-06-21T15:37:43.774-0500] {logging_mixin.py:188} INFO - [2026-06-21T15:37:43.774-0500] {example_kubernetes_executor.py:39} WARNING - The example_kubernetes_executor example DAG requires the kubernetes provider. Please install it with: pip install apache-airflow[cncf.kubernetes]
[2026-06-21T15:37:43.774-0500] {processor.py:842} WARNING - No viable dags retrieved from /Users/naga/Desktop/airflow_env/lib/python3.12/site-packages/airflow/example_dags/example_kubernetes_executor.py
[2026-06-21T15:37:43.808-0500] {processor.py:183} INFO - Processing /Users/naga/Desktop/airflow_env/lib/python3.12/site-packages/airflow/example_dags/example_kubernetes_executor.py took 0.056 seconds
[2026-06-21T15:39:49.015-0500] {processor.py:161} INFO - Started process (PID=57067) to work on /Users/naga/Desktop/airflow_env/lib/python3.12/site-packages/airflow/example_dags/example_kubernetes_executor.py
[2026-06-21T15:39:49.016-0500] {processor.py:830} INFO - Processing file /Users/naga/Desktop/airflow_env/lib/python3.12/site-packages/airflow/example_dags/example_kubernetes_executor.py for tasks to queue
[2026-06-21T15:39:49.016-0500] {logging_mixin.py:188} INFO - [2026-06-21T15:39:49.016-0500] {dagbag.py:545} INFO - Filling up the DagBag from /Users/naga/Desktop/airflow_env/lib/python3.12/site-packages/airflow/example_dags/example_kubernetes_executor.py
[2026-06-21T15:39:49.034-0500] {logging_mixin.py:188} INFO - [2026-06-21T15:39:49.034-0500] {example_kubernetes_executor.py:39} WARNING - The example_kubernetes_executor example DAG requires the kubernetes provider. Please install it with: pip install apache-airflow[cncf.kubernetes]
[2026-06-21T15:39:49.034-0500] {processor.py:842} WARNING - No viable dags retrieved from /Users/naga/Desktop/airflow_env/lib/python3.12/site-packages/airflow/example_dags/example_kubernetes_executor.py
[2026-06-21T15:39:49.068-0500] {processor.py:183} INFO - Processing /Users/naga/Desktop/airflow_env/lib/python3.12/site-packages/airflow/example_dags/example_kubernetes_executor.py took 0.055 seconds
[2026-06-21T15:41:52.767-0500] {processor.py:161} INFO - Started process (PID=57200) to work on /Users/naga/Desktop/airflow_env/lib/python3.12/site-packages/airflow/example_dags/example_kubernetes_executor.py
[2026-06-21T15:41:52.767-0500] {processor.py:830} INFO - Processing file /Users/naga/Desktop/airflow_env/lib/python3.12/site-packages/airflow/example_dags/example_kubernetes_executor.py for tasks to queue
[2026-06-21T15:41:52.768-0500] {logging_mixin.py:188} INFO - [2026-06-21T15:41:52.768-0500] {dagbag.py:545} INFO - Filling up the DagBag from /Users/naga/Desktop/airflow_env/lib/python3.12/site-packages/airflow/example_dags/example_kubernetes_executor.py
[2026-06-21T15:41:52.786-0500] {logging_mixin.py:188} INFO - [2026-06-21T15:41:52.786-0500] {example_kubernetes_executor.py:39} WARNING - The example_kubernetes_executor example DAG requires the kubernetes provider. Please install it with: pip install apache-airflow[cncf.kubernetes]
[2026-06-21T15:41:52.786-0500] {processor.py:842} WARNING - No viable dags retrieved from /Users/naga/Desktop/airflow_env/lib/python3.12/site-packages/airflow/example_dags/example_kubernetes_executor.py
[2026-06-21T15:41:52.821-0500] {processor.py:183} INFO - Processing /Users/naga/Desktop/airflow_env/lib/python3.12/site-packages/airflow/example_dags/example_kubernetes_executor.py took 0.056 seconds
[2026-06-21T15:43:58.725-0500] {processor.py:161} INFO - Started process (PID=57328) to work on /Users/naga/Desktop/airflow_env/lib/python3.12/site-packages/airflow/example_dags/example_kubernetes_executor.py
[2026-06-21T15:43:58.726-0500] {processor.py:830} INFO - Processing file /Users/naga/Desktop/airflow_env/lib/python3.12/site-packages/airflow/example_dags/example_kubernetes_executor.py for tasks to queue
[2026-06-21T15:43:58.726-0500] {logging_mixin.py:188} INFO - [2026-06-21T15:43:58.726-0500] {dagbag.py:545} INFO - Filling up the DagBag from /Users/naga/Desktop/airflow_env/lib/python3.12/site-packages/airflow/example_dags/example_kubernetes_executor.py
[2026-06-21T15:43:58.744-0500] {logging_mixin.py:188} INFO - [2026-06-21T15:43:58.744-0500] {example_kubernetes_executor.py:39} WARNING - The example_kubernetes_executor example DAG requires the kubernetes provider. Please install it with: pip install apache-airflow[cncf.kubernetes]
[2026-06-21T15:43:58.745-0500] {processor.py:842} WARNING - No viable dags retrieved from /Users/naga/Desktop/airflow_env/lib/python3.12/site-packages/airflow/example_dags/example_kubernetes_executor.py
[2026-06-21T15:43:58.780-0500] {processor.py:183} INFO - Processing /Users/naga/Desktop/airflow_env/lib/python3.12/site-packages/airflow/example_dags/example_kubernetes_executor.py took 0.057 seconds
[2026-06-21T15:46:00.112-0500] {processor.py:161} INFO - Started process (PID=57458) to work on /Users/naga/Desktop/airflow_env/lib/python3.12/site-packages/airflow/example_dags/example_kubernetes_executor.py
[2026-06-21T15:46:00.113-0500] {processor.py:830} INFO - Processing file /Users/naga/Desktop/airflow_env/lib/python3.12/site-packages/airflow/example_dags/example_kubernetes_executor.py for tasks to queue
[2026-06-21T15:46:00.113-0500] {logging_mixin.py:188} INFO - [2026-06-21T15:46:00.113-0500] {dagbag.py:545} INFO - Filling up the DagBag from /Users/naga/Desktop/airflow_env/lib/python3.12/site-packages/airflow/example_dags/example_kubernetes_executor.py
[2026-06-21T15:46:00.131-0500] {logging_mixin.py:188} INFO - [2026-06-21T15:46:00.131-0500] {example_kubernetes_executor.py:39} WARNING - The example_kubernetes_executor example DAG requires the kubernetes provider. Please install it with: pip install apache-airflow[cncf.kubernetes]
[2026-06-21T15:46:00.132-0500] {processor.py:842} WARNING - No viable dags retrieved from /Users/naga/Desktop/airflow_env/lib/python3.12/site-packages/airflow/example_dags/example_kubernetes_executor.py
[2026-06-21T15:46:00.166-0500] {processor.py:183} INFO - Processing /Users/naga/Desktop/airflow_env/lib/python3.12/site-packages/airflow/example_dags/example_kubernetes_executor.py took 0.056 seconds
[2026-06-21T15:48:03.800-0500] {processor.py:161} INFO - Started process (PID=57583) to work on /Users/naga/Desktop/airflow_env/lib/python3.12/site-packages/airflow/example_dags/example_kubernetes_executor.py
[2026-06-21T15:48:03.800-0500] {processor.py:830} INFO - Processing file /Users/naga/Desktop/airflow_env/lib/python3.12/site-packages/airflow/example_dags/example_kubernetes_executor.py for tasks to queue
[2026-06-21T15:48:03.801-0500] {logging_mixin.py:188} INFO - [2026-06-21T15:48:03.801-0500] {dagbag.py:545} INFO - Filling up the DagBag from /Users/naga/Desktop/airflow_env/lib/python3.12/site-packages/airflow/example_dags/example_kubernetes_executor.py
[2026-06-21T15:48:03.819-0500] {logging_mixin.py:188} INFO - [2026-06-21T15:48:03.819-0500] {example_kubernetes_executor.py:39} WARNING - The example_kubernetes_executor example DAG requires the kubernetes provider. Please install it with: pip install apache-airflow[cncf.kubernetes]
[2026-06-21T15:48:03.819-0500] {processor.py:842} WARNING - No viable dags retrieved from /Users/naga/Desktop/airflow_env/lib/python3.12/site-packages/airflow/example_dags/example_kubernetes_executor.py
[2026-06-21T15:48:03.854-0500] {processor.py:183} INFO - Processing /Users/naga/Desktop/airflow_env/lib/python3.12/site-packages/airflow/example_dags/example_kubernetes_executor.py took 0.056 seconds
[2026-06-21T15:50:11.184-0500] {processor.py:161} INFO - Started process (PID=57715) to work on /Users/naga/Desktop/airflow_env/lib/python3.12/site-packages/airflow/example_dags/example_kubernetes_executor.py
[2026-06-21T15:50:11.185-0500] {processor.py:830} INFO - Processing file /Users/naga/Desktop/airflow_env/lib/python3.12/site-packages/airflow/example_dags/example_kubernetes_executor.py for tasks to queue
[2026-06-21T15:50:11.186-0500] {logging_mixin.py:188} INFO - [2026-06-21T15:50:11.185-0500] {dagbag.py:545} INFO - Filling up the DagBag from /Users/naga/Desktop/airflow_env/lib/python3.12/site-packages/airflow/example_dags/example_kubernetes_executor.py
[2026-06-21T15:50:11.206-0500] {logging_mixin.py:188} INFO - [2026-06-21T15:50:11.206-0500] {example_kubernetes_executor.py:39} WARNING - The example_kubernetes_executor example DAG requires the kubernetes provider. Please install it with: pip install apache-airflow[cncf.kubernetes]
[2026-06-21T15:50:11.206-0500] {processor.py:842} WARNING - No viable dags retrieved from /Users/naga/Desktop/airflow_env/lib/python3.12/site-packages/airflow/example_dags/example_kubernetes_executor.py
[2026-06-21T15:50:11.242-0500] {processor.py:183} INFO - Processing /Users/naga/Desktop/airflow_env/lib/python3.12/site-packages/airflow/example_dags/example_kubernetes_executor.py took 0.060 seconds
[2026-06-21T15:52:17.327-0500] {processor.py:161} INFO - Started process (PID=57822) to work on /Users/naga/Desktop/airflow_env/lib/python3.12/site-packages/airflow/example_dags/example_kubernetes_executor.py
[2026-06-21T15:52:17.328-0500] {processor.py:830} INFO - Processing file /Users/naga/Desktop/airflow_env/lib/python3.12/site-packages/airflow/example_dags/example_kubernetes_executor.py for tasks to queue
[2026-06-21T15:52:17.329-0500] {logging_mixin.py:188} INFO - [2026-06-21T15:52:17.329-0500] {dagbag.py:545} INFO - Filling up the DagBag from /Users/naga/Desktop/airflow_env/lib/python3.12/site-packages/airflow/example_dags/example_kubernetes_executor.py
[2026-06-21T15:52:17.347-0500] {logging_mixin.py:188} INFO - [2026-06-21T15:52:17.347-0500] {example_kubernetes_executor.py:39} WARNING - The example_kubernetes_executor example DAG requires the kubernetes provider. Please install it with: pip install apache-airflow[cncf.kubernetes]
[2026-06-21T15:52:17.347-0500] {processor.py:842} WARNING - No viable dags retrieved from /Users/naga/Desktop/airflow_env/lib/python3.12/site-packages/airflow/example_dags/example_kubernetes_executor.py
[2026-06-21T15:52:17.382-0500] {processor.py:183} INFO - Processing /Users/naga/Desktop/airflow_env/lib/python3.12/site-packages/airflow/example_dags/example_kubernetes_executor.py took 0.056 seconds
[2026-06-21T15:54:21.370-0500] {processor.py:161} INFO - Started process (PID=57962) to work on /Users/naga/Desktop/airflow_env/lib/python3.12/site-packages/airflow/example_dags/example_kubernetes_executor.py
[2026-06-21T15:54:21.371-0500] {processor.py:830} INFO - Processing file /Users/naga/Desktop/airflow_env/lib/python3.12/site-packages/airflow/example_dags/example_kubernetes_executor.py for tasks to queue
[2026-06-21T15:54:21.371-0500] {logging_mixin.py:188} INFO - [2026-06-21T15:54:21.371-0500] {dagbag.py:545} INFO - Filling up the DagBag from /Users/naga/Desktop/airflow_env/lib/python3.12/site-packages/airflow/example_dags/example_kubernetes_executor.py
[2026-06-21T15:54:21.389-0500] {logging_mixin.py:188} INFO - [2026-06-21T15:54:21.389-0500] {example_kubernetes_executor.py:39} WARNING - The example_kubernetes_executor example DAG requires the kubernetes provider. Please install it with: pip install apache-airflow[cncf.kubernetes]
[2026-06-21T15:54:21.389-0500] {processor.py:842} WARNING - No viable dags retrieved from /Users/naga/Desktop/airflow_env/lib/python3.12/site-packages/airflow/example_dags/example_kubernetes_executor.py
[2026-06-21T15:54:21.423-0500] {processor.py:183} INFO - Processing /Users/naga/Desktop/airflow_env/lib/python3.12/site-packages/airflow/example_dags/example_kubernetes_executor.py took 0.055 seconds
[2026-06-21T15:56:27.552-0500] {processor.py:161} INFO - Started process (PID=58072) to work on /Users/naga/Desktop/airflow_env/lib/python3.12/site-packages/airflow/example_dags/example_kubernetes_executor.py
[2026-06-21T15:56:27.553-0500] {processor.py:830} INFO - Processing file /Users/naga/Desktop/airflow_env/lib/python3.12/site-packages/airflow/example_dags/example_kubernetes_executor.py for tasks to queue
[2026-06-21T15:56:27.553-0500] {logging_mixin.py:188} INFO - [2026-06-21T15:56:27.553-0500] {dagbag.py:545} INFO - Filling up the DagBag from /Users/naga/Desktop/airflow_env/lib/python3.12/site-packages/airflow/example_dags/example_kubernetes_executor.py
[2026-06-21T15:56:27.571-0500] {logging_mixin.py:188} INFO - [2026-06-21T15:56:27.571-0500] {example_kubernetes_executor.py:39} WARNING - The example_kubernetes_executor example DAG requires the kubernetes provider. Please install it with: pip install apache-airflow[cncf.kubernetes]
[2026-06-21T15:56:27.571-0500] {processor.py:842} WARNING - No viable dags retrieved from /Users/naga/Desktop/airflow_env/lib/python3.12/site-packages/airflow/example_dags/example_kubernetes_executor.py
[2026-06-21T15:56:27.606-0500] {processor.py:183} INFO - Processing /Users/naga/Desktop/airflow_env/lib/python3.12/site-packages/airflow/example_dags/example_kubernetes_executor.py took 0.056 seconds
[2026-06-21T15:58:35.251-0500] {processor.py:161} INFO - Started process (PID=58193) to work on /Users/naga/Desktop/airflow_env/lib/python3.12/site-packages/airflow/example_dags/example_kubernetes_executor.py
[2026-06-21T15:58:35.252-0500] {processor.py:830} INFO - Processing file /Users/naga/Desktop/airflow_env/lib/python3.12/site-packages/airflow/example_dags/example_kubernetes_executor.py for tasks to queue
[2026-06-21T15:58:35.252-0500] {logging_mixin.py:188} INFO - [2026-06-21T15:58:35.252-0500] {dagbag.py:545} INFO - Filling up the DagBag from /Users/naga/Desktop/airflow_env/lib/python3.12/site-packages/airflow/example_dags/example_kubernetes_executor.py
[2026-06-21T15:58:35.270-0500] {logging_mixin.py:188} INFO - [2026-06-21T15:58:35.270-0500] {example_kubernetes_executor.py:39} WARNING - The example_kubernetes_executor example DAG requires the kubernetes provider. Please install it with: pip install apache-airflow[cncf.kubernetes]
[2026-06-21T15:58:35.271-0500] {processor.py:842} WARNING - No viable dags retrieved from /Users/naga/Desktop/airflow_env/lib/python3.12/site-packages/airflow/example_dags/example_kubernetes_executor.py
[2026-06-21T15:58:35.306-0500] {processor.py:183} INFO - Processing /Users/naga/Desktop/airflow_env/lib/python3.12/site-packages/airflow/example_dags/example_kubernetes_executor.py took 0.056 seconds
[2026-06-21T16:00:41.645-0500] {processor.py:161} INFO - Started process (PID=58318) to work on /Users/naga/Desktop/airflow_env/lib/python3.12/site-packages/airflow/example_dags/example_kubernetes_executor.py
[2026-06-21T16:00:41.646-0500] {processor.py:830} INFO - Processing file /Users/naga/Desktop/airflow_env/lib/python3.12/site-packages/airflow/example_dags/example_kubernetes_executor.py for tasks to queue
[2026-06-21T16:00:41.646-0500] {logging_mixin.py:188} INFO - [2026-06-21T16:00:41.646-0500] {dagbag.py:545} INFO - Filling up the DagBag from /Users/naga/Desktop/airflow_env/lib/python3.12/site-packages/airflow/example_dags/example_kubernetes_executor.py
[2026-06-21T16:00:41.665-0500] {logging_mixin.py:188} INFO - [2026-06-21T16:00:41.665-0500] {example_kubernetes_executor.py:39} WARNING - The example_kubernetes_executor example DAG requires the kubernetes provider. Please install it with: pip install apache-airflow[cncf.kubernetes]
[2026-06-21T16:00:41.665-0500] {processor.py:842} WARNING - No viable dags retrieved from /Users/naga/Desktop/airflow_env/lib/python3.12/site-packages/airflow/example_dags/example_kubernetes_executor.py
[2026-06-21T16:00:41.701-0500] {processor.py:183} INFO - Processing /Users/naga/Desktop/airflow_env/lib/python3.12/site-packages/airflow/example_dags/example_kubernetes_executor.py took 0.057 seconds
[2026-06-21T16:02:47.322-0500] {processor.py:161} INFO - Started process (PID=58456) to work on /Users/naga/Desktop/airflow_env/lib/python3.12/site-packages/airflow/example_dags/example_kubernetes_executor.py
[2026-06-21T16:02:47.323-0500] {processor.py:830} INFO - Processing file /Users/naga/Desktop/airflow_env/lib/python3.12/site-packages/airflow/example_dags/example_kubernetes_executor.py for tasks to queue
[2026-06-21T16:02:47.324-0500] {logging_mixin.py:188} INFO - [2026-06-21T16:02:47.323-0500] {dagbag.py:545} INFO - Filling up the DagBag from /Users/naga/Desktop/airflow_env/lib/python3.12/site-packages/airflow/example_dags/example_kubernetes_executor.py
[2026-06-21T16:02:47.342-0500] {logging_mixin.py:188} INFO - [2026-06-21T16:02:47.342-0500] {example_kubernetes_executor.py:39} WARNING - The example_kubernetes_executor example DAG requires the kubernetes provider. Please install it with: pip install apache-airflow[cncf.kubernetes]
[2026-06-21T16:02:47.342-0500] {processor.py:842} WARNING - No viable dags retrieved from /Users/naga/Desktop/airflow_env/lib/python3.12/site-packages/airflow/example_dags/example_kubernetes_executor.py
[2026-06-21T16:02:47.378-0500] {processor.py:183} INFO - Processing /Users/naga/Desktop/airflow_env/lib/python3.12/site-packages/airflow/example_dags/example_kubernetes_executor.py took 0.057 seconds
[2026-06-21T16:04:56.994-0500] {processor.py:161} INFO - Started process (PID=58590) to work on /Users/naga/Desktop/airflow_env/lib/python3.12/site-packages/airflow/example_dags/example_kubernetes_executor.py
[2026-06-21T16:04:56.995-0500] {processor.py:830} INFO - Processing file /Users/naga/Desktop/airflow_env/lib/python3.12/site-packages/airflow/example_dags/example_kubernetes_executor.py for tasks to queue
[2026-06-21T16:04:56.995-0500] {logging_mixin.py:188} INFO - [2026-06-21T16:04:56.995-0500] {dagbag.py:545} INFO - Filling up the DagBag from /Users/naga/Desktop/airflow_env/lib/python3.12/site-packages/airflow/example_dags/example_kubernetes_executor.py
[2026-06-21T16:04:57.014-0500] {logging_mixin.py:188} INFO - [2026-06-21T16:04:57.013-0500] {example_kubernetes_executor.py:39} WARNING - The example_kubernetes_executor example DAG requires the kubernetes provider. Please install it with: pip install apache-airflow[cncf.kubernetes]
[2026-06-21T16:04:57.014-0500] {processor.py:842} WARNING - No viable dags retrieved from /Users/naga/Desktop/airflow_env/lib/python3.12/site-packages/airflow/example_dags/example_kubernetes_executor.py
[2026-06-21T16:04:57.047-0500] {processor.py:183} INFO - Processing /Users/naga/Desktop/airflow_env/lib/python3.12/site-packages/airflow/example_dags/example_kubernetes_executor.py took 0.055 seconds
[2026-06-21T16:07:04.751-0500] {processor.py:161} INFO - Started process (PID=58704) to work on /Users/naga/Desktop/airflow_env/lib/python3.12/site-packages/airflow/example_dags/example_kubernetes_executor.py
[2026-06-21T16:07:04.752-0500] {processor.py:830} INFO - Processing file /Users/naga/Desktop/airflow_env/lib/python3.12/site-packages/airflow/example_dags/example_kubernetes_executor.py for tasks to queue
[2026-06-21T16:07:04.753-0500] {logging_mixin.py:188} INFO - [2026-06-21T16:07:04.753-0500] {dagbag.py:545} INFO - Filling up the DagBag from /Users/naga/Desktop/airflow_env/lib/python3.12/site-packages/airflow/example_dags/example_kubernetes_executor.py
[2026-06-21T16:07:04.773-0500] {logging_mixin.py:188} INFO - [2026-06-21T16:07:04.773-0500] {example_kubernetes_executor.py:39} WARNING - The example_kubernetes_executor example DAG requires the kubernetes provider. Please install it with: pip install apache-airflow[cncf.kubernetes]
[2026-06-21T16:07:04.773-0500] {processor.py:842} WARNING - No viable dags retrieved from /Users/naga/Desktop/airflow_env/lib/python3.12/site-packages/airflow/example_dags/example_kubernetes_executor.py
[2026-06-21T16:07:04.810-0500] {processor.py:183} INFO - Processing /Users/naga/Desktop/airflow_env/lib/python3.12/site-packages/airflow/example_dags/example_kubernetes_executor.py took 0.061 seconds
[2026-06-21T16:09:22.144-0500] {processor.py:161} INFO - Started process (PID=58848) to work on /Users/naga/Desktop/airflow_env/lib/python3.12/site-packages/airflow/example_dags/example_kubernetes_executor.py
[2026-06-21T16:09:22.144-0500] {processor.py:830} INFO - Processing file /Users/naga/Desktop/airflow_env/lib/python3.12/site-packages/airflow/example_dags/example_kubernetes_executor.py for tasks to queue
[2026-06-21T16:09:22.145-0500] {logging_mixin.py:188} INFO - [2026-06-21T16:09:22.145-0500] {dagbag.py:545} INFO - Filling up the DagBag from /Users/naga/Desktop/airflow_env/lib/python3.12/site-packages/airflow/example_dags/example_kubernetes_executor.py
[2026-06-21T16:09:22.165-0500] {logging_mixin.py:188} INFO - [2026-06-21T16:09:22.165-0500] {example_kubernetes_executor.py:39} WARNING - The example_kubernetes_executor example DAG requires the kubernetes provider. Please install it with: pip install apache-airflow[cncf.kubernetes]
[2026-06-21T16:09:22.165-0500] {processor.py:842} WARNING - No viable dags retrieved from /Users/naga/Desktop/airflow_env/lib/python3.12/site-packages/airflow/example_dags/example_kubernetes_executor.py
[2026-06-21T16:09:22.203-0500] {processor.py:183} INFO - Processing /Users/naga/Desktop/airflow_env/lib/python3.12/site-packages/airflow/example_dags/example_kubernetes_executor.py took 0.061 seconds
[2026-06-21T16:11:33.024-0500] {processor.py:161} INFO - Started process (PID=58968) to work on /Users/naga/Desktop/airflow_env/lib/python3.12/site-packages/airflow/example_dags/example_kubernetes_executor.py
[2026-06-21T16:11:33.025-0500] {processor.py:830} INFO - Processing file /Users/naga/Desktop/airflow_env/lib/python3.12/site-packages/airflow/example_dags/example_kubernetes_executor.py for tasks to queue
[2026-06-21T16:11:33.025-0500] {logging_mixin.py:188} INFO - [2026-06-21T16:11:33.025-0500] {dagbag.py:545} INFO - Filling up the DagBag from /Users/naga/Desktop/airflow_env/lib/python3.12/site-packages/airflow/example_dags/example_kubernetes_executor.py
[2026-06-21T16:11:33.044-0500] {logging_mixin.py:188} INFO - [2026-06-21T16:11:33.044-0500] {example_kubernetes_executor.py:39} WARNING - The example_kubernetes_executor example DAG requires the kubernetes provider. Please install it with: pip install apache-airflow[cncf.kubernetes]
[2026-06-21T16:11:33.045-0500] {processor.py:842} WARNING - No viable dags retrieved from /Users/naga/Desktop/airflow_env/lib/python3.12/site-packages/airflow/example_dags/example_kubernetes_executor.py
[2026-06-21T16:11:33.081-0500] {processor.py:183} INFO - Processing /Users/naga/Desktop/airflow_env/lib/python3.12/site-packages/airflow/example_dags/example_kubernetes_executor.py took 0.059 seconds
[2026-06-21T16:13:46.717-0500] {processor.py:161} INFO - Started process (PID=59098) to work on /Users/naga/Desktop/airflow_env/lib/python3.12/site-packages/airflow/example_dags/example_kubernetes_executor.py
[2026-06-21T16:13:46.718-0500] {processor.py:830} INFO - Processing file /Users/naga/Desktop/airflow_env/lib/python3.12/site-packages/airflow/example_dags/example_kubernetes_executor.py for tasks to queue
[2026-06-21T16:13:46.718-0500] {logging_mixin.py:188} INFO - [2026-06-21T16:13:46.718-0500] {dagbag.py:545} INFO - Filling up the DagBag from /Users/naga/Desktop/airflow_env/lib/python3.12/site-packages/airflow/example_dags/example_kubernetes_executor.py
[2026-06-21T16:13:46.738-0500] {logging_mixin.py:188} INFO - [2026-06-21T16:13:46.738-0500] {example_kubernetes_executor.py:39} WARNING - The example_kubernetes_executor example DAG requires the kubernetes provider. Please install it with: pip install apache-airflow[cncf.kubernetes]
[2026-06-21T16:13:46.739-0500] {processor.py:842} WARNING - No viable dags retrieved from /Users/naga/Desktop/airflow_env/lib/python3.12/site-packages/airflow/example_dags/example_kubernetes_executor.py
[2026-06-21T16:13:46.776-0500] {processor.py:183} INFO - Processing /Users/naga/Desktop/airflow_env/lib/python3.12/site-packages/airflow/example_dags/example_kubernetes_executor.py took 0.060 seconds
[2026-06-21T16:15:55.451-0500] {processor.py:161} INFO - Started process (PID=59225) to work on /Users/naga/Desktop/airflow_env/lib/python3.12/site-packages/airflow/example_dags/example_kubernetes_executor.py
[2026-06-21T16:15:55.455-0500] {processor.py:830} INFO - Processing file /Users/naga/Desktop/airflow_env/lib/python3.12/site-packages/airflow/example_dags/example_kubernetes_executor.py for tasks to queue
[2026-06-21T16:15:55.456-0500] {logging_mixin.py:188} INFO - [2026-06-21T16:15:55.456-0500] {dagbag.py:545} INFO - Filling up the DagBag from /Users/naga/Desktop/airflow_env/lib/python3.12/site-packages/airflow/example_dags/example_kubernetes_executor.py
[2026-06-21T16:15:55.475-0500] {logging_mixin.py:188} INFO - [2026-06-21T16:15:55.475-0500] {example_kubernetes_executor.py:39} WARNING - The example_kubernetes_executor example DAG requires the kubernetes provider. Please install it with: pip install apache-airflow[cncf.kubernetes]
[2026-06-21T16:15:55.476-0500] {processor.py:842} WARNING - No viable dags retrieved from /Users/naga/Desktop/airflow_env/lib/python3.12/site-packages/airflow/example_dags/example_kubernetes_executor.py
[2026-06-21T16:15:55.513-0500] {processor.py:183} INFO - Processing /Users/naga/Desktop/airflow_env/lib/python3.12/site-packages/airflow/example_dags/example_kubernetes_executor.py took 0.064 seconds
[2026-06-21T16:18:08.396-0500] {processor.py:161} INFO - Started process (PID=59347) to work on /Users/naga/Desktop/airflow_env/lib/python3.12/site-packages/airflow/example_dags/example_kubernetes_executor.py
[2026-06-21T16:18:08.397-0500] {processor.py:830} INFO - Processing file /Users/naga/Desktop/airflow_env/lib/python3.12/site-packages/airflow/example_dags/example_kubernetes_executor.py for tasks to queue
[2026-06-21T16:18:08.397-0500] {logging_mixin.py:188} INFO - [2026-06-21T16:18:08.397-0500] {dagbag.py:545} INFO - Filling up the DagBag from /Users/naga/Desktop/airflow_env/lib/python3.12/site-packages/airflow/example_dags/example_kubernetes_executor.py
[2026-06-21T16:18:08.417-0500] {logging_mixin.py:188} INFO - [2026-06-21T16:18:08.417-0500] {example_kubernetes_executor.py:39} WARNING - The example_kubernetes_executor example DAG requires the kubernetes provider. Please install it with: pip install apache-airflow[cncf.kubernetes]
[2026-06-21T16:18:08.417-0500] {processor.py:842} WARNING - No viable dags retrieved from /Users/naga/Desktop/airflow_env/lib/python3.12/site-packages/airflow/example_dags/example_kubernetes_executor.py
[2026-06-21T16:18:08.454-0500] {processor.py:183} INFO - Processing /Users/naga/Desktop/airflow_env/lib/python3.12/site-packages/airflow/example_dags/example_kubernetes_executor.py took 0.060 seconds
[2026-06-21T16:20:17.983-0500] {processor.py:161} INFO - Started process (PID=59483) to work on /Users/naga/Desktop/airflow_env/lib/python3.12/site-packages/airflow/example_dags/example_kubernetes_executor.py
[2026-06-21T16:20:17.985-0500] {processor.py:830} INFO - Processing file /Users/naga/Desktop/airflow_env/lib/python3.12/site-packages/airflow/example_dags/example_kubernetes_executor.py for tasks to queue
[2026-06-21T16:20:17.985-0500] {logging_mixin.py:188} INFO - [2026-06-21T16:20:17.985-0500] {dagbag.py:545} INFO - Filling up the DagBag from /Users/naga/Desktop/airflow_env/lib/python3.12/site-packages/airflow/example_dags/example_kubernetes_executor.py
[2026-06-21T16:20:18.006-0500] {logging_mixin.py:188} INFO - [2026-06-21T16:20:18.006-0500] {example_kubernetes_executor.py:39} WARNING - The example_kubernetes_executor example DAG requires the kubernetes provider. Please install it with: pip install apache-airflow[cncf.kubernetes]
[2026-06-21T16:20:18.006-0500] {processor.py:842} WARNING - No viable dags retrieved from /Users/naga/Desktop/airflow_env/lib/python3.12/site-packages/airflow/example_dags/example_kubernetes_executor.py
[2026-06-21T16:20:18.043-0500] {processor.py:183} INFO - Processing /Users/naga/Desktop/airflow_env/lib/python3.12/site-packages/airflow/example_dags/example_kubernetes_executor.py took 0.061 seconds
[2026-06-21T16:22:27.484-0500] {processor.py:161} INFO - Started process (PID=59624) to work on /Users/naga/Desktop/airflow_env/lib/python3.12/site-packages/airflow/example_dags/example_kubernetes_executor.py
[2026-06-21T16:22:27.485-0500] {processor.py:830} INFO - Processing file /Users/naga/Desktop/airflow_env/lib/python3.12/site-packages/airflow/example_dags/example_kubernetes_executor.py for tasks to queue
[2026-06-21T16:22:27.485-0500] {logging_mixin.py:188} INFO - [2026-06-21T16:22:27.485-0500] {dagbag.py:545} INFO - Filling up the DagBag from /Users/naga/Desktop/airflow_env/lib/python3.12/site-packages/airflow/example_dags/example_kubernetes_executor.py
[2026-06-21T16:22:27.505-0500] {logging_mixin.py:188} INFO - [2026-06-21T16:22:27.505-0500] {example_kubernetes_executor.py:39} WARNING - The example_kubernetes_executor example DAG requires the kubernetes provider. Please install it with: pip install apache-airflow[cncf.kubernetes]
[2026-06-21T16:22:27.506-0500] {processor.py:842} WARNING - No viable dags retrieved from /Users/naga/Desktop/airflow_env/lib/python3.12/site-packages/airflow/example_dags/example_kubernetes_executor.py
[2026-06-21T16:22:27.544-0500] {processor.py:183} INFO - Processing /Users/naga/Desktop/airflow_env/lib/python3.12/site-packages/airflow/example_dags/example_kubernetes_executor.py took 0.062 seconds
[2026-06-21T16:24:35.692-0500] {processor.py:161} INFO - Started process (PID=59751) to work on /Users/naga/Desktop/airflow_env/lib/python3.12/site-packages/airflow/example_dags/example_kubernetes_executor.py
[2026-06-21T16:24:35.693-0500] {processor.py:830} INFO - Processing file /Users/naga/Desktop/airflow_env/lib/python3.12/site-packages/airflow/example_dags/example_kubernetes_executor.py for tasks to queue
[2026-06-21T16:24:35.693-0500] {logging_mixin.py:188} INFO - [2026-06-21T16:24:35.693-0500] {dagbag.py:545} INFO - Filling up the DagBag from /Users/naga/Desktop/airflow_env/lib/python3.12/site-packages/airflow/example_dags/example_kubernetes_executor.py
[2026-06-21T16:24:35.713-0500] {logging_mixin.py:188} INFO - [2026-06-21T16:24:35.713-0500] {example_kubernetes_executor.py:39} WARNING - The example_kubernetes_executor example DAG requires the kubernetes provider. Please install it with: pip install apache-airflow[cncf.kubernetes]
[2026-06-21T16:24:35.713-0500] {processor.py:842} WARNING - No viable dags retrieved from /Users/naga/Desktop/airflow_env/lib/python3.12/site-packages/airflow/example_dags/example_kubernetes_executor.py
[2026-06-21T16:24:35.749-0500] {processor.py:183} INFO - Processing /Users/naga/Desktop/airflow_env/lib/python3.12/site-packages/airflow/example_dags/example_kubernetes_executor.py took 0.058 seconds
[2026-06-21T16:26:55.167-0500] {processor.py:161} INFO - Started process (PID=59908) to work on /Users/naga/Desktop/airflow_env/lib/python3.12/site-packages/airflow/example_dags/example_kubernetes_executor.py
[2026-06-21T16:26:55.167-0500] {processor.py:830} INFO - Processing file /Users/naga/Desktop/airflow_env/lib/python3.12/site-packages/airflow/example_dags/example_kubernetes_executor.py for tasks to queue
[2026-06-21T16:26:55.168-0500] {logging_mixin.py:188} INFO - [2026-06-21T16:26:55.168-0500] {dagbag.py:545} INFO - Filling up the DagBag from /Users/naga/Desktop/airflow_env/lib/python3.12/site-packages/airflow/example_dags/example_kubernetes_executor.py
[2026-06-21T16:26:55.188-0500] {logging_mixin.py:188} INFO - [2026-06-21T16:26:55.188-0500] {example_kubernetes_executor.py:39} WARNING - The example_kubernetes_executor example DAG requires the kubernetes provider. Please install it with: pip install apache-airflow[cncf.kubernetes]
[2026-06-21T16:26:55.189-0500] {processor.py:842} WARNING - No viable dags retrieved from /Users/naga/Desktop/airflow_env/lib/python3.12/site-packages/airflow/example_dags/example_kubernetes_executor.py
[2026-06-21T16:26:55.227-0500] {processor.py:183} INFO - Processing /Users/naga/Desktop/airflow_env/lib/python3.12/site-packages/airflow/example_dags/example_kubernetes_executor.py took 0.062 seconds
[2026-06-21T16:29:05.401-0500] {processor.py:161} INFO - Started process (PID=60043) to work on /Users/naga/Desktop/airflow_env/lib/python3.12/site-packages/airflow/example_dags/example_kubernetes_executor.py
[2026-06-21T16:29:05.402-0500] {processor.py:830} INFO - Processing file /Users/naga/Desktop/airflow_env/lib/python3.12/site-packages/airflow/example_dags/example_kubernetes_executor.py for tasks to queue
[2026-06-21T16:29:05.403-0500] {logging_mixin.py:188} INFO - [2026-06-21T16:29:05.403-0500] {dagbag.py:545} INFO - Filling up the DagBag from /Users/naga/Desktop/airflow_env/lib/python3.12/site-packages/airflow/example_dags/example_kubernetes_executor.py
[2026-06-21T16:29:05.421-0500] {logging_mixin.py:188} INFO - [2026-06-21T16:29:05.421-0500] {example_kubernetes_executor.py:39} WARNING - The example_kubernetes_executor example DAG requires the kubernetes provider. Please install it with: pip install apache-airflow[cncf.kubernetes]
[2026-06-21T16:29:05.421-0500] {processor.py:842} WARNING - No viable dags retrieved from /Users/naga/Desktop/airflow_env/lib/python3.12/site-packages/airflow/example_dags/example_kubernetes_executor.py
[2026-06-21T16:29:05.455-0500] {processor.py:183} INFO - Processing /Users/naga/Desktop/airflow_env/lib/python3.12/site-packages/airflow/example_dags/example_kubernetes_executor.py took 0.055 seconds
[2026-06-21T16:31:12.216-0500] {processor.py:161} INFO - Started process (PID=60172) to work on /Users/naga/Desktop/airflow_env/lib/python3.12/site-packages/airflow/example_dags/example_kubernetes_executor.py
[2026-06-21T16:31:12.217-0500] {processor.py:830} INFO - Processing file /Users/naga/Desktop/airflow_env/lib/python3.12/site-packages/airflow/example_dags/example_kubernetes_executor.py for tasks to queue
[2026-06-21T16:31:12.217-0500] {logging_mixin.py:188} INFO - [2026-06-21T16:31:12.217-0500] {dagbag.py:545} INFO - Filling up the DagBag from /Users/naga/Desktop/airflow_env/lib/python3.12/site-packages/airflow/example_dags/example_kubernetes_executor.py
[2026-06-21T16:31:12.236-0500] {logging_mixin.py:188} INFO - [2026-06-21T16:31:12.236-0500] {example_kubernetes_executor.py:39} WARNING - The example_kubernetes_executor example DAG requires the kubernetes provider. Please install it with: pip install apache-airflow[cncf.kubernetes]
[2026-06-21T16:31:12.236-0500] {processor.py:842} WARNING - No viable dags retrieved from /Users/naga/Desktop/airflow_env/lib/python3.12/site-packages/airflow/example_dags/example_kubernetes_executor.py
[2026-06-21T16:31:12.274-0500] {processor.py:183} INFO - Processing /Users/naga/Desktop/airflow_env/lib/python3.12/site-packages/airflow/example_dags/example_kubernetes_executor.py took 0.059 seconds
[2026-06-21T16:33:16.467-0500] {processor.py:161} INFO - Started process (PID=60308) to work on /Users/naga/Desktop/airflow_env/lib/python3.12/site-packages/airflow/example_dags/example_kubernetes_executor.py
[2026-06-21T16:33:16.468-0500] {processor.py:830} INFO - Processing file /Users/naga/Desktop/airflow_env/lib/python3.12/site-packages/airflow/example_dags/example_kubernetes_executor.py for tasks to queue
[2026-06-21T16:33:16.468-0500] {logging_mixin.py:188} INFO - [2026-06-21T16:33:16.468-0500] {dagbag.py:545} INFO - Filling up the DagBag from /Users/naga/Desktop/airflow_env/lib/python3.12/site-packages/airflow/example_dags/example_kubernetes_executor.py
[2026-06-21T16:33:16.487-0500] {logging_mixin.py:188} INFO - [2026-06-21T16:33:16.486-0500] {example_kubernetes_executor.py:39} WARNING - The example_kubernetes_executor example DAG requires the kubernetes provider. Please install it with: pip install apache-airflow[cncf.kubernetes]
[2026-06-21T16:33:16.487-0500] {processor.py:842} WARNING - No viable dags retrieved from /Users/naga/Desktop/airflow_env/lib/python3.12/site-packages/airflow/example_dags/example_kubernetes_executor.py
[2026-06-21T16:33:16.521-0500] {processor.py:183} INFO - Processing /Users/naga/Desktop/airflow_env/lib/python3.12/site-packages/airflow/example_dags/example_kubernetes_executor.py took 0.055 seconds
[2026-06-21T16:35:21.715-0500] {processor.py:161} INFO - Started process (PID=60426) to work on /Users/naga/Desktop/airflow_env/lib/python3.12/site-packages/airflow/example_dags/example_kubernetes_executor.py
[2026-06-21T16:35:21.716-0500] {processor.py:830} INFO - Processing file /Users/naga/Desktop/airflow_env/lib/python3.12/site-packages/airflow/example_dags/example_kubernetes_executor.py for tasks to queue
[2026-06-21T16:35:21.717-0500] {logging_mixin.py:188} INFO - [2026-06-21T16:35:21.717-0500] {dagbag.py:545} INFO - Filling up the DagBag from /Users/naga/Desktop/airflow_env/lib/python3.12/site-packages/airflow/example_dags/example_kubernetes_executor.py
[2026-06-21T16:35:21.735-0500] {logging_mixin.py:188} INFO - [2026-06-21T16:35:21.735-0500] {example_kubernetes_executor.py:39} WARNING - The example_kubernetes_executor example DAG requires the kubernetes provider. Please install it with: pip install apache-airflow[cncf.kubernetes]
[2026-06-21T16:35:21.736-0500] {processor.py:842} WARNING - No viable dags retrieved from /Users/naga/Desktop/airflow_env/lib/python3.12/site-packages/airflow/example_dags/example_kubernetes_executor.py
[2026-06-21T16:35:21.772-0500] {processor.py:183} INFO - Processing /Users/naga/Desktop/airflow_env/lib/python3.12/site-packages/airflow/example_dags/example_kubernetes_executor.py took 0.058 seconds
[2026-06-21T16:37:25.814-0500] {processor.py:161} INFO - Started process (PID=60564) to work on /Users/naga/Desktop/airflow_env/lib/python3.12/site-packages/airflow/example_dags/example_kubernetes_executor.py
[2026-06-21T16:37:25.814-0500] {processor.py:830} INFO - Processing file /Users/naga/Desktop/airflow_env/lib/python3.12/site-packages/airflow/example_dags/example_kubernetes_executor.py for tasks to queue
[2026-06-21T16:37:25.815-0500] {logging_mixin.py:188} INFO - [2026-06-21T16:37:25.815-0500] {dagbag.py:545} INFO - Filling up the DagBag from /Users/naga/Desktop/airflow_env/lib/python3.12/site-packages/airflow/example_dags/example_kubernetes_executor.py
[2026-06-21T16:37:25.832-0500] {logging_mixin.py:188} INFO - [2026-06-21T16:37:25.832-0500] {example_kubernetes_executor.py:39} WARNING - The example_kubernetes_executor example DAG requires the kubernetes provider. Please install it with: pip install apache-airflow[cncf.kubernetes]
[2026-06-21T16:37:25.833-0500] {processor.py:842} WARNING - No viable dags retrieved from /Users/naga/Desktop/airflow_env/lib/python3.12/site-packages/airflow/example_dags/example_kubernetes_executor.py
[2026-06-21T16:37:25.867-0500] {processor.py:183} INFO - Processing /Users/naga/Desktop/airflow_env/lib/python3.12/site-packages/airflow/example_dags/example_kubernetes_executor.py took 0.055 seconds
[2026-06-21T16:39:32.168-0500] {processor.py:161} INFO - Started process (PID=60685) to work on /Users/naga/Desktop/airflow_env/lib/python3.12/site-packages/airflow/example_dags/example_kubernetes_executor.py
[2026-06-21T16:39:32.169-0500] {processor.py:830} INFO - Processing file /Users/naga/Desktop/airflow_env/lib/python3.12/site-packages/airflow/example_dags/example_kubernetes_executor.py for tasks to queue
[2026-06-21T16:39:32.170-0500] {logging_mixin.py:188} INFO - [2026-06-21T16:39:32.170-0500] {dagbag.py:545} INFO - Filling up the DagBag from /Users/naga/Desktop/airflow_env/lib/python3.12/site-packages/airflow/example_dags/example_kubernetes_executor.py
[2026-06-21T16:39:32.190-0500] {logging_mixin.py:188} INFO - [2026-06-21T16:39:32.190-0500] {example_kubernetes_executor.py:39} WARNING - The example_kubernetes_executor example DAG requires the kubernetes provider. Please install it with: pip install apache-airflow[cncf.kubernetes]
[2026-06-21T16:39:32.190-0500] {processor.py:842} WARNING - No viable dags retrieved from /Users/naga/Desktop/airflow_env/lib/python3.12/site-packages/airflow/example_dags/example_kubernetes_executor.py
[2026-06-21T16:39:32.228-0500] {processor.py:183} INFO - Processing /Users/naga/Desktop/airflow_env/lib/python3.12/site-packages/airflow/example_dags/example_kubernetes_executor.py took 0.061 seconds
[2026-06-21T16:43:22.980-0500] {processor.py:161} INFO - Started process (PID=60866) to work on /Users/naga/Desktop/airflow_env/lib/python3.12/site-packages/airflow/example_dags/example_kubernetes_executor.py
[2026-06-21T16:43:22.981-0500] {processor.py:830} INFO - Processing file /Users/naga/Desktop/airflow_env/lib/python3.12/site-packages/airflow/example_dags/example_kubernetes_executor.py for tasks to queue
[2026-06-21T16:43:22.982-0500] {logging_mixin.py:188} INFO - [2026-06-21T16:43:22.981-0500] {dagbag.py:545} INFO - Filling up the DagBag from /Users/naga/Desktop/airflow_env/lib/python3.12/site-packages/airflow/example_dags/example_kubernetes_executor.py
[2026-06-21T16:43:23.013-0500] {logging_mixin.py:188} INFO - [2026-06-21T16:43:23.013-0500] {example_kubernetes_executor.py:39} WARNING - The example_kubernetes_executor example DAG requires the kubernetes provider. Please install it with: pip install apache-airflow[cncf.kubernetes]
[2026-06-21T16:43:23.013-0500] {processor.py:842} WARNING - No viable dags retrieved from /Users/naga/Desktop/airflow_env/lib/python3.12/site-packages/airflow/example_dags/example_kubernetes_executor.py
[2026-06-21T16:43:23.072-0500] {processor.py:183} INFO - Processing /Users/naga/Desktop/airflow_env/lib/python3.12/site-packages/airflow/example_dags/example_kubernetes_executor.py took 0.094 seconds
[2026-06-21T16:46:28.582-0500] {processor.py:161} INFO - Started process (PID=61017) to work on /Users/naga/Desktop/airflow_env/lib/python3.12/site-packages/airflow/example_dags/example_kubernetes_executor.py
[2026-06-21T16:46:28.584-0500] {processor.py:830} INFO - Processing file /Users/naga/Desktop/airflow_env/lib/python3.12/site-packages/airflow/example_dags/example_kubernetes_executor.py for tasks to queue
[2026-06-21T16:46:28.584-0500] {logging_mixin.py:188} INFO - [2026-06-21T16:46:28.584-0500] {dagbag.py:545} INFO - Filling up the DagBag from /Users/naga/Desktop/airflow_env/lib/python3.12/site-packages/airflow/example_dags/example_kubernetes_executor.py
[2026-06-21T16:46:28.616-0500] {logging_mixin.py:188} INFO - [2026-06-21T16:46:28.616-0500] {example_kubernetes_executor.py:39} WARNING - The example_kubernetes_executor example DAG requires the kubernetes provider. Please install it with: pip install apache-airflow[cncf.kubernetes]
[2026-06-21T16:46:28.617-0500] {processor.py:842} WARNING - No viable dags retrieved from /Users/naga/Desktop/airflow_env/lib/python3.12/site-packages/airflow/example_dags/example_kubernetes_executor.py
[2026-06-21T16:46:28.675-0500] {processor.py:183} INFO - Processing /Users/naga/Desktop/airflow_env/lib/python3.12/site-packages/airflow/example_dags/example_kubernetes_executor.py took 0.096 seconds
[2026-06-21T18:49:05.380-0500] {processor.py:161} INFO - Started process (PID=61245) to work on /Users/naga/Desktop/airflow_env/lib/python3.12/site-packages/airflow/example_dags/example_kubernetes_executor.py
[2026-06-21T18:49:05.381-0500] {processor.py:830} INFO - Processing file /Users/naga/Desktop/airflow_env/lib/python3.12/site-packages/airflow/example_dags/example_kubernetes_executor.py for tasks to queue
[2026-06-21T18:49:05.382-0500] {logging_mixin.py:188} INFO - [2026-06-21T18:49:05.382-0500] {dagbag.py:545} INFO - Filling up the DagBag from /Users/naga/Desktop/airflow_env/lib/python3.12/site-packages/airflow/example_dags/example_kubernetes_executor.py
[2026-06-21T18:49:05.412-0500] {logging_mixin.py:188} INFO - [2026-06-21T18:49:05.412-0500] {example_kubernetes_executor.py:39} WARNING - The example_kubernetes_executor example DAG requires the kubernetes provider. Please install it with: pip install apache-airflow[cncf.kubernetes]
[2026-06-21T18:49:05.413-0500] {processor.py:842} WARNING - No viable dags retrieved from /Users/naga/Desktop/airflow_env/lib/python3.12/site-packages/airflow/example_dags/example_kubernetes_executor.py
[2026-06-21T18:49:05.473-0500] {processor.py:183} INFO - Processing /Users/naga/Desktop/airflow_env/lib/python3.12/site-packages/airflow/example_dags/example_kubernetes_executor.py took 0.095 seconds
[2026-06-21T18:57:31.022-0500] {processor.py:161} INFO - Started process (PID=61365) to work on /Users/naga/Desktop/airflow_env/lib/python3.12/site-packages/airflow/example_dags/example_kubernetes_executor.py
[2026-06-21T18:57:31.023-0500] {processor.py:830} INFO - Processing file /Users/naga/Desktop/airflow_env/lib/python3.12/site-packages/airflow/example_dags/example_kubernetes_executor.py for tasks to queue
[2026-06-21T18:57:31.024-0500] {logging_mixin.py:188} INFO - [2026-06-21T18:57:31.023-0500] {dagbag.py:545} INFO - Filling up the DagBag from /Users/naga/Desktop/airflow_env/lib/python3.12/site-packages/airflow/example_dags/example_kubernetes_executor.py
[2026-06-21T18:57:31.053-0500] {logging_mixin.py:188} INFO - [2026-06-21T18:57:31.053-0500] {example_kubernetes_executor.py:39} WARNING - The example_kubernetes_executor example DAG requires the kubernetes provider. Please install it with: pip install apache-airflow[cncf.kubernetes]
[2026-06-21T18:57:31.053-0500] {processor.py:842} WARNING - No viable dags retrieved from /Users/naga/Desktop/airflow_env/lib/python3.12/site-packages/airflow/example_dags/example_kubernetes_executor.py
[2026-06-21T18:57:31.112-0500] {processor.py:183} INFO - Processing /Users/naga/Desktop/airflow_env/lib/python3.12/site-packages/airflow/example_dags/example_kubernetes_executor.py took 0.092 seconds
