[2026-06-21T14:45:06.682-0500] {processor.py:161} INFO - Started process (PID=54343) to work on /Users/naga/Desktop/airflow_env/lib/python3.12/site-packages/airflow/example_dags/example_external_task_marker_dag.py
[2026-06-21T14:45:06.683-0500] {processor.py:830} INFO - Processing file /Users/naga/Desktop/airflow_env/lib/python3.12/site-packages/airflow/example_dags/example_external_task_marker_dag.py for tasks to queue
[2026-06-21T14:45:06.683-0500] {logging_mixin.py:188} INFO - [2026-06-21T14:45:06.683-0500] {dagbag.py:545} INFO - Filling up the DagBag from /Users/naga/Desktop/airflow_env/lib/python3.12/site-packages/airflow/example_dags/example_external_task_marker_dag.py
[2026-06-21T14:45:06.694-0500] {processor.py:840} INFO - DAG(s) 'example_external_task_marker_child', 'example_external_task_marker_parent' retrieved from /Users/naga/Desktop/airflow_env/lib/python3.12/site-packages/airflow/example_dags/example_external_task_marker_dag.py
[2026-06-21T14:45:06.836-0500] {logging_mixin.py:188} INFO - [2026-06-21T14:45:06.836-0500] {override.py:1858} INFO - Created Permission View: can edit on DAG:example_external_task_marker_child
[2026-06-21T14:45:06.842-0500] {logging_mixin.py:188} INFO - [2026-06-21T14:45:06.842-0500] {override.py:1858} INFO - Created Permission View: can delete on DAG:example_external_task_marker_child
[2026-06-21T14:45:06.846-0500] {logging_mixin.py:188} INFO - [2026-06-21T14:45:06.846-0500] {override.py:1858} INFO - Created Permission View: can read on DAG:example_external_task_marker_child
[2026-06-21T14:45:06.854-0500] {logging_mixin.py:188} INFO - [2026-06-21T14:45:06.853-0500] {override.py:1858} INFO - Created Permission View: can edit on DAG:example_external_task_marker_parent
[2026-06-21T14:45:06.857-0500] {logging_mixin.py:188} INFO - [2026-06-21T14:45:06.857-0500] {override.py:1858} INFO - Created Permission View: can delete on DAG:example_external_task_marker_parent
[2026-06-21T14:45:06.860-0500] {logging_mixin.py:188} INFO - [2026-06-21T14:45:06.860-0500] {override.py:1858} INFO - Created Permission View: can read on DAG:example_external_task_marker_parent
[2026-06-21T14:45:06.861-0500] {logging_mixin.py:188} INFO - [2026-06-21T14:45:06.861-0500] {dag.py:3089} INFO - Sync 2 DAGs
[2026-06-21T14:45:06.868-0500] {logging_mixin.py:188} INFO - [2026-06-21T14:45:06.868-0500] {dag.py:3111} INFO - Creating ORM DAG for example_external_task_marker_parent
[2026-06-21T14:45:06.868-0500] {logging_mixin.py:188} INFO - [2026-06-21T14:45:06.868-0500] {dag.py:3111} INFO - Creating ORM DAG for example_external_task_marker_child
[2026-06-21T14:45:06.869-0500] {logging_mixin.py:188} INFO - [2026-06-21T14:45:06.869-0500] {dag.py:3947} INFO - Setting next_dagrun for example_external_task_marker_child to None, run_after=None
[2026-06-21T14:45:06.869-0500] {logging_mixin.py:188} INFO - [2026-06-21T14:45:06.869-0500] {dag.py:3947} INFO - Setting next_dagrun for example_external_task_marker_parent to None, run_after=None
[2026-06-21T14:45:06.881-0500] {processor.py:183} INFO - Processing /Users/naga/Desktop/airflow_env/lib/python3.12/site-packages/airflow/example_dags/example_external_task_marker_dag.py took 0.201 seconds
[2026-06-21T14:47:11.310-0500] {processor.py:161} INFO - Started process (PID=54450) to work on /Users/naga/Desktop/airflow_env/lib/python3.12/site-packages/airflow/example_dags/example_external_task_marker_dag.py
[2026-06-21T14:47:11.311-0500] {processor.py:830} INFO - Processing file /Users/naga/Desktop/airflow_env/lib/python3.12/site-packages/airflow/example_dags/example_external_task_marker_dag.py for tasks to queue
[2026-06-21T14:47:11.312-0500] {logging_mixin.py:188} INFO - [2026-06-21T14:47:11.312-0500] {dagbag.py:545} INFO - Filling up the DagBag from /Users/naga/Desktop/airflow_env/lib/python3.12/site-packages/airflow/example_dags/example_external_task_marker_dag.py
[2026-06-21T14:47:11.322-0500] {processor.py:840} INFO - DAG(s) 'example_external_task_marker_parent', 'example_external_task_marker_child' retrieved from /Users/naga/Desktop/airflow_env/lib/python3.12/site-packages/airflow/example_dags/example_external_task_marker_dag.py
[2026-06-21T14:47:11.401-0500] {logging_mixin.py:188} INFO - [2026-06-21T14:47:11.401-0500] {dag.py:3089} INFO - Sync 2 DAGs
[2026-06-21T14:47:11.409-0500] {logging_mixin.py:188} INFO - [2026-06-21T14:47:11.409-0500] {dag.py:3947} INFO - Setting next_dagrun for example_external_task_marker_child to None, run_after=None
[2026-06-21T14:47:11.411-0500] {logging_mixin.py:188} INFO - [2026-06-21T14:47:11.411-0500] {dag.py:3947} INFO - Setting next_dagrun for example_external_task_marker_parent to None, run_after=None
[2026-06-21T14:47:11.423-0500] {processor.py:183} INFO - Processing /Users/naga/Desktop/airflow_env/lib/python3.12/site-packages/airflow/example_dags/example_external_task_marker_dag.py took 0.115 seconds
[2026-06-21T14:50:12.383-0500] {processor.py:161} INFO - Started process (PID=54662) to work on /Users/naga/Desktop/airflow_env/lib/python3.12/site-packages/airflow/example_dags/example_external_task_marker_dag.py
[2026-06-21T14:50:12.384-0500] {processor.py:830} INFO - Processing file /Users/naga/Desktop/airflow_env/lib/python3.12/site-packages/airflow/example_dags/example_external_task_marker_dag.py for tasks to queue
[2026-06-21T14:50:12.385-0500] {logging_mixin.py:188} INFO - [2026-06-21T14:50:12.384-0500] {dagbag.py:545} INFO - Filling up the DagBag from /Users/naga/Desktop/airflow_env/lib/python3.12/site-packages/airflow/example_dags/example_external_task_marker_dag.py
[2026-06-21T14:50:12.397-0500] {processor.py:840} INFO - DAG(s) 'example_external_task_marker_child', 'example_external_task_marker_parent' retrieved from /Users/naga/Desktop/airflow_env/lib/python3.12/site-packages/airflow/example_dags/example_external_task_marker_dag.py
[2026-06-21T14:50:12.480-0500] {logging_mixin.py:188} INFO - [2026-06-21T14:50:12.480-0500] {dag.py:3089} INFO - Sync 2 DAGs
[2026-06-21T14:50:12.489-0500] {logging_mixin.py:188} INFO - [2026-06-21T14:50:12.488-0500] {dag.py:3947} INFO - Setting next_dagrun for example_external_task_marker_child to None, run_after=None
[2026-06-21T14:50:12.491-0500] {logging_mixin.py:188} INFO - [2026-06-21T14:50:12.491-0500] {dag.py:3947} INFO - Setting next_dagrun for example_external_task_marker_parent to None, run_after=None
[2026-06-21T14:50:12.506-0500] {processor.py:183} INFO - Processing /Users/naga/Desktop/airflow_env/lib/python3.12/site-packages/airflow/example_dags/example_external_task_marker_dag.py took 0.129 seconds
[2026-06-21T14:53:08.033-0500] {processor.py:161} INFO - Started process (PID=54797) to work on /Users/naga/Desktop/airflow_env/lib/python3.12/site-packages/airflow/example_dags/example_external_task_marker_dag.py
[2026-06-21T14:53:08.035-0500] {processor.py:830} INFO - Processing file /Users/naga/Desktop/airflow_env/lib/python3.12/site-packages/airflow/example_dags/example_external_task_marker_dag.py for tasks to queue
[2026-06-21T14:53:08.035-0500] {logging_mixin.py:188} INFO - [2026-06-21T14:53:08.035-0500] {dagbag.py:545} INFO - Filling up the DagBag from /Users/naga/Desktop/airflow_env/lib/python3.12/site-packages/airflow/example_dags/example_external_task_marker_dag.py
[2026-06-21T14:53:08.045-0500] {processor.py:840} INFO - DAG(s) 'example_external_task_marker_child', 'example_external_task_marker_parent' retrieved from /Users/naga/Desktop/airflow_env/lib/python3.12/site-packages/airflow/example_dags/example_external_task_marker_dag.py
[2026-06-21T14:53:08.124-0500] {logging_mixin.py:188} INFO - [2026-06-21T14:53:08.124-0500] {dag.py:3089} INFO - Sync 2 DAGs
[2026-06-21T14:53:08.132-0500] {logging_mixin.py:188} INFO - [2026-06-21T14:53:08.132-0500] {dag.py:3947} INFO - Setting next_dagrun for example_external_task_marker_child to None, run_after=None
[2026-06-21T14:53:08.134-0500] {logging_mixin.py:188} INFO - [2026-06-21T14:53:08.134-0500] {dag.py:3947} INFO - Setting next_dagrun for example_external_task_marker_parent to None, run_after=None
[2026-06-21T14:53:08.146-0500] {processor.py:183} INFO - Processing /Users/naga/Desktop/airflow_env/lib/python3.12/site-packages/airflow/example_dags/example_external_task_marker_dag.py took 0.115 seconds
[2026-06-21T14:56:09.907-0500] {processor.py:161} INFO - Started process (PID=55003) to work on /Users/naga/Desktop/airflow_env/lib/python3.12/site-packages/airflow/example_dags/example_external_task_marker_dag.py
[2026-06-21T14:56:09.908-0500] {processor.py:830} INFO - Processing file /Users/naga/Desktop/airflow_env/lib/python3.12/site-packages/airflow/example_dags/example_external_task_marker_dag.py for tasks to queue
[2026-06-21T14:56:09.908-0500] {logging_mixin.py:188} INFO - [2026-06-21T14:56:09.908-0500] {dagbag.py:545} INFO - Filling up the DagBag from /Users/naga/Desktop/airflow_env/lib/python3.12/site-packages/airflow/example_dags/example_external_task_marker_dag.py
[2026-06-21T14:56:09.919-0500] {processor.py:840} INFO - DAG(s) 'example_external_task_marker_child', 'example_external_task_marker_parent' retrieved from /Users/naga/Desktop/airflow_env/lib/python3.12/site-packages/airflow/example_dags/example_external_task_marker_dag.py
[2026-06-21T14:56:10.000-0500] {logging_mixin.py:188} INFO - [2026-06-21T14:56:09.999-0500] {dag.py:3089} INFO - Sync 2 DAGs
[2026-06-21T14:56:10.008-0500] {logging_mixin.py:188} INFO - [2026-06-21T14:56:10.008-0500] {dag.py:3947} INFO - Setting next_dagrun for example_external_task_marker_child to None, run_after=None
[2026-06-21T14:56:10.010-0500] {logging_mixin.py:188} INFO - [2026-06-21T14:56:10.010-0500] {dag.py:3947} INFO - Setting next_dagrun for example_external_task_marker_parent to None, run_after=None
[2026-06-21T14:56:10.023-0500] {processor.py:183} INFO - Processing /Users/naga/Desktop/airflow_env/lib/python3.12/site-packages/airflow/example_dags/example_external_task_marker_dag.py took 0.119 seconds
[2026-06-21T14:59:19.741-0500] {processor.py:161} INFO - Started process (PID=55344) to work on /Users/naga/Desktop/airflow_env/lib/python3.12/site-packages/airflow/example_dags/example_external_task_marker_dag.py
[2026-06-21T14:59:19.742-0500] {processor.py:830} INFO - Processing file /Users/naga/Desktop/airflow_env/lib/python3.12/site-packages/airflow/example_dags/example_external_task_marker_dag.py for tasks to queue
[2026-06-21T14:59:19.743-0500] {logging_mixin.py:188} INFO - [2026-06-21T14:59:19.743-0500] {dagbag.py:545} INFO - Filling up the DagBag from /Users/naga/Desktop/airflow_env/lib/python3.12/site-packages/airflow/example_dags/example_external_task_marker_dag.py
[2026-06-21T14:59:19.753-0500] {processor.py:840} INFO - DAG(s) 'example_external_task_marker_parent', 'example_external_task_marker_child' retrieved from /Users/naga/Desktop/airflow_env/lib/python3.12/site-packages/airflow/example_dags/example_external_task_marker_dag.py
[2026-06-21T14:59:19.832-0500] {logging_mixin.py:188} INFO - [2026-06-21T14:59:19.831-0500] {dag.py:3089} INFO - Sync 2 DAGs
[2026-06-21T14:59:19.839-0500] {logging_mixin.py:188} INFO - [2026-06-21T14:59:19.839-0500] {dag.py:3947} INFO - Setting next_dagrun for example_external_task_marker_child to None, run_after=None
[2026-06-21T14:59:19.842-0500] {logging_mixin.py:188} INFO - [2026-06-21T14:59:19.842-0500] {dag.py:3947} INFO - Setting next_dagrun for example_external_task_marker_parent to None, run_after=None
[2026-06-21T14:59:19.854-0500] {processor.py:183} INFO - Processing /Users/naga/Desktop/airflow_env/lib/python3.12/site-packages/airflow/example_dags/example_external_task_marker_dag.py took 0.115 seconds
[2026-06-21T15:02:31.020-0500] {processor.py:161} INFO - Started process (PID=55494) to work on /Users/naga/Desktop/airflow_env/lib/python3.12/site-packages/airflow/example_dags/example_external_task_marker_dag.py
[2026-06-21T15:02:31.021-0500] {processor.py:830} INFO - Processing file /Users/naga/Desktop/airflow_env/lib/python3.12/site-packages/airflow/example_dags/example_external_task_marker_dag.py for tasks to queue
[2026-06-21T15:02:31.021-0500] {logging_mixin.py:188} INFO - [2026-06-21T15:02:31.021-0500] {dagbag.py:545} INFO - Filling up the DagBag from /Users/naga/Desktop/airflow_env/lib/python3.12/site-packages/airflow/example_dags/example_external_task_marker_dag.py
[2026-06-21T15:02:31.031-0500] {processor.py:840} INFO - DAG(s) 'example_external_task_marker_parent', 'example_external_task_marker_child' retrieved from /Users/naga/Desktop/airflow_env/lib/python3.12/site-packages/airflow/example_dags/example_external_task_marker_dag.py
[2026-06-21T15:02:31.111-0500] {logging_mixin.py:188} INFO - [2026-06-21T15:02:31.111-0500] {dag.py:3089} INFO - Sync 2 DAGs
[2026-06-21T15:02:31.119-0500] {logging_mixin.py:188} INFO - [2026-06-21T15:02:31.119-0500] {dag.py:3947} INFO - Setting next_dagrun for example_external_task_marker_child to None, run_after=None
[2026-06-21T15:02:31.121-0500] {logging_mixin.py:188} INFO - [2026-06-21T15:02:31.121-0500] {dag.py:3947} INFO - Setting next_dagrun for example_external_task_marker_parent to None, run_after=None
[2026-06-21T15:02:31.134-0500] {processor.py:183} INFO - Processing /Users/naga/Desktop/airflow_env/lib/python3.12/site-packages/airflow/example_dags/example_external_task_marker_dag.py took 0.117 seconds
[2026-06-21T15:05:33.913-0500] {processor.py:161} INFO - Started process (PID=55639) to work on /Users/naga/Desktop/airflow_env/lib/python3.12/site-packages/airflow/example_dags/example_external_task_marker_dag.py
[2026-06-21T15:05:33.915-0500] {processor.py:830} INFO - Processing file /Users/naga/Desktop/airflow_env/lib/python3.12/site-packages/airflow/example_dags/example_external_task_marker_dag.py for tasks to queue
[2026-06-21T15:05:33.915-0500] {logging_mixin.py:188} INFO - [2026-06-21T15:05:33.915-0500] {dagbag.py:545} INFO - Filling up the DagBag from /Users/naga/Desktop/airflow_env/lib/python3.12/site-packages/airflow/example_dags/example_external_task_marker_dag.py
[2026-06-21T15:05:33.925-0500] {processor.py:840} INFO - DAG(s) 'example_external_task_marker_child', 'example_external_task_marker_parent' retrieved from /Users/naga/Desktop/airflow_env/lib/python3.12/site-packages/airflow/example_dags/example_external_task_marker_dag.py
[2026-06-21T15:05:34.004-0500] {logging_mixin.py:188} INFO - [2026-06-21T15:05:34.004-0500] {dag.py:3089} INFO - Sync 2 DAGs
[2026-06-21T15:05:34.012-0500] {logging_mixin.py:188} INFO - [2026-06-21T15:05:34.012-0500] {dag.py:3947} INFO - Setting next_dagrun for example_external_task_marker_child to None, run_after=None
[2026-06-21T15:05:34.015-0500] {logging_mixin.py:188} INFO - [2026-06-21T15:05:34.014-0500] {dag.py:3947} INFO - Setting next_dagrun for example_external_task_marker_parent to None, run_after=None
[2026-06-21T15:05:34.026-0500] {processor.py:183} INFO - Processing /Users/naga/Desktop/airflow_env/lib/python3.12/site-packages/airflow/example_dags/example_external_task_marker_dag.py took 0.115 seconds
[2026-06-21T15:08:43.274-0500] {processor.py:161} INFO - Started process (PID=55768) to work on /Users/naga/Desktop/airflow_env/lib/python3.12/site-packages/airflow/example_dags/example_external_task_marker_dag.py
[2026-06-21T15:08:43.276-0500] {processor.py:830} INFO - Processing file /Users/naga/Desktop/airflow_env/lib/python3.12/site-packages/airflow/example_dags/example_external_task_marker_dag.py for tasks to queue
[2026-06-21T15:08:43.276-0500] {logging_mixin.py:188} INFO - [2026-06-21T15:08:43.276-0500] {dagbag.py:545} INFO - Filling up the DagBag from /Users/naga/Desktop/airflow_env/lib/python3.12/site-packages/airflow/example_dags/example_external_task_marker_dag.py
[2026-06-21T15:08:43.286-0500] {processor.py:840} INFO - DAG(s) 'example_external_task_marker_child', 'example_external_task_marker_parent' retrieved from /Users/naga/Desktop/airflow_env/lib/python3.12/site-packages/airflow/example_dags/example_external_task_marker_dag.py
[2026-06-21T15:08:43.364-0500] {logging_mixin.py:188} INFO - [2026-06-21T15:08:43.364-0500] {dag.py:3089} INFO - Sync 2 DAGs
[2026-06-21T15:08:43.372-0500] {logging_mixin.py:188} INFO - [2026-06-21T15:08:43.372-0500] {dag.py:3947} INFO - Setting next_dagrun for example_external_task_marker_child to None, run_after=None
[2026-06-21T15:08:43.374-0500] {logging_mixin.py:188} INFO - [2026-06-21T15:08:43.374-0500] {dag.py:3947} INFO - Setting next_dagrun for example_external_task_marker_parent to None, run_after=None
[2026-06-21T15:08:43.386-0500] {processor.py:183} INFO - Processing /Users/naga/Desktop/airflow_env/lib/python3.12/site-packages/airflow/example_dags/example_external_task_marker_dag.py took 0.114 seconds
[2026-06-21T15:11:49.967-0500] {processor.py:161} INFO - Started process (PID=55925) to work on /Users/naga/Desktop/airflow_env/lib/python3.12/site-packages/airflow/example_dags/example_external_task_marker_dag.py
[2026-06-21T15:11:49.968-0500] {processor.py:830} INFO - Processing file /Users/naga/Desktop/airflow_env/lib/python3.12/site-packages/airflow/example_dags/example_external_task_marker_dag.py for tasks to queue
[2026-06-21T15:11:49.968-0500] {logging_mixin.py:188} INFO - [2026-06-21T15:11:49.968-0500] {dagbag.py:545} INFO - Filling up the DagBag from /Users/naga/Desktop/airflow_env/lib/python3.12/site-packages/airflow/example_dags/example_external_task_marker_dag.py
[2026-06-21T15:11:49.979-0500] {processor.py:840} INFO - DAG(s) 'example_external_task_marker_parent', 'example_external_task_marker_child' retrieved from /Users/naga/Desktop/airflow_env/lib/python3.12/site-packages/airflow/example_dags/example_external_task_marker_dag.py
[2026-06-21T15:11:50.059-0500] {logging_mixin.py:188} INFO - [2026-06-21T15:11:50.059-0500] {dag.py:3089} INFO - Sync 2 DAGs
[2026-06-21T15:11:50.068-0500] {logging_mixin.py:188} INFO - [2026-06-21T15:11:50.067-0500] {dag.py:3947} INFO - Setting next_dagrun for example_external_task_marker_child to None, run_after=None
[2026-06-21T15:11:50.070-0500] {logging_mixin.py:188} INFO - [2026-06-21T15:11:50.070-0500] {dag.py:3947} INFO - Setting next_dagrun for example_external_task_marker_parent to None, run_after=None
[2026-06-21T15:11:50.083-0500] {processor.py:183} INFO - Processing /Users/naga/Desktop/airflow_env/lib/python3.12/site-packages/airflow/example_dags/example_external_task_marker_dag.py took 0.118 seconds
[2026-06-21T15:14:36.041-0500] {processor.py:161} INFO - Started process (PID=56179) to work on /Users/naga/Desktop/airflow_env/lib/python3.12/site-packages/airflow/example_dags/example_external_task_marker_dag.py
[2026-06-21T15:14:36.042-0500] {processor.py:830} INFO - Processing file /Users/naga/Desktop/airflow_env/lib/python3.12/site-packages/airflow/example_dags/example_external_task_marker_dag.py for tasks to queue
[2026-06-21T15:14:36.042-0500] {logging_mixin.py:188} INFO - [2026-06-21T15:14:36.042-0500] {dagbag.py:545} INFO - Filling up the DagBag from /Users/naga/Desktop/airflow_env/lib/python3.12/site-packages/airflow/example_dags/example_external_task_marker_dag.py
[2026-06-21T15:14:36.048-0500] {processor.py:840} INFO - DAG(s) 'example_external_task_marker_parent', 'example_external_task_marker_child' retrieved from /Users/naga/Desktop/airflow_env/lib/python3.12/site-packages/airflow/example_dags/example_external_task_marker_dag.py
[2026-06-21T15:14:36.096-0500] {logging_mixin.py:188} INFO - [2026-06-21T15:14:36.096-0500] {dag.py:3089} INFO - Sync 2 DAGs
[2026-06-21T15:14:36.100-0500] {logging_mixin.py:188} INFO - [2026-06-21T15:14:36.100-0500] {dag.py:3947} INFO - Setting next_dagrun for example_external_task_marker_child to None, run_after=None
[2026-06-21T15:14:36.102-0500] {logging_mixin.py:188} INFO - [2026-06-21T15:14:36.101-0500] {dag.py:3947} INFO - Setting next_dagrun for example_external_task_marker_parent to None, run_after=None
[2026-06-21T15:14:36.109-0500] {processor.py:183} INFO - Processing /Users/naga/Desktop/airflow_env/lib/python3.12/site-packages/airflow/example_dags/example_external_task_marker_dag.py took 0.070 seconds
[2026-06-21T15:31:56.216-0500] {processor.py:161} INFO - Started process (PID=56512) to work on /Users/naga/Desktop/airflow_env/lib/python3.12/site-packages/airflow/example_dags/example_external_task_marker_dag.py
[2026-06-21T15:31:56.216-0500] {processor.py:830} INFO - Processing file /Users/naga/Desktop/airflow_env/lib/python3.12/site-packages/airflow/example_dags/example_external_task_marker_dag.py for tasks to queue
[2026-06-21T15:31:56.217-0500] {logging_mixin.py:188} INFO - [2026-06-21T15:31:56.217-0500] {dagbag.py:545} INFO - Filling up the DagBag from /Users/naga/Desktop/airflow_env/lib/python3.12/site-packages/airflow/example_dags/example_external_task_marker_dag.py
[2026-06-21T15:31:56.225-0500] {processor.py:840} INFO - DAG(s) 'example_external_task_marker_child', 'example_external_task_marker_parent' retrieved from /Users/naga/Desktop/airflow_env/lib/python3.12/site-packages/airflow/example_dags/example_external_task_marker_dag.py
[2026-06-21T15:31:56.276-0500] {logging_mixin.py:188} INFO - [2026-06-21T15:31:56.276-0500] {dag.py:3089} INFO - Sync 2 DAGs
[2026-06-21T15:31:56.283-0500] {logging_mixin.py:188} INFO - [2026-06-21T15:31:56.283-0500] {dag.py:3947} INFO - Setting next_dagrun for example_external_task_marker_child to None, run_after=None
[2026-06-21T15:31:56.285-0500] {logging_mixin.py:188} INFO - [2026-06-21T15:31:56.285-0500] {dag.py:3947} INFO - Setting next_dagrun for example_external_task_marker_parent to None, run_after=None
[2026-06-21T15:31:56.294-0500] {processor.py:183} INFO - Processing /Users/naga/Desktop/airflow_env/lib/python3.12/site-packages/airflow/example_dags/example_external_task_marker_dag.py took 0.081 seconds
[2026-06-21T15:34:22.471-0500] {processor.py:161} INFO - Started process (PID=56740) to work on /Users/naga/Desktop/airflow_env/lib/python3.12/site-packages/airflow/example_dags/example_external_task_marker_dag.py
[2026-06-21T15:34:22.473-0500] {processor.py:830} INFO - Processing file /Users/naga/Desktop/airflow_env/lib/python3.12/site-packages/airflow/example_dags/example_external_task_marker_dag.py for tasks to queue
[2026-06-21T15:34:22.474-0500] {logging_mixin.py:188} INFO - [2026-06-21T15:34:22.473-0500] {dagbag.py:545} INFO - Filling up the DagBag from /Users/naga/Desktop/airflow_env/lib/python3.12/site-packages/airflow/example_dags/example_external_task_marker_dag.py
[2026-06-21T15:34:22.480-0500] {processor.py:840} INFO - DAG(s) 'example_external_task_marker_child', 'example_external_task_marker_parent' retrieved from /Users/naga/Desktop/airflow_env/lib/python3.12/site-packages/airflow/example_dags/example_external_task_marker_dag.py
[2026-06-21T15:34:22.529-0500] {logging_mixin.py:188} INFO - [2026-06-21T15:34:22.529-0500] {dag.py:3089} INFO - Sync 2 DAGs
[2026-06-21T15:34:22.535-0500] {logging_mixin.py:188} INFO - [2026-06-21T15:34:22.535-0500] {dag.py:3947} INFO - Setting next_dagrun for example_external_task_marker_child to None, run_after=None
[2026-06-21T15:34:22.536-0500] {logging_mixin.py:188} INFO - [2026-06-21T15:34:22.536-0500] {dag.py:3947} INFO - Setting next_dagrun for example_external_task_marker_parent to None, run_after=None
[2026-06-21T15:34:22.547-0500] {processor.py:183} INFO - Processing /Users/naga/Desktop/airflow_env/lib/python3.12/site-packages/airflow/example_dags/example_external_task_marker_dag.py took 0.078 seconds
[2026-06-21T15:36:19.846-0500] {processor.py:161} INFO - Started process (PID=56852) to work on /Users/naga/Desktop/airflow_env/lib/python3.12/site-packages/airflow/example_dags/example_external_task_marker_dag.py
[2026-06-21T15:36:19.847-0500] {processor.py:830} INFO - Processing file /Users/naga/Desktop/airflow_env/lib/python3.12/site-packages/airflow/example_dags/example_external_task_marker_dag.py for tasks to queue
[2026-06-21T15:36:19.848-0500] {logging_mixin.py:188} INFO - [2026-06-21T15:36:19.848-0500] {dagbag.py:545} INFO - Filling up the DagBag from /Users/naga/Desktop/airflow_env/lib/python3.12/site-packages/airflow/example_dags/example_external_task_marker_dag.py
[2026-06-21T15:36:19.854-0500] {processor.py:840} INFO - DAG(s) 'example_external_task_marker_parent', 'example_external_task_marker_child' retrieved from /Users/naga/Desktop/airflow_env/lib/python3.12/site-packages/airflow/example_dags/example_external_task_marker_dag.py
[2026-06-21T15:36:19.900-0500] {logging_mixin.py:188} INFO - [2026-06-21T15:36:19.900-0500] {dag.py:3089} INFO - Sync 2 DAGs
[2026-06-21T15:36:19.905-0500] {logging_mixin.py:188} INFO - [2026-06-21T15:36:19.905-0500] {dag.py:3947} INFO - Setting next_dagrun for example_external_task_marker_child to None, run_after=None
[2026-06-21T15:36:19.906-0500] {logging_mixin.py:188} INFO - [2026-06-21T15:36:19.906-0500] {dag.py:3947} INFO - Setting next_dagrun for example_external_task_marker_parent to None, run_after=None
[2026-06-21T15:36:19.913-0500] {processor.py:183} INFO - Processing /Users/naga/Desktop/airflow_env/lib/python3.12/site-packages/airflow/example_dags/example_external_task_marker_dag.py took 0.068 seconds
[2026-06-21T15:38:24.725-0500] {processor.py:161} INFO - Started process (PID=56990) to work on /Users/naga/Desktop/airflow_env/lib/python3.12/site-packages/airflow/example_dags/example_external_task_marker_dag.py
[2026-06-21T15:38:24.726-0500] {processor.py:830} INFO - Processing file /Users/naga/Desktop/airflow_env/lib/python3.12/site-packages/airflow/example_dags/example_external_task_marker_dag.py for tasks to queue
[2026-06-21T15:38:24.726-0500] {logging_mixin.py:188} INFO - [2026-06-21T15:38:24.726-0500] {dagbag.py:545} INFO - Filling up the DagBag from /Users/naga/Desktop/airflow_env/lib/python3.12/site-packages/airflow/example_dags/example_external_task_marker_dag.py
[2026-06-21T15:38:24.732-0500] {processor.py:840} INFO - DAG(s) 'example_external_task_marker_parent', 'example_external_task_marker_child' retrieved from /Users/naga/Desktop/airflow_env/lib/python3.12/site-packages/airflow/example_dags/example_external_task_marker_dag.py
[2026-06-21T15:38:24.779-0500] {logging_mixin.py:188} INFO - [2026-06-21T15:38:24.779-0500] {dag.py:3089} INFO - Sync 2 DAGs
[2026-06-21T15:38:24.784-0500] {logging_mixin.py:188} INFO - [2026-06-21T15:38:24.784-0500] {dag.py:3947} INFO - Setting next_dagrun for example_external_task_marker_child to None, run_after=None
[2026-06-21T15:38:24.786-0500] {logging_mixin.py:188} INFO - [2026-06-21T15:38:24.786-0500] {dag.py:3947} INFO - Setting next_dagrun for example_external_task_marker_parent to None, run_after=None
[2026-06-21T15:38:24.794-0500] {processor.py:183} INFO - Processing /Users/naga/Desktop/airflow_env/lib/python3.12/site-packages/airflow/example_dags/example_external_task_marker_dag.py took 0.070 seconds
[2026-06-21T15:40:28.653-0500] {processor.py:161} INFO - Started process (PID=57093) to work on /Users/naga/Desktop/airflow_env/lib/python3.12/site-packages/airflow/example_dags/example_external_task_marker_dag.py
[2026-06-21T15:40:28.654-0500] {processor.py:830} INFO - Processing file /Users/naga/Desktop/airflow_env/lib/python3.12/site-packages/airflow/example_dags/example_external_task_marker_dag.py for tasks to queue
[2026-06-21T15:40:28.654-0500] {logging_mixin.py:188} INFO - [2026-06-21T15:40:28.654-0500] {dagbag.py:545} INFO - Filling up the DagBag from /Users/naga/Desktop/airflow_env/lib/python3.12/site-packages/airflow/example_dags/example_external_task_marker_dag.py
[2026-06-21T15:40:28.660-0500] {processor.py:840} INFO - DAG(s) 'example_external_task_marker_parent', 'example_external_task_marker_child' retrieved from /Users/naga/Desktop/airflow_env/lib/python3.12/site-packages/airflow/example_dags/example_external_task_marker_dag.py
[2026-06-21T15:40:28.707-0500] {logging_mixin.py:188} INFO - [2026-06-21T15:40:28.706-0500] {dag.py:3089} INFO - Sync 2 DAGs
[2026-06-21T15:40:28.711-0500] {logging_mixin.py:188} INFO - [2026-06-21T15:40:28.711-0500] {dag.py:3947} INFO - Setting next_dagrun for example_external_task_marker_child to None, run_after=None
[2026-06-21T15:40:28.713-0500] {logging_mixin.py:188} INFO - [2026-06-21T15:40:28.713-0500] {dag.py:3947} INFO - Setting next_dagrun for example_external_task_marker_parent to None, run_after=None
[2026-06-21T15:40:28.720-0500] {processor.py:183} INFO - Processing /Users/naga/Desktop/airflow_env/lib/python3.12/site-packages/airflow/example_dags/example_external_task_marker_dag.py took 0.068 seconds
[2026-06-21T15:42:31.848-0500] {processor.py:161} INFO - Started process (PID=57230) to work on /Users/naga/Desktop/airflow_env/lib/python3.12/site-packages/airflow/example_dags/example_external_task_marker_dag.py
[2026-06-21T15:42:31.850-0500] {processor.py:830} INFO - Processing file /Users/naga/Desktop/airflow_env/lib/python3.12/site-packages/airflow/example_dags/example_external_task_marker_dag.py for tasks to queue
[2026-06-21T15:42:31.850-0500] {logging_mixin.py:188} INFO - [2026-06-21T15:42:31.850-0500] {dagbag.py:545} INFO - Filling up the DagBag from /Users/naga/Desktop/airflow_env/lib/python3.12/site-packages/airflow/example_dags/example_external_task_marker_dag.py
[2026-06-21T15:42:31.856-0500] {processor.py:840} INFO - DAG(s) 'example_external_task_marker_child', 'example_external_task_marker_parent' retrieved from /Users/naga/Desktop/airflow_env/lib/python3.12/site-packages/airflow/example_dags/example_external_task_marker_dag.py
[2026-06-21T15:42:31.903-0500] {logging_mixin.py:188} INFO - [2026-06-21T15:42:31.903-0500] {dag.py:3089} INFO - Sync 2 DAGs
[2026-06-21T15:42:31.908-0500] {logging_mixin.py:188} INFO - [2026-06-21T15:42:31.908-0500] {dag.py:3947} INFO - Setting next_dagrun for example_external_task_marker_child to None, run_after=None
[2026-06-21T15:42:31.910-0500] {logging_mixin.py:188} INFO - [2026-06-21T15:42:31.909-0500] {dag.py:3947} INFO - Setting next_dagrun for example_external_task_marker_parent to None, run_after=None
[2026-06-21T15:42:31.917-0500] {processor.py:183} INFO - Processing /Users/naga/Desktop/airflow_env/lib/python3.12/site-packages/airflow/example_dags/example_external_task_marker_dag.py took 0.070 seconds
[2026-06-21T15:44:37.637-0500] {processor.py:161} INFO - Started process (PID=57357) to work on /Users/naga/Desktop/airflow_env/lib/python3.12/site-packages/airflow/example_dags/example_external_task_marker_dag.py
[2026-06-21T15:44:37.638-0500] {processor.py:830} INFO - Processing file /Users/naga/Desktop/airflow_env/lib/python3.12/site-packages/airflow/example_dags/example_external_task_marker_dag.py for tasks to queue
[2026-06-21T15:44:37.638-0500] {logging_mixin.py:188} INFO - [2026-06-21T15:44:37.638-0500] {dagbag.py:545} INFO - Filling up the DagBag from /Users/naga/Desktop/airflow_env/lib/python3.12/site-packages/airflow/example_dags/example_external_task_marker_dag.py
[2026-06-21T15:44:37.645-0500] {processor.py:840} INFO - DAG(s) 'example_external_task_marker_parent', 'example_external_task_marker_child' retrieved from /Users/naga/Desktop/airflow_env/lib/python3.12/site-packages/airflow/example_dags/example_external_task_marker_dag.py
[2026-06-21T15:44:37.694-0500] {logging_mixin.py:188} INFO - [2026-06-21T15:44:37.693-0500] {dag.py:3089} INFO - Sync 2 DAGs
[2026-06-21T15:44:37.699-0500] {logging_mixin.py:188} INFO - [2026-06-21T15:44:37.699-0500] {dag.py:3947} INFO - Setting next_dagrun for example_external_task_marker_child to None, run_after=None
[2026-06-21T15:44:37.700-0500] {logging_mixin.py:188} INFO - [2026-06-21T15:44:37.700-0500] {dag.py:3947} INFO - Setting next_dagrun for example_external_task_marker_parent to None, run_after=None
[2026-06-21T15:44:37.709-0500] {processor.py:183} INFO - Processing /Users/naga/Desktop/airflow_env/lib/python3.12/site-packages/airflow/example_dags/example_external_task_marker_dag.py took 0.073 seconds
[2026-06-21T15:46:40.705-0500] {processor.py:161} INFO - Started process (PID=57488) to work on /Users/naga/Desktop/airflow_env/lib/python3.12/site-packages/airflow/example_dags/example_external_task_marker_dag.py
[2026-06-21T15:46:40.706-0500] {processor.py:830} INFO - Processing file /Users/naga/Desktop/airflow_env/lib/python3.12/site-packages/airflow/example_dags/example_external_task_marker_dag.py for tasks to queue
[2026-06-21T15:46:40.706-0500] {logging_mixin.py:188} INFO - [2026-06-21T15:46:40.706-0500] {dagbag.py:545} INFO - Filling up the DagBag from /Users/naga/Desktop/airflow_env/lib/python3.12/site-packages/airflow/example_dags/example_external_task_marker_dag.py
[2026-06-21T15:46:40.712-0500] {processor.py:840} INFO - DAG(s) 'example_external_task_marker_child', 'example_external_task_marker_parent' retrieved from /Users/naga/Desktop/airflow_env/lib/python3.12/site-packages/airflow/example_dags/example_external_task_marker_dag.py
[2026-06-21T15:46:40.757-0500] {logging_mixin.py:188} INFO - [2026-06-21T15:46:40.757-0500] {dag.py:3089} INFO - Sync 2 DAGs
[2026-06-21T15:46:40.762-0500] {logging_mixin.py:188} INFO - [2026-06-21T15:46:40.762-0500] {dag.py:3947} INFO - Setting next_dagrun for example_external_task_marker_child to None, run_after=None
[2026-06-21T15:46:40.763-0500] {logging_mixin.py:188} INFO - [2026-06-21T15:46:40.763-0500] {dag.py:3947} INFO - Setting next_dagrun for example_external_task_marker_parent to None, run_after=None
[2026-06-21T15:46:40.770-0500] {processor.py:183} INFO - Processing /Users/naga/Desktop/airflow_env/lib/python3.12/site-packages/airflow/example_dags/example_external_task_marker_dag.py took 0.067 seconds
[2026-06-21T15:48:46.621-0500] {processor.py:161} INFO - Started process (PID=57629) to work on /Users/naga/Desktop/airflow_env/lib/python3.12/site-packages/airflow/example_dags/example_external_task_marker_dag.py
[2026-06-21T15:48:46.622-0500] {processor.py:830} INFO - Processing file /Users/naga/Desktop/airflow_env/lib/python3.12/site-packages/airflow/example_dags/example_external_task_marker_dag.py for tasks to queue
[2026-06-21T15:48:46.622-0500] {logging_mixin.py:188} INFO - [2026-06-21T15:48:46.622-0500] {dagbag.py:545} INFO - Filling up the DagBag from /Users/naga/Desktop/airflow_env/lib/python3.12/site-packages/airflow/example_dags/example_external_task_marker_dag.py
[2026-06-21T15:48:46.628-0500] {processor.py:840} INFO - DAG(s) 'example_external_task_marker_child', 'example_external_task_marker_parent' retrieved from /Users/naga/Desktop/airflow_env/lib/python3.12/site-packages/airflow/example_dags/example_external_task_marker_dag.py
[2026-06-21T15:48:46.674-0500] {logging_mixin.py:188} INFO - [2026-06-21T15:48:46.674-0500] {dag.py:3089} INFO - Sync 2 DAGs
[2026-06-21T15:48:46.678-0500] {logging_mixin.py:188} INFO - [2026-06-21T15:48:46.678-0500] {dag.py:3947} INFO - Setting next_dagrun for example_external_task_marker_child to None, run_after=None
[2026-06-21T15:48:46.680-0500] {logging_mixin.py:188} INFO - [2026-06-21T15:48:46.680-0500] {dag.py:3947} INFO - Setting next_dagrun for example_external_task_marker_parent to None, run_after=None
[2026-06-21T15:48:46.687-0500] {processor.py:183} INFO - Processing /Users/naga/Desktop/airflow_env/lib/python3.12/site-packages/airflow/example_dags/example_external_task_marker_dag.py took 0.067 seconds
[2026-06-21T15:50:53.734-0500] {processor.py:161} INFO - Started process (PID=57760) to work on /Users/naga/Desktop/airflow_env/lib/python3.12/site-packages/airflow/example_dags/example_external_task_marker_dag.py
[2026-06-21T15:50:53.736-0500] {processor.py:830} INFO - Processing file /Users/naga/Desktop/airflow_env/lib/python3.12/site-packages/airflow/example_dags/example_external_task_marker_dag.py for tasks to queue
[2026-06-21T15:50:53.737-0500] {logging_mixin.py:188} INFO - [2026-06-21T15:50:53.737-0500] {dagbag.py:545} INFO - Filling up the DagBag from /Users/naga/Desktop/airflow_env/lib/python3.12/site-packages/airflow/example_dags/example_external_task_marker_dag.py
[2026-06-21T15:50:53.744-0500] {processor.py:840} INFO - DAG(s) 'example_external_task_marker_parent', 'example_external_task_marker_child' retrieved from /Users/naga/Desktop/airflow_env/lib/python3.12/site-packages/airflow/example_dags/example_external_task_marker_dag.py
[2026-06-21T15:50:53.790-0500] {logging_mixin.py:188} INFO - [2026-06-21T15:50:53.790-0500] {dag.py:3089} INFO - Sync 2 DAGs
[2026-06-21T15:50:53.795-0500] {logging_mixin.py:188} INFO - [2026-06-21T15:50:53.794-0500] {dag.py:3947} INFO - Setting next_dagrun for example_external_task_marker_child to None, run_after=None
[2026-06-21T15:50:53.796-0500] {logging_mixin.py:188} INFO - [2026-06-21T15:50:53.796-0500] {dag.py:3947} INFO - Setting next_dagrun for example_external_task_marker_parent to None, run_after=None
[2026-06-21T15:50:53.803-0500] {processor.py:183} INFO - Processing /Users/naga/Desktop/airflow_env/lib/python3.12/site-packages/airflow/example_dags/example_external_task_marker_dag.py took 0.071 seconds
[2026-06-21T15:52:57.186-0500] {processor.py:161} INFO - Started process (PID=57886) to work on /Users/naga/Desktop/airflow_env/lib/python3.12/site-packages/airflow/example_dags/example_external_task_marker_dag.py
[2026-06-21T15:52:57.188-0500] {processor.py:830} INFO - Processing file /Users/naga/Desktop/airflow_env/lib/python3.12/site-packages/airflow/example_dags/example_external_task_marker_dag.py for tasks to queue
[2026-06-21T15:52:57.188-0500] {logging_mixin.py:188} INFO - [2026-06-21T15:52:57.188-0500] {dagbag.py:545} INFO - Filling up the DagBag from /Users/naga/Desktop/airflow_env/lib/python3.12/site-packages/airflow/example_dags/example_external_task_marker_dag.py
[2026-06-21T15:52:57.194-0500] {processor.py:840} INFO - DAG(s) 'example_external_task_marker_child', 'example_external_task_marker_parent' retrieved from /Users/naga/Desktop/airflow_env/lib/python3.12/site-packages/airflow/example_dags/example_external_task_marker_dag.py
[2026-06-21T15:52:57.240-0500] {logging_mixin.py:188} INFO - [2026-06-21T15:52:57.240-0500] {dag.py:3089} INFO - Sync 2 DAGs
[2026-06-21T15:52:57.245-0500] {logging_mixin.py:188} INFO - [2026-06-21T15:52:57.245-0500] {dag.py:3947} INFO - Setting next_dagrun for example_external_task_marker_child to None, run_after=None
[2026-06-21T15:52:57.246-0500] {logging_mixin.py:188} INFO - [2026-06-21T15:52:57.246-0500] {dag.py:3947} INFO - Setting next_dagrun for example_external_task_marker_parent to None, run_after=None
[2026-06-21T15:52:57.253-0500] {processor.py:183} INFO - Processing /Users/naga/Desktop/airflow_env/lib/python3.12/site-packages/airflow/example_dags/example_external_task_marker_dag.py took 0.068 seconds
[2026-06-21T15:55:03.849-0500] {processor.py:161} INFO - Started process (PID=58007) to work on /Users/naga/Desktop/airflow_env/lib/python3.12/site-packages/airflow/example_dags/example_external_task_marker_dag.py
[2026-06-21T15:55:03.850-0500] {processor.py:830} INFO - Processing file /Users/naga/Desktop/airflow_env/lib/python3.12/site-packages/airflow/example_dags/example_external_task_marker_dag.py for tasks to queue
[2026-06-21T15:55:03.850-0500] {logging_mixin.py:188} INFO - [2026-06-21T15:55:03.850-0500] {dagbag.py:545} INFO - Filling up the DagBag from /Users/naga/Desktop/airflow_env/lib/python3.12/site-packages/airflow/example_dags/example_external_task_marker_dag.py
[2026-06-21T15:55:03.856-0500] {processor.py:840} INFO - DAG(s) 'example_external_task_marker_child', 'example_external_task_marker_parent' retrieved from /Users/naga/Desktop/airflow_env/lib/python3.12/site-packages/airflow/example_dags/example_external_task_marker_dag.py
[2026-06-21T15:55:03.902-0500] {logging_mixin.py:188} INFO - [2026-06-21T15:55:03.902-0500] {dag.py:3089} INFO - Sync 2 DAGs
[2026-06-21T15:55:03.907-0500] {logging_mixin.py:188} INFO - [2026-06-21T15:55:03.907-0500] {dag.py:3947} INFO - Setting next_dagrun for example_external_task_marker_child to None, run_after=None
[2026-06-21T15:55:03.908-0500] {logging_mixin.py:188} INFO - [2026-06-21T15:55:03.908-0500] {dag.py:3947} INFO - Setting next_dagrun for example_external_task_marker_parent to None, run_after=None
[2026-06-21T15:55:03.915-0500] {processor.py:183} INFO - Processing /Users/naga/Desktop/airflow_env/lib/python3.12/site-packages/airflow/example_dags/example_external_task_marker_dag.py took 0.067 seconds
[2026-06-21T15:57:07.122-0500] {processor.py:161} INFO - Started process (PID=58116) to work on /Users/naga/Desktop/airflow_env/lib/python3.12/site-packages/airflow/example_dags/example_external_task_marker_dag.py
[2026-06-21T15:57:07.123-0500] {processor.py:830} INFO - Processing file /Users/naga/Desktop/airflow_env/lib/python3.12/site-packages/airflow/example_dags/example_external_task_marker_dag.py for tasks to queue
[2026-06-21T15:57:07.123-0500] {logging_mixin.py:188} INFO - [2026-06-21T15:57:07.123-0500] {dagbag.py:545} INFO - Filling up the DagBag from /Users/naga/Desktop/airflow_env/lib/python3.12/site-packages/airflow/example_dags/example_external_task_marker_dag.py
[2026-06-21T15:57:07.129-0500] {processor.py:840} INFO - DAG(s) 'example_external_task_marker_parent', 'example_external_task_marker_child' retrieved from /Users/naga/Desktop/airflow_env/lib/python3.12/site-packages/airflow/example_dags/example_external_task_marker_dag.py
[2026-06-21T15:57:07.176-0500] {logging_mixin.py:188} INFO - [2026-06-21T15:57:07.175-0500] {dag.py:3089} INFO - Sync 2 DAGs
[2026-06-21T15:57:07.180-0500] {logging_mixin.py:188} INFO - [2026-06-21T15:57:07.180-0500] {dag.py:3947} INFO - Setting next_dagrun for example_external_task_marker_child to None, run_after=None
[2026-06-21T15:57:07.182-0500] {logging_mixin.py:188} INFO - [2026-06-21T15:57:07.181-0500] {dag.py:3947} INFO - Setting next_dagrun for example_external_task_marker_parent to None, run_after=None
[2026-06-21T15:57:07.189-0500] {processor.py:183} INFO - Processing /Users/naga/Desktop/airflow_env/lib/python3.12/site-packages/airflow/example_dags/example_external_task_marker_dag.py took 0.068 seconds
[2026-06-21T15:59:16.746-0500] {processor.py:161} INFO - Started process (PID=58252) to work on /Users/naga/Desktop/airflow_env/lib/python3.12/site-packages/airflow/example_dags/example_external_task_marker_dag.py
[2026-06-21T15:59:16.748-0500] {processor.py:830} INFO - Processing file /Users/naga/Desktop/airflow_env/lib/python3.12/site-packages/airflow/example_dags/example_external_task_marker_dag.py for tasks to queue
[2026-06-21T15:59:16.748-0500] {logging_mixin.py:188} INFO - [2026-06-21T15:59:16.748-0500] {dagbag.py:545} INFO - Filling up the DagBag from /Users/naga/Desktop/airflow_env/lib/python3.12/site-packages/airflow/example_dags/example_external_task_marker_dag.py
[2026-06-21T15:59:16.754-0500] {processor.py:840} INFO - DAG(s) 'example_external_task_marker_child', 'example_external_task_marker_parent' retrieved from /Users/naga/Desktop/airflow_env/lib/python3.12/site-packages/airflow/example_dags/example_external_task_marker_dag.py
[2026-06-21T15:59:16.801-0500] {logging_mixin.py:188} INFO - [2026-06-21T15:59:16.801-0500] {dag.py:3089} INFO - Sync 2 DAGs
[2026-06-21T15:59:16.806-0500] {logging_mixin.py:188} INFO - [2026-06-21T15:59:16.806-0500] {dag.py:3947} INFO - Setting next_dagrun for example_external_task_marker_child to None, run_after=None
[2026-06-21T15:59:16.807-0500] {logging_mixin.py:188} INFO - [2026-06-21T15:59:16.807-0500] {dag.py:3947} INFO - Setting next_dagrun for example_external_task_marker_parent to None, run_after=None
[2026-06-21T15:59:16.814-0500] {processor.py:183} INFO - Processing /Users/naga/Desktop/airflow_env/lib/python3.12/site-packages/airflow/example_dags/example_external_task_marker_dag.py took 0.069 seconds
[2026-06-21T16:01:24.142-0500] {processor.py:161} INFO - Started process (PID=58381) to work on /Users/naga/Desktop/airflow_env/lib/python3.12/site-packages/airflow/example_dags/example_external_task_marker_dag.py
[2026-06-21T16:01:24.143-0500] {processor.py:830} INFO - Processing file /Users/naga/Desktop/airflow_env/lib/python3.12/site-packages/airflow/example_dags/example_external_task_marker_dag.py for tasks to queue
[2026-06-21T16:01:24.144-0500] {logging_mixin.py:188} INFO - [2026-06-21T16:01:24.143-0500] {dagbag.py:545} INFO - Filling up the DagBag from /Users/naga/Desktop/airflow_env/lib/python3.12/site-packages/airflow/example_dags/example_external_task_marker_dag.py
[2026-06-21T16:01:24.150-0500] {processor.py:840} INFO - DAG(s) 'example_external_task_marker_parent', 'example_external_task_marker_child' retrieved from /Users/naga/Desktop/airflow_env/lib/python3.12/site-packages/airflow/example_dags/example_external_task_marker_dag.py
[2026-06-21T16:01:24.197-0500] {logging_mixin.py:188} INFO - [2026-06-21T16:01:24.197-0500] {dag.py:3089} INFO - Sync 2 DAGs
[2026-06-21T16:01:24.202-0500] {logging_mixin.py:188} INFO - [2026-06-21T16:01:24.202-0500] {dag.py:3947} INFO - Setting next_dagrun for example_external_task_marker_child to None, run_after=None
[2026-06-21T16:01:24.203-0500] {logging_mixin.py:188} INFO - [2026-06-21T16:01:24.203-0500] {dag.py:3947} INFO - Setting next_dagrun for example_external_task_marker_parent to None, run_after=None
[2026-06-21T16:01:24.210-0500] {processor.py:183} INFO - Processing /Users/naga/Desktop/airflow_env/lib/python3.12/site-packages/airflow/example_dags/example_external_task_marker_dag.py took 0.069 seconds
[2026-06-21T16:03:29.734-0500] {processor.py:161} INFO - Started process (PID=58497) to work on /Users/naga/Desktop/airflow_env/lib/python3.12/site-packages/airflow/example_dags/example_external_task_marker_dag.py
[2026-06-21T16:03:29.735-0500] {processor.py:830} INFO - Processing file /Users/naga/Desktop/airflow_env/lib/python3.12/site-packages/airflow/example_dags/example_external_task_marker_dag.py for tasks to queue
[2026-06-21T16:03:29.736-0500] {logging_mixin.py:188} INFO - [2026-06-21T16:03:29.736-0500] {dagbag.py:545} INFO - Filling up the DagBag from /Users/naga/Desktop/airflow_env/lib/python3.12/site-packages/airflow/example_dags/example_external_task_marker_dag.py
[2026-06-21T16:03:29.742-0500] {processor.py:840} INFO - DAG(s) 'example_external_task_marker_child', 'example_external_task_marker_parent' retrieved from /Users/naga/Desktop/airflow_env/lib/python3.12/site-packages/airflow/example_dags/example_external_task_marker_dag.py
[2026-06-21T16:03:29.788-0500] {logging_mixin.py:188} INFO - [2026-06-21T16:03:29.788-0500] {dag.py:3089} INFO - Sync 2 DAGs
[2026-06-21T16:03:29.793-0500] {logging_mixin.py:188} INFO - [2026-06-21T16:03:29.793-0500] {dag.py:3947} INFO - Setting next_dagrun for example_external_task_marker_child to None, run_after=None
[2026-06-21T16:03:29.794-0500] {logging_mixin.py:188} INFO - [2026-06-21T16:03:29.794-0500] {dag.py:3947} INFO - Setting next_dagrun for example_external_task_marker_parent to None, run_after=None
[2026-06-21T16:03:29.801-0500] {processor.py:183} INFO - Processing /Users/naga/Desktop/airflow_env/lib/python3.12/site-packages/airflow/example_dags/example_external_task_marker_dag.py took 0.068 seconds
[2026-06-21T16:05:38.445-0500] {processor.py:161} INFO - Started process (PID=58622) to work on /Users/naga/Desktop/airflow_env/lib/python3.12/site-packages/airflow/example_dags/example_external_task_marker_dag.py
[2026-06-21T16:05:38.446-0500] {processor.py:830} INFO - Processing file /Users/naga/Desktop/airflow_env/lib/python3.12/site-packages/airflow/example_dags/example_external_task_marker_dag.py for tasks to queue
[2026-06-21T16:05:38.446-0500] {logging_mixin.py:188} INFO - [2026-06-21T16:05:38.446-0500] {dagbag.py:545} INFO - Filling up the DagBag from /Users/naga/Desktop/airflow_env/lib/python3.12/site-packages/airflow/example_dags/example_external_task_marker_dag.py
[2026-06-21T16:05:38.452-0500] {processor.py:840} INFO - DAG(s) 'example_external_task_marker_child', 'example_external_task_marker_parent' retrieved from /Users/naga/Desktop/airflow_env/lib/python3.12/site-packages/airflow/example_dags/example_external_task_marker_dag.py
[2026-06-21T16:05:38.497-0500] {logging_mixin.py:188} INFO - [2026-06-21T16:05:38.497-0500] {dag.py:3089} INFO - Sync 2 DAGs
[2026-06-21T16:05:38.502-0500] {logging_mixin.py:188} INFO - [2026-06-21T16:05:38.502-0500] {dag.py:3947} INFO - Setting next_dagrun for example_external_task_marker_child to None, run_after=None
[2026-06-21T16:05:38.503-0500] {logging_mixin.py:188} INFO - [2026-06-21T16:05:38.503-0500] {dag.py:3947} INFO - Setting next_dagrun for example_external_task_marker_parent to None, run_after=None
[2026-06-21T16:05:38.510-0500] {processor.py:183} INFO - Processing /Users/naga/Desktop/airflow_env/lib/python3.12/site-packages/airflow/example_dags/example_external_task_marker_dag.py took 0.067 seconds
[2026-06-21T16:07:48.291-0500] {processor.py:161} INFO - Started process (PID=58747) to work on /Users/naga/Desktop/airflow_env/lib/python3.12/site-packages/airflow/example_dags/example_external_task_marker_dag.py
[2026-06-21T16:07:48.292-0500] {processor.py:830} INFO - Processing file /Users/naga/Desktop/airflow_env/lib/python3.12/site-packages/airflow/example_dags/example_external_task_marker_dag.py for tasks to queue
[2026-06-21T16:07:48.292-0500] {logging_mixin.py:188} INFO - [2026-06-21T16:07:48.292-0500] {dagbag.py:545} INFO - Filling up the DagBag from /Users/naga/Desktop/airflow_env/lib/python3.12/site-packages/airflow/example_dags/example_external_task_marker_dag.py
[2026-06-21T16:07:48.299-0500] {processor.py:840} INFO - DAG(s) 'example_external_task_marker_child', 'example_external_task_marker_parent' retrieved from /Users/naga/Desktop/airflow_env/lib/python3.12/site-packages/airflow/example_dags/example_external_task_marker_dag.py
[2026-06-21T16:07:48.348-0500] {logging_mixin.py:188} INFO - [2026-06-21T16:07:48.348-0500] {dag.py:3089} INFO - Sync 2 DAGs
[2026-06-21T16:07:48.353-0500] {logging_mixin.py:188} INFO - [2026-06-21T16:07:48.353-0500] {dag.py:3947} INFO - Setting next_dagrun for example_external_task_marker_child to None, run_after=None
[2026-06-21T16:07:48.354-0500] {logging_mixin.py:188} INFO - [2026-06-21T16:07:48.354-0500] {dag.py:3947} INFO - Setting next_dagrun for example_external_task_marker_parent to None, run_after=None
[2026-06-21T16:07:48.362-0500] {processor.py:183} INFO - Processing /Users/naga/Desktop/airflow_env/lib/python3.12/site-packages/airflow/example_dags/example_external_task_marker_dag.py took 0.073 seconds
[2026-06-21T16:10:03.008-0500] {processor.py:161} INFO - Started process (PID=58893) to work on /Users/naga/Desktop/airflow_env/lib/python3.12/site-packages/airflow/example_dags/example_external_task_marker_dag.py
[2026-06-21T16:10:03.008-0500] {processor.py:830} INFO - Processing file /Users/naga/Desktop/airflow_env/lib/python3.12/site-packages/airflow/example_dags/example_external_task_marker_dag.py for tasks to queue
[2026-06-21T16:10:03.009-0500] {logging_mixin.py:188} INFO - [2026-06-21T16:10:03.009-0500] {dagbag.py:545} INFO - Filling up the DagBag from /Users/naga/Desktop/airflow_env/lib/python3.12/site-packages/airflow/example_dags/example_external_task_marker_dag.py
[2026-06-21T16:10:03.015-0500] {processor.py:840} INFO - DAG(s) 'example_external_task_marker_child', 'example_external_task_marker_parent' retrieved from /Users/naga/Desktop/airflow_env/lib/python3.12/site-packages/airflow/example_dags/example_external_task_marker_dag.py
[2026-06-21T16:10:03.066-0500] {logging_mixin.py:188} INFO - [2026-06-21T16:10:03.066-0500] {dag.py:3089} INFO - Sync 2 DAGs
[2026-06-21T16:10:03.071-0500] {logging_mixin.py:188} INFO - [2026-06-21T16:10:03.071-0500] {dag.py:3947} INFO - Setting next_dagrun for example_external_task_marker_child to None, run_after=None
[2026-06-21T16:10:03.073-0500] {logging_mixin.py:188} INFO - [2026-06-21T16:10:03.073-0500] {dag.py:3947} INFO - Setting next_dagrun for example_external_task_marker_parent to None, run_after=None
[2026-06-21T16:10:03.080-0500] {processor.py:183} INFO - Processing /Users/naga/Desktop/airflow_env/lib/python3.12/site-packages/airflow/example_dags/example_external_task_marker_dag.py took 0.074 seconds
[2026-06-21T16:12:16.644-0500] {processor.py:161} INFO - Started process (PID=59007) to work on /Users/naga/Desktop/airflow_env/lib/python3.12/site-packages/airflow/example_dags/example_external_task_marker_dag.py
[2026-06-21T16:12:16.647-0500] {processor.py:830} INFO - Processing file /Users/naga/Desktop/airflow_env/lib/python3.12/site-packages/airflow/example_dags/example_external_task_marker_dag.py for tasks to queue
[2026-06-21T16:12:16.648-0500] {logging_mixin.py:188} INFO - [2026-06-21T16:12:16.648-0500] {dagbag.py:545} INFO - Filling up the DagBag from /Users/naga/Desktop/airflow_env/lib/python3.12/site-packages/airflow/example_dags/example_external_task_marker_dag.py
[2026-06-21T16:12:16.654-0500] {processor.py:840} INFO - DAG(s) 'example_external_task_marker_child', 'example_external_task_marker_parent' retrieved from /Users/naga/Desktop/airflow_env/lib/python3.12/site-packages/airflow/example_dags/example_external_task_marker_dag.py
[2026-06-21T16:12:16.704-0500] {logging_mixin.py:188} INFO - [2026-06-21T16:12:16.704-0500] {dag.py:3089} INFO - Sync 2 DAGs
[2026-06-21T16:12:16.710-0500] {logging_mixin.py:188} INFO - [2026-06-21T16:12:16.710-0500] {dag.py:3947} INFO - Setting next_dagrun for example_external_task_marker_child to None, run_after=None
[2026-06-21T16:12:16.711-0500] {logging_mixin.py:188} INFO - [2026-06-21T16:12:16.711-0500] {dag.py:3947} INFO - Setting next_dagrun for example_external_task_marker_parent to None, run_after=None
[2026-06-21T16:12:16.722-0500] {processor.py:183} INFO - Processing /Users/naga/Desktop/airflow_env/lib/python3.12/site-packages/airflow/example_dags/example_external_task_marker_dag.py took 0.079 seconds
[2026-06-21T16:14:27.552-0500] {processor.py:161} INFO - Started process (PID=59127) to work on /Users/naga/Desktop/airflow_env/lib/python3.12/site-packages/airflow/example_dags/example_external_task_marker_dag.py
[2026-06-21T16:14:27.553-0500] {processor.py:830} INFO - Processing file /Users/naga/Desktop/airflow_env/lib/python3.12/site-packages/airflow/example_dags/example_external_task_marker_dag.py for tasks to queue
[2026-06-21T16:14:27.554-0500] {logging_mixin.py:188} INFO - [2026-06-21T16:14:27.554-0500] {dagbag.py:545} INFO - Filling up the DagBag from /Users/naga/Desktop/airflow_env/lib/python3.12/site-packages/airflow/example_dags/example_external_task_marker_dag.py
[2026-06-21T16:14:27.560-0500] {processor.py:840} INFO - DAG(s) 'example_external_task_marker_child', 'example_external_task_marker_parent' retrieved from /Users/naga/Desktop/airflow_env/lib/python3.12/site-packages/airflow/example_dags/example_external_task_marker_dag.py
[2026-06-21T16:14:27.610-0500] {logging_mixin.py:188} INFO - [2026-06-21T16:14:27.610-0500] {dag.py:3089} INFO - Sync 2 DAGs
[2026-06-21T16:14:27.615-0500] {logging_mixin.py:188} INFO - [2026-06-21T16:14:27.615-0500] {dag.py:3947} INFO - Setting next_dagrun for example_external_task_marker_child to None, run_after=None
[2026-06-21T16:14:27.617-0500] {logging_mixin.py:188} INFO - [2026-06-21T16:14:27.617-0500] {dag.py:3947} INFO - Setting next_dagrun for example_external_task_marker_parent to None, run_after=None
[2026-06-21T16:14:27.624-0500] {processor.py:183} INFO - Processing /Users/naga/Desktop/airflow_env/lib/python3.12/site-packages/airflow/example_dags/example_external_task_marker_dag.py took 0.073 seconds
[2026-06-21T16:16:38.523-0500] {processor.py:161} INFO - Started process (PID=59258) to work on /Users/naga/Desktop/airflow_env/lib/python3.12/site-packages/airflow/example_dags/example_external_task_marker_dag.py
[2026-06-21T16:16:38.524-0500] {processor.py:830} INFO - Processing file /Users/naga/Desktop/airflow_env/lib/python3.12/site-packages/airflow/example_dags/example_external_task_marker_dag.py for tasks to queue
[2026-06-21T16:16:38.524-0500] {logging_mixin.py:188} INFO - [2026-06-21T16:16:38.524-0500] {dagbag.py:545} INFO - Filling up the DagBag from /Users/naga/Desktop/airflow_env/lib/python3.12/site-packages/airflow/example_dags/example_external_task_marker_dag.py
[2026-06-21T16:16:38.531-0500] {processor.py:840} INFO - DAG(s) 'example_external_task_marker_child', 'example_external_task_marker_parent' retrieved from /Users/naga/Desktop/airflow_env/lib/python3.12/site-packages/airflow/example_dags/example_external_task_marker_dag.py
[2026-06-21T16:16:38.586-0500] {logging_mixin.py:188} INFO - [2026-06-21T16:16:38.586-0500] {dag.py:3089} INFO - Sync 2 DAGs
[2026-06-21T16:16:38.591-0500] {logging_mixin.py:188} INFO - [2026-06-21T16:16:38.591-0500] {dag.py:3947} INFO - Setting next_dagrun for example_external_task_marker_child to None, run_after=None
[2026-06-21T16:16:38.593-0500] {logging_mixin.py:188} INFO - [2026-06-21T16:16:38.593-0500] {dag.py:3947} INFO - Setting next_dagrun for example_external_task_marker_parent to None, run_after=None
[2026-06-21T16:16:38.600-0500] {processor.py:183} INFO - Processing /Users/naga/Desktop/airflow_env/lib/python3.12/site-packages/airflow/example_dags/example_external_task_marker_dag.py took 0.079 seconds
[2026-06-21T16:18:52.178-0500] {processor.py:161} INFO - Started process (PID=59407) to work on /Users/naga/Desktop/airflow_env/lib/python3.12/site-packages/airflow/example_dags/example_external_task_marker_dag.py
[2026-06-21T16:18:52.180-0500] {processor.py:830} INFO - Processing file /Users/naga/Desktop/airflow_env/lib/python3.12/site-packages/airflow/example_dags/example_external_task_marker_dag.py for tasks to queue
[2026-06-21T16:18:52.180-0500] {logging_mixin.py:188} INFO - [2026-06-21T16:18:52.180-0500] {dagbag.py:545} INFO - Filling up the DagBag from /Users/naga/Desktop/airflow_env/lib/python3.12/site-packages/airflow/example_dags/example_external_task_marker_dag.py
[2026-06-21T16:18:52.187-0500] {processor.py:840} INFO - DAG(s) 'example_external_task_marker_child', 'example_external_task_marker_parent' retrieved from /Users/naga/Desktop/airflow_env/lib/python3.12/site-packages/airflow/example_dags/example_external_task_marker_dag.py
[2026-06-21T16:18:52.238-0500] {logging_mixin.py:188} INFO - [2026-06-21T16:18:52.237-0500] {dag.py:3089} INFO - Sync 2 DAGs
[2026-06-21T16:18:52.243-0500] {logging_mixin.py:188} INFO - [2026-06-21T16:18:52.243-0500] {dag.py:3947} INFO - Setting next_dagrun for example_external_task_marker_child to None, run_after=None
[2026-06-21T16:18:52.244-0500] {logging_mixin.py:188} INFO - [2026-06-21T16:18:52.244-0500] {dag.py:3947} INFO - Setting next_dagrun for example_external_task_marker_parent to None, run_after=None
[2026-06-21T16:18:52.252-0500] {processor.py:183} INFO - Processing /Users/naga/Desktop/airflow_env/lib/python3.12/site-packages/airflow/example_dags/example_external_task_marker_dag.py took 0.075 seconds
[2026-06-21T16:20:59.457-0500] {processor.py:161} INFO - Started process (PID=59546) to work on /Users/naga/Desktop/airflow_env/lib/python3.12/site-packages/airflow/example_dags/example_external_task_marker_dag.py
[2026-06-21T16:20:59.458-0500] {processor.py:830} INFO - Processing file /Users/naga/Desktop/airflow_env/lib/python3.12/site-packages/airflow/example_dags/example_external_task_marker_dag.py for tasks to queue
[2026-06-21T16:20:59.458-0500] {logging_mixin.py:188} INFO - [2026-06-21T16:20:59.458-0500] {dagbag.py:545} INFO - Filling up the DagBag from /Users/naga/Desktop/airflow_env/lib/python3.12/site-packages/airflow/example_dags/example_external_task_marker_dag.py
[2026-06-21T16:20:59.464-0500] {processor.py:840} INFO - DAG(s) 'example_external_task_marker_child', 'example_external_task_marker_parent' retrieved from /Users/naga/Desktop/airflow_env/lib/python3.12/site-packages/airflow/example_dags/example_external_task_marker_dag.py
[2026-06-21T16:20:59.514-0500] {logging_mixin.py:188} INFO - [2026-06-21T16:20:59.514-0500] {dag.py:3089} INFO - Sync 2 DAGs
[2026-06-21T16:20:59.519-0500] {logging_mixin.py:188} INFO - [2026-06-21T16:20:59.519-0500] {dag.py:3947} INFO - Setting next_dagrun for example_external_task_marker_child to None, run_after=None
[2026-06-21T16:20:59.520-0500] {logging_mixin.py:188} INFO - [2026-06-21T16:20:59.520-0500] {dag.py:3947} INFO - Setting next_dagrun for example_external_task_marker_parent to None, run_after=None
[2026-06-21T16:20:59.528-0500] {processor.py:183} INFO - Processing /Users/naga/Desktop/airflow_env/lib/python3.12/site-packages/airflow/example_dags/example_external_task_marker_dag.py took 0.072 seconds
[2026-06-21T16:23:09.300-0500] {processor.py:161} INFO - Started process (PID=59679) to work on /Users/naga/Desktop/airflow_env/lib/python3.12/site-packages/airflow/example_dags/example_external_task_marker_dag.py
[2026-06-21T16:23:09.301-0500] {processor.py:830} INFO - Processing file /Users/naga/Desktop/airflow_env/lib/python3.12/site-packages/airflow/example_dags/example_external_task_marker_dag.py for tasks to queue
[2026-06-21T16:23:09.301-0500] {logging_mixin.py:188} INFO - [2026-06-21T16:23:09.301-0500] {dagbag.py:545} INFO - Filling up the DagBag from /Users/naga/Desktop/airflow_env/lib/python3.12/site-packages/airflow/example_dags/example_external_task_marker_dag.py
[2026-06-21T16:23:09.308-0500] {processor.py:840} INFO - DAG(s) 'example_external_task_marker_child', 'example_external_task_marker_parent' retrieved from /Users/naga/Desktop/airflow_env/lib/python3.12/site-packages/airflow/example_dags/example_external_task_marker_dag.py
[2026-06-21T16:23:09.356-0500] {logging_mixin.py:188} INFO - [2026-06-21T16:23:09.355-0500] {dag.py:3089} INFO - Sync 2 DAGs
[2026-06-21T16:23:09.360-0500] {logging_mixin.py:188} INFO - [2026-06-21T16:23:09.360-0500] {dag.py:3947} INFO - Setting next_dagrun for example_external_task_marker_child to None, run_after=None
[2026-06-21T16:23:09.362-0500] {logging_mixin.py:188} INFO - [2026-06-21T16:23:09.362-0500] {dag.py:3947} INFO - Setting next_dagrun for example_external_task_marker_parent to None, run_after=None
[2026-06-21T16:23:09.369-0500] {processor.py:183} INFO - Processing /Users/naga/Desktop/airflow_env/lib/python3.12/site-packages/airflow/example_dags/example_external_task_marker_dag.py took 0.070 seconds
[2026-06-21T16:25:18.249-0500] {processor.py:161} INFO - Started process (PID=59799) to work on /Users/naga/Desktop/airflow_env/lib/python3.12/site-packages/airflow/example_dags/example_external_task_marker_dag.py
[2026-06-21T16:25:18.250-0500] {processor.py:830} INFO - Processing file /Users/naga/Desktop/airflow_env/lib/python3.12/site-packages/airflow/example_dags/example_external_task_marker_dag.py for tasks to queue
[2026-06-21T16:25:18.251-0500] {logging_mixin.py:188} INFO - [2026-06-21T16:25:18.251-0500] {dagbag.py:545} INFO - Filling up the DagBag from /Users/naga/Desktop/airflow_env/lib/python3.12/site-packages/airflow/example_dags/example_external_task_marker_dag.py
[2026-06-21T16:25:18.258-0500] {processor.py:840} INFO - DAG(s) 'example_external_task_marker_parent', 'example_external_task_marker_child' retrieved from /Users/naga/Desktop/airflow_env/lib/python3.12/site-packages/airflow/example_dags/example_external_task_marker_dag.py
[2026-06-21T16:25:18.309-0500] {logging_mixin.py:188} INFO - [2026-06-21T16:25:18.309-0500] {dag.py:3089} INFO - Sync 2 DAGs
[2026-06-21T16:25:18.314-0500] {logging_mixin.py:188} INFO - [2026-06-21T16:25:18.314-0500] {dag.py:3947} INFO - Setting next_dagrun for example_external_task_marker_child to None, run_after=None
[2026-06-21T16:25:18.315-0500] {logging_mixin.py:188} INFO - [2026-06-21T16:25:18.315-0500] {dag.py:3947} INFO - Setting next_dagrun for example_external_task_marker_parent to None, run_after=None
[2026-06-21T16:25:18.323-0500] {processor.py:183} INFO - Processing /Users/naga/Desktop/airflow_env/lib/python3.12/site-packages/airflow/example_dags/example_external_task_marker_dag.py took 0.075 seconds
[2026-06-21T16:27:38.593-0500] {processor.py:161} INFO - Started process (PID=59967) to work on /Users/naga/Desktop/airflow_env/lib/python3.12/site-packages/airflow/example_dags/example_external_task_marker_dag.py
[2026-06-21T16:27:38.594-0500] {processor.py:830} INFO - Processing file /Users/naga/Desktop/airflow_env/lib/python3.12/site-packages/airflow/example_dags/example_external_task_marker_dag.py for tasks to queue
[2026-06-21T16:27:38.594-0500] {logging_mixin.py:188} INFO - [2026-06-21T16:27:38.594-0500] {dagbag.py:545} INFO - Filling up the DagBag from /Users/naga/Desktop/airflow_env/lib/python3.12/site-packages/airflow/example_dags/example_external_task_marker_dag.py
[2026-06-21T16:27:38.600-0500] {processor.py:840} INFO - DAG(s) 'example_external_task_marker_child', 'example_external_task_marker_parent' retrieved from /Users/naga/Desktop/airflow_env/lib/python3.12/site-packages/airflow/example_dags/example_external_task_marker_dag.py
[2026-06-21T16:27:38.649-0500] {logging_mixin.py:188} INFO - [2026-06-21T16:27:38.649-0500] {dag.py:3089} INFO - Sync 2 DAGs
[2026-06-21T16:27:38.654-0500] {logging_mixin.py:188} INFO - [2026-06-21T16:27:38.654-0500] {dag.py:3947} INFO - Setting next_dagrun for example_external_task_marker_child to None, run_after=None
[2026-06-21T16:27:38.656-0500] {logging_mixin.py:188} INFO - [2026-06-21T16:27:38.656-0500] {dag.py:3947} INFO - Setting next_dagrun for example_external_task_marker_parent to None, run_after=None
[2026-06-21T16:27:38.664-0500] {processor.py:183} INFO - Processing /Users/naga/Desktop/airflow_env/lib/python3.12/site-packages/airflow/example_dags/example_external_task_marker_dag.py took 0.073 seconds
[2026-06-21T16:29:49.093-0500] {processor.py:161} INFO - Started process (PID=60073) to work on /Users/naga/Desktop/airflow_env/lib/python3.12/site-packages/airflow/example_dags/example_external_task_marker_dag.py
[2026-06-21T16:29:49.093-0500] {processor.py:830} INFO - Processing file /Users/naga/Desktop/airflow_env/lib/python3.12/site-packages/airflow/example_dags/example_external_task_marker_dag.py for tasks to queue
[2026-06-21T16:29:49.094-0500] {logging_mixin.py:188} INFO - [2026-06-21T16:29:49.093-0500] {dagbag.py:545} INFO - Filling up the DagBag from /Users/naga/Desktop/airflow_env/lib/python3.12/site-packages/airflow/example_dags/example_external_task_marker_dag.py
[2026-06-21T16:29:49.100-0500] {processor.py:840} INFO - DAG(s) 'example_external_task_marker_child', 'example_external_task_marker_parent' retrieved from /Users/naga/Desktop/airflow_env/lib/python3.12/site-packages/airflow/example_dags/example_external_task_marker_dag.py
[2026-06-21T16:29:49.146-0500] {logging_mixin.py:188} INFO - [2026-06-21T16:29:49.146-0500] {dag.py:3089} INFO - Sync 2 DAGs
[2026-06-21T16:29:49.151-0500] {logging_mixin.py:188} INFO - [2026-06-21T16:29:49.151-0500] {dag.py:3947} INFO - Setting next_dagrun for example_external_task_marker_child to None, run_after=None
[2026-06-21T16:29:49.152-0500] {logging_mixin.py:188} INFO - [2026-06-21T16:29:49.152-0500] {dag.py:3947} INFO - Setting next_dagrun for example_external_task_marker_parent to None, run_after=None
[2026-06-21T16:29:49.159-0500] {processor.py:183} INFO - Processing /Users/naga/Desktop/airflow_env/lib/python3.12/site-packages/airflow/example_dags/example_external_task_marker_dag.py took 0.067 seconds
[2026-06-21T16:31:54.853-0500] {processor.py:161} INFO - Started process (PID=60220) to work on /Users/naga/Desktop/airflow_env/lib/python3.12/site-packages/airflow/example_dags/example_external_task_marker_dag.py
[2026-06-21T16:31:54.854-0500] {processor.py:830} INFO - Processing file /Users/naga/Desktop/airflow_env/lib/python3.12/site-packages/airflow/example_dags/example_external_task_marker_dag.py for tasks to queue
[2026-06-21T16:31:54.855-0500] {logging_mixin.py:188} INFO - [2026-06-21T16:31:54.854-0500] {dagbag.py:545} INFO - Filling up the DagBag from /Users/naga/Desktop/airflow_env/lib/python3.12/site-packages/airflow/example_dags/example_external_task_marker_dag.py
[2026-06-21T16:31:54.861-0500] {processor.py:840} INFO - DAG(s) 'example_external_task_marker_parent', 'example_external_task_marker_child' retrieved from /Users/naga/Desktop/airflow_env/lib/python3.12/site-packages/airflow/example_dags/example_external_task_marker_dag.py
[2026-06-21T16:31:54.908-0500] {logging_mixin.py:188} INFO - [2026-06-21T16:31:54.907-0500] {dag.py:3089} INFO - Sync 2 DAGs
[2026-06-21T16:31:54.913-0500] {logging_mixin.py:188} INFO - [2026-06-21T16:31:54.912-0500] {dag.py:3947} INFO - Setting next_dagrun for example_external_task_marker_child to None, run_after=None
[2026-06-21T16:31:54.914-0500] {logging_mixin.py:188} INFO - [2026-06-21T16:31:54.914-0500] {dag.py:3947} INFO - Setting next_dagrun for example_external_task_marker_parent to None, run_after=None
[2026-06-21T16:31:54.921-0500] {processor.py:183} INFO - Processing /Users/naga/Desktop/airflow_env/lib/python3.12/site-packages/airflow/example_dags/example_external_task_marker_dag.py took 0.069 seconds
[2026-06-21T16:33:55.390-0500] {processor.py:161} INFO - Started process (PID=60334) to work on /Users/naga/Desktop/airflow_env/lib/python3.12/site-packages/airflow/example_dags/example_external_task_marker_dag.py
[2026-06-21T16:33:55.390-0500] {processor.py:830} INFO - Processing file /Users/naga/Desktop/airflow_env/lib/python3.12/site-packages/airflow/example_dags/example_external_task_marker_dag.py for tasks to queue
[2026-06-21T16:33:55.391-0500] {logging_mixin.py:188} INFO - [2026-06-21T16:33:55.391-0500] {dagbag.py:545} INFO - Filling up the DagBag from /Users/naga/Desktop/airflow_env/lib/python3.12/site-packages/airflow/example_dags/example_external_task_marker_dag.py
[2026-06-21T16:33:55.397-0500] {processor.py:840} INFO - DAG(s) 'example_external_task_marker_parent', 'example_external_task_marker_child' retrieved from /Users/naga/Desktop/airflow_env/lib/python3.12/site-packages/airflow/example_dags/example_external_task_marker_dag.py
[2026-06-21T16:33:55.444-0500] {logging_mixin.py:188} INFO - [2026-06-21T16:33:55.444-0500] {dag.py:3089} INFO - Sync 2 DAGs
[2026-06-21T16:33:55.449-0500] {logging_mixin.py:188} INFO - [2026-06-21T16:33:55.449-0500] {dag.py:3947} INFO - Setting next_dagrun for example_external_task_marker_child to None, run_after=None
[2026-06-21T16:33:55.451-0500] {logging_mixin.py:188} INFO - [2026-06-21T16:33:55.451-0500] {dag.py:3947} INFO - Setting next_dagrun for example_external_task_marker_parent to None, run_after=None
[2026-06-21T16:33:55.458-0500] {processor.py:183} INFO - Processing /Users/naga/Desktop/airflow_env/lib/python3.12/site-packages/airflow/example_dags/example_external_task_marker_dag.py took 0.069 seconds
[2026-06-21T16:36:04.346-0500] {processor.py:161} INFO - Started process (PID=60462) to work on /Users/naga/Desktop/airflow_env/lib/python3.12/site-packages/airflow/example_dags/example_external_task_marker_dag.py
[2026-06-21T16:36:04.347-0500] {processor.py:830} INFO - Processing file /Users/naga/Desktop/airflow_env/lib/python3.12/site-packages/airflow/example_dags/example_external_task_marker_dag.py for tasks to queue
[2026-06-21T16:36:04.348-0500] {logging_mixin.py:188} INFO - [2026-06-21T16:36:04.347-0500] {dagbag.py:545} INFO - Filling up the DagBag from /Users/naga/Desktop/airflow_env/lib/python3.12/site-packages/airflow/example_dags/example_external_task_marker_dag.py
[2026-06-21T16:36:04.354-0500] {processor.py:840} INFO - DAG(s) 'example_external_task_marker_child', 'example_external_task_marker_parent' retrieved from /Users/naga/Desktop/airflow_env/lib/python3.12/site-packages/airflow/example_dags/example_external_task_marker_dag.py
[2026-06-21T16:36:04.401-0500] {logging_mixin.py:188} INFO - [2026-06-21T16:36:04.401-0500] {dag.py:3089} INFO - Sync 2 DAGs
[2026-06-21T16:36:04.406-0500] {logging_mixin.py:188} INFO - [2026-06-21T16:36:04.406-0500] {dag.py:3947} INFO - Setting next_dagrun for example_external_task_marker_child to None, run_after=None
[2026-06-21T16:36:04.408-0500] {logging_mixin.py:188} INFO - [2026-06-21T16:36:04.408-0500] {dag.py:3947} INFO - Setting next_dagrun for example_external_task_marker_parent to None, run_after=None
[2026-06-21T16:36:04.415-0500] {processor.py:183} INFO - Processing /Users/naga/Desktop/airflow_env/lib/python3.12/site-packages/airflow/example_dags/example_external_task_marker_dag.py took 0.070 seconds
[2026-06-21T16:38:07.225-0500] {processor.py:161} INFO - Started process (PID=60591) to work on /Users/naga/Desktop/airflow_env/lib/python3.12/site-packages/airflow/example_dags/example_external_task_marker_dag.py
[2026-06-21T16:38:07.226-0500] {processor.py:830} INFO - Processing file /Users/naga/Desktop/airflow_env/lib/python3.12/site-packages/airflow/example_dags/example_external_task_marker_dag.py for tasks to queue
[2026-06-21T16:38:07.227-0500] {logging_mixin.py:188} INFO - [2026-06-21T16:38:07.227-0500] {dagbag.py:545} INFO - Filling up the DagBag from /Users/naga/Desktop/airflow_env/lib/python3.12/site-packages/airflow/example_dags/example_external_task_marker_dag.py
[2026-06-21T16:38:07.233-0500] {processor.py:840} INFO - DAG(s) 'example_external_task_marker_parent', 'example_external_task_marker_child' retrieved from /Users/naga/Desktop/airflow_env/lib/python3.12/site-packages/airflow/example_dags/example_external_task_marker_dag.py
[2026-06-21T16:38:07.279-0500] {logging_mixin.py:188} INFO - [2026-06-21T16:38:07.279-0500] {dag.py:3089} INFO - Sync 2 DAGs
[2026-06-21T16:38:07.284-0500] {logging_mixin.py:188} INFO - [2026-06-21T16:38:07.284-0500] {dag.py:3947} INFO - Setting next_dagrun for example_external_task_marker_child to None, run_after=None
[2026-06-21T16:38:07.285-0500] {logging_mixin.py:188} INFO - [2026-06-21T16:38:07.285-0500] {dag.py:3947} INFO - Setting next_dagrun for example_external_task_marker_parent to None, run_after=None
[2026-06-21T16:38:07.292-0500] {processor.py:183} INFO - Processing /Users/naga/Desktop/airflow_env/lib/python3.12/site-packages/airflow/example_dags/example_external_task_marker_dag.py took 0.069 seconds
[2026-06-21T16:40:14.299-0500] {processor.py:161} INFO - Started process (PID=60714) to work on /Users/naga/Desktop/airflow_env/lib/python3.12/site-packages/airflow/example_dags/example_external_task_marker_dag.py
[2026-06-21T16:40:14.299-0500] {processor.py:830} INFO - Processing file /Users/naga/Desktop/airflow_env/lib/python3.12/site-packages/airflow/example_dags/example_external_task_marker_dag.py for tasks to queue
[2026-06-21T16:40:14.300-0500] {logging_mixin.py:188} INFO - [2026-06-21T16:40:14.300-0500] {dagbag.py:545} INFO - Filling up the DagBag from /Users/naga/Desktop/airflow_env/lib/python3.12/site-packages/airflow/example_dags/example_external_task_marker_dag.py
[2026-06-21T16:40:14.306-0500] {processor.py:840} INFO - DAG(s) 'example_external_task_marker_parent', 'example_external_task_marker_child' retrieved from /Users/naga/Desktop/airflow_env/lib/python3.12/site-packages/airflow/example_dags/example_external_task_marker_dag.py
[2026-06-21T16:40:14.353-0500] {logging_mixin.py:188} INFO - [2026-06-21T16:40:14.353-0500] {dag.py:3089} INFO - Sync 2 DAGs
[2026-06-21T16:40:14.358-0500] {logging_mixin.py:188} INFO - [2026-06-21T16:40:14.358-0500] {dag.py:3947} INFO - Setting next_dagrun for example_external_task_marker_child to None, run_after=None
[2026-06-21T16:40:14.360-0500] {logging_mixin.py:188} INFO - [2026-06-21T16:40:14.359-0500] {dag.py:3947} INFO - Setting next_dagrun for example_external_task_marker_parent to None, run_after=None
[2026-06-21T16:40:14.368-0500] {processor.py:183} INFO - Processing /Users/naga/Desktop/airflow_env/lib/python3.12/site-packages/airflow/example_dags/example_external_task_marker_dag.py took 0.071 seconds
[2026-06-21T16:43:25.475-0500] {processor.py:161} INFO - Started process (PID=60867) to work on /Users/naga/Desktop/airflow_env/lib/python3.12/site-packages/airflow/example_dags/example_external_task_marker_dag.py
[2026-06-21T16:43:25.476-0500] {processor.py:830} INFO - Processing file /Users/naga/Desktop/airflow_env/lib/python3.12/site-packages/airflow/example_dags/example_external_task_marker_dag.py for tasks to queue
[2026-06-21T16:43:25.476-0500] {logging_mixin.py:188} INFO - [2026-06-21T16:43:25.476-0500] {dagbag.py:545} INFO - Filling up the DagBag from /Users/naga/Desktop/airflow_env/lib/python3.12/site-packages/airflow/example_dags/example_external_task_marker_dag.py
[2026-06-21T16:43:25.487-0500] {processor.py:840} INFO - DAG(s) 'example_external_task_marker_child', 'example_external_task_marker_parent' retrieved from /Users/naga/Desktop/airflow_env/lib/python3.12/site-packages/airflow/example_dags/example_external_task_marker_dag.py
[2026-06-21T16:43:25.566-0500] {logging_mixin.py:188} INFO - [2026-06-21T16:43:25.566-0500] {dag.py:3089} INFO - Sync 2 DAGs
[2026-06-21T16:43:25.574-0500] {logging_mixin.py:188} INFO - [2026-06-21T16:43:25.574-0500] {dag.py:3947} INFO - Setting next_dagrun for example_external_task_marker_child to None, run_after=None
[2026-06-21T16:43:25.576-0500] {logging_mixin.py:188} INFO - [2026-06-21T16:43:25.576-0500] {dag.py:3947} INFO - Setting next_dagrun for example_external_task_marker_parent to None, run_after=None
[2026-06-21T16:43:25.588-0500] {processor.py:183} INFO - Processing /Users/naga/Desktop/airflow_env/lib/python3.12/site-packages/airflow/example_dags/example_external_task_marker_dag.py took 0.115 seconds
[2026-06-21T16:46:31.032-0500] {processor.py:161} INFO - Started process (PID=61020) to work on /Users/naga/Desktop/airflow_env/lib/python3.12/site-packages/airflow/example_dags/example_external_task_marker_dag.py
[2026-06-21T16:46:31.034-0500] {processor.py:830} INFO - Processing file /Users/naga/Desktop/airflow_env/lib/python3.12/site-packages/airflow/example_dags/example_external_task_marker_dag.py for tasks to queue
[2026-06-21T16:46:31.034-0500] {logging_mixin.py:188} INFO - [2026-06-21T16:46:31.034-0500] {dagbag.py:545} INFO - Filling up the DagBag from /Users/naga/Desktop/airflow_env/lib/python3.12/site-packages/airflow/example_dags/example_external_task_marker_dag.py
[2026-06-21T16:46:31.045-0500] {processor.py:840} INFO - DAG(s) 'example_external_task_marker_parent', 'example_external_task_marker_child' retrieved from /Users/naga/Desktop/airflow_env/lib/python3.12/site-packages/airflow/example_dags/example_external_task_marker_dag.py
[2026-06-21T16:46:31.125-0500] {logging_mixin.py:188} INFO - [2026-06-21T16:46:31.125-0500] {dag.py:3089} INFO - Sync 2 DAGs
[2026-06-21T16:46:31.133-0500] {logging_mixin.py:188} INFO - [2026-06-21T16:46:31.133-0500] {dag.py:3947} INFO - Setting next_dagrun for example_external_task_marker_child to None, run_after=None
[2026-06-21T16:46:31.135-0500] {logging_mixin.py:188} INFO - [2026-06-21T16:46:31.135-0500] {dag.py:3947} INFO - Setting next_dagrun for example_external_task_marker_parent to None, run_after=None
[2026-06-21T16:46:31.148-0500] {processor.py:183} INFO - Processing /Users/naga/Desktop/airflow_env/lib/python3.12/site-packages/airflow/example_dags/example_external_task_marker_dag.py took 0.118 seconds
[2026-06-21T18:49:53.245-0500] {processor.py:161} INFO - Started process (PID=61246) to work on /Users/naga/Desktop/airflow_env/lib/python3.12/site-packages/airflow/example_dags/example_external_task_marker_dag.py
[2026-06-21T18:49:53.247-0500] {processor.py:830} INFO - Processing file /Users/naga/Desktop/airflow_env/lib/python3.12/site-packages/airflow/example_dags/example_external_task_marker_dag.py for tasks to queue
[2026-06-21T18:49:53.247-0500] {logging_mixin.py:188} INFO - [2026-06-21T18:49:53.247-0500] {dagbag.py:545} INFO - Filling up the DagBag from /Users/naga/Desktop/airflow_env/lib/python3.12/site-packages/airflow/example_dags/example_external_task_marker_dag.py
[2026-06-21T18:49:53.258-0500] {processor.py:840} INFO - DAG(s) 'example_external_task_marker_parent', 'example_external_task_marker_child' retrieved from /Users/naga/Desktop/airflow_env/lib/python3.12/site-packages/airflow/example_dags/example_external_task_marker_dag.py
[2026-06-21T18:49:53.338-0500] {logging_mixin.py:188} INFO - [2026-06-21T18:49:53.338-0500] {dag.py:3089} INFO - Sync 2 DAGs
[2026-06-21T18:49:53.346-0500] {logging_mixin.py:188} INFO - [2026-06-21T18:49:53.346-0500] {dag.py:3947} INFO - Setting next_dagrun for example_external_task_marker_child to None, run_after=None
[2026-06-21T18:49:53.349-0500] {logging_mixin.py:188} INFO - [2026-06-21T18:49:53.348-0500] {dag.py:3947} INFO - Setting next_dagrun for example_external_task_marker_parent to None, run_after=None
[2026-06-21T18:49:53.360-0500] {processor.py:183} INFO - Processing /Users/naga/Desktop/airflow_env/lib/python3.12/site-packages/airflow/example_dags/example_external_task_marker_dag.py took 0.117 seconds
