[2026-06-21T14:44:25.163-0500] {processor.py:161} INFO - Started process (PID=54320) to work on /Users/naga/Desktop/airflow_env/lib/python3.12/site-packages/airflow/example_dags/example_short_circuit_operator.py
[2026-06-21T14:44:25.164-0500] {processor.py:830} INFO - Processing file /Users/naga/Desktop/airflow_env/lib/python3.12/site-packages/airflow/example_dags/example_short_circuit_operator.py for tasks to queue
[2026-06-21T14:44:25.165-0500] {logging_mixin.py:188} INFO - [2026-06-21T14:44:25.165-0500] {dagbag.py:545} INFO - Filling up the DagBag from /Users/naga/Desktop/airflow_env/lib/python3.12/site-packages/airflow/example_dags/example_short_circuit_operator.py
[2026-06-21T14:44:25.194-0500] {processor.py:840} INFO - DAG(s) 'example_short_circuit_operator' retrieved from /Users/naga/Desktop/airflow_env/lib/python3.12/site-packages/airflow/example_dags/example_short_circuit_operator.py
[2026-06-21T14:44:25.331-0500] {logging_mixin.py:188} INFO - [2026-06-21T14:44:25.331-0500] {override.py:1858} INFO - Created Permission View: can delete on DAG:example_short_circuit_operator
[2026-06-21T14:44:25.337-0500] {logging_mixin.py:188} INFO - [2026-06-21T14:44:25.337-0500] {override.py:1858} INFO - Created Permission View: can read on DAG:example_short_circuit_operator
[2026-06-21T14:44:25.341-0500] {logging_mixin.py:188} INFO - [2026-06-21T14:44:25.341-0500] {override.py:1858} INFO - Created Permission View: can edit on DAG:example_short_circuit_operator
[2026-06-21T14:44:25.341-0500] {logging_mixin.py:188} INFO - [2026-06-21T14:44:25.341-0500] {dag.py:3089} INFO - Sync 1 DAGs
[2026-06-21T14:44:25.348-0500] {logging_mixin.py:188} INFO - [2026-06-21T14:44:25.348-0500] {dag.py:3111} INFO - Creating ORM DAG for example_short_circuit_operator
[2026-06-21T14:44:25.355-0500] {logging_mixin.py:188} INFO - [2026-06-21T14:44:25.355-0500] {dag.py:3947} INFO - Setting next_dagrun for example_short_circuit_operator to 2026-06-20 00:00:00+00:00, run_after=2026-06-21 00:00:00+00:00
[2026-06-21T14:44:25.368-0500] {processor.py:183} INFO - Processing /Users/naga/Desktop/airflow_env/lib/python3.12/site-packages/airflow/example_dags/example_short_circuit_operator.py took 0.207 seconds
[2026-06-21T14:46:32.790-0500] {processor.py:161} INFO - Started process (PID=54426) to work on /Users/naga/Desktop/airflow_env/lib/python3.12/site-packages/airflow/example_dags/example_short_circuit_operator.py
[2026-06-21T14:46:32.791-0500] {processor.py:830} INFO - Processing file /Users/naga/Desktop/airflow_env/lib/python3.12/site-packages/airflow/example_dags/example_short_circuit_operator.py for tasks to queue
[2026-06-21T14:46:32.792-0500] {logging_mixin.py:188} INFO - [2026-06-21T14:46:32.792-0500] {dagbag.py:545} INFO - Filling up the DagBag from /Users/naga/Desktop/airflow_env/lib/python3.12/site-packages/airflow/example_dags/example_short_circuit_operator.py
[2026-06-21T14:46:32.818-0500] {processor.py:840} INFO - DAG(s) 'example_short_circuit_operator' retrieved from /Users/naga/Desktop/airflow_env/lib/python3.12/site-packages/airflow/example_dags/example_short_circuit_operator.py
[2026-06-21T14:46:32.892-0500] {logging_mixin.py:188} INFO - [2026-06-21T14:46:32.892-0500] {dag.py:3089} INFO - Sync 1 DAGs
[2026-06-21T14:46:32.905-0500] {logging_mixin.py:188} INFO - [2026-06-21T14:46:32.904-0500] {dag.py:3947} INFO - Setting next_dagrun for example_short_circuit_operator to 2026-06-20 00:00:00+00:00, run_after=2026-06-21 00:00:00+00:00
[2026-06-21T14:46:32.918-0500] {processor.py:183} INFO - Processing /Users/naga/Desktop/airflow_env/lib/python3.12/site-packages/airflow/example_dags/example_short_circuit_operator.py took 0.131 seconds
[2026-06-21T14:48:04.933-0500] {processor.py:161} INFO - Started process (PID=54478) to work on /Users/naga/Desktop/airflow_env/lib/python3.12/site-packages/airflow/example_dags/example_short_circuit_operator.py
[2026-06-21T14:48:04.934-0500] {processor.py:830} INFO - Processing file /Users/naga/Desktop/airflow_env/lib/python3.12/site-packages/airflow/example_dags/example_short_circuit_operator.py for tasks to queue
[2026-06-21T14:48:04.935-0500] {logging_mixin.py:188} INFO - [2026-06-21T14:48:04.934-0500] {dagbag.py:545} INFO - Filling up the DagBag from /Users/naga/Desktop/airflow_env/lib/python3.12/site-packages/airflow/example_dags/example_short_circuit_operator.py
[2026-06-21T14:48:04.963-0500] {processor.py:840} INFO - DAG(s) 'example_short_circuit_operator' retrieved from /Users/naga/Desktop/airflow_env/lib/python3.12/site-packages/airflow/example_dags/example_short_circuit_operator.py
[2026-06-21T14:48:05.040-0500] {logging_mixin.py:188} INFO - [2026-06-21T14:48:05.040-0500] {dag.py:3089} INFO - Sync 1 DAGs
[2026-06-21T14:48:05.053-0500] {logging_mixin.py:188} INFO - [2026-06-21T14:48:05.052-0500] {dag.py:3947} INFO - Setting next_dagrun for example_short_circuit_operator to 2026-06-20 00:00:00+00:00, run_after=2026-06-21 00:00:00+00:00
[2026-06-21T14:48:05.067-0500] {processor.py:183} INFO - Processing /Users/naga/Desktop/airflow_env/lib/python3.12/site-packages/airflow/example_dags/example_short_circuit_operator.py took 0.136 seconds
[2026-06-21T14:49:36.030-0500] {processor.py:161} INFO - Started process (PID=54616) to work on /Users/naga/Desktop/airflow_env/lib/python3.12/site-packages/airflow/example_dags/example_short_circuit_operator.py
[2026-06-21T14:49:36.031-0500] {processor.py:830} INFO - Processing file /Users/naga/Desktop/airflow_env/lib/python3.12/site-packages/airflow/example_dags/example_short_circuit_operator.py for tasks to queue
[2026-06-21T14:49:36.031-0500] {logging_mixin.py:188} INFO - [2026-06-21T14:49:36.031-0500] {dagbag.py:545} INFO - Filling up the DagBag from /Users/naga/Desktop/airflow_env/lib/python3.12/site-packages/airflow/example_dags/example_short_circuit_operator.py
[2026-06-21T14:49:36.056-0500] {processor.py:840} INFO - DAG(s) 'example_short_circuit_operator' retrieved from /Users/naga/Desktop/airflow_env/lib/python3.12/site-packages/airflow/example_dags/example_short_circuit_operator.py
[2026-06-21T14:49:36.130-0500] {logging_mixin.py:188} INFO - [2026-06-21T14:49:36.130-0500] {dag.py:3089} INFO - Sync 1 DAGs
[2026-06-21T14:49:36.142-0500] {logging_mixin.py:188} INFO - [2026-06-21T14:49:36.142-0500] {dag.py:3947} INFO - Setting next_dagrun for example_short_circuit_operator to 2026-06-20 00:00:00+00:00, run_after=2026-06-21 00:00:00+00:00
[2026-06-21T14:49:36.156-0500] {processor.py:183} INFO - Processing /Users/naga/Desktop/airflow_env/lib/python3.12/site-packages/airflow/example_dags/example_short_circuit_operator.py took 0.128 seconds
[2026-06-21T14:51:04.785-0500] {processor.py:161} INFO - Started process (PID=54699) to work on /Users/naga/Desktop/airflow_env/lib/python3.12/site-packages/airflow/example_dags/example_short_circuit_operator.py
[2026-06-21T14:51:04.786-0500] {processor.py:830} INFO - Processing file /Users/naga/Desktop/airflow_env/lib/python3.12/site-packages/airflow/example_dags/example_short_circuit_operator.py for tasks to queue
[2026-06-21T14:51:04.787-0500] {logging_mixin.py:188} INFO - [2026-06-21T14:51:04.786-0500] {dagbag.py:545} INFO - Filling up the DagBag from /Users/naga/Desktop/airflow_env/lib/python3.12/site-packages/airflow/example_dags/example_short_circuit_operator.py
[2026-06-21T14:51:04.812-0500] {processor.py:840} INFO - DAG(s) 'example_short_circuit_operator' retrieved from /Users/naga/Desktop/airflow_env/lib/python3.12/site-packages/airflow/example_dags/example_short_circuit_operator.py
[2026-06-21T14:51:04.887-0500] {logging_mixin.py:188} INFO - [2026-06-21T14:51:04.887-0500] {dag.py:3089} INFO - Sync 1 DAGs
[2026-06-21T14:51:04.899-0500] {logging_mixin.py:188} INFO - [2026-06-21T14:51:04.899-0500] {dag.py:3947} INFO - Setting next_dagrun for example_short_circuit_operator to 2026-06-20 00:00:00+00:00, run_after=2026-06-21 00:00:00+00:00
[2026-06-21T14:51:04.912-0500] {processor.py:183} INFO - Processing /Users/naga/Desktop/airflow_env/lib/python3.12/site-packages/airflow/example_dags/example_short_circuit_operator.py took 0.130 seconds
[2026-06-21T14:52:31.431-0500] {processor.py:161} INFO - Started process (PID=54765) to work on /Users/naga/Desktop/airflow_env/lib/python3.12/site-packages/airflow/example_dags/example_short_circuit_operator.py
[2026-06-21T14:52:31.433-0500] {processor.py:830} INFO - Processing file /Users/naga/Desktop/airflow_env/lib/python3.12/site-packages/airflow/example_dags/example_short_circuit_operator.py for tasks to queue
[2026-06-21T14:52:31.433-0500] {logging_mixin.py:188} INFO - [2026-06-21T14:52:31.433-0500] {dagbag.py:545} INFO - Filling up the DagBag from /Users/naga/Desktop/airflow_env/lib/python3.12/site-packages/airflow/example_dags/example_short_circuit_operator.py
[2026-06-21T14:52:31.458-0500] {processor.py:840} INFO - DAG(s) 'example_short_circuit_operator' retrieved from /Users/naga/Desktop/airflow_env/lib/python3.12/site-packages/airflow/example_dags/example_short_circuit_operator.py
[2026-06-21T14:52:31.532-0500] {logging_mixin.py:188} INFO - [2026-06-21T14:52:31.532-0500] {dag.py:3089} INFO - Sync 1 DAGs
[2026-06-21T14:52:31.544-0500] {logging_mixin.py:188} INFO - [2026-06-21T14:52:31.544-0500] {dag.py:3947} INFO - Setting next_dagrun for example_short_circuit_operator to 2026-06-20 00:00:00+00:00, run_after=2026-06-21 00:00:00+00:00
[2026-06-21T14:52:31.558-0500] {processor.py:183} INFO - Processing /Users/naga/Desktop/airflow_env/lib/python3.12/site-packages/airflow/example_dags/example_short_circuit_operator.py took 0.128 seconds
[2026-06-21T14:54:00.759-0500] {processor.py:161} INFO - Started process (PID=54832) to work on /Users/naga/Desktop/airflow_env/lib/python3.12/site-packages/airflow/example_dags/example_short_circuit_operator.py
[2026-06-21T14:54:00.760-0500] {processor.py:830} INFO - Processing file /Users/naga/Desktop/airflow_env/lib/python3.12/site-packages/airflow/example_dags/example_short_circuit_operator.py for tasks to queue
[2026-06-21T14:54:00.761-0500] {logging_mixin.py:188} INFO - [2026-06-21T14:54:00.761-0500] {dagbag.py:545} INFO - Filling up the DagBag from /Users/naga/Desktop/airflow_env/lib/python3.12/site-packages/airflow/example_dags/example_short_circuit_operator.py
[2026-06-21T14:54:00.787-0500] {processor.py:840} INFO - DAG(s) 'example_short_circuit_operator' retrieved from /Users/naga/Desktop/airflow_env/lib/python3.12/site-packages/airflow/example_dags/example_short_circuit_operator.py
[2026-06-21T14:54:00.861-0500] {logging_mixin.py:188} INFO - [2026-06-21T14:54:00.861-0500] {dag.py:3089} INFO - Sync 1 DAGs
[2026-06-21T14:54:00.873-0500] {logging_mixin.py:188} INFO - [2026-06-21T14:54:00.873-0500] {dag.py:3947} INFO - Setting next_dagrun for example_short_circuit_operator to 2026-06-20 00:00:00+00:00, run_after=2026-06-21 00:00:00+00:00
[2026-06-21T14:54:00.886-0500] {processor.py:183} INFO - Processing /Users/naga/Desktop/airflow_env/lib/python3.12/site-packages/airflow/example_dags/example_short_circuit_operator.py took 0.129 seconds
[2026-06-21T14:55:29.644-0500] {processor.py:161} INFO - Started process (PID=54979) to work on /Users/naga/Desktop/airflow_env/lib/python3.12/site-packages/airflow/example_dags/example_short_circuit_operator.py
[2026-06-21T14:55:29.645-0500] {processor.py:830} INFO - Processing file /Users/naga/Desktop/airflow_env/lib/python3.12/site-packages/airflow/example_dags/example_short_circuit_operator.py for tasks to queue
[2026-06-21T14:55:29.646-0500] {logging_mixin.py:188} INFO - [2026-06-21T14:55:29.645-0500] {dagbag.py:545} INFO - Filling up the DagBag from /Users/naga/Desktop/airflow_env/lib/python3.12/site-packages/airflow/example_dags/example_short_circuit_operator.py
[2026-06-21T14:55:29.671-0500] {processor.py:840} INFO - DAG(s) 'example_short_circuit_operator' retrieved from /Users/naga/Desktop/airflow_env/lib/python3.12/site-packages/airflow/example_dags/example_short_circuit_operator.py
[2026-06-21T14:55:29.744-0500] {logging_mixin.py:188} INFO - [2026-06-21T14:55:29.744-0500] {dag.py:3089} INFO - Sync 1 DAGs
[2026-06-21T14:55:29.756-0500] {logging_mixin.py:188} INFO - [2026-06-21T14:55:29.756-0500] {dag.py:3947} INFO - Setting next_dagrun for example_short_circuit_operator to 2026-06-20 00:00:00+00:00, run_after=2026-06-21 00:00:00+00:00
[2026-06-21T14:55:29.770-0500] {processor.py:183} INFO - Processing /Users/naga/Desktop/airflow_env/lib/python3.12/site-packages/airflow/example_dags/example_short_circuit_operator.py took 0.128 seconds
[2026-06-21T14:57:08.315-0500] {processor.py:161} INFO - Started process (PID=55220) to work on /Users/naga/Desktop/airflow_env/lib/python3.12/site-packages/airflow/example_dags/example_short_circuit_operator.py
[2026-06-21T14:57:08.316-0500] {processor.py:830} INFO - Processing file /Users/naga/Desktop/airflow_env/lib/python3.12/site-packages/airflow/example_dags/example_short_circuit_operator.py for tasks to queue
[2026-06-21T14:57:08.317-0500] {logging_mixin.py:188} INFO - [2026-06-21T14:57:08.317-0500] {dagbag.py:545} INFO - Filling up the DagBag from /Users/naga/Desktop/airflow_env/lib/python3.12/site-packages/airflow/example_dags/example_short_circuit_operator.py
[2026-06-21T14:57:08.343-0500] {processor.py:840} INFO - DAG(s) 'example_short_circuit_operator' retrieved from /Users/naga/Desktop/airflow_env/lib/python3.12/site-packages/airflow/example_dags/example_short_circuit_operator.py
[2026-06-21T14:57:08.418-0500] {logging_mixin.py:188} INFO - [2026-06-21T14:57:08.418-0500] {dag.py:3089} INFO - Sync 1 DAGs
[2026-06-21T14:57:08.432-0500] {logging_mixin.py:188} INFO - [2026-06-21T14:57:08.432-0500] {dag.py:3947} INFO - Setting next_dagrun for example_short_circuit_operator to 2026-06-20 00:00:00+00:00, run_after=2026-06-21 00:00:00+00:00
[2026-06-21T14:57:08.447-0500] {processor.py:183} INFO - Processing /Users/naga/Desktop/airflow_env/lib/python3.12/site-packages/airflow/example_dags/example_short_circuit_operator.py took 0.134 seconds
[2026-06-21T14:58:42.764-0500] {processor.py:161} INFO - Started process (PID=55289) to work on /Users/naga/Desktop/airflow_env/lib/python3.12/site-packages/airflow/example_dags/example_short_circuit_operator.py
[2026-06-21T14:58:42.765-0500] {processor.py:830} INFO - Processing file /Users/naga/Desktop/airflow_env/lib/python3.12/site-packages/airflow/example_dags/example_short_circuit_operator.py for tasks to queue
[2026-06-21T14:58:42.766-0500] {logging_mixin.py:188} INFO - [2026-06-21T14:58:42.766-0500] {dagbag.py:545} INFO - Filling up the DagBag from /Users/naga/Desktop/airflow_env/lib/python3.12/site-packages/airflow/example_dags/example_short_circuit_operator.py
[2026-06-21T14:58:42.792-0500] {processor.py:840} INFO - DAG(s) 'example_short_circuit_operator' retrieved from /Users/naga/Desktop/airflow_env/lib/python3.12/site-packages/airflow/example_dags/example_short_circuit_operator.py
[2026-06-21T14:58:42.867-0500] {logging_mixin.py:188} INFO - [2026-06-21T14:58:42.866-0500] {dag.py:3089} INFO - Sync 1 DAGs
[2026-06-21T14:58:42.879-0500] {logging_mixin.py:188} INFO - [2026-06-21T14:58:42.878-0500] {dag.py:3947} INFO - Setting next_dagrun for example_short_circuit_operator to 2026-06-20 00:00:00+00:00, run_after=2026-06-21 00:00:00+00:00
[2026-06-21T14:58:42.892-0500] {processor.py:183} INFO - Processing /Users/naga/Desktop/airflow_env/lib/python3.12/site-packages/airflow/example_dags/example_short_circuit_operator.py took 0.130 seconds
[2026-06-21T15:00:21.277-0500] {processor.py:161} INFO - Started process (PID=55388) to work on /Users/naga/Desktop/airflow_env/lib/python3.12/site-packages/airflow/example_dags/example_short_circuit_operator.py
[2026-06-21T15:00:21.278-0500] {processor.py:830} INFO - Processing file /Users/naga/Desktop/airflow_env/lib/python3.12/site-packages/airflow/example_dags/example_short_circuit_operator.py for tasks to queue
[2026-06-21T15:00:21.279-0500] {logging_mixin.py:188} INFO - [2026-06-21T15:00:21.278-0500] {dagbag.py:545} INFO - Filling up the DagBag from /Users/naga/Desktop/airflow_env/lib/python3.12/site-packages/airflow/example_dags/example_short_circuit_operator.py
[2026-06-21T15:00:21.304-0500] {processor.py:840} INFO - DAG(s) 'example_short_circuit_operator' retrieved from /Users/naga/Desktop/airflow_env/lib/python3.12/site-packages/airflow/example_dags/example_short_circuit_operator.py
[2026-06-21T15:00:21.383-0500] {logging_mixin.py:188} INFO - [2026-06-21T15:00:21.382-0500] {dag.py:3089} INFO - Sync 1 DAGs
[2026-06-21T15:00:21.396-0500] {logging_mixin.py:188} INFO - [2026-06-21T15:00:21.395-0500] {dag.py:3947} INFO - Setting next_dagrun for example_short_circuit_operator to 2026-06-20 00:00:00+00:00, run_after=2026-06-21 00:00:00+00:00
[2026-06-21T15:00:21.411-0500] {processor.py:183} INFO - Processing /Users/naga/Desktop/airflow_env/lib/python3.12/site-packages/airflow/example_dags/example_short_circuit_operator.py took 0.136 seconds
[2026-06-21T15:01:55.825-0500] {processor.py:161} INFO - Started process (PID=55476) to work on /Users/naga/Desktop/airflow_env/lib/python3.12/site-packages/airflow/example_dags/example_short_circuit_operator.py
[2026-06-21T15:01:55.826-0500] {processor.py:830} INFO - Processing file /Users/naga/Desktop/airflow_env/lib/python3.12/site-packages/airflow/example_dags/example_short_circuit_operator.py for tasks to queue
[2026-06-21T15:01:55.827-0500] {logging_mixin.py:188} INFO - [2026-06-21T15:01:55.827-0500] {dagbag.py:545} INFO - Filling up the DagBag from /Users/naga/Desktop/airflow_env/lib/python3.12/site-packages/airflow/example_dags/example_short_circuit_operator.py
[2026-06-21T15:01:55.853-0500] {processor.py:840} INFO - DAG(s) 'example_short_circuit_operator' retrieved from /Users/naga/Desktop/airflow_env/lib/python3.12/site-packages/airflow/example_dags/example_short_circuit_operator.py
[2026-06-21T15:01:55.930-0500] {logging_mixin.py:188} INFO - [2026-06-21T15:01:55.930-0500] {dag.py:3089} INFO - Sync 1 DAGs
[2026-06-21T15:01:55.943-0500] {logging_mixin.py:188} INFO - [2026-06-21T15:01:55.943-0500] {dag.py:3947} INFO - Setting next_dagrun for example_short_circuit_operator to 2026-06-20 00:00:00+00:00, run_after=2026-06-21 00:00:00+00:00
[2026-06-21T15:01:55.957-0500] {processor.py:183} INFO - Processing /Users/naga/Desktop/airflow_env/lib/python3.12/site-packages/airflow/example_dags/example_short_circuit_operator.py took 0.135 seconds
[2026-06-21T15:03:28.723-0500] {processor.py:161} INFO - Started process (PID=55553) to work on /Users/naga/Desktop/airflow_env/lib/python3.12/site-packages/airflow/example_dags/example_short_circuit_operator.py
[2026-06-21T15:03:28.724-0500] {processor.py:830} INFO - Processing file /Users/naga/Desktop/airflow_env/lib/python3.12/site-packages/airflow/example_dags/example_short_circuit_operator.py for tasks to queue
[2026-06-21T15:03:28.725-0500] {logging_mixin.py:188} INFO - [2026-06-21T15:03:28.725-0500] {dagbag.py:545} INFO - Filling up the DagBag from /Users/naga/Desktop/airflow_env/lib/python3.12/site-packages/airflow/example_dags/example_short_circuit_operator.py
[2026-06-21T15:03:28.752-0500] {processor.py:840} INFO - DAG(s) 'example_short_circuit_operator' retrieved from /Users/naga/Desktop/airflow_env/lib/python3.12/site-packages/airflow/example_dags/example_short_circuit_operator.py
[2026-06-21T15:03:28.828-0500] {logging_mixin.py:188} INFO - [2026-06-21T15:03:28.828-0500] {dag.py:3089} INFO - Sync 1 DAGs
[2026-06-21T15:03:28.841-0500] {logging_mixin.py:188} INFO - [2026-06-21T15:03:28.840-0500] {dag.py:3947} INFO - Setting next_dagrun for example_short_circuit_operator to 2026-06-20 00:00:00+00:00, run_after=2026-06-21 00:00:00+00:00
[2026-06-21T15:03:28.855-0500] {processor.py:183} INFO - Processing /Users/naga/Desktop/airflow_env/lib/python3.12/site-packages/airflow/example_dags/example_short_circuit_operator.py took 0.134 seconds
[2026-06-21T15:04:59.151-0500] {processor.py:161} INFO - Started process (PID=55621) to work on /Users/naga/Desktop/airflow_env/lib/python3.12/site-packages/airflow/example_dags/example_short_circuit_operator.py
[2026-06-21T15:04:59.152-0500] {processor.py:830} INFO - Processing file /Users/naga/Desktop/airflow_env/lib/python3.12/site-packages/airflow/example_dags/example_short_circuit_operator.py for tasks to queue
[2026-06-21T15:04:59.153-0500] {logging_mixin.py:188} INFO - [2026-06-21T15:04:59.153-0500] {dagbag.py:545} INFO - Filling up the DagBag from /Users/naga/Desktop/airflow_env/lib/python3.12/site-packages/airflow/example_dags/example_short_circuit_operator.py
[2026-06-21T15:04:59.179-0500] {processor.py:840} INFO - DAG(s) 'example_short_circuit_operator' retrieved from /Users/naga/Desktop/airflow_env/lib/python3.12/site-packages/airflow/example_dags/example_short_circuit_operator.py
[2026-06-21T15:04:59.254-0500] {logging_mixin.py:188} INFO - [2026-06-21T15:04:59.253-0500] {dag.py:3089} INFO - Sync 1 DAGs
[2026-06-21T15:04:59.266-0500] {logging_mixin.py:188} INFO - [2026-06-21T15:04:59.266-0500] {dag.py:3947} INFO - Setting next_dagrun for example_short_circuit_operator to 2026-06-20 00:00:00+00:00, run_after=2026-06-21 00:00:00+00:00
[2026-06-21T15:04:59.279-0500] {processor.py:183} INFO - Processing /Users/naga/Desktop/airflow_env/lib/python3.12/site-packages/airflow/example_dags/example_short_circuit_operator.py took 0.131 seconds
[2026-06-21T15:06:33.768-0500] {processor.py:161} INFO - Started process (PID=55678) to work on /Users/naga/Desktop/airflow_env/lib/python3.12/site-packages/airflow/example_dags/example_short_circuit_operator.py
[2026-06-21T15:06:33.769-0500] {processor.py:830} INFO - Processing file /Users/naga/Desktop/airflow_env/lib/python3.12/site-packages/airflow/example_dags/example_short_circuit_operator.py for tasks to queue
[2026-06-21T15:06:33.770-0500] {logging_mixin.py:188} INFO - [2026-06-21T15:06:33.770-0500] {dagbag.py:545} INFO - Filling up the DagBag from /Users/naga/Desktop/airflow_env/lib/python3.12/site-packages/airflow/example_dags/example_short_circuit_operator.py
[2026-06-21T15:06:33.797-0500] {processor.py:840} INFO - DAG(s) 'example_short_circuit_operator' retrieved from /Users/naga/Desktop/airflow_env/lib/python3.12/site-packages/airflow/example_dags/example_short_circuit_operator.py
[2026-06-21T15:06:33.875-0500] {logging_mixin.py:188} INFO - [2026-06-21T15:06:33.875-0500] {dag.py:3089} INFO - Sync 1 DAGs
[2026-06-21T15:06:33.889-0500] {logging_mixin.py:188} INFO - [2026-06-21T15:06:33.888-0500] {dag.py:3947} INFO - Setting next_dagrun for example_short_circuit_operator to 2026-06-20 00:00:00+00:00, run_after=2026-06-21 00:00:00+00:00
[2026-06-21T15:06:33.904-0500] {processor.py:183} INFO - Processing /Users/naga/Desktop/airflow_env/lib/python3.12/site-packages/airflow/example_dags/example_short_circuit_operator.py took 0.139 seconds
[2026-06-21T15:08:04.179-0500] {processor.py:161} INFO - Started process (PID=55748) to work on /Users/naga/Desktop/airflow_env/lib/python3.12/site-packages/airflow/example_dags/example_short_circuit_operator.py
[2026-06-21T15:08:04.180-0500] {processor.py:830} INFO - Processing file /Users/naga/Desktop/airflow_env/lib/python3.12/site-packages/airflow/example_dags/example_short_circuit_operator.py for tasks to queue
[2026-06-21T15:08:04.180-0500] {logging_mixin.py:188} INFO - [2026-06-21T15:08:04.180-0500] {dagbag.py:545} INFO - Filling up the DagBag from /Users/naga/Desktop/airflow_env/lib/python3.12/site-packages/airflow/example_dags/example_short_circuit_operator.py
[2026-06-21T15:08:04.206-0500] {processor.py:840} INFO - DAG(s) 'example_short_circuit_operator' retrieved from /Users/naga/Desktop/airflow_env/lib/python3.12/site-packages/airflow/example_dags/example_short_circuit_operator.py
[2026-06-21T15:08:04.283-0500] {logging_mixin.py:188} INFO - [2026-06-21T15:08:04.282-0500] {dag.py:3089} INFO - Sync 1 DAGs
[2026-06-21T15:08:04.295-0500] {logging_mixin.py:188} INFO - [2026-06-21T15:08:04.295-0500] {dag.py:3947} INFO - Setting next_dagrun for example_short_circuit_operator to 2026-06-20 00:00:00+00:00, run_after=2026-06-21 00:00:00+00:00
[2026-06-21T15:08:04.308-0500] {processor.py:183} INFO - Processing /Users/naga/Desktop/airflow_env/lib/python3.12/site-packages/airflow/example_dags/example_short_circuit_operator.py took 0.132 seconds
[2026-06-21T15:09:39.072-0500] {processor.py:161} INFO - Started process (PID=55816) to work on /Users/naga/Desktop/airflow_env/lib/python3.12/site-packages/airflow/example_dags/example_short_circuit_operator.py
[2026-06-21T15:09:39.073-0500] {processor.py:830} INFO - Processing file /Users/naga/Desktop/airflow_env/lib/python3.12/site-packages/airflow/example_dags/example_short_circuit_operator.py for tasks to queue
[2026-06-21T15:09:39.074-0500] {logging_mixin.py:188} INFO - [2026-06-21T15:09:39.074-0500] {dagbag.py:545} INFO - Filling up the DagBag from /Users/naga/Desktop/airflow_env/lib/python3.12/site-packages/airflow/example_dags/example_short_circuit_operator.py
[2026-06-21T15:09:39.099-0500] {processor.py:840} INFO - DAG(s) 'example_short_circuit_operator' retrieved from /Users/naga/Desktop/airflow_env/lib/python3.12/site-packages/airflow/example_dags/example_short_circuit_operator.py
[2026-06-21T15:09:39.173-0500] {logging_mixin.py:188} INFO - [2026-06-21T15:09:39.173-0500] {dag.py:3089} INFO - Sync 1 DAGs
[2026-06-21T15:09:39.185-0500] {logging_mixin.py:188} INFO - [2026-06-21T15:09:39.185-0500] {dag.py:3947} INFO - Setting next_dagrun for example_short_circuit_operator to 2026-06-20 00:00:00+00:00, run_after=2026-06-21 00:00:00+00:00
[2026-06-21T15:09:39.198-0500] {processor.py:183} INFO - Processing /Users/naga/Desktop/airflow_env/lib/python3.12/site-packages/airflow/example_dags/example_short_circuit_operator.py took 0.128 seconds
[2026-06-21T15:11:10.453-0500] {processor.py:161} INFO - Started process (PID=55894) to work on /Users/naga/Desktop/airflow_env/lib/python3.12/site-packages/airflow/example_dags/example_short_circuit_operator.py
[2026-06-21T15:11:10.454-0500] {processor.py:830} INFO - Processing file /Users/naga/Desktop/airflow_env/lib/python3.12/site-packages/airflow/example_dags/example_short_circuit_operator.py for tasks to queue
[2026-06-21T15:11:10.454-0500] {logging_mixin.py:188} INFO - [2026-06-21T15:11:10.454-0500] {dagbag.py:545} INFO - Filling up the DagBag from /Users/naga/Desktop/airflow_env/lib/python3.12/site-packages/airflow/example_dags/example_short_circuit_operator.py
[2026-06-21T15:11:10.480-0500] {processor.py:840} INFO - DAG(s) 'example_short_circuit_operator' retrieved from /Users/naga/Desktop/airflow_env/lib/python3.12/site-packages/airflow/example_dags/example_short_circuit_operator.py
[2026-06-21T15:11:10.555-0500] {logging_mixin.py:188} INFO - [2026-06-21T15:11:10.555-0500] {dag.py:3089} INFO - Sync 1 DAGs
[2026-06-21T15:11:10.567-0500] {logging_mixin.py:188} INFO - [2026-06-21T15:11:10.567-0500] {dag.py:3947} INFO - Setting next_dagrun for example_short_circuit_operator to 2026-06-20 00:00:00+00:00, run_after=2026-06-21 00:00:00+00:00
[2026-06-21T15:11:10.580-0500] {processor.py:183} INFO - Processing /Users/naga/Desktop/airflow_env/lib/python3.12/site-packages/airflow/example_dags/example_short_circuit_operator.py took 0.130 seconds
[2026-06-21T15:12:53.534-0500] {processor.py:161} INFO - Started process (PID=56064) to work on /Users/naga/Desktop/airflow_env/lib/python3.12/site-packages/airflow/example_dags/example_short_circuit_operator.py
[2026-06-21T15:12:53.535-0500] {processor.py:830} INFO - Processing file /Users/naga/Desktop/airflow_env/lib/python3.12/site-packages/airflow/example_dags/example_short_circuit_operator.py for tasks to queue
[2026-06-21T15:12:53.535-0500] {logging_mixin.py:188} INFO - [2026-06-21T15:12:53.535-0500] {dagbag.py:545} INFO - Filling up the DagBag from /Users/naga/Desktop/airflow_env/lib/python3.12/site-packages/airflow/example_dags/example_short_circuit_operator.py
[2026-06-21T15:12:53.551-0500] {processor.py:840} INFO - DAG(s) 'example_short_circuit_operator' retrieved from /Users/naga/Desktop/airflow_env/lib/python3.12/site-packages/airflow/example_dags/example_short_circuit_operator.py
[2026-06-21T15:12:53.597-0500] {logging_mixin.py:188} INFO - [2026-06-21T15:12:53.597-0500] {dag.py:3089} INFO - Sync 1 DAGs
[2026-06-21T15:12:53.605-0500] {logging_mixin.py:188} INFO - [2026-06-21T15:12:53.605-0500] {dag.py:3947} INFO - Setting next_dagrun for example_short_circuit_operator to 2026-06-20 00:00:00+00:00, run_after=2026-06-21 00:00:00+00:00
[2026-06-21T15:12:53.615-0500] {processor.py:183} INFO - Processing /Users/naga/Desktop/airflow_env/lib/python3.12/site-packages/airflow/example_dags/example_short_circuit_operator.py took 0.082 seconds
[2026-06-21T15:14:12.868-0500] {processor.py:161} INFO - Started process (PID=56163) to work on /Users/naga/Desktop/airflow_env/lib/python3.12/site-packages/airflow/example_dags/example_short_circuit_operator.py
[2026-06-21T15:14:12.869-0500] {processor.py:830} INFO - Processing file /Users/naga/Desktop/airflow_env/lib/python3.12/site-packages/airflow/example_dags/example_short_circuit_operator.py for tasks to queue
[2026-06-21T15:14:12.869-0500] {logging_mixin.py:188} INFO - [2026-06-21T15:14:12.869-0500] {dagbag.py:545} INFO - Filling up the DagBag from /Users/naga/Desktop/airflow_env/lib/python3.12/site-packages/airflow/example_dags/example_short_circuit_operator.py
[2026-06-21T15:14:12.886-0500] {processor.py:840} INFO - DAG(s) 'example_short_circuit_operator' retrieved from /Users/naga/Desktop/airflow_env/lib/python3.12/site-packages/airflow/example_dags/example_short_circuit_operator.py
[2026-06-21T15:14:12.929-0500] {logging_mixin.py:188} INFO - [2026-06-21T15:14:12.929-0500] {dag.py:3089} INFO - Sync 1 DAGs
[2026-06-21T15:14:12.936-0500] {logging_mixin.py:188} INFO - [2026-06-21T15:14:12.936-0500] {dag.py:3947} INFO - Setting next_dagrun for example_short_circuit_operator to 2026-06-20 00:00:00+00:00, run_after=2026-06-21 00:00:00+00:00
[2026-06-21T15:14:12.944-0500] {processor.py:183} INFO - Processing /Users/naga/Desktop/airflow_env/lib/python3.12/site-packages/airflow/example_dags/example_short_circuit_operator.py took 0.078 seconds
[2026-06-21T15:31:24.051-0500] {processor.py:161} INFO - Started process (PID=56435) to work on /Users/naga/Desktop/airflow_env/lib/python3.12/site-packages/airflow/example_dags/example_short_circuit_operator.py
[2026-06-21T15:31:24.051-0500] {processor.py:830} INFO - Processing file /Users/naga/Desktop/airflow_env/lib/python3.12/site-packages/airflow/example_dags/example_short_circuit_operator.py for tasks to queue
[2026-06-21T15:31:24.052-0500] {logging_mixin.py:188} INFO - [2026-06-21T15:31:24.052-0500] {dagbag.py:545} INFO - Filling up the DagBag from /Users/naga/Desktop/airflow_env/lib/python3.12/site-packages/airflow/example_dags/example_short_circuit_operator.py
[2026-06-21T15:31:24.067-0500] {processor.py:840} INFO - DAG(s) 'example_short_circuit_operator' retrieved from /Users/naga/Desktop/airflow_env/lib/python3.12/site-packages/airflow/example_dags/example_short_circuit_operator.py
[2026-06-21T15:31:24.112-0500] {logging_mixin.py:188} INFO - [2026-06-21T15:31:24.112-0500] {dag.py:3089} INFO - Sync 1 DAGs
[2026-06-21T15:31:24.119-0500] {logging_mixin.py:188} INFO - [2026-06-21T15:31:24.119-0500] {dag.py:3947} INFO - Setting next_dagrun for example_short_circuit_operator to 2026-06-20 00:00:00+00:00, run_after=2026-06-21 00:00:00+00:00
[2026-06-21T15:31:24.128-0500] {processor.py:183} INFO - Processing /Users/naga/Desktop/airflow_env/lib/python3.12/site-packages/airflow/example_dags/example_short_circuit_operator.py took 0.079 seconds
[2026-06-21T15:33:09.304-0500] {processor.py:161} INFO - Started process (PID=56627) to work on /Users/naga/Desktop/airflow_env/lib/python3.12/site-packages/airflow/example_dags/example_short_circuit_operator.py
[2026-06-21T15:33:09.305-0500] {processor.py:830} INFO - Processing file /Users/naga/Desktop/airflow_env/lib/python3.12/site-packages/airflow/example_dags/example_short_circuit_operator.py for tasks to queue
[2026-06-21T15:33:09.305-0500] {logging_mixin.py:188} INFO - [2026-06-21T15:33:09.305-0500] {dagbag.py:545} INFO - Filling up the DagBag from /Users/naga/Desktop/airflow_env/lib/python3.12/site-packages/airflow/example_dags/example_short_circuit_operator.py
[2026-06-21T15:33:09.321-0500] {processor.py:840} INFO - DAG(s) 'example_short_circuit_operator' retrieved from /Users/naga/Desktop/airflow_env/lib/python3.12/site-packages/airflow/example_dags/example_short_circuit_operator.py
[2026-06-21T15:33:09.367-0500] {logging_mixin.py:188} INFO - [2026-06-21T15:33:09.367-0500] {dag.py:3089} INFO - Sync 1 DAGs
[2026-06-21T15:33:09.375-0500] {logging_mixin.py:188} INFO - [2026-06-21T15:33:09.375-0500] {dag.py:3947} INFO - Setting next_dagrun for example_short_circuit_operator to 2026-06-20 00:00:00+00:00, run_after=2026-06-21 00:00:00+00:00
[2026-06-21T15:33:09.384-0500] {processor.py:183} INFO - Processing /Users/naga/Desktop/airflow_env/lib/python3.12/site-packages/airflow/example_dags/example_short_circuit_operator.py took 0.082 seconds
[2026-06-21T15:34:20.500-0500] {processor.py:161} INFO - Started process (PID=56738) to work on /Users/naga/Desktop/airflow_env/lib/python3.12/site-packages/airflow/example_dags/example_short_circuit_operator.py
[2026-06-21T15:34:20.500-0500] {processor.py:830} INFO - Processing file /Users/naga/Desktop/airflow_env/lib/python3.12/site-packages/airflow/example_dags/example_short_circuit_operator.py for tasks to queue
[2026-06-21T15:34:20.501-0500] {logging_mixin.py:188} INFO - [2026-06-21T15:34:20.501-0500] {dagbag.py:545} INFO - Filling up the DagBag from /Users/naga/Desktop/airflow_env/lib/python3.12/site-packages/airflow/example_dags/example_short_circuit_operator.py
[2026-06-21T15:34:20.516-0500] {processor.py:840} INFO - DAG(s) 'example_short_circuit_operator' retrieved from /Users/naga/Desktop/airflow_env/lib/python3.12/site-packages/airflow/example_dags/example_short_circuit_operator.py
[2026-06-21T15:34:20.562-0500] {logging_mixin.py:188} INFO - [2026-06-21T15:34:20.562-0500] {dag.py:3089} INFO - Sync 1 DAGs
[2026-06-21T15:34:20.569-0500] {logging_mixin.py:188} INFO - [2026-06-21T15:34:20.569-0500] {dag.py:3947} INFO - Setting next_dagrun for example_short_circuit_operator to 2026-06-20 00:00:00+00:00, run_after=2026-06-21 00:00:00+00:00
[2026-06-21T15:34:20.578-0500] {processor.py:183} INFO - Processing /Users/naga/Desktop/airflow_env/lib/python3.12/site-packages/airflow/example_dags/example_short_circuit_operator.py took 0.079 seconds
[2026-06-21T15:36:18.661-0500] {processor.py:161} INFO - Started process (PID=56851) to work on /Users/naga/Desktop/airflow_env/lib/python3.12/site-packages/airflow/example_dags/example_short_circuit_operator.py
[2026-06-21T15:36:18.662-0500] {processor.py:830} INFO - Processing file /Users/naga/Desktop/airflow_env/lib/python3.12/site-packages/airflow/example_dags/example_short_circuit_operator.py for tasks to queue
[2026-06-21T15:36:18.662-0500] {logging_mixin.py:188} INFO - [2026-06-21T15:36:18.662-0500] {dagbag.py:545} INFO - Filling up the DagBag from /Users/naga/Desktop/airflow_env/lib/python3.12/site-packages/airflow/example_dags/example_short_circuit_operator.py
[2026-06-21T15:36:18.677-0500] {processor.py:840} INFO - DAG(s) 'example_short_circuit_operator' retrieved from /Users/naga/Desktop/airflow_env/lib/python3.12/site-packages/airflow/example_dags/example_short_circuit_operator.py
[2026-06-21T15:36:18.721-0500] {logging_mixin.py:188} INFO - [2026-06-21T15:36:18.721-0500] {dag.py:3089} INFO - Sync 1 DAGs
[2026-06-21T15:36:18.729-0500] {logging_mixin.py:188} INFO - [2026-06-21T15:36:18.728-0500] {dag.py:3947} INFO - Setting next_dagrun for example_short_circuit_operator to 2026-06-20 00:00:00+00:00, run_after=2026-06-21 00:00:00+00:00
[2026-06-21T15:36:18.736-0500] {processor.py:183} INFO - Processing /Users/naga/Desktop/airflow_env/lib/python3.12/site-packages/airflow/example_dags/example_short_circuit_operator.py took 0.077 seconds
[2026-06-21T15:38:22.757-0500] {processor.py:161} INFO - Started process (PID=56989) to work on /Users/naga/Desktop/airflow_env/lib/python3.12/site-packages/airflow/example_dags/example_short_circuit_operator.py
[2026-06-21T15:38:22.758-0500] {processor.py:830} INFO - Processing file /Users/naga/Desktop/airflow_env/lib/python3.12/site-packages/airflow/example_dags/example_short_circuit_operator.py for tasks to queue
[2026-06-21T15:38:22.758-0500] {logging_mixin.py:188} INFO - [2026-06-21T15:38:22.758-0500] {dagbag.py:545} INFO - Filling up the DagBag from /Users/naga/Desktop/airflow_env/lib/python3.12/site-packages/airflow/example_dags/example_short_circuit_operator.py
[2026-06-21T15:38:22.773-0500] {processor.py:840} INFO - DAG(s) 'example_short_circuit_operator' retrieved from /Users/naga/Desktop/airflow_env/lib/python3.12/site-packages/airflow/example_dags/example_short_circuit_operator.py
[2026-06-21T15:38:22.818-0500] {logging_mixin.py:188} INFO - [2026-06-21T15:38:22.818-0500] {dag.py:3089} INFO - Sync 1 DAGs
[2026-06-21T15:38:22.825-0500] {logging_mixin.py:188} INFO - [2026-06-21T15:38:22.825-0500] {dag.py:3947} INFO - Setting next_dagrun for example_short_circuit_operator to 2026-06-20 00:00:00+00:00, run_after=2026-06-21 00:00:00+00:00
[2026-06-21T15:38:22.834-0500] {processor.py:183} INFO - Processing /Users/naga/Desktop/airflow_env/lib/python3.12/site-packages/airflow/example_dags/example_short_circuit_operator.py took 0.079 seconds
[2026-06-21T15:40:26.785-0500] {processor.py:161} INFO - Started process (PID=57091) to work on /Users/naga/Desktop/airflow_env/lib/python3.12/site-packages/airflow/example_dags/example_short_circuit_operator.py
[2026-06-21T15:40:26.785-0500] {processor.py:830} INFO - Processing file /Users/naga/Desktop/airflow_env/lib/python3.12/site-packages/airflow/example_dags/example_short_circuit_operator.py for tasks to queue
[2026-06-21T15:40:26.786-0500] {logging_mixin.py:188} INFO - [2026-06-21T15:40:26.786-0500] {dagbag.py:545} INFO - Filling up the DagBag from /Users/naga/Desktop/airflow_env/lib/python3.12/site-packages/airflow/example_dags/example_short_circuit_operator.py
[2026-06-21T15:40:26.801-0500] {processor.py:840} INFO - DAG(s) 'example_short_circuit_operator' retrieved from /Users/naga/Desktop/airflow_env/lib/python3.12/site-packages/airflow/example_dags/example_short_circuit_operator.py
[2026-06-21T15:40:26.845-0500] {logging_mixin.py:188} INFO - [2026-06-21T15:40:26.845-0500] {dag.py:3089} INFO - Sync 1 DAGs
[2026-06-21T15:40:26.852-0500] {logging_mixin.py:188} INFO - [2026-06-21T15:40:26.852-0500] {dag.py:3947} INFO - Setting next_dagrun for example_short_circuit_operator to 2026-06-20 00:00:00+00:00, run_after=2026-06-21 00:00:00+00:00
[2026-06-21T15:40:26.860-0500] {processor.py:183} INFO - Processing /Users/naga/Desktop/airflow_env/lib/python3.12/site-packages/airflow/example_dags/example_short_circuit_operator.py took 0.077 seconds
[2026-06-21T15:42:30.844-0500] {processor.py:161} INFO - Started process (PID=57229) to work on /Users/naga/Desktop/airflow_env/lib/python3.12/site-packages/airflow/example_dags/example_short_circuit_operator.py
[2026-06-21T15:42:30.845-0500] {processor.py:830} INFO - Processing file /Users/naga/Desktop/airflow_env/lib/python3.12/site-packages/airflow/example_dags/example_short_circuit_operator.py for tasks to queue
[2026-06-21T15:42:30.845-0500] {logging_mixin.py:188} INFO - [2026-06-21T15:42:30.845-0500] {dagbag.py:545} INFO - Filling up the DagBag from /Users/naga/Desktop/airflow_env/lib/python3.12/site-packages/airflow/example_dags/example_short_circuit_operator.py
[2026-06-21T15:42:30.861-0500] {processor.py:840} INFO - DAG(s) 'example_short_circuit_operator' retrieved from /Users/naga/Desktop/airflow_env/lib/python3.12/site-packages/airflow/example_dags/example_short_circuit_operator.py
[2026-06-21T15:42:30.906-0500] {logging_mixin.py:188} INFO - [2026-06-21T15:42:30.906-0500] {dag.py:3089} INFO - Sync 1 DAGs
[2026-06-21T15:42:30.914-0500] {logging_mixin.py:188} INFO - [2026-06-21T15:42:30.914-0500] {dag.py:3947} INFO - Setting next_dagrun for example_short_circuit_operator to 2026-06-20 00:00:00+00:00, run_after=2026-06-21 00:00:00+00:00
[2026-06-21T15:42:30.923-0500] {processor.py:183} INFO - Processing /Users/naga/Desktop/airflow_env/lib/python3.12/site-packages/airflow/example_dags/example_short_circuit_operator.py took 0.080 seconds
[2026-06-21T15:44:36.646-0500] {processor.py:161} INFO - Started process (PID=57355) to work on /Users/naga/Desktop/airflow_env/lib/python3.12/site-packages/airflow/example_dags/example_short_circuit_operator.py
[2026-06-21T15:44:36.647-0500] {processor.py:830} INFO - Processing file /Users/naga/Desktop/airflow_env/lib/python3.12/site-packages/airflow/example_dags/example_short_circuit_operator.py for tasks to queue
[2026-06-21T15:44:36.647-0500] {logging_mixin.py:188} INFO - [2026-06-21T15:44:36.647-0500] {dagbag.py:545} INFO - Filling up the DagBag from /Users/naga/Desktop/airflow_env/lib/python3.12/site-packages/airflow/example_dags/example_short_circuit_operator.py
[2026-06-21T15:44:36.662-0500] {processor.py:840} INFO - DAG(s) 'example_short_circuit_operator' retrieved from /Users/naga/Desktop/airflow_env/lib/python3.12/site-packages/airflow/example_dags/example_short_circuit_operator.py
[2026-06-21T15:44:36.706-0500] {logging_mixin.py:188} INFO - [2026-06-21T15:44:36.706-0500] {dag.py:3089} INFO - Sync 1 DAGs
[2026-06-21T15:44:36.713-0500] {logging_mixin.py:188} INFO - [2026-06-21T15:44:36.713-0500] {dag.py:3947} INFO - Setting next_dagrun for example_short_circuit_operator to 2026-06-20 00:00:00+00:00, run_after=2026-06-21 00:00:00+00:00
[2026-06-21T15:44:36.721-0500] {processor.py:183} INFO - Processing /Users/naga/Desktop/airflow_env/lib/python3.12/site-packages/airflow/example_dags/example_short_circuit_operator.py took 0.077 seconds
[2026-06-21T15:46:38.757-0500] {processor.py:161} INFO - Started process (PID=57487) to work on /Users/naga/Desktop/airflow_env/lib/python3.12/site-packages/airflow/example_dags/example_short_circuit_operator.py
[2026-06-21T15:46:38.758-0500] {processor.py:830} INFO - Processing file /Users/naga/Desktop/airflow_env/lib/python3.12/site-packages/airflow/example_dags/example_short_circuit_operator.py for tasks to queue
[2026-06-21T15:46:38.759-0500] {logging_mixin.py:188} INFO - [2026-06-21T15:46:38.758-0500] {dagbag.py:545} INFO - Filling up the DagBag from /Users/naga/Desktop/airflow_env/lib/python3.12/site-packages/airflow/example_dags/example_short_circuit_operator.py
[2026-06-21T15:46:38.773-0500] {processor.py:840} INFO - DAG(s) 'example_short_circuit_operator' retrieved from /Users/naga/Desktop/airflow_env/lib/python3.12/site-packages/airflow/example_dags/example_short_circuit_operator.py
[2026-06-21T15:46:38.819-0500] {logging_mixin.py:188} INFO - [2026-06-21T15:46:38.819-0500] {dag.py:3089} INFO - Sync 1 DAGs
[2026-06-21T15:46:38.826-0500] {logging_mixin.py:188} INFO - [2026-06-21T15:46:38.826-0500] {dag.py:3947} INFO - Setting next_dagrun for example_short_circuit_operator to 2026-06-20 00:00:00+00:00, run_after=2026-06-21 00:00:00+00:00
[2026-06-21T15:46:38.834-0500] {processor.py:183} INFO - Processing /Users/naga/Desktop/airflow_env/lib/python3.12/site-packages/airflow/example_dags/example_short_circuit_operator.py took 0.078 seconds
[2026-06-21T15:48:45.339-0500] {processor.py:161} INFO - Started process (PID=57628) to work on /Users/naga/Desktop/airflow_env/lib/python3.12/site-packages/airflow/example_dags/example_short_circuit_operator.py
[2026-06-21T15:48:45.340-0500] {processor.py:830} INFO - Processing file /Users/naga/Desktop/airflow_env/lib/python3.12/site-packages/airflow/example_dags/example_short_circuit_operator.py for tasks to queue
[2026-06-21T15:48:45.341-0500] {logging_mixin.py:188} INFO - [2026-06-21T15:48:45.340-0500] {dagbag.py:545} INFO - Filling up the DagBag from /Users/naga/Desktop/airflow_env/lib/python3.12/site-packages/airflow/example_dags/example_short_circuit_operator.py
[2026-06-21T15:48:45.356-0500] {processor.py:840} INFO - DAG(s) 'example_short_circuit_operator' retrieved from /Users/naga/Desktop/airflow_env/lib/python3.12/site-packages/airflow/example_dags/example_short_circuit_operator.py
[2026-06-21T15:48:45.400-0500] {logging_mixin.py:188} INFO - [2026-06-21T15:48:45.400-0500] {dag.py:3089} INFO - Sync 1 DAGs
[2026-06-21T15:48:45.407-0500] {logging_mixin.py:188} INFO - [2026-06-21T15:48:45.407-0500] {dag.py:3947} INFO - Setting next_dagrun for example_short_circuit_operator to 2026-06-20 00:00:00+00:00, run_after=2026-06-21 00:00:00+00:00
[2026-06-21T15:48:45.415-0500] {processor.py:183} INFO - Processing /Users/naga/Desktop/airflow_env/lib/python3.12/site-packages/airflow/example_dags/example_short_circuit_operator.py took 0.077 seconds
[2026-06-21T15:50:51.776-0500] {processor.py:161} INFO - Started process (PID=57759) to work on /Users/naga/Desktop/airflow_env/lib/python3.12/site-packages/airflow/example_dags/example_short_circuit_operator.py
[2026-06-21T15:50:51.777-0500] {processor.py:830} INFO - Processing file /Users/naga/Desktop/airflow_env/lib/python3.12/site-packages/airflow/example_dags/example_short_circuit_operator.py for tasks to queue
[2026-06-21T15:50:51.777-0500] {logging_mixin.py:188} INFO - [2026-06-21T15:50:51.777-0500] {dagbag.py:545} INFO - Filling up the DagBag from /Users/naga/Desktop/airflow_env/lib/python3.12/site-packages/airflow/example_dags/example_short_circuit_operator.py
[2026-06-21T15:50:51.792-0500] {processor.py:840} INFO - DAG(s) 'example_short_circuit_operator' retrieved from /Users/naga/Desktop/airflow_env/lib/python3.12/site-packages/airflow/example_dags/example_short_circuit_operator.py
[2026-06-21T15:50:51.837-0500] {logging_mixin.py:188} INFO - [2026-06-21T15:50:51.837-0500] {dag.py:3089} INFO - Sync 1 DAGs
[2026-06-21T15:50:51.844-0500] {logging_mixin.py:188} INFO - [2026-06-21T15:50:51.844-0500] {dag.py:3947} INFO - Setting next_dagrun for example_short_circuit_operator to 2026-06-20 00:00:00+00:00, run_after=2026-06-21 00:00:00+00:00
[2026-06-21T15:50:51.852-0500] {processor.py:183} INFO - Processing /Users/naga/Desktop/airflow_env/lib/python3.12/site-packages/airflow/example_dags/example_short_circuit_operator.py took 0.077 seconds
[2026-06-21T15:52:55.994-0500] {processor.py:161} INFO - Started process (PID=57885) to work on /Users/naga/Desktop/airflow_env/lib/python3.12/site-packages/airflow/example_dags/example_short_circuit_operator.py
[2026-06-21T15:52:55.995-0500] {processor.py:830} INFO - Processing file /Users/naga/Desktop/airflow_env/lib/python3.12/site-packages/airflow/example_dags/example_short_circuit_operator.py for tasks to queue
[2026-06-21T15:52:55.996-0500] {logging_mixin.py:188} INFO - [2026-06-21T15:52:55.996-0500] {dagbag.py:545} INFO - Filling up the DagBag from /Users/naga/Desktop/airflow_env/lib/python3.12/site-packages/airflow/example_dags/example_short_circuit_operator.py
[2026-06-21T15:52:56.011-0500] {processor.py:840} INFO - DAG(s) 'example_short_circuit_operator' retrieved from /Users/naga/Desktop/airflow_env/lib/python3.12/site-packages/airflow/example_dags/example_short_circuit_operator.py
[2026-06-21T15:52:56.055-0500] {logging_mixin.py:188} INFO - [2026-06-21T15:52:56.054-0500] {dag.py:3089} INFO - Sync 1 DAGs
[2026-06-21T15:52:56.063-0500] {logging_mixin.py:188} INFO - [2026-06-21T15:52:56.062-0500] {dag.py:3947} INFO - Setting next_dagrun for example_short_circuit_operator to 2026-06-20 00:00:00+00:00, run_after=2026-06-21 00:00:00+00:00
[2026-06-21T15:52:56.071-0500] {processor.py:183} INFO - Processing /Users/naga/Desktop/airflow_env/lib/python3.12/site-packages/airflow/example_dags/example_short_circuit_operator.py took 0.078 seconds
[2026-06-21T15:55:01.895-0500] {processor.py:161} INFO - Started process (PID=58006) to work on /Users/naga/Desktop/airflow_env/lib/python3.12/site-packages/airflow/example_dags/example_short_circuit_operator.py
[2026-06-21T15:55:01.896-0500] {processor.py:830} INFO - Processing file /Users/naga/Desktop/airflow_env/lib/python3.12/site-packages/airflow/example_dags/example_short_circuit_operator.py for tasks to queue
[2026-06-21T15:55:01.896-0500] {logging_mixin.py:188} INFO - [2026-06-21T15:55:01.896-0500] {dagbag.py:545} INFO - Filling up the DagBag from /Users/naga/Desktop/airflow_env/lib/python3.12/site-packages/airflow/example_dags/example_short_circuit_operator.py
[2026-06-21T15:55:01.911-0500] {processor.py:840} INFO - DAG(s) 'example_short_circuit_operator' retrieved from /Users/naga/Desktop/airflow_env/lib/python3.12/site-packages/airflow/example_dags/example_short_circuit_operator.py
[2026-06-21T15:55:01.956-0500] {logging_mixin.py:188} INFO - [2026-06-21T15:55:01.955-0500] {dag.py:3089} INFO - Sync 1 DAGs
[2026-06-21T15:55:01.963-0500] {logging_mixin.py:188} INFO - [2026-06-21T15:55:01.963-0500] {dag.py:3947} INFO - Setting next_dagrun for example_short_circuit_operator to 2026-06-20 00:00:00+00:00, run_after=2026-06-21 00:00:00+00:00
[2026-06-21T15:55:01.971-0500] {processor.py:183} INFO - Processing /Users/naga/Desktop/airflow_env/lib/python3.12/site-packages/airflow/example_dags/example_short_circuit_operator.py took 0.077 seconds
[2026-06-21T15:57:05.924-0500] {processor.py:161} INFO - Started process (PID=58115) to work on /Users/naga/Desktop/airflow_env/lib/python3.12/site-packages/airflow/example_dags/example_short_circuit_operator.py
[2026-06-21T15:57:05.925-0500] {processor.py:830} INFO - Processing file /Users/naga/Desktop/airflow_env/lib/python3.12/site-packages/airflow/example_dags/example_short_circuit_operator.py for tasks to queue
[2026-06-21T15:57:05.925-0500] {logging_mixin.py:188} INFO - [2026-06-21T15:57:05.925-0500] {dagbag.py:545} INFO - Filling up the DagBag from /Users/naga/Desktop/airflow_env/lib/python3.12/site-packages/airflow/example_dags/example_short_circuit_operator.py
[2026-06-21T15:57:05.940-0500] {processor.py:840} INFO - DAG(s) 'example_short_circuit_operator' retrieved from /Users/naga/Desktop/airflow_env/lib/python3.12/site-packages/airflow/example_dags/example_short_circuit_operator.py
[2026-06-21T15:57:05.984-0500] {logging_mixin.py:188} INFO - [2026-06-21T15:57:05.984-0500] {dag.py:3089} INFO - Sync 1 DAGs
[2026-06-21T15:57:05.992-0500] {logging_mixin.py:188} INFO - [2026-06-21T15:57:05.991-0500] {dag.py:3947} INFO - Setting next_dagrun for example_short_circuit_operator to 2026-06-20 00:00:00+00:00, run_after=2026-06-21 00:00:00+00:00
[2026-06-21T15:57:05.999-0500] {processor.py:183} INFO - Processing /Users/naga/Desktop/airflow_env/lib/python3.12/site-packages/airflow/example_dags/example_short_circuit_operator.py took 0.077 seconds
[2026-06-21T15:59:15.655-0500] {processor.py:161} INFO - Started process (PID=58251) to work on /Users/naga/Desktop/airflow_env/lib/python3.12/site-packages/airflow/example_dags/example_short_circuit_operator.py
[2026-06-21T15:59:15.656-0500] {processor.py:830} INFO - Processing file /Users/naga/Desktop/airflow_env/lib/python3.12/site-packages/airflow/example_dags/example_short_circuit_operator.py for tasks to queue
[2026-06-21T15:59:15.656-0500] {logging_mixin.py:188} INFO - [2026-06-21T15:59:15.656-0500] {dagbag.py:545} INFO - Filling up the DagBag from /Users/naga/Desktop/airflow_env/lib/python3.12/site-packages/airflow/example_dags/example_short_circuit_operator.py
[2026-06-21T15:59:15.671-0500] {processor.py:840} INFO - DAG(s) 'example_short_circuit_operator' retrieved from /Users/naga/Desktop/airflow_env/lib/python3.12/site-packages/airflow/example_dags/example_short_circuit_operator.py
[2026-06-21T15:59:15.715-0500] {logging_mixin.py:188} INFO - [2026-06-21T15:59:15.715-0500] {dag.py:3089} INFO - Sync 1 DAGs
[2026-06-21T15:59:15.722-0500] {logging_mixin.py:188} INFO - [2026-06-21T15:59:15.722-0500] {dag.py:3947} INFO - Setting next_dagrun for example_short_circuit_operator to 2026-06-20 00:00:00+00:00, run_after=2026-06-21 00:00:00+00:00
[2026-06-21T15:59:15.730-0500] {processor.py:183} INFO - Processing /Users/naga/Desktop/airflow_env/lib/python3.12/site-packages/airflow/example_dags/example_short_circuit_operator.py took 0.076 seconds
[2026-06-21T16:01:22.161-0500] {processor.py:161} INFO - Started process (PID=58370) to work on /Users/naga/Desktop/airflow_env/lib/python3.12/site-packages/airflow/example_dags/example_short_circuit_operator.py
[2026-06-21T16:01:22.161-0500] {processor.py:830} INFO - Processing file /Users/naga/Desktop/airflow_env/lib/python3.12/site-packages/airflow/example_dags/example_short_circuit_operator.py for tasks to queue
[2026-06-21T16:01:22.162-0500] {logging_mixin.py:188} INFO - [2026-06-21T16:01:22.162-0500] {dagbag.py:545} INFO - Filling up the DagBag from /Users/naga/Desktop/airflow_env/lib/python3.12/site-packages/airflow/example_dags/example_short_circuit_operator.py
[2026-06-21T16:01:22.177-0500] {processor.py:840} INFO - DAG(s) 'example_short_circuit_operator' retrieved from /Users/naga/Desktop/airflow_env/lib/python3.12/site-packages/airflow/example_dags/example_short_circuit_operator.py
[2026-06-21T16:01:22.222-0500] {logging_mixin.py:188} INFO - [2026-06-21T16:01:22.222-0500] {dag.py:3089} INFO - Sync 1 DAGs
[2026-06-21T16:01:22.229-0500] {logging_mixin.py:188} INFO - [2026-06-21T16:01:22.229-0500] {dag.py:3947} INFO - Setting next_dagrun for example_short_circuit_operator to 2026-06-20 00:00:00+00:00, run_after=2026-06-21 00:00:00+00:00
[2026-06-21T16:01:22.238-0500] {processor.py:183} INFO - Processing /Users/naga/Desktop/airflow_env/lib/python3.12/site-packages/airflow/example_dags/example_short_circuit_operator.py took 0.079 seconds
[2026-06-21T16:03:27.777-0500] {processor.py:161} INFO - Started process (PID=58496) to work on /Users/naga/Desktop/airflow_env/lib/python3.12/site-packages/airflow/example_dags/example_short_circuit_operator.py
[2026-06-21T16:03:27.778-0500] {processor.py:830} INFO - Processing file /Users/naga/Desktop/airflow_env/lib/python3.12/site-packages/airflow/example_dags/example_short_circuit_operator.py for tasks to queue
[2026-06-21T16:03:27.778-0500] {logging_mixin.py:188} INFO - [2026-06-21T16:03:27.778-0500] {dagbag.py:545} INFO - Filling up the DagBag from /Users/naga/Desktop/airflow_env/lib/python3.12/site-packages/airflow/example_dags/example_short_circuit_operator.py
[2026-06-21T16:03:27.794-0500] {processor.py:840} INFO - DAG(s) 'example_short_circuit_operator' retrieved from /Users/naga/Desktop/airflow_env/lib/python3.12/site-packages/airflow/example_dags/example_short_circuit_operator.py
[2026-06-21T16:03:27.838-0500] {logging_mixin.py:188} INFO - [2026-06-21T16:03:27.838-0500] {dag.py:3089} INFO - Sync 1 DAGs
[2026-06-21T16:03:27.846-0500] {logging_mixin.py:188} INFO - [2026-06-21T16:03:27.845-0500] {dag.py:3947} INFO - Setting next_dagrun for example_short_circuit_operator to 2026-06-20 00:00:00+00:00, run_after=2026-06-21 00:00:00+00:00
[2026-06-21T16:03:27.853-0500] {processor.py:183} INFO - Processing /Users/naga/Desktop/airflow_env/lib/python3.12/site-packages/airflow/example_dags/example_short_circuit_operator.py took 0.077 seconds
[2026-06-21T16:05:36.499-0500] {processor.py:161} INFO - Started process (PID=58620) to work on /Users/naga/Desktop/airflow_env/lib/python3.12/site-packages/airflow/example_dags/example_short_circuit_operator.py
[2026-06-21T16:05:36.500-0500] {processor.py:830} INFO - Processing file /Users/naga/Desktop/airflow_env/lib/python3.12/site-packages/airflow/example_dags/example_short_circuit_operator.py for tasks to queue
[2026-06-21T16:05:36.501-0500] {logging_mixin.py:188} INFO - [2026-06-21T16:05:36.500-0500] {dagbag.py:545} INFO - Filling up the DagBag from /Users/naga/Desktop/airflow_env/lib/python3.12/site-packages/airflow/example_dags/example_short_circuit_operator.py
[2026-06-21T16:05:36.516-0500] {processor.py:840} INFO - DAG(s) 'example_short_circuit_operator' retrieved from /Users/naga/Desktop/airflow_env/lib/python3.12/site-packages/airflow/example_dags/example_short_circuit_operator.py
[2026-06-21T16:05:36.560-0500] {logging_mixin.py:188} INFO - [2026-06-21T16:05:36.560-0500] {dag.py:3089} INFO - Sync 1 DAGs
[2026-06-21T16:05:36.567-0500] {logging_mixin.py:188} INFO - [2026-06-21T16:05:36.567-0500] {dag.py:3947} INFO - Setting next_dagrun for example_short_circuit_operator to 2026-06-20 00:00:00+00:00, run_after=2026-06-21 00:00:00+00:00
[2026-06-21T16:05:36.575-0500] {processor.py:183} INFO - Processing /Users/naga/Desktop/airflow_env/lib/python3.12/site-packages/airflow/example_dags/example_short_circuit_operator.py took 0.077 seconds
[2026-06-21T16:07:46.273-0500] {processor.py:161} INFO - Started process (PID=58745) to work on /Users/naga/Desktop/airflow_env/lib/python3.12/site-packages/airflow/example_dags/example_short_circuit_operator.py
[2026-06-21T16:07:46.274-0500] {processor.py:830} INFO - Processing file /Users/naga/Desktop/airflow_env/lib/python3.12/site-packages/airflow/example_dags/example_short_circuit_operator.py for tasks to queue
[2026-06-21T16:07:46.274-0500] {logging_mixin.py:188} INFO - [2026-06-21T16:07:46.274-0500] {dagbag.py:545} INFO - Filling up the DagBag from /Users/naga/Desktop/airflow_env/lib/python3.12/site-packages/airflow/example_dags/example_short_circuit_operator.py
[2026-06-21T16:07:46.291-0500] {processor.py:840} INFO - DAG(s) 'example_short_circuit_operator' retrieved from /Users/naga/Desktop/airflow_env/lib/python3.12/site-packages/airflow/example_dags/example_short_circuit_operator.py
[2026-06-21T16:07:46.338-0500] {logging_mixin.py:188} INFO - [2026-06-21T16:07:46.338-0500] {dag.py:3089} INFO - Sync 1 DAGs
[2026-06-21T16:07:46.346-0500] {logging_mixin.py:188} INFO - [2026-06-21T16:07:46.346-0500] {dag.py:3947} INFO - Setting next_dagrun for example_short_circuit_operator to 2026-06-20 00:00:00+00:00, run_after=2026-06-21 00:00:00+00:00
[2026-06-21T16:07:46.355-0500] {processor.py:183} INFO - Processing /Users/naga/Desktop/airflow_env/lib/python3.12/site-packages/airflow/example_dags/example_short_circuit_operator.py took 0.083 seconds
[2026-06-21T16:10:01.002-0500] {processor.py:161} INFO - Started process (PID=58892) to work on /Users/naga/Desktop/airflow_env/lib/python3.12/site-packages/airflow/example_dags/example_short_circuit_operator.py
[2026-06-21T16:10:01.003-0500] {processor.py:830} INFO - Processing file /Users/naga/Desktop/airflow_env/lib/python3.12/site-packages/airflow/example_dags/example_short_circuit_operator.py for tasks to queue
[2026-06-21T16:10:01.003-0500] {logging_mixin.py:188} INFO - [2026-06-21T16:10:01.003-0500] {dagbag.py:545} INFO - Filling up the DagBag from /Users/naga/Desktop/airflow_env/lib/python3.12/site-packages/airflow/example_dags/example_short_circuit_operator.py
[2026-06-21T16:10:01.020-0500] {processor.py:840} INFO - DAG(s) 'example_short_circuit_operator' retrieved from /Users/naga/Desktop/airflow_env/lib/python3.12/site-packages/airflow/example_dags/example_short_circuit_operator.py
[2026-06-21T16:10:01.068-0500] {logging_mixin.py:188} INFO - [2026-06-21T16:10:01.068-0500] {dag.py:3089} INFO - Sync 1 DAGs
[2026-06-21T16:10:01.076-0500] {logging_mixin.py:188} INFO - [2026-06-21T16:10:01.076-0500] {dag.py:3947} INFO - Setting next_dagrun for example_short_circuit_operator to 2026-06-20 00:00:00+00:00, run_after=2026-06-21 00:00:00+00:00
[2026-06-21T16:10:01.087-0500] {processor.py:183} INFO - Processing /Users/naga/Desktop/airflow_env/lib/python3.12/site-packages/airflow/example_dags/example_short_circuit_operator.py took 0.087 seconds
[2026-06-21T16:12:12.716-0500] {processor.py:161} INFO - Started process (PID=59004) to work on /Users/naga/Desktop/airflow_env/lib/python3.12/site-packages/airflow/example_dags/example_short_circuit_operator.py
[2026-06-21T16:12:12.719-0500] {processor.py:830} INFO - Processing file /Users/naga/Desktop/airflow_env/lib/python3.12/site-packages/airflow/example_dags/example_short_circuit_operator.py for tasks to queue
[2026-06-21T16:12:12.719-0500] {logging_mixin.py:188} INFO - [2026-06-21T16:12:12.719-0500] {dagbag.py:545} INFO - Filling up the DagBag from /Users/naga/Desktop/airflow_env/lib/python3.12/site-packages/airflow/example_dags/example_short_circuit_operator.py
[2026-06-21T16:12:12.738-0500] {processor.py:840} INFO - DAG(s) 'example_short_circuit_operator' retrieved from /Users/naga/Desktop/airflow_env/lib/python3.12/site-packages/airflow/example_dags/example_short_circuit_operator.py
[2026-06-21T16:12:12.781-0500] {logging_mixin.py:188} INFO - [2026-06-21T16:12:12.781-0500] {dag.py:3089} INFO - Sync 1 DAGs
[2026-06-21T16:12:12.788-0500] {logging_mixin.py:188} INFO - [2026-06-21T16:12:12.788-0500] {dag.py:3947} INFO - Setting next_dagrun for example_short_circuit_operator to 2026-06-20 00:00:00+00:00, run_after=2026-06-21 00:00:00+00:00
[2026-06-21T16:12:12.796-0500] {processor.py:183} INFO - Processing /Users/naga/Desktop/airflow_env/lib/python3.12/site-packages/airflow/example_dags/example_short_circuit_operator.py took 0.082 seconds
[2026-06-21T16:13:19.699-0500] {processor.py:161} INFO - Started process (PID=59072) to work on /Users/naga/Desktop/airflow_env/lib/python3.12/site-packages/airflow/example_dags/example_short_circuit_operator.py
[2026-06-21T16:13:19.699-0500] {processor.py:830} INFO - Processing file /Users/naga/Desktop/airflow_env/lib/python3.12/site-packages/airflow/example_dags/example_short_circuit_operator.py for tasks to queue
[2026-06-21T16:13:19.700-0500] {logging_mixin.py:188} INFO - [2026-06-21T16:13:19.700-0500] {dagbag.py:545} INFO - Filling up the DagBag from /Users/naga/Desktop/airflow_env/lib/python3.12/site-packages/airflow/example_dags/example_short_circuit_operator.py
[2026-06-21T16:13:19.716-0500] {processor.py:840} INFO - DAG(s) 'example_short_circuit_operator' retrieved from /Users/naga/Desktop/airflow_env/lib/python3.12/site-packages/airflow/example_dags/example_short_circuit_operator.py
[2026-06-21T16:13:19.764-0500] {logging_mixin.py:188} INFO - [2026-06-21T16:13:19.763-0500] {dag.py:3089} INFO - Sync 1 DAGs
[2026-06-21T16:13:19.771-0500] {logging_mixin.py:188} INFO - [2026-06-21T16:13:19.771-0500] {dag.py:3947} INFO - Setting next_dagrun for example_short_circuit_operator to 2026-06-20 00:00:00+00:00, run_after=2026-06-21 00:00:00+00:00
[2026-06-21T16:13:19.780-0500] {processor.py:183} INFO - Processing /Users/naga/Desktop/airflow_env/lib/python3.12/site-packages/airflow/example_dags/example_short_circuit_operator.py took 0.083 seconds
[2026-06-21T16:15:30.714-0500] {processor.py:161} INFO - Started process (PID=59207) to work on /Users/naga/Desktop/airflow_env/lib/python3.12/site-packages/airflow/example_dags/example_short_circuit_operator.py
[2026-06-21T16:15:30.714-0500] {processor.py:830} INFO - Processing file /Users/naga/Desktop/airflow_env/lib/python3.12/site-packages/airflow/example_dags/example_short_circuit_operator.py for tasks to queue
[2026-06-21T16:15:30.715-0500] {logging_mixin.py:188} INFO - [2026-06-21T16:15:30.715-0500] {dagbag.py:545} INFO - Filling up the DagBag from /Users/naga/Desktop/airflow_env/lib/python3.12/site-packages/airflow/example_dags/example_short_circuit_operator.py
[2026-06-21T16:15:30.731-0500] {processor.py:840} INFO - DAG(s) 'example_short_circuit_operator' retrieved from /Users/naga/Desktop/airflow_env/lib/python3.12/site-packages/airflow/example_dags/example_short_circuit_operator.py
[2026-06-21T16:15:30.780-0500] {logging_mixin.py:188} INFO - [2026-06-21T16:15:30.780-0500] {dag.py:3089} INFO - Sync 1 DAGs
[2026-06-21T16:15:30.789-0500] {logging_mixin.py:188} INFO - [2026-06-21T16:15:30.789-0500] {dag.py:3947} INFO - Setting next_dagrun for example_short_circuit_operator to 2026-06-20 00:00:00+00:00, run_after=2026-06-21 00:00:00+00:00
[2026-06-21T16:15:30.797-0500] {processor.py:183} INFO - Processing /Users/naga/Desktop/airflow_env/lib/python3.12/site-packages/airflow/example_dags/example_short_circuit_operator.py took 0.085 seconds
[2026-06-21T16:17:41.246-0500] {processor.py:161} INFO - Started process (PID=59328) to work on /Users/naga/Desktop/airflow_env/lib/python3.12/site-packages/airflow/example_dags/example_short_circuit_operator.py
[2026-06-21T16:17:41.250-0500] {processor.py:830} INFO - Processing file /Users/naga/Desktop/airflow_env/lib/python3.12/site-packages/airflow/example_dags/example_short_circuit_operator.py for tasks to queue
[2026-06-21T16:17:41.250-0500] {logging_mixin.py:188} INFO - [2026-06-21T16:17:41.250-0500] {dagbag.py:545} INFO - Filling up the DagBag from /Users/naga/Desktop/airflow_env/lib/python3.12/site-packages/airflow/example_dags/example_short_circuit_operator.py
[2026-06-21T16:17:41.269-0500] {processor.py:840} INFO - DAG(s) 'example_short_circuit_operator' retrieved from /Users/naga/Desktop/airflow_env/lib/python3.12/site-packages/airflow/example_dags/example_short_circuit_operator.py
[2026-06-21T16:17:41.312-0500] {logging_mixin.py:188} INFO - [2026-06-21T16:17:41.312-0500] {dag.py:3089} INFO - Sync 1 DAGs
[2026-06-21T16:17:41.319-0500] {logging_mixin.py:188} INFO - [2026-06-21T16:17:41.319-0500] {dag.py:3947} INFO - Setting next_dagrun for example_short_circuit_operator to 2026-06-20 00:00:00+00:00, run_after=2026-06-21 00:00:00+00:00
[2026-06-21T16:17:41.327-0500] {processor.py:183} INFO - Processing /Users/naga/Desktop/airflow_env/lib/python3.12/site-packages/airflow/example_dags/example_short_circuit_operator.py took 0.083 seconds
[2026-06-21T16:19:53.073-0500] {processor.py:161} INFO - Started process (PID=59454) to work on /Users/naga/Desktop/airflow_env/lib/python3.12/site-packages/airflow/example_dags/example_short_circuit_operator.py
[2026-06-21T16:19:53.074-0500] {processor.py:830} INFO - Processing file /Users/naga/Desktop/airflow_env/lib/python3.12/site-packages/airflow/example_dags/example_short_circuit_operator.py for tasks to queue
[2026-06-21T16:19:53.074-0500] {logging_mixin.py:188} INFO - [2026-06-21T16:19:53.074-0500] {dagbag.py:545} INFO - Filling up the DagBag from /Users/naga/Desktop/airflow_env/lib/python3.12/site-packages/airflow/example_dags/example_short_circuit_operator.py
[2026-06-21T16:19:53.091-0500] {processor.py:840} INFO - DAG(s) 'example_short_circuit_operator' retrieved from /Users/naga/Desktop/airflow_env/lib/python3.12/site-packages/airflow/example_dags/example_short_circuit_operator.py
[2026-06-21T16:19:53.137-0500] {logging_mixin.py:188} INFO - [2026-06-21T16:19:53.137-0500] {dag.py:3089} INFO - Sync 1 DAGs
[2026-06-21T16:19:53.145-0500] {logging_mixin.py:188} INFO - [2026-06-21T16:19:53.145-0500] {dag.py:3947} INFO - Setting next_dagrun for example_short_circuit_operator to 2026-06-20 00:00:00+00:00, run_after=2026-06-21 00:00:00+00:00
[2026-06-21T16:19:53.154-0500] {processor.py:183} INFO - Processing /Users/naga/Desktop/airflow_env/lib/python3.12/site-packages/airflow/example_dags/example_short_circuit_operator.py took 0.082 seconds
[2026-06-21T16:22:02.411-0500] {processor.py:161} INFO - Started process (PID=59601) to work on /Users/naga/Desktop/airflow_env/lib/python3.12/site-packages/airflow/example_dags/example_short_circuit_operator.py
[2026-06-21T16:22:02.416-0500] {processor.py:830} INFO - Processing file /Users/naga/Desktop/airflow_env/lib/python3.12/site-packages/airflow/example_dags/example_short_circuit_operator.py for tasks to queue
[2026-06-21T16:22:02.416-0500] {logging_mixin.py:188} INFO - [2026-06-21T16:22:02.416-0500] {dagbag.py:545} INFO - Filling up the DagBag from /Users/naga/Desktop/airflow_env/lib/python3.12/site-packages/airflow/example_dags/example_short_circuit_operator.py
[2026-06-21T16:22:02.435-0500] {processor.py:840} INFO - DAG(s) 'example_short_circuit_operator' retrieved from /Users/naga/Desktop/airflow_env/lib/python3.12/site-packages/airflow/example_dags/example_short_circuit_operator.py
[2026-06-21T16:22:02.479-0500] {logging_mixin.py:188} INFO - [2026-06-21T16:22:02.479-0500] {dag.py:3089} INFO - Sync 1 DAGs
[2026-06-21T16:22:02.487-0500] {logging_mixin.py:188} INFO - [2026-06-21T16:22:02.487-0500] {dag.py:3947} INFO - Setting next_dagrun for example_short_circuit_operator to 2026-06-20 00:00:00+00:00, run_after=2026-06-21 00:00:00+00:00
[2026-06-21T16:22:02.497-0500] {processor.py:183} INFO - Processing /Users/naga/Desktop/airflow_env/lib/python3.12/site-packages/airflow/example_dags/example_short_circuit_operator.py took 0.087 seconds
[2026-06-21T16:24:10.749-0500] {processor.py:161} INFO - Started process (PID=59724) to work on /Users/naga/Desktop/airflow_env/lib/python3.12/site-packages/airflow/example_dags/example_short_circuit_operator.py
[2026-06-21T16:24:10.750-0500] {processor.py:830} INFO - Processing file /Users/naga/Desktop/airflow_env/lib/python3.12/site-packages/airflow/example_dags/example_short_circuit_operator.py for tasks to queue
[2026-06-21T16:24:10.750-0500] {logging_mixin.py:188} INFO - [2026-06-21T16:24:10.750-0500] {dagbag.py:545} INFO - Filling up the DagBag from /Users/naga/Desktop/airflow_env/lib/python3.12/site-packages/airflow/example_dags/example_short_circuit_operator.py
[2026-06-21T16:24:10.767-0500] {processor.py:840} INFO - DAG(s) 'example_short_circuit_operator' retrieved from /Users/naga/Desktop/airflow_env/lib/python3.12/site-packages/airflow/example_dags/example_short_circuit_operator.py
[2026-06-21T16:24:10.816-0500] {logging_mixin.py:188} INFO - [2026-06-21T16:24:10.816-0500] {dag.py:3089} INFO - Sync 1 DAGs
[2026-06-21T16:24:10.824-0500] {logging_mixin.py:188} INFO - [2026-06-21T16:24:10.824-0500] {dag.py:3947} INFO - Setting next_dagrun for example_short_circuit_operator to 2026-06-20 00:00:00+00:00, run_after=2026-06-21 00:00:00+00:00
[2026-06-21T16:24:10.834-0500] {processor.py:183} INFO - Processing /Users/naga/Desktop/airflow_env/lib/python3.12/site-packages/airflow/example_dags/example_short_circuit_operator.py took 0.086 seconds
[2026-06-21T16:26:27.946-0500] {processor.py:161} INFO - Started process (PID=59873) to work on /Users/naga/Desktop/airflow_env/lib/python3.12/site-packages/airflow/example_dags/example_short_circuit_operator.py
[2026-06-21T16:26:27.947-0500] {processor.py:830} INFO - Processing file /Users/naga/Desktop/airflow_env/lib/python3.12/site-packages/airflow/example_dags/example_short_circuit_operator.py for tasks to queue
[2026-06-21T16:26:27.948-0500] {logging_mixin.py:188} INFO - [2026-06-21T16:26:27.948-0500] {dagbag.py:545} INFO - Filling up the DagBag from /Users/naga/Desktop/airflow_env/lib/python3.12/site-packages/airflow/example_dags/example_short_circuit_operator.py
[2026-06-21T16:26:27.966-0500] {processor.py:840} INFO - DAG(s) 'example_short_circuit_operator' retrieved from /Users/naga/Desktop/airflow_env/lib/python3.12/site-packages/airflow/example_dags/example_short_circuit_operator.py
[2026-06-21T16:26:28.018-0500] {logging_mixin.py:188} INFO - [2026-06-21T16:26:28.018-0500] {dag.py:3089} INFO - Sync 1 DAGs
[2026-06-21T16:26:28.027-0500] {logging_mixin.py:188} INFO - [2026-06-21T16:26:28.026-0500] {dag.py:3947} INFO - Setting next_dagrun for example_short_circuit_operator to 2026-06-20 00:00:00+00:00, run_after=2026-06-21 00:00:00+00:00
[2026-06-21T16:26:28.036-0500] {processor.py:183} INFO - Processing /Users/naga/Desktop/airflow_env/lib/python3.12/site-packages/airflow/example_dags/example_short_circuit_operator.py took 0.091 seconds
[2026-06-21T16:28:39.596-0500] {processor.py:161} INFO - Started process (PID=60009) to work on /Users/naga/Desktop/airflow_env/lib/python3.12/site-packages/airflow/example_dags/example_short_circuit_operator.py
[2026-06-21T16:28:39.597-0500] {processor.py:830} INFO - Processing file /Users/naga/Desktop/airflow_env/lib/python3.12/site-packages/airflow/example_dags/example_short_circuit_operator.py for tasks to queue
[2026-06-21T16:28:39.598-0500] {logging_mixin.py:188} INFO - [2026-06-21T16:28:39.597-0500] {dagbag.py:545} INFO - Filling up the DagBag from /Users/naga/Desktop/airflow_env/lib/python3.12/site-packages/airflow/example_dags/example_short_circuit_operator.py
[2026-06-21T16:28:39.613-0500] {processor.py:840} INFO - DAG(s) 'example_short_circuit_operator' retrieved from /Users/naga/Desktop/airflow_env/lib/python3.12/site-packages/airflow/example_dags/example_short_circuit_operator.py
[2026-06-21T16:28:39.657-0500] {logging_mixin.py:188} INFO - [2026-06-21T16:28:39.657-0500] {dag.py:3089} INFO - Sync 1 DAGs
[2026-06-21T16:28:39.664-0500] {logging_mixin.py:188} INFO - [2026-06-21T16:28:39.664-0500] {dag.py:3947} INFO - Setting next_dagrun for example_short_circuit_operator to 2026-06-20 00:00:00+00:00, run_after=2026-06-21 00:00:00+00:00
[2026-06-21T16:28:39.672-0500] {processor.py:183} INFO - Processing /Users/naga/Desktop/airflow_env/lib/python3.12/site-packages/airflow/example_dags/example_short_circuit_operator.py took 0.077 seconds
[2026-06-21T16:30:47.333-0500] {processor.py:161} INFO - Started process (PID=60136) to work on /Users/naga/Desktop/airflow_env/lib/python3.12/site-packages/airflow/example_dags/example_short_circuit_operator.py
[2026-06-21T16:30:47.333-0500] {processor.py:830} INFO - Processing file /Users/naga/Desktop/airflow_env/lib/python3.12/site-packages/airflow/example_dags/example_short_circuit_operator.py for tasks to queue
[2026-06-21T16:30:47.334-0500] {logging_mixin.py:188} INFO - [2026-06-21T16:30:47.334-0500] {dagbag.py:545} INFO - Filling up the DagBag from /Users/naga/Desktop/airflow_env/lib/python3.12/site-packages/airflow/example_dags/example_short_circuit_operator.py
[2026-06-21T16:30:47.349-0500] {processor.py:840} INFO - DAG(s) 'example_short_circuit_operator' retrieved from /Users/naga/Desktop/airflow_env/lib/python3.12/site-packages/airflow/example_dags/example_short_circuit_operator.py
[2026-06-21T16:30:47.394-0500] {logging_mixin.py:188} INFO - [2026-06-21T16:30:47.394-0500] {dag.py:3089} INFO - Sync 1 DAGs
[2026-06-21T16:30:47.401-0500] {logging_mixin.py:188} INFO - [2026-06-21T16:30:47.401-0500] {dag.py:3947} INFO - Setting next_dagrun for example_short_circuit_operator to 2026-06-20 00:00:00+00:00, run_after=2026-06-21 00:00:00+00:00
[2026-06-21T16:30:47.410-0500] {processor.py:183} INFO - Processing /Users/naga/Desktop/airflow_env/lib/python3.12/site-packages/airflow/example_dags/example_short_circuit_operator.py took 0.079 seconds
[2026-06-21T16:32:52.485-0500] {processor.py:161} INFO - Started process (PID=60292) to work on /Users/naga/Desktop/airflow_env/lib/python3.12/site-packages/airflow/example_dags/example_short_circuit_operator.py
[2026-06-21T16:32:52.486-0500] {processor.py:830} INFO - Processing file /Users/naga/Desktop/airflow_env/lib/python3.12/site-packages/airflow/example_dags/example_short_circuit_operator.py for tasks to queue
[2026-06-21T16:32:52.486-0500] {logging_mixin.py:188} INFO - [2026-06-21T16:32:52.486-0500] {dagbag.py:545} INFO - Filling up the DagBag from /Users/naga/Desktop/airflow_env/lib/python3.12/site-packages/airflow/example_dags/example_short_circuit_operator.py
[2026-06-21T16:32:52.502-0500] {processor.py:840} INFO - DAG(s) 'example_short_circuit_operator' retrieved from /Users/naga/Desktop/airflow_env/lib/python3.12/site-packages/airflow/example_dags/example_short_circuit_operator.py
[2026-06-21T16:32:52.545-0500] {logging_mixin.py:188} INFO - [2026-06-21T16:32:52.545-0500] {dag.py:3089} INFO - Sync 1 DAGs
[2026-06-21T16:32:52.552-0500] {logging_mixin.py:188} INFO - [2026-06-21T16:32:52.552-0500] {dag.py:3947} INFO - Setting next_dagrun for example_short_circuit_operator to 2026-06-20 00:00:00+00:00, run_after=2026-06-21 00:00:00+00:00
[2026-06-21T16:32:52.560-0500] {processor.py:183} INFO - Processing /Users/naga/Desktop/airflow_env/lib/python3.12/site-packages/airflow/example_dags/example_short_circuit_operator.py took 0.076 seconds
[2026-06-21T16:34:56.928-0500] {processor.py:161} INFO - Started process (PID=60408) to work on /Users/naga/Desktop/airflow_env/lib/python3.12/site-packages/airflow/example_dags/example_short_circuit_operator.py
[2026-06-21T16:34:56.929-0500] {processor.py:830} INFO - Processing file /Users/naga/Desktop/airflow_env/lib/python3.12/site-packages/airflow/example_dags/example_short_circuit_operator.py for tasks to queue
[2026-06-21T16:34:56.929-0500] {logging_mixin.py:188} INFO - [2026-06-21T16:34:56.929-0500] {dagbag.py:545} INFO - Filling up the DagBag from /Users/naga/Desktop/airflow_env/lib/python3.12/site-packages/airflow/example_dags/example_short_circuit_operator.py
[2026-06-21T16:34:56.945-0500] {processor.py:840} INFO - DAG(s) 'example_short_circuit_operator' retrieved from /Users/naga/Desktop/airflow_env/lib/python3.12/site-packages/airflow/example_dags/example_short_circuit_operator.py
[2026-06-21T16:34:56.989-0500] {logging_mixin.py:188} INFO - [2026-06-21T16:34:56.989-0500] {dag.py:3089} INFO - Sync 1 DAGs
[2026-06-21T16:34:56.996-0500] {logging_mixin.py:188} INFO - [2026-06-21T16:34:56.996-0500] {dag.py:3947} INFO - Setting next_dagrun for example_short_circuit_operator to 2026-06-20 00:00:00+00:00, run_after=2026-06-21 00:00:00+00:00
[2026-06-21T16:34:57.004-0500] {processor.py:183} INFO - Processing /Users/naga/Desktop/airflow_env/lib/python3.12/site-packages/airflow/example_dags/example_short_circuit_operator.py took 0.078 seconds
[2026-06-21T16:37:00.915-0500] {processor.py:161} INFO - Started process (PID=60548) to work on /Users/naga/Desktop/airflow_env/lib/python3.12/site-packages/airflow/example_dags/example_short_circuit_operator.py
[2026-06-21T16:37:00.916-0500] {processor.py:830} INFO - Processing file /Users/naga/Desktop/airflow_env/lib/python3.12/site-packages/airflow/example_dags/example_short_circuit_operator.py for tasks to queue
[2026-06-21T16:37:00.916-0500] {logging_mixin.py:188} INFO - [2026-06-21T16:37:00.916-0500] {dagbag.py:545} INFO - Filling up the DagBag from /Users/naga/Desktop/airflow_env/lib/python3.12/site-packages/airflow/example_dags/example_short_circuit_operator.py
[2026-06-21T16:37:00.931-0500] {processor.py:840} INFO - DAG(s) 'example_short_circuit_operator' retrieved from /Users/naga/Desktop/airflow_env/lib/python3.12/site-packages/airflow/example_dags/example_short_circuit_operator.py
[2026-06-21T16:37:00.974-0500] {logging_mixin.py:188} INFO - [2026-06-21T16:37:00.974-0500] {dag.py:3089} INFO - Sync 1 DAGs
[2026-06-21T16:37:00.982-0500] {logging_mixin.py:188} INFO - [2026-06-21T16:37:00.981-0500] {dag.py:3947} INFO - Setting next_dagrun for example_short_circuit_operator to 2026-06-20 00:00:00+00:00, run_after=2026-06-21 00:00:00+00:00
[2026-06-21T16:37:00.990-0500] {processor.py:183} INFO - Processing /Users/naga/Desktop/airflow_env/lib/python3.12/site-packages/airflow/example_dags/example_short_circuit_operator.py took 0.077 seconds
[2026-06-21T16:39:05.235-0500] {processor.py:161} INFO - Started process (PID=60658) to work on /Users/naga/Desktop/airflow_env/lib/python3.12/site-packages/airflow/example_dags/example_short_circuit_operator.py
[2026-06-21T16:39:05.236-0500] {processor.py:830} INFO - Processing file /Users/naga/Desktop/airflow_env/lib/python3.12/site-packages/airflow/example_dags/example_short_circuit_operator.py for tasks to queue
[2026-06-21T16:39:05.237-0500] {logging_mixin.py:188} INFO - [2026-06-21T16:39:05.237-0500] {dagbag.py:545} INFO - Filling up the DagBag from /Users/naga/Desktop/airflow_env/lib/python3.12/site-packages/airflow/example_dags/example_short_circuit_operator.py
[2026-06-21T16:39:05.257-0500] {processor.py:840} INFO - DAG(s) 'example_short_circuit_operator' retrieved from /Users/naga/Desktop/airflow_env/lib/python3.12/site-packages/airflow/example_dags/example_short_circuit_operator.py
[2026-06-21T16:39:05.301-0500] {logging_mixin.py:188} INFO - [2026-06-21T16:39:05.301-0500] {dag.py:3089} INFO - Sync 1 DAGs
[2026-06-21T16:39:05.309-0500] {logging_mixin.py:188} INFO - [2026-06-21T16:39:05.308-0500] {dag.py:3947} INFO - Setting next_dagrun for example_short_circuit_operator to 2026-06-20 00:00:00+00:00, run_after=2026-06-21 00:00:00+00:00
[2026-06-21T16:39:05.317-0500] {processor.py:183} INFO - Processing /Users/naga/Desktop/airflow_env/lib/python3.12/site-packages/airflow/example_dags/example_short_circuit_operator.py took 0.084 seconds
[2026-06-21T16:42:43.060-0500] {processor.py:161} INFO - Started process (PID=60833) to work on /Users/naga/Desktop/airflow_env/lib/python3.12/site-packages/airflow/example_dags/example_short_circuit_operator.py
[2026-06-21T16:42:43.062-0500] {processor.py:830} INFO - Processing file /Users/naga/Desktop/airflow_env/lib/python3.12/site-packages/airflow/example_dags/example_short_circuit_operator.py for tasks to queue
[2026-06-21T16:42:43.062-0500] {logging_mixin.py:188} INFO - [2026-06-21T16:42:43.062-0500] {dagbag.py:545} INFO - Filling up the DagBag from /Users/naga/Desktop/airflow_env/lib/python3.12/site-packages/airflow/example_dags/example_short_circuit_operator.py
[2026-06-21T16:42:43.088-0500] {processor.py:840} INFO - DAG(s) 'example_short_circuit_operator' retrieved from /Users/naga/Desktop/airflow_env/lib/python3.12/site-packages/airflow/example_dags/example_short_circuit_operator.py
[2026-06-21T16:42:43.163-0500] {logging_mixin.py:188} INFO - [2026-06-21T16:42:43.163-0500] {dag.py:3089} INFO - Sync 1 DAGs
[2026-06-21T16:42:43.175-0500] {logging_mixin.py:188} INFO - [2026-06-21T16:42:43.175-0500] {dag.py:3947} INFO - Setting next_dagrun for example_short_circuit_operator to 2026-06-20 00:00:00+00:00, run_after=2026-06-21 00:00:00+00:00
[2026-06-21T16:42:43.189-0500] {processor.py:183} INFO - Processing /Users/naga/Desktop/airflow_env/lib/python3.12/site-packages/airflow/example_dags/example_short_circuit_operator.py took 0.132 seconds
[2026-06-21T16:44:40.864-0500] {processor.py:161} INFO - Started process (PID=60936) to work on /Users/naga/Desktop/airflow_env/lib/python3.12/site-packages/airflow/example_dags/example_short_circuit_operator.py
[2026-06-21T16:44:40.865-0500] {processor.py:830} INFO - Processing file /Users/naga/Desktop/airflow_env/lib/python3.12/site-packages/airflow/example_dags/example_short_circuit_operator.py for tasks to queue
[2026-06-21T16:44:40.866-0500] {logging_mixin.py:188} INFO - [2026-06-21T16:44:40.866-0500] {dagbag.py:545} INFO - Filling up the DagBag from /Users/naga/Desktop/airflow_env/lib/python3.12/site-packages/airflow/example_dags/example_short_circuit_operator.py
[2026-06-21T16:44:40.891-0500] {processor.py:840} INFO - DAG(s) 'example_short_circuit_operator' retrieved from /Users/naga/Desktop/airflow_env/lib/python3.12/site-packages/airflow/example_dags/example_short_circuit_operator.py
[2026-06-21T16:44:40.965-0500] {logging_mixin.py:188} INFO - [2026-06-21T16:44:40.965-0500] {dag.py:3089} INFO - Sync 1 DAGs
[2026-06-21T16:44:40.977-0500] {logging_mixin.py:188} INFO - [2026-06-21T16:44:40.977-0500] {dag.py:3947} INFO - Setting next_dagrun for example_short_circuit_operator to 2026-06-20 00:00:00+00:00, run_after=2026-06-21 00:00:00+00:00
[2026-06-21T16:44:40.991-0500] {processor.py:183} INFO - Processing /Users/naga/Desktop/airflow_env/lib/python3.12/site-packages/airflow/example_dags/example_short_circuit_operator.py took 0.129 seconds
[2026-06-21T16:46:13.998-0500] {processor.py:161} INFO - Started process (PID=61010) to work on /Users/naga/Desktop/airflow_env/lib/python3.12/site-packages/airflow/example_dags/example_short_circuit_operator.py
[2026-06-21T16:46:13.999-0500] {processor.py:830} INFO - Processing file /Users/naga/Desktop/airflow_env/lib/python3.12/site-packages/airflow/example_dags/example_short_circuit_operator.py for tasks to queue
[2026-06-21T16:46:14.000-0500] {logging_mixin.py:188} INFO - [2026-06-21T16:46:14.000-0500] {dagbag.py:545} INFO - Filling up the DagBag from /Users/naga/Desktop/airflow_env/lib/python3.12/site-packages/airflow/example_dags/example_short_circuit_operator.py
[2026-06-21T16:46:14.025-0500] {processor.py:840} INFO - DAG(s) 'example_short_circuit_operator' retrieved from /Users/naga/Desktop/airflow_env/lib/python3.12/site-packages/airflow/example_dags/example_short_circuit_operator.py
[2026-06-21T16:46:14.100-0500] {logging_mixin.py:188} INFO - [2026-06-21T16:46:14.100-0500] {dag.py:3089} INFO - Sync 1 DAGs
[2026-06-21T16:46:14.112-0500] {logging_mixin.py:188} INFO - [2026-06-21T16:46:14.112-0500] {dag.py:3947} INFO - Setting next_dagrun for example_short_circuit_operator to 2026-06-20 00:00:00+00:00, run_after=2026-06-21 00:00:00+00:00
[2026-06-21T16:46:14.126-0500] {processor.py:183} INFO - Processing /Users/naga/Desktop/airflow_env/lib/python3.12/site-packages/airflow/example_dags/example_short_circuit_operator.py took 0.131 seconds
[2026-06-21T17:49:09.185-0500] {processor.py:161} INFO - Started process (PID=61104) to work on /Users/naga/Desktop/airflow_env/lib/python3.12/site-packages/airflow/example_dags/example_short_circuit_operator.py
[2026-06-21T17:49:09.187-0500] {processor.py:830} INFO - Processing file /Users/naga/Desktop/airflow_env/lib/python3.12/site-packages/airflow/example_dags/example_short_circuit_operator.py for tasks to queue
[2026-06-21T17:49:09.187-0500] {logging_mixin.py:188} INFO - [2026-06-21T17:49:09.187-0500] {dagbag.py:545} INFO - Filling up the DagBag from /Users/naga/Desktop/airflow_env/lib/python3.12/site-packages/airflow/example_dags/example_short_circuit_operator.py
[2026-06-21T17:49:09.212-0500] {processor.py:840} INFO - DAG(s) 'example_short_circuit_operator' retrieved from /Users/naga/Desktop/airflow_env/lib/python3.12/site-packages/airflow/example_dags/example_short_circuit_operator.py
[2026-06-21T17:49:09.286-0500] {logging_mixin.py:188} INFO - [2026-06-21T17:49:09.286-0500] {dag.py:3089} INFO - Sync 1 DAGs
[2026-06-21T17:49:09.298-0500] {logging_mixin.py:188} INFO - [2026-06-21T17:49:09.298-0500] {dag.py:3947} INFO - Setting next_dagrun for example_short_circuit_operator to 2026-06-20 00:00:00+00:00, run_after=2026-06-21 00:00:00+00:00
[2026-06-21T17:49:09.312-0500] {processor.py:183} INFO - Processing /Users/naga/Desktop/airflow_env/lib/python3.12/site-packages/airflow/example_dags/example_short_circuit_operator.py took 0.128 seconds
[2026-06-21T18:48:43.813-0500] {processor.py:161} INFO - Started process (PID=61231) to work on /Users/naga/Desktop/airflow_env/lib/python3.12/site-packages/airflow/example_dags/example_short_circuit_operator.py
[2026-06-21T18:48:43.815-0500] {processor.py:830} INFO - Processing file /Users/naga/Desktop/airflow_env/lib/python3.12/site-packages/airflow/example_dags/example_short_circuit_operator.py for tasks to queue
[2026-06-21T18:48:43.815-0500] {logging_mixin.py:188} INFO - [2026-06-21T18:48:43.815-0500] {dagbag.py:545} INFO - Filling up the DagBag from /Users/naga/Desktop/airflow_env/lib/python3.12/site-packages/airflow/example_dags/example_short_circuit_operator.py
[2026-06-21T18:48:43.840-0500] {processor.py:840} INFO - DAG(s) 'example_short_circuit_operator' retrieved from /Users/naga/Desktop/airflow_env/lib/python3.12/site-packages/airflow/example_dags/example_short_circuit_operator.py
[2026-06-21T18:48:43.914-0500] {logging_mixin.py:188} INFO - [2026-06-21T18:48:43.914-0500] {dag.py:3089} INFO - Sync 1 DAGs
[2026-06-21T18:48:43.927-0500] {logging_mixin.py:188} INFO - [2026-06-21T18:48:43.926-0500] {dag.py:3947} INFO - Setting next_dagrun for example_short_circuit_operator to 2026-06-20 00:00:00+00:00, run_after=2026-06-21 00:00:00+00:00
[2026-06-21T18:48:43.940-0500] {processor.py:183} INFO - Processing /Users/naga/Desktop/airflow_env/lib/python3.12/site-packages/airflow/example_dags/example_short_circuit_operator.py took 0.129 seconds
[2026-06-21T18:56:56.392-0500] {processor.py:161} INFO - Started process (PID=61346) to work on /Users/naga/Desktop/airflow_env/lib/python3.12/site-packages/airflow/example_dags/example_short_circuit_operator.py
[2026-06-21T18:56:56.393-0500] {processor.py:830} INFO - Processing file /Users/naga/Desktop/airflow_env/lib/python3.12/site-packages/airflow/example_dags/example_short_circuit_operator.py for tasks to queue
[2026-06-21T18:56:56.394-0500] {logging_mixin.py:188} INFO - [2026-06-21T18:56:56.393-0500] {dagbag.py:545} INFO - Filling up the DagBag from /Users/naga/Desktop/airflow_env/lib/python3.12/site-packages/airflow/example_dags/example_short_circuit_operator.py
[2026-06-21T18:56:56.419-0500] {processor.py:840} INFO - DAG(s) 'example_short_circuit_operator' retrieved from /Users/naga/Desktop/airflow_env/lib/python3.12/site-packages/airflow/example_dags/example_short_circuit_operator.py
[2026-06-21T18:56:56.493-0500] {logging_mixin.py:188} INFO - [2026-06-21T18:56:56.493-0500] {dag.py:3089} INFO - Sync 1 DAGs
[2026-06-21T18:56:56.505-0500] {logging_mixin.py:188} INFO - [2026-06-21T18:56:56.505-0500] {dag.py:3947} INFO - Setting next_dagrun for example_short_circuit_operator to 2026-06-20 00:00:00+00:00, run_after=2026-06-21 00:00:00+00:00
[2026-06-21T18:56:56.519-0500] {processor.py:183} INFO - Processing /Users/naga/Desktop/airflow_env/lib/python3.12/site-packages/airflow/example_dags/example_short_circuit_operator.py took 0.129 seconds
[2026-06-21T18:58:27.532-0500] {processor.py:161} INFO - Started process (PID=61396) to work on /Users/naga/Desktop/airflow_env/lib/python3.12/site-packages/airflow/example_dags/example_short_circuit_operator.py
[2026-06-21T18:58:27.533-0500] {processor.py:830} INFO - Processing file /Users/naga/Desktop/airflow_env/lib/python3.12/site-packages/airflow/example_dags/example_short_circuit_operator.py for tasks to queue
[2026-06-21T18:58:27.534-0500] {logging_mixin.py:188} INFO - [2026-06-21T18:58:27.534-0500] {dagbag.py:545} INFO - Filling up the DagBag from /Users/naga/Desktop/airflow_env/lib/python3.12/site-packages/airflow/example_dags/example_short_circuit_operator.py
[2026-06-21T18:58:27.559-0500] {processor.py:840} INFO - DAG(s) 'example_short_circuit_operator' retrieved from /Users/naga/Desktop/airflow_env/lib/python3.12/site-packages/airflow/example_dags/example_short_circuit_operator.py
[2026-06-21T18:58:27.632-0500] {logging_mixin.py:188} INFO - [2026-06-21T18:58:27.632-0500] {dag.py:3089} INFO - Sync 1 DAGs
[2026-06-21T18:58:27.644-0500] {logging_mixin.py:188} INFO - [2026-06-21T18:58:27.643-0500] {dag.py:3947} INFO - Setting next_dagrun for example_short_circuit_operator to 2026-06-20 00:00:00+00:00, run_after=2026-06-21 00:00:00+00:00
[2026-06-21T18:58:27.657-0500] {processor.py:183} INFO - Processing /Users/naga/Desktop/airflow_env/lib/python3.12/site-packages/airflow/example_dags/example_short_circuit_operator.py took 0.127 seconds
