[2026-06-21T14:45:19.893-0500] {processor.py:161} INFO - Started process (PID=54349) to work on /Users/naga/Desktop/airflow_env/lib/python3.12/site-packages/airflow/example_dags/example_dag_decorator.py
[2026-06-21T14:45:19.894-0500] {processor.py:830} INFO - Processing file /Users/naga/Desktop/airflow_env/lib/python3.12/site-packages/airflow/example_dags/example_dag_decorator.py for tasks to queue
[2026-06-21T14:45:19.894-0500] {logging_mixin.py:188} INFO - [2026-06-21T14:45:19.894-0500] {dagbag.py:545} INFO - Filling up the DagBag from /Users/naga/Desktop/airflow_env/lib/python3.12/site-packages/airflow/example_dags/example_dag_decorator.py
[2026-06-21T14:45:20.054-0500] {processor.py:840} INFO - DAG(s) 'example_dag_decorator' retrieved from /Users/naga/Desktop/airflow_env/lib/python3.12/site-packages/airflow/example_dags/example_dag_decorator.py
[2026-06-21T14:45:20.187-0500] {logging_mixin.py:188} INFO - [2026-06-21T14:45:20.187-0500] {override.py:1858} INFO - Created Permission View: can delete on DAG:example_dag_decorator
[2026-06-21T14:45:20.194-0500] {logging_mixin.py:188} INFO - [2026-06-21T14:45:20.193-0500] {override.py:1858} INFO - Created Permission View: can edit on DAG:example_dag_decorator
[2026-06-21T14:45:20.197-0500] {logging_mixin.py:188} INFO - [2026-06-21T14:45:20.197-0500] {override.py:1858} INFO - Created Permission View: can read on DAG:example_dag_decorator
[2026-06-21T14:45:20.198-0500] {logging_mixin.py:188} INFO - [2026-06-21T14:45:20.197-0500] {dag.py:3089} INFO - Sync 1 DAGs
[2026-06-21T14:45:20.243-0500] {logging_mixin.py:188} INFO - [2026-06-21T14:45:20.242-0500] {dag.py:3111} INFO - Creating ORM DAG for example_dag_decorator
[2026-06-21T14:45:20.243-0500] {logging_mixin.py:188} INFO - [2026-06-21T14:45:20.243-0500] {dag.py:3947} INFO - Setting next_dagrun for example_dag_decorator to None, run_after=None
[2026-06-21T14:45:20.256-0500] {processor.py:183} INFO - Processing /Users/naga/Desktop/airflow_env/lib/python3.12/site-packages/airflow/example_dags/example_dag_decorator.py took 0.365 seconds
[2026-06-21T14:48:27.156-0500] {processor.py:161} INFO - Started process (PID=54520) to work on /Users/naga/Desktop/airflow_env/lib/python3.12/site-packages/airflow/example_dags/example_dag_decorator.py
[2026-06-21T14:48:27.159-0500] {processor.py:830} INFO - Processing file /Users/naga/Desktop/airflow_env/lib/python3.12/site-packages/airflow/example_dags/example_dag_decorator.py for tasks to queue
[2026-06-21T14:48:27.160-0500] {logging_mixin.py:188} INFO - [2026-06-21T14:48:27.160-0500] {dagbag.py:545} INFO - Filling up the DagBag from /Users/naga/Desktop/airflow_env/lib/python3.12/site-packages/airflow/example_dags/example_dag_decorator.py
[2026-06-21T14:48:27.355-0500] {processor.py:840} INFO - DAG(s) 'example_dag_decorator' retrieved from /Users/naga/Desktop/airflow_env/lib/python3.12/site-packages/airflow/example_dags/example_dag_decorator.py
[2026-06-21T14:48:27.505-0500] {logging_mixin.py:188} INFO - [2026-06-21T14:48:27.504-0500] {dag.py:3089} INFO - Sync 1 DAGs
[2026-06-21T14:48:27.549-0500] {logging_mixin.py:188} INFO - [2026-06-21T14:48:27.549-0500] {dag.py:3947} INFO - Setting next_dagrun for example_dag_decorator to None, run_after=None
[2026-06-21T14:48:27.563-0500] {processor.py:183} INFO - Processing /Users/naga/Desktop/airflow_env/lib/python3.12/site-packages/airflow/example_dags/example_dag_decorator.py took 0.410 seconds
[2026-06-21T14:51:21.732-0500] {processor.py:161} INFO - Started process (PID=54709) to work on /Users/naga/Desktop/airflow_env/lib/python3.12/site-packages/airflow/example_dags/example_dag_decorator.py
[2026-06-21T14:51:21.733-0500] {processor.py:830} INFO - Processing file /Users/naga/Desktop/airflow_env/lib/python3.12/site-packages/airflow/example_dags/example_dag_decorator.py for tasks to queue
[2026-06-21T14:51:21.734-0500] {logging_mixin.py:188} INFO - [2026-06-21T14:51:21.734-0500] {dagbag.py:545} INFO - Filling up the DagBag from /Users/naga/Desktop/airflow_env/lib/python3.12/site-packages/airflow/example_dags/example_dag_decorator.py
[2026-06-21T14:51:21.895-0500] {processor.py:840} INFO - DAG(s) 'example_dag_decorator' retrieved from /Users/naga/Desktop/airflow_env/lib/python3.12/site-packages/airflow/example_dags/example_dag_decorator.py
[2026-06-21T14:51:22.044-0500] {logging_mixin.py:188} INFO - [2026-06-21T14:51:22.044-0500] {dag.py:3089} INFO - Sync 1 DAGs
[2026-06-21T14:51:22.087-0500] {logging_mixin.py:188} INFO - [2026-06-21T14:51:22.087-0500] {dag.py:3947} INFO - Setting next_dagrun for example_dag_decorator to None, run_after=None
[2026-06-21T14:51:22.102-0500] {processor.py:183} INFO - Processing /Users/naga/Desktop/airflow_env/lib/python3.12/site-packages/airflow/example_dags/example_dag_decorator.py took 0.372 seconds
[2026-06-21T14:54:18.750-0500] {processor.py:161} INFO - Started process (PID=54860) to work on /Users/naga/Desktop/airflow_env/lib/python3.12/site-packages/airflow/example_dags/example_dag_decorator.py
[2026-06-21T14:54:18.751-0500] {processor.py:830} INFO - Processing file /Users/naga/Desktop/airflow_env/lib/python3.12/site-packages/airflow/example_dags/example_dag_decorator.py for tasks to queue
[2026-06-21T14:54:18.752-0500] {logging_mixin.py:188} INFO - [2026-06-21T14:54:18.751-0500] {dagbag.py:545} INFO - Filling up the DagBag from /Users/naga/Desktop/airflow_env/lib/python3.12/site-packages/airflow/example_dags/example_dag_decorator.py
[2026-06-21T14:54:18.920-0500] {processor.py:840} INFO - DAG(s) 'example_dag_decorator' retrieved from /Users/naga/Desktop/airflow_env/lib/python3.12/site-packages/airflow/example_dags/example_dag_decorator.py
[2026-06-21T14:54:19.073-0500] {logging_mixin.py:188} INFO - [2026-06-21T14:54:19.073-0500] {dag.py:3089} INFO - Sync 1 DAGs
[2026-06-21T14:54:19.116-0500] {logging_mixin.py:188} INFO - [2026-06-21T14:54:19.116-0500] {dag.py:3947} INFO - Setting next_dagrun for example_dag_decorator to None, run_after=None
[2026-06-21T14:54:19.131-0500] {processor.py:183} INFO - Processing /Users/naga/Desktop/airflow_env/lib/python3.12/site-packages/airflow/example_dags/example_dag_decorator.py took 0.383 seconds
[2026-06-21T14:57:31.820-0500] {processor.py:161} INFO - Started process (PID=55240) to work on /Users/naga/Desktop/airflow_env/lib/python3.12/site-packages/airflow/example_dags/example_dag_decorator.py
[2026-06-21T14:57:31.821-0500] {processor.py:830} INFO - Processing file /Users/naga/Desktop/airflow_env/lib/python3.12/site-packages/airflow/example_dags/example_dag_decorator.py for tasks to queue
[2026-06-21T14:57:31.821-0500] {logging_mixin.py:188} INFO - [2026-06-21T14:57:31.821-0500] {dagbag.py:545} INFO - Filling up the DagBag from /Users/naga/Desktop/airflow_env/lib/python3.12/site-packages/airflow/example_dags/example_dag_decorator.py
[2026-06-21T14:57:31.976-0500] {processor.py:840} INFO - DAG(s) 'example_dag_decorator' retrieved from /Users/naga/Desktop/airflow_env/lib/python3.12/site-packages/airflow/example_dags/example_dag_decorator.py
[2026-06-21T14:57:32.110-0500] {logging_mixin.py:188} INFO - [2026-06-21T14:57:32.110-0500] {dag.py:3089} INFO - Sync 1 DAGs
[2026-06-21T14:57:32.152-0500] {logging_mixin.py:188} INFO - [2026-06-21T14:57:32.152-0500] {dag.py:3947} INFO - Setting next_dagrun for example_dag_decorator to None, run_after=None
[2026-06-21T14:57:32.168-0500] {processor.py:183} INFO - Processing /Users/naga/Desktop/airflow_env/lib/python3.12/site-packages/airflow/example_dags/example_dag_decorator.py took 0.351 seconds
[2026-06-21T15:00:44.199-0500] {processor.py:161} INFO - Started process (PID=55404) to work on /Users/naga/Desktop/airflow_env/lib/python3.12/site-packages/airflow/example_dags/example_dag_decorator.py
[2026-06-21T15:00:44.200-0500] {processor.py:830} INFO - Processing file /Users/naga/Desktop/airflow_env/lib/python3.12/site-packages/airflow/example_dags/example_dag_decorator.py for tasks to queue
[2026-06-21T15:00:44.200-0500] {logging_mixin.py:188} INFO - [2026-06-21T15:00:44.200-0500] {dagbag.py:545} INFO - Filling up the DagBag from /Users/naga/Desktop/airflow_env/lib/python3.12/site-packages/airflow/example_dags/example_dag_decorator.py
[2026-06-21T15:00:44.359-0500] {processor.py:840} INFO - DAG(s) 'example_dag_decorator' retrieved from /Users/naga/Desktop/airflow_env/lib/python3.12/site-packages/airflow/example_dags/example_dag_decorator.py
[2026-06-21T15:00:44.508-0500] {logging_mixin.py:188} INFO - [2026-06-21T15:00:44.508-0500] {dag.py:3089} INFO - Sync 1 DAGs
[2026-06-21T15:00:44.554-0500] {logging_mixin.py:188} INFO - [2026-06-21T15:00:44.554-0500] {dag.py:3947} INFO - Setting next_dagrun for example_dag_decorator to None, run_after=None
[2026-06-21T15:00:44.570-0500] {processor.py:183} INFO - Processing /Users/naga/Desktop/airflow_env/lib/python3.12/site-packages/airflow/example_dags/example_dag_decorator.py took 0.373 seconds
[2026-06-21T15:03:48.244-0500] {processor.py:161} INFO - Started process (PID=55563) to work on /Users/naga/Desktop/airflow_env/lib/python3.12/site-packages/airflow/example_dags/example_dag_decorator.py
[2026-06-21T15:03:48.245-0500] {processor.py:830} INFO - Processing file /Users/naga/Desktop/airflow_env/lib/python3.12/site-packages/airflow/example_dags/example_dag_decorator.py for tasks to queue
[2026-06-21T15:03:48.245-0500] {logging_mixin.py:188} INFO - [2026-06-21T15:03:48.245-0500] {dagbag.py:545} INFO - Filling up the DagBag from /Users/naga/Desktop/airflow_env/lib/python3.12/site-packages/airflow/example_dags/example_dag_decorator.py
[2026-06-21T15:03:48.412-0500] {processor.py:840} INFO - DAG(s) 'example_dag_decorator' retrieved from /Users/naga/Desktop/airflow_env/lib/python3.12/site-packages/airflow/example_dags/example_dag_decorator.py
[2026-06-21T15:03:48.564-0500] {logging_mixin.py:188} INFO - [2026-06-21T15:03:48.564-0500] {dag.py:3089} INFO - Sync 1 DAGs
[2026-06-21T15:03:48.606-0500] {logging_mixin.py:188} INFO - [2026-06-21T15:03:48.606-0500] {dag.py:3947} INFO - Setting next_dagrun for example_dag_decorator to None, run_after=None
[2026-06-21T15:03:48.621-0500] {processor.py:183} INFO - Processing /Users/naga/Desktop/airflow_env/lib/python3.12/site-packages/airflow/example_dags/example_dag_decorator.py took 0.379 seconds
[2026-06-21T15:06:54.213-0500] {processor.py:161} INFO - Started process (PID=55707) to work on /Users/naga/Desktop/airflow_env/lib/python3.12/site-packages/airflow/example_dags/example_dag_decorator.py
[2026-06-21T15:06:54.214-0500] {processor.py:830} INFO - Processing file /Users/naga/Desktop/airflow_env/lib/python3.12/site-packages/airflow/example_dags/example_dag_decorator.py for tasks to queue
[2026-06-21T15:06:54.215-0500] {logging_mixin.py:188} INFO - [2026-06-21T15:06:54.214-0500] {dagbag.py:545} INFO - Filling up the DagBag from /Users/naga/Desktop/airflow_env/lib/python3.12/site-packages/airflow/example_dags/example_dag_decorator.py
[2026-06-21T15:06:54.367-0500] {processor.py:840} INFO - DAG(s) 'example_dag_decorator' retrieved from /Users/naga/Desktop/airflow_env/lib/python3.12/site-packages/airflow/example_dags/example_dag_decorator.py
[2026-06-21T15:06:54.499-0500] {logging_mixin.py:188} INFO - [2026-06-21T15:06:54.498-0500] {dag.py:3089} INFO - Sync 1 DAGs
[2026-06-21T15:06:54.541-0500] {logging_mixin.py:188} INFO - [2026-06-21T15:06:54.541-0500] {dag.py:3947} INFO - Setting next_dagrun for example_dag_decorator to None, run_after=None
[2026-06-21T15:06:54.556-0500] {processor.py:183} INFO - Processing /Users/naga/Desktop/airflow_env/lib/python3.12/site-packages/airflow/example_dags/example_dag_decorator.py took 0.345 seconds
[2026-06-21T15:09:58.977-0500] {processor.py:161} INFO - Started process (PID=55827) to work on /Users/naga/Desktop/airflow_env/lib/python3.12/site-packages/airflow/example_dags/example_dag_decorator.py
[2026-06-21T15:09:58.978-0500] {processor.py:830} INFO - Processing file /Users/naga/Desktop/airflow_env/lib/python3.12/site-packages/airflow/example_dags/example_dag_decorator.py for tasks to queue
[2026-06-21T15:09:58.978-0500] {logging_mixin.py:188} INFO - [2026-06-21T15:09:58.978-0500] {dagbag.py:545} INFO - Filling up the DagBag from /Users/naga/Desktop/airflow_env/lib/python3.12/site-packages/airflow/example_dags/example_dag_decorator.py
[2026-06-21T15:09:59.137-0500] {processor.py:840} INFO - DAG(s) 'example_dag_decorator' retrieved from /Users/naga/Desktop/airflow_env/lib/python3.12/site-packages/airflow/example_dags/example_dag_decorator.py
[2026-06-21T15:09:59.283-0500] {logging_mixin.py:188} INFO - [2026-06-21T15:09:59.283-0500] {dag.py:3089} INFO - Sync 1 DAGs
[2026-06-21T15:09:59.327-0500] {logging_mixin.py:188} INFO - [2026-06-21T15:09:59.327-0500] {dag.py:3947} INFO - Setting next_dagrun for example_dag_decorator to None, run_after=None
[2026-06-21T15:09:59.341-0500] {processor.py:183} INFO - Processing /Users/naga/Desktop/airflow_env/lib/python3.12/site-packages/airflow/example_dags/example_dag_decorator.py took 0.367 seconds
[2026-06-21T15:13:10.697-0500] {processor.py:161} INFO - Started process (PID=56106) to work on /Users/naga/Desktop/airflow_env/lib/python3.12/site-packages/airflow/example_dags/example_dag_decorator.py
[2026-06-21T15:13:10.698-0500] {processor.py:830} INFO - Processing file /Users/naga/Desktop/airflow_env/lib/python3.12/site-packages/airflow/example_dags/example_dag_decorator.py for tasks to queue
[2026-06-21T15:13:10.698-0500] {logging_mixin.py:188} INFO - [2026-06-21T15:13:10.698-0500] {dagbag.py:545} INFO - Filling up the DagBag from /Users/naga/Desktop/airflow_env/lib/python3.12/site-packages/airflow/example_dags/example_dag_decorator.py
[2026-06-21T15:13:10.805-0500] {processor.py:840} INFO - DAG(s) 'example_dag_decorator' retrieved from /Users/naga/Desktop/airflow_env/lib/python3.12/site-packages/airflow/example_dags/example_dag_decorator.py
[2026-06-21T15:13:10.898-0500] {logging_mixin.py:188} INFO - [2026-06-21T15:13:10.898-0500] {dag.py:3089} INFO - Sync 1 DAGs
[2026-06-21T15:13:10.931-0500] {logging_mixin.py:188} INFO - [2026-06-21T15:13:10.931-0500] {dag.py:3947} INFO - Setting next_dagrun for example_dag_decorator to None, run_after=None
[2026-06-21T15:13:10.941-0500] {processor.py:183} INFO - Processing /Users/naga/Desktop/airflow_env/lib/python3.12/site-packages/airflow/example_dags/example_dag_decorator.py took 0.246 seconds
[2026-06-21T15:15:27.359-0500] {processor.py:161} INFO - Started process (PID=56242) to work on /Users/naga/Desktop/airflow_env/lib/python3.12/site-packages/airflow/example_dags/example_dag_decorator.py
[2026-06-21T15:15:27.360-0500] {processor.py:830} INFO - Processing file /Users/naga/Desktop/airflow_env/lib/python3.12/site-packages/airflow/example_dags/example_dag_decorator.py for tasks to queue
[2026-06-21T15:15:27.361-0500] {logging_mixin.py:188} INFO - [2026-06-21T15:15:27.361-0500] {dagbag.py:545} INFO - Filling up the DagBag from /Users/naga/Desktop/airflow_env/lib/python3.12/site-packages/airflow/example_dags/example_dag_decorator.py
[2026-06-21T15:15:27.466-0500] {processor.py:840} INFO - DAG(s) 'example_dag_decorator' retrieved from /Users/naga/Desktop/airflow_env/lib/python3.12/site-packages/airflow/example_dags/example_dag_decorator.py
[2026-06-21T15:15:27.542-0500] {logging_mixin.py:188} INFO - [2026-06-21T15:15:27.542-0500] {dag.py:3089} INFO - Sync 1 DAGs
[2026-06-21T15:15:27.572-0500] {logging_mixin.py:188} INFO - [2026-06-21T15:15:27.572-0500] {dag.py:3947} INFO - Setting next_dagrun for example_dag_decorator to None, run_after=None
[2026-06-21T15:15:27.580-0500] {processor.py:183} INFO - Processing /Users/naga/Desktop/airflow_env/lib/python3.12/site-packages/airflow/example_dags/example_dag_decorator.py took 0.222 seconds
[2026-06-21T15:32:06.513-0500] {processor.py:161} INFO - Started process (PID=56547) to work on /Users/naga/Desktop/airflow_env/lib/python3.12/site-packages/airflow/example_dags/example_dag_decorator.py
[2026-06-21T15:32:06.514-0500] {processor.py:830} INFO - Processing file /Users/naga/Desktop/airflow_env/lib/python3.12/site-packages/airflow/example_dags/example_dag_decorator.py for tasks to queue
[2026-06-21T15:32:06.515-0500] {logging_mixin.py:188} INFO - [2026-06-21T15:32:06.515-0500] {dagbag.py:545} INFO - Filling up the DagBag from /Users/naga/Desktop/airflow_env/lib/python3.12/site-packages/airflow/example_dags/example_dag_decorator.py
[2026-06-21T15:32:06.804-0500] {processor.py:840} INFO - DAG(s) 'example_dag_decorator' retrieved from /Users/naga/Desktop/airflow_env/lib/python3.12/site-packages/airflow/example_dags/example_dag_decorator.py
[2026-06-21T15:32:06.915-0500] {logging_mixin.py:188} INFO - [2026-06-21T15:32:06.915-0500] {dag.py:3089} INFO - Sync 1 DAGs
[2026-06-21T15:32:06.954-0500] {logging_mixin.py:188} INFO - [2026-06-21T15:32:06.954-0500] {dag.py:3947} INFO - Setting next_dagrun for example_dag_decorator to None, run_after=None
[2026-06-21T15:32:06.963-0500] {processor.py:183} INFO - Processing /Users/naga/Desktop/airflow_env/lib/python3.12/site-packages/airflow/example_dags/example_dag_decorator.py took 0.452 seconds
[2026-06-21T15:34:30.413-0500] {processor.py:161} INFO - Started process (PID=56746) to work on /Users/naga/Desktop/airflow_env/lib/python3.12/site-packages/airflow/example_dags/example_dag_decorator.py
[2026-06-21T15:34:30.414-0500] {processor.py:830} INFO - Processing file /Users/naga/Desktop/airflow_env/lib/python3.12/site-packages/airflow/example_dags/example_dag_decorator.py for tasks to queue
[2026-06-21T15:34:30.414-0500] {logging_mixin.py:188} INFO - [2026-06-21T15:34:30.414-0500] {dagbag.py:545} INFO - Filling up the DagBag from /Users/naga/Desktop/airflow_env/lib/python3.12/site-packages/airflow/example_dags/example_dag_decorator.py
[2026-06-21T15:34:30.530-0500] {processor.py:840} INFO - DAG(s) 'example_dag_decorator' retrieved from /Users/naga/Desktop/airflow_env/lib/python3.12/site-packages/airflow/example_dags/example_dag_decorator.py
[2026-06-21T15:34:30.627-0500] {logging_mixin.py:188} INFO - [2026-06-21T15:34:30.627-0500] {dag.py:3089} INFO - Sync 1 DAGs
[2026-06-21T15:34:30.660-0500] {logging_mixin.py:188} INFO - [2026-06-21T15:34:30.660-0500] {dag.py:3947} INFO - Setting next_dagrun for example_dag_decorator to None, run_after=None
[2026-06-21T15:34:30.669-0500] {processor.py:183} INFO - Processing /Users/naga/Desktop/airflow_env/lib/python3.12/site-packages/airflow/example_dags/example_dag_decorator.py took 0.257 seconds
[2026-06-21T15:36:28.750-0500] {processor.py:161} INFO - Started process (PID=56858) to work on /Users/naga/Desktop/airflow_env/lib/python3.12/site-packages/airflow/example_dags/example_dag_decorator.py
[2026-06-21T15:36:28.750-0500] {processor.py:830} INFO - Processing file /Users/naga/Desktop/airflow_env/lib/python3.12/site-packages/airflow/example_dags/example_dag_decorator.py for tasks to queue
[2026-06-21T15:36:28.751-0500] {logging_mixin.py:188} INFO - [2026-06-21T15:36:28.751-0500] {dagbag.py:545} INFO - Filling up the DagBag from /Users/naga/Desktop/airflow_env/lib/python3.12/site-packages/airflow/example_dags/example_dag_decorator.py
[2026-06-21T15:36:28.858-0500] {processor.py:840} INFO - DAG(s) 'example_dag_decorator' retrieved from /Users/naga/Desktop/airflow_env/lib/python3.12/site-packages/airflow/example_dags/example_dag_decorator.py
[2026-06-21T15:36:28.953-0500] {logging_mixin.py:188} INFO - [2026-06-21T15:36:28.953-0500] {dag.py:3089} INFO - Sync 1 DAGs
[2026-06-21T15:36:28.984-0500] {logging_mixin.py:188} INFO - [2026-06-21T15:36:28.983-0500] {dag.py:3947} INFO - Setting next_dagrun for example_dag_decorator to None, run_after=None
[2026-06-21T15:36:28.994-0500] {processor.py:183} INFO - Processing /Users/naga/Desktop/airflow_env/lib/python3.12/site-packages/airflow/example_dags/example_dag_decorator.py took 0.245 seconds
[2026-06-21T15:38:34.023-0500] {processor.py:161} INFO - Started process (PID=56996) to work on /Users/naga/Desktop/airflow_env/lib/python3.12/site-packages/airflow/example_dags/example_dag_decorator.py
[2026-06-21T15:38:34.024-0500] {processor.py:830} INFO - Processing file /Users/naga/Desktop/airflow_env/lib/python3.12/site-packages/airflow/example_dags/example_dag_decorator.py for tasks to queue
[2026-06-21T15:38:34.024-0500] {logging_mixin.py:188} INFO - [2026-06-21T15:38:34.024-0500] {dagbag.py:545} INFO - Filling up the DagBag from /Users/naga/Desktop/airflow_env/lib/python3.12/site-packages/airflow/example_dags/example_dag_decorator.py
[2026-06-21T15:38:34.132-0500] {processor.py:840} INFO - DAG(s) 'example_dag_decorator' retrieved from /Users/naga/Desktop/airflow_env/lib/python3.12/site-packages/airflow/example_dags/example_dag_decorator.py
[2026-06-21T15:38:34.228-0500] {logging_mixin.py:188} INFO - [2026-06-21T15:38:34.228-0500] {dag.py:3089} INFO - Sync 1 DAGs
[2026-06-21T15:38:34.259-0500] {logging_mixin.py:188} INFO - [2026-06-21T15:38:34.259-0500] {dag.py:3947} INFO - Setting next_dagrun for example_dag_decorator to None, run_after=None
[2026-06-21T15:38:34.268-0500] {processor.py:183} INFO - Processing /Users/naga/Desktop/airflow_env/lib/python3.12/site-packages/airflow/example_dags/example_dag_decorator.py took 0.246 seconds
[2026-06-21T15:40:37.996-0500] {processor.py:161} INFO - Started process (PID=57099) to work on /Users/naga/Desktop/airflow_env/lib/python3.12/site-packages/airflow/example_dags/example_dag_decorator.py
[2026-06-21T15:40:37.996-0500] {processor.py:830} INFO - Processing file /Users/naga/Desktop/airflow_env/lib/python3.12/site-packages/airflow/example_dags/example_dag_decorator.py for tasks to queue
[2026-06-21T15:40:37.997-0500] {logging_mixin.py:188} INFO - [2026-06-21T15:40:37.997-0500] {dagbag.py:545} INFO - Filling up the DagBag from /Users/naga/Desktop/airflow_env/lib/python3.12/site-packages/airflow/example_dags/example_dag_decorator.py
[2026-06-21T15:40:38.108-0500] {processor.py:840} INFO - DAG(s) 'example_dag_decorator' retrieved from /Users/naga/Desktop/airflow_env/lib/python3.12/site-packages/airflow/example_dags/example_dag_decorator.py
[2026-06-21T15:40:38.204-0500] {logging_mixin.py:188} INFO - [2026-06-21T15:40:38.204-0500] {dag.py:3089} INFO - Sync 1 DAGs
[2026-06-21T15:40:38.236-0500] {logging_mixin.py:188} INFO - [2026-06-21T15:40:38.236-0500] {dag.py:3947} INFO - Setting next_dagrun for example_dag_decorator to None, run_after=None
[2026-06-21T15:40:38.246-0500] {processor.py:183} INFO - Processing /Users/naga/Desktop/airflow_env/lib/python3.12/site-packages/airflow/example_dags/example_dag_decorator.py took 0.253 seconds
[2026-06-21T15:42:39.828-0500] {processor.py:161} INFO - Started process (PID=57238) to work on /Users/naga/Desktop/airflow_env/lib/python3.12/site-packages/airflow/example_dags/example_dag_decorator.py
[2026-06-21T15:42:39.829-0500] {processor.py:830} INFO - Processing file /Users/naga/Desktop/airflow_env/lib/python3.12/site-packages/airflow/example_dags/example_dag_decorator.py for tasks to queue
[2026-06-21T15:42:39.829-0500] {logging_mixin.py:188} INFO - [2026-06-21T15:42:39.829-0500] {dagbag.py:545} INFO - Filling up the DagBag from /Users/naga/Desktop/airflow_env/lib/python3.12/site-packages/airflow/example_dags/example_dag_decorator.py
[2026-06-21T15:42:39.940-0500] {processor.py:840} INFO - DAG(s) 'example_dag_decorator' retrieved from /Users/naga/Desktop/airflow_env/lib/python3.12/site-packages/airflow/example_dags/example_dag_decorator.py
[2026-06-21T15:42:40.037-0500] {logging_mixin.py:188} INFO - [2026-06-21T15:42:40.036-0500] {dag.py:3089} INFO - Sync 1 DAGs
[2026-06-21T15:42:40.067-0500] {logging_mixin.py:188} INFO - [2026-06-21T15:42:40.067-0500] {dag.py:3947} INFO - Setting next_dagrun for example_dag_decorator to None, run_after=None
[2026-06-21T15:42:40.076-0500] {processor.py:183} INFO - Processing /Users/naga/Desktop/airflow_env/lib/python3.12/site-packages/airflow/example_dags/example_dag_decorator.py took 0.249 seconds
[2026-06-21T15:44:47.494-0500] {processor.py:161} INFO - Started process (PID=57381) to work on /Users/naga/Desktop/airflow_env/lib/python3.12/site-packages/airflow/example_dags/example_dag_decorator.py
[2026-06-21T15:44:47.495-0500] {processor.py:830} INFO - Processing file /Users/naga/Desktop/airflow_env/lib/python3.12/site-packages/airflow/example_dags/example_dag_decorator.py for tasks to queue
[2026-06-21T15:44:47.495-0500] {logging_mixin.py:188} INFO - [2026-06-21T15:44:47.495-0500] {dagbag.py:545} INFO - Filling up the DagBag from /Users/naga/Desktop/airflow_env/lib/python3.12/site-packages/airflow/example_dags/example_dag_decorator.py
[2026-06-21T15:44:47.604-0500] {processor.py:840} INFO - DAG(s) 'example_dag_decorator' retrieved from /Users/naga/Desktop/airflow_env/lib/python3.12/site-packages/airflow/example_dags/example_dag_decorator.py
[2026-06-21T15:44:47.716-0500] {logging_mixin.py:188} INFO - [2026-06-21T15:44:47.716-0500] {dag.py:3089} INFO - Sync 1 DAGs
[2026-06-21T15:44:47.747-0500] {logging_mixin.py:188} INFO - [2026-06-21T15:44:47.747-0500] {dag.py:3947} INFO - Setting next_dagrun for example_dag_decorator to None, run_after=None
[2026-06-21T15:44:47.756-0500] {processor.py:183} INFO - Processing /Users/naga/Desktop/airflow_env/lib/python3.12/site-packages/airflow/example_dags/example_dag_decorator.py took 0.263 seconds
[2026-06-21T15:46:49.810-0500] {processor.py:161} INFO - Started process (PID=57512) to work on /Users/naga/Desktop/airflow_env/lib/python3.12/site-packages/airflow/example_dags/example_dag_decorator.py
[2026-06-21T15:46:49.811-0500] {processor.py:830} INFO - Processing file /Users/naga/Desktop/airflow_env/lib/python3.12/site-packages/airflow/example_dags/example_dag_decorator.py for tasks to queue
[2026-06-21T15:46:49.811-0500] {logging_mixin.py:188} INFO - [2026-06-21T15:46:49.811-0500] {dagbag.py:545} INFO - Filling up the DagBag from /Users/naga/Desktop/airflow_env/lib/python3.12/site-packages/airflow/example_dags/example_dag_decorator.py
[2026-06-21T15:46:49.915-0500] {processor.py:840} INFO - DAG(s) 'example_dag_decorator' retrieved from /Users/naga/Desktop/airflow_env/lib/python3.12/site-packages/airflow/example_dags/example_dag_decorator.py
[2026-06-21T15:46:49.992-0500] {logging_mixin.py:188} INFO - [2026-06-21T15:46:49.992-0500] {dag.py:3089} INFO - Sync 1 DAGs
[2026-06-21T15:46:50.023-0500] {logging_mixin.py:188} INFO - [2026-06-21T15:46:50.023-0500] {dag.py:3947} INFO - Setting next_dagrun for example_dag_decorator to None, run_after=None
[2026-06-21T15:46:50.031-0500] {processor.py:183} INFO - Processing /Users/naga/Desktop/airflow_env/lib/python3.12/site-packages/airflow/example_dags/example_dag_decorator.py took 0.222 seconds
[2026-06-21T15:48:56.130-0500] {processor.py:161} INFO - Started process (PID=57635) to work on /Users/naga/Desktop/airflow_env/lib/python3.12/site-packages/airflow/example_dags/example_dag_decorator.py
[2026-06-21T15:48:56.131-0500] {processor.py:830} INFO - Processing file /Users/naga/Desktop/airflow_env/lib/python3.12/site-packages/airflow/example_dags/example_dag_decorator.py for tasks to queue
[2026-06-21T15:48:56.131-0500] {logging_mixin.py:188} INFO - [2026-06-21T15:48:56.131-0500] {dagbag.py:545} INFO - Filling up the DagBag from /Users/naga/Desktop/airflow_env/lib/python3.12/site-packages/airflow/example_dags/example_dag_decorator.py
[2026-06-21T15:48:56.239-0500] {processor.py:840} INFO - DAG(s) 'example_dag_decorator' retrieved from /Users/naga/Desktop/airflow_env/lib/python3.12/site-packages/airflow/example_dags/example_dag_decorator.py
[2026-06-21T15:48:56.318-0500] {logging_mixin.py:188} INFO - [2026-06-21T15:48:56.318-0500] {dag.py:3089} INFO - Sync 1 DAGs
[2026-06-21T15:48:56.349-0500] {logging_mixin.py:188} INFO - [2026-06-21T15:48:56.349-0500] {dag.py:3947} INFO - Setting next_dagrun for example_dag_decorator to None, run_after=None
[2026-06-21T15:48:56.358-0500] {processor.py:183} INFO - Processing /Users/naga/Desktop/airflow_env/lib/python3.12/site-packages/airflow/example_dags/example_dag_decorator.py took 0.229 seconds
[2026-06-21T15:51:02.776-0500] {processor.py:161} INFO - Started process (PID=57766) to work on /Users/naga/Desktop/airflow_env/lib/python3.12/site-packages/airflow/example_dags/example_dag_decorator.py
[2026-06-21T15:51:02.777-0500] {processor.py:830} INFO - Processing file /Users/naga/Desktop/airflow_env/lib/python3.12/site-packages/airflow/example_dags/example_dag_decorator.py for tasks to queue
[2026-06-21T15:51:02.777-0500] {logging_mixin.py:188} INFO - [2026-06-21T15:51:02.777-0500] {dagbag.py:545} INFO - Filling up the DagBag from /Users/naga/Desktop/airflow_env/lib/python3.12/site-packages/airflow/example_dags/example_dag_decorator.py
[2026-06-21T15:51:02.889-0500] {processor.py:840} INFO - DAG(s) 'example_dag_decorator' retrieved from /Users/naga/Desktop/airflow_env/lib/python3.12/site-packages/airflow/example_dags/example_dag_decorator.py
[2026-06-21T15:51:02.986-0500] {logging_mixin.py:188} INFO - [2026-06-21T15:51:02.985-0500] {dag.py:3089} INFO - Sync 1 DAGs
[2026-06-21T15:51:03.017-0500] {logging_mixin.py:188} INFO - [2026-06-21T15:51:03.017-0500] {dag.py:3947} INFO - Setting next_dagrun for example_dag_decorator to None, run_after=None
[2026-06-21T15:51:03.025-0500] {processor.py:183} INFO - Processing /Users/naga/Desktop/airflow_env/lib/python3.12/site-packages/airflow/example_dags/example_dag_decorator.py took 0.251 seconds
[2026-06-21T15:53:06.996-0500] {processor.py:161} INFO - Started process (PID=57892) to work on /Users/naga/Desktop/airflow_env/lib/python3.12/site-packages/airflow/example_dags/example_dag_decorator.py
[2026-06-21T15:53:06.997-0500] {processor.py:830} INFO - Processing file /Users/naga/Desktop/airflow_env/lib/python3.12/site-packages/airflow/example_dags/example_dag_decorator.py for tasks to queue
[2026-06-21T15:53:06.998-0500] {logging_mixin.py:188} INFO - [2026-06-21T15:53:06.997-0500] {dagbag.py:545} INFO - Filling up the DagBag from /Users/naga/Desktop/airflow_env/lib/python3.12/site-packages/airflow/example_dags/example_dag_decorator.py
[2026-06-21T15:53:07.107-0500] {processor.py:840} INFO - DAG(s) 'example_dag_decorator' retrieved from /Users/naga/Desktop/airflow_env/lib/python3.12/site-packages/airflow/example_dags/example_dag_decorator.py
[2026-06-21T15:53:07.201-0500] {logging_mixin.py:188} INFO - [2026-06-21T15:53:07.201-0500] {dag.py:3089} INFO - Sync 1 DAGs
[2026-06-21T15:53:07.232-0500] {logging_mixin.py:188} INFO - [2026-06-21T15:53:07.232-0500] {dag.py:3947} INFO - Setting next_dagrun for example_dag_decorator to None, run_after=None
[2026-06-21T15:53:07.241-0500] {processor.py:183} INFO - Processing /Users/naga/Desktop/airflow_env/lib/python3.12/site-packages/airflow/example_dags/example_dag_decorator.py took 0.246 seconds
[2026-06-21T15:55:12.901-0500] {processor.py:161} INFO - Started process (PID=58013) to work on /Users/naga/Desktop/airflow_env/lib/python3.12/site-packages/airflow/example_dags/example_dag_decorator.py
[2026-06-21T15:55:12.902-0500] {processor.py:830} INFO - Processing file /Users/naga/Desktop/airflow_env/lib/python3.12/site-packages/airflow/example_dags/example_dag_decorator.py for tasks to queue
[2026-06-21T15:55:12.902-0500] {logging_mixin.py:188} INFO - [2026-06-21T15:55:12.902-0500] {dagbag.py:545} INFO - Filling up the DagBag from /Users/naga/Desktop/airflow_env/lib/python3.12/site-packages/airflow/example_dags/example_dag_decorator.py
[2026-06-21T15:55:13.006-0500] {processor.py:840} INFO - DAG(s) 'example_dag_decorator' retrieved from /Users/naga/Desktop/airflow_env/lib/python3.12/site-packages/airflow/example_dags/example_dag_decorator.py
[2026-06-21T15:55:13.086-0500] {logging_mixin.py:188} INFO - [2026-06-21T15:55:13.086-0500] {dag.py:3089} INFO - Sync 1 DAGs
[2026-06-21T15:55:13.117-0500] {logging_mixin.py:188} INFO - [2026-06-21T15:55:13.116-0500] {dag.py:3947} INFO - Setting next_dagrun for example_dag_decorator to None, run_after=None
[2026-06-21T15:55:13.125-0500] {processor.py:183} INFO - Processing /Users/naga/Desktop/airflow_env/lib/python3.12/site-packages/airflow/example_dags/example_dag_decorator.py took 0.225 seconds
[2026-06-21T15:57:16.876-0500] {processor.py:161} INFO - Started process (PID=58122) to work on /Users/naga/Desktop/airflow_env/lib/python3.12/site-packages/airflow/example_dags/example_dag_decorator.py
[2026-06-21T15:57:16.877-0500] {processor.py:830} INFO - Processing file /Users/naga/Desktop/airflow_env/lib/python3.12/site-packages/airflow/example_dags/example_dag_decorator.py for tasks to queue
[2026-06-21T15:57:16.877-0500] {logging_mixin.py:188} INFO - [2026-06-21T15:57:16.877-0500] {dagbag.py:545} INFO - Filling up the DagBag from /Users/naga/Desktop/airflow_env/lib/python3.12/site-packages/airflow/example_dags/example_dag_decorator.py
[2026-06-21T15:57:16.980-0500] {processor.py:840} INFO - DAG(s) 'example_dag_decorator' retrieved from /Users/naga/Desktop/airflow_env/lib/python3.12/site-packages/airflow/example_dags/example_dag_decorator.py
[2026-06-21T15:57:17.061-0500] {logging_mixin.py:188} INFO - [2026-06-21T15:57:17.061-0500] {dag.py:3089} INFO - Sync 1 DAGs
[2026-06-21T15:57:17.092-0500] {logging_mixin.py:188} INFO - [2026-06-21T15:57:17.092-0500] {dag.py:3947} INFO - Setting next_dagrun for example_dag_decorator to None, run_after=None
[2026-06-21T15:57:17.102-0500] {processor.py:183} INFO - Processing /Users/naga/Desktop/airflow_env/lib/python3.12/site-packages/airflow/example_dags/example_dag_decorator.py took 0.227 seconds
[2026-06-21T15:59:25.508-0500] {processor.py:161} INFO - Started process (PID=58258) to work on /Users/naga/Desktop/airflow_env/lib/python3.12/site-packages/airflow/example_dags/example_dag_decorator.py
[2026-06-21T15:59:25.509-0500] {processor.py:830} INFO - Processing file /Users/naga/Desktop/airflow_env/lib/python3.12/site-packages/airflow/example_dags/example_dag_decorator.py for tasks to queue
[2026-06-21T15:59:25.509-0500] {logging_mixin.py:188} INFO - [2026-06-21T15:59:25.509-0500] {dagbag.py:545} INFO - Filling up the DagBag from /Users/naga/Desktop/airflow_env/lib/python3.12/site-packages/airflow/example_dags/example_dag_decorator.py
[2026-06-21T15:59:25.614-0500] {processor.py:840} INFO - DAG(s) 'example_dag_decorator' retrieved from /Users/naga/Desktop/airflow_env/lib/python3.12/site-packages/airflow/example_dags/example_dag_decorator.py
[2026-06-21T15:59:25.706-0500] {logging_mixin.py:188} INFO - [2026-06-21T15:59:25.706-0500] {dag.py:3089} INFO - Sync 1 DAGs
[2026-06-21T15:59:25.736-0500] {logging_mixin.py:188} INFO - [2026-06-21T15:59:25.736-0500] {dag.py:3947} INFO - Setting next_dagrun for example_dag_decorator to None, run_after=None
[2026-06-21T15:59:25.744-0500] {processor.py:183} INFO - Processing /Users/naga/Desktop/airflow_env/lib/python3.12/site-packages/airflow/example_dags/example_dag_decorator.py took 0.238 seconds
[2026-06-21T16:01:33.133-0500] {processor.py:161} INFO - Started process (PID=58387) to work on /Users/naga/Desktop/airflow_env/lib/python3.12/site-packages/airflow/example_dags/example_dag_decorator.py
[2026-06-21T16:01:33.133-0500] {processor.py:830} INFO - Processing file /Users/naga/Desktop/airflow_env/lib/python3.12/site-packages/airflow/example_dags/example_dag_decorator.py for tasks to queue
[2026-06-21T16:01:33.134-0500] {logging_mixin.py:188} INFO - [2026-06-21T16:01:33.134-0500] {dagbag.py:545} INFO - Filling up the DagBag from /Users/naga/Desktop/airflow_env/lib/python3.12/site-packages/airflow/example_dags/example_dag_decorator.py
[2026-06-21T16:01:33.242-0500] {processor.py:840} INFO - DAG(s) 'example_dag_decorator' retrieved from /Users/naga/Desktop/airflow_env/lib/python3.12/site-packages/airflow/example_dags/example_dag_decorator.py
[2026-06-21T16:01:33.337-0500] {logging_mixin.py:188} INFO - [2026-06-21T16:01:33.337-0500] {dag.py:3089} INFO - Sync 1 DAGs
[2026-06-21T16:01:33.368-0500] {logging_mixin.py:188} INFO - [2026-06-21T16:01:33.368-0500] {dag.py:3947} INFO - Setting next_dagrun for example_dag_decorator to None, run_after=None
[2026-06-21T16:01:33.377-0500] {processor.py:183} INFO - Processing /Users/naga/Desktop/airflow_env/lib/python3.12/site-packages/airflow/example_dags/example_dag_decorator.py took 0.245 seconds
[2026-06-21T16:03:38.760-0500] {processor.py:161} INFO - Started process (PID=58513) to work on /Users/naga/Desktop/airflow_env/lib/python3.12/site-packages/airflow/example_dags/example_dag_decorator.py
[2026-06-21T16:03:38.761-0500] {processor.py:830} INFO - Processing file /Users/naga/Desktop/airflow_env/lib/python3.12/site-packages/airflow/example_dags/example_dag_decorator.py for tasks to queue
[2026-06-21T16:03:38.761-0500] {logging_mixin.py:188} INFO - [2026-06-21T16:03:38.761-0500] {dagbag.py:545} INFO - Filling up the DagBag from /Users/naga/Desktop/airflow_env/lib/python3.12/site-packages/airflow/example_dags/example_dag_decorator.py
[2026-06-21T16:03:38.868-0500] {processor.py:840} INFO - DAG(s) 'example_dag_decorator' retrieved from /Users/naga/Desktop/airflow_env/lib/python3.12/site-packages/airflow/example_dags/example_dag_decorator.py
[2026-06-21T16:03:38.971-0500] {logging_mixin.py:188} INFO - [2026-06-21T16:03:38.971-0500] {dag.py:3089} INFO - Sync 1 DAGs
[2026-06-21T16:03:39.003-0500] {logging_mixin.py:188} INFO - [2026-06-21T16:03:39.003-0500] {dag.py:3947} INFO - Setting next_dagrun for example_dag_decorator to None, run_after=None
[2026-06-21T16:03:39.012-0500] {processor.py:183} INFO - Processing /Users/naga/Desktop/airflow_env/lib/python3.12/site-packages/airflow/example_dags/example_dag_decorator.py took 0.254 seconds
[2026-06-21T16:05:47.293-0500] {processor.py:161} INFO - Started process (PID=58628) to work on /Users/naga/Desktop/airflow_env/lib/python3.12/site-packages/airflow/example_dags/example_dag_decorator.py
[2026-06-21T16:05:47.294-0500] {processor.py:830} INFO - Processing file /Users/naga/Desktop/airflow_env/lib/python3.12/site-packages/airflow/example_dags/example_dag_decorator.py for tasks to queue
[2026-06-21T16:05:47.294-0500] {logging_mixin.py:188} INFO - [2026-06-21T16:05:47.294-0500] {dagbag.py:545} INFO - Filling up the DagBag from /Users/naga/Desktop/airflow_env/lib/python3.12/site-packages/airflow/example_dags/example_dag_decorator.py
[2026-06-21T16:05:47.394-0500] {processor.py:840} INFO - DAG(s) 'example_dag_decorator' retrieved from /Users/naga/Desktop/airflow_env/lib/python3.12/site-packages/airflow/example_dags/example_dag_decorator.py
[2026-06-21T16:05:47.471-0500] {logging_mixin.py:188} INFO - [2026-06-21T16:05:47.471-0500] {dag.py:3089} INFO - Sync 1 DAGs
[2026-06-21T16:05:47.501-0500] {logging_mixin.py:188} INFO - [2026-06-21T16:05:47.501-0500] {dag.py:3947} INFO - Setting next_dagrun for example_dag_decorator to None, run_after=None
[2026-06-21T16:05:47.510-0500] {processor.py:183} INFO - Processing /Users/naga/Desktop/airflow_env/lib/python3.12/site-packages/airflow/example_dags/example_dag_decorator.py took 0.218 seconds
[2026-06-21T16:07:57.343-0500] {processor.py:161} INFO - Started process (PID=58752) to work on /Users/naga/Desktop/airflow_env/lib/python3.12/site-packages/airflow/example_dags/example_dag_decorator.py
[2026-06-21T16:07:57.344-0500] {processor.py:830} INFO - Processing file /Users/naga/Desktop/airflow_env/lib/python3.12/site-packages/airflow/example_dags/example_dag_decorator.py for tasks to queue
[2026-06-21T16:07:57.344-0500] {logging_mixin.py:188} INFO - [2026-06-21T16:07:57.344-0500] {dagbag.py:545} INFO - Filling up the DagBag from /Users/naga/Desktop/airflow_env/lib/python3.12/site-packages/airflow/example_dags/example_dag_decorator.py
[2026-06-21T16:07:57.464-0500] {processor.py:840} INFO - DAG(s) 'example_dag_decorator' retrieved from /Users/naga/Desktop/airflow_env/lib/python3.12/site-packages/airflow/example_dags/example_dag_decorator.py
[2026-06-21T16:07:57.570-0500] {logging_mixin.py:188} INFO - [2026-06-21T16:07:57.570-0500] {dag.py:3089} INFO - Sync 1 DAGs
[2026-06-21T16:07:57.608-0500] {logging_mixin.py:188} INFO - [2026-06-21T16:07:57.607-0500] {dag.py:3947} INFO - Setting next_dagrun for example_dag_decorator to None, run_after=None
[2026-06-21T16:07:57.618-0500] {processor.py:183} INFO - Processing /Users/naga/Desktop/airflow_env/lib/python3.12/site-packages/airflow/example_dags/example_dag_decorator.py took 0.277 seconds
[2026-06-21T16:10:12.906-0500] {processor.py:161} INFO - Started process (PID=58899) to work on /Users/naga/Desktop/airflow_env/lib/python3.12/site-packages/airflow/example_dags/example_dag_decorator.py
[2026-06-21T16:10:12.907-0500] {processor.py:830} INFO - Processing file /Users/naga/Desktop/airflow_env/lib/python3.12/site-packages/airflow/example_dags/example_dag_decorator.py for tasks to queue
[2026-06-21T16:10:12.907-0500] {logging_mixin.py:188} INFO - [2026-06-21T16:10:12.907-0500] {dagbag.py:545} INFO - Filling up the DagBag from /Users/naga/Desktop/airflow_env/lib/python3.12/site-packages/airflow/example_dags/example_dag_decorator.py
[2026-06-21T16:10:13.018-0500] {processor.py:840} INFO - DAG(s) 'example_dag_decorator' retrieved from /Users/naga/Desktop/airflow_env/lib/python3.12/site-packages/airflow/example_dags/example_dag_decorator.py
[2026-06-21T16:10:13.116-0500] {logging_mixin.py:188} INFO - [2026-06-21T16:10:13.116-0500] {dag.py:3089} INFO - Sync 1 DAGs
[2026-06-21T16:10:13.149-0500] {logging_mixin.py:188} INFO - [2026-06-21T16:10:13.149-0500] {dag.py:3947} INFO - Setting next_dagrun for example_dag_decorator to None, run_after=None
[2026-06-21T16:10:13.158-0500] {processor.py:183} INFO - Processing /Users/naga/Desktop/airflow_env/lib/python3.12/site-packages/airflow/example_dags/example_dag_decorator.py took 0.253 seconds
[2026-06-21T16:12:25.704-0500] {processor.py:161} INFO - Started process (PID=59013) to work on /Users/naga/Desktop/airflow_env/lib/python3.12/site-packages/airflow/example_dags/example_dag_decorator.py
[2026-06-21T16:12:25.705-0500] {processor.py:830} INFO - Processing file /Users/naga/Desktop/airflow_env/lib/python3.12/site-packages/airflow/example_dags/example_dag_decorator.py for tasks to queue
[2026-06-21T16:12:25.706-0500] {logging_mixin.py:188} INFO - [2026-06-21T16:12:25.706-0500] {dagbag.py:545} INFO - Filling up the DagBag from /Users/naga/Desktop/airflow_env/lib/python3.12/site-packages/airflow/example_dags/example_dag_decorator.py
[2026-06-21T16:12:25.815-0500] {processor.py:840} INFO - DAG(s) 'example_dag_decorator' retrieved from /Users/naga/Desktop/airflow_env/lib/python3.12/site-packages/airflow/example_dags/example_dag_decorator.py
[2026-06-21T16:12:25.916-0500] {logging_mixin.py:188} INFO - [2026-06-21T16:12:25.916-0500] {dag.py:3089} INFO - Sync 1 DAGs
[2026-06-21T16:12:25.950-0500] {logging_mixin.py:188} INFO - [2026-06-21T16:12:25.950-0500] {dag.py:3947} INFO - Setting next_dagrun for example_dag_decorator to None, run_after=None
[2026-06-21T16:12:25.959-0500] {processor.py:183} INFO - Processing /Users/naga/Desktop/airflow_env/lib/python3.12/site-packages/airflow/example_dags/example_dag_decorator.py took 0.257 seconds
[2026-06-21T16:14:37.514-0500] {processor.py:161} INFO - Started process (PID=59134) to work on /Users/naga/Desktop/airflow_env/lib/python3.12/site-packages/airflow/example_dags/example_dag_decorator.py
[2026-06-21T16:14:37.515-0500] {processor.py:830} INFO - Processing file /Users/naga/Desktop/airflow_env/lib/python3.12/site-packages/airflow/example_dags/example_dag_decorator.py for tasks to queue
[2026-06-21T16:14:37.516-0500] {logging_mixin.py:188} INFO - [2026-06-21T16:14:37.515-0500] {dagbag.py:545} INFO - Filling up the DagBag from /Users/naga/Desktop/airflow_env/lib/python3.12/site-packages/airflow/example_dags/example_dag_decorator.py
[2026-06-21T16:14:37.625-0500] {processor.py:840} INFO - DAG(s) 'example_dag_decorator' retrieved from /Users/naga/Desktop/airflow_env/lib/python3.12/site-packages/airflow/example_dags/example_dag_decorator.py
[2026-06-21T16:14:37.720-0500] {logging_mixin.py:188} INFO - [2026-06-21T16:14:37.720-0500] {dag.py:3089} INFO - Sync 1 DAGs
[2026-06-21T16:14:37.753-0500] {logging_mixin.py:188} INFO - [2026-06-21T16:14:37.753-0500] {dag.py:3947} INFO - Setting next_dagrun for example_dag_decorator to None, run_after=None
[2026-06-21T16:14:37.763-0500] {processor.py:183} INFO - Processing /Users/naga/Desktop/airflow_env/lib/python3.12/site-packages/airflow/example_dags/example_dag_decorator.py took 0.250 seconds
[2026-06-21T16:16:47.433-0500] {processor.py:161} INFO - Started process (PID=59282) to work on /Users/naga/Desktop/airflow_env/lib/python3.12/site-packages/airflow/example_dags/example_dag_decorator.py
[2026-06-21T16:16:47.434-0500] {processor.py:830} INFO - Processing file /Users/naga/Desktop/airflow_env/lib/python3.12/site-packages/airflow/example_dags/example_dag_decorator.py for tasks to queue
[2026-06-21T16:16:47.434-0500] {logging_mixin.py:188} INFO - [2026-06-21T16:16:47.434-0500] {dagbag.py:545} INFO - Filling up the DagBag from /Users/naga/Desktop/airflow_env/lib/python3.12/site-packages/airflow/example_dags/example_dag_decorator.py
[2026-06-21T16:16:47.544-0500] {processor.py:840} INFO - DAG(s) 'example_dag_decorator' retrieved from /Users/naga/Desktop/airflow_env/lib/python3.12/site-packages/airflow/example_dags/example_dag_decorator.py
[2026-06-21T16:16:47.647-0500] {logging_mixin.py:188} INFO - [2026-06-21T16:16:47.647-0500] {dag.py:3089} INFO - Sync 1 DAGs
[2026-06-21T16:16:47.682-0500] {logging_mixin.py:188} INFO - [2026-06-21T16:16:47.682-0500] {dag.py:3947} INFO - Setting next_dagrun for example_dag_decorator to None, run_after=None
[2026-06-21T16:16:47.696-0500] {processor.py:183} INFO - Processing /Users/naga/Desktop/airflow_env/lib/python3.12/site-packages/airflow/example_dags/example_dag_decorator.py took 0.264 seconds
[2026-06-21T16:18:59.201-0500] {processor.py:161} INFO - Started process (PID=59413) to work on /Users/naga/Desktop/airflow_env/lib/python3.12/site-packages/airflow/example_dags/example_dag_decorator.py
[2026-06-21T16:18:59.202-0500] {processor.py:830} INFO - Processing file /Users/naga/Desktop/airflow_env/lib/python3.12/site-packages/airflow/example_dags/example_dag_decorator.py for tasks to queue
[2026-06-21T16:18:59.202-0500] {logging_mixin.py:188} INFO - [2026-06-21T16:18:59.202-0500] {dagbag.py:545} INFO - Filling up the DagBag from /Users/naga/Desktop/airflow_env/lib/python3.12/site-packages/airflow/example_dags/example_dag_decorator.py
[2026-06-21T16:18:59.312-0500] {processor.py:840} INFO - DAG(s) 'example_dag_decorator' retrieved from /Users/naga/Desktop/airflow_env/lib/python3.12/site-packages/airflow/example_dags/example_dag_decorator.py
[2026-06-21T16:18:59.412-0500] {logging_mixin.py:188} INFO - [2026-06-21T16:18:59.412-0500] {dag.py:3089} INFO - Sync 1 DAGs
[2026-06-21T16:18:59.445-0500] {logging_mixin.py:188} INFO - [2026-06-21T16:18:59.445-0500] {dag.py:3947} INFO - Setting next_dagrun for example_dag_decorator to None, run_after=None
[2026-06-21T16:18:59.455-0500] {processor.py:183} INFO - Processing /Users/naga/Desktop/airflow_env/lib/python3.12/site-packages/airflow/example_dags/example_dag_decorator.py took 0.255 seconds
[2026-06-21T16:21:08.869-0500] {processor.py:161} INFO - Started process (PID=59552) to work on /Users/naga/Desktop/airflow_env/lib/python3.12/site-packages/airflow/example_dags/example_dag_decorator.py
[2026-06-21T16:21:08.870-0500] {processor.py:830} INFO - Processing file /Users/naga/Desktop/airflow_env/lib/python3.12/site-packages/airflow/example_dags/example_dag_decorator.py for tasks to queue
[2026-06-21T16:21:08.870-0500] {logging_mixin.py:188} INFO - [2026-06-21T16:21:08.870-0500] {dagbag.py:545} INFO - Filling up the DagBag from /Users/naga/Desktop/airflow_env/lib/python3.12/site-packages/airflow/example_dags/example_dag_decorator.py
[2026-06-21T16:21:08.983-0500] {processor.py:840} INFO - DAG(s) 'example_dag_decorator' retrieved from /Users/naga/Desktop/airflow_env/lib/python3.12/site-packages/airflow/example_dags/example_dag_decorator.py
[2026-06-21T16:21:09.084-0500] {logging_mixin.py:188} INFO - [2026-06-21T16:21:09.083-0500] {dag.py:3089} INFO - Sync 1 DAGs
[2026-06-21T16:21:09.116-0500] {logging_mixin.py:188} INFO - [2026-06-21T16:21:09.116-0500] {dag.py:3947} INFO - Setting next_dagrun for example_dag_decorator to None, run_after=None
[2026-06-21T16:21:09.125-0500] {processor.py:183} INFO - Processing /Users/naga/Desktop/airflow_env/lib/python3.12/site-packages/airflow/example_dags/example_dag_decorator.py took 0.257 seconds
[2026-06-21T16:23:17.542-0500] {processor.py:161} INFO - Started process (PID=59689) to work on /Users/naga/Desktop/airflow_env/lib/python3.12/site-packages/airflow/example_dags/example_dag_decorator.py
[2026-06-21T16:23:17.543-0500] {processor.py:830} INFO - Processing file /Users/naga/Desktop/airflow_env/lib/python3.12/site-packages/airflow/example_dags/example_dag_decorator.py for tasks to queue
[2026-06-21T16:23:17.543-0500] {logging_mixin.py:188} INFO - [2026-06-21T16:23:17.543-0500] {dagbag.py:545} INFO - Filling up the DagBag from /Users/naga/Desktop/airflow_env/lib/python3.12/site-packages/airflow/example_dags/example_dag_decorator.py
[2026-06-21T16:23:17.651-0500] {processor.py:840} INFO - DAG(s) 'example_dag_decorator' retrieved from /Users/naga/Desktop/airflow_env/lib/python3.12/site-packages/airflow/example_dags/example_dag_decorator.py
[2026-06-21T16:23:17.749-0500] {logging_mixin.py:188} INFO - [2026-06-21T16:23:17.749-0500] {dag.py:3089} INFO - Sync 1 DAGs
[2026-06-21T16:23:17.783-0500] {logging_mixin.py:188} INFO - [2026-06-21T16:23:17.783-0500] {dag.py:3947} INFO - Setting next_dagrun for example_dag_decorator to None, run_after=None
[2026-06-21T16:23:17.792-0500] {processor.py:183} INFO - Processing /Users/naga/Desktop/airflow_env/lib/python3.12/site-packages/airflow/example_dags/example_dag_decorator.py took 0.251 seconds
[2026-06-21T16:25:28.467-0500] {processor.py:161} INFO - Started process (PID=59811) to work on /Users/naga/Desktop/airflow_env/lib/python3.12/site-packages/airflow/example_dags/example_dag_decorator.py
[2026-06-21T16:25:28.468-0500] {processor.py:830} INFO - Processing file /Users/naga/Desktop/airflow_env/lib/python3.12/site-packages/airflow/example_dags/example_dag_decorator.py for tasks to queue
[2026-06-21T16:25:28.468-0500] {logging_mixin.py:188} INFO - [2026-06-21T16:25:28.468-0500] {dagbag.py:545} INFO - Filling up the DagBag from /Users/naga/Desktop/airflow_env/lib/python3.12/site-packages/airflow/example_dags/example_dag_decorator.py
[2026-06-21T16:25:28.577-0500] {processor.py:840} INFO - DAG(s) 'example_dag_decorator' retrieved from /Users/naga/Desktop/airflow_env/lib/python3.12/site-packages/airflow/example_dags/example_dag_decorator.py
[2026-06-21T16:25:28.674-0500] {logging_mixin.py:188} INFO - [2026-06-21T16:25:28.674-0500] {dag.py:3089} INFO - Sync 1 DAGs
[2026-06-21T16:25:28.706-0500] {logging_mixin.py:188} INFO - [2026-06-21T16:25:28.706-0500] {dag.py:3947} INFO - Setting next_dagrun for example_dag_decorator to None, run_after=None
[2026-06-21T16:25:28.719-0500] {processor.py:183} INFO - Processing /Users/naga/Desktop/airflow_env/lib/python3.12/site-packages/airflow/example_dags/example_dag_decorator.py took 0.253 seconds
[2026-06-21T16:27:48.383-0500] {processor.py:161} INFO - Started process (PID=59975) to work on /Users/naga/Desktop/airflow_env/lib/python3.12/site-packages/airflow/example_dags/example_dag_decorator.py
[2026-06-21T16:27:48.384-0500] {processor.py:830} INFO - Processing file /Users/naga/Desktop/airflow_env/lib/python3.12/site-packages/airflow/example_dags/example_dag_decorator.py for tasks to queue
[2026-06-21T16:27:48.384-0500] {logging_mixin.py:188} INFO - [2026-06-21T16:27:48.384-0500] {dagbag.py:545} INFO - Filling up the DagBag from /Users/naga/Desktop/airflow_env/lib/python3.12/site-packages/airflow/example_dags/example_dag_decorator.py
[2026-06-21T16:27:48.493-0500] {processor.py:840} INFO - DAG(s) 'example_dag_decorator' retrieved from /Users/naga/Desktop/airflow_env/lib/python3.12/site-packages/airflow/example_dags/example_dag_decorator.py
[2026-06-21T16:27:48.592-0500] {logging_mixin.py:188} INFO - [2026-06-21T16:27:48.592-0500] {dag.py:3089} INFO - Sync 1 DAGs
[2026-06-21T16:27:48.623-0500] {logging_mixin.py:188} INFO - [2026-06-21T16:27:48.623-0500] {dag.py:3947} INFO - Setting next_dagrun for example_dag_decorator to None, run_after=None
[2026-06-21T16:27:48.632-0500] {processor.py:183} INFO - Processing /Users/naga/Desktop/airflow_env/lib/python3.12/site-packages/airflow/example_dags/example_dag_decorator.py took 0.250 seconds
[2026-06-21T16:29:58.778-0500] {processor.py:161} INFO - Started process (PID=60079) to work on /Users/naga/Desktop/airflow_env/lib/python3.12/site-packages/airflow/example_dags/example_dag_decorator.py
[2026-06-21T16:29:58.778-0500] {processor.py:830} INFO - Processing file /Users/naga/Desktop/airflow_env/lib/python3.12/site-packages/airflow/example_dags/example_dag_decorator.py for tasks to queue
[2026-06-21T16:29:58.779-0500] {logging_mixin.py:188} INFO - [2026-06-21T16:29:58.778-0500] {dagbag.py:545} INFO - Filling up the DagBag from /Users/naga/Desktop/airflow_env/lib/python3.12/site-packages/airflow/example_dags/example_dag_decorator.py
[2026-06-21T16:29:58.877-0500] {processor.py:840} INFO - DAG(s) 'example_dag_decorator' retrieved from /Users/naga/Desktop/airflow_env/lib/python3.12/site-packages/airflow/example_dags/example_dag_decorator.py
[2026-06-21T16:29:58.953-0500] {logging_mixin.py:188} INFO - [2026-06-21T16:29:58.953-0500] {dag.py:3089} INFO - Sync 1 DAGs
[2026-06-21T16:29:58.985-0500] {logging_mixin.py:188} INFO - [2026-06-21T16:29:58.985-0500] {dag.py:3947} INFO - Setting next_dagrun for example_dag_decorator to None, run_after=None
[2026-06-21T16:29:58.993-0500] {processor.py:183} INFO - Processing /Users/naga/Desktop/airflow_env/lib/python3.12/site-packages/airflow/example_dags/example_dag_decorator.py took 0.217 seconds
[2026-06-21T16:32:02.783-0500] {processor.py:161} INFO - Started process (PID=60226) to work on /Users/naga/Desktop/airflow_env/lib/python3.12/site-packages/airflow/example_dags/example_dag_decorator.py
[2026-06-21T16:32:02.784-0500] {processor.py:830} INFO - Processing file /Users/naga/Desktop/airflow_env/lib/python3.12/site-packages/airflow/example_dags/example_dag_decorator.py for tasks to queue
[2026-06-21T16:32:02.784-0500] {logging_mixin.py:188} INFO - [2026-06-21T16:32:02.784-0500] {dagbag.py:545} INFO - Filling up the DagBag from /Users/naga/Desktop/airflow_env/lib/python3.12/site-packages/airflow/example_dags/example_dag_decorator.py
[2026-06-21T16:32:02.891-0500] {processor.py:840} INFO - DAG(s) 'example_dag_decorator' retrieved from /Users/naga/Desktop/airflow_env/lib/python3.12/site-packages/airflow/example_dags/example_dag_decorator.py
[2026-06-21T16:32:02.983-0500] {logging_mixin.py:188} INFO - [2026-06-21T16:32:02.983-0500] {dag.py:3089} INFO - Sync 1 DAGs
[2026-06-21T16:32:03.015-0500] {logging_mixin.py:188} INFO - [2026-06-21T16:32:03.015-0500] {dag.py:3947} INFO - Setting next_dagrun for example_dag_decorator to None, run_after=None
[2026-06-21T16:32:03.024-0500] {processor.py:183} INFO - Processing /Users/naga/Desktop/airflow_env/lib/python3.12/site-packages/airflow/example_dags/example_dag_decorator.py took 0.243 seconds
[2026-06-21T16:34:05.185-0500] {processor.py:161} INFO - Started process (PID=60340) to work on /Users/naga/Desktop/airflow_env/lib/python3.12/site-packages/airflow/example_dags/example_dag_decorator.py
[2026-06-21T16:34:05.186-0500] {processor.py:830} INFO - Processing file /Users/naga/Desktop/airflow_env/lib/python3.12/site-packages/airflow/example_dags/example_dag_decorator.py for tasks to queue
[2026-06-21T16:34:05.186-0500] {logging_mixin.py:188} INFO - [2026-06-21T16:34:05.186-0500] {dagbag.py:545} INFO - Filling up the DagBag from /Users/naga/Desktop/airflow_env/lib/python3.12/site-packages/airflow/example_dags/example_dag_decorator.py
[2026-06-21T16:34:05.289-0500] {processor.py:840} INFO - DAG(s) 'example_dag_decorator' retrieved from /Users/naga/Desktop/airflow_env/lib/python3.12/site-packages/airflow/example_dags/example_dag_decorator.py
[2026-06-21T16:34:05.371-0500] {logging_mixin.py:188} INFO - [2026-06-21T16:34:05.371-0500] {dag.py:3089} INFO - Sync 1 DAGs
[2026-06-21T16:34:05.402-0500] {logging_mixin.py:188} INFO - [2026-06-21T16:34:05.402-0500] {dag.py:3947} INFO - Setting next_dagrun for example_dag_decorator to None, run_after=None
[2026-06-21T16:34:05.411-0500] {processor.py:183} INFO - Processing /Users/naga/Desktop/airflow_env/lib/python3.12/site-packages/airflow/example_dags/example_dag_decorator.py took 0.227 seconds
[2026-06-21T16:36:13.267-0500] {processor.py:161} INFO - Started process (PID=60468) to work on /Users/naga/Desktop/airflow_env/lib/python3.12/site-packages/airflow/example_dags/example_dag_decorator.py
[2026-06-21T16:36:13.268-0500] {processor.py:830} INFO - Processing file /Users/naga/Desktop/airflow_env/lib/python3.12/site-packages/airflow/example_dags/example_dag_decorator.py for tasks to queue
[2026-06-21T16:36:13.268-0500] {logging_mixin.py:188} INFO - [2026-06-21T16:36:13.268-0500] {dagbag.py:545} INFO - Filling up the DagBag from /Users/naga/Desktop/airflow_env/lib/python3.12/site-packages/airflow/example_dags/example_dag_decorator.py
[2026-06-21T16:36:13.374-0500] {processor.py:840} INFO - DAG(s) 'example_dag_decorator' retrieved from /Users/naga/Desktop/airflow_env/lib/python3.12/site-packages/airflow/example_dags/example_dag_decorator.py
[2026-06-21T16:36:13.454-0500] {logging_mixin.py:188} INFO - [2026-06-21T16:36:13.454-0500] {dag.py:3089} INFO - Sync 1 DAGs
[2026-06-21T16:36:13.485-0500] {logging_mixin.py:188} INFO - [2026-06-21T16:36:13.485-0500] {dag.py:3947} INFO - Setting next_dagrun for example_dag_decorator to None, run_after=None
[2026-06-21T16:36:13.493-0500] {processor.py:183} INFO - Processing /Users/naga/Desktop/airflow_env/lib/python3.12/site-packages/airflow/example_dags/example_dag_decorator.py took 0.227 seconds
[2026-06-21T16:38:16.766-0500] {processor.py:161} INFO - Started process (PID=60597) to work on /Users/naga/Desktop/airflow_env/lib/python3.12/site-packages/airflow/example_dags/example_dag_decorator.py
[2026-06-21T16:38:16.767-0500] {processor.py:830} INFO - Processing file /Users/naga/Desktop/airflow_env/lib/python3.12/site-packages/airflow/example_dags/example_dag_decorator.py for tasks to queue
[2026-06-21T16:38:16.768-0500] {logging_mixin.py:188} INFO - [2026-06-21T16:38:16.767-0500] {dagbag.py:545} INFO - Filling up the DagBag from /Users/naga/Desktop/airflow_env/lib/python3.12/site-packages/airflow/example_dags/example_dag_decorator.py
[2026-06-21T16:38:16.870-0500] {processor.py:840} INFO - DAG(s) 'example_dag_decorator' retrieved from /Users/naga/Desktop/airflow_env/lib/python3.12/site-packages/airflow/example_dags/example_dag_decorator.py
[2026-06-21T16:38:16.949-0500] {logging_mixin.py:188} INFO - [2026-06-21T16:38:16.949-0500] {dag.py:3089} INFO - Sync 1 DAGs
[2026-06-21T16:38:16.979-0500] {logging_mixin.py:188} INFO - [2026-06-21T16:38:16.979-0500] {dag.py:3947} INFO - Setting next_dagrun for example_dag_decorator to None, run_after=None
[2026-06-21T16:38:16.988-0500] {processor.py:183} INFO - Processing /Users/naga/Desktop/airflow_env/lib/python3.12/site-packages/airflow/example_dags/example_dag_decorator.py took 0.223 seconds
[2026-06-21T16:40:24.100-0500] {processor.py:161} INFO - Started process (PID=60720) to work on /Users/naga/Desktop/airflow_env/lib/python3.12/site-packages/airflow/example_dags/example_dag_decorator.py
[2026-06-21T16:40:24.102-0500] {processor.py:830} INFO - Processing file /Users/naga/Desktop/airflow_env/lib/python3.12/site-packages/airflow/example_dags/example_dag_decorator.py for tasks to queue
[2026-06-21T16:40:24.102-0500] {logging_mixin.py:188} INFO - [2026-06-21T16:40:24.102-0500] {dagbag.py:545} INFO - Filling up the DagBag from /Users/naga/Desktop/airflow_env/lib/python3.12/site-packages/airflow/example_dags/example_dag_decorator.py
[2026-06-21T16:40:24.202-0500] {processor.py:840} INFO - DAG(s) 'example_dag_decorator' retrieved from /Users/naga/Desktop/airflow_env/lib/python3.12/site-packages/airflow/example_dags/example_dag_decorator.py
[2026-06-21T16:40:24.279-0500] {logging_mixin.py:188} INFO - [2026-06-21T16:40:24.279-0500] {dag.py:3089} INFO - Sync 1 DAGs
[2026-06-21T16:40:24.309-0500] {logging_mixin.py:188} INFO - [2026-06-21T16:40:24.308-0500] {dag.py:3947} INFO - Setting next_dagrun for example_dag_decorator to None, run_after=None
[2026-06-21T16:40:24.317-0500] {processor.py:183} INFO - Processing /Users/naga/Desktop/airflow_env/lib/python3.12/site-packages/airflow/example_dags/example_dag_decorator.py took 0.218 seconds
[2026-06-21T16:43:37.108-0500] {processor.py:161} INFO - Started process (PID=60873) to work on /Users/naga/Desktop/airflow_env/lib/python3.12/site-packages/airflow/example_dags/example_dag_decorator.py
[2026-06-21T16:43:37.109-0500] {processor.py:830} INFO - Processing file /Users/naga/Desktop/airflow_env/lib/python3.12/site-packages/airflow/example_dags/example_dag_decorator.py for tasks to queue
[2026-06-21T16:43:37.110-0500] {logging_mixin.py:188} INFO - [2026-06-21T16:43:37.110-0500] {dagbag.py:545} INFO - Filling up the DagBag from /Users/naga/Desktop/airflow_env/lib/python3.12/site-packages/airflow/example_dags/example_dag_decorator.py
[2026-06-21T16:43:37.288-0500] {processor.py:840} INFO - DAG(s) 'example_dag_decorator' retrieved from /Users/naga/Desktop/airflow_env/lib/python3.12/site-packages/airflow/example_dags/example_dag_decorator.py
[2026-06-21T16:43:37.496-0500] {logging_mixin.py:188} INFO - [2026-06-21T16:43:37.496-0500] {dag.py:3089} INFO - Sync 1 DAGs
[2026-06-21T16:43:37.559-0500] {logging_mixin.py:188} INFO - [2026-06-21T16:43:37.559-0500] {dag.py:3947} INFO - Setting next_dagrun for example_dag_decorator to None, run_after=None
[2026-06-21T16:43:37.591-0500] {processor.py:183} INFO - Processing /Users/naga/Desktop/airflow_env/lib/python3.12/site-packages/airflow/example_dags/example_dag_decorator.py took 0.485 seconds
[2026-06-21T16:46:42.701-0500] {processor.py:161} INFO - Started process (PID=61032) to work on /Users/naga/Desktop/airflow_env/lib/python3.12/site-packages/airflow/example_dags/example_dag_decorator.py
[2026-06-21T16:46:42.702-0500] {processor.py:830} INFO - Processing file /Users/naga/Desktop/airflow_env/lib/python3.12/site-packages/airflow/example_dags/example_dag_decorator.py for tasks to queue
[2026-06-21T16:46:42.703-0500] {logging_mixin.py:188} INFO - [2026-06-21T16:46:42.703-0500] {dagbag.py:545} INFO - Filling up the DagBag from /Users/naga/Desktop/airflow_env/lib/python3.12/site-packages/airflow/example_dags/example_dag_decorator.py
[2026-06-21T16:46:43.016-0500] {processor.py:840} INFO - DAG(s) 'example_dag_decorator' retrieved from /Users/naga/Desktop/airflow_env/lib/python3.12/site-packages/airflow/example_dags/example_dag_decorator.py
[2026-06-21T16:46:43.176-0500] {logging_mixin.py:188} INFO - [2026-06-21T16:46:43.176-0500] {dag.py:3089} INFO - Sync 1 DAGs
[2026-06-21T16:46:43.220-0500] {logging_mixin.py:188} INFO - [2026-06-21T16:46:43.220-0500] {dag.py:3947} INFO - Setting next_dagrun for example_dag_decorator to None, run_after=None
[2026-06-21T16:46:43.236-0500] {processor.py:183} INFO - Processing /Users/naga/Desktop/airflow_env/lib/python3.12/site-packages/airflow/example_dags/example_dag_decorator.py took 0.537 seconds
[2026-06-21T18:50:04.827-0500] {processor.py:161} INFO - Started process (PID=61259) to work on /Users/naga/Desktop/airflow_env/lib/python3.12/site-packages/airflow/example_dags/example_dag_decorator.py
[2026-06-21T18:50:04.829-0500] {processor.py:830} INFO - Processing file /Users/naga/Desktop/airflow_env/lib/python3.12/site-packages/airflow/example_dags/example_dag_decorator.py for tasks to queue
[2026-06-21T18:50:04.829-0500] {logging_mixin.py:188} INFO - [2026-06-21T18:50:04.829-0500] {dagbag.py:545} INFO - Filling up the DagBag from /Users/naga/Desktop/airflow_env/lib/python3.12/site-packages/airflow/example_dags/example_dag_decorator.py
[2026-06-21T18:50:04.985-0500] {processor.py:840} INFO - DAG(s) 'example_dag_decorator' retrieved from /Users/naga/Desktop/airflow_env/lib/python3.12/site-packages/airflow/example_dags/example_dag_decorator.py
[2026-06-21T18:50:05.132-0500] {logging_mixin.py:188} INFO - [2026-06-21T18:50:05.132-0500] {dag.py:3089} INFO - Sync 1 DAGs
[2026-06-21T18:50:05.176-0500] {logging_mixin.py:188} INFO - [2026-06-21T18:50:05.175-0500] {dag.py:3947} INFO - Setting next_dagrun for example_dag_decorator to None, run_after=None
[2026-06-21T18:50:05.190-0500] {processor.py:183} INFO - Processing /Users/naga/Desktop/airflow_env/lib/python3.12/site-packages/airflow/example_dags/example_dag_decorator.py took 0.364 seconds
