[2026-06-21T14:44:51.325-0500] {processor.py:161} INFO - Started process (PID=54335) to work on /Users/naga/Desktop/airflow_env/lib/python3.12/site-packages/airflow/example_dags/example_params_trigger_ui.py
[2026-06-21T14:44:51.326-0500] {processor.py:830} INFO - Processing file /Users/naga/Desktop/airflow_env/lib/python3.12/site-packages/airflow/example_dags/example_params_trigger_ui.py for tasks to queue
[2026-06-21T14:44:51.326-0500] {logging_mixin.py:188} INFO - [2026-06-21T14:44:51.326-0500] {dagbag.py:545} INFO - Filling up the DagBag from /Users/naga/Desktop/airflow_env/lib/python3.12/site-packages/airflow/example_dags/example_params_trigger_ui.py
[2026-06-21T14:44:51.360-0500] {processor.py:840} INFO - DAG(s) 'example_params_trigger_ui' retrieved from /Users/naga/Desktop/airflow_env/lib/python3.12/site-packages/airflow/example_dags/example_params_trigger_ui.py
[2026-06-21T14:44:51.510-0500] {logging_mixin.py:188} INFO - [2026-06-21T14:44:51.510-0500] {override.py:1858} INFO - Created Permission View: can delete on DAG:example_params_trigger_ui
[2026-06-21T14:44:51.516-0500] {logging_mixin.py:188} INFO - [2026-06-21T14:44:51.516-0500] {override.py:1858} INFO - Created Permission View: can edit on DAG:example_params_trigger_ui
[2026-06-21T14:44:51.520-0500] {logging_mixin.py:188} INFO - [2026-06-21T14:44:51.520-0500] {override.py:1858} INFO - Created Permission View: can read on DAG:example_params_trigger_ui
[2026-06-21T14:44:51.521-0500] {logging_mixin.py:188} INFO - [2026-06-21T14:44:51.521-0500] {dag.py:3089} INFO - Sync 1 DAGs
[2026-06-21T14:44:51.529-0500] {logging_mixin.py:188} INFO - [2026-06-21T14:44:51.529-0500] {dag.py:3111} INFO - Creating ORM DAG for example_params_trigger_ui
[2026-06-21T14:44:51.529-0500] {logging_mixin.py:188} INFO - [2026-06-21T14:44:51.529-0500] {dag.py:3947} INFO - Setting next_dagrun for example_params_trigger_ui to None, run_after=None
[2026-06-21T14:44:51.541-0500] {processor.py:183} INFO - Processing /Users/naga/Desktop/airflow_env/lib/python3.12/site-packages/airflow/example_dags/example_params_trigger_ui.py took 0.218 seconds
[2026-06-21T14:46:57.299-0500] {processor.py:161} INFO - Started process (PID=54441) to work on /Users/naga/Desktop/airflow_env/lib/python3.12/site-packages/airflow/example_dags/example_params_trigger_ui.py
[2026-06-21T14:46:57.300-0500] {processor.py:830} INFO - Processing file /Users/naga/Desktop/airflow_env/lib/python3.12/site-packages/airflow/example_dags/example_params_trigger_ui.py for tasks to queue
[2026-06-21T14:46:57.301-0500] {logging_mixin.py:188} INFO - [2026-06-21T14:46:57.301-0500] {dagbag.py:545} INFO - Filling up the DagBag from /Users/naga/Desktop/airflow_env/lib/python3.12/site-packages/airflow/example_dags/example_params_trigger_ui.py
[2026-06-21T14:46:57.336-0500] {processor.py:840} INFO - DAG(s) 'example_params_trigger_ui' retrieved from /Users/naga/Desktop/airflow_env/lib/python3.12/site-packages/airflow/example_dags/example_params_trigger_ui.py
[2026-06-21T14:46:57.429-0500] {logging_mixin.py:188} INFO - [2026-06-21T14:46:57.428-0500] {dag.py:3089} INFO - Sync 1 DAGs
[2026-06-21T14:46:57.436-0500] {logging_mixin.py:188} INFO - [2026-06-21T14:46:57.436-0500] {dag.py:3947} INFO - Setting next_dagrun for example_params_trigger_ui to None, run_after=None
[2026-06-21T14:46:57.450-0500] {processor.py:183} INFO - Processing /Users/naga/Desktop/airflow_env/lib/python3.12/site-packages/airflow/example_dags/example_params_trigger_ui.py took 0.153 seconds
[2026-06-21T14:49:59.083-0500] {processor.py:161} INFO - Started process (PID=54628) to work on /Users/naga/Desktop/airflow_env/lib/python3.12/site-packages/airflow/example_dags/example_params_trigger_ui.py
[2026-06-21T14:49:59.084-0500] {processor.py:830} INFO - Processing file /Users/naga/Desktop/airflow_env/lib/python3.12/site-packages/airflow/example_dags/example_params_trigger_ui.py for tasks to queue
[2026-06-21T14:49:59.085-0500] {logging_mixin.py:188} INFO - [2026-06-21T14:49:59.085-0500] {dagbag.py:545} INFO - Filling up the DagBag from /Users/naga/Desktop/airflow_env/lib/python3.12/site-packages/airflow/example_dags/example_params_trigger_ui.py
[2026-06-21T14:49:59.119-0500] {processor.py:840} INFO - DAG(s) 'example_params_trigger_ui' retrieved from /Users/naga/Desktop/airflow_env/lib/python3.12/site-packages/airflow/example_dags/example_params_trigger_ui.py
[2026-06-21T14:49:59.209-0500] {logging_mixin.py:188} INFO - [2026-06-21T14:49:59.209-0500] {dag.py:3089} INFO - Sync 1 DAGs
[2026-06-21T14:49:59.216-0500] {logging_mixin.py:188} INFO - [2026-06-21T14:49:59.216-0500] {dag.py:3947} INFO - Setting next_dagrun for example_params_trigger_ui to None, run_after=None
[2026-06-21T14:49:59.229-0500] {processor.py:183} INFO - Processing /Users/naga/Desktop/airflow_env/lib/python3.12/site-packages/airflow/example_dags/example_params_trigger_ui.py took 0.148 seconds
[2026-06-21T14:52:55.074-0500] {processor.py:161} INFO - Started process (PID=54789) to work on /Users/naga/Desktop/airflow_env/lib/python3.12/site-packages/airflow/example_dags/example_params_trigger_ui.py
[2026-06-21T14:52:55.075-0500] {processor.py:830} INFO - Processing file /Users/naga/Desktop/airflow_env/lib/python3.12/site-packages/airflow/example_dags/example_params_trigger_ui.py for tasks to queue
[2026-06-21T14:52:55.075-0500] {logging_mixin.py:188} INFO - [2026-06-21T14:52:55.075-0500] {dagbag.py:545} INFO - Filling up the DagBag from /Users/naga/Desktop/airflow_env/lib/python3.12/site-packages/airflow/example_dags/example_params_trigger_ui.py
[2026-06-21T14:52:55.110-0500] {processor.py:840} INFO - DAG(s) 'example_params_trigger_ui' retrieved from /Users/naga/Desktop/airflow_env/lib/python3.12/site-packages/airflow/example_dags/example_params_trigger_ui.py
[2026-06-21T14:52:55.200-0500] {logging_mixin.py:188} INFO - [2026-06-21T14:52:55.200-0500] {dag.py:3089} INFO - Sync 1 DAGs
[2026-06-21T14:52:55.207-0500] {logging_mixin.py:188} INFO - [2026-06-21T14:52:55.207-0500] {dag.py:3947} INFO - Setting next_dagrun for example_params_trigger_ui to None, run_after=None
[2026-06-21T14:52:55.220-0500] {processor.py:183} INFO - Processing /Users/naga/Desktop/airflow_env/lib/python3.12/site-packages/airflow/example_dags/example_params_trigger_ui.py took 0.149 seconds
[2026-06-21T14:55:53.817-0500] {processor.py:161} INFO - Started process (PID=54991) to work on /Users/naga/Desktop/airflow_env/lib/python3.12/site-packages/airflow/example_dags/example_params_trigger_ui.py
[2026-06-21T14:55:53.818-0500] {processor.py:830} INFO - Processing file /Users/naga/Desktop/airflow_env/lib/python3.12/site-packages/airflow/example_dags/example_params_trigger_ui.py for tasks to queue
[2026-06-21T14:55:53.819-0500] {logging_mixin.py:188} INFO - [2026-06-21T14:55:53.819-0500] {dagbag.py:545} INFO - Filling up the DagBag from /Users/naga/Desktop/airflow_env/lib/python3.12/site-packages/airflow/example_dags/example_params_trigger_ui.py
[2026-06-21T14:55:53.853-0500] {processor.py:840} INFO - DAG(s) 'example_params_trigger_ui' retrieved from /Users/naga/Desktop/airflow_env/lib/python3.12/site-packages/airflow/example_dags/example_params_trigger_ui.py
[2026-06-21T14:55:53.947-0500] {logging_mixin.py:188} INFO - [2026-06-21T14:55:53.947-0500] {dag.py:3089} INFO - Sync 1 DAGs
[2026-06-21T14:55:53.955-0500] {logging_mixin.py:188} INFO - [2026-06-21T14:55:53.954-0500] {dag.py:3947} INFO - Setting next_dagrun for example_params_trigger_ui to None, run_after=None
[2026-06-21T14:55:53.968-0500] {processor.py:183} INFO - Processing /Users/naga/Desktop/airflow_env/lib/python3.12/site-packages/airflow/example_dags/example_params_trigger_ui.py took 0.154 seconds
[2026-06-21T14:59:04.344-0500] {processor.py:161} INFO - Started process (PID=55325) to work on /Users/naga/Desktop/airflow_env/lib/python3.12/site-packages/airflow/example_dags/example_params_trigger_ui.py
[2026-06-21T14:59:04.345-0500] {processor.py:830} INFO - Processing file /Users/naga/Desktop/airflow_env/lib/python3.12/site-packages/airflow/example_dags/example_params_trigger_ui.py for tasks to queue
[2026-06-21T14:59:04.346-0500] {logging_mixin.py:188} INFO - [2026-06-21T14:59:04.346-0500] {dagbag.py:545} INFO - Filling up the DagBag from /Users/naga/Desktop/airflow_env/lib/python3.12/site-packages/airflow/example_dags/example_params_trigger_ui.py
[2026-06-21T14:59:04.380-0500] {processor.py:840} INFO - DAG(s) 'example_params_trigger_ui' retrieved from /Users/naga/Desktop/airflow_env/lib/python3.12/site-packages/airflow/example_dags/example_params_trigger_ui.py
[2026-06-21T14:59:04.475-0500] {logging_mixin.py:188} INFO - [2026-06-21T14:59:04.474-0500] {dag.py:3089} INFO - Sync 1 DAGs
[2026-06-21T14:59:04.482-0500] {logging_mixin.py:188} INFO - [2026-06-21T14:59:04.482-0500] {dag.py:3947} INFO - Setting next_dagrun for example_params_trigger_ui to None, run_after=None
[2026-06-21T14:59:04.497-0500] {processor.py:183} INFO - Processing /Users/naga/Desktop/airflow_env/lib/python3.12/site-packages/airflow/example_dags/example_params_trigger_ui.py took 0.155 seconds
[2026-06-21T15:02:18.031-0500] {processor.py:161} INFO - Started process (PID=55487) to work on /Users/naga/Desktop/airflow_env/lib/python3.12/site-packages/airflow/example_dags/example_params_trigger_ui.py
[2026-06-21T15:02:18.033-0500] {processor.py:830} INFO - Processing file /Users/naga/Desktop/airflow_env/lib/python3.12/site-packages/airflow/example_dags/example_params_trigger_ui.py for tasks to queue
[2026-06-21T15:02:18.033-0500] {logging_mixin.py:188} INFO - [2026-06-21T15:02:18.033-0500] {dagbag.py:545} INFO - Filling up the DagBag from /Users/naga/Desktop/airflow_env/lib/python3.12/site-packages/airflow/example_dags/example_params_trigger_ui.py
[2026-06-21T15:02:18.070-0500] {processor.py:840} INFO - DAG(s) 'example_params_trigger_ui' retrieved from /Users/naga/Desktop/airflow_env/lib/python3.12/site-packages/airflow/example_dags/example_params_trigger_ui.py
[2026-06-21T15:02:18.166-0500] {logging_mixin.py:188} INFO - [2026-06-21T15:02:18.166-0500] {dag.py:3089} INFO - Sync 1 DAGs
[2026-06-21T15:02:18.173-0500] {logging_mixin.py:188} INFO - [2026-06-21T15:02:18.173-0500] {dag.py:3947} INFO - Setting next_dagrun for example_params_trigger_ui to None, run_after=None
[2026-06-21T15:02:18.187-0500] {processor.py:183} INFO - Processing /Users/naga/Desktop/airflow_env/lib/python3.12/site-packages/airflow/example_dags/example_params_trigger_ui.py took 0.158 seconds
[2026-06-21T15:05:19.860-0500] {processor.py:161} INFO - Started process (PID=55632) to work on /Users/naga/Desktop/airflow_env/lib/python3.12/site-packages/airflow/example_dags/example_params_trigger_ui.py
[2026-06-21T15:05:19.861-0500] {processor.py:830} INFO - Processing file /Users/naga/Desktop/airflow_env/lib/python3.12/site-packages/airflow/example_dags/example_params_trigger_ui.py for tasks to queue
[2026-06-21T15:05:19.862-0500] {logging_mixin.py:188} INFO - [2026-06-21T15:05:19.862-0500] {dagbag.py:545} INFO - Filling up the DagBag from /Users/naga/Desktop/airflow_env/lib/python3.12/site-packages/airflow/example_dags/example_params_trigger_ui.py
[2026-06-21T15:05:19.896-0500] {processor.py:840} INFO - DAG(s) 'example_params_trigger_ui' retrieved from /Users/naga/Desktop/airflow_env/lib/python3.12/site-packages/airflow/example_dags/example_params_trigger_ui.py
[2026-06-21T15:05:19.985-0500] {logging_mixin.py:188} INFO - [2026-06-21T15:05:19.985-0500] {dag.py:3089} INFO - Sync 1 DAGs
[2026-06-21T15:05:19.992-0500] {logging_mixin.py:188} INFO - [2026-06-21T15:05:19.992-0500] {dag.py:3947} INFO - Setting next_dagrun for example_params_trigger_ui to None, run_after=None
[2026-06-21T15:05:20.006-0500] {processor.py:183} INFO - Processing /Users/naga/Desktop/airflow_env/lib/python3.12/site-packages/airflow/example_dags/example_params_trigger_ui.py took 0.147 seconds
[2026-06-21T15:08:28.291-0500] {processor.py:161} INFO - Started process (PID=55761) to work on /Users/naga/Desktop/airflow_env/lib/python3.12/site-packages/airflow/example_dags/example_params_trigger_ui.py
[2026-06-21T15:08:28.292-0500] {processor.py:830} INFO - Processing file /Users/naga/Desktop/airflow_env/lib/python3.12/site-packages/airflow/example_dags/example_params_trigger_ui.py for tasks to queue
[2026-06-21T15:08:28.293-0500] {logging_mixin.py:188} INFO - [2026-06-21T15:08:28.293-0500] {dagbag.py:545} INFO - Filling up the DagBag from /Users/naga/Desktop/airflow_env/lib/python3.12/site-packages/airflow/example_dags/example_params_trigger_ui.py
[2026-06-21T15:08:28.328-0500] {processor.py:840} INFO - DAG(s) 'example_params_trigger_ui' retrieved from /Users/naga/Desktop/airflow_env/lib/python3.12/site-packages/airflow/example_dags/example_params_trigger_ui.py
[2026-06-21T15:08:28.421-0500] {logging_mixin.py:188} INFO - [2026-06-21T15:08:28.421-0500] {dag.py:3089} INFO - Sync 1 DAGs
[2026-06-21T15:08:28.428-0500] {logging_mixin.py:188} INFO - [2026-06-21T15:08:28.428-0500] {dag.py:3947} INFO - Setting next_dagrun for example_params_trigger_ui to None, run_after=None
[2026-06-21T15:08:28.441-0500] {processor.py:183} INFO - Processing /Users/naga/Desktop/airflow_env/lib/python3.12/site-packages/airflow/example_dags/example_params_trigger_ui.py took 0.152 seconds
[2026-06-21T15:11:34.225-0500] {processor.py:161} INFO - Started process (PID=55911) to work on /Users/naga/Desktop/airflow_env/lib/python3.12/site-packages/airflow/example_dags/example_params_trigger_ui.py
[2026-06-21T15:11:34.227-0500] {processor.py:830} INFO - Processing file /Users/naga/Desktop/airflow_env/lib/python3.12/site-packages/airflow/example_dags/example_params_trigger_ui.py for tasks to queue
[2026-06-21T15:11:34.227-0500] {logging_mixin.py:188} INFO - [2026-06-21T15:11:34.227-0500] {dagbag.py:545} INFO - Filling up the DagBag from /Users/naga/Desktop/airflow_env/lib/python3.12/site-packages/airflow/example_dags/example_params_trigger_ui.py
[2026-06-21T15:11:34.262-0500] {processor.py:840} INFO - DAG(s) 'example_params_trigger_ui' retrieved from /Users/naga/Desktop/airflow_env/lib/python3.12/site-packages/airflow/example_dags/example_params_trigger_ui.py
[2026-06-21T15:11:34.361-0500] {logging_mixin.py:188} INFO - [2026-06-21T15:11:34.361-0500] {dag.py:3089} INFO - Sync 1 DAGs
[2026-06-21T15:11:34.369-0500] {logging_mixin.py:188} INFO - [2026-06-21T15:11:34.368-0500] {dag.py:3947} INFO - Setting next_dagrun for example_params_trigger_ui to None, run_after=None
[2026-06-21T15:11:34.383-0500] {processor.py:183} INFO - Processing /Users/naga/Desktop/airflow_env/lib/python3.12/site-packages/airflow/example_dags/example_params_trigger_ui.py took 0.161 seconds
[2026-06-21T15:14:25.955-0500] {processor.py:161} INFO - Started process (PID=56172) to work on /Users/naga/Desktop/airflow_env/lib/python3.12/site-packages/airflow/example_dags/example_params_trigger_ui.py
[2026-06-21T15:14:25.957-0500] {processor.py:830} INFO - Processing file /Users/naga/Desktop/airflow_env/lib/python3.12/site-packages/airflow/example_dags/example_params_trigger_ui.py for tasks to queue
[2026-06-21T15:14:25.957-0500] {logging_mixin.py:188} INFO - [2026-06-21T15:14:25.957-0500] {dagbag.py:545} INFO - Filling up the DagBag from /Users/naga/Desktop/airflow_env/lib/python3.12/site-packages/airflow/example_dags/example_params_trigger_ui.py
[2026-06-21T15:14:25.977-0500] {processor.py:840} INFO - DAG(s) 'example_params_trigger_ui' retrieved from /Users/naga/Desktop/airflow_env/lib/python3.12/site-packages/airflow/example_dags/example_params_trigger_ui.py
[2026-06-21T15:14:26.030-0500] {logging_mixin.py:188} INFO - [2026-06-21T15:14:26.030-0500] {dag.py:3089} INFO - Sync 1 DAGs
[2026-06-21T15:14:26.035-0500] {logging_mixin.py:188} INFO - [2026-06-21T15:14:26.035-0500] {dag.py:3947} INFO - Setting next_dagrun for example_params_trigger_ui to None, run_after=None
[2026-06-21T15:14:26.042-0500] {processor.py:183} INFO - Processing /Users/naga/Desktop/airflow_env/lib/python3.12/site-packages/airflow/example_dags/example_params_trigger_ui.py took 0.089 seconds
[2026-06-21T15:31:44.176-0500] {processor.py:161} INFO - Started process (PID=56477) to work on /Users/naga/Desktop/airflow_env/lib/python3.12/site-packages/airflow/example_dags/example_params_trigger_ui.py
[2026-06-21T15:31:44.177-0500] {processor.py:830} INFO - Processing file /Users/naga/Desktop/airflow_env/lib/python3.12/site-packages/airflow/example_dags/example_params_trigger_ui.py for tasks to queue
[2026-06-21T15:31:44.178-0500] {logging_mixin.py:188} INFO - [2026-06-21T15:31:44.178-0500] {dagbag.py:545} INFO - Filling up the DagBag from /Users/naga/Desktop/airflow_env/lib/python3.12/site-packages/airflow/example_dags/example_params_trigger_ui.py
[2026-06-21T15:31:44.201-0500] {processor.py:840} INFO - DAG(s) 'example_params_trigger_ui' retrieved from /Users/naga/Desktop/airflow_env/lib/python3.12/site-packages/airflow/example_dags/example_params_trigger_ui.py
[2026-06-21T15:31:44.263-0500] {logging_mixin.py:188} INFO - [2026-06-21T15:31:44.263-0500] {dag.py:3089} INFO - Sync 1 DAGs
[2026-06-21T15:31:44.269-0500] {logging_mixin.py:188} INFO - [2026-06-21T15:31:44.268-0500] {dag.py:3947} INFO - Setting next_dagrun for example_params_trigger_ui to None, run_after=None
[2026-06-21T15:31:44.278-0500] {processor.py:183} INFO - Processing /Users/naga/Desktop/airflow_env/lib/python3.12/site-packages/airflow/example_dags/example_params_trigger_ui.py took 0.104 seconds
[2026-06-21T15:33:28.315-0500] {processor.py:161} INFO - Started process (PID=56645) to work on /Users/naga/Desktop/airflow_env/lib/python3.12/site-packages/airflow/example_dags/example_params_trigger_ui.py
[2026-06-21T15:33:28.316-0500] {processor.py:830} INFO - Processing file /Users/naga/Desktop/airflow_env/lib/python3.12/site-packages/airflow/example_dags/example_params_trigger_ui.py for tasks to queue
[2026-06-21T15:33:28.317-0500] {logging_mixin.py:188} INFO - [2026-06-21T15:33:28.317-0500] {dagbag.py:545} INFO - Filling up the DagBag from /Users/naga/Desktop/airflow_env/lib/python3.12/site-packages/airflow/example_dags/example_params_trigger_ui.py
[2026-06-21T15:33:28.338-0500] {processor.py:840} INFO - DAG(s) 'example_params_trigger_ui' retrieved from /Users/naga/Desktop/airflow_env/lib/python3.12/site-packages/airflow/example_dags/example_params_trigger_ui.py
[2026-06-21T15:33:28.394-0500] {logging_mixin.py:188} INFO - [2026-06-21T15:33:28.394-0500] {dag.py:3089} INFO - Sync 1 DAGs
[2026-06-21T15:33:28.398-0500] {logging_mixin.py:188} INFO - [2026-06-21T15:33:28.398-0500] {dag.py:3947} INFO - Setting next_dagrun for example_params_trigger_ui to None, run_after=None
[2026-06-21T15:33:28.406-0500] {processor.py:183} INFO - Processing /Users/naga/Desktop/airflow_env/lib/python3.12/site-packages/airflow/example_dags/example_params_trigger_ui.py took 0.093 seconds
[2026-06-21T15:35:36.146-0500] {processor.py:161} INFO - Started process (PID=56810) to work on /Users/naga/Desktop/airflow_env/lib/python3.12/site-packages/airflow/example_dags/example_params_trigger_ui.py
[2026-06-21T15:35:36.147-0500] {processor.py:830} INFO - Processing file /Users/naga/Desktop/airflow_env/lib/python3.12/site-packages/airflow/example_dags/example_params_trigger_ui.py for tasks to queue
[2026-06-21T15:35:36.147-0500] {logging_mixin.py:188} INFO - [2026-06-21T15:35:36.147-0500] {dagbag.py:545} INFO - Filling up the DagBag from /Users/naga/Desktop/airflow_env/lib/python3.12/site-packages/airflow/example_dags/example_params_trigger_ui.py
[2026-06-21T15:35:36.168-0500] {processor.py:840} INFO - DAG(s) 'example_params_trigger_ui' retrieved from /Users/naga/Desktop/airflow_env/lib/python3.12/site-packages/airflow/example_dags/example_params_trigger_ui.py
[2026-06-21T15:35:36.221-0500] {logging_mixin.py:188} INFO - [2026-06-21T15:35:36.221-0500] {dag.py:3089} INFO - Sync 1 DAGs
[2026-06-21T15:35:36.226-0500] {logging_mixin.py:188} INFO - [2026-06-21T15:35:36.225-0500] {dag.py:3947} INFO - Setting next_dagrun for example_params_trigger_ui to None, run_after=None
[2026-06-21T15:35:36.235-0500] {processor.py:183} INFO - Processing /Users/naga/Desktop/airflow_env/lib/python3.12/site-packages/airflow/example_dags/example_params_trigger_ui.py took 0.090 seconds
[2026-06-21T15:37:33.977-0500] {processor.py:161} INFO - Started process (PID=56946) to work on /Users/naga/Desktop/airflow_env/lib/python3.12/site-packages/airflow/example_dags/example_params_trigger_ui.py
[2026-06-21T15:37:33.978-0500] {processor.py:830} INFO - Processing file /Users/naga/Desktop/airflow_env/lib/python3.12/site-packages/airflow/example_dags/example_params_trigger_ui.py for tasks to queue
[2026-06-21T15:37:33.978-0500] {logging_mixin.py:188} INFO - [2026-06-21T15:37:33.978-0500] {dagbag.py:545} INFO - Filling up the DagBag from /Users/naga/Desktop/airflow_env/lib/python3.12/site-packages/airflow/example_dags/example_params_trigger_ui.py
[2026-06-21T15:37:33.998-0500] {processor.py:840} INFO - DAG(s) 'example_params_trigger_ui' retrieved from /Users/naga/Desktop/airflow_env/lib/python3.12/site-packages/airflow/example_dags/example_params_trigger_ui.py
[2026-06-21T15:37:34.051-0500] {logging_mixin.py:188} INFO - [2026-06-21T15:37:34.051-0500] {dag.py:3089} INFO - Sync 1 DAGs
[2026-06-21T15:37:34.056-0500] {logging_mixin.py:188} INFO - [2026-06-21T15:37:34.056-0500] {dag.py:3947} INFO - Setting next_dagrun for example_params_trigger_ui to None, run_after=None
[2026-06-21T15:37:34.063-0500] {processor.py:183} INFO - Processing /Users/naga/Desktop/airflow_env/lib/python3.12/site-packages/airflow/example_dags/example_params_trigger_ui.py took 0.088 seconds
[2026-06-21T15:39:42.099-0500] {processor.py:161} INFO - Started process (PID=57061) to work on /Users/naga/Desktop/airflow_env/lib/python3.12/site-packages/airflow/example_dags/example_params_trigger_ui.py
[2026-06-21T15:39:42.100-0500] {processor.py:830} INFO - Processing file /Users/naga/Desktop/airflow_env/lib/python3.12/site-packages/airflow/example_dags/example_params_trigger_ui.py for tasks to queue
[2026-06-21T15:39:42.100-0500] {logging_mixin.py:188} INFO - [2026-06-21T15:39:42.100-0500] {dagbag.py:545} INFO - Filling up the DagBag from /Users/naga/Desktop/airflow_env/lib/python3.12/site-packages/airflow/example_dags/example_params_trigger_ui.py
[2026-06-21T15:39:42.122-0500] {processor.py:840} INFO - DAG(s) 'example_params_trigger_ui' retrieved from /Users/naga/Desktop/airflow_env/lib/python3.12/site-packages/airflow/example_dags/example_params_trigger_ui.py
[2026-06-21T15:39:42.178-0500] {logging_mixin.py:188} INFO - [2026-06-21T15:39:42.178-0500] {dag.py:3089} INFO - Sync 1 DAGs
[2026-06-21T15:39:42.182-0500] {logging_mixin.py:188} INFO - [2026-06-21T15:39:42.182-0500] {dag.py:3947} INFO - Setting next_dagrun for example_params_trigger_ui to None, run_after=None
[2026-06-21T15:39:42.191-0500] {processor.py:183} INFO - Processing /Users/naga/Desktop/airflow_env/lib/python3.12/site-packages/airflow/example_dags/example_params_trigger_ui.py took 0.093 seconds
[2026-06-21T15:41:43.037-0500] {processor.py:161} INFO - Started process (PID=57176) to work on /Users/naga/Desktop/airflow_env/lib/python3.12/site-packages/airflow/example_dags/example_params_trigger_ui.py
[2026-06-21T15:41:43.038-0500] {processor.py:830} INFO - Processing file /Users/naga/Desktop/airflow_env/lib/python3.12/site-packages/airflow/example_dags/example_params_trigger_ui.py for tasks to queue
[2026-06-21T15:41:43.039-0500] {logging_mixin.py:188} INFO - [2026-06-21T15:41:43.038-0500] {dagbag.py:545} INFO - Filling up the DagBag from /Users/naga/Desktop/airflow_env/lib/python3.12/site-packages/airflow/example_dags/example_params_trigger_ui.py
[2026-06-21T15:41:43.059-0500] {processor.py:840} INFO - DAG(s) 'example_params_trigger_ui' retrieved from /Users/naga/Desktop/airflow_env/lib/python3.12/site-packages/airflow/example_dags/example_params_trigger_ui.py
[2026-06-21T15:41:43.113-0500] {logging_mixin.py:188} INFO - [2026-06-21T15:41:43.113-0500] {dag.py:3089} INFO - Sync 1 DAGs
[2026-06-21T15:41:43.117-0500] {logging_mixin.py:188} INFO - [2026-06-21T15:41:43.117-0500] {dag.py:3947} INFO - Setting next_dagrun for example_params_trigger_ui to None, run_after=None
[2026-06-21T15:41:43.125-0500] {processor.py:183} INFO - Processing /Users/naga/Desktop/airflow_env/lib/python3.12/site-packages/airflow/example_dags/example_params_trigger_ui.py took 0.089 seconds
[2026-06-21T15:43:49.870-0500] {processor.py:161} INFO - Started process (PID=57321) to work on /Users/naga/Desktop/airflow_env/lib/python3.12/site-packages/airflow/example_dags/example_params_trigger_ui.py
[2026-06-21T15:43:49.871-0500] {processor.py:830} INFO - Processing file /Users/naga/Desktop/airflow_env/lib/python3.12/site-packages/airflow/example_dags/example_params_trigger_ui.py for tasks to queue
[2026-06-21T15:43:49.872-0500] {logging_mixin.py:188} INFO - [2026-06-21T15:43:49.872-0500] {dagbag.py:545} INFO - Filling up the DagBag from /Users/naga/Desktop/airflow_env/lib/python3.12/site-packages/airflow/example_dags/example_params_trigger_ui.py
[2026-06-21T15:43:49.892-0500] {processor.py:840} INFO - DAG(s) 'example_params_trigger_ui' retrieved from /Users/naga/Desktop/airflow_env/lib/python3.12/site-packages/airflow/example_dags/example_params_trigger_ui.py
[2026-06-21T15:43:49.947-0500] {logging_mixin.py:188} INFO - [2026-06-21T15:43:49.946-0500] {dag.py:3089} INFO - Sync 1 DAGs
[2026-06-21T15:43:49.951-0500] {logging_mixin.py:188} INFO - [2026-06-21T15:43:49.951-0500] {dag.py:3947} INFO - Setting next_dagrun for example_params_trigger_ui to None, run_after=None
[2026-06-21T15:43:49.959-0500] {processor.py:183} INFO - Processing /Users/naga/Desktop/airflow_env/lib/python3.12/site-packages/airflow/example_dags/example_params_trigger_ui.py took 0.090 seconds
[2026-06-21T15:45:52.249-0500] {processor.py:161} INFO - Started process (PID=57445) to work on /Users/naga/Desktop/airflow_env/lib/python3.12/site-packages/airflow/example_dags/example_params_trigger_ui.py
[2026-06-21T15:45:52.250-0500] {processor.py:830} INFO - Processing file /Users/naga/Desktop/airflow_env/lib/python3.12/site-packages/airflow/example_dags/example_params_trigger_ui.py for tasks to queue
[2026-06-21T15:45:52.250-0500] {logging_mixin.py:188} INFO - [2026-06-21T15:45:52.250-0500] {dagbag.py:545} INFO - Filling up the DagBag from /Users/naga/Desktop/airflow_env/lib/python3.12/site-packages/airflow/example_dags/example_params_trigger_ui.py
[2026-06-21T15:45:52.270-0500] {processor.py:840} INFO - DAG(s) 'example_params_trigger_ui' retrieved from /Users/naga/Desktop/airflow_env/lib/python3.12/site-packages/airflow/example_dags/example_params_trigger_ui.py
[2026-06-21T15:45:52.323-0500] {logging_mixin.py:188} INFO - [2026-06-21T15:45:52.323-0500] {dag.py:3089} INFO - Sync 1 DAGs
[2026-06-21T15:45:52.328-0500] {logging_mixin.py:188} INFO - [2026-06-21T15:45:52.327-0500] {dag.py:3947} INFO - Setting next_dagrun for example_params_trigger_ui to None, run_after=None
[2026-06-21T15:45:52.335-0500] {processor.py:183} INFO - Processing /Users/naga/Desktop/airflow_env/lib/python3.12/site-packages/airflow/example_dags/example_params_trigger_ui.py took 0.088 seconds
[2026-06-21T15:47:55.132-0500] {processor.py:161} INFO - Started process (PID=57577) to work on /Users/naga/Desktop/airflow_env/lib/python3.12/site-packages/airflow/example_dags/example_params_trigger_ui.py
[2026-06-21T15:47:55.133-0500] {processor.py:830} INFO - Processing file /Users/naga/Desktop/airflow_env/lib/python3.12/site-packages/airflow/example_dags/example_params_trigger_ui.py for tasks to queue
[2026-06-21T15:47:55.134-0500] {logging_mixin.py:188} INFO - [2026-06-21T15:47:55.134-0500] {dagbag.py:545} INFO - Filling up the DagBag from /Users/naga/Desktop/airflow_env/lib/python3.12/site-packages/airflow/example_dags/example_params_trigger_ui.py
[2026-06-21T15:47:55.155-0500] {processor.py:840} INFO - DAG(s) 'example_params_trigger_ui' retrieved from /Users/naga/Desktop/airflow_env/lib/python3.12/site-packages/airflow/example_dags/example_params_trigger_ui.py
[2026-06-21T15:47:55.209-0500] {logging_mixin.py:188} INFO - [2026-06-21T15:47:55.209-0500] {dag.py:3089} INFO - Sync 1 DAGs
[2026-06-21T15:47:55.214-0500] {logging_mixin.py:188} INFO - [2026-06-21T15:47:55.214-0500] {dag.py:3947} INFO - Setting next_dagrun for example_params_trigger_ui to None, run_after=None
[2026-06-21T15:47:55.222-0500] {processor.py:183} INFO - Processing /Users/naga/Desktop/airflow_env/lib/python3.12/site-packages/airflow/example_dags/example_params_trigger_ui.py took 0.091 seconds
[2026-06-21T15:50:02.368-0500] {processor.py:161} INFO - Started process (PID=57709) to work on /Users/naga/Desktop/airflow_env/lib/python3.12/site-packages/airflow/example_dags/example_params_trigger_ui.py
[2026-06-21T15:50:02.369-0500] {processor.py:830} INFO - Processing file /Users/naga/Desktop/airflow_env/lib/python3.12/site-packages/airflow/example_dags/example_params_trigger_ui.py for tasks to queue
[2026-06-21T15:50:02.370-0500] {logging_mixin.py:188} INFO - [2026-06-21T15:50:02.370-0500] {dagbag.py:545} INFO - Filling up the DagBag from /Users/naga/Desktop/airflow_env/lib/python3.12/site-packages/airflow/example_dags/example_params_trigger_ui.py
[2026-06-21T15:50:02.390-0500] {processor.py:840} INFO - DAG(s) 'example_params_trigger_ui' retrieved from /Users/naga/Desktop/airflow_env/lib/python3.12/site-packages/airflow/example_dags/example_params_trigger_ui.py
[2026-06-21T15:50:02.444-0500] {logging_mixin.py:188} INFO - [2026-06-21T15:50:02.444-0500] {dag.py:3089} INFO - Sync 1 DAGs
[2026-06-21T15:50:02.449-0500] {logging_mixin.py:188} INFO - [2026-06-21T15:50:02.449-0500] {dag.py:3947} INFO - Setting next_dagrun for example_params_trigger_ui to None, run_after=None
[2026-06-21T15:50:02.458-0500] {processor.py:183} INFO - Processing /Users/naga/Desktop/airflow_env/lib/python3.12/site-packages/airflow/example_dags/example_params_trigger_ui.py took 0.092 seconds
[2026-06-21T15:52:08.399-0500] {processor.py:161} INFO - Started process (PID=57816) to work on /Users/naga/Desktop/airflow_env/lib/python3.12/site-packages/airflow/example_dags/example_params_trigger_ui.py
[2026-06-21T15:52:08.400-0500] {processor.py:830} INFO - Processing file /Users/naga/Desktop/airflow_env/lib/python3.12/site-packages/airflow/example_dags/example_params_trigger_ui.py for tasks to queue
[2026-06-21T15:52:08.400-0500] {logging_mixin.py:188} INFO - [2026-06-21T15:52:08.400-0500] {dagbag.py:545} INFO - Filling up the DagBag from /Users/naga/Desktop/airflow_env/lib/python3.12/site-packages/airflow/example_dags/example_params_trigger_ui.py
[2026-06-21T15:52:08.421-0500] {processor.py:840} INFO - DAG(s) 'example_params_trigger_ui' retrieved from /Users/naga/Desktop/airflow_env/lib/python3.12/site-packages/airflow/example_dags/example_params_trigger_ui.py
[2026-06-21T15:52:08.474-0500] {logging_mixin.py:188} INFO - [2026-06-21T15:52:08.474-0500] {dag.py:3089} INFO - Sync 1 DAGs
[2026-06-21T15:52:08.478-0500] {logging_mixin.py:188} INFO - [2026-06-21T15:52:08.478-0500] {dag.py:3947} INFO - Setting next_dagrun for example_params_trigger_ui to None, run_after=None
[2026-06-21T15:52:08.486-0500] {processor.py:183} INFO - Processing /Users/naga/Desktop/airflow_env/lib/python3.12/site-packages/airflow/example_dags/example_params_trigger_ui.py took 0.089 seconds
[2026-06-21T15:54:12.528-0500] {processor.py:161} INFO - Started process (PID=57956) to work on /Users/naga/Desktop/airflow_env/lib/python3.12/site-packages/airflow/example_dags/example_params_trigger_ui.py
[2026-06-21T15:54:12.529-0500] {processor.py:830} INFO - Processing file /Users/naga/Desktop/airflow_env/lib/python3.12/site-packages/airflow/example_dags/example_params_trigger_ui.py for tasks to queue
[2026-06-21T15:54:12.530-0500] {logging_mixin.py:188} INFO - [2026-06-21T15:54:12.530-0500] {dagbag.py:545} INFO - Filling up the DagBag from /Users/naga/Desktop/airflow_env/lib/python3.12/site-packages/airflow/example_dags/example_params_trigger_ui.py
[2026-06-21T15:54:12.550-0500] {processor.py:840} INFO - DAG(s) 'example_params_trigger_ui' retrieved from /Users/naga/Desktop/airflow_env/lib/python3.12/site-packages/airflow/example_dags/example_params_trigger_ui.py
[2026-06-21T15:54:12.603-0500] {logging_mixin.py:188} INFO - [2026-06-21T15:54:12.603-0500] {dag.py:3089} INFO - Sync 1 DAGs
[2026-06-21T15:54:12.607-0500] {logging_mixin.py:188} INFO - [2026-06-21T15:54:12.607-0500] {dag.py:3947} INFO - Setting next_dagrun for example_params_trigger_ui to None, run_after=None
[2026-06-21T15:54:12.615-0500] {processor.py:183} INFO - Processing /Users/naga/Desktop/airflow_env/lib/python3.12/site-packages/airflow/example_dags/example_params_trigger_ui.py took 0.088 seconds
[2026-06-21T15:56:19.723-0500] {processor.py:161} INFO - Started process (PID=58066) to work on /Users/naga/Desktop/airflow_env/lib/python3.12/site-packages/airflow/example_dags/example_params_trigger_ui.py
[2026-06-21T15:56:19.724-0500] {processor.py:830} INFO - Processing file /Users/naga/Desktop/airflow_env/lib/python3.12/site-packages/airflow/example_dags/example_params_trigger_ui.py for tasks to queue
[2026-06-21T15:56:19.724-0500] {logging_mixin.py:188} INFO - [2026-06-21T15:56:19.724-0500] {dagbag.py:545} INFO - Filling up the DagBag from /Users/naga/Desktop/airflow_env/lib/python3.12/site-packages/airflow/example_dags/example_params_trigger_ui.py
[2026-06-21T15:56:19.745-0500] {processor.py:840} INFO - DAG(s) 'example_params_trigger_ui' retrieved from /Users/naga/Desktop/airflow_env/lib/python3.12/site-packages/airflow/example_dags/example_params_trigger_ui.py
[2026-06-21T15:56:19.801-0500] {logging_mixin.py:188} INFO - [2026-06-21T15:56:19.800-0500] {dag.py:3089} INFO - Sync 1 DAGs
[2026-06-21T15:56:19.805-0500] {logging_mixin.py:188} INFO - [2026-06-21T15:56:19.805-0500] {dag.py:3947} INFO - Setting next_dagrun for example_params_trigger_ui to None, run_after=None
[2026-06-21T15:56:19.813-0500] {processor.py:183} INFO - Processing /Users/naga/Desktop/airflow_env/lib/python3.12/site-packages/airflow/example_dags/example_params_trigger_ui.py took 0.091 seconds
[2026-06-21T15:58:26.197-0500] {processor.py:161} INFO - Started process (PID=58187) to work on /Users/naga/Desktop/airflow_env/lib/python3.12/site-packages/airflow/example_dags/example_params_trigger_ui.py
[2026-06-21T15:58:26.198-0500] {processor.py:830} INFO - Processing file /Users/naga/Desktop/airflow_env/lib/python3.12/site-packages/airflow/example_dags/example_params_trigger_ui.py for tasks to queue
[2026-06-21T15:58:26.198-0500] {logging_mixin.py:188} INFO - [2026-06-21T15:58:26.198-0500] {dagbag.py:545} INFO - Filling up the DagBag from /Users/naga/Desktop/airflow_env/lib/python3.12/site-packages/airflow/example_dags/example_params_trigger_ui.py
[2026-06-21T15:58:26.219-0500] {processor.py:840} INFO - DAG(s) 'example_params_trigger_ui' retrieved from /Users/naga/Desktop/airflow_env/lib/python3.12/site-packages/airflow/example_dags/example_params_trigger_ui.py
[2026-06-21T15:58:26.272-0500] {logging_mixin.py:188} INFO - [2026-06-21T15:58:26.272-0500] {dag.py:3089} INFO - Sync 1 DAGs
[2026-06-21T15:58:26.276-0500] {logging_mixin.py:188} INFO - [2026-06-21T15:58:26.276-0500] {dag.py:3947} INFO - Setting next_dagrun for example_params_trigger_ui to None, run_after=None
[2026-06-21T15:58:26.284-0500] {processor.py:183} INFO - Processing /Users/naga/Desktop/airflow_env/lib/python3.12/site-packages/airflow/example_dags/example_params_trigger_ui.py took 0.088 seconds
[2026-06-21T16:00:32.708-0500] {processor.py:161} INFO - Started process (PID=58302) to work on /Users/naga/Desktop/airflow_env/lib/python3.12/site-packages/airflow/example_dags/example_params_trigger_ui.py
[2026-06-21T16:00:32.709-0500] {processor.py:830} INFO - Processing file /Users/naga/Desktop/airflow_env/lib/python3.12/site-packages/airflow/example_dags/example_params_trigger_ui.py for tasks to queue
[2026-06-21T16:00:32.710-0500] {logging_mixin.py:188} INFO - [2026-06-21T16:00:32.709-0500] {dagbag.py:545} INFO - Filling up the DagBag from /Users/naga/Desktop/airflow_env/lib/python3.12/site-packages/airflow/example_dags/example_params_trigger_ui.py
[2026-06-21T16:00:32.730-0500] {processor.py:840} INFO - DAG(s) 'example_params_trigger_ui' retrieved from /Users/naga/Desktop/airflow_env/lib/python3.12/site-packages/airflow/example_dags/example_params_trigger_ui.py
[2026-06-21T16:00:32.783-0500] {logging_mixin.py:188} INFO - [2026-06-21T16:00:32.783-0500] {dag.py:3089} INFO - Sync 1 DAGs
[2026-06-21T16:00:32.787-0500] {logging_mixin.py:188} INFO - [2026-06-21T16:00:32.787-0500] {dag.py:3947} INFO - Setting next_dagrun for example_params_trigger_ui to None, run_after=None
[2026-06-21T16:00:32.795-0500] {processor.py:183} INFO - Processing /Users/naga/Desktop/airflow_env/lib/python3.12/site-packages/airflow/example_dags/example_params_trigger_ui.py took 0.088 seconds
[2026-06-21T16:02:39.034-0500] {processor.py:161} INFO - Started process (PID=58431) to work on /Users/naga/Desktop/airflow_env/lib/python3.12/site-packages/airflow/example_dags/example_params_trigger_ui.py
[2026-06-21T16:02:39.035-0500] {processor.py:830} INFO - Processing file /Users/naga/Desktop/airflow_env/lib/python3.12/site-packages/airflow/example_dags/example_params_trigger_ui.py for tasks to queue
[2026-06-21T16:02:39.035-0500] {logging_mixin.py:188} INFO - [2026-06-21T16:02:39.035-0500] {dagbag.py:545} INFO - Filling up the DagBag from /Users/naga/Desktop/airflow_env/lib/python3.12/site-packages/airflow/example_dags/example_params_trigger_ui.py
[2026-06-21T16:02:39.056-0500] {processor.py:840} INFO - DAG(s) 'example_params_trigger_ui' retrieved from /Users/naga/Desktop/airflow_env/lib/python3.12/site-packages/airflow/example_dags/example_params_trigger_ui.py
[2026-06-21T16:02:39.109-0500] {logging_mixin.py:188} INFO - [2026-06-21T16:02:39.109-0500] {dag.py:3089} INFO - Sync 1 DAGs
[2026-06-21T16:02:39.113-0500] {logging_mixin.py:188} INFO - [2026-06-21T16:02:39.113-0500] {dag.py:3947} INFO - Setting next_dagrun for example_params_trigger_ui to None, run_after=None
[2026-06-21T16:02:39.121-0500] {processor.py:183} INFO - Processing /Users/naga/Desktop/airflow_env/lib/python3.12/site-packages/airflow/example_dags/example_params_trigger_ui.py took 0.088 seconds
[2026-06-21T16:04:47.323-0500] {processor.py:161} INFO - Started process (PID=58585) to work on /Users/naga/Desktop/airflow_env/lib/python3.12/site-packages/airflow/example_dags/example_params_trigger_ui.py
[2026-06-21T16:04:47.324-0500] {processor.py:830} INFO - Processing file /Users/naga/Desktop/airflow_env/lib/python3.12/site-packages/airflow/example_dags/example_params_trigger_ui.py for tasks to queue
[2026-06-21T16:04:47.325-0500] {logging_mixin.py:188} INFO - [2026-06-21T16:04:47.325-0500] {dagbag.py:545} INFO - Filling up the DagBag from /Users/naga/Desktop/airflow_env/lib/python3.12/site-packages/airflow/example_dags/example_params_trigger_ui.py
[2026-06-21T16:04:47.346-0500] {processor.py:840} INFO - DAG(s) 'example_params_trigger_ui' retrieved from /Users/naga/Desktop/airflow_env/lib/python3.12/site-packages/airflow/example_dags/example_params_trigger_ui.py
[2026-06-21T16:04:47.398-0500] {logging_mixin.py:188} INFO - [2026-06-21T16:04:47.398-0500] {dag.py:3089} INFO - Sync 1 DAGs
[2026-06-21T16:04:47.403-0500] {logging_mixin.py:188} INFO - [2026-06-21T16:04:47.402-0500] {dag.py:3947} INFO - Setting next_dagrun for example_params_trigger_ui to None, run_after=None
[2026-06-21T16:04:47.411-0500] {processor.py:183} INFO - Processing /Users/naga/Desktop/airflow_env/lib/python3.12/site-packages/airflow/example_dags/example_params_trigger_ui.py took 0.089 seconds
[2026-06-21T16:06:54.703-0500] {processor.py:161} INFO - Started process (PID=58697) to work on /Users/naga/Desktop/airflow_env/lib/python3.12/site-packages/airflow/example_dags/example_params_trigger_ui.py
[2026-06-21T16:06:54.704-0500] {processor.py:830} INFO - Processing file /Users/naga/Desktop/airflow_env/lib/python3.12/site-packages/airflow/example_dags/example_params_trigger_ui.py for tasks to queue
[2026-06-21T16:06:54.705-0500] {logging_mixin.py:188} INFO - [2026-06-21T16:06:54.704-0500] {dagbag.py:545} INFO - Filling up the DagBag from /Users/naga/Desktop/airflow_env/lib/python3.12/site-packages/airflow/example_dags/example_params_trigger_ui.py
[2026-06-21T16:06:54.725-0500] {processor.py:840} INFO - DAG(s) 'example_params_trigger_ui' retrieved from /Users/naga/Desktop/airflow_env/lib/python3.12/site-packages/airflow/example_dags/example_params_trigger_ui.py
[2026-06-21T16:06:54.777-0500] {logging_mixin.py:188} INFO - [2026-06-21T16:06:54.777-0500] {dag.py:3089} INFO - Sync 1 DAGs
[2026-06-21T16:06:54.782-0500] {logging_mixin.py:188} INFO - [2026-06-21T16:06:54.782-0500] {dag.py:3947} INFO - Setting next_dagrun for example_params_trigger_ui to None, run_after=None
[2026-06-21T16:06:54.790-0500] {processor.py:183} INFO - Processing /Users/naga/Desktop/airflow_env/lib/python3.12/site-packages/airflow/example_dags/example_params_trigger_ui.py took 0.088 seconds
[2026-06-21T16:09:12.210-0500] {processor.py:161} INFO - Started process (PID=58828) to work on /Users/naga/Desktop/airflow_env/lib/python3.12/site-packages/airflow/example_dags/example_params_trigger_ui.py
[2026-06-21T16:09:12.211-0500] {processor.py:830} INFO - Processing file /Users/naga/Desktop/airflow_env/lib/python3.12/site-packages/airflow/example_dags/example_params_trigger_ui.py for tasks to queue
[2026-06-21T16:09:12.212-0500] {logging_mixin.py:188} INFO - [2026-06-21T16:09:12.212-0500] {dagbag.py:545} INFO - Filling up the DagBag from /Users/naga/Desktop/airflow_env/lib/python3.12/site-packages/airflow/example_dags/example_params_trigger_ui.py
[2026-06-21T16:09:12.234-0500] {processor.py:840} INFO - DAG(s) 'example_params_trigger_ui' retrieved from /Users/naga/Desktop/airflow_env/lib/python3.12/site-packages/airflow/example_dags/example_params_trigger_ui.py
[2026-06-21T16:09:12.292-0500] {logging_mixin.py:188} INFO - [2026-06-21T16:09:12.292-0500] {dag.py:3089} INFO - Sync 1 DAGs
[2026-06-21T16:09:12.297-0500] {logging_mixin.py:188} INFO - [2026-06-21T16:09:12.297-0500] {dag.py:3947} INFO - Setting next_dagrun for example_params_trigger_ui to None, run_after=None
[2026-06-21T16:09:12.305-0500] {processor.py:183} INFO - Processing /Users/naga/Desktop/airflow_env/lib/python3.12/site-packages/airflow/example_dags/example_params_trigger_ui.py took 0.096 seconds
[2026-06-21T16:11:23.154-0500] {processor.py:161} INFO - Started process (PID=58962) to work on /Users/naga/Desktop/airflow_env/lib/python3.12/site-packages/airflow/example_dags/example_params_trigger_ui.py
[2026-06-21T16:11:23.155-0500] {processor.py:830} INFO - Processing file /Users/naga/Desktop/airflow_env/lib/python3.12/site-packages/airflow/example_dags/example_params_trigger_ui.py for tasks to queue
[2026-06-21T16:11:23.155-0500] {logging_mixin.py:188} INFO - [2026-06-21T16:11:23.155-0500] {dagbag.py:545} INFO - Filling up the DagBag from /Users/naga/Desktop/airflow_env/lib/python3.12/site-packages/airflow/example_dags/example_params_trigger_ui.py
[2026-06-21T16:11:23.177-0500] {processor.py:840} INFO - DAG(s) 'example_params_trigger_ui' retrieved from /Users/naga/Desktop/airflow_env/lib/python3.12/site-packages/airflow/example_dags/example_params_trigger_ui.py
[2026-06-21T16:11:23.234-0500] {logging_mixin.py:188} INFO - [2026-06-21T16:11:23.234-0500] {dag.py:3089} INFO - Sync 1 DAGs
[2026-06-21T16:11:23.238-0500] {logging_mixin.py:188} INFO - [2026-06-21T16:11:23.238-0500] {dag.py:3947} INFO - Setting next_dagrun for example_params_trigger_ui to None, run_after=None
[2026-06-21T16:11:23.248-0500] {processor.py:183} INFO - Processing /Users/naga/Desktop/airflow_env/lib/python3.12/site-packages/airflow/example_dags/example_params_trigger_ui.py took 0.096 seconds
[2026-06-21T16:13:36.788-0500] {processor.py:161} INFO - Started process (PID=59086) to work on /Users/naga/Desktop/airflow_env/lib/python3.12/site-packages/airflow/example_dags/example_params_trigger_ui.py
[2026-06-21T16:13:36.790-0500] {processor.py:830} INFO - Processing file /Users/naga/Desktop/airflow_env/lib/python3.12/site-packages/airflow/example_dags/example_params_trigger_ui.py for tasks to queue
[2026-06-21T16:13:36.790-0500] {logging_mixin.py:188} INFO - [2026-06-21T16:13:36.790-0500] {dagbag.py:545} INFO - Filling up the DagBag from /Users/naga/Desktop/airflow_env/lib/python3.12/site-packages/airflow/example_dags/example_params_trigger_ui.py
[2026-06-21T16:13:36.812-0500] {processor.py:840} INFO - DAG(s) 'example_params_trigger_ui' retrieved from /Users/naga/Desktop/airflow_env/lib/python3.12/site-packages/airflow/example_dags/example_params_trigger_ui.py
[2026-06-21T16:13:36.869-0500] {logging_mixin.py:188} INFO - [2026-06-21T16:13:36.869-0500] {dag.py:3089} INFO - Sync 1 DAGs
[2026-06-21T16:13:36.873-0500] {logging_mixin.py:188} INFO - [2026-06-21T16:13:36.873-0500] {dag.py:3947} INFO - Setting next_dagrun for example_params_trigger_ui to None, run_after=None
[2026-06-21T16:13:36.882-0500] {processor.py:183} INFO - Processing /Users/naga/Desktop/airflow_env/lib/python3.12/site-packages/airflow/example_dags/example_params_trigger_ui.py took 0.095 seconds
[2026-06-21T16:15:48.094-0500] {processor.py:161} INFO - Started process (PID=59219) to work on /Users/naga/Desktop/airflow_env/lib/python3.12/site-packages/airflow/example_dags/example_params_trigger_ui.py
[2026-06-21T16:15:48.095-0500] {processor.py:830} INFO - Processing file /Users/naga/Desktop/airflow_env/lib/python3.12/site-packages/airflow/example_dags/example_params_trigger_ui.py for tasks to queue
[2026-06-21T16:15:48.095-0500] {logging_mixin.py:188} INFO - [2026-06-21T16:15:48.095-0500] {dagbag.py:545} INFO - Filling up the DagBag from /Users/naga/Desktop/airflow_env/lib/python3.12/site-packages/airflow/example_dags/example_params_trigger_ui.py
[2026-06-21T16:15:48.117-0500] {processor.py:840} INFO - DAG(s) 'example_params_trigger_ui' retrieved from /Users/naga/Desktop/airflow_env/lib/python3.12/site-packages/airflow/example_dags/example_params_trigger_ui.py
[2026-06-21T16:15:48.173-0500] {logging_mixin.py:188} INFO - [2026-06-21T16:15:48.173-0500] {dag.py:3089} INFO - Sync 1 DAGs
[2026-06-21T16:15:48.177-0500] {logging_mixin.py:188} INFO - [2026-06-21T16:15:48.177-0500] {dag.py:3947} INFO - Setting next_dagrun for example_params_trigger_ui to None, run_after=None
[2026-06-21T16:15:48.186-0500] {processor.py:183} INFO - Processing /Users/naga/Desktop/airflow_env/lib/python3.12/site-packages/airflow/example_dags/example_params_trigger_ui.py took 0.093 seconds
[2026-06-21T16:17:58.460-0500] {processor.py:161} INFO - Started process (PID=59341) to work on /Users/naga/Desktop/airflow_env/lib/python3.12/site-packages/airflow/example_dags/example_params_trigger_ui.py
[2026-06-21T16:17:58.462-0500] {processor.py:830} INFO - Processing file /Users/naga/Desktop/airflow_env/lib/python3.12/site-packages/airflow/example_dags/example_params_trigger_ui.py for tasks to queue
[2026-06-21T16:17:58.462-0500] {logging_mixin.py:188} INFO - [2026-06-21T16:17:58.462-0500] {dagbag.py:545} INFO - Filling up the DagBag from /Users/naga/Desktop/airflow_env/lib/python3.12/site-packages/airflow/example_dags/example_params_trigger_ui.py
[2026-06-21T16:17:58.484-0500] {processor.py:840} INFO - DAG(s) 'example_params_trigger_ui' retrieved from /Users/naga/Desktop/airflow_env/lib/python3.12/site-packages/airflow/example_dags/example_params_trigger_ui.py
[2026-06-21T16:17:58.541-0500] {logging_mixin.py:188} INFO - [2026-06-21T16:17:58.541-0500] {dag.py:3089} INFO - Sync 1 DAGs
[2026-06-21T16:17:58.546-0500] {logging_mixin.py:188} INFO - [2026-06-21T16:17:58.546-0500] {dag.py:3947} INFO - Setting next_dagrun for example_params_trigger_ui to None, run_after=None
[2026-06-21T16:17:58.555-0500] {processor.py:183} INFO - Processing /Users/naga/Desktop/airflow_env/lib/python3.12/site-packages/airflow/example_dags/example_params_trigger_ui.py took 0.096 seconds
[2026-06-21T16:20:10.003-0500] {processor.py:161} INFO - Started process (PID=59466) to work on /Users/naga/Desktop/airflow_env/lib/python3.12/site-packages/airflow/example_dags/example_params_trigger_ui.py
[2026-06-21T16:20:10.004-0500] {processor.py:830} INFO - Processing file /Users/naga/Desktop/airflow_env/lib/python3.12/site-packages/airflow/example_dags/example_params_trigger_ui.py for tasks to queue
[2026-06-21T16:20:10.004-0500] {logging_mixin.py:188} INFO - [2026-06-21T16:20:10.004-0500] {dagbag.py:545} INFO - Filling up the DagBag from /Users/naga/Desktop/airflow_env/lib/python3.12/site-packages/airflow/example_dags/example_params_trigger_ui.py
[2026-06-21T16:20:10.026-0500] {processor.py:840} INFO - DAG(s) 'example_params_trigger_ui' retrieved from /Users/naga/Desktop/airflow_env/lib/python3.12/site-packages/airflow/example_dags/example_params_trigger_ui.py
[2026-06-21T16:20:10.083-0500] {logging_mixin.py:188} INFO - [2026-06-21T16:20:10.083-0500] {dag.py:3089} INFO - Sync 1 DAGs
[2026-06-21T16:20:10.087-0500] {logging_mixin.py:188} INFO - [2026-06-21T16:20:10.087-0500] {dag.py:3947} INFO - Setting next_dagrun for example_params_trigger_ui to None, run_after=None
[2026-06-21T16:20:10.096-0500] {processor.py:183} INFO - Processing /Users/naga/Desktop/airflow_env/lib/python3.12/site-packages/airflow/example_dags/example_params_trigger_ui.py took 0.095 seconds
[2026-06-21T16:22:18.710-0500] {processor.py:161} INFO - Started process (PID=59618) to work on /Users/naga/Desktop/airflow_env/lib/python3.12/site-packages/airflow/example_dags/example_params_trigger_ui.py
[2026-06-21T16:22:18.710-0500] {processor.py:830} INFO - Processing file /Users/naga/Desktop/airflow_env/lib/python3.12/site-packages/airflow/example_dags/example_params_trigger_ui.py for tasks to queue
[2026-06-21T16:22:18.711-0500] {logging_mixin.py:188} INFO - [2026-06-21T16:22:18.711-0500] {dagbag.py:545} INFO - Filling up the DagBag from /Users/naga/Desktop/airflow_env/lib/python3.12/site-packages/airflow/example_dags/example_params_trigger_ui.py
[2026-06-21T16:22:18.732-0500] {processor.py:840} INFO - DAG(s) 'example_params_trigger_ui' retrieved from /Users/naga/Desktop/airflow_env/lib/python3.12/site-packages/airflow/example_dags/example_params_trigger_ui.py
[2026-06-21T16:22:18.786-0500] {logging_mixin.py:188} INFO - [2026-06-21T16:22:18.786-0500] {dag.py:3089} INFO - Sync 1 DAGs
[2026-06-21T16:22:18.791-0500] {logging_mixin.py:188} INFO - [2026-06-21T16:22:18.791-0500] {dag.py:3947} INFO - Setting next_dagrun for example_params_trigger_ui to None, run_after=None
[2026-06-21T16:22:18.799-0500] {processor.py:183} INFO - Processing /Users/naga/Desktop/airflow_env/lib/python3.12/site-packages/airflow/example_dags/example_params_trigger_ui.py took 0.091 seconds
[2026-06-21T16:24:27.732-0500] {processor.py:161} INFO - Started process (PID=59743) to work on /Users/naga/Desktop/airflow_env/lib/python3.12/site-packages/airflow/example_dags/example_params_trigger_ui.py
[2026-06-21T16:24:27.733-0500] {processor.py:830} INFO - Processing file /Users/naga/Desktop/airflow_env/lib/python3.12/site-packages/airflow/example_dags/example_params_trigger_ui.py for tasks to queue
[2026-06-21T16:24:27.734-0500] {logging_mixin.py:188} INFO - [2026-06-21T16:24:27.734-0500] {dagbag.py:545} INFO - Filling up the DagBag from /Users/naga/Desktop/airflow_env/lib/python3.12/site-packages/airflow/example_dags/example_params_trigger_ui.py
[2026-06-21T16:24:27.755-0500] {processor.py:840} INFO - DAG(s) 'example_params_trigger_ui' retrieved from /Users/naga/Desktop/airflow_env/lib/python3.12/site-packages/airflow/example_dags/example_params_trigger_ui.py
[2026-06-21T16:24:27.810-0500] {logging_mixin.py:188} INFO - [2026-06-21T16:24:27.809-0500] {dag.py:3089} INFO - Sync 1 DAGs
[2026-06-21T16:24:27.814-0500] {logging_mixin.py:188} INFO - [2026-06-21T16:24:27.814-0500] {dag.py:3947} INFO - Setting next_dagrun for example_params_trigger_ui to None, run_after=None
[2026-06-21T16:24:27.822-0500] {processor.py:183} INFO - Processing /Users/naga/Desktop/airflow_env/lib/python3.12/site-packages/airflow/example_dags/example_params_trigger_ui.py took 0.092 seconds
[2026-06-21T16:26:45.222-0500] {processor.py:161} INFO - Started process (PID=59901) to work on /Users/naga/Desktop/airflow_env/lib/python3.12/site-packages/airflow/example_dags/example_params_trigger_ui.py
[2026-06-21T16:26:45.222-0500] {processor.py:830} INFO - Processing file /Users/naga/Desktop/airflow_env/lib/python3.12/site-packages/airflow/example_dags/example_params_trigger_ui.py for tasks to queue
[2026-06-21T16:26:45.223-0500] {logging_mixin.py:188} INFO - [2026-06-21T16:26:45.223-0500] {dagbag.py:545} INFO - Filling up the DagBag from /Users/naga/Desktop/airflow_env/lib/python3.12/site-packages/airflow/example_dags/example_params_trigger_ui.py
[2026-06-21T16:26:45.244-0500] {processor.py:840} INFO - DAG(s) 'example_params_trigger_ui' retrieved from /Users/naga/Desktop/airflow_env/lib/python3.12/site-packages/airflow/example_dags/example_params_trigger_ui.py
[2026-06-21T16:26:45.298-0500] {logging_mixin.py:188} INFO - [2026-06-21T16:26:45.298-0500] {dag.py:3089} INFO - Sync 1 DAGs
[2026-06-21T16:26:45.302-0500] {logging_mixin.py:188} INFO - [2026-06-21T16:26:45.302-0500] {dag.py:3947} INFO - Setting next_dagrun for example_params_trigger_ui to None, run_after=None
[2026-06-21T16:26:45.312-0500] {processor.py:183} INFO - Processing /Users/naga/Desktop/airflow_env/lib/python3.12/site-packages/airflow/example_dags/example_params_trigger_ui.py took 0.092 seconds
[2026-06-21T16:28:56.426-0500] {processor.py:161} INFO - Started process (PID=60037) to work on /Users/naga/Desktop/airflow_env/lib/python3.12/site-packages/airflow/example_dags/example_params_trigger_ui.py
[2026-06-21T16:28:56.427-0500] {processor.py:830} INFO - Processing file /Users/naga/Desktop/airflow_env/lib/python3.12/site-packages/airflow/example_dags/example_params_trigger_ui.py for tasks to queue
[2026-06-21T16:28:56.427-0500] {logging_mixin.py:188} INFO - [2026-06-21T16:28:56.427-0500] {dagbag.py:545} INFO - Filling up the DagBag from /Users/naga/Desktop/airflow_env/lib/python3.12/site-packages/airflow/example_dags/example_params_trigger_ui.py
[2026-06-21T16:28:56.447-0500] {processor.py:840} INFO - DAG(s) 'example_params_trigger_ui' retrieved from /Users/naga/Desktop/airflow_env/lib/python3.12/site-packages/airflow/example_dags/example_params_trigger_ui.py
[2026-06-21T16:28:56.501-0500] {logging_mixin.py:188} INFO - [2026-06-21T16:28:56.500-0500] {dag.py:3089} INFO - Sync 1 DAGs
[2026-06-21T16:28:56.505-0500] {logging_mixin.py:188} INFO - [2026-06-21T16:28:56.505-0500] {dag.py:3947} INFO - Setting next_dagrun for example_params_trigger_ui to None, run_after=None
[2026-06-21T16:28:56.513-0500] {processor.py:183} INFO - Processing /Users/naga/Desktop/airflow_env/lib/python3.12/site-packages/airflow/example_dags/example_params_trigger_ui.py took 0.088 seconds
[2026-06-21T16:31:04.275-0500] {processor.py:161} INFO - Started process (PID=60147) to work on /Users/naga/Desktop/airflow_env/lib/python3.12/site-packages/airflow/example_dags/example_params_trigger_ui.py
[2026-06-21T16:31:04.276-0500] {processor.py:830} INFO - Processing file /Users/naga/Desktop/airflow_env/lib/python3.12/site-packages/airflow/example_dags/example_params_trigger_ui.py for tasks to queue
[2026-06-21T16:31:04.277-0500] {logging_mixin.py:188} INFO - [2026-06-21T16:31:04.277-0500] {dagbag.py:545} INFO - Filling up the DagBag from /Users/naga/Desktop/airflow_env/lib/python3.12/site-packages/airflow/example_dags/example_params_trigger_ui.py
[2026-06-21T16:31:04.297-0500] {processor.py:840} INFO - DAG(s) 'example_params_trigger_ui' retrieved from /Users/naga/Desktop/airflow_env/lib/python3.12/site-packages/airflow/example_dags/example_params_trigger_ui.py
[2026-06-21T16:31:04.350-0500] {logging_mixin.py:188} INFO - [2026-06-21T16:31:04.350-0500] {dag.py:3089} INFO - Sync 1 DAGs
[2026-06-21T16:31:04.354-0500] {logging_mixin.py:188} INFO - [2026-06-21T16:31:04.354-0500] {dag.py:3947} INFO - Setting next_dagrun for example_params_trigger_ui to None, run_after=None
[2026-06-21T16:31:04.362-0500] {processor.py:183} INFO - Processing /Users/naga/Desktop/airflow_env/lib/python3.12/site-packages/airflow/example_dags/example_params_trigger_ui.py took 0.088 seconds
[2026-06-21T16:33:07.558-0500] {processor.py:161} INFO - Started process (PID=60303) to work on /Users/naga/Desktop/airflow_env/lib/python3.12/site-packages/airflow/example_dags/example_params_trigger_ui.py
[2026-06-21T16:33:07.558-0500] {processor.py:830} INFO - Processing file /Users/naga/Desktop/airflow_env/lib/python3.12/site-packages/airflow/example_dags/example_params_trigger_ui.py for tasks to queue
[2026-06-21T16:33:07.559-0500] {logging_mixin.py:188} INFO - [2026-06-21T16:33:07.559-0500] {dagbag.py:545} INFO - Filling up the DagBag from /Users/naga/Desktop/airflow_env/lib/python3.12/site-packages/airflow/example_dags/example_params_trigger_ui.py
[2026-06-21T16:33:07.581-0500] {processor.py:840} INFO - DAG(s) 'example_params_trigger_ui' retrieved from /Users/naga/Desktop/airflow_env/lib/python3.12/site-packages/airflow/example_dags/example_params_trigger_ui.py
[2026-06-21T16:33:07.637-0500] {logging_mixin.py:188} INFO - [2026-06-21T16:33:07.637-0500] {dag.py:3089} INFO - Sync 1 DAGs
[2026-06-21T16:33:07.642-0500] {logging_mixin.py:188} INFO - [2026-06-21T16:33:07.642-0500] {dag.py:3947} INFO - Setting next_dagrun for example_params_trigger_ui to None, run_after=None
[2026-06-21T16:33:07.651-0500] {processor.py:183} INFO - Processing /Users/naga/Desktop/airflow_env/lib/python3.12/site-packages/airflow/example_dags/example_params_trigger_ui.py took 0.094 seconds
[2026-06-21T16:35:13.600-0500] {processor.py:161} INFO - Started process (PID=60420) to work on /Users/naga/Desktop/airflow_env/lib/python3.12/site-packages/airflow/example_dags/example_params_trigger_ui.py
[2026-06-21T16:35:13.601-0500] {processor.py:830} INFO - Processing file /Users/naga/Desktop/airflow_env/lib/python3.12/site-packages/airflow/example_dags/example_params_trigger_ui.py for tasks to queue
[2026-06-21T16:35:13.601-0500] {logging_mixin.py:188} INFO - [2026-06-21T16:35:13.601-0500] {dagbag.py:545} INFO - Filling up the DagBag from /Users/naga/Desktop/airflow_env/lib/python3.12/site-packages/airflow/example_dags/example_params_trigger_ui.py
[2026-06-21T16:35:13.622-0500] {processor.py:840} INFO - DAG(s) 'example_params_trigger_ui' retrieved from /Users/naga/Desktop/airflow_env/lib/python3.12/site-packages/airflow/example_dags/example_params_trigger_ui.py
[2026-06-21T16:35:13.677-0500] {logging_mixin.py:188} INFO - [2026-06-21T16:35:13.677-0500] {dag.py:3089} INFO - Sync 1 DAGs
[2026-06-21T16:35:13.682-0500] {logging_mixin.py:188} INFO - [2026-06-21T16:35:13.682-0500] {dag.py:3947} INFO - Setting next_dagrun for example_params_trigger_ui to None, run_after=None
[2026-06-21T16:35:13.690-0500] {processor.py:183} INFO - Processing /Users/naga/Desktop/airflow_env/lib/python3.12/site-packages/airflow/example_dags/example_params_trigger_ui.py took 0.092 seconds
[2026-06-21T16:37:16.853-0500] {processor.py:161} INFO - Started process (PID=60558) to work on /Users/naga/Desktop/airflow_env/lib/python3.12/site-packages/airflow/example_dags/example_params_trigger_ui.py
[2026-06-21T16:37:16.854-0500] {processor.py:830} INFO - Processing file /Users/naga/Desktop/airflow_env/lib/python3.12/site-packages/airflow/example_dags/example_params_trigger_ui.py for tasks to queue
[2026-06-21T16:37:16.854-0500] {logging_mixin.py:188} INFO - [2026-06-21T16:37:16.854-0500] {dagbag.py:545} INFO - Filling up the DagBag from /Users/naga/Desktop/airflow_env/lib/python3.12/site-packages/airflow/example_dags/example_params_trigger_ui.py
[2026-06-21T16:37:16.875-0500] {processor.py:840} INFO - DAG(s) 'example_params_trigger_ui' retrieved from /Users/naga/Desktop/airflow_env/lib/python3.12/site-packages/airflow/example_dags/example_params_trigger_ui.py
[2026-06-21T16:37:16.928-0500] {logging_mixin.py:188} INFO - [2026-06-21T16:37:16.928-0500] {dag.py:3089} INFO - Sync 1 DAGs
[2026-06-21T16:37:16.933-0500] {logging_mixin.py:188} INFO - [2026-06-21T16:37:16.933-0500] {dag.py:3947} INFO - Setting next_dagrun for example_params_trigger_ui to None, run_after=None
[2026-06-21T16:37:16.941-0500] {processor.py:183} INFO - Processing /Users/naga/Desktop/airflow_env/lib/python3.12/site-packages/airflow/example_dags/example_params_trigger_ui.py took 0.089 seconds
[2026-06-21T16:39:22.291-0500] {processor.py:161} INFO - Started process (PID=60678) to work on /Users/naga/Desktop/airflow_env/lib/python3.12/site-packages/airflow/example_dags/example_params_trigger_ui.py
[2026-06-21T16:39:22.293-0500] {processor.py:830} INFO - Processing file /Users/naga/Desktop/airflow_env/lib/python3.12/site-packages/airflow/example_dags/example_params_trigger_ui.py for tasks to queue
[2026-06-21T16:39:22.293-0500] {logging_mixin.py:188} INFO - [2026-06-21T16:39:22.293-0500] {dagbag.py:545} INFO - Filling up the DagBag from /Users/naga/Desktop/airflow_env/lib/python3.12/site-packages/airflow/example_dags/example_params_trigger_ui.py
[2026-06-21T16:39:22.324-0500] {processor.py:840} INFO - DAG(s) 'example_params_trigger_ui' retrieved from /Users/naga/Desktop/airflow_env/lib/python3.12/site-packages/airflow/example_dags/example_params_trigger_ui.py
[2026-06-21T16:39:22.379-0500] {logging_mixin.py:188} INFO - [2026-06-21T16:39:22.379-0500] {dag.py:3089} INFO - Sync 1 DAGs
[2026-06-21T16:39:22.384-0500] {logging_mixin.py:188} INFO - [2026-06-21T16:39:22.384-0500] {dag.py:3947} INFO - Setting next_dagrun for example_params_trigger_ui to None, run_after=None
[2026-06-21T16:39:22.392-0500] {processor.py:183} INFO - Processing /Users/naga/Desktop/airflow_env/lib/python3.12/site-packages/airflow/example_dags/example_params_trigger_ui.py took 0.102 seconds
[2026-06-21T16:43:11.437-0500] {processor.py:161} INFO - Started process (PID=60859) to work on /Users/naga/Desktop/airflow_env/lib/python3.12/site-packages/airflow/example_dags/example_params_trigger_ui.py
[2026-06-21T16:43:11.438-0500] {processor.py:830} INFO - Processing file /Users/naga/Desktop/airflow_env/lib/python3.12/site-packages/airflow/example_dags/example_params_trigger_ui.py for tasks to queue
[2026-06-21T16:43:11.439-0500] {logging_mixin.py:188} INFO - [2026-06-21T16:43:11.439-0500] {dagbag.py:545} INFO - Filling up the DagBag from /Users/naga/Desktop/airflow_env/lib/python3.12/site-packages/airflow/example_dags/example_params_trigger_ui.py
[2026-06-21T16:43:11.474-0500] {processor.py:840} INFO - DAG(s) 'example_params_trigger_ui' retrieved from /Users/naga/Desktop/airflow_env/lib/python3.12/site-packages/airflow/example_dags/example_params_trigger_ui.py
[2026-06-21T16:43:11.566-0500] {logging_mixin.py:188} INFO - [2026-06-21T16:43:11.566-0500] {dag.py:3089} INFO - Sync 1 DAGs
[2026-06-21T16:43:11.573-0500] {logging_mixin.py:188} INFO - [2026-06-21T16:43:11.573-0500] {dag.py:3947} INFO - Setting next_dagrun for example_params_trigger_ui to None, run_after=None
[2026-06-21T16:43:11.588-0500] {processor.py:183} INFO - Processing /Users/naga/Desktop/airflow_env/lib/python3.12/site-packages/airflow/example_dags/example_params_trigger_ui.py took 0.154 seconds
[2026-06-21T16:45:04.908-0500] {processor.py:161} INFO - Started process (PID=60950) to work on /Users/naga/Desktop/airflow_env/lib/python3.12/site-packages/airflow/example_dags/example_params_trigger_ui.py
[2026-06-21T16:45:04.910-0500] {processor.py:830} INFO - Processing file /Users/naga/Desktop/airflow_env/lib/python3.12/site-packages/airflow/example_dags/example_params_trigger_ui.py for tasks to queue
[2026-06-21T16:45:04.910-0500] {logging_mixin.py:188} INFO - [2026-06-21T16:45:04.910-0500] {dagbag.py:545} INFO - Filling up the DagBag from /Users/naga/Desktop/airflow_env/lib/python3.12/site-packages/airflow/example_dags/example_params_trigger_ui.py
[2026-06-21T16:45:04.947-0500] {processor.py:840} INFO - DAG(s) 'example_params_trigger_ui' retrieved from /Users/naga/Desktop/airflow_env/lib/python3.12/site-packages/airflow/example_dags/example_params_trigger_ui.py
[2026-06-21T16:45:05.037-0500] {logging_mixin.py:188} INFO - [2026-06-21T16:45:05.037-0500] {dag.py:3089} INFO - Sync 1 DAGs
[2026-06-21T16:45:05.044-0500] {logging_mixin.py:188} INFO - [2026-06-21T16:45:05.044-0500] {dag.py:3947} INFO - Setting next_dagrun for example_params_trigger_ui to None, run_after=None
[2026-06-21T16:45:05.057-0500] {processor.py:183} INFO - Processing /Users/naga/Desktop/airflow_env/lib/python3.12/site-packages/airflow/example_dags/example_params_trigger_ui.py took 0.151 seconds
[2026-06-21T18:45:17.262-0500] {processor.py:161} INFO - Started process (PID=61127) to work on /Users/naga/Desktop/airflow_env/lib/python3.12/site-packages/airflow/example_dags/example_params_trigger_ui.py
[2026-06-21T18:45:17.263-0500] {processor.py:830} INFO - Processing file /Users/naga/Desktop/airflow_env/lib/python3.12/site-packages/airflow/example_dags/example_params_trigger_ui.py for tasks to queue
[2026-06-21T18:45:17.264-0500] {logging_mixin.py:188} INFO - [2026-06-21T18:45:17.264-0500] {dagbag.py:545} INFO - Filling up the DagBag from /Users/naga/Desktop/airflow_env/lib/python3.12/site-packages/airflow/example_dags/example_params_trigger_ui.py
[2026-06-21T18:45:17.299-0500] {processor.py:840} INFO - DAG(s) 'example_params_trigger_ui' retrieved from /Users/naga/Desktop/airflow_env/lib/python3.12/site-packages/airflow/example_dags/example_params_trigger_ui.py
[2026-06-21T18:45:17.392-0500] {logging_mixin.py:188} INFO - [2026-06-21T18:45:17.392-0500] {dag.py:3089} INFO - Sync 1 DAGs
[2026-06-21T18:45:17.400-0500] {logging_mixin.py:188} INFO - [2026-06-21T18:45:17.400-0500] {dag.py:3947} INFO - Setting next_dagrun for example_params_trigger_ui to None, run_after=None
[2026-06-21T18:45:17.415-0500] {processor.py:183} INFO - Processing /Users/naga/Desktop/airflow_env/lib/python3.12/site-packages/airflow/example_dags/example_params_trigger_ui.py took 0.155 seconds
[2026-06-21T18:57:19.594-0500] {processor.py:161} INFO - Started process (PID=61359) to work on /Users/naga/Desktop/airflow_env/lib/python3.12/site-packages/airflow/example_dags/example_params_trigger_ui.py
[2026-06-21T18:57:19.596-0500] {processor.py:830} INFO - Processing file /Users/naga/Desktop/airflow_env/lib/python3.12/site-packages/airflow/example_dags/example_params_trigger_ui.py for tasks to queue
[2026-06-21T18:57:19.596-0500] {logging_mixin.py:188} INFO - [2026-06-21T18:57:19.596-0500] {dagbag.py:545} INFO - Filling up the DagBag from /Users/naga/Desktop/airflow_env/lib/python3.12/site-packages/airflow/example_dags/example_params_trigger_ui.py
[2026-06-21T18:57:19.630-0500] {processor.py:840} INFO - DAG(s) 'example_params_trigger_ui' retrieved from /Users/naga/Desktop/airflow_env/lib/python3.12/site-packages/airflow/example_dags/example_params_trigger_ui.py
[2026-06-21T18:57:19.720-0500] {logging_mixin.py:188} INFO - [2026-06-21T18:57:19.720-0500] {dag.py:3089} INFO - Sync 1 DAGs
[2026-06-21T18:57:19.727-0500] {logging_mixin.py:188} INFO - [2026-06-21T18:57:19.727-0500] {dag.py:3947} INFO - Setting next_dagrun for example_params_trigger_ui to None, run_after=None
[2026-06-21T18:57:19.740-0500] {processor.py:183} INFO - Processing /Users/naga/Desktop/airflow_env/lib/python3.12/site-packages/airflow/example_dags/example_params_trigger_ui.py took 0.148 seconds
