[2026-06-21T14:45:14.483-0500] {processor.py:161} INFO - Started process (PID=54346) to work on /Users/naga/Desktop/airflow_env/lib/python3.12/site-packages/airflow/example_dags/example_display_name.py
[2026-06-21T14:45:14.484-0500] {processor.py:830} INFO - Processing file /Users/naga/Desktop/airflow_env/lib/python3.12/site-packages/airflow/example_dags/example_display_name.py for tasks to queue
[2026-06-21T14:45:14.484-0500] {logging_mixin.py:188} INFO - [2026-06-21T14:45:14.484-0500] {dagbag.py:545} INFO - Filling up the DagBag from /Users/naga/Desktop/airflow_env/lib/python3.12/site-packages/airflow/example_dags/example_display_name.py
[2026-06-21T14:45:14.517-0500] {processor.py:840} INFO - DAG(s) 'example_display_name' retrieved from /Users/naga/Desktop/airflow_env/lib/python3.12/site-packages/airflow/example_dags/example_display_name.py
[2026-06-21T14:45:14.652-0500] {logging_mixin.py:188} INFO - [2026-06-21T14:45:14.652-0500] {override.py:1858} INFO - Created Permission View: can delete on DAG:example_display_name
[2026-06-21T14:45:14.658-0500] {logging_mixin.py:188} INFO - [2026-06-21T14:45:14.658-0500] {override.py:1858} INFO - Created Permission View: can read on DAG:example_display_name
[2026-06-21T14:45:14.662-0500] {logging_mixin.py:188} INFO - [2026-06-21T14:45:14.662-0500] {override.py:1858} INFO - Created Permission View: can edit on DAG:example_display_name
[2026-06-21T14:45:14.662-0500] {logging_mixin.py:188} INFO - [2026-06-21T14:45:14.662-0500] {dag.py:3089} INFO - Sync 1 DAGs
[2026-06-21T14:45:14.671-0500] {logging_mixin.py:188} INFO - [2026-06-21T14:45:14.671-0500] {dag.py:3111} INFO - Creating ORM DAG for example_display_name
[2026-06-21T14:45:14.671-0500] {logging_mixin.py:188} INFO - [2026-06-21T14:45:14.671-0500] {dag.py:3947} INFO - Setting next_dagrun for example_display_name to None, run_after=None
[2026-06-21T14:45:14.683-0500] {processor.py:183} INFO - Processing /Users/naga/Desktop/airflow_env/lib/python3.12/site-packages/airflow/example_dags/example_display_name.py took 0.202 seconds
[2026-06-21T14:48:21.924-0500] {processor.py:161} INFO - Started process (PID=54517) to work on /Users/naga/Desktop/airflow_env/lib/python3.12/site-packages/airflow/example_dags/example_display_name.py
[2026-06-21T14:48:21.926-0500] {processor.py:830} INFO - Processing file /Users/naga/Desktop/airflow_env/lib/python3.12/site-packages/airflow/example_dags/example_display_name.py for tasks to queue
[2026-06-21T14:48:21.926-0500] {logging_mixin.py:188} INFO - [2026-06-21T14:48:21.926-0500] {dagbag.py:545} INFO - Filling up the DagBag from /Users/naga/Desktop/airflow_env/lib/python3.12/site-packages/airflow/example_dags/example_display_name.py
[2026-06-21T14:48:21.960-0500] {processor.py:840} INFO - DAG(s) 'example_display_name' retrieved from /Users/naga/Desktop/airflow_env/lib/python3.12/site-packages/airflow/example_dags/example_display_name.py
[2026-06-21T14:48:22.037-0500] {logging_mixin.py:188} INFO - [2026-06-21T14:48:22.036-0500] {dag.py:3089} INFO - Sync 1 DAGs
[2026-06-21T14:48:22.044-0500] {logging_mixin.py:188} INFO - [2026-06-21T14:48:22.044-0500] {dag.py:3947} INFO - Setting next_dagrun for example_display_name to None, run_after=None
[2026-06-21T14:48:22.059-0500] {processor.py:183} INFO - Processing /Users/naga/Desktop/airflow_env/lib/python3.12/site-packages/airflow/example_dags/example_display_name.py took 0.137 seconds
[2026-06-21T14:51:17.701-0500] {processor.py:161} INFO - Started process (PID=54707) to work on /Users/naga/Desktop/airflow_env/lib/python3.12/site-packages/airflow/example_dags/example_display_name.py
[2026-06-21T14:51:17.702-0500] {processor.py:830} INFO - Processing file /Users/naga/Desktop/airflow_env/lib/python3.12/site-packages/airflow/example_dags/example_display_name.py for tasks to queue
[2026-06-21T14:51:17.703-0500] {logging_mixin.py:188} INFO - [2026-06-21T14:51:17.703-0500] {dagbag.py:545} INFO - Filling up the DagBag from /Users/naga/Desktop/airflow_env/lib/python3.12/site-packages/airflow/example_dags/example_display_name.py
[2026-06-21T14:51:17.735-0500] {processor.py:840} INFO - DAG(s) 'example_display_name' retrieved from /Users/naga/Desktop/airflow_env/lib/python3.12/site-packages/airflow/example_dags/example_display_name.py
[2026-06-21T14:51:17.806-0500] {logging_mixin.py:188} INFO - [2026-06-21T14:51:17.806-0500] {dag.py:3089} INFO - Sync 1 DAGs
[2026-06-21T14:51:17.814-0500] {logging_mixin.py:188} INFO - [2026-06-21T14:51:17.814-0500] {dag.py:3947} INFO - Setting next_dagrun for example_display_name to None, run_after=None
[2026-06-21T14:51:17.828-0500] {processor.py:183} INFO - Processing /Users/naga/Desktop/airflow_env/lib/python3.12/site-packages/airflow/example_dags/example_display_name.py took 0.129 seconds
[2026-06-21T14:54:13.626-0500] {processor.py:161} INFO - Started process (PID=54857) to work on /Users/naga/Desktop/airflow_env/lib/python3.12/site-packages/airflow/example_dags/example_display_name.py
[2026-06-21T14:54:13.627-0500] {processor.py:830} INFO - Processing file /Users/naga/Desktop/airflow_env/lib/python3.12/site-packages/airflow/example_dags/example_display_name.py for tasks to queue
[2026-06-21T14:54:13.628-0500] {logging_mixin.py:188} INFO - [2026-06-21T14:54:13.627-0500] {dagbag.py:545} INFO - Filling up the DagBag from /Users/naga/Desktop/airflow_env/lib/python3.12/site-packages/airflow/example_dags/example_display_name.py
[2026-06-21T14:54:13.661-0500] {processor.py:840} INFO - DAG(s) 'example_display_name' retrieved from /Users/naga/Desktop/airflow_env/lib/python3.12/site-packages/airflow/example_dags/example_display_name.py
[2026-06-21T14:54:13.733-0500] {logging_mixin.py:188} INFO - [2026-06-21T14:54:13.733-0500] {dag.py:3089} INFO - Sync 1 DAGs
[2026-06-21T14:54:13.741-0500] {logging_mixin.py:188} INFO - [2026-06-21T14:54:13.741-0500] {dag.py:3947} INFO - Setting next_dagrun for example_display_name to None, run_after=None
[2026-06-21T14:54:13.754-0500] {processor.py:183} INFO - Processing /Users/naga/Desktop/airflow_env/lib/python3.12/site-packages/airflow/example_dags/example_display_name.py took 0.131 seconds
[2026-06-21T14:57:26.768-0500] {processor.py:161} INFO - Started process (PID=55238) to work on /Users/naga/Desktop/airflow_env/lib/python3.12/site-packages/airflow/example_dags/example_display_name.py
[2026-06-21T14:57:26.769-0500] {processor.py:830} INFO - Processing file /Users/naga/Desktop/airflow_env/lib/python3.12/site-packages/airflow/example_dags/example_display_name.py for tasks to queue
[2026-06-21T14:57:26.770-0500] {logging_mixin.py:188} INFO - [2026-06-21T14:57:26.770-0500] {dagbag.py:545} INFO - Filling up the DagBag from /Users/naga/Desktop/airflow_env/lib/python3.12/site-packages/airflow/example_dags/example_display_name.py
[2026-06-21T14:57:26.802-0500] {processor.py:840} INFO - DAG(s) 'example_display_name' retrieved from /Users/naga/Desktop/airflow_env/lib/python3.12/site-packages/airflow/example_dags/example_display_name.py
[2026-06-21T14:57:26.874-0500] {logging_mixin.py:188} INFO - [2026-06-21T14:57:26.874-0500] {dag.py:3089} INFO - Sync 1 DAGs
[2026-06-21T14:57:26.881-0500] {logging_mixin.py:188} INFO - [2026-06-21T14:57:26.881-0500] {dag.py:3947} INFO - Setting next_dagrun for example_display_name to None, run_after=None
[2026-06-21T14:57:26.894-0500] {processor.py:183} INFO - Processing /Users/naga/Desktop/airflow_env/lib/python3.12/site-packages/airflow/example_dags/example_display_name.py took 0.129 seconds
[2026-06-21T15:00:39.109-0500] {processor.py:161} INFO - Started process (PID=55402) to work on /Users/naga/Desktop/airflow_env/lib/python3.12/site-packages/airflow/example_dags/example_display_name.py
[2026-06-21T15:00:39.110-0500] {processor.py:830} INFO - Processing file /Users/naga/Desktop/airflow_env/lib/python3.12/site-packages/airflow/example_dags/example_display_name.py for tasks to queue
[2026-06-21T15:00:39.110-0500] {logging_mixin.py:188} INFO - [2026-06-21T15:00:39.110-0500] {dagbag.py:545} INFO - Filling up the DagBag from /Users/naga/Desktop/airflow_env/lib/python3.12/site-packages/airflow/example_dags/example_display_name.py
[2026-06-21T15:00:39.143-0500] {processor.py:840} INFO - DAG(s) 'example_display_name' retrieved from /Users/naga/Desktop/airflow_env/lib/python3.12/site-packages/airflow/example_dags/example_display_name.py
[2026-06-21T15:00:39.215-0500] {logging_mixin.py:188} INFO - [2026-06-21T15:00:39.215-0500] {dag.py:3089} INFO - Sync 1 DAGs
[2026-06-21T15:00:39.222-0500] {logging_mixin.py:188} INFO - [2026-06-21T15:00:39.222-0500] {dag.py:3947} INFO - Setting next_dagrun for example_display_name to None, run_after=None
[2026-06-21T15:00:39.237-0500] {processor.py:183} INFO - Processing /Users/naga/Desktop/airflow_env/lib/python3.12/site-packages/airflow/example_dags/example_display_name.py took 0.130 seconds
[2026-06-21T15:03:43.599-0500] {processor.py:161} INFO - Started process (PID=55560) to work on /Users/naga/Desktop/airflow_env/lib/python3.12/site-packages/airflow/example_dags/example_display_name.py
[2026-06-21T15:03:43.600-0500] {processor.py:830} INFO - Processing file /Users/naga/Desktop/airflow_env/lib/python3.12/site-packages/airflow/example_dags/example_display_name.py for tasks to queue
[2026-06-21T15:03:43.601-0500] {logging_mixin.py:188} INFO - [2026-06-21T15:03:43.601-0500] {dagbag.py:545} INFO - Filling up the DagBag from /Users/naga/Desktop/airflow_env/lib/python3.12/site-packages/airflow/example_dags/example_display_name.py
[2026-06-21T15:03:43.632-0500] {processor.py:840} INFO - DAG(s) 'example_display_name' retrieved from /Users/naga/Desktop/airflow_env/lib/python3.12/site-packages/airflow/example_dags/example_display_name.py
[2026-06-21T15:03:43.704-0500] {logging_mixin.py:188} INFO - [2026-06-21T15:03:43.704-0500] {dag.py:3089} INFO - Sync 1 DAGs
[2026-06-21T15:03:43.711-0500] {logging_mixin.py:188} INFO - [2026-06-21T15:03:43.711-0500] {dag.py:3947} INFO - Setting next_dagrun for example_display_name to None, run_after=None
[2026-06-21T15:03:43.725-0500] {processor.py:183} INFO - Processing /Users/naga/Desktop/airflow_env/lib/python3.12/site-packages/airflow/example_dags/example_display_name.py took 0.129 seconds
[2026-06-21T15:06:49.197-0500] {processor.py:161} INFO - Started process (PID=55705) to work on /Users/naga/Desktop/airflow_env/lib/python3.12/site-packages/airflow/example_dags/example_display_name.py
[2026-06-21T15:06:49.198-0500] {processor.py:830} INFO - Processing file /Users/naga/Desktop/airflow_env/lib/python3.12/site-packages/airflow/example_dags/example_display_name.py for tasks to queue
[2026-06-21T15:06:49.199-0500] {logging_mixin.py:188} INFO - [2026-06-21T15:06:49.198-0500] {dagbag.py:545} INFO - Filling up the DagBag from /Users/naga/Desktop/airflow_env/lib/python3.12/site-packages/airflow/example_dags/example_display_name.py
[2026-06-21T15:06:49.231-0500] {processor.py:840} INFO - DAG(s) 'example_display_name' retrieved from /Users/naga/Desktop/airflow_env/lib/python3.12/site-packages/airflow/example_dags/example_display_name.py
[2026-06-21T15:06:49.303-0500] {logging_mixin.py:188} INFO - [2026-06-21T15:06:49.303-0500] {dag.py:3089} INFO - Sync 1 DAGs
[2026-06-21T15:06:49.310-0500] {logging_mixin.py:188} INFO - [2026-06-21T15:06:49.310-0500] {dag.py:3947} INFO - Setting next_dagrun for example_display_name to None, run_after=None
[2026-06-21T15:06:49.325-0500] {processor.py:183} INFO - Processing /Users/naga/Desktop/airflow_env/lib/python3.12/site-packages/airflow/example_dags/example_display_name.py took 0.130 seconds
[2026-06-21T15:09:55.029-0500] {processor.py:161} INFO - Started process (PID=55824) to work on /Users/naga/Desktop/airflow_env/lib/python3.12/site-packages/airflow/example_dags/example_display_name.py
[2026-06-21T15:09:55.031-0500] {processor.py:830} INFO - Processing file /Users/naga/Desktop/airflow_env/lib/python3.12/site-packages/airflow/example_dags/example_display_name.py for tasks to queue
[2026-06-21T15:09:55.031-0500] {logging_mixin.py:188} INFO - [2026-06-21T15:09:55.031-0500] {dagbag.py:545} INFO - Filling up the DagBag from /Users/naga/Desktop/airflow_env/lib/python3.12/site-packages/airflow/example_dags/example_display_name.py
[2026-06-21T15:09:55.065-0500] {processor.py:840} INFO - DAG(s) 'example_display_name' retrieved from /Users/naga/Desktop/airflow_env/lib/python3.12/site-packages/airflow/example_dags/example_display_name.py
[2026-06-21T15:09:55.139-0500] {logging_mixin.py:188} INFO - [2026-06-21T15:09:55.138-0500] {dag.py:3089} INFO - Sync 1 DAGs
[2026-06-21T15:09:55.146-0500] {logging_mixin.py:188} INFO - [2026-06-21T15:09:55.145-0500] {dag.py:3947} INFO - Setting next_dagrun for example_display_name to None, run_after=None
[2026-06-21T15:09:55.160-0500] {processor.py:183} INFO - Processing /Users/naga/Desktop/airflow_env/lib/python3.12/site-packages/airflow/example_dags/example_display_name.py took 0.133 seconds
[2026-06-21T15:13:06.684-0500] {processor.py:161} INFO - Started process (PID=56094) to work on /Users/naga/Desktop/airflow_env/lib/python3.12/site-packages/airflow/example_dags/example_display_name.py
[2026-06-21T15:13:06.685-0500] {processor.py:830} INFO - Processing file /Users/naga/Desktop/airflow_env/lib/python3.12/site-packages/airflow/example_dags/example_display_name.py for tasks to queue
[2026-06-21T15:13:06.685-0500] {logging_mixin.py:188} INFO - [2026-06-21T15:13:06.685-0500] {dagbag.py:545} INFO - Filling up the DagBag from /Users/naga/Desktop/airflow_env/lib/python3.12/site-packages/airflow/example_dags/example_display_name.py
[2026-06-21T15:13:06.706-0500] {processor.py:840} INFO - DAG(s) 'example_display_name' retrieved from /Users/naga/Desktop/airflow_env/lib/python3.12/site-packages/airflow/example_dags/example_display_name.py
[2026-06-21T15:13:06.749-0500] {logging_mixin.py:188} INFO - [2026-06-21T15:13:06.749-0500] {dag.py:3089} INFO - Sync 1 DAGs
[2026-06-21T15:13:06.753-0500] {logging_mixin.py:188} INFO - [2026-06-21T15:13:06.753-0500] {dag.py:3947} INFO - Setting next_dagrun for example_display_name to None, run_after=None
[2026-06-21T15:13:06.762-0500] {processor.py:183} INFO - Processing /Users/naga/Desktop/airflow_env/lib/python3.12/site-packages/airflow/example_dags/example_display_name.py took 0.079 seconds
[2026-06-21T15:15:23.455-0500] {processor.py:161} INFO - Started process (PID=56240) to work on /Users/naga/Desktop/airflow_env/lib/python3.12/site-packages/airflow/example_dags/example_display_name.py
[2026-06-21T15:15:23.456-0500] {processor.py:830} INFO - Processing file /Users/naga/Desktop/airflow_env/lib/python3.12/site-packages/airflow/example_dags/example_display_name.py for tasks to queue
[2026-06-21T15:15:23.457-0500] {logging_mixin.py:188} INFO - [2026-06-21T15:15:23.457-0500] {dagbag.py:545} INFO - Filling up the DagBag from /Users/naga/Desktop/airflow_env/lib/python3.12/site-packages/airflow/example_dags/example_display_name.py
[2026-06-21T15:15:23.476-0500] {processor.py:840} INFO - DAG(s) 'example_display_name' retrieved from /Users/naga/Desktop/airflow_env/lib/python3.12/site-packages/airflow/example_dags/example_display_name.py
[2026-06-21T15:15:23.518-0500] {logging_mixin.py:188} INFO - [2026-06-21T15:15:23.517-0500] {dag.py:3089} INFO - Sync 1 DAGs
[2026-06-21T15:15:23.522-0500] {logging_mixin.py:188} INFO - [2026-06-21T15:15:23.522-0500] {dag.py:3947} INFO - Setting next_dagrun for example_display_name to None, run_after=None
[2026-06-21T15:15:23.529-0500] {processor.py:183} INFO - Processing /Users/naga/Desktop/airflow_env/lib/python3.12/site-packages/airflow/example_dags/example_display_name.py took 0.075 seconds
[2026-06-21T15:32:02.397-0500] {processor.py:161} INFO - Started process (PID=56525) to work on /Users/naga/Desktop/airflow_env/lib/python3.12/site-packages/airflow/example_dags/example_display_name.py
[2026-06-21T15:32:02.399-0500] {processor.py:830} INFO - Processing file /Users/naga/Desktop/airflow_env/lib/python3.12/site-packages/airflow/example_dags/example_display_name.py for tasks to queue
[2026-06-21T15:32:02.399-0500] {logging_mixin.py:188} INFO - [2026-06-21T15:32:02.399-0500] {dagbag.py:545} INFO - Filling up the DagBag from /Users/naga/Desktop/airflow_env/lib/python3.12/site-packages/airflow/example_dags/example_display_name.py
[2026-06-21T15:32:02.431-0500] {processor.py:840} INFO - DAG(s) 'example_display_name' retrieved from /Users/naga/Desktop/airflow_env/lib/python3.12/site-packages/airflow/example_dags/example_display_name.py
[2026-06-21T15:32:02.481-0500] {logging_mixin.py:188} INFO - [2026-06-21T15:32:02.481-0500] {dag.py:3089} INFO - Sync 1 DAGs
[2026-06-21T15:32:02.486-0500] {logging_mixin.py:188} INFO - [2026-06-21T15:32:02.486-0500] {dag.py:3947} INFO - Setting next_dagrun for example_display_name to None, run_after=None
[2026-06-21T15:32:02.504-0500] {processor.py:183} INFO - Processing /Users/naga/Desktop/airflow_env/lib/python3.12/site-packages/airflow/example_dags/example_display_name.py took 0.108 seconds
[2026-06-21T15:34:26.423-0500] {processor.py:161} INFO - Started process (PID=56743) to work on /Users/naga/Desktop/airflow_env/lib/python3.12/site-packages/airflow/example_dags/example_display_name.py
[2026-06-21T15:34:26.424-0500] {processor.py:830} INFO - Processing file /Users/naga/Desktop/airflow_env/lib/python3.12/site-packages/airflow/example_dags/example_display_name.py for tasks to queue
[2026-06-21T15:34:26.424-0500] {logging_mixin.py:188} INFO - [2026-06-21T15:34:26.424-0500] {dagbag.py:545} INFO - Filling up the DagBag from /Users/naga/Desktop/airflow_env/lib/python3.12/site-packages/airflow/example_dags/example_display_name.py
[2026-06-21T15:34:26.444-0500] {processor.py:840} INFO - DAG(s) 'example_display_name' retrieved from /Users/naga/Desktop/airflow_env/lib/python3.12/site-packages/airflow/example_dags/example_display_name.py
[2026-06-21T15:34:26.486-0500] {logging_mixin.py:188} INFO - [2026-06-21T15:34:26.486-0500] {dag.py:3089} INFO - Sync 1 DAGs
[2026-06-21T15:34:26.490-0500] {logging_mixin.py:188} INFO - [2026-06-21T15:34:26.490-0500] {dag.py:3947} INFO - Setting next_dagrun for example_display_name to None, run_after=None
[2026-06-21T15:34:26.499-0500] {processor.py:183} INFO - Processing /Users/naga/Desktop/airflow_env/lib/python3.12/site-packages/airflow/example_dags/example_display_name.py took 0.077 seconds
[2026-06-21T15:36:24.797-0500] {processor.py:161} INFO - Started process (PID=56855) to work on /Users/naga/Desktop/airflow_env/lib/python3.12/site-packages/airflow/example_dags/example_display_name.py
[2026-06-21T15:36:24.797-0500] {processor.py:830} INFO - Processing file /Users/naga/Desktop/airflow_env/lib/python3.12/site-packages/airflow/example_dags/example_display_name.py for tasks to queue
[2026-06-21T15:36:24.798-0500] {logging_mixin.py:188} INFO - [2026-06-21T15:36:24.798-0500] {dagbag.py:545} INFO - Filling up the DagBag from /Users/naga/Desktop/airflow_env/lib/python3.12/site-packages/airflow/example_dags/example_display_name.py
[2026-06-21T15:36:24.817-0500] {processor.py:840} INFO - DAG(s) 'example_display_name' retrieved from /Users/naga/Desktop/airflow_env/lib/python3.12/site-packages/airflow/example_dags/example_display_name.py
[2026-06-21T15:36:24.860-0500] {logging_mixin.py:188} INFO - [2026-06-21T15:36:24.860-0500] {dag.py:3089} INFO - Sync 1 DAGs
[2026-06-21T15:36:24.864-0500] {logging_mixin.py:188} INFO - [2026-06-21T15:36:24.864-0500] {dag.py:3947} INFO - Setting next_dagrun for example_display_name to None, run_after=None
[2026-06-21T15:36:24.872-0500] {processor.py:183} INFO - Processing /Users/naga/Desktop/airflow_env/lib/python3.12/site-packages/airflow/example_dags/example_display_name.py took 0.077 seconds
[2026-06-21T15:38:30.056-0500] {processor.py:161} INFO - Started process (PID=56994) to work on /Users/naga/Desktop/airflow_env/lib/python3.12/site-packages/airflow/example_dags/example_display_name.py
[2026-06-21T15:38:30.057-0500] {processor.py:830} INFO - Processing file /Users/naga/Desktop/airflow_env/lib/python3.12/site-packages/airflow/example_dags/example_display_name.py for tasks to queue
[2026-06-21T15:38:30.058-0500] {logging_mixin.py:188} INFO - [2026-06-21T15:38:30.057-0500] {dagbag.py:545} INFO - Filling up the DagBag from /Users/naga/Desktop/airflow_env/lib/python3.12/site-packages/airflow/example_dags/example_display_name.py
[2026-06-21T15:38:30.077-0500] {processor.py:840} INFO - DAG(s) 'example_display_name' retrieved from /Users/naga/Desktop/airflow_env/lib/python3.12/site-packages/airflow/example_dags/example_display_name.py
[2026-06-21T15:38:30.120-0500] {logging_mixin.py:188} INFO - [2026-06-21T15:38:30.120-0500] {dag.py:3089} INFO - Sync 1 DAGs
[2026-06-21T15:38:30.124-0500] {logging_mixin.py:188} INFO - [2026-06-21T15:38:30.124-0500] {dag.py:3947} INFO - Setting next_dagrun for example_display_name to None, run_after=None
[2026-06-21T15:38:30.133-0500] {processor.py:183} INFO - Processing /Users/naga/Desktop/airflow_env/lib/python3.12/site-packages/airflow/example_dags/example_display_name.py took 0.078 seconds
[2026-06-21T15:40:34.014-0500] {processor.py:161} INFO - Started process (PID=57096) to work on /Users/naga/Desktop/airflow_env/lib/python3.12/site-packages/airflow/example_dags/example_display_name.py
[2026-06-21T15:40:34.014-0500] {processor.py:830} INFO - Processing file /Users/naga/Desktop/airflow_env/lib/python3.12/site-packages/airflow/example_dags/example_display_name.py for tasks to queue
[2026-06-21T15:40:34.015-0500] {logging_mixin.py:188} INFO - [2026-06-21T15:40:34.015-0500] {dagbag.py:545} INFO - Filling up the DagBag from /Users/naga/Desktop/airflow_env/lib/python3.12/site-packages/airflow/example_dags/example_display_name.py
[2026-06-21T15:40:34.035-0500] {processor.py:840} INFO - DAG(s) 'example_display_name' retrieved from /Users/naga/Desktop/airflow_env/lib/python3.12/site-packages/airflow/example_dags/example_display_name.py
[2026-06-21T15:40:34.078-0500] {logging_mixin.py:188} INFO - [2026-06-21T15:40:34.078-0500] {dag.py:3089} INFO - Sync 1 DAGs
[2026-06-21T15:40:34.082-0500] {logging_mixin.py:188} INFO - [2026-06-21T15:40:34.082-0500] {dag.py:3947} INFO - Setting next_dagrun for example_display_name to None, run_after=None
[2026-06-21T15:40:34.090-0500] {processor.py:183} INFO - Processing /Users/naga/Desktop/airflow_env/lib/python3.12/site-packages/airflow/example_dags/example_display_name.py took 0.078 seconds
[2026-06-21T15:42:36.766-0500] {processor.py:161} INFO - Started process (PID=57233) to work on /Users/naga/Desktop/airflow_env/lib/python3.12/site-packages/airflow/example_dags/example_display_name.py
[2026-06-21T15:42:36.767-0500] {processor.py:830} INFO - Processing file /Users/naga/Desktop/airflow_env/lib/python3.12/site-packages/airflow/example_dags/example_display_name.py for tasks to queue
[2026-06-21T15:42:36.767-0500] {logging_mixin.py:188} INFO - [2026-06-21T15:42:36.767-0500] {dagbag.py:545} INFO - Filling up the DagBag from /Users/naga/Desktop/airflow_env/lib/python3.12/site-packages/airflow/example_dags/example_display_name.py
[2026-06-21T15:42:36.786-0500] {processor.py:840} INFO - DAG(s) 'example_display_name' retrieved from /Users/naga/Desktop/airflow_env/lib/python3.12/site-packages/airflow/example_dags/example_display_name.py
[2026-06-21T15:42:36.829-0500] {logging_mixin.py:188} INFO - [2026-06-21T15:42:36.829-0500] {dag.py:3089} INFO - Sync 1 DAGs
[2026-06-21T15:42:36.833-0500] {logging_mixin.py:188} INFO - [2026-06-21T15:42:36.833-0500] {dag.py:3947} INFO - Setting next_dagrun for example_display_name to None, run_after=None
[2026-06-21T15:42:36.841-0500] {processor.py:183} INFO - Processing /Users/naga/Desktop/airflow_env/lib/python3.12/site-packages/airflow/example_dags/example_display_name.py took 0.077 seconds
[2026-06-21T15:44:43.559-0500] {processor.py:161} INFO - Started process (PID=57360) to work on /Users/naga/Desktop/airflow_env/lib/python3.12/site-packages/airflow/example_dags/example_display_name.py
[2026-06-21T15:44:43.560-0500] {processor.py:830} INFO - Processing file /Users/naga/Desktop/airflow_env/lib/python3.12/site-packages/airflow/example_dags/example_display_name.py for tasks to queue
[2026-06-21T15:44:43.560-0500] {logging_mixin.py:188} INFO - [2026-06-21T15:44:43.560-0500] {dagbag.py:545} INFO - Filling up the DagBag from /Users/naga/Desktop/airflow_env/lib/python3.12/site-packages/airflow/example_dags/example_display_name.py
[2026-06-21T15:44:43.580-0500] {processor.py:840} INFO - DAG(s) 'example_display_name' retrieved from /Users/naga/Desktop/airflow_env/lib/python3.12/site-packages/airflow/example_dags/example_display_name.py
[2026-06-21T15:44:43.622-0500] {logging_mixin.py:188} INFO - [2026-06-21T15:44:43.621-0500] {dag.py:3089} INFO - Sync 1 DAGs
[2026-06-21T15:44:43.626-0500] {logging_mixin.py:188} INFO - [2026-06-21T15:44:43.626-0500] {dag.py:3947} INFO - Setting next_dagrun for example_display_name to None, run_after=None
[2026-06-21T15:44:43.633-0500] {processor.py:183} INFO - Processing /Users/naga/Desktop/airflow_env/lib/python3.12/site-packages/airflow/example_dags/example_display_name.py took 0.075 seconds
[2026-06-21T15:46:46.535-0500] {processor.py:161} INFO - Started process (PID=57509) to work on /Users/naga/Desktop/airflow_env/lib/python3.12/site-packages/airflow/example_dags/example_display_name.py
[2026-06-21T15:46:46.535-0500] {processor.py:830} INFO - Processing file /Users/naga/Desktop/airflow_env/lib/python3.12/site-packages/airflow/example_dags/example_display_name.py for tasks to queue
[2026-06-21T15:46:46.536-0500] {logging_mixin.py:188} INFO - [2026-06-21T15:46:46.536-0500] {dagbag.py:545} INFO - Filling up the DagBag from /Users/naga/Desktop/airflow_env/lib/python3.12/site-packages/airflow/example_dags/example_display_name.py
[2026-06-21T15:46:46.554-0500] {processor.py:840} INFO - DAG(s) 'example_display_name' retrieved from /Users/naga/Desktop/airflow_env/lib/python3.12/site-packages/airflow/example_dags/example_display_name.py
[2026-06-21T15:46:46.597-0500] {logging_mixin.py:188} INFO - [2026-06-21T15:46:46.597-0500] {dag.py:3089} INFO - Sync 1 DAGs
[2026-06-21T15:46:46.601-0500] {logging_mixin.py:188} INFO - [2026-06-21T15:46:46.601-0500] {dag.py:3947} INFO - Setting next_dagrun for example_display_name to None, run_after=None
[2026-06-21T15:46:46.610-0500] {processor.py:183} INFO - Processing /Users/naga/Desktop/airflow_env/lib/python3.12/site-packages/airflow/example_dags/example_display_name.py took 0.077 seconds
[2026-06-21T15:48:52.466-0500] {processor.py:161} INFO - Started process (PID=57633) to work on /Users/naga/Desktop/airflow_env/lib/python3.12/site-packages/airflow/example_dags/example_display_name.py
[2026-06-21T15:48:52.467-0500] {processor.py:830} INFO - Processing file /Users/naga/Desktop/airflow_env/lib/python3.12/site-packages/airflow/example_dags/example_display_name.py for tasks to queue
[2026-06-21T15:48:52.467-0500] {logging_mixin.py:188} INFO - [2026-06-21T15:48:52.467-0500] {dagbag.py:545} INFO - Filling up the DagBag from /Users/naga/Desktop/airflow_env/lib/python3.12/site-packages/airflow/example_dags/example_display_name.py
[2026-06-21T15:48:52.486-0500] {processor.py:840} INFO - DAG(s) 'example_display_name' retrieved from /Users/naga/Desktop/airflow_env/lib/python3.12/site-packages/airflow/example_dags/example_display_name.py
[2026-06-21T15:48:52.528-0500] {logging_mixin.py:188} INFO - [2026-06-21T15:48:52.528-0500] {dag.py:3089} INFO - Sync 1 DAGs
[2026-06-21T15:48:52.532-0500] {logging_mixin.py:188} INFO - [2026-06-21T15:48:52.532-0500] {dag.py:3947} INFO - Setting next_dagrun for example_display_name to None, run_after=None
[2026-06-21T15:48:52.540-0500] {processor.py:183} INFO - Processing /Users/naga/Desktop/airflow_env/lib/python3.12/site-packages/airflow/example_dags/example_display_name.py took 0.075 seconds
[2026-06-21T15:50:58.828-0500] {processor.py:161} INFO - Started process (PID=57764) to work on /Users/naga/Desktop/airflow_env/lib/python3.12/site-packages/airflow/example_dags/example_display_name.py
[2026-06-21T15:50:58.829-0500] {processor.py:830} INFO - Processing file /Users/naga/Desktop/airflow_env/lib/python3.12/site-packages/airflow/example_dags/example_display_name.py for tasks to queue
[2026-06-21T15:50:58.829-0500] {logging_mixin.py:188} INFO - [2026-06-21T15:50:58.829-0500] {dagbag.py:545} INFO - Filling up the DagBag from /Users/naga/Desktop/airflow_env/lib/python3.12/site-packages/airflow/example_dags/example_display_name.py
[2026-06-21T15:50:58.848-0500] {processor.py:840} INFO - DAG(s) 'example_display_name' retrieved from /Users/naga/Desktop/airflow_env/lib/python3.12/site-packages/airflow/example_dags/example_display_name.py
[2026-06-21T15:50:58.891-0500] {logging_mixin.py:188} INFO - [2026-06-21T15:50:58.891-0500] {dag.py:3089} INFO - Sync 1 DAGs
[2026-06-21T15:50:58.895-0500] {logging_mixin.py:188} INFO - [2026-06-21T15:50:58.895-0500] {dag.py:3947} INFO - Setting next_dagrun for example_display_name to None, run_after=None
[2026-06-21T15:50:58.904-0500] {processor.py:183} INFO - Processing /Users/naga/Desktop/airflow_env/lib/python3.12/site-packages/airflow/example_dags/example_display_name.py took 0.077 seconds
[2026-06-21T15:53:03.052-0500] {processor.py:161} INFO - Started process (PID=57890) to work on /Users/naga/Desktop/airflow_env/lib/python3.12/site-packages/airflow/example_dags/example_display_name.py
[2026-06-21T15:53:03.053-0500] {processor.py:830} INFO - Processing file /Users/naga/Desktop/airflow_env/lib/python3.12/site-packages/airflow/example_dags/example_display_name.py for tasks to queue
[2026-06-21T15:53:03.054-0500] {logging_mixin.py:188} INFO - [2026-06-21T15:53:03.054-0500] {dagbag.py:545} INFO - Filling up the DagBag from /Users/naga/Desktop/airflow_env/lib/python3.12/site-packages/airflow/example_dags/example_display_name.py
[2026-06-21T15:53:03.074-0500] {processor.py:840} INFO - DAG(s) 'example_display_name' retrieved from /Users/naga/Desktop/airflow_env/lib/python3.12/site-packages/airflow/example_dags/example_display_name.py
[2026-06-21T15:53:03.117-0500] {logging_mixin.py:188} INFO - [2026-06-21T15:53:03.116-0500] {dag.py:3089} INFO - Sync 1 DAGs
[2026-06-21T15:53:03.121-0500] {logging_mixin.py:188} INFO - [2026-06-21T15:53:03.121-0500] {dag.py:3947} INFO - Setting next_dagrun for example_display_name to None, run_after=None
[2026-06-21T15:53:03.129-0500] {processor.py:183} INFO - Processing /Users/naga/Desktop/airflow_env/lib/python3.12/site-packages/airflow/example_dags/example_display_name.py took 0.078 seconds
[2026-06-21T15:55:08.958-0500] {processor.py:161} INFO - Started process (PID=58011) to work on /Users/naga/Desktop/airflow_env/lib/python3.12/site-packages/airflow/example_dags/example_display_name.py
[2026-06-21T15:55:08.959-0500] {processor.py:830} INFO - Processing file /Users/naga/Desktop/airflow_env/lib/python3.12/site-packages/airflow/example_dags/example_display_name.py for tasks to queue
[2026-06-21T15:55:08.959-0500] {logging_mixin.py:188} INFO - [2026-06-21T15:55:08.959-0500] {dagbag.py:545} INFO - Filling up the DagBag from /Users/naga/Desktop/airflow_env/lib/python3.12/site-packages/airflow/example_dags/example_display_name.py
[2026-06-21T15:55:08.979-0500] {processor.py:840} INFO - DAG(s) 'example_display_name' retrieved from /Users/naga/Desktop/airflow_env/lib/python3.12/site-packages/airflow/example_dags/example_display_name.py
[2026-06-21T15:55:09.021-0500] {logging_mixin.py:188} INFO - [2026-06-21T15:55:09.021-0500] {dag.py:3089} INFO - Sync 1 DAGs
[2026-06-21T15:55:09.025-0500] {logging_mixin.py:188} INFO - [2026-06-21T15:55:09.025-0500] {dag.py:3947} INFO - Setting next_dagrun for example_display_name to None, run_after=None
[2026-06-21T15:55:09.033-0500] {processor.py:183} INFO - Processing /Users/naga/Desktop/airflow_env/lib/python3.12/site-packages/airflow/example_dags/example_display_name.py took 0.076 seconds
[2026-06-21T15:57:12.949-0500] {processor.py:161} INFO - Started process (PID=58120) to work on /Users/naga/Desktop/airflow_env/lib/python3.12/site-packages/airflow/example_dags/example_display_name.py
[2026-06-21T15:57:12.950-0500] {processor.py:830} INFO - Processing file /Users/naga/Desktop/airflow_env/lib/python3.12/site-packages/airflow/example_dags/example_display_name.py for tasks to queue
[2026-06-21T15:57:12.951-0500] {logging_mixin.py:188} INFO - [2026-06-21T15:57:12.951-0500] {dagbag.py:545} INFO - Filling up the DagBag from /Users/naga/Desktop/airflow_env/lib/python3.12/site-packages/airflow/example_dags/example_display_name.py
[2026-06-21T15:57:12.970-0500] {processor.py:840} INFO - DAG(s) 'example_display_name' retrieved from /Users/naga/Desktop/airflow_env/lib/python3.12/site-packages/airflow/example_dags/example_display_name.py
[2026-06-21T15:57:13.012-0500] {logging_mixin.py:188} INFO - [2026-06-21T15:57:13.012-0500] {dag.py:3089} INFO - Sync 1 DAGs
[2026-06-21T15:57:13.017-0500] {logging_mixin.py:188} INFO - [2026-06-21T15:57:13.017-0500] {dag.py:3947} INFO - Setting next_dagrun for example_display_name to None, run_after=None
[2026-06-21T15:57:13.025-0500] {processor.py:183} INFO - Processing /Users/naga/Desktop/airflow_env/lib/python3.12/site-packages/airflow/example_dags/example_display_name.py took 0.076 seconds
[2026-06-21T15:59:21.577-0500] {processor.py:161} INFO - Started process (PID=58256) to work on /Users/naga/Desktop/airflow_env/lib/python3.12/site-packages/airflow/example_dags/example_display_name.py
[2026-06-21T15:59:21.577-0500] {processor.py:830} INFO - Processing file /Users/naga/Desktop/airflow_env/lib/python3.12/site-packages/airflow/example_dags/example_display_name.py for tasks to queue
[2026-06-21T15:59:21.578-0500] {logging_mixin.py:188} INFO - [2026-06-21T15:59:21.578-0500] {dagbag.py:545} INFO - Filling up the DagBag from /Users/naga/Desktop/airflow_env/lib/python3.12/site-packages/airflow/example_dags/example_display_name.py
[2026-06-21T15:59:21.597-0500] {processor.py:840} INFO - DAG(s) 'example_display_name' retrieved from /Users/naga/Desktop/airflow_env/lib/python3.12/site-packages/airflow/example_dags/example_display_name.py
[2026-06-21T15:59:21.638-0500] {logging_mixin.py:188} INFO - [2026-06-21T15:59:21.638-0500] {dag.py:3089} INFO - Sync 1 DAGs
[2026-06-21T15:59:21.643-0500] {logging_mixin.py:188} INFO - [2026-06-21T15:59:21.643-0500] {dag.py:3947} INFO - Setting next_dagrun for example_display_name to None, run_after=None
[2026-06-21T15:59:21.650-0500] {processor.py:183} INFO - Processing /Users/naga/Desktop/airflow_env/lib/python3.12/site-packages/airflow/example_dags/example_display_name.py took 0.075 seconds
[2026-06-21T16:01:29.190-0500] {processor.py:161} INFO - Started process (PID=58385) to work on /Users/naga/Desktop/airflow_env/lib/python3.12/site-packages/airflow/example_dags/example_display_name.py
[2026-06-21T16:01:29.191-0500] {processor.py:830} INFO - Processing file /Users/naga/Desktop/airflow_env/lib/python3.12/site-packages/airflow/example_dags/example_display_name.py for tasks to queue
[2026-06-21T16:01:29.191-0500] {logging_mixin.py:188} INFO - [2026-06-21T16:01:29.191-0500] {dagbag.py:545} INFO - Filling up the DagBag from /Users/naga/Desktop/airflow_env/lib/python3.12/site-packages/airflow/example_dags/example_display_name.py
[2026-06-21T16:01:29.210-0500] {processor.py:840} INFO - DAG(s) 'example_display_name' retrieved from /Users/naga/Desktop/airflow_env/lib/python3.12/site-packages/airflow/example_dags/example_display_name.py
[2026-06-21T16:01:29.253-0500] {logging_mixin.py:188} INFO - [2026-06-21T16:01:29.253-0500] {dag.py:3089} INFO - Sync 1 DAGs
[2026-06-21T16:01:29.258-0500] {logging_mixin.py:188} INFO - [2026-06-21T16:01:29.258-0500] {dag.py:3947} INFO - Setting next_dagrun for example_display_name to None, run_after=None
[2026-06-21T16:01:29.265-0500] {processor.py:183} INFO - Processing /Users/naga/Desktop/airflow_env/lib/python3.12/site-packages/airflow/example_dags/example_display_name.py took 0.077 seconds
[2026-06-21T16:03:35.601-0500] {processor.py:161} INFO - Started process (PID=58510) to work on /Users/naga/Desktop/airflow_env/lib/python3.12/site-packages/airflow/example_dags/example_display_name.py
[2026-06-21T16:03:35.602-0500] {processor.py:830} INFO - Processing file /Users/naga/Desktop/airflow_env/lib/python3.12/site-packages/airflow/example_dags/example_display_name.py for tasks to queue
[2026-06-21T16:03:35.602-0500] {logging_mixin.py:188} INFO - [2026-06-21T16:03:35.602-0500] {dagbag.py:545} INFO - Filling up the DagBag from /Users/naga/Desktop/airflow_env/lib/python3.12/site-packages/airflow/example_dags/example_display_name.py
[2026-06-21T16:03:35.621-0500] {processor.py:840} INFO - DAG(s) 'example_display_name' retrieved from /Users/naga/Desktop/airflow_env/lib/python3.12/site-packages/airflow/example_dags/example_display_name.py
[2026-06-21T16:03:35.664-0500] {logging_mixin.py:188} INFO - [2026-06-21T16:03:35.663-0500] {dag.py:3089} INFO - Sync 1 DAGs
[2026-06-21T16:03:35.668-0500] {logging_mixin.py:188} INFO - [2026-06-21T16:03:35.668-0500] {dag.py:3947} INFO - Setting next_dagrun for example_display_name to None, run_after=None
[2026-06-21T16:03:35.676-0500] {processor.py:183} INFO - Processing /Users/naga/Desktop/airflow_env/lib/python3.12/site-packages/airflow/example_dags/example_display_name.py took 0.076 seconds
[2026-06-21T16:05:44.303-0500] {processor.py:161} INFO - Started process (PID=58625) to work on /Users/naga/Desktop/airflow_env/lib/python3.12/site-packages/airflow/example_dags/example_display_name.py
[2026-06-21T16:05:44.304-0500] {processor.py:830} INFO - Processing file /Users/naga/Desktop/airflow_env/lib/python3.12/site-packages/airflow/example_dags/example_display_name.py for tasks to queue
[2026-06-21T16:05:44.304-0500] {logging_mixin.py:188} INFO - [2026-06-21T16:05:44.304-0500] {dagbag.py:545} INFO - Filling up the DagBag from /Users/naga/Desktop/airflow_env/lib/python3.12/site-packages/airflow/example_dags/example_display_name.py
[2026-06-21T16:05:44.324-0500] {processor.py:840} INFO - DAG(s) 'example_display_name' retrieved from /Users/naga/Desktop/airflow_env/lib/python3.12/site-packages/airflow/example_dags/example_display_name.py
[2026-06-21T16:05:44.367-0500] {logging_mixin.py:188} INFO - [2026-06-21T16:05:44.367-0500] {dag.py:3089} INFO - Sync 1 DAGs
[2026-06-21T16:05:44.371-0500] {logging_mixin.py:188} INFO - [2026-06-21T16:05:44.371-0500] {dag.py:3947} INFO - Setting next_dagrun for example_display_name to None, run_after=None
[2026-06-21T16:05:44.380-0500] {processor.py:183} INFO - Processing /Users/naga/Desktop/airflow_env/lib/python3.12/site-packages/airflow/example_dags/example_display_name.py took 0.078 seconds
[2026-06-21T16:07:54.392-0500] {processor.py:161} INFO - Started process (PID=58750) to work on /Users/naga/Desktop/airflow_env/lib/python3.12/site-packages/airflow/example_dags/example_display_name.py
[2026-06-21T16:07:54.393-0500] {processor.py:830} INFO - Processing file /Users/naga/Desktop/airflow_env/lib/python3.12/site-packages/airflow/example_dags/example_display_name.py for tasks to queue
[2026-06-21T16:07:54.393-0500] {logging_mixin.py:188} INFO - [2026-06-21T16:07:54.393-0500] {dagbag.py:545} INFO - Filling up the DagBag from /Users/naga/Desktop/airflow_env/lib/python3.12/site-packages/airflow/example_dags/example_display_name.py
[2026-06-21T16:07:54.416-0500] {processor.py:840} INFO - DAG(s) 'example_display_name' retrieved from /Users/naga/Desktop/airflow_env/lib/python3.12/site-packages/airflow/example_dags/example_display_name.py
[2026-06-21T16:07:54.465-0500] {logging_mixin.py:188} INFO - [2026-06-21T16:07:54.465-0500] {dag.py:3089} INFO - Sync 1 DAGs
[2026-06-21T16:07:54.469-0500] {logging_mixin.py:188} INFO - [2026-06-21T16:07:54.469-0500] {dag.py:3947} INFO - Setting next_dagrun for example_display_name to None, run_after=None
[2026-06-21T16:07:54.478-0500] {processor.py:183} INFO - Processing /Users/naga/Desktop/airflow_env/lib/python3.12/site-packages/airflow/example_dags/example_display_name.py took 0.087 seconds
[2026-06-21T16:10:08.900-0500] {processor.py:161} INFO - Started process (PID=58897) to work on /Users/naga/Desktop/airflow_env/lib/python3.12/site-packages/airflow/example_dags/example_display_name.py
[2026-06-21T16:10:08.901-0500] {processor.py:830} INFO - Processing file /Users/naga/Desktop/airflow_env/lib/python3.12/site-packages/airflow/example_dags/example_display_name.py for tasks to queue
[2026-06-21T16:10:08.901-0500] {logging_mixin.py:188} INFO - [2026-06-21T16:10:08.901-0500] {dagbag.py:545} INFO - Filling up the DagBag from /Users/naga/Desktop/airflow_env/lib/python3.12/site-packages/airflow/example_dags/example_display_name.py
[2026-06-21T16:10:08.922-0500] {processor.py:840} INFO - DAG(s) 'example_display_name' retrieved from /Users/naga/Desktop/airflow_env/lib/python3.12/site-packages/airflow/example_dags/example_display_name.py
[2026-06-21T16:10:08.967-0500] {logging_mixin.py:188} INFO - [2026-06-21T16:10:08.967-0500] {dag.py:3089} INFO - Sync 1 DAGs
[2026-06-21T16:10:08.972-0500] {logging_mixin.py:188} INFO - [2026-06-21T16:10:08.972-0500] {dag.py:3947} INFO - Setting next_dagrun for example_display_name to None, run_after=None
[2026-06-21T16:10:08.981-0500] {processor.py:183} INFO - Processing /Users/naga/Desktop/airflow_env/lib/python3.12/site-packages/airflow/example_dags/example_display_name.py took 0.083 seconds
[2026-06-21T16:12:22.593-0500] {processor.py:161} INFO - Started process (PID=59011) to work on /Users/naga/Desktop/airflow_env/lib/python3.12/site-packages/airflow/example_dags/example_display_name.py
[2026-06-21T16:12:22.594-0500] {processor.py:830} INFO - Processing file /Users/naga/Desktop/airflow_env/lib/python3.12/site-packages/airflow/example_dags/example_display_name.py for tasks to queue
[2026-06-21T16:12:22.594-0500] {logging_mixin.py:188} INFO - [2026-06-21T16:12:22.594-0500] {dagbag.py:545} INFO - Filling up the DagBag from /Users/naga/Desktop/airflow_env/lib/python3.12/site-packages/airflow/example_dags/example_display_name.py
[2026-06-21T16:12:22.615-0500] {processor.py:840} INFO - DAG(s) 'example_display_name' retrieved from /Users/naga/Desktop/airflow_env/lib/python3.12/site-packages/airflow/example_dags/example_display_name.py
[2026-06-21T16:12:22.660-0500] {logging_mixin.py:188} INFO - [2026-06-21T16:12:22.660-0500] {dag.py:3089} INFO - Sync 1 DAGs
[2026-06-21T16:12:22.665-0500] {logging_mixin.py:188} INFO - [2026-06-21T16:12:22.665-0500] {dag.py:3947} INFO - Setting next_dagrun for example_display_name to None, run_after=None
[2026-06-21T16:12:22.673-0500] {processor.py:183} INFO - Processing /Users/naga/Desktop/airflow_env/lib/python3.12/site-packages/airflow/example_dags/example_display_name.py took 0.082 seconds
[2026-06-21T16:14:33.510-0500] {processor.py:161} INFO - Started process (PID=59130) to work on /Users/naga/Desktop/airflow_env/lib/python3.12/site-packages/airflow/example_dags/example_display_name.py
[2026-06-21T16:14:33.511-0500] {processor.py:830} INFO - Processing file /Users/naga/Desktop/airflow_env/lib/python3.12/site-packages/airflow/example_dags/example_display_name.py for tasks to queue
[2026-06-21T16:14:33.511-0500] {logging_mixin.py:188} INFO - [2026-06-21T16:14:33.511-0500] {dagbag.py:545} INFO - Filling up the DagBag from /Users/naga/Desktop/airflow_env/lib/python3.12/site-packages/airflow/example_dags/example_display_name.py
[2026-06-21T16:14:33.532-0500] {processor.py:840} INFO - DAG(s) 'example_display_name' retrieved from /Users/naga/Desktop/airflow_env/lib/python3.12/site-packages/airflow/example_dags/example_display_name.py
[2026-06-21T16:14:33.577-0500] {logging_mixin.py:188} INFO - [2026-06-21T16:14:33.577-0500] {dag.py:3089} INFO - Sync 1 DAGs
[2026-06-21T16:14:33.582-0500] {logging_mixin.py:188} INFO - [2026-06-21T16:14:33.582-0500] {dag.py:3947} INFO - Setting next_dagrun for example_display_name to None, run_after=None
[2026-06-21T16:14:33.590-0500] {processor.py:183} INFO - Processing /Users/naga/Desktop/airflow_env/lib/python3.12/site-packages/airflow/example_dags/example_display_name.py took 0.082 seconds
[2026-06-21T16:16:43.394-0500] {processor.py:161} INFO - Started process (PID=59261) to work on /Users/naga/Desktop/airflow_env/lib/python3.12/site-packages/airflow/example_dags/example_display_name.py
[2026-06-21T16:16:43.397-0500] {processor.py:830} INFO - Processing file /Users/naga/Desktop/airflow_env/lib/python3.12/site-packages/airflow/example_dags/example_display_name.py for tasks to queue
[2026-06-21T16:16:43.397-0500] {logging_mixin.py:188} INFO - [2026-06-21T16:16:43.397-0500] {dagbag.py:545} INFO - Filling up the DagBag from /Users/naga/Desktop/airflow_env/lib/python3.12/site-packages/airflow/example_dags/example_display_name.py
[2026-06-21T16:16:43.418-0500] {processor.py:840} INFO - DAG(s) 'example_display_name' retrieved from /Users/naga/Desktop/airflow_env/lib/python3.12/site-packages/airflow/example_dags/example_display_name.py
[2026-06-21T16:16:43.462-0500] {logging_mixin.py:188} INFO - [2026-06-21T16:16:43.462-0500] {dag.py:3089} INFO - Sync 1 DAGs
[2026-06-21T16:16:43.467-0500] {logging_mixin.py:188} INFO - [2026-06-21T16:16:43.467-0500] {dag.py:3947} INFO - Setting next_dagrun for example_display_name to None, run_after=None
[2026-06-21T16:16:43.475-0500] {processor.py:183} INFO - Processing /Users/naga/Desktop/airflow_env/lib/python3.12/site-packages/airflow/example_dags/example_display_name.py took 0.082 seconds
[2026-06-21T16:18:56.319-0500] {processor.py:161} INFO - Started process (PID=59410) to work on /Users/naga/Desktop/airflow_env/lib/python3.12/site-packages/airflow/example_dags/example_display_name.py
[2026-06-21T16:18:56.320-0500] {processor.py:830} INFO - Processing file /Users/naga/Desktop/airflow_env/lib/python3.12/site-packages/airflow/example_dags/example_display_name.py for tasks to queue
[2026-06-21T16:18:56.320-0500] {logging_mixin.py:188} INFO - [2026-06-21T16:18:56.320-0500] {dagbag.py:545} INFO - Filling up the DagBag from /Users/naga/Desktop/airflow_env/lib/python3.12/site-packages/airflow/example_dags/example_display_name.py
[2026-06-21T16:18:56.340-0500] {processor.py:840} INFO - DAG(s) 'example_display_name' retrieved from /Users/naga/Desktop/airflow_env/lib/python3.12/site-packages/airflow/example_dags/example_display_name.py
[2026-06-21T16:18:56.385-0500] {logging_mixin.py:188} INFO - [2026-06-21T16:18:56.385-0500] {dag.py:3089} INFO - Sync 1 DAGs
[2026-06-21T16:18:56.390-0500] {logging_mixin.py:188} INFO - [2026-06-21T16:18:56.390-0500] {dag.py:3947} INFO - Setting next_dagrun for example_display_name to None, run_after=None
[2026-06-21T16:18:56.398-0500] {processor.py:183} INFO - Processing /Users/naga/Desktop/airflow_env/lib/python3.12/site-packages/airflow/example_dags/example_display_name.py took 0.081 seconds
[2026-06-21T16:21:04.846-0500] {processor.py:161} INFO - Started process (PID=59549) to work on /Users/naga/Desktop/airflow_env/lib/python3.12/site-packages/airflow/example_dags/example_display_name.py
[2026-06-21T16:21:04.848-0500] {processor.py:830} INFO - Processing file /Users/naga/Desktop/airflow_env/lib/python3.12/site-packages/airflow/example_dags/example_display_name.py for tasks to queue
[2026-06-21T16:21:04.848-0500] {logging_mixin.py:188} INFO - [2026-06-21T16:21:04.848-0500] {dagbag.py:545} INFO - Filling up the DagBag from /Users/naga/Desktop/airflow_env/lib/python3.12/site-packages/airflow/example_dags/example_display_name.py
[2026-06-21T16:21:04.869-0500] {processor.py:840} INFO - DAG(s) 'example_display_name' retrieved from /Users/naga/Desktop/airflow_env/lib/python3.12/site-packages/airflow/example_dags/example_display_name.py
[2026-06-21T16:21:04.913-0500] {logging_mixin.py:188} INFO - [2026-06-21T16:21:04.913-0500] {dag.py:3089} INFO - Sync 1 DAGs
[2026-06-21T16:21:04.918-0500] {logging_mixin.py:188} INFO - [2026-06-21T16:21:04.918-0500] {dag.py:3947} INFO - Setting next_dagrun for example_display_name to None, run_after=None
[2026-06-21T16:21:04.927-0500] {processor.py:183} INFO - Processing /Users/naga/Desktop/airflow_env/lib/python3.12/site-packages/airflow/example_dags/example_display_name.py took 0.082 seconds
[2026-06-21T16:23:14.358-0500] {processor.py:161} INFO - Started process (PID=59686) to work on /Users/naga/Desktop/airflow_env/lib/python3.12/site-packages/airflow/example_dags/example_display_name.py
[2026-06-21T16:23:14.359-0500] {processor.py:830} INFO - Processing file /Users/naga/Desktop/airflow_env/lib/python3.12/site-packages/airflow/example_dags/example_display_name.py for tasks to queue
[2026-06-21T16:23:14.359-0500] {logging_mixin.py:188} INFO - [2026-06-21T16:23:14.359-0500] {dagbag.py:545} INFO - Filling up the DagBag from /Users/naga/Desktop/airflow_env/lib/python3.12/site-packages/airflow/example_dags/example_display_name.py
[2026-06-21T16:23:14.380-0500] {processor.py:840} INFO - DAG(s) 'example_display_name' retrieved from /Users/naga/Desktop/airflow_env/lib/python3.12/site-packages/airflow/example_dags/example_display_name.py
[2026-06-21T16:23:14.426-0500] {logging_mixin.py:188} INFO - [2026-06-21T16:23:14.426-0500] {dag.py:3089} INFO - Sync 1 DAGs
[2026-06-21T16:23:14.430-0500] {logging_mixin.py:188} INFO - [2026-06-21T16:23:14.430-0500] {dag.py:3947} INFO - Setting next_dagrun for example_display_name to None, run_after=None
[2026-06-21T16:23:14.438-0500] {processor.py:183} INFO - Processing /Users/naga/Desktop/airflow_env/lib/python3.12/site-packages/airflow/example_dags/example_display_name.py took 0.082 seconds
[2026-06-21T16:25:24.352-0500] {processor.py:161} INFO - Started process (PID=59806) to work on /Users/naga/Desktop/airflow_env/lib/python3.12/site-packages/airflow/example_dags/example_display_name.py
[2026-06-21T16:25:24.352-0500] {processor.py:830} INFO - Processing file /Users/naga/Desktop/airflow_env/lib/python3.12/site-packages/airflow/example_dags/example_display_name.py for tasks to queue
[2026-06-21T16:25:24.353-0500] {logging_mixin.py:188} INFO - [2026-06-21T16:25:24.353-0500] {dagbag.py:545} INFO - Filling up the DagBag from /Users/naga/Desktop/airflow_env/lib/python3.12/site-packages/airflow/example_dags/example_display_name.py
[2026-06-21T16:25:24.374-0500] {processor.py:840} INFO - DAG(s) 'example_display_name' retrieved from /Users/naga/Desktop/airflow_env/lib/python3.12/site-packages/airflow/example_dags/example_display_name.py
[2026-06-21T16:25:24.426-0500] {logging_mixin.py:188} INFO - [2026-06-21T16:25:24.426-0500] {dag.py:3089} INFO - Sync 1 DAGs
[2026-06-21T16:25:24.431-0500] {logging_mixin.py:188} INFO - [2026-06-21T16:25:24.431-0500] {dag.py:3947} INFO - Setting next_dagrun for example_display_name to None, run_after=None
[2026-06-21T16:25:24.440-0500] {processor.py:183} INFO - Processing /Users/naga/Desktop/airflow_env/lib/python3.12/site-packages/airflow/example_dags/example_display_name.py took 0.090 seconds
[2026-06-21T16:27:44.412-0500] {processor.py:161} INFO - Started process (PID=59972) to work on /Users/naga/Desktop/airflow_env/lib/python3.12/site-packages/airflow/example_dags/example_display_name.py
[2026-06-21T16:27:44.413-0500] {processor.py:830} INFO - Processing file /Users/naga/Desktop/airflow_env/lib/python3.12/site-packages/airflow/example_dags/example_display_name.py for tasks to queue
[2026-06-21T16:27:44.414-0500] {logging_mixin.py:188} INFO - [2026-06-21T16:27:44.414-0500] {dagbag.py:545} INFO - Filling up the DagBag from /Users/naga/Desktop/airflow_env/lib/python3.12/site-packages/airflow/example_dags/example_display_name.py
[2026-06-21T16:27:44.433-0500] {processor.py:840} INFO - DAG(s) 'example_display_name' retrieved from /Users/naga/Desktop/airflow_env/lib/python3.12/site-packages/airflow/example_dags/example_display_name.py
[2026-06-21T16:27:44.476-0500] {logging_mixin.py:188} INFO - [2026-06-21T16:27:44.475-0500] {dag.py:3089} INFO - Sync 1 DAGs
[2026-06-21T16:27:44.480-0500] {logging_mixin.py:188} INFO - [2026-06-21T16:27:44.480-0500] {dag.py:3947} INFO - Setting next_dagrun for example_display_name to None, run_after=None
[2026-06-21T16:27:44.489-0500] {processor.py:183} INFO - Processing /Users/naga/Desktop/airflow_env/lib/python3.12/site-packages/airflow/example_dags/example_display_name.py took 0.078 seconds
[2026-06-21T16:29:54.839-0500] {processor.py:161} INFO - Started process (PID=60076) to work on /Users/naga/Desktop/airflow_env/lib/python3.12/site-packages/airflow/example_dags/example_display_name.py
[2026-06-21T16:29:54.840-0500] {processor.py:830} INFO - Processing file /Users/naga/Desktop/airflow_env/lib/python3.12/site-packages/airflow/example_dags/example_display_name.py for tasks to queue
[2026-06-21T16:29:54.840-0500] {logging_mixin.py:188} INFO - [2026-06-21T16:29:54.840-0500] {dagbag.py:545} INFO - Filling up the DagBag from /Users/naga/Desktop/airflow_env/lib/python3.12/site-packages/airflow/example_dags/example_display_name.py
[2026-06-21T16:29:54.859-0500] {processor.py:840} INFO - DAG(s) 'example_display_name' retrieved from /Users/naga/Desktop/airflow_env/lib/python3.12/site-packages/airflow/example_dags/example_display_name.py
[2026-06-21T16:29:54.901-0500] {logging_mixin.py:188} INFO - [2026-06-21T16:29:54.901-0500] {dag.py:3089} INFO - Sync 1 DAGs
[2026-06-21T16:29:54.905-0500] {logging_mixin.py:188} INFO - [2026-06-21T16:29:54.905-0500] {dag.py:3947} INFO - Setting next_dagrun for example_display_name to None, run_after=None
[2026-06-21T16:29:54.913-0500] {processor.py:183} INFO - Processing /Users/naga/Desktop/airflow_env/lib/python3.12/site-packages/airflow/example_dags/example_display_name.py took 0.075 seconds
[2026-06-21T16:31:59.735-0500] {processor.py:161} INFO - Started process (PID=60224) to work on /Users/naga/Desktop/airflow_env/lib/python3.12/site-packages/airflow/example_dags/example_display_name.py
[2026-06-21T16:31:59.736-0500] {processor.py:830} INFO - Processing file /Users/naga/Desktop/airflow_env/lib/python3.12/site-packages/airflow/example_dags/example_display_name.py for tasks to queue
[2026-06-21T16:31:59.736-0500] {logging_mixin.py:188} INFO - [2026-06-21T16:31:59.736-0500] {dagbag.py:545} INFO - Filling up the DagBag from /Users/naga/Desktop/airflow_env/lib/python3.12/site-packages/airflow/example_dags/example_display_name.py
[2026-06-21T16:31:59.756-0500] {processor.py:840} INFO - DAG(s) 'example_display_name' retrieved from /Users/naga/Desktop/airflow_env/lib/python3.12/site-packages/airflow/example_dags/example_display_name.py
[2026-06-21T16:31:59.799-0500] {logging_mixin.py:188} INFO - [2026-06-21T16:31:59.798-0500] {dag.py:3089} INFO - Sync 1 DAGs
[2026-06-21T16:31:59.803-0500] {logging_mixin.py:188} INFO - [2026-06-21T16:31:59.803-0500] {dag.py:3947} INFO - Setting next_dagrun for example_display_name to None, run_after=None
[2026-06-21T16:31:59.811-0500] {processor.py:183} INFO - Processing /Users/naga/Desktop/airflow_env/lib/python3.12/site-packages/airflow/example_dags/example_display_name.py took 0.077 seconds
[2026-06-21T16:34:01.238-0500] {processor.py:161} INFO - Started process (PID=60338) to work on /Users/naga/Desktop/airflow_env/lib/python3.12/site-packages/airflow/example_dags/example_display_name.py
[2026-06-21T16:34:01.239-0500] {processor.py:830} INFO - Processing file /Users/naga/Desktop/airflow_env/lib/python3.12/site-packages/airflow/example_dags/example_display_name.py for tasks to queue
[2026-06-21T16:34:01.239-0500] {logging_mixin.py:188} INFO - [2026-06-21T16:34:01.239-0500] {dagbag.py:545} INFO - Filling up the DagBag from /Users/naga/Desktop/airflow_env/lib/python3.12/site-packages/airflow/example_dags/example_display_name.py
[2026-06-21T16:34:01.259-0500] {processor.py:840} INFO - DAG(s) 'example_display_name' retrieved from /Users/naga/Desktop/airflow_env/lib/python3.12/site-packages/airflow/example_dags/example_display_name.py
[2026-06-21T16:34:01.302-0500] {logging_mixin.py:188} INFO - [2026-06-21T16:34:01.302-0500] {dag.py:3089} INFO - Sync 1 DAGs
[2026-06-21T16:34:01.307-0500] {logging_mixin.py:188} INFO - [2026-06-21T16:34:01.307-0500] {dag.py:3947} INFO - Setting next_dagrun for example_display_name to None, run_after=None
[2026-06-21T16:34:01.315-0500] {processor.py:183} INFO - Processing /Users/naga/Desktop/airflow_env/lib/python3.12/site-packages/airflow/example_dags/example_display_name.py took 0.079 seconds
[2026-06-21T16:36:09.375-0500] {processor.py:161} INFO - Started process (PID=60466) to work on /Users/naga/Desktop/airflow_env/lib/python3.12/site-packages/airflow/example_dags/example_display_name.py
[2026-06-21T16:36:09.376-0500] {processor.py:830} INFO - Processing file /Users/naga/Desktop/airflow_env/lib/python3.12/site-packages/airflow/example_dags/example_display_name.py for tasks to queue
[2026-06-21T16:36:09.377-0500] {logging_mixin.py:188} INFO - [2026-06-21T16:36:09.376-0500] {dagbag.py:545} INFO - Filling up the DagBag from /Users/naga/Desktop/airflow_env/lib/python3.12/site-packages/airflow/example_dags/example_display_name.py
[2026-06-21T16:36:09.396-0500] {processor.py:840} INFO - DAG(s) 'example_display_name' retrieved from /Users/naga/Desktop/airflow_env/lib/python3.12/site-packages/airflow/example_dags/example_display_name.py
[2026-06-21T16:36:09.438-0500] {logging_mixin.py:188} INFO - [2026-06-21T16:36:09.438-0500] {dag.py:3089} INFO - Sync 1 DAGs
[2026-06-21T16:36:09.443-0500] {logging_mixin.py:188} INFO - [2026-06-21T16:36:09.442-0500] {dag.py:3947} INFO - Setting next_dagrun for example_display_name to None, run_after=None
[2026-06-21T16:36:09.451-0500] {processor.py:183} INFO - Processing /Users/naga/Desktop/airflow_env/lib/python3.12/site-packages/airflow/example_dags/example_display_name.py took 0.077 seconds
[2026-06-21T16:38:12.843-0500] {processor.py:161} INFO - Started process (PID=60595) to work on /Users/naga/Desktop/airflow_env/lib/python3.12/site-packages/airflow/example_dags/example_display_name.py
[2026-06-21T16:38:12.844-0500] {processor.py:830} INFO - Processing file /Users/naga/Desktop/airflow_env/lib/python3.12/site-packages/airflow/example_dags/example_display_name.py for tasks to queue
[2026-06-21T16:38:12.844-0500] {logging_mixin.py:188} INFO - [2026-06-21T16:38:12.844-0500] {dagbag.py:545} INFO - Filling up the DagBag from /Users/naga/Desktop/airflow_env/lib/python3.12/site-packages/airflow/example_dags/example_display_name.py
[2026-06-21T16:38:12.863-0500] {processor.py:840} INFO - DAG(s) 'example_display_name' retrieved from /Users/naga/Desktop/airflow_env/lib/python3.12/site-packages/airflow/example_dags/example_display_name.py
[2026-06-21T16:38:12.905-0500] {logging_mixin.py:188} INFO - [2026-06-21T16:38:12.905-0500] {dag.py:3089} INFO - Sync 1 DAGs
[2026-06-21T16:38:12.910-0500] {logging_mixin.py:188} INFO - [2026-06-21T16:38:12.909-0500] {dag.py:3947} INFO - Setting next_dagrun for example_display_name to None, run_after=None
[2026-06-21T16:38:12.917-0500] {processor.py:183} INFO - Processing /Users/naga/Desktop/airflow_env/lib/python3.12/site-packages/airflow/example_dags/example_display_name.py took 0.076 seconds
[2026-06-21T16:40:20.151-0500] {processor.py:161} INFO - Started process (PID=60718) to work on /Users/naga/Desktop/airflow_env/lib/python3.12/site-packages/airflow/example_dags/example_display_name.py
[2026-06-21T16:40:20.152-0500] {processor.py:830} INFO - Processing file /Users/naga/Desktop/airflow_env/lib/python3.12/site-packages/airflow/example_dags/example_display_name.py for tasks to queue
[2026-06-21T16:40:20.152-0500] {logging_mixin.py:188} INFO - [2026-06-21T16:40:20.152-0500] {dagbag.py:545} INFO - Filling up the DagBag from /Users/naga/Desktop/airflow_env/lib/python3.12/site-packages/airflow/example_dags/example_display_name.py
[2026-06-21T16:40:20.173-0500] {processor.py:840} INFO - DAG(s) 'example_display_name' retrieved from /Users/naga/Desktop/airflow_env/lib/python3.12/site-packages/airflow/example_dags/example_display_name.py
[2026-06-21T16:40:20.217-0500] {logging_mixin.py:188} INFO - [2026-06-21T16:40:20.217-0500] {dag.py:3089} INFO - Sync 1 DAGs
[2026-06-21T16:40:20.221-0500] {logging_mixin.py:188} INFO - [2026-06-21T16:40:20.221-0500] {dag.py:3947} INFO - Setting next_dagrun for example_display_name to None, run_after=None
[2026-06-21T16:40:20.229-0500] {processor.py:183} INFO - Processing /Users/naga/Desktop/airflow_env/lib/python3.12/site-packages/airflow/example_dags/example_display_name.py took 0.079 seconds
[2026-06-21T16:43:32.032-0500] {processor.py:161} INFO - Started process (PID=60871) to work on /Users/naga/Desktop/airflow_env/lib/python3.12/site-packages/airflow/example_dags/example_display_name.py
[2026-06-21T16:43:32.033-0500] {processor.py:830} INFO - Processing file /Users/naga/Desktop/airflow_env/lib/python3.12/site-packages/airflow/example_dags/example_display_name.py for tasks to queue
[2026-06-21T16:43:32.033-0500] {logging_mixin.py:188} INFO - [2026-06-21T16:43:32.033-0500] {dagbag.py:545} INFO - Filling up the DagBag from /Users/naga/Desktop/airflow_env/lib/python3.12/site-packages/airflow/example_dags/example_display_name.py
[2026-06-21T16:43:32.069-0500] {processor.py:840} INFO - DAG(s) 'example_display_name' retrieved from /Users/naga/Desktop/airflow_env/lib/python3.12/site-packages/airflow/example_dags/example_display_name.py
[2026-06-21T16:43:32.148-0500] {logging_mixin.py:188} INFO - [2026-06-21T16:43:32.148-0500] {dag.py:3089} INFO - Sync 1 DAGs
[2026-06-21T16:43:32.155-0500] {logging_mixin.py:188} INFO - [2026-06-21T16:43:32.155-0500] {dag.py:3947} INFO - Setting next_dagrun for example_display_name to None, run_after=None
[2026-06-21T16:43:32.169-0500] {processor.py:183} INFO - Processing /Users/naga/Desktop/airflow_env/lib/python3.12/site-packages/airflow/example_dags/example_display_name.py took 0.140 seconds
[2026-06-21T16:46:37.546-0500] {processor.py:161} INFO - Started process (PID=61029) to work on /Users/naga/Desktop/airflow_env/lib/python3.12/site-packages/airflow/example_dags/example_display_name.py
[2026-06-21T16:46:37.547-0500] {processor.py:830} INFO - Processing file /Users/naga/Desktop/airflow_env/lib/python3.12/site-packages/airflow/example_dags/example_display_name.py for tasks to queue
[2026-06-21T16:46:37.547-0500] {logging_mixin.py:188} INFO - [2026-06-21T16:46:37.547-0500] {dagbag.py:545} INFO - Filling up the DagBag from /Users/naga/Desktop/airflow_env/lib/python3.12/site-packages/airflow/example_dags/example_display_name.py
[2026-06-21T16:46:37.580-0500] {processor.py:840} INFO - DAG(s) 'example_display_name' retrieved from /Users/naga/Desktop/airflow_env/lib/python3.12/site-packages/airflow/example_dags/example_display_name.py
[2026-06-21T16:46:37.651-0500] {logging_mixin.py:188} INFO - [2026-06-21T16:46:37.651-0500] {dag.py:3089} INFO - Sync 1 DAGs
[2026-06-21T16:46:37.658-0500] {logging_mixin.py:188} INFO - [2026-06-21T16:46:37.658-0500] {dag.py:3947} INFO - Setting next_dagrun for example_display_name to None, run_after=None
[2026-06-21T16:46:37.673-0500] {processor.py:183} INFO - Processing /Users/naga/Desktop/airflow_env/lib/python3.12/site-packages/airflow/example_dags/example_display_name.py took 0.130 seconds
[2026-06-21T18:49:59.740-0500] {processor.py:161} INFO - Started process (PID=61255) to work on /Users/naga/Desktop/airflow_env/lib/python3.12/site-packages/airflow/example_dags/example_display_name.py
[2026-06-21T18:49:59.741-0500] {processor.py:830} INFO - Processing file /Users/naga/Desktop/airflow_env/lib/python3.12/site-packages/airflow/example_dags/example_display_name.py for tasks to queue
[2026-06-21T18:49:59.741-0500] {logging_mixin.py:188} INFO - [2026-06-21T18:49:59.741-0500] {dagbag.py:545} INFO - Filling up the DagBag from /Users/naga/Desktop/airflow_env/lib/python3.12/site-packages/airflow/example_dags/example_display_name.py
[2026-06-21T18:49:59.773-0500] {processor.py:840} INFO - DAG(s) 'example_display_name' retrieved from /Users/naga/Desktop/airflow_env/lib/python3.12/site-packages/airflow/example_dags/example_display_name.py
[2026-06-21T18:49:59.844-0500] {logging_mixin.py:188} INFO - [2026-06-21T18:49:59.844-0500] {dag.py:3089} INFO - Sync 1 DAGs
[2026-06-21T18:49:59.852-0500] {logging_mixin.py:188} INFO - [2026-06-21T18:49:59.851-0500] {dag.py:3947} INFO - Setting next_dagrun for example_display_name to None, run_after=None
[2026-06-21T18:49:59.865-0500] {processor.py:183} INFO - Processing /Users/naga/Desktop/airflow_env/lib/python3.12/site-packages/airflow/example_dags/example_display_name.py took 0.128 seconds
