[2026-06-21T19:46:36.056-0500] {processor.py:161} INFO - Started process (PID=61472) to work on /Users/naga/Desktop/airflow_env/lib/python3.12/site-packages/airflow/example_dags/subdags/subdag.py
[2026-06-21T19:46:36.057-0500] {processor.py:830} INFO - Processing file /Users/naga/Desktop/airflow_env/lib/python3.12/site-packages/airflow/example_dags/subdags/subdag.py for tasks to queue
[2026-06-21T19:46:36.057-0500] {logging_mixin.py:188} INFO - [2026-06-21T19:46:36.057-0500] {dagbag.py:545} INFO - Filling up the DagBag from /Users/naga/Desktop/airflow_env/lib/python3.12/site-packages/airflow/example_dags/subdags/subdag.py
[2026-06-21T19:46:36.059-0500] {processor.py:842} WARNING - No viable dags retrieved from /Users/naga/Desktop/airflow_env/lib/python3.12/site-packages/airflow/example_dags/subdags/subdag.py
[2026-06-21T19:46:36.120-0500] {processor.py:183} INFO - Processing /Users/naga/Desktop/airflow_env/lib/python3.12/site-packages/airflow/example_dags/subdags/subdag.py took 0.067 seconds
[2026-06-21T19:48:07.303-0500] {processor.py:161} INFO - Started process (PID=61548) to work on /Users/naga/Desktop/airflow_env/lib/python3.12/site-packages/airflow/example_dags/subdags/subdag.py
[2026-06-21T19:48:07.304-0500] {processor.py:830} INFO - Processing file /Users/naga/Desktop/airflow_env/lib/python3.12/site-packages/airflow/example_dags/subdags/subdag.py for tasks to queue
[2026-06-21T19:48:07.305-0500] {logging_mixin.py:188} INFO - [2026-06-21T19:48:07.305-0500] {dagbag.py:545} INFO - Filling up the DagBag from /Users/naga/Desktop/airflow_env/lib/python3.12/site-packages/airflow/example_dags/subdags/subdag.py
[2026-06-21T19:48:07.307-0500] {processor.py:842} WARNING - No viable dags retrieved from /Users/naga/Desktop/airflow_env/lib/python3.12/site-packages/airflow/example_dags/subdags/subdag.py
[2026-06-21T19:48:07.369-0500] {processor.py:183} INFO - Processing /Users/naga/Desktop/airflow_env/lib/python3.12/site-packages/airflow/example_dags/subdags/subdag.py took 0.068 seconds
[2026-06-21T19:49:39.023-0500] {processor.py:161} INFO - Started process (PID=61708) to work on /Users/naga/Desktop/airflow_env/lib/python3.12/site-packages/airflow/example_dags/subdags/subdag.py
[2026-06-21T19:49:39.026-0500] {processor.py:830} INFO - Processing file /Users/naga/Desktop/airflow_env/lib/python3.12/site-packages/airflow/example_dags/subdags/subdag.py for tasks to queue
[2026-06-21T19:49:39.026-0500] {logging_mixin.py:188} INFO - [2026-06-21T19:49:39.026-0500] {dagbag.py:545} INFO - Filling up the DagBag from /Users/naga/Desktop/airflow_env/lib/python3.12/site-packages/airflow/example_dags/subdags/subdag.py
[2026-06-21T19:49:39.029-0500] {processor.py:842} WARNING - No viable dags retrieved from /Users/naga/Desktop/airflow_env/lib/python3.12/site-packages/airflow/example_dags/subdags/subdag.py
[2026-06-21T19:49:39.107-0500] {processor.py:183} INFO - Processing /Users/naga/Desktop/airflow_env/lib/python3.12/site-packages/airflow/example_dags/subdags/subdag.py took 0.087 seconds
[2026-06-21T19:51:14.390-0500] {processor.py:161} INFO - Started process (PID=61788) to work on /Users/naga/Desktop/airflow_env/lib/python3.12/site-packages/airflow/example_dags/subdags/subdag.py
[2026-06-21T19:51:14.392-0500] {processor.py:830} INFO - Processing file /Users/naga/Desktop/airflow_env/lib/python3.12/site-packages/airflow/example_dags/subdags/subdag.py for tasks to queue
[2026-06-21T19:51:14.392-0500] {logging_mixin.py:188} INFO - [2026-06-21T19:51:14.392-0500] {dagbag.py:545} INFO - Filling up the DagBag from /Users/naga/Desktop/airflow_env/lib/python3.12/site-packages/airflow/example_dags/subdags/subdag.py
[2026-06-21T19:51:14.394-0500] {processor.py:842} WARNING - No viable dags retrieved from /Users/naga/Desktop/airflow_env/lib/python3.12/site-packages/airflow/example_dags/subdags/subdag.py
[2026-06-21T19:51:14.456-0500] {processor.py:183} INFO - Processing /Users/naga/Desktop/airflow_env/lib/python3.12/site-packages/airflow/example_dags/subdags/subdag.py took 0.068 seconds
[2026-06-21T19:52:37.672-0500] {processor.py:161} INFO - Started process (PID=61862) to work on /Users/naga/Desktop/airflow_env/lib/python3.12/site-packages/airflow/example_dags/subdags/subdag.py
[2026-06-21T19:52:37.673-0500] {processor.py:830} INFO - Processing file /Users/naga/Desktop/airflow_env/lib/python3.12/site-packages/airflow/example_dags/subdags/subdag.py for tasks to queue
[2026-06-21T19:52:37.673-0500] {logging_mixin.py:188} INFO - [2026-06-21T19:52:37.673-0500] {dagbag.py:545} INFO - Filling up the DagBag from /Users/naga/Desktop/airflow_env/lib/python3.12/site-packages/airflow/example_dags/subdags/subdag.py
[2026-06-21T19:52:37.675-0500] {processor.py:842} WARNING - No viable dags retrieved from /Users/naga/Desktop/airflow_env/lib/python3.12/site-packages/airflow/example_dags/subdags/subdag.py
[2026-06-21T19:52:37.737-0500] {processor.py:183} INFO - Processing /Users/naga/Desktop/airflow_env/lib/python3.12/site-packages/airflow/example_dags/subdags/subdag.py took 0.068 seconds
[2026-06-21T19:54:02.718-0500] {processor.py:161} INFO - Started process (PID=61929) to work on /Users/naga/Desktop/airflow_env/lib/python3.12/site-packages/airflow/example_dags/subdags/subdag.py
[2026-06-21T19:54:02.719-0500] {processor.py:830} INFO - Processing file /Users/naga/Desktop/airflow_env/lib/python3.12/site-packages/airflow/example_dags/subdags/subdag.py for tasks to queue
[2026-06-21T19:54:02.720-0500] {logging_mixin.py:188} INFO - [2026-06-21T19:54:02.719-0500] {dagbag.py:545} INFO - Filling up the DagBag from /Users/naga/Desktop/airflow_env/lib/python3.12/site-packages/airflow/example_dags/subdags/subdag.py
[2026-06-21T19:54:02.721-0500] {processor.py:842} WARNING - No viable dags retrieved from /Users/naga/Desktop/airflow_env/lib/python3.12/site-packages/airflow/example_dags/subdags/subdag.py
[2026-06-21T19:54:02.783-0500] {processor.py:183} INFO - Processing /Users/naga/Desktop/airflow_env/lib/python3.12/site-packages/airflow/example_dags/subdags/subdag.py took 0.067 seconds
[2026-06-21T19:55:26.014-0500] {processor.py:161} INFO - Started process (PID=61978) to work on /Users/naga/Desktop/airflow_env/lib/python3.12/site-packages/airflow/example_dags/subdags/subdag.py
[2026-06-21T19:55:26.015-0500] {processor.py:830} INFO - Processing file /Users/naga/Desktop/airflow_env/lib/python3.12/site-packages/airflow/example_dags/subdags/subdag.py for tasks to queue
[2026-06-21T19:55:26.016-0500] {logging_mixin.py:188} INFO - [2026-06-21T19:55:26.016-0500] {dagbag.py:545} INFO - Filling up the DagBag from /Users/naga/Desktop/airflow_env/lib/python3.12/site-packages/airflow/example_dags/subdags/subdag.py
[2026-06-21T19:55:26.018-0500] {processor.py:842} WARNING - No viable dags retrieved from /Users/naga/Desktop/airflow_env/lib/python3.12/site-packages/airflow/example_dags/subdags/subdag.py
[2026-06-21T19:55:26.080-0500] {processor.py:183} INFO - Processing /Users/naga/Desktop/airflow_env/lib/python3.12/site-packages/airflow/example_dags/subdags/subdag.py took 0.068 seconds
[2026-06-21T19:56:50.953-0500] {processor.py:161} INFO - Started process (PID=62043) to work on /Users/naga/Desktop/airflow_env/lib/python3.12/site-packages/airflow/example_dags/subdags/subdag.py
[2026-06-21T19:56:50.954-0500] {processor.py:830} INFO - Processing file /Users/naga/Desktop/airflow_env/lib/python3.12/site-packages/airflow/example_dags/subdags/subdag.py for tasks to queue
[2026-06-21T19:56:50.954-0500] {logging_mixin.py:188} INFO - [2026-06-21T19:56:50.954-0500] {dagbag.py:545} INFO - Filling up the DagBag from /Users/naga/Desktop/airflow_env/lib/python3.12/site-packages/airflow/example_dags/subdags/subdag.py
[2026-06-21T19:56:50.956-0500] {processor.py:842} WARNING - No viable dags retrieved from /Users/naga/Desktop/airflow_env/lib/python3.12/site-packages/airflow/example_dags/subdags/subdag.py
[2026-06-21T19:56:51.020-0500] {processor.py:183} INFO - Processing /Users/naga/Desktop/airflow_env/lib/python3.12/site-packages/airflow/example_dags/subdags/subdag.py took 0.070 seconds
[2026-06-21T19:58:21.581-0500] {processor.py:161} INFO - Started process (PID=62125) to work on /Users/naga/Desktop/airflow_env/lib/python3.12/site-packages/airflow/example_dags/subdags/subdag.py
[2026-06-21T19:58:21.583-0500] {processor.py:830} INFO - Processing file /Users/naga/Desktop/airflow_env/lib/python3.12/site-packages/airflow/example_dags/subdags/subdag.py for tasks to queue
[2026-06-21T19:58:21.583-0500] {logging_mixin.py:188} INFO - [2026-06-21T19:58:21.583-0500] {dagbag.py:545} INFO - Filling up the DagBag from /Users/naga/Desktop/airflow_env/lib/python3.12/site-packages/airflow/example_dags/subdags/subdag.py
[2026-06-21T19:58:21.585-0500] {processor.py:842} WARNING - No viable dags retrieved from /Users/naga/Desktop/airflow_env/lib/python3.12/site-packages/airflow/example_dags/subdags/subdag.py
[2026-06-21T19:58:21.646-0500] {processor.py:183} INFO - Processing /Users/naga/Desktop/airflow_env/lib/python3.12/site-packages/airflow/example_dags/subdags/subdag.py took 0.067 seconds
[2026-06-21T19:59:48.262-0500] {processor.py:161} INFO - Started process (PID=62181) to work on /Users/naga/Desktop/airflow_env/lib/python3.12/site-packages/airflow/example_dags/subdags/subdag.py
[2026-06-21T19:59:48.263-0500] {processor.py:830} INFO - Processing file /Users/naga/Desktop/airflow_env/lib/python3.12/site-packages/airflow/example_dags/subdags/subdag.py for tasks to queue
[2026-06-21T19:59:48.264-0500] {logging_mixin.py:188} INFO - [2026-06-21T19:59:48.263-0500] {dagbag.py:545} INFO - Filling up the DagBag from /Users/naga/Desktop/airflow_env/lib/python3.12/site-packages/airflow/example_dags/subdags/subdag.py
[2026-06-21T19:59:48.265-0500] {processor.py:842} WARNING - No viable dags retrieved from /Users/naga/Desktop/airflow_env/lib/python3.12/site-packages/airflow/example_dags/subdags/subdag.py
[2026-06-21T19:59:48.326-0500] {processor.py:183} INFO - Processing /Users/naga/Desktop/airflow_env/lib/python3.12/site-packages/airflow/example_dags/subdags/subdag.py took 0.067 seconds
[2026-06-21T20:01:15.016-0500] {processor.py:161} INFO - Started process (PID=62255) to work on /Users/naga/Desktop/airflow_env/lib/python3.12/site-packages/airflow/example_dags/subdags/subdag.py
[2026-06-21T20:01:15.018-0500] {processor.py:830} INFO - Processing file /Users/naga/Desktop/airflow_env/lib/python3.12/site-packages/airflow/example_dags/subdags/subdag.py for tasks to queue
[2026-06-21T20:01:15.018-0500] {logging_mixin.py:188} INFO - [2026-06-21T20:01:15.018-0500] {dagbag.py:545} INFO - Filling up the DagBag from /Users/naga/Desktop/airflow_env/lib/python3.12/site-packages/airflow/example_dags/subdags/subdag.py
[2026-06-21T20:01:15.020-0500] {processor.py:842} WARNING - No viable dags retrieved from /Users/naga/Desktop/airflow_env/lib/python3.12/site-packages/airflow/example_dags/subdags/subdag.py
[2026-06-21T20:01:15.083-0500] {processor.py:183} INFO - Processing /Users/naga/Desktop/airflow_env/lib/python3.12/site-packages/airflow/example_dags/subdags/subdag.py took 0.069 seconds
[2026-06-21T20:02:40.263-0500] {processor.py:161} INFO - Started process (PID=62322) to work on /Users/naga/Desktop/airflow_env/lib/python3.12/site-packages/airflow/example_dags/subdags/subdag.py
[2026-06-21T20:02:40.264-0500] {processor.py:830} INFO - Processing file /Users/naga/Desktop/airflow_env/lib/python3.12/site-packages/airflow/example_dags/subdags/subdag.py for tasks to queue
[2026-06-21T20:02:40.264-0500] {logging_mixin.py:188} INFO - [2026-06-21T20:02:40.264-0500] {dagbag.py:545} INFO - Filling up the DagBag from /Users/naga/Desktop/airflow_env/lib/python3.12/site-packages/airflow/example_dags/subdags/subdag.py
[2026-06-21T20:02:40.266-0500] {processor.py:842} WARNING - No viable dags retrieved from /Users/naga/Desktop/airflow_env/lib/python3.12/site-packages/airflow/example_dags/subdags/subdag.py
[2026-06-21T20:02:40.328-0500] {processor.py:183} INFO - Processing /Users/naga/Desktop/airflow_env/lib/python3.12/site-packages/airflow/example_dags/subdags/subdag.py took 0.067 seconds
[2026-06-21T20:04:06.179-0500] {processor.py:161} INFO - Started process (PID=62393) to work on /Users/naga/Desktop/airflow_env/lib/python3.12/site-packages/airflow/example_dags/subdags/subdag.py
[2026-06-21T20:04:06.180-0500] {processor.py:830} INFO - Processing file /Users/naga/Desktop/airflow_env/lib/python3.12/site-packages/airflow/example_dags/subdags/subdag.py for tasks to queue
[2026-06-21T20:04:06.181-0500] {logging_mixin.py:188} INFO - [2026-06-21T20:04:06.181-0500] {dagbag.py:545} INFO - Filling up the DagBag from /Users/naga/Desktop/airflow_env/lib/python3.12/site-packages/airflow/example_dags/subdags/subdag.py
[2026-06-21T20:04:06.183-0500] {processor.py:842} WARNING - No viable dags retrieved from /Users/naga/Desktop/airflow_env/lib/python3.12/site-packages/airflow/example_dags/subdags/subdag.py
[2026-06-21T20:04:06.245-0500] {processor.py:183} INFO - Processing /Users/naga/Desktop/airflow_env/lib/python3.12/site-packages/airflow/example_dags/subdags/subdag.py took 0.068 seconds
[2026-06-21T20:05:33.182-0500] {processor.py:161} INFO - Started process (PID=62440) to work on /Users/naga/Desktop/airflow_env/lib/python3.12/site-packages/airflow/example_dags/subdags/subdag.py
[2026-06-21T20:05:33.183-0500] {processor.py:830} INFO - Processing file /Users/naga/Desktop/airflow_env/lib/python3.12/site-packages/airflow/example_dags/subdags/subdag.py for tasks to queue
[2026-06-21T20:05:33.184-0500] {logging_mixin.py:188} INFO - [2026-06-21T20:05:33.184-0500] {dagbag.py:545} INFO - Filling up the DagBag from /Users/naga/Desktop/airflow_env/lib/python3.12/site-packages/airflow/example_dags/subdags/subdag.py
[2026-06-21T20:05:33.186-0500] {processor.py:842} WARNING - No viable dags retrieved from /Users/naga/Desktop/airflow_env/lib/python3.12/site-packages/airflow/example_dags/subdags/subdag.py
[2026-06-21T20:05:33.248-0500] {processor.py:183} INFO - Processing /Users/naga/Desktop/airflow_env/lib/python3.12/site-packages/airflow/example_dags/subdags/subdag.py took 0.067 seconds
[2026-06-21T20:07:01.091-0500] {processor.py:161} INFO - Started process (PID=62517) to work on /Users/naga/Desktop/airflow_env/lib/python3.12/site-packages/airflow/example_dags/subdags/subdag.py
[2026-06-21T20:07:01.092-0500] {processor.py:830} INFO - Processing file /Users/naga/Desktop/airflow_env/lib/python3.12/site-packages/airflow/example_dags/subdags/subdag.py for tasks to queue
[2026-06-21T20:07:01.093-0500] {logging_mixin.py:188} INFO - [2026-06-21T20:07:01.092-0500] {dagbag.py:545} INFO - Filling up the DagBag from /Users/naga/Desktop/airflow_env/lib/python3.12/site-packages/airflow/example_dags/subdags/subdag.py
[2026-06-21T20:07:01.094-0500] {processor.py:842} WARNING - No viable dags retrieved from /Users/naga/Desktop/airflow_env/lib/python3.12/site-packages/airflow/example_dags/subdags/subdag.py
[2026-06-21T20:07:01.156-0500] {processor.py:183} INFO - Processing /Users/naga/Desktop/airflow_env/lib/python3.12/site-packages/airflow/example_dags/subdags/subdag.py took 0.068 seconds
[2026-06-21T20:08:35.310-0500] {processor.py:161} INFO - Started process (PID=62605) to work on /Users/naga/Desktop/airflow_env/lib/python3.12/site-packages/airflow/example_dags/subdags/subdag.py
[2026-06-21T20:08:35.312-0500] {processor.py:830} INFO - Processing file /Users/naga/Desktop/airflow_env/lib/python3.12/site-packages/airflow/example_dags/subdags/subdag.py for tasks to queue
[2026-06-21T20:08:35.312-0500] {logging_mixin.py:188} INFO - [2026-06-21T20:08:35.312-0500] {dagbag.py:545} INFO - Filling up the DagBag from /Users/naga/Desktop/airflow_env/lib/python3.12/site-packages/airflow/example_dags/subdags/subdag.py
[2026-06-21T20:08:35.314-0500] {processor.py:842} WARNING - No viable dags retrieved from /Users/naga/Desktop/airflow_env/lib/python3.12/site-packages/airflow/example_dags/subdags/subdag.py
[2026-06-21T20:08:35.376-0500] {processor.py:183} INFO - Processing /Users/naga/Desktop/airflow_env/lib/python3.12/site-packages/airflow/example_dags/subdags/subdag.py took 0.068 seconds
[2026-06-21T20:37:33.167-0500] {processor.py:161} INFO - Started process (PID=62719) to work on /Users/naga/Desktop/airflow_env/lib/python3.12/site-packages/airflow/example_dags/subdags/subdag.py
[2026-06-21T20:37:33.168-0500] {processor.py:830} INFO - Processing file /Users/naga/Desktop/airflow_env/lib/python3.12/site-packages/airflow/example_dags/subdags/subdag.py for tasks to queue
[2026-06-21T20:37:33.169-0500] {logging_mixin.py:188} INFO - [2026-06-21T20:37:33.169-0500] {dagbag.py:545} INFO - Filling up the DagBag from /Users/naga/Desktop/airflow_env/lib/python3.12/site-packages/airflow/example_dags/subdags/subdag.py
[2026-06-21T20:37:33.171-0500] {processor.py:842} WARNING - No viable dags retrieved from /Users/naga/Desktop/airflow_env/lib/python3.12/site-packages/airflow/example_dags/subdags/subdag.py
[2026-06-21T20:37:33.232-0500] {processor.py:183} INFO - Processing /Users/naga/Desktop/airflow_env/lib/python3.12/site-packages/airflow/example_dags/subdags/subdag.py took 0.067 seconds
[2026-06-21T20:39:06.542-0500] {processor.py:161} INFO - Started process (PID=62813) to work on /Users/naga/Desktop/airflow_env/lib/python3.12/site-packages/airflow/example_dags/subdags/subdag.py
[2026-06-21T20:39:06.544-0500] {processor.py:830} INFO - Processing file /Users/naga/Desktop/airflow_env/lib/python3.12/site-packages/airflow/example_dags/subdags/subdag.py for tasks to queue
[2026-06-21T20:39:06.544-0500] {logging_mixin.py:188} INFO - [2026-06-21T20:39:06.544-0500] {dagbag.py:545} INFO - Filling up the DagBag from /Users/naga/Desktop/airflow_env/lib/python3.12/site-packages/airflow/example_dags/subdags/subdag.py
[2026-06-21T20:39:06.546-0500] {processor.py:842} WARNING - No viable dags retrieved from /Users/naga/Desktop/airflow_env/lib/python3.12/site-packages/airflow/example_dags/subdags/subdag.py
[2026-06-21T20:39:06.609-0500] {processor.py:183} INFO - Processing /Users/naga/Desktop/airflow_env/lib/python3.12/site-packages/airflow/example_dags/subdags/subdag.py took 0.069 seconds
[2026-06-21T20:40:39.933-0500] {processor.py:161} INFO - Started process (PID=62964) to work on /Users/naga/Desktop/airflow_env/lib/python3.12/site-packages/airflow/example_dags/subdags/subdag.py
[2026-06-21T20:40:39.934-0500] {processor.py:830} INFO - Processing file /Users/naga/Desktop/airflow_env/lib/python3.12/site-packages/airflow/example_dags/subdags/subdag.py for tasks to queue
[2026-06-21T20:40:39.935-0500] {logging_mixin.py:188} INFO - [2026-06-21T20:40:39.935-0500] {dagbag.py:545} INFO - Filling up the DagBag from /Users/naga/Desktop/airflow_env/lib/python3.12/site-packages/airflow/example_dags/subdags/subdag.py
[2026-06-21T20:40:39.937-0500] {processor.py:842} WARNING - No viable dags retrieved from /Users/naga/Desktop/airflow_env/lib/python3.12/site-packages/airflow/example_dags/subdags/subdag.py
[2026-06-21T20:40:39.999-0500] {processor.py:183} INFO - Processing /Users/naga/Desktop/airflow_env/lib/python3.12/site-packages/airflow/example_dags/subdags/subdag.py took 0.068 seconds
[2026-06-21T20:42:12.827-0500] {processor.py:161} INFO - Started process (PID=63048) to work on /Users/naga/Desktop/airflow_env/lib/python3.12/site-packages/airflow/example_dags/subdags/subdag.py
[2026-06-21T20:42:12.828-0500] {processor.py:830} INFO - Processing file /Users/naga/Desktop/airflow_env/lib/python3.12/site-packages/airflow/example_dags/subdags/subdag.py for tasks to queue
[2026-06-21T20:42:12.829-0500] {logging_mixin.py:188} INFO - [2026-06-21T20:42:12.829-0500] {dagbag.py:545} INFO - Filling up the DagBag from /Users/naga/Desktop/airflow_env/lib/python3.12/site-packages/airflow/example_dags/subdags/subdag.py
[2026-06-21T20:42:12.830-0500] {processor.py:842} WARNING - No viable dags retrieved from /Users/naga/Desktop/airflow_env/lib/python3.12/site-packages/airflow/example_dags/subdags/subdag.py
[2026-06-21T20:42:12.892-0500] {processor.py:183} INFO - Processing /Users/naga/Desktop/airflow_env/lib/python3.12/site-packages/airflow/example_dags/subdags/subdag.py took 0.067 seconds
[2026-06-21T20:43:37.851-0500] {processor.py:161} INFO - Started process (PID=63163) to work on /Users/naga/Desktop/airflow_env/lib/python3.12/site-packages/airflow/example_dags/subdags/subdag.py
[2026-06-21T20:43:37.853-0500] {processor.py:830} INFO - Processing file /Users/naga/Desktop/airflow_env/lib/python3.12/site-packages/airflow/example_dags/subdags/subdag.py for tasks to queue
[2026-06-21T20:43:37.853-0500] {logging_mixin.py:188} INFO - [2026-06-21T20:43:37.853-0500] {dagbag.py:545} INFO - Filling up the DagBag from /Users/naga/Desktop/airflow_env/lib/python3.12/site-packages/airflow/example_dags/subdags/subdag.py
[2026-06-21T20:43:37.855-0500] {processor.py:842} WARNING - No viable dags retrieved from /Users/naga/Desktop/airflow_env/lib/python3.12/site-packages/airflow/example_dags/subdags/subdag.py
[2026-06-21T20:43:37.916-0500] {processor.py:183} INFO - Processing /Users/naga/Desktop/airflow_env/lib/python3.12/site-packages/airflow/example_dags/subdags/subdag.py took 0.067 seconds
[2026-06-21T20:45:03.271-0500] {processor.py:161} INFO - Started process (PID=63236) to work on /Users/naga/Desktop/airflow_env/lib/python3.12/site-packages/airflow/example_dags/subdags/subdag.py
[2026-06-21T20:45:03.272-0500] {processor.py:830} INFO - Processing file /Users/naga/Desktop/airflow_env/lib/python3.12/site-packages/airflow/example_dags/subdags/subdag.py for tasks to queue
[2026-06-21T20:45:03.272-0500] {logging_mixin.py:188} INFO - [2026-06-21T20:45:03.272-0500] {dagbag.py:545} INFO - Filling up the DagBag from /Users/naga/Desktop/airflow_env/lib/python3.12/site-packages/airflow/example_dags/subdags/subdag.py
[2026-06-21T20:45:03.274-0500] {processor.py:842} WARNING - No viable dags retrieved from /Users/naga/Desktop/airflow_env/lib/python3.12/site-packages/airflow/example_dags/subdags/subdag.py
[2026-06-21T20:45:03.335-0500] {processor.py:183} INFO - Processing /Users/naga/Desktop/airflow_env/lib/python3.12/site-packages/airflow/example_dags/subdags/subdag.py took 0.067 seconds
[2026-06-21T20:46:28.586-0500] {processor.py:161} INFO - Started process (PID=63302) to work on /Users/naga/Desktop/airflow_env/lib/python3.12/site-packages/airflow/example_dags/subdags/subdag.py
[2026-06-21T20:46:28.587-0500] {processor.py:830} INFO - Processing file /Users/naga/Desktop/airflow_env/lib/python3.12/site-packages/airflow/example_dags/subdags/subdag.py for tasks to queue
[2026-06-21T20:46:28.587-0500] {logging_mixin.py:188} INFO - [2026-06-21T20:46:28.587-0500] {dagbag.py:545} INFO - Filling up the DagBag from /Users/naga/Desktop/airflow_env/lib/python3.12/site-packages/airflow/example_dags/subdags/subdag.py
[2026-06-21T20:46:28.589-0500] {processor.py:842} WARNING - No viable dags retrieved from /Users/naga/Desktop/airflow_env/lib/python3.12/site-packages/airflow/example_dags/subdags/subdag.py
[2026-06-21T20:46:28.651-0500] {processor.py:183} INFO - Processing /Users/naga/Desktop/airflow_env/lib/python3.12/site-packages/airflow/example_dags/subdags/subdag.py took 0.067 seconds
[2026-06-21T20:47:53.690-0500] {processor.py:161} INFO - Started process (PID=63372) to work on /Users/naga/Desktop/airflow_env/lib/python3.12/site-packages/airflow/example_dags/subdags/subdag.py
[2026-06-21T20:47:53.692-0500] {processor.py:830} INFO - Processing file /Users/naga/Desktop/airflow_env/lib/python3.12/site-packages/airflow/example_dags/subdags/subdag.py for tasks to queue
[2026-06-21T20:47:53.692-0500] {logging_mixin.py:188} INFO - [2026-06-21T20:47:53.692-0500] {dagbag.py:545} INFO - Filling up the DagBag from /Users/naga/Desktop/airflow_env/lib/python3.12/site-packages/airflow/example_dags/subdags/subdag.py
[2026-06-21T20:47:53.694-0500] {processor.py:842} WARNING - No viable dags retrieved from /Users/naga/Desktop/airflow_env/lib/python3.12/site-packages/airflow/example_dags/subdags/subdag.py
[2026-06-21T20:47:53.758-0500] {processor.py:183} INFO - Processing /Users/naga/Desktop/airflow_env/lib/python3.12/site-packages/airflow/example_dags/subdags/subdag.py took 0.070 seconds
[2026-06-21T20:49:17.625-0500] {processor.py:161} INFO - Started process (PID=63440) to work on /Users/naga/Desktop/airflow_env/lib/python3.12/site-packages/airflow/example_dags/subdags/subdag.py
[2026-06-21T20:49:17.626-0500] {processor.py:830} INFO - Processing file /Users/naga/Desktop/airflow_env/lib/python3.12/site-packages/airflow/example_dags/subdags/subdag.py for tasks to queue
[2026-06-21T20:49:17.626-0500] {logging_mixin.py:188} INFO - [2026-06-21T20:49:17.626-0500] {dagbag.py:545} INFO - Filling up the DagBag from /Users/naga/Desktop/airflow_env/lib/python3.12/site-packages/airflow/example_dags/subdags/subdag.py
[2026-06-21T20:49:17.629-0500] {processor.py:842} WARNING - No viable dags retrieved from /Users/naga/Desktop/airflow_env/lib/python3.12/site-packages/airflow/example_dags/subdags/subdag.py
[2026-06-21T20:49:17.691-0500] {processor.py:183} INFO - Processing /Users/naga/Desktop/airflow_env/lib/python3.12/site-packages/airflow/example_dags/subdags/subdag.py took 0.068 seconds
[2026-06-21T20:50:45.921-0500] {processor.py:161} INFO - Started process (PID=63515) to work on /Users/naga/Desktop/airflow_env/lib/python3.12/site-packages/airflow/example_dags/subdags/subdag.py
[2026-06-21T20:50:45.922-0500] {processor.py:830} INFO - Processing file /Users/naga/Desktop/airflow_env/lib/python3.12/site-packages/airflow/example_dags/subdags/subdag.py for tasks to queue
[2026-06-21T20:50:45.922-0500] {logging_mixin.py:188} INFO - [2026-06-21T20:50:45.922-0500] {dagbag.py:545} INFO - Filling up the DagBag from /Users/naga/Desktop/airflow_env/lib/python3.12/site-packages/airflow/example_dags/subdags/subdag.py
[2026-06-21T20:50:45.924-0500] {processor.py:842} WARNING - No viable dags retrieved from /Users/naga/Desktop/airflow_env/lib/python3.12/site-packages/airflow/example_dags/subdags/subdag.py
[2026-06-21T20:50:45.988-0500] {processor.py:183} INFO - Processing /Users/naga/Desktop/airflow_env/lib/python3.12/site-packages/airflow/example_dags/subdags/subdag.py took 0.070 seconds
[2026-06-21T20:52:14.221-0500] {processor.py:161} INFO - Started process (PID=63564) to work on /Users/naga/Desktop/airflow_env/lib/python3.12/site-packages/airflow/example_dags/subdags/subdag.py
[2026-06-21T20:52:14.222-0500] {processor.py:830} INFO - Processing file /Users/naga/Desktop/airflow_env/lib/python3.12/site-packages/airflow/example_dags/subdags/subdag.py for tasks to queue
[2026-06-21T20:52:14.223-0500] {logging_mixin.py:188} INFO - [2026-06-21T20:52:14.222-0500] {dagbag.py:545} INFO - Filling up the DagBag from /Users/naga/Desktop/airflow_env/lib/python3.12/site-packages/airflow/example_dags/subdags/subdag.py
[2026-06-21T20:52:14.224-0500] {processor.py:842} WARNING - No viable dags retrieved from /Users/naga/Desktop/airflow_env/lib/python3.12/site-packages/airflow/example_dags/subdags/subdag.py
[2026-06-21T20:52:14.285-0500] {processor.py:183} INFO - Processing /Users/naga/Desktop/airflow_env/lib/python3.12/site-packages/airflow/example_dags/subdags/subdag.py took 0.067 seconds
[2026-06-21T20:53:41.068-0500] {processor.py:161} INFO - Started process (PID=63636) to work on /Users/naga/Desktop/airflow_env/lib/python3.12/site-packages/airflow/example_dags/subdags/subdag.py
[2026-06-21T20:53:41.070-0500] {processor.py:830} INFO - Processing file /Users/naga/Desktop/airflow_env/lib/python3.12/site-packages/airflow/example_dags/subdags/subdag.py for tasks to queue
[2026-06-21T20:53:41.070-0500] {logging_mixin.py:188} INFO - [2026-06-21T20:53:41.070-0500] {dagbag.py:545} INFO - Filling up the DagBag from /Users/naga/Desktop/airflow_env/lib/python3.12/site-packages/airflow/example_dags/subdags/subdag.py
[2026-06-21T20:53:41.072-0500] {processor.py:842} WARNING - No viable dags retrieved from /Users/naga/Desktop/airflow_env/lib/python3.12/site-packages/airflow/example_dags/subdags/subdag.py
[2026-06-21T20:53:41.133-0500] {processor.py:183} INFO - Processing /Users/naga/Desktop/airflow_env/lib/python3.12/site-packages/airflow/example_dags/subdags/subdag.py took 0.067 seconds
[2026-06-21T20:55:13.708-0500] {processor.py:161} INFO - Started process (PID=63820) to work on /Users/naga/Desktop/airflow_env/lib/python3.12/site-packages/airflow/example_dags/subdags/subdag.py
[2026-06-21T20:55:13.709-0500] {processor.py:830} INFO - Processing file /Users/naga/Desktop/airflow_env/lib/python3.12/site-packages/airflow/example_dags/subdags/subdag.py for tasks to queue
[2026-06-21T20:55:13.710-0500] {logging_mixin.py:188} INFO - [2026-06-21T20:55:13.710-0500] {dagbag.py:545} INFO - Filling up the DagBag from /Users/naga/Desktop/airflow_env/lib/python3.12/site-packages/airflow/example_dags/subdags/subdag.py
[2026-06-21T20:55:13.712-0500] {processor.py:842} WARNING - No viable dags retrieved from /Users/naga/Desktop/airflow_env/lib/python3.12/site-packages/airflow/example_dags/subdags/subdag.py
[2026-06-21T20:55:13.773-0500] {processor.py:183} INFO - Processing /Users/naga/Desktop/airflow_env/lib/python3.12/site-packages/airflow/example_dags/subdags/subdag.py took 0.067 seconds
[2026-06-21T20:56:42.079-0500] {processor.py:161} INFO - Started process (PID=63880) to work on /Users/naga/Desktop/airflow_env/lib/python3.12/site-packages/airflow/example_dags/subdags/subdag.py
[2026-06-21T20:56:42.080-0500] {processor.py:830} INFO - Processing file /Users/naga/Desktop/airflow_env/lib/python3.12/site-packages/airflow/example_dags/subdags/subdag.py for tasks to queue
[2026-06-21T20:56:42.081-0500] {logging_mixin.py:188} INFO - [2026-06-21T20:56:42.081-0500] {dagbag.py:545} INFO - Filling up the DagBag from /Users/naga/Desktop/airflow_env/lib/python3.12/site-packages/airflow/example_dags/subdags/subdag.py
[2026-06-21T20:56:42.083-0500] {processor.py:842} WARNING - No viable dags retrieved from /Users/naga/Desktop/airflow_env/lib/python3.12/site-packages/airflow/example_dags/subdags/subdag.py
[2026-06-21T20:56:42.146-0500] {processor.py:183} INFO - Processing /Users/naga/Desktop/airflow_env/lib/python3.12/site-packages/airflow/example_dags/subdags/subdag.py took 0.069 seconds
[2026-06-21T20:58:06.991-0500] {processor.py:161} INFO - Started process (PID=63965) to work on /Users/naga/Desktop/airflow_env/lib/python3.12/site-packages/airflow/example_dags/subdags/subdag.py
[2026-06-21T20:58:06.992-0500] {processor.py:830} INFO - Processing file /Users/naga/Desktop/airflow_env/lib/python3.12/site-packages/airflow/example_dags/subdags/subdag.py for tasks to queue
[2026-06-21T20:58:06.993-0500] {logging_mixin.py:188} INFO - [2026-06-21T20:58:06.993-0500] {dagbag.py:545} INFO - Filling up the DagBag from /Users/naga/Desktop/airflow_env/lib/python3.12/site-packages/airflow/example_dags/subdags/subdag.py
[2026-06-21T20:58:06.995-0500] {processor.py:842} WARNING - No viable dags retrieved from /Users/naga/Desktop/airflow_env/lib/python3.12/site-packages/airflow/example_dags/subdags/subdag.py
[2026-06-21T20:58:07.057-0500] {processor.py:183} INFO - Processing /Users/naga/Desktop/airflow_env/lib/python3.12/site-packages/airflow/example_dags/subdags/subdag.py took 0.068 seconds
[2026-06-21T21:41:46.288-0500] {processor.py:161} INFO - Started process (PID=64180) to work on /Users/naga/Desktop/airflow_env/lib/python3.12/site-packages/airflow/example_dags/subdags/subdag.py
[2026-06-21T21:41:46.290-0500] {processor.py:830} INFO - Processing file /Users/naga/Desktop/airflow_env/lib/python3.12/site-packages/airflow/example_dags/subdags/subdag.py for tasks to queue
[2026-06-21T21:41:46.290-0500] {logging_mixin.py:188} INFO - [2026-06-21T21:41:46.290-0500] {dagbag.py:545} INFO - Filling up the DagBag from /Users/naga/Desktop/airflow_env/lib/python3.12/site-packages/airflow/example_dags/subdags/subdag.py
[2026-06-21T21:41:46.292-0500] {processor.py:842} WARNING - No viable dags retrieved from /Users/naga/Desktop/airflow_env/lib/python3.12/site-packages/airflow/example_dags/subdags/subdag.py
[2026-06-21T21:41:46.354-0500] {processor.py:183} INFO - Processing /Users/naga/Desktop/airflow_env/lib/python3.12/site-packages/airflow/example_dags/subdags/subdag.py took 0.068 seconds
[2026-06-21T21:43:33.080-0500] {processor.py:161} INFO - Started process (PID=64289) to work on /Users/naga/Desktop/airflow_env/lib/python3.12/site-packages/airflow/example_dags/subdags/subdag.py
[2026-06-21T21:43:33.082-0500] {processor.py:830} INFO - Processing file /Users/naga/Desktop/airflow_env/lib/python3.12/site-packages/airflow/example_dags/subdags/subdag.py for tasks to queue
[2026-06-21T21:43:33.082-0500] {logging_mixin.py:188} INFO - [2026-06-21T21:43:33.082-0500] {dagbag.py:545} INFO - Filling up the DagBag from /Users/naga/Desktop/airflow_env/lib/python3.12/site-packages/airflow/example_dags/subdags/subdag.py
[2026-06-21T21:43:33.084-0500] {processor.py:842} WARNING - No viable dags retrieved from /Users/naga/Desktop/airflow_env/lib/python3.12/site-packages/airflow/example_dags/subdags/subdag.py
[2026-06-21T21:43:33.147-0500] {processor.py:183} INFO - Processing /Users/naga/Desktop/airflow_env/lib/python3.12/site-packages/airflow/example_dags/subdags/subdag.py took 0.069 seconds
[2026-06-21T21:45:04.945-0500] {processor.py:161} INFO - Started process (PID=64356) to work on /Users/naga/Desktop/airflow_env/lib/python3.12/site-packages/airflow/example_dags/subdags/subdag.py
[2026-06-21T21:45:04.946-0500] {processor.py:830} INFO - Processing file /Users/naga/Desktop/airflow_env/lib/python3.12/site-packages/airflow/example_dags/subdags/subdag.py for tasks to queue
[2026-06-21T21:45:04.947-0500] {logging_mixin.py:188} INFO - [2026-06-21T21:45:04.946-0500] {dagbag.py:545} INFO - Filling up the DagBag from /Users/naga/Desktop/airflow_env/lib/python3.12/site-packages/airflow/example_dags/subdags/subdag.py
[2026-06-21T21:45:04.948-0500] {processor.py:842} WARNING - No viable dags retrieved from /Users/naga/Desktop/airflow_env/lib/python3.12/site-packages/airflow/example_dags/subdags/subdag.py
[2026-06-21T21:45:05.012-0500] {processor.py:183} INFO - Processing /Users/naga/Desktop/airflow_env/lib/python3.12/site-packages/airflow/example_dags/subdags/subdag.py took 0.069 seconds
[2026-06-21T21:47:12.155-0500] {processor.py:161} INFO - Started process (PID=64629) to work on /Users/naga/Desktop/airflow_env/lib/python3.12/site-packages/airflow/example_dags/subdags/subdag.py
[2026-06-21T21:47:12.158-0500] {processor.py:830} INFO - Processing file /Users/naga/Desktop/airflow_env/lib/python3.12/site-packages/airflow/example_dags/subdags/subdag.py for tasks to queue
[2026-06-21T21:47:12.159-0500] {logging_mixin.py:188} INFO - [2026-06-21T21:47:12.158-0500] {dagbag.py:545} INFO - Filling up the DagBag from /Users/naga/Desktop/airflow_env/lib/python3.12/site-packages/airflow/example_dags/subdags/subdag.py
[2026-06-21T21:47:12.161-0500] {processor.py:842} WARNING - No viable dags retrieved from /Users/naga/Desktop/airflow_env/lib/python3.12/site-packages/airflow/example_dags/subdags/subdag.py
[2026-06-21T21:47:12.224-0500] {processor.py:183} INFO - Processing /Users/naga/Desktop/airflow_env/lib/python3.12/site-packages/airflow/example_dags/subdags/subdag.py took 0.072 seconds
[2026-06-21T21:48:45.890-0500] {processor.py:161} INFO - Started process (PID=64715) to work on /Users/naga/Desktop/airflow_env/lib/python3.12/site-packages/airflow/example_dags/subdags/subdag.py
[2026-06-21T21:48:45.891-0500] {processor.py:830} INFO - Processing file /Users/naga/Desktop/airflow_env/lib/python3.12/site-packages/airflow/example_dags/subdags/subdag.py for tasks to queue
[2026-06-21T21:48:45.891-0500] {logging_mixin.py:188} INFO - [2026-06-21T21:48:45.891-0500] {dagbag.py:545} INFO - Filling up the DagBag from /Users/naga/Desktop/airflow_env/lib/python3.12/site-packages/airflow/example_dags/subdags/subdag.py
[2026-06-21T21:48:45.893-0500] {processor.py:842} WARNING - No viable dags retrieved from /Users/naga/Desktop/airflow_env/lib/python3.12/site-packages/airflow/example_dags/subdags/subdag.py
[2026-06-21T21:48:45.955-0500] {processor.py:183} INFO - Processing /Users/naga/Desktop/airflow_env/lib/python3.12/site-packages/airflow/example_dags/subdags/subdag.py took 0.067 seconds
[2026-06-21T21:50:19.015-0500] {processor.py:161} INFO - Started process (PID=64788) to work on /Users/naga/Desktop/airflow_env/lib/python3.12/site-packages/airflow/example_dags/subdags/subdag.py
[2026-06-21T21:50:19.016-0500] {processor.py:830} INFO - Processing file /Users/naga/Desktop/airflow_env/lib/python3.12/site-packages/airflow/example_dags/subdags/subdag.py for tasks to queue
[2026-06-21T21:50:19.017-0500] {logging_mixin.py:188} INFO - [2026-06-21T21:50:19.016-0500] {dagbag.py:545} INFO - Filling up the DagBag from /Users/naga/Desktop/airflow_env/lib/python3.12/site-packages/airflow/example_dags/subdags/subdag.py
[2026-06-21T21:50:19.019-0500] {processor.py:842} WARNING - No viable dags retrieved from /Users/naga/Desktop/airflow_env/lib/python3.12/site-packages/airflow/example_dags/subdags/subdag.py
[2026-06-21T21:50:19.079-0500] {processor.py:183} INFO - Processing /Users/naga/Desktop/airflow_env/lib/python3.12/site-packages/airflow/example_dags/subdags/subdag.py took 0.067 seconds
[2026-06-21T21:50:46.753-0500] {processor.py:161} INFO - Started process (PID=64809) to work on /Users/naga/Desktop/airflow_env/lib/python3.12/site-packages/airflow/example_dags/subdags/subdag.py
[2026-06-21T21:50:46.755-0500] {processor.py:830} INFO - Processing file /Users/naga/Desktop/airflow_env/lib/python3.12/site-packages/airflow/example_dags/subdags/subdag.py for tasks to queue
[2026-06-21T21:50:46.755-0500] {logging_mixin.py:188} INFO - [2026-06-21T21:50:46.755-0500] {dagbag.py:545} INFO - Filling up the DagBag from /Users/naga/Desktop/airflow_env/lib/python3.12/site-packages/airflow/example_dags/subdags/subdag.py
[2026-06-21T21:50:46.757-0500] {processor.py:842} WARNING - No viable dags retrieved from /Users/naga/Desktop/airflow_env/lib/python3.12/site-packages/airflow/example_dags/subdags/subdag.py
[2026-06-21T21:50:46.817-0500] {processor.py:183} INFO - Processing /Users/naga/Desktop/airflow_env/lib/python3.12/site-packages/airflow/example_dags/subdags/subdag.py took 0.067 seconds
[2026-06-21T21:52:55.151-0500] {processor.py:161} INFO - Started process (PID=64932) to work on /Users/naga/Desktop/airflow_env/lib/python3.12/site-packages/airflow/example_dags/subdags/subdag.py
[2026-06-21T21:52:55.152-0500] {processor.py:830} INFO - Processing file /Users/naga/Desktop/airflow_env/lib/python3.12/site-packages/airflow/example_dags/subdags/subdag.py for tasks to queue
[2026-06-21T21:52:55.153-0500] {logging_mixin.py:188} INFO - [2026-06-21T21:52:55.152-0500] {dagbag.py:545} INFO - Filling up the DagBag from /Users/naga/Desktop/airflow_env/lib/python3.12/site-packages/airflow/example_dags/subdags/subdag.py
[2026-06-21T21:52:55.155-0500] {processor.py:842} WARNING - No viable dags retrieved from /Users/naga/Desktop/airflow_env/lib/python3.12/site-packages/airflow/example_dags/subdags/subdag.py
[2026-06-21T21:52:55.217-0500] {processor.py:183} INFO - Processing /Users/naga/Desktop/airflow_env/lib/python3.12/site-packages/airflow/example_dags/subdags/subdag.py took 0.068 seconds
[2026-06-21T21:54:43.636-0500] {processor.py:161} INFO - Started process (PID=65138) to work on /Users/naga/Desktop/airflow_env/lib/python3.12/site-packages/airflow/example_dags/subdags/subdag.py
[2026-06-21T21:54:43.641-0500] {processor.py:830} INFO - Processing file /Users/naga/Desktop/airflow_env/lib/python3.12/site-packages/airflow/example_dags/subdags/subdag.py for tasks to queue
[2026-06-21T21:54:43.642-0500] {logging_mixin.py:188} INFO - [2026-06-21T21:54:43.642-0500] {dagbag.py:545} INFO - Filling up the DagBag from /Users/naga/Desktop/airflow_env/lib/python3.12/site-packages/airflow/example_dags/subdags/subdag.py
[2026-06-21T21:54:43.646-0500] {processor.py:842} WARNING - No viable dags retrieved from /Users/naga/Desktop/airflow_env/lib/python3.12/site-packages/airflow/example_dags/subdags/subdag.py
[2026-06-21T21:54:43.833-0500] {processor.py:183} INFO - Processing /Users/naga/Desktop/airflow_env/lib/python3.12/site-packages/airflow/example_dags/subdags/subdag.py took 0.204 seconds
[2026-06-21T21:56:25.098-0500] {processor.py:161} INFO - Started process (PID=65460) to work on /Users/naga/Desktop/airflow_env/lib/python3.12/site-packages/airflow/example_dags/subdags/subdag.py
[2026-06-21T21:56:25.099-0500] {processor.py:830} INFO - Processing file /Users/naga/Desktop/airflow_env/lib/python3.12/site-packages/airflow/example_dags/subdags/subdag.py for tasks to queue
[2026-06-21T21:56:25.099-0500] {logging_mixin.py:188} INFO - [2026-06-21T21:56:25.099-0500] {dagbag.py:545} INFO - Filling up the DagBag from /Users/naga/Desktop/airflow_env/lib/python3.12/site-packages/airflow/example_dags/subdags/subdag.py
[2026-06-21T21:56:25.101-0500] {processor.py:842} WARNING - No viable dags retrieved from /Users/naga/Desktop/airflow_env/lib/python3.12/site-packages/airflow/example_dags/subdags/subdag.py
[2026-06-21T21:56:25.162-0500] {processor.py:183} INFO - Processing /Users/naga/Desktop/airflow_env/lib/python3.12/site-packages/airflow/example_dags/subdags/subdag.py took 0.067 seconds
