[2026-06-21T19:46:23.243-0500] {processor.py:161} INFO - Started process (PID=61461) to work on /Users/naga/Desktop/airflow_env/lib/python3.12/site-packages/airflow/example_dags/example_branch_python_dop_operator_3.py
[2026-06-21T19:46:23.244-0500] {processor.py:830} INFO - Processing file /Users/naga/Desktop/airflow_env/lib/python3.12/site-packages/airflow/example_dags/example_branch_python_dop_operator_3.py for tasks to queue
[2026-06-21T19:46:23.244-0500] {logging_mixin.py:188} INFO - [2026-06-21T19:46:23.244-0500] {dagbag.py:545} INFO - Filling up the DagBag from /Users/naga/Desktop/airflow_env/lib/python3.12/site-packages/airflow/example_dags/example_branch_python_dop_operator_3.py
[2026-06-21T19:46:23.280-0500] {processor.py:840} INFO - DAG(s) 'example_branch_dop_operator_v3' retrieved from /Users/naga/Desktop/airflow_env/lib/python3.12/site-packages/airflow/example_dags/example_branch_python_dop_operator_3.py
[2026-06-21T19:46:23.353-0500] {logging_mixin.py:188} INFO - [2026-06-21T19:46:23.353-0500] {dag.py:3089} INFO - Sync 1 DAGs
[2026-06-21T19:46:23.368-0500] {logging_mixin.py:188} INFO - [2026-06-21T19:46:23.368-0500] {dag.py:3947} INFO - Setting next_dagrun for example_branch_dop_operator_v3 to 2026-06-22 00:45:00+00:00, run_after=2026-06-22 00:46:00+00:00
[2026-06-21T19:46:23.381-0500] {processor.py:183} INFO - Processing /Users/naga/Desktop/airflow_env/lib/python3.12/site-packages/airflow/example_dags/example_branch_python_dop_operator_3.py took 0.140 seconds
[2026-06-21T19:49:23.099-0500] {processor.py:161} INFO - Started process (PID=61597) to work on /Users/naga/Desktop/airflow_env/lib/python3.12/site-packages/airflow/example_dags/example_branch_python_dop_operator_3.py
[2026-06-21T19:49:23.100-0500] {processor.py:830} INFO - Processing file /Users/naga/Desktop/airflow_env/lib/python3.12/site-packages/airflow/example_dags/example_branch_python_dop_operator_3.py for tasks to queue
[2026-06-21T19:49:23.101-0500] {logging_mixin.py:188} INFO - [2026-06-21T19:49:23.100-0500] {dagbag.py:545} INFO - Filling up the DagBag from /Users/naga/Desktop/airflow_env/lib/python3.12/site-packages/airflow/example_dags/example_branch_python_dop_operator_3.py
[2026-06-21T19:49:23.141-0500] {processor.py:840} INFO - DAG(s) 'example_branch_dop_operator_v3' retrieved from /Users/naga/Desktop/airflow_env/lib/python3.12/site-packages/airflow/example_dags/example_branch_python_dop_operator_3.py
[2026-06-21T19:49:23.223-0500] {logging_mixin.py:188} INFO - [2026-06-21T19:49:23.223-0500] {dag.py:3089} INFO - Sync 1 DAGs
[2026-06-21T19:49:23.239-0500] {logging_mixin.py:188} INFO - [2026-06-21T19:49:23.239-0500] {dag.py:3947} INFO - Setting next_dagrun for example_branch_dop_operator_v3 to 2026-06-22 00:48:00+00:00, run_after=2026-06-22 00:49:00+00:00
[2026-06-21T19:49:23.254-0500] {processor.py:183} INFO - Processing /Users/naga/Desktop/airflow_env/lib/python3.12/site-packages/airflow/example_dags/example_branch_python_dop_operator_3.py took 0.158 seconds
[2026-06-21T19:52:26.160-0500] {processor.py:161} INFO - Started process (PID=61856) to work on /Users/naga/Desktop/airflow_env/lib/python3.12/site-packages/airflow/example_dags/example_branch_python_dop_operator_3.py
[2026-06-21T19:52:26.161-0500] {processor.py:830} INFO - Processing file /Users/naga/Desktop/airflow_env/lib/python3.12/site-packages/airflow/example_dags/example_branch_python_dop_operator_3.py for tasks to queue
[2026-06-21T19:52:26.162-0500] {logging_mixin.py:188} INFO - [2026-06-21T19:52:26.162-0500] {dagbag.py:545} INFO - Filling up the DagBag from /Users/naga/Desktop/airflow_env/lib/python3.12/site-packages/airflow/example_dags/example_branch_python_dop_operator_3.py
[2026-06-21T19:52:26.196-0500] {processor.py:840} INFO - DAG(s) 'example_branch_dop_operator_v3' retrieved from /Users/naga/Desktop/airflow_env/lib/python3.12/site-packages/airflow/example_dags/example_branch_python_dop_operator_3.py
[2026-06-21T19:52:26.269-0500] {logging_mixin.py:188} INFO - [2026-06-21T19:52:26.269-0500] {dag.py:3089} INFO - Sync 1 DAGs
[2026-06-21T19:52:26.285-0500] {logging_mixin.py:188} INFO - [2026-06-21T19:52:26.284-0500] {dag.py:3947} INFO - Setting next_dagrun for example_branch_dop_operator_v3 to 2026-06-22 00:51:00+00:00, run_after=2026-06-22 00:52:00+00:00
[2026-06-21T19:52:26.298-0500] {processor.py:183} INFO - Processing /Users/naga/Desktop/airflow_env/lib/python3.12/site-packages/airflow/example_dags/example_branch_python_dop_operator_3.py took 0.141 seconds
[2026-06-21T19:55:15.477-0500] {processor.py:161} INFO - Started process (PID=61972) to work on /Users/naga/Desktop/airflow_env/lib/python3.12/site-packages/airflow/example_dags/example_branch_python_dop_operator_3.py
[2026-06-21T19:55:15.478-0500] {processor.py:830} INFO - Processing file /Users/naga/Desktop/airflow_env/lib/python3.12/site-packages/airflow/example_dags/example_branch_python_dop_operator_3.py for tasks to queue
[2026-06-21T19:55:15.479-0500] {logging_mixin.py:188} INFO - [2026-06-21T19:55:15.478-0500] {dagbag.py:545} INFO - Filling up the DagBag from /Users/naga/Desktop/airflow_env/lib/python3.12/site-packages/airflow/example_dags/example_branch_python_dop_operator_3.py
[2026-06-21T19:55:15.513-0500] {processor.py:840} INFO - DAG(s) 'example_branch_dop_operator_v3' retrieved from /Users/naga/Desktop/airflow_env/lib/python3.12/site-packages/airflow/example_dags/example_branch_python_dop_operator_3.py
[2026-06-21T19:55:15.585-0500] {logging_mixin.py:188} INFO - [2026-06-21T19:55:15.585-0500] {dag.py:3089} INFO - Sync 1 DAGs
[2026-06-21T19:55:15.601-0500] {logging_mixin.py:188} INFO - [2026-06-21T19:55:15.600-0500] {dag.py:3947} INFO - Setting next_dagrun for example_branch_dop_operator_v3 to 2026-06-22 00:54:00+00:00, run_after=2026-06-22 00:55:00+00:00
[2026-06-21T19:55:15.614-0500] {processor.py:183} INFO - Processing /Users/naga/Desktop/airflow_env/lib/python3.12/site-packages/airflow/example_dags/example_branch_python_dop_operator_3.py took 0.139 seconds
[2026-06-21T19:58:10.080-0500] {processor.py:161} INFO - Started process (PID=62119) to work on /Users/naga/Desktop/airflow_env/lib/python3.12/site-packages/airflow/example_dags/example_branch_python_dop_operator_3.py
[2026-06-21T19:58:10.081-0500] {processor.py:830} INFO - Processing file /Users/naga/Desktop/airflow_env/lib/python3.12/site-packages/airflow/example_dags/example_branch_python_dop_operator_3.py for tasks to queue
[2026-06-21T19:58:10.081-0500] {logging_mixin.py:188} INFO - [2026-06-21T19:58:10.081-0500] {dagbag.py:545} INFO - Filling up the DagBag from /Users/naga/Desktop/airflow_env/lib/python3.12/site-packages/airflow/example_dags/example_branch_python_dop_operator_3.py
[2026-06-21T19:58:10.115-0500] {processor.py:840} INFO - DAG(s) 'example_branch_dop_operator_v3' retrieved from /Users/naga/Desktop/airflow_env/lib/python3.12/site-packages/airflow/example_dags/example_branch_python_dop_operator_3.py
[2026-06-21T19:58:10.187-0500] {logging_mixin.py:188} INFO - [2026-06-21T19:58:10.187-0500] {dag.py:3089} INFO - Sync 1 DAGs
[2026-06-21T19:58:10.203-0500] {logging_mixin.py:188} INFO - [2026-06-21T19:58:10.202-0500] {dag.py:3947} INFO - Setting next_dagrun for example_branch_dop_operator_v3 to 2026-06-22 00:57:00+00:00, run_after=2026-06-22 00:58:00+00:00
[2026-06-21T19:58:10.216-0500] {processor.py:183} INFO - Processing /Users/naga/Desktop/airflow_env/lib/python3.12/site-packages/airflow/example_dags/example_branch_python_dop_operator_3.py took 0.138 seconds
[2026-06-21T20:01:02.459-0500] {processor.py:161} INFO - Started process (PID=62248) to work on /Users/naga/Desktop/airflow_env/lib/python3.12/site-packages/airflow/example_dags/example_branch_python_dop_operator_3.py
[2026-06-21T20:01:02.460-0500] {processor.py:830} INFO - Processing file /Users/naga/Desktop/airflow_env/lib/python3.12/site-packages/airflow/example_dags/example_branch_python_dop_operator_3.py for tasks to queue
[2026-06-21T20:01:02.461-0500] {logging_mixin.py:188} INFO - [2026-06-21T20:01:02.460-0500] {dagbag.py:545} INFO - Filling up the DagBag from /Users/naga/Desktop/airflow_env/lib/python3.12/site-packages/airflow/example_dags/example_branch_python_dop_operator_3.py
[2026-06-21T20:01:02.495-0500] {processor.py:840} INFO - DAG(s) 'example_branch_dop_operator_v3' retrieved from /Users/naga/Desktop/airflow_env/lib/python3.12/site-packages/airflow/example_dags/example_branch_python_dop_operator_3.py
[2026-06-21T20:01:02.566-0500] {logging_mixin.py:188} INFO - [2026-06-21T20:01:02.566-0500] {dag.py:3089} INFO - Sync 1 DAGs
[2026-06-21T20:01:02.582-0500] {logging_mixin.py:188} INFO - [2026-06-21T20:01:02.581-0500] {dag.py:3947} INFO - Setting next_dagrun for example_branch_dop_operator_v3 to 2026-06-22 01:00:00+00:00, run_after=2026-06-22 01:01:00+00:00
[2026-06-21T20:01:02.595-0500] {processor.py:183} INFO - Processing /Users/naga/Desktop/airflow_env/lib/python3.12/site-packages/airflow/example_dags/example_branch_python_dop_operator_3.py took 0.138 seconds
[2026-06-21T20:03:54.684-0500] {processor.py:161} INFO - Started process (PID=62382) to work on /Users/naga/Desktop/airflow_env/lib/python3.12/site-packages/airflow/example_dags/example_branch_python_dop_operator_3.py
[2026-06-21T20:03:54.685-0500] {processor.py:830} INFO - Processing file /Users/naga/Desktop/airflow_env/lib/python3.12/site-packages/airflow/example_dags/example_branch_python_dop_operator_3.py for tasks to queue
[2026-06-21T20:03:54.686-0500] {logging_mixin.py:188} INFO - [2026-06-21T20:03:54.686-0500] {dagbag.py:545} INFO - Filling up the DagBag from /Users/naga/Desktop/airflow_env/lib/python3.12/site-packages/airflow/example_dags/example_branch_python_dop_operator_3.py
[2026-06-21T20:03:54.720-0500] {processor.py:840} INFO - DAG(s) 'example_branch_dop_operator_v3' retrieved from /Users/naga/Desktop/airflow_env/lib/python3.12/site-packages/airflow/example_dags/example_branch_python_dop_operator_3.py
[2026-06-21T20:03:54.792-0500] {logging_mixin.py:188} INFO - [2026-06-21T20:03:54.792-0500] {dag.py:3089} INFO - Sync 1 DAGs
[2026-06-21T20:03:54.807-0500] {logging_mixin.py:188} INFO - [2026-06-21T20:03:54.807-0500] {dag.py:3947} INFO - Setting next_dagrun for example_branch_dop_operator_v3 to 2026-06-22 01:02:00+00:00, run_after=2026-06-22 01:03:00+00:00
[2026-06-21T20:03:54.820-0500] {processor.py:183} INFO - Processing /Users/naga/Desktop/airflow_env/lib/python3.12/site-packages/airflow/example_dags/example_branch_python_dop_operator_3.py took 0.139 seconds
[2026-06-21T20:06:49.900-0500] {processor.py:161} INFO - Started process (PID=62511) to work on /Users/naga/Desktop/airflow_env/lib/python3.12/site-packages/airflow/example_dags/example_branch_python_dop_operator_3.py
[2026-06-21T20:06:49.901-0500] {processor.py:830} INFO - Processing file /Users/naga/Desktop/airflow_env/lib/python3.12/site-packages/airflow/example_dags/example_branch_python_dop_operator_3.py for tasks to queue
[2026-06-21T20:06:49.901-0500] {logging_mixin.py:188} INFO - [2026-06-21T20:06:49.901-0500] {dagbag.py:545} INFO - Filling up the DagBag from /Users/naga/Desktop/airflow_env/lib/python3.12/site-packages/airflow/example_dags/example_branch_python_dop_operator_3.py
[2026-06-21T20:06:49.935-0500] {processor.py:840} INFO - DAG(s) 'example_branch_dop_operator_v3' retrieved from /Users/naga/Desktop/airflow_env/lib/python3.12/site-packages/airflow/example_dags/example_branch_python_dop_operator_3.py
[2026-06-21T20:06:50.006-0500] {logging_mixin.py:188} INFO - [2026-06-21T20:06:50.006-0500] {dag.py:3089} INFO - Sync 1 DAGs
[2026-06-21T20:06:50.021-0500] {logging_mixin.py:188} INFO - [2026-06-21T20:06:50.021-0500] {dag.py:3947} INFO - Setting next_dagrun for example_branch_dop_operator_v3 to 2026-06-22 01:05:00+00:00, run_after=2026-06-22 01:06:00+00:00
[2026-06-21T20:06:50.035-0500] {processor.py:183} INFO - Processing /Users/naga/Desktop/airflow_env/lib/python3.12/site-packages/airflow/example_dags/example_branch_python_dop_operator_3.py took 0.137 seconds
[2026-06-21T20:37:20.215-0500] {processor.py:161} INFO - Started process (PID=62711) to work on /Users/naga/Desktop/airflow_env/lib/python3.12/site-packages/airflow/example_dags/example_branch_python_dop_operator_3.py
[2026-06-21T20:37:20.216-0500] {processor.py:830} INFO - Processing file /Users/naga/Desktop/airflow_env/lib/python3.12/site-packages/airflow/example_dags/example_branch_python_dop_operator_3.py for tasks to queue
[2026-06-21T20:37:20.217-0500] {logging_mixin.py:188} INFO - [2026-06-21T20:37:20.217-0500] {dagbag.py:545} INFO - Filling up the DagBag from /Users/naga/Desktop/airflow_env/lib/python3.12/site-packages/airflow/example_dags/example_branch_python_dop_operator_3.py
[2026-06-21T20:37:20.252-0500] {processor.py:840} INFO - DAG(s) 'example_branch_dop_operator_v3' retrieved from /Users/naga/Desktop/airflow_env/lib/python3.12/site-packages/airflow/example_dags/example_branch_python_dop_operator_3.py
[2026-06-21T20:37:20.324-0500] {logging_mixin.py:188} INFO - [2026-06-21T20:37:20.324-0500] {dag.py:3089} INFO - Sync 1 DAGs
[2026-06-21T20:37:20.340-0500] {logging_mixin.py:188} INFO - [2026-06-21T20:37:20.339-0500] {dag.py:3947} INFO - Setting next_dagrun for example_branch_dop_operator_v3 to 2026-06-22 01:36:00+00:00, run_after=2026-06-22 01:37:00+00:00
[2026-06-21T20:37:20.353-0500] {processor.py:183} INFO - Processing /Users/naga/Desktop/airflow_env/lib/python3.12/site-packages/airflow/example_dags/example_branch_python_dop_operator_3.py took 0.140 seconds
[2026-06-21T20:40:26.547-0500] {processor.py:161} INFO - Started process (PID=62864) to work on /Users/naga/Desktop/airflow_env/lib/python3.12/site-packages/airflow/example_dags/example_branch_python_dop_operator_3.py
[2026-06-21T20:40:26.548-0500] {processor.py:830} INFO - Processing file /Users/naga/Desktop/airflow_env/lib/python3.12/site-packages/airflow/example_dags/example_branch_python_dop_operator_3.py for tasks to queue
[2026-06-21T20:40:26.549-0500] {logging_mixin.py:188} INFO - [2026-06-21T20:40:26.549-0500] {dagbag.py:545} INFO - Filling up the DagBag from /Users/naga/Desktop/airflow_env/lib/python3.12/site-packages/airflow/example_dags/example_branch_python_dop_operator_3.py
[2026-06-21T20:40:26.583-0500] {processor.py:840} INFO - DAG(s) 'example_branch_dop_operator_v3' retrieved from /Users/naga/Desktop/airflow_env/lib/python3.12/site-packages/airflow/example_dags/example_branch_python_dop_operator_3.py
[2026-06-21T20:40:26.685-0500] {logging_mixin.py:188} INFO - [2026-06-21T20:40:26.685-0500] {dag.py:3089} INFO - Sync 1 DAGs
[2026-06-21T20:40:26.701-0500] {logging_mixin.py:188} INFO - [2026-06-21T20:40:26.701-0500] {dag.py:3947} INFO - Setting next_dagrun for example_branch_dop_operator_v3 to 2026-06-22 01:39:00+00:00, run_after=2026-06-22 01:40:00+00:00
[2026-06-21T20:40:26.715-0500] {processor.py:183} INFO - Processing /Users/naga/Desktop/airflow_env/lib/python3.12/site-packages/airflow/example_dags/example_branch_python_dop_operator_3.py took 0.170 seconds
[2026-06-21T20:43:25.112-0500] {processor.py:161} INFO - Started process (PID=63140) to work on /Users/naga/Desktop/airflow_env/lib/python3.12/site-packages/airflow/example_dags/example_branch_python_dop_operator_3.py
[2026-06-21T20:43:25.113-0500] {processor.py:830} INFO - Processing file /Users/naga/Desktop/airflow_env/lib/python3.12/site-packages/airflow/example_dags/example_branch_python_dop_operator_3.py for tasks to queue
[2026-06-21T20:43:25.114-0500] {logging_mixin.py:188} INFO - [2026-06-21T20:43:25.114-0500] {dagbag.py:545} INFO - Filling up the DagBag from /Users/naga/Desktop/airflow_env/lib/python3.12/site-packages/airflow/example_dags/example_branch_python_dop_operator_3.py
[2026-06-21T20:43:25.148-0500] {processor.py:840} INFO - DAG(s) 'example_branch_dop_operator_v3' retrieved from /Users/naga/Desktop/airflow_env/lib/python3.12/site-packages/airflow/example_dags/example_branch_python_dop_operator_3.py
[2026-06-21T20:43:25.220-0500] {logging_mixin.py:188} INFO - [2026-06-21T20:43:25.220-0500] {dag.py:3089} INFO - Sync 1 DAGs
[2026-06-21T20:43:25.236-0500] {logging_mixin.py:188} INFO - [2026-06-21T20:43:25.236-0500] {dag.py:3947} INFO - Setting next_dagrun for example_branch_dop_operator_v3 to 2026-06-22 01:42:00+00:00, run_after=2026-06-22 01:43:00+00:00
[2026-06-21T20:43:25.250-0500] {processor.py:183} INFO - Processing /Users/naga/Desktop/airflow_env/lib/python3.12/site-packages/airflow/example_dags/example_branch_python_dop_operator_3.py took 0.139 seconds
[2026-06-21T20:46:18.119-0500] {processor.py:161} INFO - Started process (PID=63296) to work on /Users/naga/Desktop/airflow_env/lib/python3.12/site-packages/airflow/example_dags/example_branch_python_dop_operator_3.py
[2026-06-21T20:46:18.121-0500] {processor.py:830} INFO - Processing file /Users/naga/Desktop/airflow_env/lib/python3.12/site-packages/airflow/example_dags/example_branch_python_dop_operator_3.py for tasks to queue
[2026-06-21T20:46:18.121-0500] {logging_mixin.py:188} INFO - [2026-06-21T20:46:18.121-0500] {dagbag.py:545} INFO - Filling up the DagBag from /Users/naga/Desktop/airflow_env/lib/python3.12/site-packages/airflow/example_dags/example_branch_python_dop_operator_3.py
[2026-06-21T20:46:18.155-0500] {processor.py:840} INFO - DAG(s) 'example_branch_dop_operator_v3' retrieved from /Users/naga/Desktop/airflow_env/lib/python3.12/site-packages/airflow/example_dags/example_branch_python_dop_operator_3.py
[2026-06-21T20:46:18.227-0500] {logging_mixin.py:188} INFO - [2026-06-21T20:46:18.226-0500] {dag.py:3089} INFO - Sync 1 DAGs
[2026-06-21T20:46:18.242-0500] {logging_mixin.py:188} INFO - [2026-06-21T20:46:18.242-0500] {dag.py:3947} INFO - Setting next_dagrun for example_branch_dop_operator_v3 to 2026-06-22 01:45:00+00:00, run_after=2026-06-22 01:46:00+00:00
[2026-06-21T20:46:18.255-0500] {processor.py:183} INFO - Processing /Users/naga/Desktop/airflow_env/lib/python3.12/site-packages/airflow/example_dags/example_branch_python_dop_operator_3.py took 0.138 seconds
[2026-06-21T20:49:06.082-0500] {processor.py:161} INFO - Started process (PID=63434) to work on /Users/naga/Desktop/airflow_env/lib/python3.12/site-packages/airflow/example_dags/example_branch_python_dop_operator_3.py
[2026-06-21T20:49:06.084-0500] {processor.py:830} INFO - Processing file /Users/naga/Desktop/airflow_env/lib/python3.12/site-packages/airflow/example_dags/example_branch_python_dop_operator_3.py for tasks to queue
[2026-06-21T20:49:06.084-0500] {logging_mixin.py:188} INFO - [2026-06-21T20:49:06.084-0500] {dagbag.py:545} INFO - Filling up the DagBag from /Users/naga/Desktop/airflow_env/lib/python3.12/site-packages/airflow/example_dags/example_branch_python_dop_operator_3.py
[2026-06-21T20:49:06.119-0500] {processor.py:840} INFO - DAG(s) 'example_branch_dop_operator_v3' retrieved from /Users/naga/Desktop/airflow_env/lib/python3.12/site-packages/airflow/example_dags/example_branch_python_dop_operator_3.py
[2026-06-21T20:49:06.195-0500] {logging_mixin.py:188} INFO - [2026-06-21T20:49:06.195-0500] {dag.py:3089} INFO - Sync 1 DAGs
[2026-06-21T20:49:06.211-0500] {logging_mixin.py:188} INFO - [2026-06-21T20:49:06.211-0500] {dag.py:3947} INFO - Setting next_dagrun for example_branch_dop_operator_v3 to 2026-06-22 01:48:00+00:00, run_after=2026-06-22 01:49:00+00:00
[2026-06-21T20:49:06.225-0500] {processor.py:183} INFO - Processing /Users/naga/Desktop/airflow_env/lib/python3.12/site-packages/airflow/example_dags/example_branch_python_dop_operator_3.py took 0.145 seconds
[2026-06-21T20:52:02.797-0500] {processor.py:161} INFO - Started process (PID=63558) to work on /Users/naga/Desktop/airflow_env/lib/python3.12/site-packages/airflow/example_dags/example_branch_python_dop_operator_3.py
[2026-06-21T20:52:02.798-0500] {processor.py:830} INFO - Processing file /Users/naga/Desktop/airflow_env/lib/python3.12/site-packages/airflow/example_dags/example_branch_python_dop_operator_3.py for tasks to queue
[2026-06-21T20:52:02.799-0500] {logging_mixin.py:188} INFO - [2026-06-21T20:52:02.798-0500] {dagbag.py:545} INFO - Filling up the DagBag from /Users/naga/Desktop/airflow_env/lib/python3.12/site-packages/airflow/example_dags/example_branch_python_dop_operator_3.py
[2026-06-21T20:52:02.832-0500] {processor.py:840} INFO - DAG(s) 'example_branch_dop_operator_v3' retrieved from /Users/naga/Desktop/airflow_env/lib/python3.12/site-packages/airflow/example_dags/example_branch_python_dop_operator_3.py
[2026-06-21T20:52:02.902-0500] {logging_mixin.py:188} INFO - [2026-06-21T20:52:02.902-0500] {dag.py:3089} INFO - Sync 1 DAGs
[2026-06-21T20:52:02.918-0500] {logging_mixin.py:188} INFO - [2026-06-21T20:52:02.918-0500] {dag.py:3947} INFO - Setting next_dagrun for example_branch_dop_operator_v3 to 2026-06-22 01:51:00+00:00, run_after=2026-06-22 01:52:00+00:00
[2026-06-21T20:52:02.931-0500] {processor.py:183} INFO - Processing /Users/naga/Desktop/airflow_env/lib/python3.12/site-packages/airflow/example_dags/example_branch_python_dop_operator_3.py took 0.137 seconds
[2026-06-21T20:55:02.763-0500] {processor.py:161} INFO - Started process (PID=63813) to work on /Users/naga/Desktop/airflow_env/lib/python3.12/site-packages/airflow/example_dags/example_branch_python_dop_operator_3.py
[2026-06-21T20:55:02.764-0500] {processor.py:830} INFO - Processing file /Users/naga/Desktop/airflow_env/lib/python3.12/site-packages/airflow/example_dags/example_branch_python_dop_operator_3.py for tasks to queue
[2026-06-21T20:55:02.765-0500] {logging_mixin.py:188} INFO - [2026-06-21T20:55:02.765-0500] {dagbag.py:545} INFO - Filling up the DagBag from /Users/naga/Desktop/airflow_env/lib/python3.12/site-packages/airflow/example_dags/example_branch_python_dop_operator_3.py
[2026-06-21T20:55:02.798-0500] {processor.py:840} INFO - DAG(s) 'example_branch_dop_operator_v3' retrieved from /Users/naga/Desktop/airflow_env/lib/python3.12/site-packages/airflow/example_dags/example_branch_python_dop_operator_3.py
[2026-06-21T20:55:02.870-0500] {logging_mixin.py:188} INFO - [2026-06-21T20:55:02.870-0500] {dag.py:3089} INFO - Sync 1 DAGs
[2026-06-21T20:55:02.885-0500] {logging_mixin.py:188} INFO - [2026-06-21T20:55:02.885-0500] {dag.py:3947} INFO - Setting next_dagrun for example_branch_dop_operator_v3 to 2026-06-22 01:54:00+00:00, run_after=2026-06-22 01:55:00+00:00
[2026-06-21T20:55:02.900-0500] {processor.py:183} INFO - Processing /Users/naga/Desktop/airflow_env/lib/python3.12/site-packages/airflow/example_dags/example_branch_python_dop_operator_3.py took 0.139 seconds
[2026-06-21T20:57:55.591-0500] {processor.py:161} INFO - Started process (PID=63956) to work on /Users/naga/Desktop/airflow_env/lib/python3.12/site-packages/airflow/example_dags/example_branch_python_dop_operator_3.py
[2026-06-21T20:57:55.592-0500] {processor.py:830} INFO - Processing file /Users/naga/Desktop/airflow_env/lib/python3.12/site-packages/airflow/example_dags/example_branch_python_dop_operator_3.py for tasks to queue
[2026-06-21T20:57:55.592-0500] {logging_mixin.py:188} INFO - [2026-06-21T20:57:55.592-0500] {dagbag.py:545} INFO - Filling up the DagBag from /Users/naga/Desktop/airflow_env/lib/python3.12/site-packages/airflow/example_dags/example_branch_python_dop_operator_3.py
[2026-06-21T20:57:55.628-0500] {processor.py:840} INFO - DAG(s) 'example_branch_dop_operator_v3' retrieved from /Users/naga/Desktop/airflow_env/lib/python3.12/site-packages/airflow/example_dags/example_branch_python_dop_operator_3.py
[2026-06-21T20:57:55.702-0500] {logging_mixin.py:188} INFO - [2026-06-21T20:57:55.702-0500] {dag.py:3089} INFO - Sync 1 DAGs
[2026-06-21T20:57:55.718-0500] {logging_mixin.py:188} INFO - [2026-06-21T20:57:55.718-0500] {dag.py:3947} INFO - Setting next_dagrun for example_branch_dop_operator_v3 to 2026-06-22 01:56:00+00:00, run_after=2026-06-22 01:57:00+00:00
[2026-06-21T20:57:55.732-0500] {processor.py:183} INFO - Processing /Users/naga/Desktop/airflow_env/lib/python3.12/site-packages/airflow/example_dags/example_branch_python_dop_operator_3.py took 0.145 seconds
[2026-06-21T21:43:21.542-0500] {processor.py:161} INFO - Started process (PID=64283) to work on /Users/naga/Desktop/airflow_env/lib/python3.12/site-packages/airflow/example_dags/example_branch_python_dop_operator_3.py
[2026-06-21T21:43:21.544-0500] {processor.py:830} INFO - Processing file /Users/naga/Desktop/airflow_env/lib/python3.12/site-packages/airflow/example_dags/example_branch_python_dop_operator_3.py for tasks to queue
[2026-06-21T21:43:21.544-0500] {logging_mixin.py:188} INFO - [2026-06-21T21:43:21.544-0500] {dagbag.py:545} INFO - Filling up the DagBag from /Users/naga/Desktop/airflow_env/lib/python3.12/site-packages/airflow/example_dags/example_branch_python_dop_operator_3.py
[2026-06-21T21:43:21.579-0500] {processor.py:840} INFO - DAG(s) 'example_branch_dop_operator_v3' retrieved from /Users/naga/Desktop/airflow_env/lib/python3.12/site-packages/airflow/example_dags/example_branch_python_dop_operator_3.py
[2026-06-21T21:43:21.653-0500] {logging_mixin.py:188} INFO - [2026-06-21T21:43:21.653-0500] {dag.py:3089} INFO - Sync 1 DAGs
[2026-06-21T21:43:21.668-0500] {logging_mixin.py:188} INFO - [2026-06-21T21:43:21.668-0500] {dag.py:3947} INFO - Setting next_dagrun for example_branch_dop_operator_v3 to 2026-06-22 02:42:00+00:00, run_after=2026-06-22 02:43:00+00:00
[2026-06-21T21:43:21.683-0500] {processor.py:183} INFO - Processing /Users/naga/Desktop/airflow_env/lib/python3.12/site-packages/airflow/example_dags/example_branch_python_dop_operator_3.py took 0.143 seconds
[2026-06-21T21:46:30.195-0500] {processor.py:161} INFO - Started process (PID=64563) to work on /Users/naga/Desktop/airflow_env/lib/python3.12/site-packages/airflow/example_dags/example_branch_python_dop_operator_3.py
[2026-06-21T21:46:30.196-0500] {processor.py:830} INFO - Processing file /Users/naga/Desktop/airflow_env/lib/python3.12/site-packages/airflow/example_dags/example_branch_python_dop_operator_3.py for tasks to queue
[2026-06-21T21:46:30.197-0500] {logging_mixin.py:188} INFO - [2026-06-21T21:46:30.197-0500] {dagbag.py:545} INFO - Filling up the DagBag from /Users/naga/Desktop/airflow_env/lib/python3.12/site-packages/airflow/example_dags/example_branch_python_dop_operator_3.py
[2026-06-21T21:46:30.232-0500] {processor.py:840} INFO - DAG(s) 'example_branch_dop_operator_v3' retrieved from /Users/naga/Desktop/airflow_env/lib/python3.12/site-packages/airflow/example_dags/example_branch_python_dop_operator_3.py
[2026-06-21T21:46:30.306-0500] {logging_mixin.py:188} INFO - [2026-06-21T21:46:30.305-0500] {dag.py:3089} INFO - Sync 1 DAGs
[2026-06-21T21:46:30.321-0500] {logging_mixin.py:188} INFO - [2026-06-21T21:46:30.321-0500] {dag.py:3947} INFO - Setting next_dagrun for example_branch_dop_operator_v3 to 2026-06-22 02:45:00+00:00, run_after=2026-06-22 02:46:00+00:00
[2026-06-21T21:46:30.337-0500] {processor.py:183} INFO - Processing /Users/naga/Desktop/airflow_env/lib/python3.12/site-packages/airflow/example_dags/example_branch_python_dop_operator_3.py took 0.144 seconds
[2026-06-21T21:50:06.215-0500] {processor.py:161} INFO - Started process (PID=64782) to work on /Users/naga/Desktop/airflow_env/lib/python3.12/site-packages/airflow/example_dags/example_branch_python_dop_operator_3.py
[2026-06-21T21:50:06.217-0500] {processor.py:830} INFO - Processing file /Users/naga/Desktop/airflow_env/lib/python3.12/site-packages/airflow/example_dags/example_branch_python_dop_operator_3.py for tasks to queue
[2026-06-21T21:50:06.217-0500] {logging_mixin.py:188} INFO - [2026-06-21T21:50:06.217-0500] {dagbag.py:545} INFO - Filling up the DagBag from /Users/naga/Desktop/airflow_env/lib/python3.12/site-packages/airflow/example_dags/example_branch_python_dop_operator_3.py
[2026-06-21T21:50:06.253-0500] {processor.py:840} INFO - DAG(s) 'example_branch_dop_operator_v3' retrieved from /Users/naga/Desktop/airflow_env/lib/python3.12/site-packages/airflow/example_dags/example_branch_python_dop_operator_3.py
[2026-06-21T21:50:06.327-0500] {logging_mixin.py:188} INFO - [2026-06-21T21:50:06.327-0500] {dag.py:3089} INFO - Sync 1 DAGs
[2026-06-21T21:50:06.343-0500] {logging_mixin.py:188} INFO - [2026-06-21T21:50:06.342-0500] {dag.py:3947} INFO - Setting next_dagrun for example_branch_dop_operator_v3 to 2026-06-22 02:49:00+00:00, run_after=2026-06-22 02:50:00+00:00
[2026-06-21T21:50:06.358-0500] {processor.py:183} INFO - Processing /Users/naga/Desktop/airflow_env/lib/python3.12/site-packages/airflow/example_dags/example_branch_python_dop_operator_3.py took 0.144 seconds
[2026-06-21T21:52:30.442-0500] {processor.py:161} INFO - Started process (PID=64891) to work on /Users/naga/Desktop/airflow_env/lib/python3.12/site-packages/airflow/example_dags/example_branch_python_dop_operator_3.py
[2026-06-21T21:52:30.444-0500] {processor.py:830} INFO - Processing file /Users/naga/Desktop/airflow_env/lib/python3.12/site-packages/airflow/example_dags/example_branch_python_dop_operator_3.py for tasks to queue
[2026-06-21T21:52:30.444-0500] {logging_mixin.py:188} INFO - [2026-06-21T21:52:30.444-0500] {dagbag.py:545} INFO - Filling up the DagBag from /Users/naga/Desktop/airflow_env/lib/python3.12/site-packages/airflow/example_dags/example_branch_python_dop_operator_3.py
[2026-06-21T21:52:30.482-0500] {processor.py:840} INFO - DAG(s) 'example_branch_dop_operator_v3' retrieved from /Users/naga/Desktop/airflow_env/lib/python3.12/site-packages/airflow/example_dags/example_branch_python_dop_operator_3.py
[2026-06-21T21:52:30.566-0500] {logging_mixin.py:188} INFO - [2026-06-21T21:52:30.566-0500] {dag.py:3089} INFO - Sync 1 DAGs
[2026-06-21T21:52:30.624-0500] {logging_mixin.py:188} INFO - [2026-06-21T21:52:30.623-0500] {dag.py:3947} INFO - Setting next_dagrun for example_branch_dop_operator_v3 to 2026-06-22 02:51:00+00:00, run_after=2026-06-22 02:52:00+00:00
[2026-06-21T21:52:30.648-0500] {processor.py:183} INFO - Processing /Users/naga/Desktop/airflow_env/lib/python3.12/site-packages/airflow/example_dags/example_branch_python_dop_operator_3.py took 0.208 seconds
[2026-06-21T21:56:02.317-0500] {processor.py:161} INFO - Started process (PID=65378) to work on /Users/naga/Desktop/airflow_env/lib/python3.12/site-packages/airflow/example_dags/example_branch_python_dop_operator_3.py
[2026-06-21T21:56:02.319-0500] {processor.py:830} INFO - Processing file /Users/naga/Desktop/airflow_env/lib/python3.12/site-packages/airflow/example_dags/example_branch_python_dop_operator_3.py for tasks to queue
[2026-06-21T21:56:02.319-0500] {logging_mixin.py:188} INFO - [2026-06-21T21:56:02.319-0500] {dagbag.py:545} INFO - Filling up the DagBag from /Users/naga/Desktop/airflow_env/lib/python3.12/site-packages/airflow/example_dags/example_branch_python_dop_operator_3.py
[2026-06-21T21:56:02.364-0500] {processor.py:840} INFO - DAG(s) 'example_branch_dop_operator_v3' retrieved from /Users/naga/Desktop/airflow_env/lib/python3.12/site-packages/airflow/example_dags/example_branch_python_dop_operator_3.py
[2026-06-21T21:56:02.441-0500] {logging_mixin.py:188} INFO - [2026-06-21T21:56:02.441-0500] {dag.py:3089} INFO - Sync 1 DAGs
[2026-06-21T21:56:02.457-0500] {logging_mixin.py:188} INFO - [2026-06-21T21:56:02.457-0500] {dag.py:3947} INFO - Setting next_dagrun for example_branch_dop_operator_v3 to 2026-06-22 02:55:00+00:00, run_after=2026-06-22 02:56:00+00:00
[2026-06-21T21:56:02.473-0500] {processor.py:183} INFO - Processing /Users/naga/Desktop/airflow_env/lib/python3.12/site-packages/airflow/example_dags/example_branch_python_dop_operator_3.py took 0.158 seconds
