[2026-06-21T19:47:54.378-0500] {processor.py:161} INFO - Started process (PID=61537) to work on /Users/naga/Desktop/airflow_env/lib/python3.12/site-packages/airflow/example_dags/example_kubernetes_executor.py
[2026-06-21T19:47:54.379-0500] {processor.py:830} INFO - Processing file /Users/naga/Desktop/airflow_env/lib/python3.12/site-packages/airflow/example_dags/example_kubernetes_executor.py for tasks to queue
[2026-06-21T19:47:54.379-0500] {logging_mixin.py:188} INFO - [2026-06-21T19:47:54.379-0500] {dagbag.py:545} INFO - Filling up the DagBag from /Users/naga/Desktop/airflow_env/lib/python3.12/site-packages/airflow/example_dags/example_kubernetes_executor.py
[2026-06-21T19:47:54.410-0500] {logging_mixin.py:188} INFO - [2026-06-21T19:47:54.410-0500] {example_kubernetes_executor.py:39} WARNING - The example_kubernetes_executor example DAG requires the kubernetes provider. Please install it with: pip install apache-airflow[cncf.kubernetes]
[2026-06-21T19:47:54.410-0500] {processor.py:842} WARNING - No viable dags retrieved from /Users/naga/Desktop/airflow_env/lib/python3.12/site-packages/airflow/example_dags/example_kubernetes_executor.py
[2026-06-21T19:47:54.468-0500] {processor.py:183} INFO - Processing /Users/naga/Desktop/airflow_env/lib/python3.12/site-packages/airflow/example_dags/example_kubernetes_executor.py took 0.092 seconds
[2026-06-21T19:51:01.518-0500] {processor.py:161} INFO - Started process (PID=61780) to work on /Users/naga/Desktop/airflow_env/lib/python3.12/site-packages/airflow/example_dags/example_kubernetes_executor.py
[2026-06-21T19:51:01.519-0500] {processor.py:830} INFO - Processing file /Users/naga/Desktop/airflow_env/lib/python3.12/site-packages/airflow/example_dags/example_kubernetes_executor.py for tasks to queue
[2026-06-21T19:51:01.520-0500] {logging_mixin.py:188} INFO - [2026-06-21T19:51:01.520-0500] {dagbag.py:545} INFO - Filling up the DagBag from /Users/naga/Desktop/airflow_env/lib/python3.12/site-packages/airflow/example_dags/example_kubernetes_executor.py
[2026-06-21T19:51:01.551-0500] {logging_mixin.py:188} INFO - [2026-06-21T19:51:01.551-0500] {example_kubernetes_executor.py:39} WARNING - The example_kubernetes_executor example DAG requires the kubernetes provider. Please install it with: pip install apache-airflow[cncf.kubernetes]
[2026-06-21T19:51:01.551-0500] {processor.py:842} WARNING - No viable dags retrieved from /Users/naga/Desktop/airflow_env/lib/python3.12/site-packages/airflow/example_dags/example_kubernetes_executor.py
[2026-06-21T19:51:01.612-0500] {processor.py:183} INFO - Processing /Users/naga/Desktop/airflow_env/lib/python3.12/site-packages/airflow/example_dags/example_kubernetes_executor.py took 0.096 seconds
[2026-06-21T19:53:49.833-0500] {processor.py:161} INFO - Started process (PID=61904) to work on /Users/naga/Desktop/airflow_env/lib/python3.12/site-packages/airflow/example_dags/example_kubernetes_executor.py
[2026-06-21T19:53:49.834-0500] {processor.py:830} INFO - Processing file /Users/naga/Desktop/airflow_env/lib/python3.12/site-packages/airflow/example_dags/example_kubernetes_executor.py for tasks to queue
[2026-06-21T19:53:49.835-0500] {logging_mixin.py:188} INFO - [2026-06-21T19:53:49.835-0500] {dagbag.py:545} INFO - Filling up the DagBag from /Users/naga/Desktop/airflow_env/lib/python3.12/site-packages/airflow/example_dags/example_kubernetes_executor.py
[2026-06-21T19:53:49.866-0500] {logging_mixin.py:188} INFO - [2026-06-21T19:53:49.866-0500] {example_kubernetes_executor.py:39} WARNING - The example_kubernetes_executor example DAG requires the kubernetes provider. Please install it with: pip install apache-airflow[cncf.kubernetes]
[2026-06-21T19:53:49.866-0500] {processor.py:842} WARNING - No viable dags retrieved from /Users/naga/Desktop/airflow_env/lib/python3.12/site-packages/airflow/example_dags/example_kubernetes_executor.py
[2026-06-21T19:53:49.928-0500] {processor.py:183} INFO - Processing /Users/naga/Desktop/airflow_env/lib/python3.12/site-packages/airflow/example_dags/example_kubernetes_executor.py took 0.097 seconds
[2026-06-21T19:56:38.042-0500] {processor.py:161} INFO - Started process (PID=62036) to work on /Users/naga/Desktop/airflow_env/lib/python3.12/site-packages/airflow/example_dags/example_kubernetes_executor.py
[2026-06-21T19:56:38.043-0500] {processor.py:830} INFO - Processing file /Users/naga/Desktop/airflow_env/lib/python3.12/site-packages/airflow/example_dags/example_kubernetes_executor.py for tasks to queue
[2026-06-21T19:56:38.043-0500] {logging_mixin.py:188} INFO - [2026-06-21T19:56:38.043-0500] {dagbag.py:545} INFO - Filling up the DagBag from /Users/naga/Desktop/airflow_env/lib/python3.12/site-packages/airflow/example_dags/example_kubernetes_executor.py
[2026-06-21T19:56:38.074-0500] {logging_mixin.py:188} INFO - [2026-06-21T19:56:38.073-0500] {example_kubernetes_executor.py:39} WARNING - The example_kubernetes_executor example DAG requires the kubernetes provider. Please install it with: pip install apache-airflow[cncf.kubernetes]
[2026-06-21T19:56:38.074-0500] {processor.py:842} WARNING - No viable dags retrieved from /Users/naga/Desktop/airflow_env/lib/python3.12/site-packages/airflow/example_dags/example_kubernetes_executor.py
[2026-06-21T19:56:38.132-0500] {processor.py:183} INFO - Processing /Users/naga/Desktop/airflow_env/lib/python3.12/site-packages/airflow/example_dags/example_kubernetes_executor.py took 0.093 seconds
[2026-06-21T19:59:35.384-0500] {processor.py:161} INFO - Started process (PID=62174) to work on /Users/naga/Desktop/airflow_env/lib/python3.12/site-packages/airflow/example_dags/example_kubernetes_executor.py
[2026-06-21T19:59:35.385-0500] {processor.py:830} INFO - Processing file /Users/naga/Desktop/airflow_env/lib/python3.12/site-packages/airflow/example_dags/example_kubernetes_executor.py for tasks to queue
[2026-06-21T19:59:35.385-0500] {logging_mixin.py:188} INFO - [2026-06-21T19:59:35.385-0500] {dagbag.py:545} INFO - Filling up the DagBag from /Users/naga/Desktop/airflow_env/lib/python3.12/site-packages/airflow/example_dags/example_kubernetes_executor.py
[2026-06-21T19:59:35.416-0500] {logging_mixin.py:188} INFO - [2026-06-21T19:59:35.416-0500] {example_kubernetes_executor.py:39} WARNING - The example_kubernetes_executor example DAG requires the kubernetes provider. Please install it with: pip install apache-airflow[cncf.kubernetes]
[2026-06-21T19:59:35.416-0500] {processor.py:842} WARNING - No viable dags retrieved from /Users/naga/Desktop/airflow_env/lib/python3.12/site-packages/airflow/example_dags/example_kubernetes_executor.py
[2026-06-21T19:59:35.475-0500] {processor.py:183} INFO - Processing /Users/naga/Desktop/airflow_env/lib/python3.12/site-packages/airflow/example_dags/example_kubernetes_executor.py took 0.094 seconds
[2026-06-21T20:02:27.361-0500] {processor.py:161} INFO - Started process (PID=62315) to work on /Users/naga/Desktop/airflow_env/lib/python3.12/site-packages/airflow/example_dags/example_kubernetes_executor.py
[2026-06-21T20:02:27.362-0500] {processor.py:830} INFO - Processing file /Users/naga/Desktop/airflow_env/lib/python3.12/site-packages/airflow/example_dags/example_kubernetes_executor.py for tasks to queue
[2026-06-21T20:02:27.363-0500] {logging_mixin.py:188} INFO - [2026-06-21T20:02:27.363-0500] {dagbag.py:545} INFO - Filling up the DagBag from /Users/naga/Desktop/airflow_env/lib/python3.12/site-packages/airflow/example_dags/example_kubernetes_executor.py
[2026-06-21T20:02:27.393-0500] {logging_mixin.py:188} INFO - [2026-06-21T20:02:27.393-0500] {example_kubernetes_executor.py:39} WARNING - The example_kubernetes_executor example DAG requires the kubernetes provider. Please install it with: pip install apache-airflow[cncf.kubernetes]
[2026-06-21T20:02:27.393-0500] {processor.py:842} WARNING - No viable dags retrieved from /Users/naga/Desktop/airflow_env/lib/python3.12/site-packages/airflow/example_dags/example_kubernetes_executor.py
[2026-06-21T20:02:27.451-0500] {processor.py:183} INFO - Processing /Users/naga/Desktop/airflow_env/lib/python3.12/site-packages/airflow/example_dags/example_kubernetes_executor.py took 0.092 seconds
[2026-06-21T20:05:20.298-0500] {processor.py:161} INFO - Started process (PID=62433) to work on /Users/naga/Desktop/airflow_env/lib/python3.12/site-packages/airflow/example_dags/example_kubernetes_executor.py
[2026-06-21T20:05:20.299-0500] {processor.py:830} INFO - Processing file /Users/naga/Desktop/airflow_env/lib/python3.12/site-packages/airflow/example_dags/example_kubernetes_executor.py for tasks to queue
[2026-06-21T20:05:20.299-0500] {logging_mixin.py:188} INFO - [2026-06-21T20:05:20.299-0500] {dagbag.py:545} INFO - Filling up the DagBag from /Users/naga/Desktop/airflow_env/lib/python3.12/site-packages/airflow/example_dags/example_kubernetes_executor.py
[2026-06-21T20:05:20.329-0500] {logging_mixin.py:188} INFO - [2026-06-21T20:05:20.329-0500] {example_kubernetes_executor.py:39} WARNING - The example_kubernetes_executor example DAG requires the kubernetes provider. Please install it with: pip install apache-airflow[cncf.kubernetes]
[2026-06-21T20:05:20.329-0500] {processor.py:842} WARNING - No viable dags retrieved from /Users/naga/Desktop/airflow_env/lib/python3.12/site-packages/airflow/example_dags/example_kubernetes_executor.py
[2026-06-21T20:05:20.389-0500] {processor.py:183} INFO - Processing /Users/naga/Desktop/airflow_env/lib/python3.12/site-packages/airflow/example_dags/example_kubernetes_executor.py took 0.093 seconds
[2026-06-21T20:08:21.125-0500] {processor.py:161} INFO - Started process (PID=62591) to work on /Users/naga/Desktop/airflow_env/lib/python3.12/site-packages/airflow/example_dags/example_kubernetes_executor.py
[2026-06-21T20:08:21.126-0500] {processor.py:830} INFO - Processing file /Users/naga/Desktop/airflow_env/lib/python3.12/site-packages/airflow/example_dags/example_kubernetes_executor.py for tasks to queue
[2026-06-21T20:08:21.127-0500] {logging_mixin.py:188} INFO - [2026-06-21T20:08:21.127-0500] {dagbag.py:545} INFO - Filling up the DagBag from /Users/naga/Desktop/airflow_env/lib/python3.12/site-packages/airflow/example_dags/example_kubernetes_executor.py
[2026-06-21T20:08:21.157-0500] {logging_mixin.py:188} INFO - [2026-06-21T20:08:21.157-0500] {example_kubernetes_executor.py:39} WARNING - The example_kubernetes_executor example DAG requires the kubernetes provider. Please install it with: pip install apache-airflow[cncf.kubernetes]
[2026-06-21T20:08:21.157-0500] {processor.py:842} WARNING - No viable dags retrieved from /Users/naga/Desktop/airflow_env/lib/python3.12/site-packages/airflow/example_dags/example_kubernetes_executor.py
[2026-06-21T20:08:21.217-0500] {processor.py:183} INFO - Processing /Users/naga/Desktop/airflow_env/lib/python3.12/site-packages/airflow/example_dags/example_kubernetes_executor.py took 0.094 seconds
[2026-06-21T20:38:53.628-0500] {processor.py:161} INFO - Started process (PID=62791) to work on /Users/naga/Desktop/airflow_env/lib/python3.12/site-packages/airflow/example_dags/example_kubernetes_executor.py
[2026-06-21T20:38:53.629-0500] {processor.py:830} INFO - Processing file /Users/naga/Desktop/airflow_env/lib/python3.12/site-packages/airflow/example_dags/example_kubernetes_executor.py for tasks to queue
[2026-06-21T20:38:53.629-0500] {logging_mixin.py:188} INFO - [2026-06-21T20:38:53.629-0500] {dagbag.py:545} INFO - Filling up the DagBag from /Users/naga/Desktop/airflow_env/lib/python3.12/site-packages/airflow/example_dags/example_kubernetes_executor.py
[2026-06-21T20:38:53.661-0500] {logging_mixin.py:188} INFO - [2026-06-21T20:38:53.661-0500] {example_kubernetes_executor.py:39} WARNING - The example_kubernetes_executor example DAG requires the kubernetes provider. Please install it with: pip install apache-airflow[cncf.kubernetes]
[2026-06-21T20:38:53.661-0500] {processor.py:842} WARNING - No viable dags retrieved from /Users/naga/Desktop/airflow_env/lib/python3.12/site-packages/airflow/example_dags/example_kubernetes_executor.py
[2026-06-21T20:38:53.720-0500] {processor.py:183} INFO - Processing /Users/naga/Desktop/airflow_env/lib/python3.12/site-packages/airflow/example_dags/example_kubernetes_executor.py took 0.094 seconds
[2026-06-21T20:41:59.966-0500] {processor.py:161} INFO - Started process (PID=63041) to work on /Users/naga/Desktop/airflow_env/lib/python3.12/site-packages/airflow/example_dags/example_kubernetes_executor.py
[2026-06-21T20:41:59.967-0500] {processor.py:830} INFO - Processing file /Users/naga/Desktop/airflow_env/lib/python3.12/site-packages/airflow/example_dags/example_kubernetes_executor.py for tasks to queue
[2026-06-21T20:41:59.968-0500] {logging_mixin.py:188} INFO - [2026-06-21T20:41:59.968-0500] {dagbag.py:545} INFO - Filling up the DagBag from /Users/naga/Desktop/airflow_env/lib/python3.12/site-packages/airflow/example_dags/example_kubernetes_executor.py
[2026-06-21T20:41:59.998-0500] {logging_mixin.py:188} INFO - [2026-06-21T20:41:59.998-0500] {example_kubernetes_executor.py:39} WARNING - The example_kubernetes_executor example DAG requires the kubernetes provider. Please install it with: pip install apache-airflow[cncf.kubernetes]
[2026-06-21T20:41:59.998-0500] {processor.py:842} WARNING - No viable dags retrieved from /Users/naga/Desktop/airflow_env/lib/python3.12/site-packages/airflow/example_dags/example_kubernetes_executor.py
[2026-06-21T20:42:00.057-0500] {processor.py:183} INFO - Processing /Users/naga/Desktop/airflow_env/lib/python3.12/site-packages/airflow/example_dags/example_kubernetes_executor.py took 0.094 seconds
[2026-06-21T20:44:50.432-0500] {processor.py:161} INFO - Started process (PID=63221) to work on /Users/naga/Desktop/airflow_env/lib/python3.12/site-packages/airflow/example_dags/example_kubernetes_executor.py
[2026-06-21T20:44:50.433-0500] {processor.py:830} INFO - Processing file /Users/naga/Desktop/airflow_env/lib/python3.12/site-packages/airflow/example_dags/example_kubernetes_executor.py for tasks to queue
[2026-06-21T20:44:50.433-0500] {logging_mixin.py:188} INFO - [2026-06-21T20:44:50.433-0500] {dagbag.py:545} INFO - Filling up the DagBag from /Users/naga/Desktop/airflow_env/lib/python3.12/site-packages/airflow/example_dags/example_kubernetes_executor.py
[2026-06-21T20:44:50.463-0500] {logging_mixin.py:188} INFO - [2026-06-21T20:44:50.463-0500] {example_kubernetes_executor.py:39} WARNING - The example_kubernetes_executor example DAG requires the kubernetes provider. Please install it with: pip install apache-airflow[cncf.kubernetes]
[2026-06-21T20:44:50.463-0500] {processor.py:842} WARNING - No viable dags retrieved from /Users/naga/Desktop/airflow_env/lib/python3.12/site-packages/airflow/example_dags/example_kubernetes_executor.py
[2026-06-21T20:44:50.522-0500] {processor.py:183} INFO - Processing /Users/naga/Desktop/airflow_env/lib/python3.12/site-packages/airflow/example_dags/example_kubernetes_executor.py took 0.092 seconds
[2026-06-21T20:47:40.811-0500] {processor.py:161} INFO - Started process (PID=63365) to work on /Users/naga/Desktop/airflow_env/lib/python3.12/site-packages/airflow/example_dags/example_kubernetes_executor.py
[2026-06-21T20:47:40.812-0500] {processor.py:830} INFO - Processing file /Users/naga/Desktop/airflow_env/lib/python3.12/site-packages/airflow/example_dags/example_kubernetes_executor.py for tasks to queue
[2026-06-21T20:47:40.813-0500] {logging_mixin.py:188} INFO - [2026-06-21T20:47:40.812-0500] {dagbag.py:545} INFO - Filling up the DagBag from /Users/naga/Desktop/airflow_env/lib/python3.12/site-packages/airflow/example_dags/example_kubernetes_executor.py
[2026-06-21T20:47:40.842-0500] {logging_mixin.py:188} INFO - [2026-06-21T20:47:40.842-0500] {example_kubernetes_executor.py:39} WARNING - The example_kubernetes_executor example DAG requires the kubernetes provider. Please install it with: pip install apache-airflow[cncf.kubernetes]
[2026-06-21T20:47:40.843-0500] {processor.py:842} WARNING - No viable dags retrieved from /Users/naga/Desktop/airflow_env/lib/python3.12/site-packages/airflow/example_dags/example_kubernetes_executor.py
[2026-06-21T20:47:40.901-0500] {processor.py:183} INFO - Processing /Users/naga/Desktop/airflow_env/lib/python3.12/site-packages/airflow/example_dags/example_kubernetes_executor.py took 0.092 seconds
[2026-06-21T20:50:32.953-0500] {processor.py:161} INFO - Started process (PID=63486) to work on /Users/naga/Desktop/airflow_env/lib/python3.12/site-packages/airflow/example_dags/example_kubernetes_executor.py
[2026-06-21T20:50:32.954-0500] {processor.py:830} INFO - Processing file /Users/naga/Desktop/airflow_env/lib/python3.12/site-packages/airflow/example_dags/example_kubernetes_executor.py for tasks to queue
[2026-06-21T20:50:32.954-0500] {logging_mixin.py:188} INFO - [2026-06-21T20:50:32.954-0500] {dagbag.py:545} INFO - Filling up the DagBag from /Users/naga/Desktop/airflow_env/lib/python3.12/site-packages/airflow/example_dags/example_kubernetes_executor.py
[2026-06-21T20:50:32.985-0500] {logging_mixin.py:188} INFO - [2026-06-21T20:50:32.985-0500] {example_kubernetes_executor.py:39} WARNING - The example_kubernetes_executor example DAG requires the kubernetes provider. Please install it with: pip install apache-airflow[cncf.kubernetes]
[2026-06-21T20:50:32.985-0500] {processor.py:842} WARNING - No viable dags retrieved from /Users/naga/Desktop/airflow_env/lib/python3.12/site-packages/airflow/example_dags/example_kubernetes_executor.py
[2026-06-21T20:50:33.043-0500] {processor.py:183} INFO - Processing /Users/naga/Desktop/airflow_env/lib/python3.12/site-packages/airflow/example_dags/example_kubernetes_executor.py took 0.093 seconds
[2026-06-21T20:53:28.180-0500] {processor.py:161} INFO - Started process (PID=63629) to work on /Users/naga/Desktop/airflow_env/lib/python3.12/site-packages/airflow/example_dags/example_kubernetes_executor.py
[2026-06-21T20:53:28.181-0500] {processor.py:830} INFO - Processing file /Users/naga/Desktop/airflow_env/lib/python3.12/site-packages/airflow/example_dags/example_kubernetes_executor.py for tasks to queue
[2026-06-21T20:53:28.181-0500] {logging_mixin.py:188} INFO - [2026-06-21T20:53:28.181-0500] {dagbag.py:545} INFO - Filling up the DagBag from /Users/naga/Desktop/airflow_env/lib/python3.12/site-packages/airflow/example_dags/example_kubernetes_executor.py
[2026-06-21T20:53:28.211-0500] {logging_mixin.py:188} INFO - [2026-06-21T20:53:28.211-0500] {example_kubernetes_executor.py:39} WARNING - The example_kubernetes_executor example DAG requires the kubernetes provider. Please install it with: pip install apache-airflow[cncf.kubernetes]
[2026-06-21T20:53:28.211-0500] {processor.py:842} WARNING - No viable dags retrieved from /Users/naga/Desktop/airflow_env/lib/python3.12/site-packages/airflow/example_dags/example_kubernetes_executor.py
[2026-06-21T20:53:28.270-0500] {processor.py:183} INFO - Processing /Users/naga/Desktop/airflow_env/lib/python3.12/site-packages/airflow/example_dags/example_kubernetes_executor.py took 0.092 seconds
[2026-06-21T20:56:29.118-0500] {processor.py:161} INFO - Started process (PID=63872) to work on /Users/naga/Desktop/airflow_env/lib/python3.12/site-packages/airflow/example_dags/example_kubernetes_executor.py
[2026-06-21T20:56:29.119-0500] {processor.py:830} INFO - Processing file /Users/naga/Desktop/airflow_env/lib/python3.12/site-packages/airflow/example_dags/example_kubernetes_executor.py for tasks to queue
[2026-06-21T20:56:29.119-0500] {logging_mixin.py:188} INFO - [2026-06-21T20:56:29.119-0500] {dagbag.py:545} INFO - Filling up the DagBag from /Users/naga/Desktop/airflow_env/lib/python3.12/site-packages/airflow/example_dags/example_kubernetes_executor.py
[2026-06-21T20:56:29.151-0500] {logging_mixin.py:188} INFO - [2026-06-21T20:56:29.151-0500] {example_kubernetes_executor.py:39} WARNING - The example_kubernetes_executor example DAG requires the kubernetes provider. Please install it with: pip install apache-airflow[cncf.kubernetes]
[2026-06-21T20:56:29.151-0500] {processor.py:842} WARNING - No viable dags retrieved from /Users/naga/Desktop/airflow_env/lib/python3.12/site-packages/airflow/example_dags/example_kubernetes_executor.py
[2026-06-21T20:56:29.211-0500] {processor.py:183} INFO - Processing /Users/naga/Desktop/airflow_env/lib/python3.12/site-packages/airflow/example_dags/example_kubernetes_executor.py took 0.096 seconds
[2026-06-21T21:41:29.539-0500] {processor.py:161} INFO - Started process (PID=64136) to work on /Users/naga/Desktop/airflow_env/lib/python3.12/site-packages/airflow/example_dags/example_kubernetes_executor.py
[2026-06-21T21:41:29.541-0500] {processor.py:830} INFO - Processing file /Users/naga/Desktop/airflow_env/lib/python3.12/site-packages/airflow/example_dags/example_kubernetes_executor.py for tasks to queue
[2026-06-21T21:41:29.542-0500] {logging_mixin.py:188} INFO - [2026-06-21T21:41:29.542-0500] {dagbag.py:545} INFO - Filling up the DagBag from /Users/naga/Desktop/airflow_env/lib/python3.12/site-packages/airflow/example_dags/example_kubernetes_executor.py
[2026-06-21T21:41:29.586-0500] {logging_mixin.py:188} INFO - [2026-06-21T21:41:29.585-0500] {example_kubernetes_executor.py:39} WARNING - The example_kubernetes_executor example DAG requires the kubernetes provider. Please install it with: pip install apache-airflow[cncf.kubernetes]
[2026-06-21T21:41:29.586-0500] {processor.py:842} WARNING - No viable dags retrieved from /Users/naga/Desktop/airflow_env/lib/python3.12/site-packages/airflow/example_dags/example_kubernetes_executor.py
[2026-06-21T21:41:29.647-0500] {processor.py:183} INFO - Processing /Users/naga/Desktop/airflow_env/lib/python3.12/site-packages/airflow/example_dags/example_kubernetes_executor.py took 0.110 seconds
[2026-06-21T21:44:50.912-0500] {processor.py:161} INFO - Started process (PID=64341) to work on /Users/naga/Desktop/airflow_env/lib/python3.12/site-packages/airflow/example_dags/example_kubernetes_executor.py
[2026-06-21T21:44:50.913-0500] {processor.py:830} INFO - Processing file /Users/naga/Desktop/airflow_env/lib/python3.12/site-packages/airflow/example_dags/example_kubernetes_executor.py for tasks to queue
[2026-06-21T21:44:50.914-0500] {logging_mixin.py:188} INFO - [2026-06-21T21:44:50.914-0500] {dagbag.py:545} INFO - Filling up the DagBag from /Users/naga/Desktop/airflow_env/lib/python3.12/site-packages/airflow/example_dags/example_kubernetes_executor.py
[2026-06-21T21:44:50.949-0500] {logging_mixin.py:188} INFO - [2026-06-21T21:44:50.949-0500] {example_kubernetes_executor.py:39} WARNING - The example_kubernetes_executor example DAG requires the kubernetes provider. Please install it with: pip install apache-airflow[cncf.kubernetes]
[2026-06-21T21:44:50.949-0500] {processor.py:842} WARNING - No viable dags retrieved from /Users/naga/Desktop/airflow_env/lib/python3.12/site-packages/airflow/example_dags/example_kubernetes_executor.py
[2026-06-21T21:44:51.013-0500] {processor.py:183} INFO - Processing /Users/naga/Desktop/airflow_env/lib/python3.12/site-packages/airflow/example_dags/example_kubernetes_executor.py took 0.103 seconds
[2026-06-21T21:48:29.644-0500] {processor.py:161} INFO - Started process (PID=64702) to work on /Users/naga/Desktop/airflow_env/lib/python3.12/site-packages/airflow/example_dags/example_kubernetes_executor.py
[2026-06-21T21:48:29.645-0500] {processor.py:830} INFO - Processing file /Users/naga/Desktop/airflow_env/lib/python3.12/site-packages/airflow/example_dags/example_kubernetes_executor.py for tasks to queue
[2026-06-21T21:48:29.646-0500] {logging_mixin.py:188} INFO - [2026-06-21T21:48:29.646-0500] {dagbag.py:545} INFO - Filling up the DagBag from /Users/naga/Desktop/airflow_env/lib/python3.12/site-packages/airflow/example_dags/example_kubernetes_executor.py
[2026-06-21T21:48:29.678-0500] {logging_mixin.py:188} INFO - [2026-06-21T21:48:29.678-0500] {example_kubernetes_executor.py:39} WARNING - The example_kubernetes_executor example DAG requires the kubernetes provider. Please install it with: pip install apache-airflow[cncf.kubernetes]
[2026-06-21T21:48:29.678-0500] {processor.py:842} WARNING - No viable dags retrieved from /Users/naga/Desktop/airflow_env/lib/python3.12/site-packages/airflow/example_dags/example_kubernetes_executor.py
[2026-06-21T21:48:29.738-0500] {processor.py:183} INFO - Processing /Users/naga/Desktop/airflow_env/lib/python3.12/site-packages/airflow/example_dags/example_kubernetes_executor.py took 0.096 seconds
[2026-06-21T21:52:09.782-0500] {processor.py:161} INFO - Started process (PID=64881) to work on /Users/naga/Desktop/airflow_env/lib/python3.12/site-packages/airflow/example_dags/example_kubernetes_executor.py
[2026-06-21T21:52:09.784-0500] {processor.py:830} INFO - Processing file /Users/naga/Desktop/airflow_env/lib/python3.12/site-packages/airflow/example_dags/example_kubernetes_executor.py for tasks to queue
[2026-06-21T21:52:09.784-0500] {logging_mixin.py:188} INFO - [2026-06-21T21:52:09.784-0500] {dagbag.py:545} INFO - Filling up the DagBag from /Users/naga/Desktop/airflow_env/lib/python3.12/site-packages/airflow/example_dags/example_kubernetes_executor.py
[2026-06-21T21:52:09.817-0500] {logging_mixin.py:188} INFO - [2026-06-21T21:52:09.817-0500] {example_kubernetes_executor.py:39} WARNING - The example_kubernetes_executor example DAG requires the kubernetes provider. Please install it with: pip install apache-airflow[cncf.kubernetes]
[2026-06-21T21:52:09.818-0500] {processor.py:842} WARNING - No viable dags retrieved from /Users/naga/Desktop/airflow_env/lib/python3.12/site-packages/airflow/example_dags/example_kubernetes_executor.py
[2026-06-21T21:52:09.879-0500] {processor.py:183} INFO - Processing /Users/naga/Desktop/airflow_env/lib/python3.12/site-packages/airflow/example_dags/example_kubernetes_executor.py took 0.099 seconds
[2026-06-21T21:54:22.315-0500] {processor.py:161} INFO - Started process (PID=64997) to work on /Users/naga/Desktop/airflow_env/lib/python3.12/site-packages/airflow/example_dags/example_kubernetes_executor.py
[2026-06-21T21:54:22.316-0500] {processor.py:830} INFO - Processing file /Users/naga/Desktop/airflow_env/lib/python3.12/site-packages/airflow/example_dags/example_kubernetes_executor.py for tasks to queue
[2026-06-21T21:54:22.317-0500] {logging_mixin.py:188} INFO - [2026-06-21T21:54:22.316-0500] {dagbag.py:545} INFO - Filling up the DagBag from /Users/naga/Desktop/airflow_env/lib/python3.12/site-packages/airflow/example_dags/example_kubernetes_executor.py
[2026-06-21T21:54:22.348-0500] {logging_mixin.py:188} INFO - [2026-06-21T21:54:22.348-0500] {example_kubernetes_executor.py:39} WARNING - The example_kubernetes_executor example DAG requires the kubernetes provider. Please install it with: pip install apache-airflow[cncf.kubernetes]
[2026-06-21T21:54:22.348-0500] {processor.py:842} WARNING - No viable dags retrieved from /Users/naga/Desktop/airflow_env/lib/python3.12/site-packages/airflow/example_dags/example_kubernetes_executor.py
[2026-06-21T21:54:22.407-0500] {processor.py:183} INFO - Processing /Users/naga/Desktop/airflow_env/lib/python3.12/site-packages/airflow/example_dags/example_kubernetes_executor.py took 0.095 seconds
