[2026-06-21T19:47:03.338-0500] {processor.py:161} INFO - Started process (PID=61488) to work on /Users/naga/Desktop/airflow_env/lib/python3.12/site-packages/airflow/example_dags/example_trigger_target_dag.py
[2026-06-21T19:47:03.339-0500] {processor.py:830} INFO - Processing file /Users/naga/Desktop/airflow_env/lib/python3.12/site-packages/airflow/example_dags/example_trigger_target_dag.py for tasks to queue
[2026-06-21T19:47:03.339-0500] {logging_mixin.py:188} INFO - [2026-06-21T19:47:03.339-0500] {dagbag.py:545} INFO - Filling up the DagBag from /Users/naga/Desktop/airflow_env/lib/python3.12/site-packages/airflow/example_dags/example_trigger_target_dag.py
[2026-06-21T19:47:03.372-0500] {processor.py:840} INFO - DAG(s) 'example_trigger_target_dag' retrieved from /Users/naga/Desktop/airflow_env/lib/python3.12/site-packages/airflow/example_dags/example_trigger_target_dag.py
[2026-06-21T19:47:03.457-0500] {logging_mixin.py:188} INFO - [2026-06-21T19:47:03.457-0500] {dag.py:3089} INFO - Sync 1 DAGs
[2026-06-21T19:47:03.466-0500] {logging_mixin.py:188} INFO - [2026-06-21T19:47:03.465-0500] {dag.py:3947} INFO - Setting next_dagrun for example_trigger_target_dag to None, run_after=None
[2026-06-21T19:47:03.480-0500] {processor.py:183} INFO - Processing /Users/naga/Desktop/airflow_env/lib/python3.12/site-packages/airflow/example_dags/example_trigger_target_dag.py took 0.144 seconds
[2026-06-21T19:48:33.230-0500] {processor.py:161} INFO - Started process (PID=61562) to work on /Users/naga/Desktop/airflow_env/lib/python3.12/site-packages/airflow/example_dags/example_trigger_target_dag.py
[2026-06-21T19:48:33.231-0500] {processor.py:830} INFO - Processing file /Users/naga/Desktop/airflow_env/lib/python3.12/site-packages/airflow/example_dags/example_trigger_target_dag.py for tasks to queue
[2026-06-21T19:48:33.232-0500] {logging_mixin.py:188} INFO - [2026-06-21T19:48:33.231-0500] {dagbag.py:545} INFO - Filling up the DagBag from /Users/naga/Desktop/airflow_env/lib/python3.12/site-packages/airflow/example_dags/example_trigger_target_dag.py
[2026-06-21T19:48:33.265-0500] {processor.py:840} INFO - DAG(s) 'example_trigger_target_dag' retrieved from /Users/naga/Desktop/airflow_env/lib/python3.12/site-packages/airflow/example_dags/example_trigger_target_dag.py
[2026-06-21T19:48:33.337-0500] {logging_mixin.py:188} INFO - [2026-06-21T19:48:33.337-0500] {dag.py:3089} INFO - Sync 1 DAGs
[2026-06-21T19:48:33.344-0500] {logging_mixin.py:188} INFO - [2026-06-21T19:48:33.344-0500] {dag.py:3947} INFO - Setting next_dagrun for example_trigger_target_dag to None, run_after=None
[2026-06-21T19:48:33.358-0500] {processor.py:183} INFO - Processing /Users/naga/Desktop/airflow_env/lib/python3.12/site-packages/airflow/example_dags/example_trigger_target_dag.py took 0.131 seconds
[2026-06-21T19:50:11.177-0500] {processor.py:161} INFO - Started process (PID=61748) to work on /Users/naga/Desktop/airflow_env/lib/python3.12/site-packages/airflow/example_dags/example_trigger_target_dag.py
[2026-06-21T19:50:11.178-0500] {processor.py:830} INFO - Processing file /Users/naga/Desktop/airflow_env/lib/python3.12/site-packages/airflow/example_dags/example_trigger_target_dag.py for tasks to queue
[2026-06-21T19:50:11.179-0500] {logging_mixin.py:188} INFO - [2026-06-21T19:50:11.178-0500] {dagbag.py:545} INFO - Filling up the DagBag from /Users/naga/Desktop/airflow_env/lib/python3.12/site-packages/airflow/example_dags/example_trigger_target_dag.py
[2026-06-21T19:50:11.211-0500] {processor.py:840} INFO - DAG(s) 'example_trigger_target_dag' retrieved from /Users/naga/Desktop/airflow_env/lib/python3.12/site-packages/airflow/example_dags/example_trigger_target_dag.py
[2026-06-21T19:50:11.282-0500] {logging_mixin.py:188} INFO - [2026-06-21T19:50:11.282-0500] {dag.py:3089} INFO - Sync 1 DAGs
[2026-06-21T19:50:11.289-0500] {logging_mixin.py:188} INFO - [2026-06-21T19:50:11.289-0500] {dag.py:3947} INFO - Setting next_dagrun for example_trigger_target_dag to None, run_after=None
[2026-06-21T19:50:11.302-0500] {processor.py:183} INFO - Processing /Users/naga/Desktop/airflow_env/lib/python3.12/site-packages/airflow/example_dags/example_trigger_target_dag.py took 0.127 seconds
[2026-06-21T19:51:39.607-0500] {processor.py:161} INFO - Started process (PID=61802) to work on /Users/naga/Desktop/airflow_env/lib/python3.12/site-packages/airflow/example_dags/example_trigger_target_dag.py
[2026-06-21T19:51:39.608-0500] {processor.py:830} INFO - Processing file /Users/naga/Desktop/airflow_env/lib/python3.12/site-packages/airflow/example_dags/example_trigger_target_dag.py for tasks to queue
[2026-06-21T19:51:39.609-0500] {logging_mixin.py:188} INFO - [2026-06-21T19:51:39.608-0500] {dagbag.py:545} INFO - Filling up the DagBag from /Users/naga/Desktop/airflow_env/lib/python3.12/site-packages/airflow/example_dags/example_trigger_target_dag.py
[2026-06-21T19:51:39.641-0500] {processor.py:840} INFO - DAG(s) 'example_trigger_target_dag' retrieved from /Users/naga/Desktop/airflow_env/lib/python3.12/site-packages/airflow/example_dags/example_trigger_target_dag.py
[2026-06-21T19:51:39.714-0500] {logging_mixin.py:188} INFO - [2026-06-21T19:51:39.714-0500] {dag.py:3089} INFO - Sync 1 DAGs
[2026-06-21T19:51:39.721-0500] {logging_mixin.py:188} INFO - [2026-06-21T19:51:39.721-0500] {dag.py:3947} INFO - Setting next_dagrun for example_trigger_target_dag to None, run_after=None
[2026-06-21T19:51:39.735-0500] {processor.py:183} INFO - Processing /Users/naga/Desktop/airflow_env/lib/python3.12/site-packages/airflow/example_dags/example_trigger_target_dag.py took 0.130 seconds
[2026-06-21T19:53:04.386-0500] {processor.py:161} INFO - Started process (PID=61877) to work on /Users/naga/Desktop/airflow_env/lib/python3.12/site-packages/airflow/example_dags/example_trigger_target_dag.py
[2026-06-21T19:53:04.387-0500] {processor.py:830} INFO - Processing file /Users/naga/Desktop/airflow_env/lib/python3.12/site-packages/airflow/example_dags/example_trigger_target_dag.py for tasks to queue
[2026-06-21T19:53:04.388-0500] {logging_mixin.py:188} INFO - [2026-06-21T19:53:04.388-0500] {dagbag.py:545} INFO - Filling up the DagBag from /Users/naga/Desktop/airflow_env/lib/python3.12/site-packages/airflow/example_dags/example_trigger_target_dag.py
[2026-06-21T19:53:04.420-0500] {processor.py:840} INFO - DAG(s) 'example_trigger_target_dag' retrieved from /Users/naga/Desktop/airflow_env/lib/python3.12/site-packages/airflow/example_dags/example_trigger_target_dag.py
[2026-06-21T19:53:04.493-0500] {logging_mixin.py:188} INFO - [2026-06-21T19:53:04.492-0500] {dag.py:3089} INFO - Sync 1 DAGs
[2026-06-21T19:53:04.500-0500] {logging_mixin.py:188} INFO - [2026-06-21T19:53:04.500-0500] {dag.py:3947} INFO - Setting next_dagrun for example_trigger_target_dag to None, run_after=None
[2026-06-21T19:53:04.513-0500] {processor.py:183} INFO - Processing /Users/naga/Desktop/airflow_env/lib/python3.12/site-packages/airflow/example_dags/example_trigger_target_dag.py took 0.129 seconds
[2026-06-21T19:54:27.860-0500] {processor.py:161} INFO - Started process (PID=61944) to work on /Users/naga/Desktop/airflow_env/lib/python3.12/site-packages/airflow/example_dags/example_trigger_target_dag.py
[2026-06-21T19:54:27.861-0500] {processor.py:830} INFO - Processing file /Users/naga/Desktop/airflow_env/lib/python3.12/site-packages/airflow/example_dags/example_trigger_target_dag.py for tasks to queue
[2026-06-21T19:54:27.862-0500] {logging_mixin.py:188} INFO - [2026-06-21T19:54:27.862-0500] {dagbag.py:545} INFO - Filling up the DagBag from /Users/naga/Desktop/airflow_env/lib/python3.12/site-packages/airflow/example_dags/example_trigger_target_dag.py
[2026-06-21T19:54:27.894-0500] {processor.py:840} INFO - DAG(s) 'example_trigger_target_dag' retrieved from /Users/naga/Desktop/airflow_env/lib/python3.12/site-packages/airflow/example_dags/example_trigger_target_dag.py
[2026-06-21T19:54:27.966-0500] {logging_mixin.py:188} INFO - [2026-06-21T19:54:27.966-0500] {dag.py:3089} INFO - Sync 1 DAGs
[2026-06-21T19:54:27.973-0500] {logging_mixin.py:188} INFO - [2026-06-21T19:54:27.973-0500] {dag.py:3947} INFO - Setting next_dagrun for example_trigger_target_dag to None, run_after=None
[2026-06-21T19:54:27.986-0500] {processor.py:183} INFO - Processing /Users/naga/Desktop/airflow_env/lib/python3.12/site-packages/airflow/example_dags/example_trigger_target_dag.py took 0.129 seconds
[2026-06-21T19:55:53.073-0500] {processor.py:161} INFO - Started process (PID=62011) to work on /Users/naga/Desktop/airflow_env/lib/python3.12/site-packages/airflow/example_dags/example_trigger_target_dag.py
[2026-06-21T19:55:53.074-0500] {processor.py:830} INFO - Processing file /Users/naga/Desktop/airflow_env/lib/python3.12/site-packages/airflow/example_dags/example_trigger_target_dag.py for tasks to queue
[2026-06-21T19:55:53.074-0500] {logging_mixin.py:188} INFO - [2026-06-21T19:55:53.074-0500] {dagbag.py:545} INFO - Filling up the DagBag from /Users/naga/Desktop/airflow_env/lib/python3.12/site-packages/airflow/example_dags/example_trigger_target_dag.py
[2026-06-21T19:55:53.107-0500] {processor.py:840} INFO - DAG(s) 'example_trigger_target_dag' retrieved from /Users/naga/Desktop/airflow_env/lib/python3.12/site-packages/airflow/example_dags/example_trigger_target_dag.py
[2026-06-21T19:55:53.180-0500] {logging_mixin.py:188} INFO - [2026-06-21T19:55:53.179-0500] {dag.py:3089} INFO - Sync 1 DAGs
[2026-06-21T19:55:53.187-0500] {logging_mixin.py:188} INFO - [2026-06-21T19:55:53.187-0500] {dag.py:3947} INFO - Setting next_dagrun for example_trigger_target_dag to None, run_after=None
[2026-06-21T19:55:53.202-0500] {processor.py:183} INFO - Processing /Users/naga/Desktop/airflow_env/lib/python3.12/site-packages/airflow/example_dags/example_trigger_target_dag.py took 0.132 seconds
[2026-06-21T19:57:21.684-0500] {processor.py:161} INFO - Started process (PID=62069) to work on /Users/naga/Desktop/airflow_env/lib/python3.12/site-packages/airflow/example_dags/example_trigger_target_dag.py
[2026-06-21T19:57:21.685-0500] {processor.py:830} INFO - Processing file /Users/naga/Desktop/airflow_env/lib/python3.12/site-packages/airflow/example_dags/example_trigger_target_dag.py for tasks to queue
[2026-06-21T19:57:21.686-0500] {logging_mixin.py:188} INFO - [2026-06-21T19:57:21.686-0500] {dagbag.py:545} INFO - Filling up the DagBag from /Users/naga/Desktop/airflow_env/lib/python3.12/site-packages/airflow/example_dags/example_trigger_target_dag.py
[2026-06-21T19:57:21.719-0500] {processor.py:840} INFO - DAG(s) 'example_trigger_target_dag' retrieved from /Users/naga/Desktop/airflow_env/lib/python3.12/site-packages/airflow/example_dags/example_trigger_target_dag.py
[2026-06-21T19:57:21.791-0500] {logging_mixin.py:188} INFO - [2026-06-21T19:57:21.791-0500] {dag.py:3089} INFO - Sync 1 DAGs
[2026-06-21T19:57:21.798-0500] {logging_mixin.py:188} INFO - [2026-06-21T19:57:21.798-0500] {dag.py:3947} INFO - Setting next_dagrun for example_trigger_target_dag to None, run_after=None
[2026-06-21T19:57:21.811-0500] {processor.py:183} INFO - Processing /Users/naga/Desktop/airflow_env/lib/python3.12/site-packages/airflow/example_dags/example_trigger_target_dag.py took 0.129 seconds
[2026-06-21T19:58:49.001-0500] {processor.py:161} INFO - Started process (PID=62141) to work on /Users/naga/Desktop/airflow_env/lib/python3.12/site-packages/airflow/example_dags/example_trigger_target_dag.py
[2026-06-21T19:58:49.002-0500] {processor.py:830} INFO - Processing file /Users/naga/Desktop/airflow_env/lib/python3.12/site-packages/airflow/example_dags/example_trigger_target_dag.py for tasks to queue
[2026-06-21T19:58:49.003-0500] {logging_mixin.py:188} INFO - [2026-06-21T19:58:49.003-0500] {dagbag.py:545} INFO - Filling up the DagBag from /Users/naga/Desktop/airflow_env/lib/python3.12/site-packages/airflow/example_dags/example_trigger_target_dag.py
[2026-06-21T19:58:49.035-0500] {processor.py:840} INFO - DAG(s) 'example_trigger_target_dag' retrieved from /Users/naga/Desktop/airflow_env/lib/python3.12/site-packages/airflow/example_dags/example_trigger_target_dag.py
[2026-06-21T19:58:49.108-0500] {logging_mixin.py:188} INFO - [2026-06-21T19:58:49.108-0500] {dag.py:3089} INFO - Sync 1 DAGs
[2026-06-21T19:58:49.115-0500] {logging_mixin.py:188} INFO - [2026-06-21T19:58:49.115-0500] {dag.py:3947} INFO - Setting next_dagrun for example_trigger_target_dag to None, run_after=None
[2026-06-21T19:58:49.129-0500] {processor.py:183} INFO - Processing /Users/naga/Desktop/airflow_env/lib/python3.12/site-packages/airflow/example_dags/example_trigger_target_dag.py took 0.130 seconds
[2026-06-21T20:00:15.181-0500] {processor.py:161} INFO - Started process (PID=62222) to work on /Users/naga/Desktop/airflow_env/lib/python3.12/site-packages/airflow/example_dags/example_trigger_target_dag.py
[2026-06-21T20:00:15.182-0500] {processor.py:830} INFO - Processing file /Users/naga/Desktop/airflow_env/lib/python3.12/site-packages/airflow/example_dags/example_trigger_target_dag.py for tasks to queue
[2026-06-21T20:00:15.182-0500] {logging_mixin.py:188} INFO - [2026-06-21T20:00:15.182-0500] {dagbag.py:545} INFO - Filling up the DagBag from /Users/naga/Desktop/airflow_env/lib/python3.12/site-packages/airflow/example_dags/example_trigger_target_dag.py
[2026-06-21T20:00:15.214-0500] {processor.py:840} INFO - DAG(s) 'example_trigger_target_dag' retrieved from /Users/naga/Desktop/airflow_env/lib/python3.12/site-packages/airflow/example_dags/example_trigger_target_dag.py
[2026-06-21T20:00:15.285-0500] {logging_mixin.py:188} INFO - [2026-06-21T20:00:15.284-0500] {dag.py:3089} INFO - Sync 1 DAGs
[2026-06-21T20:00:15.292-0500] {logging_mixin.py:188} INFO - [2026-06-21T20:00:15.291-0500] {dag.py:3947} INFO - Setting next_dagrun for example_trigger_target_dag to None, run_after=None
[2026-06-21T20:00:15.304-0500] {processor.py:183} INFO - Processing /Users/naga/Desktop/airflow_env/lib/python3.12/site-packages/airflow/example_dags/example_trigger_target_dag.py took 0.126 seconds
[2026-06-21T20:01:40.788-0500] {processor.py:161} INFO - Started process (PID=62271) to work on /Users/naga/Desktop/airflow_env/lib/python3.12/site-packages/airflow/example_dags/example_trigger_target_dag.py
[2026-06-21T20:01:40.789-0500] {processor.py:830} INFO - Processing file /Users/naga/Desktop/airflow_env/lib/python3.12/site-packages/airflow/example_dags/example_trigger_target_dag.py for tasks to queue
[2026-06-21T20:01:40.790-0500] {logging_mixin.py:188} INFO - [2026-06-21T20:01:40.790-0500] {dagbag.py:545} INFO - Filling up the DagBag from /Users/naga/Desktop/airflow_env/lib/python3.12/site-packages/airflow/example_dags/example_trigger_target_dag.py
[2026-06-21T20:01:40.821-0500] {processor.py:840} INFO - DAG(s) 'example_trigger_target_dag' retrieved from /Users/naga/Desktop/airflow_env/lib/python3.12/site-packages/airflow/example_dags/example_trigger_target_dag.py
[2026-06-21T20:01:40.893-0500] {logging_mixin.py:188} INFO - [2026-06-21T20:01:40.893-0500] {dag.py:3089} INFO - Sync 1 DAGs
[2026-06-21T20:01:40.901-0500] {logging_mixin.py:188} INFO - [2026-06-21T20:01:40.900-0500] {dag.py:3947} INFO - Setting next_dagrun for example_trigger_target_dag to None, run_after=None
[2026-06-21T20:01:40.914-0500] {processor.py:183} INFO - Processing /Users/naga/Desktop/airflow_env/lib/python3.12/site-packages/airflow/example_dags/example_trigger_target_dag.py took 0.128 seconds
[2026-06-21T20:03:06.241-0500] {processor.py:161} INFO - Started process (PID=62337) to work on /Users/naga/Desktop/airflow_env/lib/python3.12/site-packages/airflow/example_dags/example_trigger_target_dag.py
[2026-06-21T20:03:06.242-0500] {processor.py:830} INFO - Processing file /Users/naga/Desktop/airflow_env/lib/python3.12/site-packages/airflow/example_dags/example_trigger_target_dag.py for tasks to queue
[2026-06-21T20:03:06.242-0500] {logging_mixin.py:188} INFO - [2026-06-21T20:03:06.242-0500] {dagbag.py:545} INFO - Filling up the DagBag from /Users/naga/Desktop/airflow_env/lib/python3.12/site-packages/airflow/example_dags/example_trigger_target_dag.py
[2026-06-21T20:03:06.274-0500] {processor.py:840} INFO - DAG(s) 'example_trigger_target_dag' retrieved from /Users/naga/Desktop/airflow_env/lib/python3.12/site-packages/airflow/example_dags/example_trigger_target_dag.py
[2026-06-21T20:03:06.346-0500] {logging_mixin.py:188} INFO - [2026-06-21T20:03:06.346-0500] {dag.py:3089} INFO - Sync 1 DAGs
[2026-06-21T20:03:06.353-0500] {logging_mixin.py:188} INFO - [2026-06-21T20:03:06.353-0500] {dag.py:3947} INFO - Setting next_dagrun for example_trigger_target_dag to None, run_after=None
[2026-06-21T20:03:06.366-0500] {processor.py:183} INFO - Processing /Users/naga/Desktop/airflow_env/lib/python3.12/site-packages/airflow/example_dags/example_trigger_target_dag.py took 0.128 seconds
[2026-06-21T20:04:33.778-0500] {processor.py:161} INFO - Started process (PID=62407) to work on /Users/naga/Desktop/airflow_env/lib/python3.12/site-packages/airflow/example_dags/example_trigger_target_dag.py
[2026-06-21T20:04:33.779-0500] {processor.py:830} INFO - Processing file /Users/naga/Desktop/airflow_env/lib/python3.12/site-packages/airflow/example_dags/example_trigger_target_dag.py for tasks to queue
[2026-06-21T20:04:33.780-0500] {logging_mixin.py:188} INFO - [2026-06-21T20:04:33.779-0500] {dagbag.py:545} INFO - Filling up the DagBag from /Users/naga/Desktop/airflow_env/lib/python3.12/site-packages/airflow/example_dags/example_trigger_target_dag.py
[2026-06-21T20:04:33.811-0500] {processor.py:840} INFO - DAG(s) 'example_trigger_target_dag' retrieved from /Users/naga/Desktop/airflow_env/lib/python3.12/site-packages/airflow/example_dags/example_trigger_target_dag.py
[2026-06-21T20:04:33.883-0500] {logging_mixin.py:188} INFO - [2026-06-21T20:04:33.882-0500] {dag.py:3089} INFO - Sync 1 DAGs
[2026-06-21T20:04:33.890-0500] {logging_mixin.py:188} INFO - [2026-06-21T20:04:33.890-0500] {dag.py:3947} INFO - Setting next_dagrun for example_trigger_target_dag to None, run_after=None
[2026-06-21T20:04:33.903-0500] {processor.py:183} INFO - Processing /Users/naga/Desktop/airflow_env/lib/python3.12/site-packages/airflow/example_dags/example_trigger_target_dag.py took 0.127 seconds
[2026-06-21T20:05:59.600-0500] {processor.py:161} INFO - Started process (PID=62480) to work on /Users/naga/Desktop/airflow_env/lib/python3.12/site-packages/airflow/example_dags/example_trigger_target_dag.py
[2026-06-21T20:05:59.601-0500] {processor.py:830} INFO - Processing file /Users/naga/Desktop/airflow_env/lib/python3.12/site-packages/airflow/example_dags/example_trigger_target_dag.py for tasks to queue
[2026-06-21T20:05:59.601-0500] {logging_mixin.py:188} INFO - [2026-06-21T20:05:59.601-0500] {dagbag.py:545} INFO - Filling up the DagBag from /Users/naga/Desktop/airflow_env/lib/python3.12/site-packages/airflow/example_dags/example_trigger_target_dag.py
[2026-06-21T20:05:59.633-0500] {processor.py:840} INFO - DAG(s) 'example_trigger_target_dag' retrieved from /Users/naga/Desktop/airflow_env/lib/python3.12/site-packages/airflow/example_dags/example_trigger_target_dag.py
[2026-06-21T20:05:59.707-0500] {logging_mixin.py:188} INFO - [2026-06-21T20:05:59.707-0500] {dag.py:3089} INFO - Sync 1 DAGs
[2026-06-21T20:05:59.714-0500] {logging_mixin.py:188} INFO - [2026-06-21T20:05:59.714-0500] {dag.py:3947} INFO - Setting next_dagrun for example_trigger_target_dag to None, run_after=None
[2026-06-21T20:05:59.728-0500] {processor.py:183} INFO - Processing /Users/naga/Desktop/airflow_env/lib/python3.12/site-packages/airflow/example_dags/example_trigger_target_dag.py took 0.131 seconds
[2026-06-21T20:07:29.350-0500] {processor.py:161} INFO - Started process (PID=62532) to work on /Users/naga/Desktop/airflow_env/lib/python3.12/site-packages/airflow/example_dags/example_trigger_target_dag.py
[2026-06-21T20:07:29.351-0500] {processor.py:830} INFO - Processing file /Users/naga/Desktop/airflow_env/lib/python3.12/site-packages/airflow/example_dags/example_trigger_target_dag.py for tasks to queue
[2026-06-21T20:07:29.352-0500] {logging_mixin.py:188} INFO - [2026-06-21T20:07:29.352-0500] {dagbag.py:545} INFO - Filling up the DagBag from /Users/naga/Desktop/airflow_env/lib/python3.12/site-packages/airflow/example_dags/example_trigger_target_dag.py
[2026-06-21T20:07:29.385-0500] {processor.py:840} INFO - DAG(s) 'example_trigger_target_dag' retrieved from /Users/naga/Desktop/airflow_env/lib/python3.12/site-packages/airflow/example_dags/example_trigger_target_dag.py
[2026-06-21T20:07:29.458-0500] {logging_mixin.py:188} INFO - [2026-06-21T20:07:29.458-0500] {dag.py:3089} INFO - Sync 1 DAGs
[2026-06-21T20:07:29.465-0500] {logging_mixin.py:188} INFO - [2026-06-21T20:07:29.465-0500] {dag.py:3947} INFO - Setting next_dagrun for example_trigger_target_dag to None, run_after=None
[2026-06-21T20:07:29.480-0500] {processor.py:183} INFO - Processing /Users/naga/Desktop/airflow_env/lib/python3.12/site-packages/airflow/example_dags/example_trigger_target_dag.py took 0.132 seconds
[2026-06-21T20:09:03.871-0500] {processor.py:161} INFO - Started process (PID=62620) to work on /Users/naga/Desktop/airflow_env/lib/python3.12/site-packages/airflow/example_dags/example_trigger_target_dag.py
[2026-06-21T20:09:03.875-0500] {processor.py:830} INFO - Processing file /Users/naga/Desktop/airflow_env/lib/python3.12/site-packages/airflow/example_dags/example_trigger_target_dag.py for tasks to queue
[2026-06-21T20:09:03.876-0500] {logging_mixin.py:188} INFO - [2026-06-21T20:09:03.875-0500] {dagbag.py:545} INFO - Filling up the DagBag from /Users/naga/Desktop/airflow_env/lib/python3.12/site-packages/airflow/example_dags/example_trigger_target_dag.py
[2026-06-21T20:09:03.914-0500] {processor.py:840} INFO - DAG(s) 'example_trigger_target_dag' retrieved from /Users/naga/Desktop/airflow_env/lib/python3.12/site-packages/airflow/example_dags/example_trigger_target_dag.py
[2026-06-21T20:09:03.993-0500] {logging_mixin.py:188} INFO - [2026-06-21T20:09:03.992-0500] {dag.py:3089} INFO - Sync 1 DAGs
[2026-06-21T20:09:04.000-0500] {logging_mixin.py:188} INFO - [2026-06-21T20:09:04.000-0500] {dag.py:3947} INFO - Setting next_dagrun for example_trigger_target_dag to None, run_after=None
[2026-06-21T20:09:04.015-0500] {processor.py:183} INFO - Processing /Users/naga/Desktop/airflow_env/lib/python3.12/site-packages/airflow/example_dags/example_trigger_target_dag.py took 0.149 seconds
[2026-06-21T20:37:59.986-0500] {processor.py:161} INFO - Started process (PID=62736) to work on /Users/naga/Desktop/airflow_env/lib/python3.12/site-packages/airflow/example_dags/example_trigger_target_dag.py
[2026-06-21T20:37:59.988-0500] {processor.py:830} INFO - Processing file /Users/naga/Desktop/airflow_env/lib/python3.12/site-packages/airflow/example_dags/example_trigger_target_dag.py for tasks to queue
[2026-06-21T20:37:59.988-0500] {logging_mixin.py:188} INFO - [2026-06-21T20:37:59.988-0500] {dagbag.py:545} INFO - Filling up the DagBag from /Users/naga/Desktop/airflow_env/lib/python3.12/site-packages/airflow/example_dags/example_trigger_target_dag.py
[2026-06-21T20:38:00.020-0500] {processor.py:840} INFO - DAG(s) 'example_trigger_target_dag' retrieved from /Users/naga/Desktop/airflow_env/lib/python3.12/site-packages/airflow/example_dags/example_trigger_target_dag.py
[2026-06-21T20:38:00.098-0500] {logging_mixin.py:188} INFO - [2026-06-21T20:38:00.098-0500] {dag.py:3089} INFO - Sync 1 DAGs
[2026-06-21T20:38:00.105-0500] {logging_mixin.py:188} INFO - [2026-06-21T20:38:00.105-0500] {dag.py:3947} INFO - Setting next_dagrun for example_trigger_target_dag to None, run_after=None
[2026-06-21T20:38:00.119-0500] {processor.py:183} INFO - Processing /Users/naga/Desktop/airflow_env/lib/python3.12/site-packages/airflow/example_dags/example_trigger_target_dag.py took 0.135 seconds
[2026-06-21T20:39:33.737-0500] {processor.py:161} INFO - Started process (PID=62834) to work on /Users/naga/Desktop/airflow_env/lib/python3.12/site-packages/airflow/example_dags/example_trigger_target_dag.py
[2026-06-21T20:39:33.738-0500] {processor.py:830} INFO - Processing file /Users/naga/Desktop/airflow_env/lib/python3.12/site-packages/airflow/example_dags/example_trigger_target_dag.py for tasks to queue
[2026-06-21T20:39:33.739-0500] {logging_mixin.py:188} INFO - [2026-06-21T20:39:33.738-0500] {dagbag.py:545} INFO - Filling up the DagBag from /Users/naga/Desktop/airflow_env/lib/python3.12/site-packages/airflow/example_dags/example_trigger_target_dag.py
[2026-06-21T20:39:33.770-0500] {processor.py:840} INFO - DAG(s) 'example_trigger_target_dag' retrieved from /Users/naga/Desktop/airflow_env/lib/python3.12/site-packages/airflow/example_dags/example_trigger_target_dag.py
[2026-06-21T20:39:33.842-0500] {logging_mixin.py:188} INFO - [2026-06-21T20:39:33.841-0500] {dag.py:3089} INFO - Sync 1 DAGs
[2026-06-21T20:39:33.849-0500] {logging_mixin.py:188} INFO - [2026-06-21T20:39:33.849-0500] {dag.py:3947} INFO - Setting next_dagrun for example_trigger_target_dag to None, run_after=None
[2026-06-21T20:39:33.862-0500] {processor.py:183} INFO - Processing /Users/naga/Desktop/airflow_env/lib/python3.12/site-packages/airflow/example_dags/example_trigger_target_dag.py took 0.127 seconds
[2026-06-21T20:41:08.293-0500] {processor.py:161} INFO - Started process (PID=63003) to work on /Users/naga/Desktop/airflow_env/lib/python3.12/site-packages/airflow/example_dags/example_trigger_target_dag.py
[2026-06-21T20:41:08.294-0500] {processor.py:830} INFO - Processing file /Users/naga/Desktop/airflow_env/lib/python3.12/site-packages/airflow/example_dags/example_trigger_target_dag.py for tasks to queue
[2026-06-21T20:41:08.295-0500] {logging_mixin.py:188} INFO - [2026-06-21T20:41:08.294-0500] {dagbag.py:545} INFO - Filling up the DagBag from /Users/naga/Desktop/airflow_env/lib/python3.12/site-packages/airflow/example_dags/example_trigger_target_dag.py
[2026-06-21T20:41:08.329-0500] {processor.py:840} INFO - DAG(s) 'example_trigger_target_dag' retrieved from /Users/naga/Desktop/airflow_env/lib/python3.12/site-packages/airflow/example_dags/example_trigger_target_dag.py
[2026-06-21T20:41:08.406-0500] {logging_mixin.py:188} INFO - [2026-06-21T20:41:08.406-0500] {dag.py:3089} INFO - Sync 1 DAGs
[2026-06-21T20:41:08.414-0500] {logging_mixin.py:188} INFO - [2026-06-21T20:41:08.414-0500] {dag.py:3947} INFO - Setting next_dagrun for example_trigger_target_dag to None, run_after=None
[2026-06-21T20:41:08.430-0500] {processor.py:183} INFO - Processing /Users/naga/Desktop/airflow_env/lib/python3.12/site-packages/airflow/example_dags/example_trigger_target_dag.py took 0.140 seconds
[2026-06-21T20:42:38.674-0500] {processor.py:161} INFO - Started process (PID=63063) to work on /Users/naga/Desktop/airflow_env/lib/python3.12/site-packages/airflow/example_dags/example_trigger_target_dag.py
[2026-06-21T20:42:38.675-0500] {processor.py:830} INFO - Processing file /Users/naga/Desktop/airflow_env/lib/python3.12/site-packages/airflow/example_dags/example_trigger_target_dag.py for tasks to queue
[2026-06-21T20:42:38.675-0500] {logging_mixin.py:188} INFO - [2026-06-21T20:42:38.675-0500] {dagbag.py:545} INFO - Filling up the DagBag from /Users/naga/Desktop/airflow_env/lib/python3.12/site-packages/airflow/example_dags/example_trigger_target_dag.py
[2026-06-21T20:42:38.706-0500] {processor.py:840} INFO - DAG(s) 'example_trigger_target_dag' retrieved from /Users/naga/Desktop/airflow_env/lib/python3.12/site-packages/airflow/example_dags/example_trigger_target_dag.py
[2026-06-21T20:42:38.778-0500] {logging_mixin.py:188} INFO - [2026-06-21T20:42:38.778-0500] {dag.py:3089} INFO - Sync 1 DAGs
[2026-06-21T20:42:38.785-0500] {logging_mixin.py:188} INFO - [2026-06-21T20:42:38.785-0500] {dag.py:3947} INFO - Setting next_dagrun for example_trigger_target_dag to None, run_after=None
[2026-06-21T20:42:38.798-0500] {processor.py:183} INFO - Processing /Users/naga/Desktop/airflow_env/lib/python3.12/site-packages/airflow/example_dags/example_trigger_target_dag.py took 0.126 seconds
[2026-06-21T20:44:03.741-0500] {processor.py:161} INFO - Started process (PID=63177) to work on /Users/naga/Desktop/airflow_env/lib/python3.12/site-packages/airflow/example_dags/example_trigger_target_dag.py
[2026-06-21T20:44:03.743-0500] {processor.py:830} INFO - Processing file /Users/naga/Desktop/airflow_env/lib/python3.12/site-packages/airflow/example_dags/example_trigger_target_dag.py for tasks to queue
[2026-06-21T20:44:03.743-0500] {logging_mixin.py:188} INFO - [2026-06-21T20:44:03.743-0500] {dagbag.py:545} INFO - Filling up the DagBag from /Users/naga/Desktop/airflow_env/lib/python3.12/site-packages/airflow/example_dags/example_trigger_target_dag.py
[2026-06-21T20:44:03.775-0500] {processor.py:840} INFO - DAG(s) 'example_trigger_target_dag' retrieved from /Users/naga/Desktop/airflow_env/lib/python3.12/site-packages/airflow/example_dags/example_trigger_target_dag.py
[2026-06-21T20:44:03.847-0500] {logging_mixin.py:188} INFO - [2026-06-21T20:44:03.847-0500] {dag.py:3089} INFO - Sync 1 DAGs
[2026-06-21T20:44:03.854-0500] {logging_mixin.py:188} INFO - [2026-06-21T20:44:03.854-0500] {dag.py:3947} INFO - Setting next_dagrun for example_trigger_target_dag to None, run_after=None
[2026-06-21T20:44:03.867-0500] {processor.py:183} INFO - Processing /Users/naga/Desktop/airflow_env/lib/python3.12/site-packages/airflow/example_dags/example_trigger_target_dag.py took 0.129 seconds
[2026-06-21T20:45:30.325-0500] {processor.py:161} INFO - Started process (PID=63254) to work on /Users/naga/Desktop/airflow_env/lib/python3.12/site-packages/airflow/example_dags/example_trigger_target_dag.py
[2026-06-21T20:45:30.326-0500] {processor.py:830} INFO - Processing file /Users/naga/Desktop/airflow_env/lib/python3.12/site-packages/airflow/example_dags/example_trigger_target_dag.py for tasks to queue
[2026-06-21T20:45:30.327-0500] {logging_mixin.py:188} INFO - [2026-06-21T20:45:30.327-0500] {dagbag.py:545} INFO - Filling up the DagBag from /Users/naga/Desktop/airflow_env/lib/python3.12/site-packages/airflow/example_dags/example_trigger_target_dag.py
[2026-06-21T20:45:30.359-0500] {processor.py:840} INFO - DAG(s) 'example_trigger_target_dag' retrieved from /Users/naga/Desktop/airflow_env/lib/python3.12/site-packages/airflow/example_dags/example_trigger_target_dag.py
[2026-06-21T20:45:30.432-0500] {logging_mixin.py:188} INFO - [2026-06-21T20:45:30.431-0500] {dag.py:3089} INFO - Sync 1 DAGs
[2026-06-21T20:45:30.439-0500] {logging_mixin.py:188} INFO - [2026-06-21T20:45:30.439-0500] {dag.py:3947} INFO - Setting next_dagrun for example_trigger_target_dag to None, run_after=None
[2026-06-21T20:45:30.452-0500] {processor.py:183} INFO - Processing /Users/naga/Desktop/airflow_env/lib/python3.12/site-packages/airflow/example_dags/example_trigger_target_dag.py took 0.129 seconds
[2026-06-21T20:46:55.714-0500] {processor.py:161} INFO - Started process (PID=63341) to work on /Users/naga/Desktop/airflow_env/lib/python3.12/site-packages/airflow/example_dags/example_trigger_target_dag.py
[2026-06-21T20:46:55.715-0500] {processor.py:830} INFO - Processing file /Users/naga/Desktop/airflow_env/lib/python3.12/site-packages/airflow/example_dags/example_trigger_target_dag.py for tasks to queue
[2026-06-21T20:46:55.716-0500] {logging_mixin.py:188} INFO - [2026-06-21T20:46:55.716-0500] {dagbag.py:545} INFO - Filling up the DagBag from /Users/naga/Desktop/airflow_env/lib/python3.12/site-packages/airflow/example_dags/example_trigger_target_dag.py
[2026-06-21T20:46:55.748-0500] {processor.py:840} INFO - DAG(s) 'example_trigger_target_dag' retrieved from /Users/naga/Desktop/airflow_env/lib/python3.12/site-packages/airflow/example_dags/example_trigger_target_dag.py
[2026-06-21T20:46:55.822-0500] {logging_mixin.py:188} INFO - [2026-06-21T20:46:55.821-0500] {dag.py:3089} INFO - Sync 1 DAGs
[2026-06-21T20:46:55.829-0500] {logging_mixin.py:188} INFO - [2026-06-21T20:46:55.829-0500] {dag.py:3947} INFO - Setting next_dagrun for example_trigger_target_dag to None, run_after=None
[2026-06-21T20:46:55.843-0500] {processor.py:183} INFO - Processing /Users/naga/Desktop/airflow_env/lib/python3.12/site-packages/airflow/example_dags/example_trigger_target_dag.py took 0.131 seconds
[2026-06-21T20:48:19.657-0500] {processor.py:161} INFO - Started process (PID=63387) to work on /Users/naga/Desktop/airflow_env/lib/python3.12/site-packages/airflow/example_dags/example_trigger_target_dag.py
[2026-06-21T20:48:19.658-0500] {processor.py:830} INFO - Processing file /Users/naga/Desktop/airflow_env/lib/python3.12/site-packages/airflow/example_dags/example_trigger_target_dag.py for tasks to queue
[2026-06-21T20:48:19.658-0500] {logging_mixin.py:188} INFO - [2026-06-21T20:48:19.658-0500] {dagbag.py:545} INFO - Filling up the DagBag from /Users/naga/Desktop/airflow_env/lib/python3.12/site-packages/airflow/example_dags/example_trigger_target_dag.py
[2026-06-21T20:48:19.690-0500] {processor.py:840} INFO - DAG(s) 'example_trigger_target_dag' retrieved from /Users/naga/Desktop/airflow_env/lib/python3.12/site-packages/airflow/example_dags/example_trigger_target_dag.py
[2026-06-21T20:48:19.762-0500] {logging_mixin.py:188} INFO - [2026-06-21T20:48:19.762-0500] {dag.py:3089} INFO - Sync 1 DAGs
[2026-06-21T20:48:19.769-0500] {logging_mixin.py:188} INFO - [2026-06-21T20:48:19.769-0500] {dag.py:3947} INFO - Setting next_dagrun for example_trigger_target_dag to None, run_after=None
[2026-06-21T20:48:19.782-0500] {processor.py:183} INFO - Processing /Users/naga/Desktop/airflow_env/lib/python3.12/site-packages/airflow/example_dags/example_trigger_target_dag.py took 0.128 seconds
[2026-06-21T20:49:44.448-0500] {processor.py:161} INFO - Started process (PID=63456) to work on /Users/naga/Desktop/airflow_env/lib/python3.12/site-packages/airflow/example_dags/example_trigger_target_dag.py
[2026-06-21T20:49:44.449-0500] {processor.py:830} INFO - Processing file /Users/naga/Desktop/airflow_env/lib/python3.12/site-packages/airflow/example_dags/example_trigger_target_dag.py for tasks to queue
[2026-06-21T20:49:44.449-0500] {logging_mixin.py:188} INFO - [2026-06-21T20:49:44.449-0500] {dagbag.py:545} INFO - Filling up the DagBag from /Users/naga/Desktop/airflow_env/lib/python3.12/site-packages/airflow/example_dags/example_trigger_target_dag.py
[2026-06-21T20:49:44.481-0500] {processor.py:840} INFO - DAG(s) 'example_trigger_target_dag' retrieved from /Users/naga/Desktop/airflow_env/lib/python3.12/site-packages/airflow/example_dags/example_trigger_target_dag.py
[2026-06-21T20:49:44.552-0500] {logging_mixin.py:188} INFO - [2026-06-21T20:49:44.552-0500] {dag.py:3089} INFO - Sync 1 DAGs
[2026-06-21T20:49:44.560-0500] {logging_mixin.py:188} INFO - [2026-06-21T20:49:44.559-0500] {dag.py:3947} INFO - Setting next_dagrun for example_trigger_target_dag to None, run_after=None
[2026-06-21T20:49:44.573-0500] {processor.py:183} INFO - Processing /Users/naga/Desktop/airflow_env/lib/python3.12/site-packages/airflow/example_dags/example_trigger_target_dag.py took 0.127 seconds
[2026-06-21T20:51:12.944-0500] {processor.py:161} INFO - Started process (PID=63529) to work on /Users/naga/Desktop/airflow_env/lib/python3.12/site-packages/airflow/example_dags/example_trigger_target_dag.py
[2026-06-21T20:51:12.945-0500] {processor.py:830} INFO - Processing file /Users/naga/Desktop/airflow_env/lib/python3.12/site-packages/airflow/example_dags/example_trigger_target_dag.py for tasks to queue
[2026-06-21T20:51:12.945-0500] {logging_mixin.py:188} INFO - [2026-06-21T20:51:12.945-0500] {dagbag.py:545} INFO - Filling up the DagBag from /Users/naga/Desktop/airflow_env/lib/python3.12/site-packages/airflow/example_dags/example_trigger_target_dag.py
[2026-06-21T20:51:12.977-0500] {processor.py:840} INFO - DAG(s) 'example_trigger_target_dag' retrieved from /Users/naga/Desktop/airflow_env/lib/python3.12/site-packages/airflow/example_dags/example_trigger_target_dag.py
[2026-06-21T20:51:13.048-0500] {logging_mixin.py:188} INFO - [2026-06-21T20:51:13.048-0500] {dag.py:3089} INFO - Sync 1 DAGs
[2026-06-21T20:51:13.055-0500] {logging_mixin.py:188} INFO - [2026-06-21T20:51:13.055-0500] {dag.py:3947} INFO - Setting next_dagrun for example_trigger_target_dag to None, run_after=None
[2026-06-21T20:51:13.068-0500] {processor.py:183} INFO - Processing /Users/naga/Desktop/airflow_env/lib/python3.12/site-packages/airflow/example_dags/example_trigger_target_dag.py took 0.126 seconds
[2026-06-21T20:52:42.117-0500] {processor.py:161} INFO - Started process (PID=63585) to work on /Users/naga/Desktop/airflow_env/lib/python3.12/site-packages/airflow/example_dags/example_trigger_target_dag.py
[2026-06-21T20:52:42.118-0500] {processor.py:830} INFO - Processing file /Users/naga/Desktop/airflow_env/lib/python3.12/site-packages/airflow/example_dags/example_trigger_target_dag.py for tasks to queue
[2026-06-21T20:52:42.119-0500] {logging_mixin.py:188} INFO - [2026-06-21T20:52:42.119-0500] {dagbag.py:545} INFO - Filling up the DagBag from /Users/naga/Desktop/airflow_env/lib/python3.12/site-packages/airflow/example_dags/example_trigger_target_dag.py
[2026-06-21T20:52:42.151-0500] {processor.py:840} INFO - DAG(s) 'example_trigger_target_dag' retrieved from /Users/naga/Desktop/airflow_env/lib/python3.12/site-packages/airflow/example_dags/example_trigger_target_dag.py
[2026-06-21T20:52:42.223-0500] {logging_mixin.py:188} INFO - [2026-06-21T20:52:42.223-0500] {dag.py:3089} INFO - Sync 1 DAGs
[2026-06-21T20:52:42.230-0500] {logging_mixin.py:188} INFO - [2026-06-21T20:52:42.230-0500] {dag.py:3947} INFO - Setting next_dagrun for example_trigger_target_dag to None, run_after=None
[2026-06-21T20:52:42.243-0500] {processor.py:183} INFO - Processing /Users/naga/Desktop/airflow_env/lib/python3.12/site-packages/airflow/example_dags/example_trigger_target_dag.py took 0.128 seconds
[2026-06-21T20:54:09.248-0500] {processor.py:161} INFO - Started process (PID=63668) to work on /Users/naga/Desktop/airflow_env/lib/python3.12/site-packages/airflow/example_dags/example_trigger_target_dag.py
[2026-06-21T20:54:09.249-0500] {processor.py:830} INFO - Processing file /Users/naga/Desktop/airflow_env/lib/python3.12/site-packages/airflow/example_dags/example_trigger_target_dag.py for tasks to queue
[2026-06-21T20:54:09.249-0500] {logging_mixin.py:188} INFO - [2026-06-21T20:54:09.249-0500] {dagbag.py:545} INFO - Filling up the DagBag from /Users/naga/Desktop/airflow_env/lib/python3.12/site-packages/airflow/example_dags/example_trigger_target_dag.py
[2026-06-21T20:54:09.283-0500] {processor.py:840} INFO - DAG(s) 'example_trigger_target_dag' retrieved from /Users/naga/Desktop/airflow_env/lib/python3.12/site-packages/airflow/example_dags/example_trigger_target_dag.py
[2026-06-21T20:54:09.360-0500] {logging_mixin.py:188} INFO - [2026-06-21T20:54:09.359-0500] {dag.py:3089} INFO - Sync 1 DAGs
[2026-06-21T20:54:09.367-0500] {logging_mixin.py:188} INFO - [2026-06-21T20:54:09.367-0500] {dag.py:3947} INFO - Setting next_dagrun for example_trigger_target_dag to None, run_after=None
[2026-06-21T20:54:09.382-0500] {processor.py:183} INFO - Processing /Users/naga/Desktop/airflow_env/lib/python3.12/site-packages/airflow/example_dags/example_trigger_target_dag.py took 0.137 seconds
[2026-06-21T20:55:39.600-0500] {processor.py:161} INFO - Started process (PID=63835) to work on /Users/naga/Desktop/airflow_env/lib/python3.12/site-packages/airflow/example_dags/example_trigger_target_dag.py
[2026-06-21T20:55:39.601-0500] {processor.py:830} INFO - Processing file /Users/naga/Desktop/airflow_env/lib/python3.12/site-packages/airflow/example_dags/example_trigger_target_dag.py for tasks to queue
[2026-06-21T20:55:39.602-0500] {logging_mixin.py:188} INFO - [2026-06-21T20:55:39.602-0500] {dagbag.py:545} INFO - Filling up the DagBag from /Users/naga/Desktop/airflow_env/lib/python3.12/site-packages/airflow/example_dags/example_trigger_target_dag.py
[2026-06-21T20:55:39.638-0500] {processor.py:840} INFO - DAG(s) 'example_trigger_target_dag' retrieved from /Users/naga/Desktop/airflow_env/lib/python3.12/site-packages/airflow/example_dags/example_trigger_target_dag.py
[2026-06-21T20:55:39.720-0500] {logging_mixin.py:188} INFO - [2026-06-21T20:55:39.719-0500] {dag.py:3089} INFO - Sync 1 DAGs
[2026-06-21T20:55:39.729-0500] {logging_mixin.py:188} INFO - [2026-06-21T20:55:39.728-0500] {dag.py:3947} INFO - Setting next_dagrun for example_trigger_target_dag to None, run_after=None
[2026-06-21T20:55:39.744-0500] {processor.py:183} INFO - Processing /Users/naga/Desktop/airflow_env/lib/python3.12/site-packages/airflow/example_dags/example_trigger_target_dag.py took 0.146 seconds
[2026-06-21T20:57:08.029-0500] {processor.py:161} INFO - Started process (PID=63923) to work on /Users/naga/Desktop/airflow_env/lib/python3.12/site-packages/airflow/example_dags/example_trigger_target_dag.py
[2026-06-21T20:57:08.031-0500] {processor.py:830} INFO - Processing file /Users/naga/Desktop/airflow_env/lib/python3.12/site-packages/airflow/example_dags/example_trigger_target_dag.py for tasks to queue
[2026-06-21T20:57:08.031-0500] {logging_mixin.py:188} INFO - [2026-06-21T20:57:08.031-0500] {dagbag.py:545} INFO - Filling up the DagBag from /Users/naga/Desktop/airflow_env/lib/python3.12/site-packages/airflow/example_dags/example_trigger_target_dag.py
[2026-06-21T20:57:08.063-0500] {processor.py:840} INFO - DAG(s) 'example_trigger_target_dag' retrieved from /Users/naga/Desktop/airflow_env/lib/python3.12/site-packages/airflow/example_dags/example_trigger_target_dag.py
[2026-06-21T20:57:08.134-0500] {logging_mixin.py:188} INFO - [2026-06-21T20:57:08.134-0500] {dag.py:3089} INFO - Sync 1 DAGs
[2026-06-21T20:57:08.141-0500] {logging_mixin.py:188} INFO - [2026-06-21T20:57:08.141-0500] {dag.py:3947} INFO - Setting next_dagrun for example_trigger_target_dag to None, run_after=None
[2026-06-21T20:57:08.154-0500] {processor.py:183} INFO - Processing /Users/naga/Desktop/airflow_env/lib/python3.12/site-packages/airflow/example_dags/example_trigger_target_dag.py took 0.127 seconds
[2026-06-21T20:58:35.410-0500] {processor.py:161} INFO - Started process (PID=63979) to work on /Users/naga/Desktop/airflow_env/lib/python3.12/site-packages/airflow/example_dags/example_trigger_target_dag.py
[2026-06-21T20:58:35.412-0500] {processor.py:830} INFO - Processing file /Users/naga/Desktop/airflow_env/lib/python3.12/site-packages/airflow/example_dags/example_trigger_target_dag.py for tasks to queue
[2026-06-21T20:58:35.412-0500] {logging_mixin.py:188} INFO - [2026-06-21T20:58:35.412-0500] {dagbag.py:545} INFO - Filling up the DagBag from /Users/naga/Desktop/airflow_env/lib/python3.12/site-packages/airflow/example_dags/example_trigger_target_dag.py
[2026-06-21T20:58:35.448-0500] {processor.py:840} INFO - DAG(s) 'example_trigger_target_dag' retrieved from /Users/naga/Desktop/airflow_env/lib/python3.12/site-packages/airflow/example_dags/example_trigger_target_dag.py
[2026-06-21T20:58:35.527-0500] {logging_mixin.py:188} INFO - [2026-06-21T20:58:35.527-0500] {dag.py:3089} INFO - Sync 1 DAGs
[2026-06-21T20:58:35.534-0500] {logging_mixin.py:188} INFO - [2026-06-21T20:58:35.534-0500] {dag.py:3947} INFO - Setting next_dagrun for example_trigger_target_dag to None, run_after=None
[2026-06-21T20:58:35.549-0500] {processor.py:183} INFO - Processing /Users/naga/Desktop/airflow_env/lib/python3.12/site-packages/airflow/example_dags/example_trigger_target_dag.py took 0.140 seconds
[2026-06-21T21:42:14.660-0500] {processor.py:161} INFO - Started process (PID=64213) to work on /Users/naga/Desktop/airflow_env/lib/python3.12/site-packages/airflow/example_dags/example_trigger_target_dag.py
[2026-06-21T21:42:14.661-0500] {processor.py:830} INFO - Processing file /Users/naga/Desktop/airflow_env/lib/python3.12/site-packages/airflow/example_dags/example_trigger_target_dag.py for tasks to queue
[2026-06-21T21:42:14.662-0500] {logging_mixin.py:188} INFO - [2026-06-21T21:42:14.662-0500] {dagbag.py:545} INFO - Filling up the DagBag from /Users/naga/Desktop/airflow_env/lib/python3.12/site-packages/airflow/example_dags/example_trigger_target_dag.py
[2026-06-21T21:42:14.694-0500] {processor.py:840} INFO - DAG(s) 'example_trigger_target_dag' retrieved from /Users/naga/Desktop/airflow_env/lib/python3.12/site-packages/airflow/example_dags/example_trigger_target_dag.py
[2026-06-21T21:42:14.766-0500] {logging_mixin.py:188} INFO - [2026-06-21T21:42:14.766-0500] {dag.py:3089} INFO - Sync 1 DAGs
[2026-06-21T21:42:14.775-0500] {logging_mixin.py:188} INFO - [2026-06-21T21:42:14.775-0500] {dag.py:3947} INFO - Setting next_dagrun for example_trigger_target_dag to None, run_after=None
[2026-06-21T21:42:14.789-0500] {processor.py:183} INFO - Processing /Users/naga/Desktop/airflow_env/lib/python3.12/site-packages/airflow/example_dags/example_trigger_target_dag.py took 0.131 seconds
[2026-06-21T21:43:58.577-0500] {processor.py:161} INFO - Started process (PID=64306) to work on /Users/naga/Desktop/airflow_env/lib/python3.12/site-packages/airflow/example_dags/example_trigger_target_dag.py
[2026-06-21T21:43:58.578-0500] {processor.py:830} INFO - Processing file /Users/naga/Desktop/airflow_env/lib/python3.12/site-packages/airflow/example_dags/example_trigger_target_dag.py for tasks to queue
[2026-06-21T21:43:58.579-0500] {logging_mixin.py:188} INFO - [2026-06-21T21:43:58.579-0500] {dagbag.py:545} INFO - Filling up the DagBag from /Users/naga/Desktop/airflow_env/lib/python3.12/site-packages/airflow/example_dags/example_trigger_target_dag.py
[2026-06-21T21:43:58.612-0500] {processor.py:840} INFO - DAG(s) 'example_trigger_target_dag' retrieved from /Users/naga/Desktop/airflow_env/lib/python3.12/site-packages/airflow/example_dags/example_trigger_target_dag.py
[2026-06-21T21:43:58.684-0500] {logging_mixin.py:188} INFO - [2026-06-21T21:43:58.684-0500] {dag.py:3089} INFO - Sync 1 DAGs
[2026-06-21T21:43:58.691-0500] {logging_mixin.py:188} INFO - [2026-06-21T21:43:58.691-0500] {dag.py:3947} INFO - Setting next_dagrun for example_trigger_target_dag to None, run_after=None
[2026-06-21T21:43:58.705-0500] {processor.py:183} INFO - Processing /Users/naga/Desktop/airflow_env/lib/python3.12/site-packages/airflow/example_dags/example_trigger_target_dag.py took 0.130 seconds
[2026-06-21T21:45:32.600-0500] {processor.py:161} INFO - Started process (PID=64395) to work on /Users/naga/Desktop/airflow_env/lib/python3.12/site-packages/airflow/example_dags/example_trigger_target_dag.py
[2026-06-21T21:45:32.601-0500] {processor.py:830} INFO - Processing file /Users/naga/Desktop/airflow_env/lib/python3.12/site-packages/airflow/example_dags/example_trigger_target_dag.py for tasks to queue
[2026-06-21T21:45:32.601-0500] {logging_mixin.py:188} INFO - [2026-06-21T21:45:32.601-0500] {dagbag.py:545} INFO - Filling up the DagBag from /Users/naga/Desktop/airflow_env/lib/python3.12/site-packages/airflow/example_dags/example_trigger_target_dag.py
[2026-06-21T21:45:32.633-0500] {processor.py:840} INFO - DAG(s) 'example_trigger_target_dag' retrieved from /Users/naga/Desktop/airflow_env/lib/python3.12/site-packages/airflow/example_dags/example_trigger_target_dag.py
[2026-06-21T21:45:32.704-0500] {logging_mixin.py:188} INFO - [2026-06-21T21:45:32.704-0500] {dag.py:3089} INFO - Sync 1 DAGs
[2026-06-21T21:45:32.711-0500] {logging_mixin.py:188} INFO - [2026-06-21T21:45:32.711-0500] {dag.py:3947} INFO - Setting next_dagrun for example_trigger_target_dag to None, run_after=None
[2026-06-21T21:45:32.726-0500] {processor.py:183} INFO - Processing /Users/naga/Desktop/airflow_env/lib/python3.12/site-packages/airflow/example_dags/example_trigger_target_dag.py took 0.129 seconds
[2026-06-21T21:47:40.930-0500] {processor.py:161} INFO - Started process (PID=64662) to work on /Users/naga/Desktop/airflow_env/lib/python3.12/site-packages/airflow/example_dags/example_trigger_target_dag.py
[2026-06-21T21:47:40.931-0500] {processor.py:830} INFO - Processing file /Users/naga/Desktop/airflow_env/lib/python3.12/site-packages/airflow/example_dags/example_trigger_target_dag.py for tasks to queue
[2026-06-21T21:47:40.931-0500] {logging_mixin.py:188} INFO - [2026-06-21T21:47:40.931-0500] {dagbag.py:545} INFO - Filling up the DagBag from /Users/naga/Desktop/airflow_env/lib/python3.12/site-packages/airflow/example_dags/example_trigger_target_dag.py
[2026-06-21T21:47:40.968-0500] {processor.py:840} INFO - DAG(s) 'example_trigger_target_dag' retrieved from /Users/naga/Desktop/airflow_env/lib/python3.12/site-packages/airflow/example_dags/example_trigger_target_dag.py
[2026-06-21T21:47:41.040-0500] {logging_mixin.py:188} INFO - [2026-06-21T21:47:41.040-0500] {dag.py:3089} INFO - Sync 1 DAGs
[2026-06-21T21:47:41.048-0500] {logging_mixin.py:188} INFO - [2026-06-21T21:47:41.048-0500] {dag.py:3947} INFO - Setting next_dagrun for example_trigger_target_dag to None, run_after=None
[2026-06-21T21:47:41.064-0500] {processor.py:183} INFO - Processing /Users/naga/Desktop/airflow_env/lib/python3.12/site-packages/airflow/example_dags/example_trigger_target_dag.py took 0.136 seconds
[2026-06-21T21:49:14.023-0500] {processor.py:161} INFO - Started process (PID=64730) to work on /Users/naga/Desktop/airflow_env/lib/python3.12/site-packages/airflow/example_dags/example_trigger_target_dag.py
[2026-06-21T21:49:14.025-0500] {processor.py:830} INFO - Processing file /Users/naga/Desktop/airflow_env/lib/python3.12/site-packages/airflow/example_dags/example_trigger_target_dag.py for tasks to queue
[2026-06-21T21:49:14.025-0500] {logging_mixin.py:188} INFO - [2026-06-21T21:49:14.025-0500] {dagbag.py:545} INFO - Filling up the DagBag from /Users/naga/Desktop/airflow_env/lib/python3.12/site-packages/airflow/example_dags/example_trigger_target_dag.py
[2026-06-21T21:49:14.057-0500] {processor.py:840} INFO - DAG(s) 'example_trigger_target_dag' retrieved from /Users/naga/Desktop/airflow_env/lib/python3.12/site-packages/airflow/example_dags/example_trigger_target_dag.py
[2026-06-21T21:49:14.128-0500] {logging_mixin.py:188} INFO - [2026-06-21T21:49:14.128-0500] {dag.py:3089} INFO - Sync 1 DAGs
[2026-06-21T21:49:14.135-0500] {logging_mixin.py:188} INFO - [2026-06-21T21:49:14.135-0500] {dag.py:3947} INFO - Setting next_dagrun for example_trigger_target_dag to None, run_after=None
[2026-06-21T21:49:14.149-0500] {processor.py:183} INFO - Processing /Users/naga/Desktop/airflow_env/lib/python3.12/site-packages/airflow/example_dags/example_trigger_target_dag.py took 0.128 seconds
[2026-06-21T21:51:15.939-0500] {processor.py:161} INFO - Started process (PID=64826) to work on /Users/naga/Desktop/airflow_env/lib/python3.12/site-packages/airflow/example_dags/example_trigger_target_dag.py
[2026-06-21T21:51:15.941-0500] {processor.py:830} INFO - Processing file /Users/naga/Desktop/airflow_env/lib/python3.12/site-packages/airflow/example_dags/example_trigger_target_dag.py for tasks to queue
[2026-06-21T21:51:15.941-0500] {logging_mixin.py:188} INFO - [2026-06-21T21:51:15.941-0500] {dagbag.py:545} INFO - Filling up the DagBag from /Users/naga/Desktop/airflow_env/lib/python3.12/site-packages/airflow/example_dags/example_trigger_target_dag.py
[2026-06-21T21:51:15.973-0500] {processor.py:840} INFO - DAG(s) 'example_trigger_target_dag' retrieved from /Users/naga/Desktop/airflow_env/lib/python3.12/site-packages/airflow/example_dags/example_trigger_target_dag.py
[2026-06-21T21:51:16.044-0500] {logging_mixin.py:188} INFO - [2026-06-21T21:51:16.044-0500] {dag.py:3089} INFO - Sync 1 DAGs
[2026-06-21T21:51:16.051-0500] {logging_mixin.py:188} INFO - [2026-06-21T21:51:16.051-0500] {dag.py:3947} INFO - Setting next_dagrun for example_trigger_target_dag to None, run_after=None
[2026-06-21T21:51:16.065-0500] {processor.py:183} INFO - Processing /Users/naga/Desktop/airflow_env/lib/python3.12/site-packages/airflow/example_dags/example_trigger_target_dag.py took 0.128 seconds
[2026-06-21T21:53:24.238-0500] {processor.py:161} INFO - Started process (PID=64966) to work on /Users/naga/Desktop/airflow_env/lib/python3.12/site-packages/airflow/example_dags/example_trigger_target_dag.py
[2026-06-21T21:53:24.239-0500] {processor.py:830} INFO - Processing file /Users/naga/Desktop/airflow_env/lib/python3.12/site-packages/airflow/example_dags/example_trigger_target_dag.py for tasks to queue
[2026-06-21T21:53:24.239-0500] {logging_mixin.py:188} INFO - [2026-06-21T21:53:24.239-0500] {dagbag.py:545} INFO - Filling up the DagBag from /Users/naga/Desktop/airflow_env/lib/python3.12/site-packages/airflow/example_dags/example_trigger_target_dag.py
[2026-06-21T21:53:24.272-0500] {processor.py:840} INFO - DAG(s) 'example_trigger_target_dag' retrieved from /Users/naga/Desktop/airflow_env/lib/python3.12/site-packages/airflow/example_dags/example_trigger_target_dag.py
[2026-06-21T21:53:24.344-0500] {logging_mixin.py:188} INFO - [2026-06-21T21:53:24.344-0500] {dag.py:3089} INFO - Sync 1 DAGs
[2026-06-21T21:53:24.351-0500] {logging_mixin.py:188} INFO - [2026-06-21T21:53:24.351-0500] {dag.py:3947} INFO - Setting next_dagrun for example_trigger_target_dag to None, run_after=None
[2026-06-21T21:53:24.365-0500] {processor.py:183} INFO - Processing /Users/naga/Desktop/airflow_env/lib/python3.12/site-packages/airflow/example_dags/example_trigger_target_dag.py took 0.130 seconds
[2026-06-21T21:55:17.099-0500] {processor.py:161} INFO - Started process (PID=65312) to work on /Users/naga/Desktop/airflow_env/lib/python3.12/site-packages/airflow/example_dags/example_trigger_target_dag.py
[2026-06-21T21:55:17.101-0500] {processor.py:830} INFO - Processing file /Users/naga/Desktop/airflow_env/lib/python3.12/site-packages/airflow/example_dags/example_trigger_target_dag.py for tasks to queue
[2026-06-21T21:55:17.101-0500] {logging_mixin.py:188} INFO - [2026-06-21T21:55:17.101-0500] {dagbag.py:545} INFO - Filling up the DagBag from /Users/naga/Desktop/airflow_env/lib/python3.12/site-packages/airflow/example_dags/example_trigger_target_dag.py
[2026-06-21T21:55:17.135-0500] {processor.py:840} INFO - DAG(s) 'example_trigger_target_dag' retrieved from /Users/naga/Desktop/airflow_env/lib/python3.12/site-packages/airflow/example_dags/example_trigger_target_dag.py
[2026-06-21T21:55:17.212-0500] {logging_mixin.py:188} INFO - [2026-06-21T21:55:17.212-0500] {dag.py:3089} INFO - Sync 1 DAGs
[2026-06-21T21:55:17.221-0500] {logging_mixin.py:188} INFO - [2026-06-21T21:55:17.221-0500] {dag.py:3947} INFO - Setting next_dagrun for example_trigger_target_dag to None, run_after=None
[2026-06-21T21:55:17.236-0500] {processor.py:183} INFO - Processing /Users/naga/Desktop/airflow_env/lib/python3.12/site-packages/airflow/example_dags/example_trigger_target_dag.py took 0.139 seconds
[2026-06-21T21:56:51.846-0500] {processor.py:161} INFO - Started process (PID=65495) to work on /Users/naga/Desktop/airflow_env/lib/python3.12/site-packages/airflow/example_dags/example_trigger_target_dag.py
[2026-06-21T21:56:51.847-0500] {processor.py:830} INFO - Processing file /Users/naga/Desktop/airflow_env/lib/python3.12/site-packages/airflow/example_dags/example_trigger_target_dag.py for tasks to queue
[2026-06-21T21:56:51.848-0500] {logging_mixin.py:188} INFO - [2026-06-21T21:56:51.848-0500] {dagbag.py:545} INFO - Filling up the DagBag from /Users/naga/Desktop/airflow_env/lib/python3.12/site-packages/airflow/example_dags/example_trigger_target_dag.py
[2026-06-21T21:56:51.880-0500] {processor.py:840} INFO - DAG(s) 'example_trigger_target_dag' retrieved from /Users/naga/Desktop/airflow_env/lib/python3.12/site-packages/airflow/example_dags/example_trigger_target_dag.py
[2026-06-21T21:56:51.953-0500] {logging_mixin.py:188} INFO - [2026-06-21T21:56:51.952-0500] {dag.py:3089} INFO - Sync 1 DAGs
[2026-06-21T21:56:51.960-0500] {logging_mixin.py:188} INFO - [2026-06-21T21:56:51.959-0500] {dag.py:3947} INFO - Setting next_dagrun for example_trigger_target_dag to None, run_after=None
[2026-06-21T21:56:51.974-0500] {processor.py:183} INFO - Processing /Users/naga/Desktop/airflow_env/lib/python3.12/site-packages/airflow/example_dags/example_trigger_target_dag.py took 0.130 seconds
