[2026-06-21T19:47:50.168-0500] {processor.py:161} INFO - Started process (PID=61515) to work on /Users/naga/Desktop/airflow_env/lib/python3.12/site-packages/airflow/example_dags/example_latest_only_with_trigger.py
[2026-06-21T19:47:50.169-0500] {processor.py:830} INFO - Processing file /Users/naga/Desktop/airflow_env/lib/python3.12/site-packages/airflow/example_dags/example_latest_only_with_trigger.py for tasks to queue
[2026-06-21T19:47:50.170-0500] {logging_mixin.py:188} INFO - [2026-06-21T19:47:50.170-0500] {dagbag.py:545} INFO - Filling up the DagBag from /Users/naga/Desktop/airflow_env/lib/python3.12/site-packages/airflow/example_dags/example_latest_only_with_trigger.py
[2026-06-21T19:47:50.178-0500] {processor.py:840} INFO - DAG(s) 'latest_only_with_trigger' retrieved from /Users/naga/Desktop/airflow_env/lib/python3.12/site-packages/airflow/example_dags/example_latest_only_with_trigger.py
[2026-06-21T19:47:50.254-0500] {logging_mixin.py:188} INFO - [2026-06-21T19:47:50.254-0500] {dag.py:3089} INFO - Sync 1 DAGs
[2026-06-21T19:47:50.268-0500] {logging_mixin.py:188} INFO - [2026-06-21T19:47:50.268-0500] {dag.py:3947} INFO - Setting next_dagrun for latest_only_with_trigger to 2026-06-21 20:00:00+00:00, run_after=2026-06-22 00:00:00+00:00
[2026-06-21T19:47:50.282-0500] {processor.py:183} INFO - Processing /Users/naga/Desktop/airflow_env/lib/python3.12/site-packages/airflow/example_dags/example_latest_only_with_trigger.py took 0.116 seconds
[2026-06-21T19:50:57.529-0500] {processor.py:161} INFO - Started process (PID=61778) to work on /Users/naga/Desktop/airflow_env/lib/python3.12/site-packages/airflow/example_dags/example_latest_only_with_trigger.py
[2026-06-21T19:50:57.530-0500] {processor.py:830} INFO - Processing file /Users/naga/Desktop/airflow_env/lib/python3.12/site-packages/airflow/example_dags/example_latest_only_with_trigger.py for tasks to queue
[2026-06-21T19:50:57.531-0500] {logging_mixin.py:188} INFO - [2026-06-21T19:50:57.530-0500] {dagbag.py:545} INFO - Filling up the DagBag from /Users/naga/Desktop/airflow_env/lib/python3.12/site-packages/airflow/example_dags/example_latest_only_with_trigger.py
[2026-06-21T19:50:57.538-0500] {processor.py:840} INFO - DAG(s) 'latest_only_with_trigger' retrieved from /Users/naga/Desktop/airflow_env/lib/python3.12/site-packages/airflow/example_dags/example_latest_only_with_trigger.py
[2026-06-21T19:50:57.614-0500] {logging_mixin.py:188} INFO - [2026-06-21T19:50:57.614-0500] {dag.py:3089} INFO - Sync 1 DAGs
[2026-06-21T19:50:57.627-0500] {logging_mixin.py:188} INFO - [2026-06-21T19:50:57.627-0500] {dag.py:3947} INFO - Setting next_dagrun for latest_only_with_trigger to 2026-06-21 20:00:00+00:00, run_after=2026-06-22 00:00:00+00:00
[2026-06-21T19:50:57.641-0500] {processor.py:183} INFO - Processing /Users/naga/Desktop/airflow_env/lib/python3.12/site-packages/airflow/example_dags/example_latest_only_with_trigger.py took 0.114 seconds
[2026-06-21T19:53:45.814-0500] {processor.py:161} INFO - Started process (PID=61902) to work on /Users/naga/Desktop/airflow_env/lib/python3.12/site-packages/airflow/example_dags/example_latest_only_with_trigger.py
[2026-06-21T19:53:45.816-0500] {processor.py:830} INFO - Processing file /Users/naga/Desktop/airflow_env/lib/python3.12/site-packages/airflow/example_dags/example_latest_only_with_trigger.py for tasks to queue
[2026-06-21T19:53:45.816-0500] {logging_mixin.py:188} INFO - [2026-06-21T19:53:45.816-0500] {dagbag.py:545} INFO - Filling up the DagBag from /Users/naga/Desktop/airflow_env/lib/python3.12/site-packages/airflow/example_dags/example_latest_only_with_trigger.py
[2026-06-21T19:53:45.823-0500] {processor.py:840} INFO - DAG(s) 'latest_only_with_trigger' retrieved from /Users/naga/Desktop/airflow_env/lib/python3.12/site-packages/airflow/example_dags/example_latest_only_with_trigger.py
[2026-06-21T19:53:45.898-0500] {logging_mixin.py:188} INFO - [2026-06-21T19:53:45.898-0500] {dag.py:3089} INFO - Sync 1 DAGs
[2026-06-21T19:53:45.911-0500] {logging_mixin.py:188} INFO - [2026-06-21T19:53:45.911-0500] {dag.py:3947} INFO - Setting next_dagrun for latest_only_with_trigger to 2026-06-21 20:00:00+00:00, run_after=2026-06-22 00:00:00+00:00
[2026-06-21T19:53:45.925-0500] {processor.py:183} INFO - Processing /Users/naga/Desktop/airflow_env/lib/python3.12/site-packages/airflow/example_dags/example_latest_only_with_trigger.py took 0.113 seconds
[2026-06-21T19:56:33.982-0500] {processor.py:161} INFO - Started process (PID=62034) to work on /Users/naga/Desktop/airflow_env/lib/python3.12/site-packages/airflow/example_dags/example_latest_only_with_trigger.py
[2026-06-21T19:56:33.983-0500] {processor.py:830} INFO - Processing file /Users/naga/Desktop/airflow_env/lib/python3.12/site-packages/airflow/example_dags/example_latest_only_with_trigger.py for tasks to queue
[2026-06-21T19:56:33.983-0500] {logging_mixin.py:188} INFO - [2026-06-21T19:56:33.983-0500] {dagbag.py:545} INFO - Filling up the DagBag from /Users/naga/Desktop/airflow_env/lib/python3.12/site-packages/airflow/example_dags/example_latest_only_with_trigger.py
[2026-06-21T19:56:33.990-0500] {processor.py:840} INFO - DAG(s) 'latest_only_with_trigger' retrieved from /Users/naga/Desktop/airflow_env/lib/python3.12/site-packages/airflow/example_dags/example_latest_only_with_trigger.py
[2026-06-21T19:56:34.065-0500] {logging_mixin.py:188} INFO - [2026-06-21T19:56:34.065-0500] {dag.py:3089} INFO - Sync 1 DAGs
[2026-06-21T19:56:34.078-0500] {logging_mixin.py:188} INFO - [2026-06-21T19:56:34.078-0500] {dag.py:3947} INFO - Setting next_dagrun for latest_only_with_trigger to 2026-06-21 20:00:00+00:00, run_after=2026-06-22 00:00:00+00:00
[2026-06-21T19:56:34.092-0500] {processor.py:183} INFO - Processing /Users/naga/Desktop/airflow_env/lib/python3.12/site-packages/airflow/example_dags/example_latest_only_with_trigger.py took 0.112 seconds
[2026-06-21T19:59:31.400-0500] {processor.py:161} INFO - Started process (PID=62168) to work on /Users/naga/Desktop/airflow_env/lib/python3.12/site-packages/airflow/example_dags/example_latest_only_with_trigger.py
[2026-06-21T19:59:31.401-0500] {processor.py:830} INFO - Processing file /Users/naga/Desktop/airflow_env/lib/python3.12/site-packages/airflow/example_dags/example_latest_only_with_trigger.py for tasks to queue
[2026-06-21T19:59:31.402-0500] {logging_mixin.py:188} INFO - [2026-06-21T19:59:31.402-0500] {dagbag.py:545} INFO - Filling up the DagBag from /Users/naga/Desktop/airflow_env/lib/python3.12/site-packages/airflow/example_dags/example_latest_only_with_trigger.py
[2026-06-21T19:59:31.409-0500] {processor.py:840} INFO - DAG(s) 'latest_only_with_trigger' retrieved from /Users/naga/Desktop/airflow_env/lib/python3.12/site-packages/airflow/example_dags/example_latest_only_with_trigger.py
[2026-06-21T19:59:31.484-0500] {logging_mixin.py:188} INFO - [2026-06-21T19:59:31.484-0500] {dag.py:3089} INFO - Sync 1 DAGs
[2026-06-21T19:59:31.498-0500] {logging_mixin.py:188} INFO - [2026-06-21T19:59:31.498-0500] {dag.py:3947} INFO - Setting next_dagrun for latest_only_with_trigger to 2026-06-21 20:00:00+00:00, run_after=2026-06-22 00:00:00+00:00
[2026-06-21T19:59:31.511-0500] {processor.py:183} INFO - Processing /Users/naga/Desktop/airflow_env/lib/python3.12/site-packages/airflow/example_dags/example_latest_only_with_trigger.py took 0.114 seconds
[2026-06-21T20:02:23.310-0500] {processor.py:161} INFO - Started process (PID=62312) to work on /Users/naga/Desktop/airflow_env/lib/python3.12/site-packages/airflow/example_dags/example_latest_only_with_trigger.py
[2026-06-21T20:02:23.311-0500] {processor.py:830} INFO - Processing file /Users/naga/Desktop/airflow_env/lib/python3.12/site-packages/airflow/example_dags/example_latest_only_with_trigger.py for tasks to queue
[2026-06-21T20:02:23.311-0500] {logging_mixin.py:188} INFO - [2026-06-21T20:02:23.311-0500] {dagbag.py:545} INFO - Filling up the DagBag from /Users/naga/Desktop/airflow_env/lib/python3.12/site-packages/airflow/example_dags/example_latest_only_with_trigger.py
[2026-06-21T20:02:23.319-0500] {processor.py:840} INFO - DAG(s) 'latest_only_with_trigger' retrieved from /Users/naga/Desktop/airflow_env/lib/python3.12/site-packages/airflow/example_dags/example_latest_only_with_trigger.py
[2026-06-21T20:02:23.394-0500] {logging_mixin.py:188} INFO - [2026-06-21T20:02:23.394-0500] {dag.py:3089} INFO - Sync 1 DAGs
[2026-06-21T20:02:23.408-0500] {logging_mixin.py:188} INFO - [2026-06-21T20:02:23.408-0500] {dag.py:3947} INFO - Setting next_dagrun for latest_only_with_trigger to 2026-06-21 20:00:00+00:00, run_after=2026-06-22 00:00:00+00:00
[2026-06-21T20:02:23.422-0500] {processor.py:183} INFO - Processing /Users/naga/Desktop/airflow_env/lib/python3.12/site-packages/airflow/example_dags/example_latest_only_with_trigger.py took 0.114 seconds
[2026-06-21T20:05:16.338-0500] {processor.py:161} INFO - Started process (PID=62431) to work on /Users/naga/Desktop/airflow_env/lib/python3.12/site-packages/airflow/example_dags/example_latest_only_with_trigger.py
[2026-06-21T20:05:16.339-0500] {processor.py:830} INFO - Processing file /Users/naga/Desktop/airflow_env/lib/python3.12/site-packages/airflow/example_dags/example_latest_only_with_trigger.py for tasks to queue
[2026-06-21T20:05:16.340-0500] {logging_mixin.py:188} INFO - [2026-06-21T20:05:16.340-0500] {dagbag.py:545} INFO - Filling up the DagBag from /Users/naga/Desktop/airflow_env/lib/python3.12/site-packages/airflow/example_dags/example_latest_only_with_trigger.py
[2026-06-21T20:05:16.347-0500] {processor.py:840} INFO - DAG(s) 'latest_only_with_trigger' retrieved from /Users/naga/Desktop/airflow_env/lib/python3.12/site-packages/airflow/example_dags/example_latest_only_with_trigger.py
[2026-06-21T20:05:16.421-0500] {logging_mixin.py:188} INFO - [2026-06-21T20:05:16.421-0500] {dag.py:3089} INFO - Sync 1 DAGs
[2026-06-21T20:05:16.436-0500] {logging_mixin.py:188} INFO - [2026-06-21T20:05:16.436-0500] {dag.py:3947} INFO - Setting next_dagrun for latest_only_with_trigger to 2026-06-21 20:00:00+00:00, run_after=2026-06-22 00:00:00+00:00
[2026-06-21T20:05:16.450-0500] {processor.py:183} INFO - Processing /Users/naga/Desktop/airflow_env/lib/python3.12/site-packages/airflow/example_dags/example_latest_only_with_trigger.py took 0.114 seconds
[2026-06-21T20:08:16.134-0500] {processor.py:161} INFO - Started process (PID=62588) to work on /Users/naga/Desktop/airflow_env/lib/python3.12/site-packages/airflow/example_dags/example_latest_only_with_trigger.py
[2026-06-21T20:08:16.135-0500] {processor.py:830} INFO - Processing file /Users/naga/Desktop/airflow_env/lib/python3.12/site-packages/airflow/example_dags/example_latest_only_with_trigger.py for tasks to queue
[2026-06-21T20:08:16.136-0500] {logging_mixin.py:188} INFO - [2026-06-21T20:08:16.136-0500] {dagbag.py:545} INFO - Filling up the DagBag from /Users/naga/Desktop/airflow_env/lib/python3.12/site-packages/airflow/example_dags/example_latest_only_with_trigger.py
[2026-06-21T20:08:16.143-0500] {processor.py:840} INFO - DAG(s) 'latest_only_with_trigger' retrieved from /Users/naga/Desktop/airflow_env/lib/python3.12/site-packages/airflow/example_dags/example_latest_only_with_trigger.py
[2026-06-21T20:08:16.217-0500] {logging_mixin.py:188} INFO - [2026-06-21T20:08:16.217-0500] {dag.py:3089} INFO - Sync 1 DAGs
[2026-06-21T20:08:16.231-0500] {logging_mixin.py:188} INFO - [2026-06-21T20:08:16.230-0500] {dag.py:3947} INFO - Setting next_dagrun for latest_only_with_trigger to 2026-06-21 20:00:00+00:00, run_after=2026-06-22 00:00:00+00:00
[2026-06-21T20:08:16.244-0500] {processor.py:183} INFO - Processing /Users/naga/Desktop/airflow_env/lib/python3.12/site-packages/airflow/example_dags/example_latest_only_with_trigger.py took 0.112 seconds
[2026-06-21T20:38:48.612-0500] {processor.py:161} INFO - Started process (PID=62788) to work on /Users/naga/Desktop/airflow_env/lib/python3.12/site-packages/airflow/example_dags/example_latest_only_with_trigger.py
[2026-06-21T20:38:48.614-0500] {processor.py:830} INFO - Processing file /Users/naga/Desktop/airflow_env/lib/python3.12/site-packages/airflow/example_dags/example_latest_only_with_trigger.py for tasks to queue
[2026-06-21T20:38:48.614-0500] {logging_mixin.py:188} INFO - [2026-06-21T20:38:48.614-0500] {dagbag.py:545} INFO - Filling up the DagBag from /Users/naga/Desktop/airflow_env/lib/python3.12/site-packages/airflow/example_dags/example_latest_only_with_trigger.py
[2026-06-21T20:38:48.621-0500] {processor.py:840} INFO - DAG(s) 'latest_only_with_trigger' retrieved from /Users/naga/Desktop/airflow_env/lib/python3.12/site-packages/airflow/example_dags/example_latest_only_with_trigger.py
[2026-06-21T20:38:48.697-0500] {logging_mixin.py:188} INFO - [2026-06-21T20:38:48.697-0500] {dag.py:3089} INFO - Sync 1 DAGs
[2026-06-21T20:38:48.711-0500] {logging_mixin.py:188} INFO - [2026-06-21T20:38:48.710-0500] {dag.py:3947} INFO - Setting next_dagrun for latest_only_with_trigger to 2026-06-21 20:00:00+00:00, run_after=2026-06-22 00:00:00+00:00
[2026-06-21T20:38:48.724-0500] {processor.py:183} INFO - Processing /Users/naga/Desktop/airflow_env/lib/python3.12/site-packages/airflow/example_dags/example_latest_only_with_trigger.py took 0.114 seconds
[2026-06-21T20:41:55.027-0500] {processor.py:161} INFO - Started process (PID=63038) to work on /Users/naga/Desktop/airflow_env/lib/python3.12/site-packages/airflow/example_dags/example_latest_only_with_trigger.py
[2026-06-21T20:41:55.029-0500] {processor.py:830} INFO - Processing file /Users/naga/Desktop/airflow_env/lib/python3.12/site-packages/airflow/example_dags/example_latest_only_with_trigger.py for tasks to queue
[2026-06-21T20:41:55.029-0500] {logging_mixin.py:188} INFO - [2026-06-21T20:41:55.029-0500] {dagbag.py:545} INFO - Filling up the DagBag from /Users/naga/Desktop/airflow_env/lib/python3.12/site-packages/airflow/example_dags/example_latest_only_with_trigger.py
[2026-06-21T20:41:55.036-0500] {processor.py:840} INFO - DAG(s) 'latest_only_with_trigger' retrieved from /Users/naga/Desktop/airflow_env/lib/python3.12/site-packages/airflow/example_dags/example_latest_only_with_trigger.py
[2026-06-21T20:41:55.111-0500] {logging_mixin.py:188} INFO - [2026-06-21T20:41:55.110-0500] {dag.py:3089} INFO - Sync 1 DAGs
[2026-06-21T20:41:55.124-0500] {logging_mixin.py:188} INFO - [2026-06-21T20:41:55.123-0500] {dag.py:3947} INFO - Setting next_dagrun for latest_only_with_trigger to 2026-06-21 20:00:00+00:00, run_after=2026-06-22 00:00:00+00:00
[2026-06-21T20:41:55.137-0500] {processor.py:183} INFO - Processing /Users/naga/Desktop/airflow_env/lib/python3.12/site-packages/airflow/example_dags/example_latest_only_with_trigger.py took 0.112 seconds
[2026-06-21T20:44:46.449-0500] {processor.py:161} INFO - Started process (PID=63219) to work on /Users/naga/Desktop/airflow_env/lib/python3.12/site-packages/airflow/example_dags/example_latest_only_with_trigger.py
[2026-06-21T20:44:46.451-0500] {processor.py:830} INFO - Processing file /Users/naga/Desktop/airflow_env/lib/python3.12/site-packages/airflow/example_dags/example_latest_only_with_trigger.py for tasks to queue
[2026-06-21T20:44:46.452-0500] {logging_mixin.py:188} INFO - [2026-06-21T20:44:46.452-0500] {dagbag.py:545} INFO - Filling up the DagBag from /Users/naga/Desktop/airflow_env/lib/python3.12/site-packages/airflow/example_dags/example_latest_only_with_trigger.py
[2026-06-21T20:44:46.459-0500] {processor.py:840} INFO - DAG(s) 'latest_only_with_trigger' retrieved from /Users/naga/Desktop/airflow_env/lib/python3.12/site-packages/airflow/example_dags/example_latest_only_with_trigger.py
[2026-06-21T20:44:46.532-0500] {logging_mixin.py:188} INFO - [2026-06-21T20:44:46.532-0500] {dag.py:3089} INFO - Sync 1 DAGs
[2026-06-21T20:44:46.545-0500] {logging_mixin.py:188} INFO - [2026-06-21T20:44:46.545-0500] {dag.py:3947} INFO - Setting next_dagrun for latest_only_with_trigger to 2026-06-21 20:00:00+00:00, run_after=2026-06-22 00:00:00+00:00
[2026-06-21T20:44:46.558-0500] {processor.py:183} INFO - Processing /Users/naga/Desktop/airflow_env/lib/python3.12/site-packages/airflow/example_dags/example_latest_only_with_trigger.py took 0.111 seconds
[2026-06-21T20:47:36.611-0500] {processor.py:161} INFO - Started process (PID=63363) to work on /Users/naga/Desktop/airflow_env/lib/python3.12/site-packages/airflow/example_dags/example_latest_only_with_trigger.py
[2026-06-21T20:47:36.613-0500] {processor.py:830} INFO - Processing file /Users/naga/Desktop/airflow_env/lib/python3.12/site-packages/airflow/example_dags/example_latest_only_with_trigger.py for tasks to queue
[2026-06-21T20:47:36.614-0500] {logging_mixin.py:188} INFO - [2026-06-21T20:47:36.614-0500] {dagbag.py:545} INFO - Filling up the DagBag from /Users/naga/Desktop/airflow_env/lib/python3.12/site-packages/airflow/example_dags/example_latest_only_with_trigger.py
[2026-06-21T20:47:36.621-0500] {processor.py:840} INFO - DAG(s) 'latest_only_with_trigger' retrieved from /Users/naga/Desktop/airflow_env/lib/python3.12/site-packages/airflow/example_dags/example_latest_only_with_trigger.py
[2026-06-21T20:47:36.694-0500] {logging_mixin.py:188} INFO - [2026-06-21T20:47:36.694-0500] {dag.py:3089} INFO - Sync 1 DAGs
[2026-06-21T20:47:36.708-0500] {logging_mixin.py:188} INFO - [2026-06-21T20:47:36.708-0500] {dag.py:3947} INFO - Setting next_dagrun for latest_only_with_trigger to 2026-06-21 20:00:00+00:00, run_after=2026-06-22 00:00:00+00:00
[2026-06-21T20:47:36.721-0500] {processor.py:183} INFO - Processing /Users/naga/Desktop/airflow_env/lib/python3.12/site-packages/airflow/example_dags/example_latest_only_with_trigger.py took 0.112 seconds
[2026-06-21T20:50:28.024-0500] {processor.py:161} INFO - Started process (PID=63484) to work on /Users/naga/Desktop/airflow_env/lib/python3.12/site-packages/airflow/example_dags/example_latest_only_with_trigger.py
[2026-06-21T20:50:28.026-0500] {processor.py:830} INFO - Processing file /Users/naga/Desktop/airflow_env/lib/python3.12/site-packages/airflow/example_dags/example_latest_only_with_trigger.py for tasks to queue
[2026-06-21T20:50:28.026-0500] {logging_mixin.py:188} INFO - [2026-06-21T20:50:28.026-0500] {dagbag.py:545} INFO - Filling up the DagBag from /Users/naga/Desktop/airflow_env/lib/python3.12/site-packages/airflow/example_dags/example_latest_only_with_trigger.py
[2026-06-21T20:50:28.033-0500] {processor.py:840} INFO - DAG(s) 'latest_only_with_trigger' retrieved from /Users/naga/Desktop/airflow_env/lib/python3.12/site-packages/airflow/example_dags/example_latest_only_with_trigger.py
[2026-06-21T20:50:28.106-0500] {logging_mixin.py:188} INFO - [2026-06-21T20:50:28.106-0500] {dag.py:3089} INFO - Sync 1 DAGs
[2026-06-21T20:50:28.119-0500] {logging_mixin.py:188} INFO - [2026-06-21T20:50:28.119-0500] {dag.py:3947} INFO - Setting next_dagrun for latest_only_with_trigger to 2026-06-21 20:00:00+00:00, run_after=2026-06-22 00:00:00+00:00
[2026-06-21T20:50:28.132-0500] {processor.py:183} INFO - Processing /Users/naga/Desktop/airflow_env/lib/python3.12/site-packages/airflow/example_dags/example_latest_only_with_trigger.py took 0.110 seconds
[2026-06-21T20:53:24.213-0500] {processor.py:161} INFO - Started process (PID=63626) to work on /Users/naga/Desktop/airflow_env/lib/python3.12/site-packages/airflow/example_dags/example_latest_only_with_trigger.py
[2026-06-21T20:53:24.215-0500] {processor.py:830} INFO - Processing file /Users/naga/Desktop/airflow_env/lib/python3.12/site-packages/airflow/example_dags/example_latest_only_with_trigger.py for tasks to queue
[2026-06-21T20:53:24.215-0500] {logging_mixin.py:188} INFO - [2026-06-21T20:53:24.215-0500] {dagbag.py:545} INFO - Filling up the DagBag from /Users/naga/Desktop/airflow_env/lib/python3.12/site-packages/airflow/example_dags/example_latest_only_with_trigger.py
[2026-06-21T20:53:24.222-0500] {processor.py:840} INFO - DAG(s) 'latest_only_with_trigger' retrieved from /Users/naga/Desktop/airflow_env/lib/python3.12/site-packages/airflow/example_dags/example_latest_only_with_trigger.py
[2026-06-21T20:53:24.295-0500] {logging_mixin.py:188} INFO - [2026-06-21T20:53:24.295-0500] {dag.py:3089} INFO - Sync 1 DAGs
[2026-06-21T20:53:24.308-0500] {logging_mixin.py:188} INFO - [2026-06-21T20:53:24.307-0500] {dag.py:3947} INFO - Setting next_dagrun for latest_only_with_trigger to 2026-06-21 20:00:00+00:00, run_after=2026-06-22 00:00:00+00:00
[2026-06-21T20:53:24.321-0500] {processor.py:183} INFO - Processing /Users/naga/Desktop/airflow_env/lib/python3.12/site-packages/airflow/example_dags/example_latest_only_with_trigger.py took 0.110 seconds
[2026-06-21T20:56:24.135-0500] {processor.py:161} INFO - Started process (PID=63868) to work on /Users/naga/Desktop/airflow_env/lib/python3.12/site-packages/airflow/example_dags/example_latest_only_with_trigger.py
[2026-06-21T20:56:24.136-0500] {processor.py:830} INFO - Processing file /Users/naga/Desktop/airflow_env/lib/python3.12/site-packages/airflow/example_dags/example_latest_only_with_trigger.py for tasks to queue
[2026-06-21T20:56:24.136-0500] {logging_mixin.py:188} INFO - [2026-06-21T20:56:24.136-0500] {dagbag.py:545} INFO - Filling up the DagBag from /Users/naga/Desktop/airflow_env/lib/python3.12/site-packages/airflow/example_dags/example_latest_only_with_trigger.py
[2026-06-21T20:56:24.144-0500] {processor.py:840} INFO - DAG(s) 'latest_only_with_trigger' retrieved from /Users/naga/Desktop/airflow_env/lib/python3.12/site-packages/airflow/example_dags/example_latest_only_with_trigger.py
[2026-06-21T20:56:24.219-0500] {logging_mixin.py:188} INFO - [2026-06-21T20:56:24.218-0500] {dag.py:3089} INFO - Sync 1 DAGs
[2026-06-21T20:56:24.232-0500] {logging_mixin.py:188} INFO - [2026-06-21T20:56:24.232-0500] {dag.py:3947} INFO - Setting next_dagrun for latest_only_with_trigger to 2026-06-21 20:00:00+00:00, run_after=2026-06-22 00:00:00+00:00
[2026-06-21T20:56:24.245-0500] {processor.py:183} INFO - Processing /Users/naga/Desktop/airflow_env/lib/python3.12/site-packages/airflow/example_dags/example_latest_only_with_trigger.py took 0.113 seconds
[2026-06-21T21:41:22.312-0500] {processor.py:161} INFO - Started process (PID=64072) to work on /Users/naga/Desktop/airflow_env/lib/python3.12/site-packages/airflow/example_dags/example_latest_only_with_trigger.py
[2026-06-21T21:41:22.317-0500] {processor.py:830} INFO - Processing file /Users/naga/Desktop/airflow_env/lib/python3.12/site-packages/airflow/example_dags/example_latest_only_with_trigger.py for tasks to queue
[2026-06-21T21:41:22.319-0500] {logging_mixin.py:188} INFO - [2026-06-21T21:41:22.318-0500] {dagbag.py:545} INFO - Filling up the DagBag from /Users/naga/Desktop/airflow_env/lib/python3.12/site-packages/airflow/example_dags/example_latest_only_with_trigger.py
[2026-06-21T21:41:22.352-0500] {processor.py:840} INFO - DAG(s) 'latest_only_with_trigger' retrieved from /Users/naga/Desktop/airflow_env/lib/python3.12/site-packages/airflow/example_dags/example_latest_only_with_trigger.py
[2026-06-21T21:41:22.478-0500] {logging_mixin.py:188} INFO - [2026-06-21T21:41:22.478-0500] {dag.py:3089} INFO - Sync 1 DAGs
[2026-06-21T21:41:22.531-0500] {logging_mixin.py:188} INFO - [2026-06-21T21:41:22.531-0500] {dag.py:3947} INFO - Setting next_dagrun for latest_only_with_trigger to 2026-06-21 20:00:00+00:00, run_after=2026-06-22 00:00:00+00:00
[2026-06-21T21:41:22.553-0500] {processor.py:183} INFO - Processing /Users/naga/Desktop/airflow_env/lib/python3.12/site-packages/airflow/example_dags/example_latest_only_with_trigger.py took 0.246 seconds
[2026-06-21T21:44:46.256-0500] {processor.py:161} INFO - Started process (PID=64335) to work on /Users/naga/Desktop/airflow_env/lib/python3.12/site-packages/airflow/example_dags/example_latest_only_with_trigger.py
[2026-06-21T21:44:46.260-0500] {processor.py:830} INFO - Processing file /Users/naga/Desktop/airflow_env/lib/python3.12/site-packages/airflow/example_dags/example_latest_only_with_trigger.py for tasks to queue
[2026-06-21T21:44:46.261-0500] {logging_mixin.py:188} INFO - [2026-06-21T21:44:46.261-0500] {dagbag.py:545} INFO - Filling up the DagBag from /Users/naga/Desktop/airflow_env/lib/python3.12/site-packages/airflow/example_dags/example_latest_only_with_trigger.py
[2026-06-21T21:44:46.270-0500] {processor.py:840} INFO - DAG(s) 'latest_only_with_trigger' retrieved from /Users/naga/Desktop/airflow_env/lib/python3.12/site-packages/airflow/example_dags/example_latest_only_with_trigger.py
[2026-06-21T21:44:46.348-0500] {logging_mixin.py:188} INFO - [2026-06-21T21:44:46.347-0500] {dag.py:3089} INFO - Sync 1 DAGs
[2026-06-21T21:44:46.362-0500] {logging_mixin.py:188} INFO - [2026-06-21T21:44:46.362-0500] {dag.py:3947} INFO - Setting next_dagrun for latest_only_with_trigger to 2026-06-21 20:00:00+00:00, run_after=2026-06-22 00:00:00+00:00
[2026-06-21T21:44:46.377-0500] {processor.py:183} INFO - Processing /Users/naga/Desktop/airflow_env/lib/python3.12/site-packages/airflow/example_dags/example_latest_only_with_trigger.py took 0.124 seconds
[2026-06-21T21:48:25.563-0500] {processor.py:161} INFO - Started process (PID=64700) to work on /Users/naga/Desktop/airflow_env/lib/python3.12/site-packages/airflow/example_dags/example_latest_only_with_trigger.py
[2026-06-21T21:48:25.564-0500] {processor.py:830} INFO - Processing file /Users/naga/Desktop/airflow_env/lib/python3.12/site-packages/airflow/example_dags/example_latest_only_with_trigger.py for tasks to queue
[2026-06-21T21:48:25.565-0500] {logging_mixin.py:188} INFO - [2026-06-21T21:48:25.565-0500] {dagbag.py:545} INFO - Filling up the DagBag from /Users/naga/Desktop/airflow_env/lib/python3.12/site-packages/airflow/example_dags/example_latest_only_with_trigger.py
[2026-06-21T21:48:25.573-0500] {processor.py:840} INFO - DAG(s) 'latest_only_with_trigger' retrieved from /Users/naga/Desktop/airflow_env/lib/python3.12/site-packages/airflow/example_dags/example_latest_only_with_trigger.py
[2026-06-21T21:48:25.646-0500] {logging_mixin.py:188} INFO - [2026-06-21T21:48:25.646-0500] {dag.py:3089} INFO - Sync 1 DAGs
[2026-06-21T21:48:25.659-0500] {logging_mixin.py:188} INFO - [2026-06-21T21:48:25.659-0500] {dag.py:3947} INFO - Setting next_dagrun for latest_only_with_trigger to 2026-06-21 20:00:00+00:00, run_after=2026-06-22 00:00:00+00:00
[2026-06-21T21:48:25.672-0500] {processor.py:183} INFO - Processing /Users/naga/Desktop/airflow_env/lib/python3.12/site-packages/airflow/example_dags/example_latest_only_with_trigger.py took 0.111 seconds
[2026-06-21T21:52:04.530-0500] {processor.py:161} INFO - Started process (PID=64877) to work on /Users/naga/Desktop/airflow_env/lib/python3.12/site-packages/airflow/example_dags/example_latest_only_with_trigger.py
[2026-06-21T21:52:04.531-0500] {processor.py:830} INFO - Processing file /Users/naga/Desktop/airflow_env/lib/python3.12/site-packages/airflow/example_dags/example_latest_only_with_trigger.py for tasks to queue
[2026-06-21T21:52:04.532-0500] {logging_mixin.py:188} INFO - [2026-06-21T21:52:04.532-0500] {dagbag.py:545} INFO - Filling up the DagBag from /Users/naga/Desktop/airflow_env/lib/python3.12/site-packages/airflow/example_dags/example_latest_only_with_trigger.py
[2026-06-21T21:52:04.540-0500] {processor.py:840} INFO - DAG(s) 'latest_only_with_trigger' retrieved from /Users/naga/Desktop/airflow_env/lib/python3.12/site-packages/airflow/example_dags/example_latest_only_with_trigger.py
[2026-06-21T21:52:04.612-0500] {logging_mixin.py:188} INFO - [2026-06-21T21:52:04.612-0500] {dag.py:3089} INFO - Sync 1 DAGs
[2026-06-21T21:52:04.625-0500] {logging_mixin.py:188} INFO - [2026-06-21T21:52:04.625-0500] {dag.py:3947} INFO - Setting next_dagrun for latest_only_with_trigger to 2026-06-21 20:00:00+00:00, run_after=2026-06-22 00:00:00+00:00
[2026-06-21T21:52:04.638-0500] {processor.py:183} INFO - Processing /Users/naga/Desktop/airflow_env/lib/python3.12/site-packages/airflow/example_dags/example_latest_only_with_trigger.py took 0.110 seconds
[2026-06-21T21:54:17.267-0500] {processor.py:161} INFO - Started process (PID=64995) to work on /Users/naga/Desktop/airflow_env/lib/python3.12/site-packages/airflow/example_dags/example_latest_only_with_trigger.py
[2026-06-21T21:54:17.269-0500] {processor.py:830} INFO - Processing file /Users/naga/Desktop/airflow_env/lib/python3.12/site-packages/airflow/example_dags/example_latest_only_with_trigger.py for tasks to queue
[2026-06-21T21:54:17.269-0500] {logging_mixin.py:188} INFO - [2026-06-21T21:54:17.269-0500] {dagbag.py:545} INFO - Filling up the DagBag from /Users/naga/Desktop/airflow_env/lib/python3.12/site-packages/airflow/example_dags/example_latest_only_with_trigger.py
[2026-06-21T21:54:17.284-0500] {processor.py:840} INFO - DAG(s) 'latest_only_with_trigger' retrieved from /Users/naga/Desktop/airflow_env/lib/python3.12/site-packages/airflow/example_dags/example_latest_only_with_trigger.py
[2026-06-21T21:54:17.431-0500] {logging_mixin.py:188} INFO - [2026-06-21T21:54:17.430-0500] {dag.py:3089} INFO - Sync 1 DAGs
[2026-06-21T21:54:17.449-0500] {logging_mixin.py:188} INFO - [2026-06-21T21:54:17.449-0500] {dag.py:3947} INFO - Setting next_dagrun for latest_only_with_trigger to 2026-06-21 20:00:00+00:00, run_after=2026-06-22 00:00:00+00:00
[2026-06-21T21:54:17.466-0500] {processor.py:183} INFO - Processing /Users/naga/Desktop/airflow_env/lib/python3.12/site-packages/airflow/example_dags/example_latest_only_with_trigger.py took 0.201 seconds
