[2026-06-21T19:47:22.136-0500] {processor.py:161} INFO - Started process (PID=61500) to work on /Users/naga/Desktop/airflow_env/lib/python3.12/site-packages/airflow/example_dags/example_short_circuit_operator.py
[2026-06-21T19:47:22.137-0500] {processor.py:830} INFO - Processing file /Users/naga/Desktop/airflow_env/lib/python3.12/site-packages/airflow/example_dags/example_short_circuit_operator.py for tasks to queue
[2026-06-21T19:47:22.138-0500] {logging_mixin.py:188} INFO - [2026-06-21T19:47:22.138-0500] {dagbag.py:545} INFO - Filling up the DagBag from /Users/naga/Desktop/airflow_env/lib/python3.12/site-packages/airflow/example_dags/example_short_circuit_operator.py
[2026-06-21T19:47:22.165-0500] {processor.py:840} INFO - DAG(s) 'example_short_circuit_operator' retrieved from /Users/naga/Desktop/airflow_env/lib/python3.12/site-packages/airflow/example_dags/example_short_circuit_operator.py
[2026-06-21T19:47:22.240-0500] {logging_mixin.py:188} INFO - [2026-06-21T19:47:22.240-0500] {dag.py:3089} INFO - Sync 1 DAGs
[2026-06-21T19:47:22.252-0500] {logging_mixin.py:188} INFO - [2026-06-21T19:47:22.252-0500] {dag.py:3947} INFO - Setting next_dagrun for example_short_circuit_operator to 2026-06-21 00:00:00+00:00, run_after=2026-06-22 00:00:00+00:00
[2026-06-21T19:47:22.266-0500] {processor.py:183} INFO - Processing /Users/naga/Desktop/airflow_env/lib/python3.12/site-packages/airflow/example_dags/example_short_circuit_operator.py took 0.132 seconds
[2026-06-21T19:48:50.218-0500] {processor.py:161} INFO - Started process (PID=61574) to work on /Users/naga/Desktop/airflow_env/lib/python3.12/site-packages/airflow/example_dags/example_short_circuit_operator.py
[2026-06-21T19:48:50.219-0500] {processor.py:830} INFO - Processing file /Users/naga/Desktop/airflow_env/lib/python3.12/site-packages/airflow/example_dags/example_short_circuit_operator.py for tasks to queue
[2026-06-21T19:48:50.220-0500] {logging_mixin.py:188} INFO - [2026-06-21T19:48:50.219-0500] {dagbag.py:545} INFO - Filling up the DagBag from /Users/naga/Desktop/airflow_env/lib/python3.12/site-packages/airflow/example_dags/example_short_circuit_operator.py
[2026-06-21T19:48:50.245-0500] {processor.py:840} INFO - DAG(s) 'example_short_circuit_operator' retrieved from /Users/naga/Desktop/airflow_env/lib/python3.12/site-packages/airflow/example_dags/example_short_circuit_operator.py
[2026-06-21T19:48:50.322-0500] {logging_mixin.py:188} INFO - [2026-06-21T19:48:50.321-0500] {dag.py:3089} INFO - Sync 1 DAGs
[2026-06-21T19:48:50.334-0500] {logging_mixin.py:188} INFO - [2026-06-21T19:48:50.334-0500] {dag.py:3947} INFO - Setting next_dagrun for example_short_circuit_operator to 2026-06-21 00:00:00+00:00, run_after=2026-06-22 00:00:00+00:00
[2026-06-21T19:48:50.349-0500] {processor.py:183} INFO - Processing /Users/naga/Desktop/airflow_env/lib/python3.12/site-packages/airflow/example_dags/example_short_circuit_operator.py took 0.133 seconds
[2026-06-21T19:50:28.061-0500] {processor.py:161} INFO - Started process (PID=61762) to work on /Users/naga/Desktop/airflow_env/lib/python3.12/site-packages/airflow/example_dags/example_short_circuit_operator.py
[2026-06-21T19:50:28.062-0500] {processor.py:830} INFO - Processing file /Users/naga/Desktop/airflow_env/lib/python3.12/site-packages/airflow/example_dags/example_short_circuit_operator.py for tasks to queue
[2026-06-21T19:50:28.063-0500] {logging_mixin.py:188} INFO - [2026-06-21T19:50:28.062-0500] {dagbag.py:545} INFO - Filling up the DagBag from /Users/naga/Desktop/airflow_env/lib/python3.12/site-packages/airflow/example_dags/example_short_circuit_operator.py
[2026-06-21T19:50:28.088-0500] {processor.py:840} INFO - DAG(s) 'example_short_circuit_operator' retrieved from /Users/naga/Desktop/airflow_env/lib/python3.12/site-packages/airflow/example_dags/example_short_circuit_operator.py
[2026-06-21T19:50:28.164-0500] {logging_mixin.py:188} INFO - [2026-06-21T19:50:28.163-0500] {dag.py:3089} INFO - Sync 1 DAGs
[2026-06-21T19:50:28.176-0500] {logging_mixin.py:188} INFO - [2026-06-21T19:50:28.176-0500] {dag.py:3947} INFO - Setting next_dagrun for example_short_circuit_operator to 2026-06-21 00:00:00+00:00, run_after=2026-06-22 00:00:00+00:00
[2026-06-21T19:50:28.189-0500] {processor.py:183} INFO - Processing /Users/naga/Desktop/airflow_env/lib/python3.12/site-packages/airflow/example_dags/example_short_circuit_operator.py took 0.130 seconds
[2026-06-21T19:51:57.228-0500] {processor.py:161} INFO - Started process (PID=61830) to work on /Users/naga/Desktop/airflow_env/lib/python3.12/site-packages/airflow/example_dags/example_short_circuit_operator.py
[2026-06-21T19:51:57.229-0500] {processor.py:830} INFO - Processing file /Users/naga/Desktop/airflow_env/lib/python3.12/site-packages/airflow/example_dags/example_short_circuit_operator.py for tasks to queue
[2026-06-21T19:51:57.230-0500] {logging_mixin.py:188} INFO - [2026-06-21T19:51:57.229-0500] {dagbag.py:545} INFO - Filling up the DagBag from /Users/naga/Desktop/airflow_env/lib/python3.12/site-packages/airflow/example_dags/example_short_circuit_operator.py
[2026-06-21T19:51:57.255-0500] {processor.py:840} INFO - DAG(s) 'example_short_circuit_operator' retrieved from /Users/naga/Desktop/airflow_env/lib/python3.12/site-packages/airflow/example_dags/example_short_circuit_operator.py
[2026-06-21T19:51:57.330-0500] {logging_mixin.py:188} INFO - [2026-06-21T19:51:57.329-0500] {dag.py:3089} INFO - Sync 1 DAGs
[2026-06-21T19:51:57.342-0500] {logging_mixin.py:188} INFO - [2026-06-21T19:51:57.341-0500] {dag.py:3947} INFO - Setting next_dagrun for example_short_circuit_operator to 2026-06-21 00:00:00+00:00, run_after=2026-06-22 00:00:00+00:00
[2026-06-21T19:51:57.356-0500] {processor.py:183} INFO - Processing /Users/naga/Desktop/airflow_env/lib/python3.12/site-packages/airflow/example_dags/example_short_circuit_operator.py took 0.130 seconds
[2026-06-21T19:53:21.761-0500] {processor.py:161} INFO - Started process (PID=61886) to work on /Users/naga/Desktop/airflow_env/lib/python3.12/site-packages/airflow/example_dags/example_short_circuit_operator.py
[2026-06-21T19:53:21.762-0500] {processor.py:830} INFO - Processing file /Users/naga/Desktop/airflow_env/lib/python3.12/site-packages/airflow/example_dags/example_short_circuit_operator.py for tasks to queue
[2026-06-21T19:53:21.763-0500] {logging_mixin.py:188} INFO - [2026-06-21T19:53:21.763-0500] {dagbag.py:545} INFO - Filling up the DagBag from /Users/naga/Desktop/airflow_env/lib/python3.12/site-packages/airflow/example_dags/example_short_circuit_operator.py
[2026-06-21T19:53:21.788-0500] {processor.py:840} INFO - DAG(s) 'example_short_circuit_operator' retrieved from /Users/naga/Desktop/airflow_env/lib/python3.12/site-packages/airflow/example_dags/example_short_circuit_operator.py
[2026-06-21T19:53:21.862-0500] {logging_mixin.py:188} INFO - [2026-06-21T19:53:21.862-0500] {dag.py:3089} INFO - Sync 1 DAGs
[2026-06-21T19:53:21.874-0500] {logging_mixin.py:188} INFO - [2026-06-21T19:53:21.874-0500] {dag.py:3947} INFO - Setting next_dagrun for example_short_circuit_operator to 2026-06-21 00:00:00+00:00, run_after=2026-06-22 00:00:00+00:00
[2026-06-21T19:53:21.887-0500] {processor.py:183} INFO - Processing /Users/naga/Desktop/airflow_env/lib/python3.12/site-packages/airflow/example_dags/example_short_circuit_operator.py took 0.128 seconds
[2026-06-21T19:54:45.767-0500] {processor.py:161} INFO - Started process (PID=61954) to work on /Users/naga/Desktop/airflow_env/lib/python3.12/site-packages/airflow/example_dags/example_short_circuit_operator.py
[2026-06-21T19:54:45.768-0500] {processor.py:830} INFO - Processing file /Users/naga/Desktop/airflow_env/lib/python3.12/site-packages/airflow/example_dags/example_short_circuit_operator.py for tasks to queue
[2026-06-21T19:54:45.769-0500] {logging_mixin.py:188} INFO - [2026-06-21T19:54:45.769-0500] {dagbag.py:545} INFO - Filling up the DagBag from /Users/naga/Desktop/airflow_env/lib/python3.12/site-packages/airflow/example_dags/example_short_circuit_operator.py
[2026-06-21T19:54:45.794-0500] {processor.py:840} INFO - DAG(s) 'example_short_circuit_operator' retrieved from /Users/naga/Desktop/airflow_env/lib/python3.12/site-packages/airflow/example_dags/example_short_circuit_operator.py
[2026-06-21T19:54:45.868-0500] {logging_mixin.py:188} INFO - [2026-06-21T19:54:45.868-0500] {dag.py:3089} INFO - Sync 1 DAGs
[2026-06-21T19:54:45.880-0500] {logging_mixin.py:188} INFO - [2026-06-21T19:54:45.880-0500] {dag.py:3947} INFO - Setting next_dagrun for example_short_circuit_operator to 2026-06-21 00:00:00+00:00, run_after=2026-06-22 00:00:00+00:00
[2026-06-21T19:54:45.893-0500] {processor.py:183} INFO - Processing /Users/naga/Desktop/airflow_env/lib/python3.12/site-packages/airflow/example_dags/example_short_circuit_operator.py took 0.129 seconds
[2026-06-21T19:56:11.014-0500] {processor.py:161} INFO - Started process (PID=62021) to work on /Users/naga/Desktop/airflow_env/lib/python3.12/site-packages/airflow/example_dags/example_short_circuit_operator.py
[2026-06-21T19:56:11.015-0500] {processor.py:830} INFO - Processing file /Users/naga/Desktop/airflow_env/lib/python3.12/site-packages/airflow/example_dags/example_short_circuit_operator.py for tasks to queue
[2026-06-21T19:56:11.016-0500] {logging_mixin.py:188} INFO - [2026-06-21T19:56:11.015-0500] {dagbag.py:545} INFO - Filling up the DagBag from /Users/naga/Desktop/airflow_env/lib/python3.12/site-packages/airflow/example_dags/example_short_circuit_operator.py
[2026-06-21T19:56:11.041-0500] {processor.py:840} INFO - DAG(s) 'example_short_circuit_operator' retrieved from /Users/naga/Desktop/airflow_env/lib/python3.12/site-packages/airflow/example_dags/example_short_circuit_operator.py
[2026-06-21T19:56:11.115-0500] {logging_mixin.py:188} INFO - [2026-06-21T19:56:11.115-0500] {dag.py:3089} INFO - Sync 1 DAGs
[2026-06-21T19:56:11.127-0500] {logging_mixin.py:188} INFO - [2026-06-21T19:56:11.127-0500] {dag.py:3947} INFO - Setting next_dagrun for example_short_circuit_operator to 2026-06-21 00:00:00+00:00, run_after=2026-06-22 00:00:00+00:00
[2026-06-21T19:56:11.141-0500] {processor.py:183} INFO - Processing /Users/naga/Desktop/airflow_env/lib/python3.12/site-packages/airflow/example_dags/example_short_circuit_operator.py took 0.130 seconds
[2026-06-21T19:57:39.593-0500] {processor.py:161} INFO - Started process (PID=62085) to work on /Users/naga/Desktop/airflow_env/lib/python3.12/site-packages/airflow/example_dags/example_short_circuit_operator.py
[2026-06-21T19:57:39.594-0500] {processor.py:830} INFO - Processing file /Users/naga/Desktop/airflow_env/lib/python3.12/site-packages/airflow/example_dags/example_short_circuit_operator.py for tasks to queue
[2026-06-21T19:57:39.594-0500] {logging_mixin.py:188} INFO - [2026-06-21T19:57:39.594-0500] {dagbag.py:545} INFO - Filling up the DagBag from /Users/naga/Desktop/airflow_env/lib/python3.12/site-packages/airflow/example_dags/example_short_circuit_operator.py
[2026-06-21T19:57:39.620-0500] {processor.py:840} INFO - DAG(s) 'example_short_circuit_operator' retrieved from /Users/naga/Desktop/airflow_env/lib/python3.12/site-packages/airflow/example_dags/example_short_circuit_operator.py
[2026-06-21T19:57:39.694-0500] {logging_mixin.py:188} INFO - [2026-06-21T19:57:39.694-0500] {dag.py:3089} INFO - Sync 1 DAGs
[2026-06-21T19:57:39.706-0500] {logging_mixin.py:188} INFO - [2026-06-21T19:57:39.706-0500] {dag.py:3947} INFO - Setting next_dagrun for example_short_circuit_operator to 2026-06-21 00:00:00+00:00, run_after=2026-06-22 00:00:00+00:00
[2026-06-21T19:57:39.722-0500] {processor.py:183} INFO - Processing /Users/naga/Desktop/airflow_env/lib/python3.12/site-packages/airflow/example_dags/example_short_circuit_operator.py took 0.131 seconds
[2026-06-21T19:59:05.891-0500] {processor.py:161} INFO - Started process (PID=62151) to work on /Users/naga/Desktop/airflow_env/lib/python3.12/site-packages/airflow/example_dags/example_short_circuit_operator.py
[2026-06-21T19:59:05.893-0500] {processor.py:830} INFO - Processing file /Users/naga/Desktop/airflow_env/lib/python3.12/site-packages/airflow/example_dags/example_short_circuit_operator.py for tasks to queue
[2026-06-21T19:59:05.893-0500] {logging_mixin.py:188} INFO - [2026-06-21T19:59:05.893-0500] {dagbag.py:545} INFO - Filling up the DagBag from /Users/naga/Desktop/airflow_env/lib/python3.12/site-packages/airflow/example_dags/example_short_circuit_operator.py
[2026-06-21T19:59:05.918-0500] {processor.py:840} INFO - DAG(s) 'example_short_circuit_operator' retrieved from /Users/naga/Desktop/airflow_env/lib/python3.12/site-packages/airflow/example_dags/example_short_circuit_operator.py
[2026-06-21T19:59:05.993-0500] {logging_mixin.py:188} INFO - [2026-06-21T19:59:05.993-0500] {dag.py:3089} INFO - Sync 1 DAGs
[2026-06-21T19:59:06.005-0500] {logging_mixin.py:188} INFO - [2026-06-21T19:59:06.005-0500] {dag.py:3947} INFO - Setting next_dagrun for example_short_circuit_operator to 2026-06-21 00:00:00+00:00, run_after=2026-06-22 00:00:00+00:00
[2026-06-21T19:59:06.018-0500] {processor.py:183} INFO - Processing /Users/naga/Desktop/airflow_env/lib/python3.12/site-packages/airflow/example_dags/example_short_circuit_operator.py took 0.129 seconds
[2026-06-21T20:00:32.079-0500] {processor.py:161} INFO - Started process (PID=62231) to work on /Users/naga/Desktop/airflow_env/lib/python3.12/site-packages/airflow/example_dags/example_short_circuit_operator.py
[2026-06-21T20:00:32.080-0500] {processor.py:830} INFO - Processing file /Users/naga/Desktop/airflow_env/lib/python3.12/site-packages/airflow/example_dags/example_short_circuit_operator.py for tasks to queue
[2026-06-21T20:00:32.080-0500] {logging_mixin.py:188} INFO - [2026-06-21T20:00:32.080-0500] {dagbag.py:545} INFO - Filling up the DagBag from /Users/naga/Desktop/airflow_env/lib/python3.12/site-packages/airflow/example_dags/example_short_circuit_operator.py
[2026-06-21T20:00:32.105-0500] {processor.py:840} INFO - DAG(s) 'example_short_circuit_operator' retrieved from /Users/naga/Desktop/airflow_env/lib/python3.12/site-packages/airflow/example_dags/example_short_circuit_operator.py
[2026-06-21T20:00:32.180-0500] {logging_mixin.py:188} INFO - [2026-06-21T20:00:32.180-0500] {dag.py:3089} INFO - Sync 1 DAGs
[2026-06-21T20:00:32.192-0500] {logging_mixin.py:188} INFO - [2026-06-21T20:00:32.192-0500] {dag.py:3947} INFO - Setting next_dagrun for example_short_circuit_operator to 2026-06-21 00:00:00+00:00, run_after=2026-06-22 00:00:00+00:00
[2026-06-21T20:00:32.205-0500] {processor.py:183} INFO - Processing /Users/naga/Desktop/airflow_env/lib/python3.12/site-packages/airflow/example_dags/example_short_circuit_operator.py took 0.129 seconds
[2026-06-21T20:01:57.828-0500] {processor.py:161} INFO - Started process (PID=62299) to work on /Users/naga/Desktop/airflow_env/lib/python3.12/site-packages/airflow/example_dags/example_short_circuit_operator.py
[2026-06-21T20:01:57.829-0500] {processor.py:830} INFO - Processing file /Users/naga/Desktop/airflow_env/lib/python3.12/site-packages/airflow/example_dags/example_short_circuit_operator.py for tasks to queue
[2026-06-21T20:01:57.829-0500] {logging_mixin.py:188} INFO - [2026-06-21T20:01:57.829-0500] {dagbag.py:545} INFO - Filling up the DagBag from /Users/naga/Desktop/airflow_env/lib/python3.12/site-packages/airflow/example_dags/example_short_circuit_operator.py
[2026-06-21T20:01:57.857-0500] {processor.py:840} INFO - DAG(s) 'example_short_circuit_operator' retrieved from /Users/naga/Desktop/airflow_env/lib/python3.12/site-packages/airflow/example_dags/example_short_circuit_operator.py
[2026-06-21T20:01:57.932-0500] {logging_mixin.py:188} INFO - [2026-06-21T20:01:57.932-0500] {dag.py:3089} INFO - Sync 1 DAGs
[2026-06-21T20:01:57.944-0500] {logging_mixin.py:188} INFO - [2026-06-21T20:01:57.944-0500] {dag.py:3947} INFO - Setting next_dagrun for example_short_circuit_operator to 2026-06-21 00:00:00+00:00, run_after=2026-06-22 00:00:00+00:00
[2026-06-21T20:01:57.957-0500] {processor.py:183} INFO - Processing /Users/naga/Desktop/airflow_env/lib/python3.12/site-packages/airflow/example_dags/example_short_circuit_operator.py took 0.132 seconds
[2026-06-21T20:03:24.208-0500] {processor.py:161} INFO - Started process (PID=62347) to work on /Users/naga/Desktop/airflow_env/lib/python3.12/site-packages/airflow/example_dags/example_short_circuit_operator.py
[2026-06-21T20:03:24.209-0500] {processor.py:830} INFO - Processing file /Users/naga/Desktop/airflow_env/lib/python3.12/site-packages/airflow/example_dags/example_short_circuit_operator.py for tasks to queue
[2026-06-21T20:03:24.210-0500] {logging_mixin.py:188} INFO - [2026-06-21T20:03:24.210-0500] {dagbag.py:545} INFO - Filling up the DagBag from /Users/naga/Desktop/airflow_env/lib/python3.12/site-packages/airflow/example_dags/example_short_circuit_operator.py
[2026-06-21T20:03:24.235-0500] {processor.py:840} INFO - DAG(s) 'example_short_circuit_operator' retrieved from /Users/naga/Desktop/airflow_env/lib/python3.12/site-packages/airflow/example_dags/example_short_circuit_operator.py
[2026-06-21T20:03:24.309-0500] {logging_mixin.py:188} INFO - [2026-06-21T20:03:24.309-0500] {dag.py:3089} INFO - Sync 1 DAGs
[2026-06-21T20:03:24.321-0500] {logging_mixin.py:188} INFO - [2026-06-21T20:03:24.321-0500] {dag.py:3947} INFO - Setting next_dagrun for example_short_circuit_operator to 2026-06-21 00:00:00+00:00, run_after=2026-06-22 00:00:00+00:00
[2026-06-21T20:03:24.335-0500] {processor.py:183} INFO - Processing /Users/naga/Desktop/airflow_env/lib/python3.12/site-packages/airflow/example_dags/example_short_circuit_operator.py took 0.130 seconds
[2026-06-21T20:04:50.700-0500] {processor.py:161} INFO - Started process (PID=62417) to work on /Users/naga/Desktop/airflow_env/lib/python3.12/site-packages/airflow/example_dags/example_short_circuit_operator.py
[2026-06-21T20:04:50.702-0500] {processor.py:830} INFO - Processing file /Users/naga/Desktop/airflow_env/lib/python3.12/site-packages/airflow/example_dags/example_short_circuit_operator.py for tasks to queue
[2026-06-21T20:04:50.702-0500] {logging_mixin.py:188} INFO - [2026-06-21T20:04:50.702-0500] {dagbag.py:545} INFO - Filling up the DagBag from /Users/naga/Desktop/airflow_env/lib/python3.12/site-packages/airflow/example_dags/example_short_circuit_operator.py
[2026-06-21T20:04:50.727-0500] {processor.py:840} INFO - DAG(s) 'example_short_circuit_operator' retrieved from /Users/naga/Desktop/airflow_env/lib/python3.12/site-packages/airflow/example_dags/example_short_circuit_operator.py
[2026-06-21T20:04:50.801-0500] {logging_mixin.py:188} INFO - [2026-06-21T20:04:50.801-0500] {dag.py:3089} INFO - Sync 1 DAGs
[2026-06-21T20:04:50.814-0500] {logging_mixin.py:188} INFO - [2026-06-21T20:04:50.813-0500] {dag.py:3947} INFO - Setting next_dagrun for example_short_circuit_operator to 2026-06-21 00:00:00+00:00, run_after=2026-06-22 00:00:00+00:00
[2026-06-21T20:04:50.827-0500] {processor.py:183} INFO - Processing /Users/naga/Desktop/airflow_env/lib/python3.12/site-packages/airflow/example_dags/example_short_circuit_operator.py took 0.128 seconds
[2026-06-21T20:06:17.928-0500] {processor.py:161} INFO - Started process (PID=62493) to work on /Users/naga/Desktop/airflow_env/lib/python3.12/site-packages/airflow/example_dags/example_short_circuit_operator.py
[2026-06-21T20:06:17.929-0500] {processor.py:830} INFO - Processing file /Users/naga/Desktop/airflow_env/lib/python3.12/site-packages/airflow/example_dags/example_short_circuit_operator.py for tasks to queue
[2026-06-21T20:06:17.929-0500] {logging_mixin.py:188} INFO - [2026-06-21T20:06:17.929-0500] {dagbag.py:545} INFO - Filling up the DagBag from /Users/naga/Desktop/airflow_env/lib/python3.12/site-packages/airflow/example_dags/example_short_circuit_operator.py
[2026-06-21T20:06:17.954-0500] {processor.py:840} INFO - DAG(s) 'example_short_circuit_operator' retrieved from /Users/naga/Desktop/airflow_env/lib/python3.12/site-packages/airflow/example_dags/example_short_circuit_operator.py
[2026-06-21T20:06:18.028-0500] {logging_mixin.py:188} INFO - [2026-06-21T20:06:18.028-0500] {dag.py:3089} INFO - Sync 1 DAGs
[2026-06-21T20:06:18.041-0500] {logging_mixin.py:188} INFO - [2026-06-21T20:06:18.040-0500] {dag.py:3947} INFO - Setting next_dagrun for example_short_circuit_operator to 2026-06-21 00:00:00+00:00, run_after=2026-06-22 00:00:00+00:00
[2026-06-21T20:06:18.054-0500] {processor.py:183} INFO - Processing /Users/naga/Desktop/airflow_env/lib/python3.12/site-packages/airflow/example_dags/example_short_circuit_operator.py took 0.128 seconds
[2026-06-21T20:07:50.384-0500] {processor.py:161} INFO - Started process (PID=62546) to work on /Users/naga/Desktop/airflow_env/lib/python3.12/site-packages/airflow/example_dags/example_short_circuit_operator.py
[2026-06-21T20:07:50.386-0500] {processor.py:830} INFO - Processing file /Users/naga/Desktop/airflow_env/lib/python3.12/site-packages/airflow/example_dags/example_short_circuit_operator.py for tasks to queue
[2026-06-21T20:07:50.386-0500] {logging_mixin.py:188} INFO - [2026-06-21T20:07:50.386-0500] {dagbag.py:545} INFO - Filling up the DagBag from /Users/naga/Desktop/airflow_env/lib/python3.12/site-packages/airflow/example_dags/example_short_circuit_operator.py
[2026-06-21T20:07:50.413-0500] {processor.py:840} INFO - DAG(s) 'example_short_circuit_operator' retrieved from /Users/naga/Desktop/airflow_env/lib/python3.12/site-packages/airflow/example_dags/example_short_circuit_operator.py
[2026-06-21T20:07:50.492-0500] {logging_mixin.py:188} INFO - [2026-06-21T20:07:50.492-0500] {dag.py:3089} INFO - Sync 1 DAGs
[2026-06-21T20:07:50.505-0500] {logging_mixin.py:188} INFO - [2026-06-21T20:07:50.504-0500] {dag.py:3947} INFO - Setting next_dagrun for example_short_circuit_operator to 2026-06-21 00:00:00+00:00, run_after=2026-06-22 00:00:00+00:00
[2026-06-21T20:07:50.518-0500] {processor.py:183} INFO - Processing /Users/naga/Desktop/airflow_env/lib/python3.12/site-packages/airflow/example_dags/example_short_circuit_operator.py took 0.136 seconds
[2026-06-21T20:36:45.706-0500] {processor.py:161} INFO - Started process (PID=62680) to work on /Users/naga/Desktop/airflow_env/lib/python3.12/site-packages/airflow/example_dags/example_short_circuit_operator.py
[2026-06-21T20:36:45.708-0500] {processor.py:830} INFO - Processing file /Users/naga/Desktop/airflow_env/lib/python3.12/site-packages/airflow/example_dags/example_short_circuit_operator.py for tasks to queue
[2026-06-21T20:36:45.708-0500] {logging_mixin.py:188} INFO - [2026-06-21T20:36:45.708-0500] {dagbag.py:545} INFO - Filling up the DagBag from /Users/naga/Desktop/airflow_env/lib/python3.12/site-packages/airflow/example_dags/example_short_circuit_operator.py
[2026-06-21T20:36:45.742-0500] {processor.py:840} INFO - DAG(s) 'example_short_circuit_operator' retrieved from /Users/naga/Desktop/airflow_env/lib/python3.12/site-packages/airflow/example_dags/example_short_circuit_operator.py
[2026-06-21T20:36:45.828-0500] {logging_mixin.py:188} INFO - [2026-06-21T20:36:45.828-0500] {dag.py:3089} INFO - Sync 1 DAGs
[2026-06-21T20:36:45.843-0500] {logging_mixin.py:188} INFO - [2026-06-21T20:36:45.843-0500] {dag.py:3947} INFO - Setting next_dagrun for example_short_circuit_operator to 2026-06-21 00:00:00+00:00, run_after=2026-06-22 00:00:00+00:00
[2026-06-21T20:36:45.858-0500] {processor.py:183} INFO - Processing /Users/naga/Desktop/airflow_env/lib/python3.12/site-packages/airflow/example_dags/example_short_circuit_operator.py took 0.154 seconds
[2026-06-21T20:38:18.267-0500] {processor.py:161} INFO - Started process (PID=62748) to work on /Users/naga/Desktop/airflow_env/lib/python3.12/site-packages/airflow/example_dags/example_short_circuit_operator.py
[2026-06-21T20:38:18.268-0500] {processor.py:830} INFO - Processing file /Users/naga/Desktop/airflow_env/lib/python3.12/site-packages/airflow/example_dags/example_short_circuit_operator.py for tasks to queue
[2026-06-21T20:38:18.269-0500] {logging_mixin.py:188} INFO - [2026-06-21T20:38:18.268-0500] {dagbag.py:545} INFO - Filling up the DagBag from /Users/naga/Desktop/airflow_env/lib/python3.12/site-packages/airflow/example_dags/example_short_circuit_operator.py
[2026-06-21T20:38:18.298-0500] {processor.py:840} INFO - DAG(s) 'example_short_circuit_operator' retrieved from /Users/naga/Desktop/airflow_env/lib/python3.12/site-packages/airflow/example_dags/example_short_circuit_operator.py
[2026-06-21T20:38:18.383-0500] {logging_mixin.py:188} INFO - [2026-06-21T20:38:18.383-0500] {dag.py:3089} INFO - Sync 1 DAGs
[2026-06-21T20:38:18.396-0500] {logging_mixin.py:188} INFO - [2026-06-21T20:38:18.396-0500] {dag.py:3947} INFO - Setting next_dagrun for example_short_circuit_operator to 2026-06-21 00:00:00+00:00, run_after=2026-06-22 00:00:00+00:00
[2026-06-21T20:38:18.410-0500] {processor.py:183} INFO - Processing /Users/naga/Desktop/airflow_env/lib/python3.12/site-packages/airflow/example_dags/example_short_circuit_operator.py took 0.145 seconds
[2026-06-21T20:39:51.679-0500] {processor.py:161} INFO - Started process (PID=62844) to work on /Users/naga/Desktop/airflow_env/lib/python3.12/site-packages/airflow/example_dags/example_short_circuit_operator.py
[2026-06-21T20:39:51.680-0500] {processor.py:830} INFO - Processing file /Users/naga/Desktop/airflow_env/lib/python3.12/site-packages/airflow/example_dags/example_short_circuit_operator.py for tasks to queue
[2026-06-21T20:39:51.681-0500] {logging_mixin.py:188} INFO - [2026-06-21T20:39:51.680-0500] {dagbag.py:545} INFO - Filling up the DagBag from /Users/naga/Desktop/airflow_env/lib/python3.12/site-packages/airflow/example_dags/example_short_circuit_operator.py
[2026-06-21T20:39:51.706-0500] {processor.py:840} INFO - DAG(s) 'example_short_circuit_operator' retrieved from /Users/naga/Desktop/airflow_env/lib/python3.12/site-packages/airflow/example_dags/example_short_circuit_operator.py
[2026-06-21T20:39:51.781-0500] {logging_mixin.py:188} INFO - [2026-06-21T20:39:51.781-0500] {dag.py:3089} INFO - Sync 1 DAGs
[2026-06-21T20:39:51.793-0500] {logging_mixin.py:188} INFO - [2026-06-21T20:39:51.793-0500] {dag.py:3947} INFO - Setting next_dagrun for example_short_circuit_operator to 2026-06-21 00:00:00+00:00, run_after=2026-06-22 00:00:00+00:00
[2026-06-21T20:39:51.809-0500] {processor.py:183} INFO - Processing /Users/naga/Desktop/airflow_env/lib/python3.12/site-packages/airflow/example_dags/example_short_circuit_operator.py took 0.132 seconds
[2026-06-21T20:41:25.221-0500] {processor.py:161} INFO - Started process (PID=63016) to work on /Users/naga/Desktop/airflow_env/lib/python3.12/site-packages/airflow/example_dags/example_short_circuit_operator.py
[2026-06-21T20:41:25.223-0500] {processor.py:830} INFO - Processing file /Users/naga/Desktop/airflow_env/lib/python3.12/site-packages/airflow/example_dags/example_short_circuit_operator.py for tasks to queue
[2026-06-21T20:41:25.223-0500] {logging_mixin.py:188} INFO - [2026-06-21T20:41:25.223-0500] {dagbag.py:545} INFO - Filling up the DagBag from /Users/naga/Desktop/airflow_env/lib/python3.12/site-packages/airflow/example_dags/example_short_circuit_operator.py
[2026-06-21T20:41:25.248-0500] {processor.py:840} INFO - DAG(s) 'example_short_circuit_operator' retrieved from /Users/naga/Desktop/airflow_env/lib/python3.12/site-packages/airflow/example_dags/example_short_circuit_operator.py
[2026-06-21T20:41:25.322-0500] {logging_mixin.py:188} INFO - [2026-06-21T20:41:25.322-0500] {dag.py:3089} INFO - Sync 1 DAGs
[2026-06-21T20:41:25.335-0500] {logging_mixin.py:188} INFO - [2026-06-21T20:41:25.335-0500] {dag.py:3947} INFO - Setting next_dagrun for example_short_circuit_operator to 2026-06-21 00:00:00+00:00, run_after=2026-06-22 00:00:00+00:00
[2026-06-21T20:41:25.348-0500] {processor.py:183} INFO - Processing /Users/naga/Desktop/airflow_env/lib/python3.12/site-packages/airflow/example_dags/example_short_circuit_operator.py took 0.129 seconds
[2026-06-21T20:42:56.559-0500] {processor.py:161} INFO - Started process (PID=63091) to work on /Users/naga/Desktop/airflow_env/lib/python3.12/site-packages/airflow/example_dags/example_short_circuit_operator.py
[2026-06-21T20:42:56.559-0500] {processor.py:830} INFO - Processing file /Users/naga/Desktop/airflow_env/lib/python3.12/site-packages/airflow/example_dags/example_short_circuit_operator.py for tasks to queue
[2026-06-21T20:42:56.560-0500] {logging_mixin.py:188} INFO - [2026-06-21T20:42:56.560-0500] {dagbag.py:545} INFO - Filling up the DagBag from /Users/naga/Desktop/airflow_env/lib/python3.12/site-packages/airflow/example_dags/example_short_circuit_operator.py
[2026-06-21T20:42:56.585-0500] {processor.py:840} INFO - DAG(s) 'example_short_circuit_operator' retrieved from /Users/naga/Desktop/airflow_env/lib/python3.12/site-packages/airflow/example_dags/example_short_circuit_operator.py
[2026-06-21T20:42:56.660-0500] {logging_mixin.py:188} INFO - [2026-06-21T20:42:56.660-0500] {dag.py:3089} INFO - Sync 1 DAGs
[2026-06-21T20:42:56.673-0500] {logging_mixin.py:188} INFO - [2026-06-21T20:42:56.672-0500] {dag.py:3947} INFO - Setting next_dagrun for example_short_circuit_operator to 2026-06-21 00:00:00+00:00, run_after=2026-06-22 00:00:00+00:00
[2026-06-21T20:42:56.687-0500] {processor.py:183} INFO - Processing /Users/naga/Desktop/airflow_env/lib/python3.12/site-packages/airflow/example_dags/example_short_circuit_operator.py took 0.130 seconds
[2026-06-21T20:44:21.631-0500] {processor.py:161} INFO - Started process (PID=63187) to work on /Users/naga/Desktop/airflow_env/lib/python3.12/site-packages/airflow/example_dags/example_short_circuit_operator.py
[2026-06-21T20:44:21.632-0500] {processor.py:830} INFO - Processing file /Users/naga/Desktop/airflow_env/lib/python3.12/site-packages/airflow/example_dags/example_short_circuit_operator.py for tasks to queue
[2026-06-21T20:44:21.633-0500] {logging_mixin.py:188} INFO - [2026-06-21T20:44:21.632-0500] {dagbag.py:545} INFO - Filling up the DagBag from /Users/naga/Desktop/airflow_env/lib/python3.12/site-packages/airflow/example_dags/example_short_circuit_operator.py
[2026-06-21T20:44:21.658-0500] {processor.py:840} INFO - DAG(s) 'example_short_circuit_operator' retrieved from /Users/naga/Desktop/airflow_env/lib/python3.12/site-packages/airflow/example_dags/example_short_circuit_operator.py
[2026-06-21T20:44:21.733-0500] {logging_mixin.py:188} INFO - [2026-06-21T20:44:21.733-0500] {dag.py:3089} INFO - Sync 1 DAGs
[2026-06-21T20:44:21.745-0500] {logging_mixin.py:188} INFO - [2026-06-21T20:44:21.745-0500] {dag.py:3947} INFO - Setting next_dagrun for example_short_circuit_operator to 2026-06-21 00:00:00+00:00, run_after=2026-06-22 00:00:00+00:00
[2026-06-21T20:44:21.759-0500] {processor.py:183} INFO - Processing /Users/naga/Desktop/airflow_env/lib/python3.12/site-packages/airflow/example_dags/example_short_circuit_operator.py took 0.131 seconds
[2026-06-21T20:45:48.280-0500] {processor.py:161} INFO - Started process (PID=63269) to work on /Users/naga/Desktop/airflow_env/lib/python3.12/site-packages/airflow/example_dags/example_short_circuit_operator.py
[2026-06-21T20:45:48.282-0500] {processor.py:830} INFO - Processing file /Users/naga/Desktop/airflow_env/lib/python3.12/site-packages/airflow/example_dags/example_short_circuit_operator.py for tasks to queue
[2026-06-21T20:45:48.282-0500] {logging_mixin.py:188} INFO - [2026-06-21T20:45:48.282-0500] {dagbag.py:545} INFO - Filling up the DagBag from /Users/naga/Desktop/airflow_env/lib/python3.12/site-packages/airflow/example_dags/example_short_circuit_operator.py
[2026-06-21T20:45:48.307-0500] {processor.py:840} INFO - DAG(s) 'example_short_circuit_operator' retrieved from /Users/naga/Desktop/airflow_env/lib/python3.12/site-packages/airflow/example_dags/example_short_circuit_operator.py
[2026-06-21T20:45:48.380-0500] {logging_mixin.py:188} INFO - [2026-06-21T20:45:48.380-0500] {dag.py:3089} INFO - Sync 1 DAGs
[2026-06-21T20:45:48.392-0500] {logging_mixin.py:188} INFO - [2026-06-21T20:45:48.392-0500] {dag.py:3947} INFO - Setting next_dagrun for example_short_circuit_operator to 2026-06-21 00:00:00+00:00, run_after=2026-06-22 00:00:00+00:00
[2026-06-21T20:45:48.405-0500] {processor.py:183} INFO - Processing /Users/naga/Desktop/airflow_env/lib/python3.12/site-packages/airflow/example_dags/example_short_circuit_operator.py took 0.127 seconds
[2026-06-21T20:47:13.487-0500] {processor.py:161} INFO - Started process (PID=63350) to work on /Users/naga/Desktop/airflow_env/lib/python3.12/site-packages/airflow/example_dags/example_short_circuit_operator.py
[2026-06-21T20:47:13.488-0500] {processor.py:830} INFO - Processing file /Users/naga/Desktop/airflow_env/lib/python3.12/site-packages/airflow/example_dags/example_short_circuit_operator.py for tasks to queue
[2026-06-21T20:47:13.489-0500] {logging_mixin.py:188} INFO - [2026-06-21T20:47:13.489-0500] {dagbag.py:545} INFO - Filling up the DagBag from /Users/naga/Desktop/airflow_env/lib/python3.12/site-packages/airflow/example_dags/example_short_circuit_operator.py
[2026-06-21T20:47:13.514-0500] {processor.py:840} INFO - DAG(s) 'example_short_circuit_operator' retrieved from /Users/naga/Desktop/airflow_env/lib/python3.12/site-packages/airflow/example_dags/example_short_circuit_operator.py
[2026-06-21T20:47:13.588-0500] {logging_mixin.py:188} INFO - [2026-06-21T20:47:13.588-0500] {dag.py:3089} INFO - Sync 1 DAGs
[2026-06-21T20:47:13.601-0500] {logging_mixin.py:188} INFO - [2026-06-21T20:47:13.600-0500] {dag.py:3947} INFO - Setting next_dagrun for example_short_circuit_operator to 2026-06-21 00:00:00+00:00, run_after=2026-06-22 00:00:00+00:00
[2026-06-21T20:47:13.614-0500] {processor.py:183} INFO - Processing /Users/naga/Desktop/airflow_env/lib/python3.12/site-packages/airflow/example_dags/example_short_circuit_operator.py took 0.129 seconds
[2026-06-21T20:48:36.557-0500] {processor.py:161} INFO - Started process (PID=63398) to work on /Users/naga/Desktop/airflow_env/lib/python3.12/site-packages/airflow/example_dags/example_short_circuit_operator.py
[2026-06-21T20:48:36.558-0500] {processor.py:830} INFO - Processing file /Users/naga/Desktop/airflow_env/lib/python3.12/site-packages/airflow/example_dags/example_short_circuit_operator.py for tasks to queue
[2026-06-21T20:48:36.559-0500] {logging_mixin.py:188} INFO - [2026-06-21T20:48:36.559-0500] {dagbag.py:545} INFO - Filling up the DagBag from /Users/naga/Desktop/airflow_env/lib/python3.12/site-packages/airflow/example_dags/example_short_circuit_operator.py
[2026-06-21T20:48:36.583-0500] {processor.py:840} INFO - DAG(s) 'example_short_circuit_operator' retrieved from /Users/naga/Desktop/airflow_env/lib/python3.12/site-packages/airflow/example_dags/example_short_circuit_operator.py
[2026-06-21T20:48:36.657-0500] {logging_mixin.py:188} INFO - [2026-06-21T20:48:36.657-0500] {dag.py:3089} INFO - Sync 1 DAGs
[2026-06-21T20:48:36.669-0500] {logging_mixin.py:188} INFO - [2026-06-21T20:48:36.669-0500] {dag.py:3947} INFO - Setting next_dagrun for example_short_circuit_operator to 2026-06-21 00:00:00+00:00, run_after=2026-06-22 00:00:00+00:00
[2026-06-21T20:48:36.683-0500] {processor.py:183} INFO - Processing /Users/naga/Desktop/airflow_env/lib/python3.12/site-packages/airflow/example_dags/example_short_circuit_operator.py took 0.128 seconds
[2026-06-21T20:50:01.343-0500] {processor.py:161} INFO - Started process (PID=63466) to work on /Users/naga/Desktop/airflow_env/lib/python3.12/site-packages/airflow/example_dags/example_short_circuit_operator.py
[2026-06-21T20:50:01.344-0500] {processor.py:830} INFO - Processing file /Users/naga/Desktop/airflow_env/lib/python3.12/site-packages/airflow/example_dags/example_short_circuit_operator.py for tasks to queue
[2026-06-21T20:50:01.344-0500] {logging_mixin.py:188} INFO - [2026-06-21T20:50:01.344-0500] {dagbag.py:545} INFO - Filling up the DagBag from /Users/naga/Desktop/airflow_env/lib/python3.12/site-packages/airflow/example_dags/example_short_circuit_operator.py
[2026-06-21T20:50:01.369-0500] {processor.py:840} INFO - DAG(s) 'example_short_circuit_operator' retrieved from /Users/naga/Desktop/airflow_env/lib/python3.12/site-packages/airflow/example_dags/example_short_circuit_operator.py
[2026-06-21T20:50:01.445-0500] {logging_mixin.py:188} INFO - [2026-06-21T20:50:01.444-0500] {dag.py:3089} INFO - Sync 1 DAGs
[2026-06-21T20:50:01.457-0500] {logging_mixin.py:188} INFO - [2026-06-21T20:50:01.457-0500] {dag.py:3947} INFO - Setting next_dagrun for example_short_circuit_operator to 2026-06-21 00:00:00+00:00, run_after=2026-06-22 00:00:00+00:00
[2026-06-21T20:50:01.470-0500] {processor.py:183} INFO - Processing /Users/naga/Desktop/airflow_env/lib/python3.12/site-packages/airflow/example_dags/example_short_circuit_operator.py took 0.129 seconds
[2026-06-21T20:51:29.880-0500] {processor.py:161} INFO - Started process (PID=63539) to work on /Users/naga/Desktop/airflow_env/lib/python3.12/site-packages/airflow/example_dags/example_short_circuit_operator.py
[2026-06-21T20:51:29.882-0500] {processor.py:830} INFO - Processing file /Users/naga/Desktop/airflow_env/lib/python3.12/site-packages/airflow/example_dags/example_short_circuit_operator.py for tasks to queue
[2026-06-21T20:51:29.882-0500] {logging_mixin.py:188} INFO - [2026-06-21T20:51:29.882-0500] {dagbag.py:545} INFO - Filling up the DagBag from /Users/naga/Desktop/airflow_env/lib/python3.12/site-packages/airflow/example_dags/example_short_circuit_operator.py
[2026-06-21T20:51:29.907-0500] {processor.py:840} INFO - DAG(s) 'example_short_circuit_operator' retrieved from /Users/naga/Desktop/airflow_env/lib/python3.12/site-packages/airflow/example_dags/example_short_circuit_operator.py
[2026-06-21T20:51:29.981-0500] {logging_mixin.py:188} INFO - [2026-06-21T20:51:29.981-0500] {dag.py:3089} INFO - Sync 1 DAGs
[2026-06-21T20:51:29.993-0500] {logging_mixin.py:188} INFO - [2026-06-21T20:51:29.993-0500] {dag.py:3947} INFO - Setting next_dagrun for example_short_circuit_operator to 2026-06-21 00:00:00+00:00, run_after=2026-06-22 00:00:00+00:00
[2026-06-21T20:51:30.006-0500] {processor.py:183} INFO - Processing /Users/naga/Desktop/airflow_env/lib/python3.12/site-packages/airflow/example_dags/example_short_circuit_operator.py took 0.128 seconds
[2026-06-21T20:52:58.686-0500] {processor.py:161} INFO - Started process (PID=63613) to work on /Users/naga/Desktop/airflow_env/lib/python3.12/site-packages/airflow/example_dags/example_short_circuit_operator.py
[2026-06-21T20:52:58.687-0500] {processor.py:830} INFO - Processing file /Users/naga/Desktop/airflow_env/lib/python3.12/site-packages/airflow/example_dags/example_short_circuit_operator.py for tasks to queue
[2026-06-21T20:52:58.688-0500] {logging_mixin.py:188} INFO - [2026-06-21T20:52:58.688-0500] {dagbag.py:545} INFO - Filling up the DagBag from /Users/naga/Desktop/airflow_env/lib/python3.12/site-packages/airflow/example_dags/example_short_circuit_operator.py
[2026-06-21T20:52:58.713-0500] {processor.py:840} INFO - DAG(s) 'example_short_circuit_operator' retrieved from /Users/naga/Desktop/airflow_env/lib/python3.12/site-packages/airflow/example_dags/example_short_circuit_operator.py
[2026-06-21T20:52:58.786-0500] {logging_mixin.py:188} INFO - [2026-06-21T20:52:58.786-0500] {dag.py:3089} INFO - Sync 1 DAGs
[2026-06-21T20:52:58.799-0500] {logging_mixin.py:188} INFO - [2026-06-21T20:52:58.798-0500] {dag.py:3947} INFO - Setting next_dagrun for example_short_circuit_operator to 2026-06-21 00:00:00+00:00, run_after=2026-06-22 00:00:00+00:00
[2026-06-21T20:52:58.812-0500] {processor.py:183} INFO - Processing /Users/naga/Desktop/airflow_env/lib/python3.12/site-packages/airflow/example_dags/example_short_circuit_operator.py took 0.128 seconds
[2026-06-21T20:54:31.082-0500] {processor.py:161} INFO - Started process (PID=63769) to work on /Users/naga/Desktop/airflow_env/lib/python3.12/site-packages/airflow/example_dags/example_short_circuit_operator.py
[2026-06-21T20:54:31.083-0500] {processor.py:830} INFO - Processing file /Users/naga/Desktop/airflow_env/lib/python3.12/site-packages/airflow/example_dags/example_short_circuit_operator.py for tasks to queue
[2026-06-21T20:54:31.083-0500] {logging_mixin.py:188} INFO - [2026-06-21T20:54:31.083-0500] {dagbag.py:545} INFO - Filling up the DagBag from /Users/naga/Desktop/airflow_env/lib/python3.12/site-packages/airflow/example_dags/example_short_circuit_operator.py
[2026-06-21T20:54:31.112-0500] {processor.py:840} INFO - DAG(s) 'example_short_circuit_operator' retrieved from /Users/naga/Desktop/airflow_env/lib/python3.12/site-packages/airflow/example_dags/example_short_circuit_operator.py
[2026-06-21T20:54:31.187-0500] {logging_mixin.py:188} INFO - [2026-06-21T20:54:31.187-0500] {dag.py:3089} INFO - Sync 1 DAGs
[2026-06-21T20:54:31.200-0500] {logging_mixin.py:188} INFO - [2026-06-21T20:54:31.200-0500] {dag.py:3947} INFO - Setting next_dagrun for example_short_circuit_operator to 2026-06-21 00:00:00+00:00, run_after=2026-06-22 00:00:00+00:00
[2026-06-21T20:54:31.214-0500] {processor.py:183} INFO - Processing /Users/naga/Desktop/airflow_env/lib/python3.12/site-packages/airflow/example_dags/example_short_circuit_operator.py took 0.135 seconds
[2026-06-21T20:55:59.489-0500] {processor.py:161} INFO - Started process (PID=63845) to work on /Users/naga/Desktop/airflow_env/lib/python3.12/site-packages/airflow/example_dags/example_short_circuit_operator.py
[2026-06-21T20:55:59.490-0500] {processor.py:830} INFO - Processing file /Users/naga/Desktop/airflow_env/lib/python3.12/site-packages/airflow/example_dags/example_short_circuit_operator.py for tasks to queue
[2026-06-21T20:55:59.491-0500] {logging_mixin.py:188} INFO - [2026-06-21T20:55:59.491-0500] {dagbag.py:545} INFO - Filling up the DagBag from /Users/naga/Desktop/airflow_env/lib/python3.12/site-packages/airflow/example_dags/example_short_circuit_operator.py
[2026-06-21T20:55:59.516-0500] {processor.py:840} INFO - DAG(s) 'example_short_circuit_operator' retrieved from /Users/naga/Desktop/airflow_env/lib/python3.12/site-packages/airflow/example_dags/example_short_circuit_operator.py
[2026-06-21T20:55:59.591-0500] {logging_mixin.py:188} INFO - [2026-06-21T20:55:59.591-0500] {dag.py:3089} INFO - Sync 1 DAGs
[2026-06-21T20:55:59.604-0500] {logging_mixin.py:188} INFO - [2026-06-21T20:55:59.604-0500] {dag.py:3947} INFO - Setting next_dagrun for example_short_circuit_operator to 2026-06-21 00:00:00+00:00, run_after=2026-06-22 00:00:00+00:00
[2026-06-21T20:55:59.618-0500] {processor.py:183} INFO - Processing /Users/naga/Desktop/airflow_env/lib/python3.12/site-packages/airflow/example_dags/example_short_circuit_operator.py took 0.132 seconds
[2026-06-21T20:57:25.931-0500] {processor.py:161} INFO - Started process (PID=63935) to work on /Users/naga/Desktop/airflow_env/lib/python3.12/site-packages/airflow/example_dags/example_short_circuit_operator.py
[2026-06-21T20:57:25.933-0500] {processor.py:830} INFO - Processing file /Users/naga/Desktop/airflow_env/lib/python3.12/site-packages/airflow/example_dags/example_short_circuit_operator.py for tasks to queue
[2026-06-21T20:57:25.933-0500] {logging_mixin.py:188} INFO - [2026-06-21T20:57:25.933-0500] {dagbag.py:545} INFO - Filling up the DagBag from /Users/naga/Desktop/airflow_env/lib/python3.12/site-packages/airflow/example_dags/example_short_circuit_operator.py
[2026-06-21T20:57:25.959-0500] {processor.py:840} INFO - DAG(s) 'example_short_circuit_operator' retrieved from /Users/naga/Desktop/airflow_env/lib/python3.12/site-packages/airflow/example_dags/example_short_circuit_operator.py
[2026-06-21T20:57:26.033-0500] {logging_mixin.py:188} INFO - [2026-06-21T20:57:26.033-0500] {dag.py:3089} INFO - Sync 1 DAGs
[2026-06-21T20:57:26.045-0500] {logging_mixin.py:188} INFO - [2026-06-21T20:57:26.045-0500] {dag.py:3947} INFO - Setting next_dagrun for example_short_circuit_operator to 2026-06-21 00:00:00+00:00, run_after=2026-06-22 00:00:00+00:00
[2026-06-21T20:57:26.059-0500] {processor.py:183} INFO - Processing /Users/naga/Desktop/airflow_env/lib/python3.12/site-packages/airflow/example_dags/example_short_circuit_operator.py took 0.130 seconds
[2026-06-21T20:58:53.290-0500] {processor.py:161} INFO - Started process (PID=64020) to work on /Users/naga/Desktop/airflow_env/lib/python3.12/site-packages/airflow/example_dags/example_short_circuit_operator.py
[2026-06-21T20:58:53.292-0500] {processor.py:830} INFO - Processing file /Users/naga/Desktop/airflow_env/lib/python3.12/site-packages/airflow/example_dags/example_short_circuit_operator.py for tasks to queue
[2026-06-21T20:58:53.292-0500] {logging_mixin.py:188} INFO - [2026-06-21T20:58:53.292-0500] {dagbag.py:545} INFO - Filling up the DagBag from /Users/naga/Desktop/airflow_env/lib/python3.12/site-packages/airflow/example_dags/example_short_circuit_operator.py
[2026-06-21T20:58:53.317-0500] {processor.py:840} INFO - DAG(s) 'example_short_circuit_operator' retrieved from /Users/naga/Desktop/airflow_env/lib/python3.12/site-packages/airflow/example_dags/example_short_circuit_operator.py
[2026-06-21T20:58:53.391-0500] {logging_mixin.py:188} INFO - [2026-06-21T20:58:53.391-0500] {dag.py:3089} INFO - Sync 1 DAGs
[2026-06-21T20:58:53.403-0500] {logging_mixin.py:188} INFO - [2026-06-21T20:58:53.403-0500] {dag.py:3947} INFO - Setting next_dagrun for example_short_circuit_operator to 2026-06-21 00:00:00+00:00, run_after=2026-06-22 00:00:00+00:00
[2026-06-21T20:58:53.417-0500] {processor.py:183} INFO - Processing /Users/naga/Desktop/airflow_env/lib/python3.12/site-packages/airflow/example_dags/example_short_circuit_operator.py took 0.129 seconds
[2026-06-21T21:42:34.567-0500] {processor.py:161} INFO - Started process (PID=64227) to work on /Users/naga/Desktop/airflow_env/lib/python3.12/site-packages/airflow/example_dags/example_short_circuit_operator.py
[2026-06-21T21:42:34.568-0500] {processor.py:830} INFO - Processing file /Users/naga/Desktop/airflow_env/lib/python3.12/site-packages/airflow/example_dags/example_short_circuit_operator.py for tasks to queue
[2026-06-21T21:42:34.569-0500] {logging_mixin.py:188} INFO - [2026-06-21T21:42:34.569-0500] {dagbag.py:545} INFO - Filling up the DagBag from /Users/naga/Desktop/airflow_env/lib/python3.12/site-packages/airflow/example_dags/example_short_circuit_operator.py
[2026-06-21T21:42:34.595-0500] {processor.py:840} INFO - DAG(s) 'example_short_circuit_operator' retrieved from /Users/naga/Desktop/airflow_env/lib/python3.12/site-packages/airflow/example_dags/example_short_circuit_operator.py
[2026-06-21T21:42:34.701-0500] {logging_mixin.py:188} INFO - [2026-06-21T21:42:34.701-0500] {dag.py:3089} INFO - Sync 1 DAGs
[2026-06-21T21:42:34.714-0500] {logging_mixin.py:188} INFO - [2026-06-21T21:42:34.713-0500] {dag.py:3947} INFO - Setting next_dagrun for example_short_circuit_operator to 2026-06-21 00:00:00+00:00, run_after=2026-06-22 00:00:00+00:00
[2026-06-21T21:42:34.727-0500] {processor.py:183} INFO - Processing /Users/naga/Desktop/airflow_env/lib/python3.12/site-packages/airflow/example_dags/example_short_circuit_operator.py took 0.162 seconds
[2026-06-21T21:44:19.805-0500] {processor.py:161} INFO - Started process (PID=64317) to work on /Users/naga/Desktop/airflow_env/lib/python3.12/site-packages/airflow/example_dags/example_short_circuit_operator.py
[2026-06-21T21:44:19.806-0500] {processor.py:830} INFO - Processing file /Users/naga/Desktop/airflow_env/lib/python3.12/site-packages/airflow/example_dags/example_short_circuit_operator.py for tasks to queue
[2026-06-21T21:44:19.806-0500] {logging_mixin.py:188} INFO - [2026-06-21T21:44:19.806-0500] {dagbag.py:545} INFO - Filling up the DagBag from /Users/naga/Desktop/airflow_env/lib/python3.12/site-packages/airflow/example_dags/example_short_circuit_operator.py
[2026-06-21T21:44:19.832-0500] {processor.py:840} INFO - DAG(s) 'example_short_circuit_operator' retrieved from /Users/naga/Desktop/airflow_env/lib/python3.12/site-packages/airflow/example_dags/example_short_circuit_operator.py
[2026-06-21T21:44:19.908-0500] {logging_mixin.py:188} INFO - [2026-06-21T21:44:19.907-0500] {dag.py:3089} INFO - Sync 1 DAGs
[2026-06-21T21:44:19.920-0500] {logging_mixin.py:188} INFO - [2026-06-21T21:44:19.920-0500] {dag.py:3947} INFO - Setting next_dagrun for example_short_circuit_operator to 2026-06-21 00:00:00+00:00, run_after=2026-06-22 00:00:00+00:00
[2026-06-21T21:44:19.934-0500] {processor.py:183} INFO - Processing /Users/naga/Desktop/airflow_env/lib/python3.12/site-packages/airflow/example_dags/example_short_circuit_operator.py took 0.132 seconds
[2026-06-21T21:45:49.300-0500] {processor.py:161} INFO - Started process (PID=64435) to work on /Users/naga/Desktop/airflow_env/lib/python3.12/site-packages/airflow/example_dags/example_short_circuit_operator.py
[2026-06-21T21:45:49.302-0500] {processor.py:830} INFO - Processing file /Users/naga/Desktop/airflow_env/lib/python3.12/site-packages/airflow/example_dags/example_short_circuit_operator.py for tasks to queue
[2026-06-21T21:45:49.302-0500] {logging_mixin.py:188} INFO - [2026-06-21T21:45:49.302-0500] {dagbag.py:545} INFO - Filling up the DagBag from /Users/naga/Desktop/airflow_env/lib/python3.12/site-packages/airflow/example_dags/example_short_circuit_operator.py
[2026-06-21T21:45:49.329-0500] {processor.py:840} INFO - DAG(s) 'example_short_circuit_operator' retrieved from /Users/naga/Desktop/airflow_env/lib/python3.12/site-packages/airflow/example_dags/example_short_circuit_operator.py
[2026-06-21T21:45:49.405-0500] {logging_mixin.py:188} INFO - [2026-06-21T21:45:49.405-0500] {dag.py:3089} INFO - Sync 1 DAGs
[2026-06-21T21:45:49.418-0500] {logging_mixin.py:188} INFO - [2026-06-21T21:45:49.417-0500] {dag.py:3947} INFO - Setting next_dagrun for example_short_circuit_operator to 2026-06-21 00:00:00+00:00, run_after=2026-06-22 00:00:00+00:00
[2026-06-21T21:45:49.431-0500] {processor.py:183} INFO - Processing /Users/naga/Desktop/airflow_env/lib/python3.12/site-packages/airflow/example_dags/example_short_circuit_operator.py took 0.133 seconds
[2026-06-21T21:48:00.041-0500] {processor.py:161} INFO - Started process (PID=64674) to work on /Users/naga/Desktop/airflow_env/lib/python3.12/site-packages/airflow/example_dags/example_short_circuit_operator.py
[2026-06-21T21:48:00.042-0500] {processor.py:830} INFO - Processing file /Users/naga/Desktop/airflow_env/lib/python3.12/site-packages/airflow/example_dags/example_short_circuit_operator.py for tasks to queue
[2026-06-21T21:48:00.043-0500] {logging_mixin.py:188} INFO - [2026-06-21T21:48:00.043-0500] {dagbag.py:545} INFO - Filling up the DagBag from /Users/naga/Desktop/airflow_env/lib/python3.12/site-packages/airflow/example_dags/example_short_circuit_operator.py
[2026-06-21T21:48:00.071-0500] {processor.py:840} INFO - DAG(s) 'example_short_circuit_operator' retrieved from /Users/naga/Desktop/airflow_env/lib/python3.12/site-packages/airflow/example_dags/example_short_circuit_operator.py
[2026-06-21T21:48:00.146-0500] {logging_mixin.py:188} INFO - [2026-06-21T21:48:00.146-0500] {dag.py:3089} INFO - Sync 1 DAGs
[2026-06-21T21:48:00.158-0500] {logging_mixin.py:188} INFO - [2026-06-21T21:48:00.158-0500] {dag.py:3947} INFO - Setting next_dagrun for example_short_circuit_operator to 2026-06-21 00:00:00+00:00, run_after=2026-06-22 00:00:00+00:00
[2026-06-21T21:48:00.172-0500] {processor.py:183} INFO - Processing /Users/naga/Desktop/airflow_env/lib/python3.12/site-packages/airflow/example_dags/example_short_circuit_operator.py took 0.133 seconds
[2026-06-21T21:49:33.391-0500] {processor.py:161} INFO - Started process (PID=64758) to work on /Users/naga/Desktop/airflow_env/lib/python3.12/site-packages/airflow/example_dags/example_short_circuit_operator.py
[2026-06-21T21:49:33.393-0500] {processor.py:830} INFO - Processing file /Users/naga/Desktop/airflow_env/lib/python3.12/site-packages/airflow/example_dags/example_short_circuit_operator.py for tasks to queue
[2026-06-21T21:49:33.393-0500] {logging_mixin.py:188} INFO - [2026-06-21T21:49:33.393-0500] {dagbag.py:545} INFO - Filling up the DagBag from /Users/naga/Desktop/airflow_env/lib/python3.12/site-packages/airflow/example_dags/example_short_circuit_operator.py
[2026-06-21T21:49:33.419-0500] {processor.py:840} INFO - DAG(s) 'example_short_circuit_operator' retrieved from /Users/naga/Desktop/airflow_env/lib/python3.12/site-packages/airflow/example_dags/example_short_circuit_operator.py
[2026-06-21T21:49:33.492-0500] {logging_mixin.py:188} INFO - [2026-06-21T21:49:33.492-0500] {dag.py:3089} INFO - Sync 1 DAGs
[2026-06-21T21:49:33.505-0500] {logging_mixin.py:188} INFO - [2026-06-21T21:49:33.504-0500] {dag.py:3947} INFO - Setting next_dagrun for example_short_circuit_operator to 2026-06-21 00:00:00+00:00, run_after=2026-06-22 00:00:00+00:00
[2026-06-21T21:49:33.518-0500] {processor.py:183} INFO - Processing /Users/naga/Desktop/airflow_env/lib/python3.12/site-packages/airflow/example_dags/example_short_circuit_operator.py took 0.128 seconds
[2026-06-21T21:51:34.224-0500] {processor.py:161} INFO - Started process (PID=64855) to work on /Users/naga/Desktop/airflow_env/lib/python3.12/site-packages/airflow/example_dags/example_short_circuit_operator.py
[2026-06-21T21:51:34.225-0500] {processor.py:830} INFO - Processing file /Users/naga/Desktop/airflow_env/lib/python3.12/site-packages/airflow/example_dags/example_short_circuit_operator.py for tasks to queue
[2026-06-21T21:51:34.226-0500] {logging_mixin.py:188} INFO - [2026-06-21T21:51:34.226-0500] {dagbag.py:545} INFO - Filling up the DagBag from /Users/naga/Desktop/airflow_env/lib/python3.12/site-packages/airflow/example_dags/example_short_circuit_operator.py
[2026-06-21T21:51:34.252-0500] {processor.py:840} INFO - DAG(s) 'example_short_circuit_operator' retrieved from /Users/naga/Desktop/airflow_env/lib/python3.12/site-packages/airflow/example_dags/example_short_circuit_operator.py
[2026-06-21T21:51:34.327-0500] {logging_mixin.py:188} INFO - [2026-06-21T21:51:34.327-0500] {dag.py:3089} INFO - Sync 1 DAGs
[2026-06-21T21:51:34.339-0500] {logging_mixin.py:188} INFO - [2026-06-21T21:51:34.339-0500] {dag.py:3947} INFO - Setting next_dagrun for example_short_circuit_operator to 2026-06-21 00:00:00+00:00, run_after=2026-06-22 00:00:00+00:00
[2026-06-21T21:51:34.353-0500] {processor.py:183} INFO - Processing /Users/naga/Desktop/airflow_env/lib/python3.12/site-packages/airflow/example_dags/example_short_circuit_operator.py took 0.131 seconds
[2026-06-21T21:53:45.041-0500] {processor.py:161} INFO - Started process (PID=64978) to work on /Users/naga/Desktop/airflow_env/lib/python3.12/site-packages/airflow/example_dags/example_short_circuit_operator.py
[2026-06-21T21:53:45.042-0500] {processor.py:830} INFO - Processing file /Users/naga/Desktop/airflow_env/lib/python3.12/site-packages/airflow/example_dags/example_short_circuit_operator.py for tasks to queue
[2026-06-21T21:53:45.042-0500] {logging_mixin.py:188} INFO - [2026-06-21T21:53:45.042-0500] {dagbag.py:545} INFO - Filling up the DagBag from /Users/naga/Desktop/airflow_env/lib/python3.12/site-packages/airflow/example_dags/example_short_circuit_operator.py
[2026-06-21T21:53:45.068-0500] {processor.py:840} INFO - DAG(s) 'example_short_circuit_operator' retrieved from /Users/naga/Desktop/airflow_env/lib/python3.12/site-packages/airflow/example_dags/example_short_circuit_operator.py
[2026-06-21T21:53:45.143-0500] {logging_mixin.py:188} INFO - [2026-06-21T21:53:45.143-0500] {dag.py:3089} INFO - Sync 1 DAGs
[2026-06-21T21:53:45.155-0500] {logging_mixin.py:188} INFO - [2026-06-21T21:53:45.155-0500] {dag.py:3947} INFO - Setting next_dagrun for example_short_circuit_operator to 2026-06-21 00:00:00+00:00, run_after=2026-06-22 00:00:00+00:00
[2026-06-21T21:53:45.168-0500] {processor.py:183} INFO - Processing /Users/naga/Desktop/airflow_env/lib/python3.12/site-packages/airflow/example_dags/example_short_circuit_operator.py took 0.130 seconds
[2026-06-21T21:55:37.689-0500] {processor.py:161} INFO - Started process (PID=65350) to work on /Users/naga/Desktop/airflow_env/lib/python3.12/site-packages/airflow/example_dags/example_short_circuit_operator.py
[2026-06-21T21:55:37.691-0500] {processor.py:830} INFO - Processing file /Users/naga/Desktop/airflow_env/lib/python3.12/site-packages/airflow/example_dags/example_short_circuit_operator.py for tasks to queue
[2026-06-21T21:55:37.691-0500] {logging_mixin.py:188} INFO - [2026-06-21T21:55:37.691-0500] {dagbag.py:545} INFO - Filling up the DagBag from /Users/naga/Desktop/airflow_env/lib/python3.12/site-packages/airflow/example_dags/example_short_circuit_operator.py
[2026-06-21T21:55:37.717-0500] {processor.py:840} INFO - DAG(s) 'example_short_circuit_operator' retrieved from /Users/naga/Desktop/airflow_env/lib/python3.12/site-packages/airflow/example_dags/example_short_circuit_operator.py
[2026-06-21T21:55:37.793-0500] {logging_mixin.py:188} INFO - [2026-06-21T21:55:37.792-0500] {dag.py:3089} INFO - Sync 1 DAGs
[2026-06-21T21:55:37.805-0500] {logging_mixin.py:188} INFO - [2026-06-21T21:55:37.805-0500] {dag.py:3947} INFO - Setting next_dagrun for example_short_circuit_operator to 2026-06-21 00:00:00+00:00, run_after=2026-06-22 00:00:00+00:00
[2026-06-21T21:55:37.818-0500] {processor.py:183} INFO - Processing /Users/naga/Desktop/airflow_env/lib/python3.12/site-packages/airflow/example_dags/example_short_circuit_operator.py took 0.132 seconds
[2026-06-21T21:57:09.885-0500] {processor.py:161} INFO - Started process (PID=65507) to work on /Users/naga/Desktop/airflow_env/lib/python3.12/site-packages/airflow/example_dags/example_short_circuit_operator.py
[2026-06-21T21:57:09.886-0500] {processor.py:830} INFO - Processing file /Users/naga/Desktop/airflow_env/lib/python3.12/site-packages/airflow/example_dags/example_short_circuit_operator.py for tasks to queue
[2026-06-21T21:57:09.887-0500] {logging_mixin.py:188} INFO - [2026-06-21T21:57:09.887-0500] {dagbag.py:545} INFO - Filling up the DagBag from /Users/naga/Desktop/airflow_env/lib/python3.12/site-packages/airflow/example_dags/example_short_circuit_operator.py
[2026-06-21T21:57:09.912-0500] {processor.py:840} INFO - DAG(s) 'example_short_circuit_operator' retrieved from /Users/naga/Desktop/airflow_env/lib/python3.12/site-packages/airflow/example_dags/example_short_circuit_operator.py
[2026-06-21T21:57:09.987-0500] {logging_mixin.py:188} INFO - [2026-06-21T21:57:09.986-0500] {dag.py:3089} INFO - Sync 1 DAGs
[2026-06-21T21:57:09.999-0500] {logging_mixin.py:188} INFO - [2026-06-21T21:57:09.999-0500] {dag.py:3947} INFO - Setting next_dagrun for example_short_circuit_operator to 2026-06-21 00:00:00+00:00, run_after=2026-06-22 00:00:00+00:00
[2026-06-21T21:57:10.012-0500] {processor.py:183} INFO - Processing /Users/naga/Desktop/airflow_env/lib/python3.12/site-packages/airflow/example_dags/example_short_circuit_operator.py took 0.129 seconds
