[2026-06-21T19:47:24.673-0500] {processor.py:161} INFO - Started process (PID=61502) to work on /Users/naga/Desktop/airflow_env/lib/python3.12/site-packages/airflow/example_dags/example_short_circuit_decorator.py
[2026-06-21T19:47:24.674-0500] {processor.py:830} INFO - Processing file /Users/naga/Desktop/airflow_env/lib/python3.12/site-packages/airflow/example_dags/example_short_circuit_decorator.py for tasks to queue
[2026-06-21T19:47:24.675-0500] {logging_mixin.py:188} INFO - [2026-06-21T19:47:24.675-0500] {dagbag.py:545} INFO - Filling up the DagBag from /Users/naga/Desktop/airflow_env/lib/python3.12/site-packages/airflow/example_dags/example_short_circuit_decorator.py
[2026-06-21T19:47:24.710-0500] {processor.py:840} INFO - DAG(s) 'example_short_circuit_decorator' retrieved from /Users/naga/Desktop/airflow_env/lib/python3.12/site-packages/airflow/example_dags/example_short_circuit_decorator.py
[2026-06-21T19:47:24.785-0500] {logging_mixin.py:188} INFO - [2026-06-21T19:47:24.785-0500] {dag.py:3089} INFO - Sync 1 DAGs
[2026-06-21T19:47:24.797-0500] {logging_mixin.py:188} INFO - [2026-06-21T19:47:24.797-0500] {dag.py:3947} INFO - Setting next_dagrun for example_short_circuit_decorator to 2026-06-21 00:00:00+00:00, run_after=2026-06-22 00:00:00+00:00
[2026-06-21T19:47:24.811-0500] {processor.py:183} INFO - Processing /Users/naga/Desktop/airflow_env/lib/python3.12/site-packages/airflow/example_dags/example_short_circuit_decorator.py took 0.139 seconds
[2026-06-21T19:48:52.780-0500] {processor.py:161} INFO - Started process (PID=61575) to work on /Users/naga/Desktop/airflow_env/lib/python3.12/site-packages/airflow/example_dags/example_short_circuit_decorator.py
[2026-06-21T19:48:52.781-0500] {processor.py:830} INFO - Processing file /Users/naga/Desktop/airflow_env/lib/python3.12/site-packages/airflow/example_dags/example_short_circuit_decorator.py for tasks to queue
[2026-06-21T19:48:52.782-0500] {logging_mixin.py:188} INFO - [2026-06-21T19:48:52.782-0500] {dagbag.py:545} INFO - Filling up the DagBag from /Users/naga/Desktop/airflow_env/lib/python3.12/site-packages/airflow/example_dags/example_short_circuit_decorator.py
[2026-06-21T19:48:52.817-0500] {processor.py:840} INFO - DAG(s) 'example_short_circuit_decorator' retrieved from /Users/naga/Desktop/airflow_env/lib/python3.12/site-packages/airflow/example_dags/example_short_circuit_decorator.py
[2026-06-21T19:48:52.892-0500] {logging_mixin.py:188} INFO - [2026-06-21T19:48:52.891-0500] {dag.py:3089} INFO - Sync 1 DAGs
[2026-06-21T19:48:52.905-0500] {logging_mixin.py:188} INFO - [2026-06-21T19:48:52.905-0500] {dag.py:3947} INFO - Setting next_dagrun for example_short_circuit_decorator to 2026-06-21 00:00:00+00:00, run_after=2026-06-22 00:00:00+00:00
[2026-06-21T19:48:52.918-0500] {processor.py:183} INFO - Processing /Users/naga/Desktop/airflow_env/lib/python3.12/site-packages/airflow/example_dags/example_short_circuit_decorator.py took 0.140 seconds
[2026-06-21T19:50:30.545-0500] {processor.py:161} INFO - Started process (PID=61763) to work on /Users/naga/Desktop/airflow_env/lib/python3.12/site-packages/airflow/example_dags/example_short_circuit_decorator.py
[2026-06-21T19:50:30.546-0500] {processor.py:830} INFO - Processing file /Users/naga/Desktop/airflow_env/lib/python3.12/site-packages/airflow/example_dags/example_short_circuit_decorator.py for tasks to queue
[2026-06-21T19:50:30.546-0500] {logging_mixin.py:188} INFO - [2026-06-21T19:50:30.546-0500] {dagbag.py:545} INFO - Filling up the DagBag from /Users/naga/Desktop/airflow_env/lib/python3.12/site-packages/airflow/example_dags/example_short_circuit_decorator.py
[2026-06-21T19:50:30.580-0500] {processor.py:840} INFO - DAG(s) 'example_short_circuit_decorator' retrieved from /Users/naga/Desktop/airflow_env/lib/python3.12/site-packages/airflow/example_dags/example_short_circuit_decorator.py
[2026-06-21T19:50:30.655-0500] {logging_mixin.py:188} INFO - [2026-06-21T19:50:30.654-0500] {dag.py:3089} INFO - Sync 1 DAGs
[2026-06-21T19:50:30.667-0500] {logging_mixin.py:188} INFO - [2026-06-21T19:50:30.666-0500] {dag.py:3947} INFO - Setting next_dagrun for example_short_circuit_decorator to 2026-06-21 00:00:00+00:00, run_after=2026-06-22 00:00:00+00:00
[2026-06-21T19:50:30.679-0500] {processor.py:183} INFO - Processing /Users/naga/Desktop/airflow_env/lib/python3.12/site-packages/airflow/example_dags/example_short_circuit_decorator.py took 0.137 seconds
[2026-06-21T19:51:59.706-0500] {processor.py:161} INFO - Started process (PID=61831) to work on /Users/naga/Desktop/airflow_env/lib/python3.12/site-packages/airflow/example_dags/example_short_circuit_decorator.py
[2026-06-21T19:51:59.707-0500] {processor.py:830} INFO - Processing file /Users/naga/Desktop/airflow_env/lib/python3.12/site-packages/airflow/example_dags/example_short_circuit_decorator.py for tasks to queue
[2026-06-21T19:51:59.708-0500] {logging_mixin.py:188} INFO - [2026-06-21T19:51:59.708-0500] {dagbag.py:545} INFO - Filling up the DagBag from /Users/naga/Desktop/airflow_env/lib/python3.12/site-packages/airflow/example_dags/example_short_circuit_decorator.py
[2026-06-21T19:51:59.742-0500] {processor.py:840} INFO - DAG(s) 'example_short_circuit_decorator' retrieved from /Users/naga/Desktop/airflow_env/lib/python3.12/site-packages/airflow/example_dags/example_short_circuit_decorator.py
[2026-06-21T19:51:59.817-0500] {logging_mixin.py:188} INFO - [2026-06-21T19:51:59.817-0500] {dag.py:3089} INFO - Sync 1 DAGs
[2026-06-21T19:51:59.829-0500] {logging_mixin.py:188} INFO - [2026-06-21T19:51:59.829-0500] {dag.py:3947} INFO - Setting next_dagrun for example_short_circuit_decorator to 2026-06-21 00:00:00+00:00, run_after=2026-06-22 00:00:00+00:00
[2026-06-21T19:51:59.844-0500] {processor.py:183} INFO - Processing /Users/naga/Desktop/airflow_env/lib/python3.12/site-packages/airflow/example_dags/example_short_circuit_decorator.py took 0.140 seconds
[2026-06-21T19:53:23.793-0500] {processor.py:161} INFO - Started process (PID=61888) to work on /Users/naga/Desktop/airflow_env/lib/python3.12/site-packages/airflow/example_dags/example_short_circuit_decorator.py
[2026-06-21T19:53:23.794-0500] {processor.py:830} INFO - Processing file /Users/naga/Desktop/airflow_env/lib/python3.12/site-packages/airflow/example_dags/example_short_circuit_decorator.py for tasks to queue
[2026-06-21T19:53:23.795-0500] {logging_mixin.py:188} INFO - [2026-06-21T19:53:23.795-0500] {dagbag.py:545} INFO - Filling up the DagBag from /Users/naga/Desktop/airflow_env/lib/python3.12/site-packages/airflow/example_dags/example_short_circuit_decorator.py
[2026-06-21T19:53:23.828-0500] {processor.py:840} INFO - DAG(s) 'example_short_circuit_decorator' retrieved from /Users/naga/Desktop/airflow_env/lib/python3.12/site-packages/airflow/example_dags/example_short_circuit_decorator.py
[2026-06-21T19:53:23.903-0500] {logging_mixin.py:188} INFO - [2026-06-21T19:53:23.902-0500] {dag.py:3089} INFO - Sync 1 DAGs
[2026-06-21T19:53:23.915-0500] {logging_mixin.py:188} INFO - [2026-06-21T19:53:23.914-0500] {dag.py:3947} INFO - Setting next_dagrun for example_short_circuit_decorator to 2026-06-21 00:00:00+00:00, run_after=2026-06-22 00:00:00+00:00
[2026-06-21T19:53:23.928-0500] {processor.py:183} INFO - Processing /Users/naga/Desktop/airflow_env/lib/python3.12/site-packages/airflow/example_dags/example_short_circuit_decorator.py took 0.137 seconds
[2026-06-21T19:54:47.316-0500] {processor.py:161} INFO - Started process (PID=61955) to work on /Users/naga/Desktop/airflow_env/lib/python3.12/site-packages/airflow/example_dags/example_short_circuit_decorator.py
[2026-06-21T19:54:47.317-0500] {processor.py:830} INFO - Processing file /Users/naga/Desktop/airflow_env/lib/python3.12/site-packages/airflow/example_dags/example_short_circuit_decorator.py for tasks to queue
[2026-06-21T19:54:47.318-0500] {logging_mixin.py:188} INFO - [2026-06-21T19:54:47.318-0500] {dagbag.py:545} INFO - Filling up the DagBag from /Users/naga/Desktop/airflow_env/lib/python3.12/site-packages/airflow/example_dags/example_short_circuit_decorator.py
[2026-06-21T19:54:47.352-0500] {processor.py:840} INFO - DAG(s) 'example_short_circuit_decorator' retrieved from /Users/naga/Desktop/airflow_env/lib/python3.12/site-packages/airflow/example_dags/example_short_circuit_decorator.py
[2026-06-21T19:54:47.427-0500] {logging_mixin.py:188} INFO - [2026-06-21T19:54:47.426-0500] {dag.py:3089} INFO - Sync 1 DAGs
[2026-06-21T19:54:47.439-0500] {logging_mixin.py:188} INFO - [2026-06-21T19:54:47.439-0500] {dag.py:3947} INFO - Setting next_dagrun for example_short_circuit_decorator to 2026-06-21 00:00:00+00:00, run_after=2026-06-22 00:00:00+00:00
[2026-06-21T19:54:47.453-0500] {processor.py:183} INFO - Processing /Users/naga/Desktop/airflow_env/lib/python3.12/site-packages/airflow/example_dags/example_short_circuit_decorator.py took 0.138 seconds
[2026-06-21T19:56:12.497-0500] {processor.py:161} INFO - Started process (PID=62022) to work on /Users/naga/Desktop/airflow_env/lib/python3.12/site-packages/airflow/example_dags/example_short_circuit_decorator.py
[2026-06-21T19:56:12.498-0500] {processor.py:830} INFO - Processing file /Users/naga/Desktop/airflow_env/lib/python3.12/site-packages/airflow/example_dags/example_short_circuit_decorator.py for tasks to queue
[2026-06-21T19:56:12.498-0500] {logging_mixin.py:188} INFO - [2026-06-21T19:56:12.498-0500] {dagbag.py:545} INFO - Filling up the DagBag from /Users/naga/Desktop/airflow_env/lib/python3.12/site-packages/airflow/example_dags/example_short_circuit_decorator.py
[2026-06-21T19:56:12.532-0500] {processor.py:840} INFO - DAG(s) 'example_short_circuit_decorator' retrieved from /Users/naga/Desktop/airflow_env/lib/python3.12/site-packages/airflow/example_dags/example_short_circuit_decorator.py
[2026-06-21T19:56:12.605-0500] {logging_mixin.py:188} INFO - [2026-06-21T19:56:12.605-0500] {dag.py:3089} INFO - Sync 1 DAGs
[2026-06-21T19:56:12.617-0500] {logging_mixin.py:188} INFO - [2026-06-21T19:56:12.617-0500] {dag.py:3947} INFO - Setting next_dagrun for example_short_circuit_decorator to 2026-06-21 00:00:00+00:00, run_after=2026-06-22 00:00:00+00:00
[2026-06-21T19:56:12.630-0500] {processor.py:183} INFO - Processing /Users/naga/Desktop/airflow_env/lib/python3.12/site-packages/airflow/example_dags/example_short_circuit_decorator.py took 0.136 seconds
[2026-06-21T19:57:42.090-0500] {processor.py:161} INFO - Started process (PID=62086) to work on /Users/naga/Desktop/airflow_env/lib/python3.12/site-packages/airflow/example_dags/example_short_circuit_decorator.py
[2026-06-21T19:57:42.091-0500] {processor.py:830} INFO - Processing file /Users/naga/Desktop/airflow_env/lib/python3.12/site-packages/airflow/example_dags/example_short_circuit_decorator.py for tasks to queue
[2026-06-21T19:57:42.092-0500] {logging_mixin.py:188} INFO - [2026-06-21T19:57:42.091-0500] {dagbag.py:545} INFO - Filling up the DagBag from /Users/naga/Desktop/airflow_env/lib/python3.12/site-packages/airflow/example_dags/example_short_circuit_decorator.py
[2026-06-21T19:57:42.126-0500] {processor.py:840} INFO - DAG(s) 'example_short_circuit_decorator' retrieved from /Users/naga/Desktop/airflow_env/lib/python3.12/site-packages/airflow/example_dags/example_short_circuit_decorator.py
[2026-06-21T19:57:42.202-0500] {logging_mixin.py:188} INFO - [2026-06-21T19:57:42.202-0500] {dag.py:3089} INFO - Sync 1 DAGs
[2026-06-21T19:57:42.214-0500] {logging_mixin.py:188} INFO - [2026-06-21T19:57:42.214-0500] {dag.py:3947} INFO - Setting next_dagrun for example_short_circuit_decorator to 2026-06-21 00:00:00+00:00, run_after=2026-06-22 00:00:00+00:00
[2026-06-21T19:57:42.227-0500] {processor.py:183} INFO - Processing /Users/naga/Desktop/airflow_env/lib/python3.12/site-packages/airflow/example_dags/example_short_circuit_decorator.py took 0.140 seconds
[2026-06-21T19:59:08.368-0500] {processor.py:161} INFO - Started process (PID=62152) to work on /Users/naga/Desktop/airflow_env/lib/python3.12/site-packages/airflow/example_dags/example_short_circuit_decorator.py
[2026-06-21T19:59:08.369-0500] {processor.py:830} INFO - Processing file /Users/naga/Desktop/airflow_env/lib/python3.12/site-packages/airflow/example_dags/example_short_circuit_decorator.py for tasks to queue
[2026-06-21T19:59:08.370-0500] {logging_mixin.py:188} INFO - [2026-06-21T19:59:08.369-0500] {dagbag.py:545} INFO - Filling up the DagBag from /Users/naga/Desktop/airflow_env/lib/python3.12/site-packages/airflow/example_dags/example_short_circuit_decorator.py
[2026-06-21T19:59:08.404-0500] {processor.py:840} INFO - DAG(s) 'example_short_circuit_decorator' retrieved from /Users/naga/Desktop/airflow_env/lib/python3.12/site-packages/airflow/example_dags/example_short_circuit_decorator.py
[2026-06-21T19:59:08.482-0500] {logging_mixin.py:188} INFO - [2026-06-21T19:59:08.481-0500] {dag.py:3089} INFO - Sync 1 DAGs
[2026-06-21T19:59:08.494-0500] {logging_mixin.py:188} INFO - [2026-06-21T19:59:08.494-0500] {dag.py:3947} INFO - Setting next_dagrun for example_short_circuit_decorator to 2026-06-21 00:00:00+00:00, run_after=2026-06-22 00:00:00+00:00
[2026-06-21T19:59:08.509-0500] {processor.py:183} INFO - Processing /Users/naga/Desktop/airflow_env/lib/python3.12/site-packages/airflow/example_dags/example_short_circuit_decorator.py took 0.144 seconds
[2026-06-21T20:00:34.565-0500] {processor.py:161} INFO - Started process (PID=62233) to work on /Users/naga/Desktop/airflow_env/lib/python3.12/site-packages/airflow/example_dags/example_short_circuit_decorator.py
[2026-06-21T20:00:34.566-0500] {processor.py:830} INFO - Processing file /Users/naga/Desktop/airflow_env/lib/python3.12/site-packages/airflow/example_dags/example_short_circuit_decorator.py for tasks to queue
[2026-06-21T20:00:34.567-0500] {logging_mixin.py:188} INFO - [2026-06-21T20:00:34.567-0500] {dagbag.py:545} INFO - Filling up the DagBag from /Users/naga/Desktop/airflow_env/lib/python3.12/site-packages/airflow/example_dags/example_short_circuit_decorator.py
[2026-06-21T20:00:34.600-0500] {processor.py:840} INFO - DAG(s) 'example_short_circuit_decorator' retrieved from /Users/naga/Desktop/airflow_env/lib/python3.12/site-packages/airflow/example_dags/example_short_circuit_decorator.py
[2026-06-21T20:00:34.675-0500] {logging_mixin.py:188} INFO - [2026-06-21T20:00:34.675-0500] {dag.py:3089} INFO - Sync 1 DAGs
[2026-06-21T20:00:34.687-0500] {logging_mixin.py:188} INFO - [2026-06-21T20:00:34.687-0500] {dag.py:3947} INFO - Setting next_dagrun for example_short_circuit_decorator to 2026-06-21 00:00:00+00:00, run_after=2026-06-22 00:00:00+00:00
[2026-06-21T20:00:34.700-0500] {processor.py:183} INFO - Processing /Users/naga/Desktop/airflow_env/lib/python3.12/site-packages/airflow/example_dags/example_short_circuit_decorator.py took 0.137 seconds
[2026-06-21T20:02:00.309-0500] {processor.py:161} INFO - Started process (PID=62300) to work on /Users/naga/Desktop/airflow_env/lib/python3.12/site-packages/airflow/example_dags/example_short_circuit_decorator.py
[2026-06-21T20:02:00.311-0500] {processor.py:830} INFO - Processing file /Users/naga/Desktop/airflow_env/lib/python3.12/site-packages/airflow/example_dags/example_short_circuit_decorator.py for tasks to queue
[2026-06-21T20:02:00.312-0500] {logging_mixin.py:188} INFO - [2026-06-21T20:02:00.311-0500] {dagbag.py:545} INFO - Filling up the DagBag from /Users/naga/Desktop/airflow_env/lib/python3.12/site-packages/airflow/example_dags/example_short_circuit_decorator.py
[2026-06-21T20:02:00.346-0500] {processor.py:840} INFO - DAG(s) 'example_short_circuit_decorator' retrieved from /Users/naga/Desktop/airflow_env/lib/python3.12/site-packages/airflow/example_dags/example_short_circuit_decorator.py
[2026-06-21T20:02:00.421-0500] {logging_mixin.py:188} INFO - [2026-06-21T20:02:00.421-0500] {dag.py:3089} INFO - Sync 1 DAGs
[2026-06-21T20:02:00.434-0500] {logging_mixin.py:188} INFO - [2026-06-21T20:02:00.434-0500] {dag.py:3947} INFO - Setting next_dagrun for example_short_circuit_decorator to 2026-06-21 00:00:00+00:00, run_after=2026-06-22 00:00:00+00:00
[2026-06-21T20:02:00.448-0500] {processor.py:183} INFO - Processing /Users/naga/Desktop/airflow_env/lib/python3.12/site-packages/airflow/example_dags/example_short_circuit_decorator.py took 0.141 seconds
[2026-06-21T20:03:26.707-0500] {processor.py:161} INFO - Started process (PID=62348) to work on /Users/naga/Desktop/airflow_env/lib/python3.12/site-packages/airflow/example_dags/example_short_circuit_decorator.py
[2026-06-21T20:03:26.709-0500] {processor.py:830} INFO - Processing file /Users/naga/Desktop/airflow_env/lib/python3.12/site-packages/airflow/example_dags/example_short_circuit_decorator.py for tasks to queue
[2026-06-21T20:03:26.710-0500] {logging_mixin.py:188} INFO - [2026-06-21T20:03:26.710-0500] {dagbag.py:545} INFO - Filling up the DagBag from /Users/naga/Desktop/airflow_env/lib/python3.12/site-packages/airflow/example_dags/example_short_circuit_decorator.py
[2026-06-21T20:03:26.744-0500] {processor.py:840} INFO - DAG(s) 'example_short_circuit_decorator' retrieved from /Users/naga/Desktop/airflow_env/lib/python3.12/site-packages/airflow/example_dags/example_short_circuit_decorator.py
[2026-06-21T20:03:26.819-0500] {logging_mixin.py:188} INFO - [2026-06-21T20:03:26.819-0500] {dag.py:3089} INFO - Sync 1 DAGs
[2026-06-21T20:03:26.832-0500] {logging_mixin.py:188} INFO - [2026-06-21T20:03:26.831-0500] {dag.py:3947} INFO - Setting next_dagrun for example_short_circuit_decorator to 2026-06-21 00:00:00+00:00, run_after=2026-06-22 00:00:00+00:00
[2026-06-21T20:03:26.845-0500] {processor.py:183} INFO - Processing /Users/naga/Desktop/airflow_env/lib/python3.12/site-packages/airflow/example_dags/example_short_circuit_decorator.py took 0.140 seconds
[2026-06-21T20:04:53.182-0500] {processor.py:161} INFO - Started process (PID=62418) to work on /Users/naga/Desktop/airflow_env/lib/python3.12/site-packages/airflow/example_dags/example_short_circuit_decorator.py
[2026-06-21T20:04:53.184-0500] {processor.py:830} INFO - Processing file /Users/naga/Desktop/airflow_env/lib/python3.12/site-packages/airflow/example_dags/example_short_circuit_decorator.py for tasks to queue
[2026-06-21T20:04:53.184-0500] {logging_mixin.py:188} INFO - [2026-06-21T20:04:53.184-0500] {dagbag.py:545} INFO - Filling up the DagBag from /Users/naga/Desktop/airflow_env/lib/python3.12/site-packages/airflow/example_dags/example_short_circuit_decorator.py
[2026-06-21T20:04:53.218-0500] {processor.py:840} INFO - DAG(s) 'example_short_circuit_decorator' retrieved from /Users/naga/Desktop/airflow_env/lib/python3.12/site-packages/airflow/example_dags/example_short_circuit_decorator.py
[2026-06-21T20:04:53.293-0500] {logging_mixin.py:188} INFO - [2026-06-21T20:04:53.293-0500] {dag.py:3089} INFO - Sync 1 DAGs
[2026-06-21T20:04:53.305-0500] {logging_mixin.py:188} INFO - [2026-06-21T20:04:53.305-0500] {dag.py:3947} INFO - Setting next_dagrun for example_short_circuit_decorator to 2026-06-21 00:00:00+00:00, run_after=2026-06-22 00:00:00+00:00
[2026-06-21T20:04:53.320-0500] {processor.py:183} INFO - Processing /Users/naga/Desktop/airflow_env/lib/python3.12/site-packages/airflow/example_dags/example_short_circuit_decorator.py took 0.139 seconds
[2026-06-21T20:06:20.411-0500] {processor.py:161} INFO - Started process (PID=62494) to work on /Users/naga/Desktop/airflow_env/lib/python3.12/site-packages/airflow/example_dags/example_short_circuit_decorator.py
[2026-06-21T20:06:20.412-0500] {processor.py:830} INFO - Processing file /Users/naga/Desktop/airflow_env/lib/python3.12/site-packages/airflow/example_dags/example_short_circuit_decorator.py for tasks to queue
[2026-06-21T20:06:20.413-0500] {logging_mixin.py:188} INFO - [2026-06-21T20:06:20.412-0500] {dagbag.py:545} INFO - Filling up the DagBag from /Users/naga/Desktop/airflow_env/lib/python3.12/site-packages/airflow/example_dags/example_short_circuit_decorator.py
[2026-06-21T20:06:20.448-0500] {processor.py:840} INFO - DAG(s) 'example_short_circuit_decorator' retrieved from /Users/naga/Desktop/airflow_env/lib/python3.12/site-packages/airflow/example_dags/example_short_circuit_decorator.py
[2026-06-21T20:06:20.523-0500] {logging_mixin.py:188} INFO - [2026-06-21T20:06:20.523-0500] {dag.py:3089} INFO - Sync 1 DAGs
[2026-06-21T20:06:20.535-0500] {logging_mixin.py:188} INFO - [2026-06-21T20:06:20.535-0500] {dag.py:3947} INFO - Setting next_dagrun for example_short_circuit_decorator to 2026-06-21 00:00:00+00:00, run_after=2026-06-22 00:00:00+00:00
[2026-06-21T20:06:20.548-0500] {processor.py:183} INFO - Processing /Users/naga/Desktop/airflow_env/lib/python3.12/site-packages/airflow/example_dags/example_short_circuit_decorator.py took 0.139 seconds
[2026-06-21T20:07:52.966-0500] {processor.py:161} INFO - Started process (PID=62567) to work on /Users/naga/Desktop/airflow_env/lib/python3.12/site-packages/airflow/example_dags/example_short_circuit_decorator.py
[2026-06-21T20:07:52.967-0500] {processor.py:830} INFO - Processing file /Users/naga/Desktop/airflow_env/lib/python3.12/site-packages/airflow/example_dags/example_short_circuit_decorator.py for tasks to queue
[2026-06-21T20:07:52.968-0500] {logging_mixin.py:188} INFO - [2026-06-21T20:07:52.968-0500] {dagbag.py:545} INFO - Filling up the DagBag from /Users/naga/Desktop/airflow_env/lib/python3.12/site-packages/airflow/example_dags/example_short_circuit_decorator.py
[2026-06-21T20:07:53.007-0500] {processor.py:840} INFO - DAG(s) 'example_short_circuit_decorator' retrieved from /Users/naga/Desktop/airflow_env/lib/python3.12/site-packages/airflow/example_dags/example_short_circuit_decorator.py
[2026-06-21T20:07:53.087-0500] {logging_mixin.py:188} INFO - [2026-06-21T20:07:53.086-0500] {dag.py:3089} INFO - Sync 1 DAGs
[2026-06-21T20:07:53.100-0500] {logging_mixin.py:188} INFO - [2026-06-21T20:07:53.100-0500] {dag.py:3947} INFO - Setting next_dagrun for example_short_circuit_decorator to 2026-06-21 00:00:00+00:00, run_after=2026-06-22 00:00:00+00:00
[2026-06-21T20:07:53.115-0500] {processor.py:183} INFO - Processing /Users/naga/Desktop/airflow_env/lib/python3.12/site-packages/airflow/example_dags/example_short_circuit_decorator.py took 0.151 seconds
[2026-06-21T20:36:48.496-0500] {processor.py:161} INFO - Started process (PID=62683) to work on /Users/naga/Desktop/airflow_env/lib/python3.12/site-packages/airflow/example_dags/example_short_circuit_decorator.py
[2026-06-21T20:36:48.498-0500] {processor.py:830} INFO - Processing file /Users/naga/Desktop/airflow_env/lib/python3.12/site-packages/airflow/example_dags/example_short_circuit_decorator.py for tasks to queue
[2026-06-21T20:36:48.498-0500] {logging_mixin.py:188} INFO - [2026-06-21T20:36:48.498-0500] {dagbag.py:545} INFO - Filling up the DagBag from /Users/naga/Desktop/airflow_env/lib/python3.12/site-packages/airflow/example_dags/example_short_circuit_decorator.py
[2026-06-21T20:36:48.541-0500] {processor.py:840} INFO - DAG(s) 'example_short_circuit_decorator' retrieved from /Users/naga/Desktop/airflow_env/lib/python3.12/site-packages/airflow/example_dags/example_short_circuit_decorator.py
[2026-06-21T20:36:48.622-0500] {logging_mixin.py:188} INFO - [2026-06-21T20:36:48.622-0500] {dag.py:3089} INFO - Sync 1 DAGs
[2026-06-21T20:36:48.635-0500] {logging_mixin.py:188} INFO - [2026-06-21T20:36:48.635-0500] {dag.py:3947} INFO - Setting next_dagrun for example_short_circuit_decorator to 2026-06-21 00:00:00+00:00, run_after=2026-06-22 00:00:00+00:00
[2026-06-21T20:36:48.651-0500] {processor.py:183} INFO - Processing /Users/naga/Desktop/airflow_env/lib/python3.12/site-packages/airflow/example_dags/example_short_circuit_decorator.py took 0.157 seconds
[2026-06-21T20:38:20.786-0500] {processor.py:161} INFO - Started process (PID=62751) to work on /Users/naga/Desktop/airflow_env/lib/python3.12/site-packages/airflow/example_dags/example_short_circuit_decorator.py
[2026-06-21T20:38:20.787-0500] {processor.py:830} INFO - Processing file /Users/naga/Desktop/airflow_env/lib/python3.12/site-packages/airflow/example_dags/example_short_circuit_decorator.py for tasks to queue
[2026-06-21T20:38:20.788-0500] {logging_mixin.py:188} INFO - [2026-06-21T20:38:20.787-0500] {dagbag.py:545} INFO - Filling up the DagBag from /Users/naga/Desktop/airflow_env/lib/python3.12/site-packages/airflow/example_dags/example_short_circuit_decorator.py
[2026-06-21T20:38:20.822-0500] {processor.py:840} INFO - DAG(s) 'example_short_circuit_decorator' retrieved from /Users/naga/Desktop/airflow_env/lib/python3.12/site-packages/airflow/example_dags/example_short_circuit_decorator.py
[2026-06-21T20:38:20.896-0500] {logging_mixin.py:188} INFO - [2026-06-21T20:38:20.896-0500] {dag.py:3089} INFO - Sync 1 DAGs
[2026-06-21T20:38:20.909-0500] {logging_mixin.py:188} INFO - [2026-06-21T20:38:20.908-0500] {dag.py:3947} INFO - Setting next_dagrun for example_short_circuit_decorator to 2026-06-21 00:00:00+00:00, run_after=2026-06-22 00:00:00+00:00
[2026-06-21T20:38:20.922-0500] {processor.py:183} INFO - Processing /Users/naga/Desktop/airflow_env/lib/python3.12/site-packages/airflow/example_dags/example_short_circuit_decorator.py took 0.139 seconds
[2026-06-21T20:39:53.199-0500] {processor.py:161} INFO - Started process (PID=62845) to work on /Users/naga/Desktop/airflow_env/lib/python3.12/site-packages/airflow/example_dags/example_short_circuit_decorator.py
[2026-06-21T20:39:53.200-0500] {processor.py:830} INFO - Processing file /Users/naga/Desktop/airflow_env/lib/python3.12/site-packages/airflow/example_dags/example_short_circuit_decorator.py for tasks to queue
[2026-06-21T20:39:53.201-0500] {logging_mixin.py:188} INFO - [2026-06-21T20:39:53.201-0500] {dagbag.py:545} INFO - Filling up the DagBag from /Users/naga/Desktop/airflow_env/lib/python3.12/site-packages/airflow/example_dags/example_short_circuit_decorator.py
[2026-06-21T20:39:53.235-0500] {processor.py:840} INFO - DAG(s) 'example_short_circuit_decorator' retrieved from /Users/naga/Desktop/airflow_env/lib/python3.12/site-packages/airflow/example_dags/example_short_circuit_decorator.py
[2026-06-21T20:39:53.310-0500] {logging_mixin.py:188} INFO - [2026-06-21T20:39:53.310-0500] {dag.py:3089} INFO - Sync 1 DAGs
[2026-06-21T20:39:53.322-0500] {logging_mixin.py:188} INFO - [2026-06-21T20:39:53.322-0500] {dag.py:3947} INFO - Setting next_dagrun for example_short_circuit_decorator to 2026-06-21 00:00:00+00:00, run_after=2026-06-22 00:00:00+00:00
[2026-06-21T20:39:53.336-0500] {processor.py:183} INFO - Processing /Users/naga/Desktop/airflow_env/lib/python3.12/site-packages/airflow/example_dags/example_short_circuit_decorator.py took 0.139 seconds
[2026-06-21T20:41:27.702-0500] {processor.py:161} INFO - Started process (PID=63017) to work on /Users/naga/Desktop/airflow_env/lib/python3.12/site-packages/airflow/example_dags/example_short_circuit_decorator.py
[2026-06-21T20:41:27.704-0500] {processor.py:830} INFO - Processing file /Users/naga/Desktop/airflow_env/lib/python3.12/site-packages/airflow/example_dags/example_short_circuit_decorator.py for tasks to queue
[2026-06-21T20:41:27.704-0500] {logging_mixin.py:188} INFO - [2026-06-21T20:41:27.704-0500] {dagbag.py:545} INFO - Filling up the DagBag from /Users/naga/Desktop/airflow_env/lib/python3.12/site-packages/airflow/example_dags/example_short_circuit_decorator.py
[2026-06-21T20:41:27.738-0500] {processor.py:840} INFO - DAG(s) 'example_short_circuit_decorator' retrieved from /Users/naga/Desktop/airflow_env/lib/python3.12/site-packages/airflow/example_dags/example_short_circuit_decorator.py
[2026-06-21T20:41:27.813-0500] {logging_mixin.py:188} INFO - [2026-06-21T20:41:27.812-0500] {dag.py:3089} INFO - Sync 1 DAGs
[2026-06-21T20:41:27.825-0500] {logging_mixin.py:188} INFO - [2026-06-21T20:41:27.824-0500] {dag.py:3947} INFO - Setting next_dagrun for example_short_circuit_decorator to 2026-06-21 00:00:00+00:00, run_after=2026-06-22 00:00:00+00:00
[2026-06-21T20:41:27.838-0500] {processor.py:183} INFO - Processing /Users/naga/Desktop/airflow_env/lib/python3.12/site-packages/airflow/example_dags/example_short_circuit_decorator.py took 0.138 seconds
[2026-06-21T20:42:58.068-0500] {processor.py:161} INFO - Started process (PID=63092) to work on /Users/naga/Desktop/airflow_env/lib/python3.12/site-packages/airflow/example_dags/example_short_circuit_decorator.py
[2026-06-21T20:42:58.069-0500] {processor.py:830} INFO - Processing file /Users/naga/Desktop/airflow_env/lib/python3.12/site-packages/airflow/example_dags/example_short_circuit_decorator.py for tasks to queue
[2026-06-21T20:42:58.070-0500] {logging_mixin.py:188} INFO - [2026-06-21T20:42:58.069-0500] {dagbag.py:545} INFO - Filling up the DagBag from /Users/naga/Desktop/airflow_env/lib/python3.12/site-packages/airflow/example_dags/example_short_circuit_decorator.py
[2026-06-21T20:42:58.104-0500] {processor.py:840} INFO - DAG(s) 'example_short_circuit_decorator' retrieved from /Users/naga/Desktop/airflow_env/lib/python3.12/site-packages/airflow/example_dags/example_short_circuit_decorator.py
[2026-06-21T20:42:58.179-0500] {logging_mixin.py:188} INFO - [2026-06-21T20:42:58.179-0500] {dag.py:3089} INFO - Sync 1 DAGs
[2026-06-21T20:42:58.192-0500] {logging_mixin.py:188} INFO - [2026-06-21T20:42:58.192-0500] {dag.py:3947} INFO - Setting next_dagrun for example_short_circuit_decorator to 2026-06-21 00:00:00+00:00, run_after=2026-06-22 00:00:00+00:00
[2026-06-21T20:42:58.205-0500] {processor.py:183} INFO - Processing /Users/naga/Desktop/airflow_env/lib/python3.12/site-packages/airflow/example_dags/example_short_circuit_decorator.py took 0.139 seconds
[2026-06-21T20:44:23.153-0500] {processor.py:161} INFO - Started process (PID=63188) to work on /Users/naga/Desktop/airflow_env/lib/python3.12/site-packages/airflow/example_dags/example_short_circuit_decorator.py
[2026-06-21T20:44:23.154-0500] {processor.py:830} INFO - Processing file /Users/naga/Desktop/airflow_env/lib/python3.12/site-packages/airflow/example_dags/example_short_circuit_decorator.py for tasks to queue
[2026-06-21T20:44:23.155-0500] {logging_mixin.py:188} INFO - [2026-06-21T20:44:23.155-0500] {dagbag.py:545} INFO - Filling up the DagBag from /Users/naga/Desktop/airflow_env/lib/python3.12/site-packages/airflow/example_dags/example_short_circuit_decorator.py
[2026-06-21T20:44:23.189-0500] {processor.py:840} INFO - DAG(s) 'example_short_circuit_decorator' retrieved from /Users/naga/Desktop/airflow_env/lib/python3.12/site-packages/airflow/example_dags/example_short_circuit_decorator.py
[2026-06-21T20:44:23.263-0500] {logging_mixin.py:188} INFO - [2026-06-21T20:44:23.262-0500] {dag.py:3089} INFO - Sync 1 DAGs
[2026-06-21T20:44:23.275-0500] {logging_mixin.py:188} INFO - [2026-06-21T20:44:23.275-0500] {dag.py:3947} INFO - Setting next_dagrun for example_short_circuit_decorator to 2026-06-21 00:00:00+00:00, run_after=2026-06-22 00:00:00+00:00
[2026-06-21T20:44:23.288-0500] {processor.py:183} INFO - Processing /Users/naga/Desktop/airflow_env/lib/python3.12/site-packages/airflow/example_dags/example_short_circuit_decorator.py took 0.137 seconds
[2026-06-21T20:45:49.814-0500] {processor.py:161} INFO - Started process (PID=63270) to work on /Users/naga/Desktop/airflow_env/lib/python3.12/site-packages/airflow/example_dags/example_short_circuit_decorator.py
[2026-06-21T20:45:49.816-0500] {processor.py:830} INFO - Processing file /Users/naga/Desktop/airflow_env/lib/python3.12/site-packages/airflow/example_dags/example_short_circuit_decorator.py for tasks to queue
[2026-06-21T20:45:49.816-0500] {logging_mixin.py:188} INFO - [2026-06-21T20:45:49.816-0500] {dagbag.py:545} INFO - Filling up the DagBag from /Users/naga/Desktop/airflow_env/lib/python3.12/site-packages/airflow/example_dags/example_short_circuit_decorator.py
[2026-06-21T20:45:49.850-0500] {processor.py:840} INFO - DAG(s) 'example_short_circuit_decorator' retrieved from /Users/naga/Desktop/airflow_env/lib/python3.12/site-packages/airflow/example_dags/example_short_circuit_decorator.py
[2026-06-21T20:45:49.925-0500] {logging_mixin.py:188} INFO - [2026-06-21T20:45:49.924-0500] {dag.py:3089} INFO - Sync 1 DAGs
[2026-06-21T20:45:49.937-0500] {logging_mixin.py:188} INFO - [2026-06-21T20:45:49.936-0500] {dag.py:3947} INFO - Setting next_dagrun for example_short_circuit_decorator to 2026-06-21 00:00:00+00:00, run_after=2026-06-22 00:00:00+00:00
[2026-06-21T20:45:49.950-0500] {processor.py:183} INFO - Processing /Users/naga/Desktop/airflow_env/lib/python3.12/site-packages/airflow/example_dags/example_short_circuit_decorator.py took 0.137 seconds
[2026-06-21T20:47:15.138-0500] {processor.py:161} INFO - Started process (PID=63351) to work on /Users/naga/Desktop/airflow_env/lib/python3.12/site-packages/airflow/example_dags/example_short_circuit_decorator.py
[2026-06-21T20:47:15.140-0500] {processor.py:830} INFO - Processing file /Users/naga/Desktop/airflow_env/lib/python3.12/site-packages/airflow/example_dags/example_short_circuit_decorator.py for tasks to queue
[2026-06-21T20:47:15.140-0500] {logging_mixin.py:188} INFO - [2026-06-21T20:47:15.140-0500] {dagbag.py:545} INFO - Filling up the DagBag from /Users/naga/Desktop/airflow_env/lib/python3.12/site-packages/airflow/example_dags/example_short_circuit_decorator.py
[2026-06-21T20:47:15.174-0500] {processor.py:840} INFO - DAG(s) 'example_short_circuit_decorator' retrieved from /Users/naga/Desktop/airflow_env/lib/python3.12/site-packages/airflow/example_dags/example_short_circuit_decorator.py
[2026-06-21T20:47:15.249-0500] {logging_mixin.py:188} INFO - [2026-06-21T20:47:15.249-0500] {dag.py:3089} INFO - Sync 1 DAGs
[2026-06-21T20:47:15.262-0500] {logging_mixin.py:188} INFO - [2026-06-21T20:47:15.261-0500] {dag.py:3947} INFO - Setting next_dagrun for example_short_circuit_decorator to 2026-06-21 00:00:00+00:00, run_after=2026-06-22 00:00:00+00:00
[2026-06-21T20:47:15.275-0500] {processor.py:183} INFO - Processing /Users/naga/Desktop/airflow_env/lib/python3.12/site-packages/airflow/example_dags/example_short_circuit_decorator.py took 0.139 seconds
[2026-06-21T20:48:38.641-0500] {processor.py:161} INFO - Started process (PID=63399) to work on /Users/naga/Desktop/airflow_env/lib/python3.12/site-packages/airflow/example_dags/example_short_circuit_decorator.py
[2026-06-21T20:48:38.642-0500] {processor.py:830} INFO - Processing file /Users/naga/Desktop/airflow_env/lib/python3.12/site-packages/airflow/example_dags/example_short_circuit_decorator.py for tasks to queue
[2026-06-21T20:48:38.643-0500] {logging_mixin.py:188} INFO - [2026-06-21T20:48:38.642-0500] {dagbag.py:545} INFO - Filling up the DagBag from /Users/naga/Desktop/airflow_env/lib/python3.12/site-packages/airflow/example_dags/example_short_circuit_decorator.py
[2026-06-21T20:48:38.676-0500] {processor.py:840} INFO - DAG(s) 'example_short_circuit_decorator' retrieved from /Users/naga/Desktop/airflow_env/lib/python3.12/site-packages/airflow/example_dags/example_short_circuit_decorator.py
[2026-06-21T20:48:38.751-0500] {logging_mixin.py:188} INFO - [2026-06-21T20:48:38.751-0500] {dag.py:3089} INFO - Sync 1 DAGs
[2026-06-21T20:48:38.763-0500] {logging_mixin.py:188} INFO - [2026-06-21T20:48:38.763-0500] {dag.py:3947} INFO - Setting next_dagrun for example_short_circuit_decorator to 2026-06-21 00:00:00+00:00, run_after=2026-06-22 00:00:00+00:00
[2026-06-21T20:48:38.777-0500] {processor.py:183} INFO - Processing /Users/naga/Desktop/airflow_env/lib/python3.12/site-packages/airflow/example_dags/example_short_circuit_decorator.py took 0.138 seconds
[2026-06-21T20:50:03.845-0500] {processor.py:161} INFO - Started process (PID=63467) to work on /Users/naga/Desktop/airflow_env/lib/python3.12/site-packages/airflow/example_dags/example_short_circuit_decorator.py
[2026-06-21T20:50:03.847-0500] {processor.py:830} INFO - Processing file /Users/naga/Desktop/airflow_env/lib/python3.12/site-packages/airflow/example_dags/example_short_circuit_decorator.py for tasks to queue
[2026-06-21T20:50:03.847-0500] {logging_mixin.py:188} INFO - [2026-06-21T20:50:03.847-0500] {dagbag.py:545} INFO - Filling up the DagBag from /Users/naga/Desktop/airflow_env/lib/python3.12/site-packages/airflow/example_dags/example_short_circuit_decorator.py
[2026-06-21T20:50:03.881-0500] {processor.py:840} INFO - DAG(s) 'example_short_circuit_decorator' retrieved from /Users/naga/Desktop/airflow_env/lib/python3.12/site-packages/airflow/example_dags/example_short_circuit_decorator.py
[2026-06-21T20:50:03.957-0500] {logging_mixin.py:188} INFO - [2026-06-21T20:50:03.957-0500] {dag.py:3089} INFO - Sync 1 DAGs
[2026-06-21T20:50:03.970-0500] {logging_mixin.py:188} INFO - [2026-06-21T20:50:03.970-0500] {dag.py:3947} INFO - Setting next_dagrun for example_short_circuit_decorator to 2026-06-21 00:00:00+00:00, run_after=2026-06-22 00:00:00+00:00
[2026-06-21T20:50:03.983-0500] {processor.py:183} INFO - Processing /Users/naga/Desktop/airflow_env/lib/python3.12/site-packages/airflow/example_dags/example_short_circuit_decorator.py took 0.140 seconds
[2026-06-21T20:51:32.365-0500] {processor.py:161} INFO - Started process (PID=63541) to work on /Users/naga/Desktop/airflow_env/lib/python3.12/site-packages/airflow/example_dags/example_short_circuit_decorator.py
[2026-06-21T20:51:32.366-0500] {processor.py:830} INFO - Processing file /Users/naga/Desktop/airflow_env/lib/python3.12/site-packages/airflow/example_dags/example_short_circuit_decorator.py for tasks to queue
[2026-06-21T20:51:32.367-0500] {logging_mixin.py:188} INFO - [2026-06-21T20:51:32.367-0500] {dagbag.py:545} INFO - Filling up the DagBag from /Users/naga/Desktop/airflow_env/lib/python3.12/site-packages/airflow/example_dags/example_short_circuit_decorator.py
[2026-06-21T20:51:32.401-0500] {processor.py:840} INFO - DAG(s) 'example_short_circuit_decorator' retrieved from /Users/naga/Desktop/airflow_env/lib/python3.12/site-packages/airflow/example_dags/example_short_circuit_decorator.py
[2026-06-21T20:51:32.475-0500] {logging_mixin.py:188} INFO - [2026-06-21T20:51:32.475-0500] {dag.py:3089} INFO - Sync 1 DAGs
[2026-06-21T20:51:32.487-0500] {logging_mixin.py:188} INFO - [2026-06-21T20:51:32.487-0500] {dag.py:3947} INFO - Setting next_dagrun for example_short_circuit_decorator to 2026-06-21 00:00:00+00:00, run_after=2026-06-22 00:00:00+00:00
[2026-06-21T20:51:32.500-0500] {processor.py:183} INFO - Processing /Users/naga/Desktop/airflow_env/lib/python3.12/site-packages/airflow/example_dags/example_short_circuit_decorator.py took 0.137 seconds
[2026-06-21T20:53:01.243-0500] {processor.py:161} INFO - Started process (PID=63614) to work on /Users/naga/Desktop/airflow_env/lib/python3.12/site-packages/airflow/example_dags/example_short_circuit_decorator.py
[2026-06-21T20:53:01.245-0500] {processor.py:830} INFO - Processing file /Users/naga/Desktop/airflow_env/lib/python3.12/site-packages/airflow/example_dags/example_short_circuit_decorator.py for tasks to queue
[2026-06-21T20:53:01.245-0500] {logging_mixin.py:188} INFO - [2026-06-21T20:53:01.245-0500] {dagbag.py:545} INFO - Filling up the DagBag from /Users/naga/Desktop/airflow_env/lib/python3.12/site-packages/airflow/example_dags/example_short_circuit_decorator.py
[2026-06-21T20:53:01.279-0500] {processor.py:840} INFO - DAG(s) 'example_short_circuit_decorator' retrieved from /Users/naga/Desktop/airflow_env/lib/python3.12/site-packages/airflow/example_dags/example_short_circuit_decorator.py
[2026-06-21T20:53:01.355-0500] {logging_mixin.py:188} INFO - [2026-06-21T20:53:01.354-0500] {dag.py:3089} INFO - Sync 1 DAGs
[2026-06-21T20:53:01.367-0500] {logging_mixin.py:188} INFO - [2026-06-21T20:53:01.366-0500] {dag.py:3947} INFO - Setting next_dagrun for example_short_circuit_decorator to 2026-06-21 00:00:00+00:00, run_after=2026-06-22 00:00:00+00:00
[2026-06-21T20:53:01.380-0500] {processor.py:183} INFO - Processing /Users/naga/Desktop/airflow_env/lib/python3.12/site-packages/airflow/example_dags/example_short_circuit_decorator.py took 0.139 seconds
[2026-06-21T20:54:33.599-0500] {processor.py:161} INFO - Started process (PID=63770) to work on /Users/naga/Desktop/airflow_env/lib/python3.12/site-packages/airflow/example_dags/example_short_circuit_decorator.py
[2026-06-21T20:54:33.601-0500] {processor.py:830} INFO - Processing file /Users/naga/Desktop/airflow_env/lib/python3.12/site-packages/airflow/example_dags/example_short_circuit_decorator.py for tasks to queue
[2026-06-21T20:54:33.601-0500] {logging_mixin.py:188} INFO - [2026-06-21T20:54:33.601-0500] {dagbag.py:545} INFO - Filling up the DagBag from /Users/naga/Desktop/airflow_env/lib/python3.12/site-packages/airflow/example_dags/example_short_circuit_decorator.py
[2026-06-21T20:54:33.639-0500] {processor.py:840} INFO - DAG(s) 'example_short_circuit_decorator' retrieved from /Users/naga/Desktop/airflow_env/lib/python3.12/site-packages/airflow/example_dags/example_short_circuit_decorator.py
[2026-06-21T20:54:33.715-0500] {logging_mixin.py:188} INFO - [2026-06-21T20:54:33.714-0500] {dag.py:3089} INFO - Sync 1 DAGs
[2026-06-21T20:54:33.727-0500] {logging_mixin.py:188} INFO - [2026-06-21T20:54:33.727-0500] {dag.py:3947} INFO - Setting next_dagrun for example_short_circuit_decorator to 2026-06-21 00:00:00+00:00, run_after=2026-06-22 00:00:00+00:00
[2026-06-21T20:54:33.740-0500] {processor.py:183} INFO - Processing /Users/naga/Desktop/airflow_env/lib/python3.12/site-packages/airflow/example_dags/example_short_circuit_decorator.py took 0.143 seconds
[2026-06-21T20:56:01.487-0500] {processor.py:161} INFO - Started process (PID=63846) to work on /Users/naga/Desktop/airflow_env/lib/python3.12/site-packages/airflow/example_dags/example_short_circuit_decorator.py
[2026-06-21T20:56:01.488-0500] {processor.py:830} INFO - Processing file /Users/naga/Desktop/airflow_env/lib/python3.12/site-packages/airflow/example_dags/example_short_circuit_decorator.py for tasks to queue
[2026-06-21T20:56:01.489-0500] {logging_mixin.py:188} INFO - [2026-06-21T20:56:01.489-0500] {dagbag.py:545} INFO - Filling up the DagBag from /Users/naga/Desktop/airflow_env/lib/python3.12/site-packages/airflow/example_dags/example_short_circuit_decorator.py
[2026-06-21T20:56:01.524-0500] {processor.py:840} INFO - DAG(s) 'example_short_circuit_decorator' retrieved from /Users/naga/Desktop/airflow_env/lib/python3.12/site-packages/airflow/example_dags/example_short_circuit_decorator.py
[2026-06-21T20:56:01.599-0500] {logging_mixin.py:188} INFO - [2026-06-21T20:56:01.599-0500] {dag.py:3089} INFO - Sync 1 DAGs
[2026-06-21T20:56:01.611-0500] {logging_mixin.py:188} INFO - [2026-06-21T20:56:01.611-0500] {dag.py:3947} INFO - Setting next_dagrun for example_short_circuit_decorator to 2026-06-21 00:00:00+00:00, run_after=2026-06-22 00:00:00+00:00
[2026-06-21T20:56:01.624-0500] {processor.py:183} INFO - Processing /Users/naga/Desktop/airflow_env/lib/python3.12/site-packages/airflow/example_dags/example_short_circuit_decorator.py took 0.139 seconds
[2026-06-21T20:57:27.478-0500] {processor.py:161} INFO - Started process (PID=63936) to work on /Users/naga/Desktop/airflow_env/lib/python3.12/site-packages/airflow/example_dags/example_short_circuit_decorator.py
[2026-06-21T20:57:27.480-0500] {processor.py:830} INFO - Processing file /Users/naga/Desktop/airflow_env/lib/python3.12/site-packages/airflow/example_dags/example_short_circuit_decorator.py for tasks to queue
[2026-06-21T20:57:27.480-0500] {logging_mixin.py:188} INFO - [2026-06-21T20:57:27.480-0500] {dagbag.py:545} INFO - Filling up the DagBag from /Users/naga/Desktop/airflow_env/lib/python3.12/site-packages/airflow/example_dags/example_short_circuit_decorator.py
[2026-06-21T20:57:27.514-0500] {processor.py:840} INFO - DAG(s) 'example_short_circuit_decorator' retrieved from /Users/naga/Desktop/airflow_env/lib/python3.12/site-packages/airflow/example_dags/example_short_circuit_decorator.py
[2026-06-21T20:57:27.590-0500] {logging_mixin.py:188} INFO - [2026-06-21T20:57:27.590-0500] {dag.py:3089} INFO - Sync 1 DAGs
[2026-06-21T20:57:27.602-0500] {logging_mixin.py:188} INFO - [2026-06-21T20:57:27.602-0500] {dag.py:3947} INFO - Setting next_dagrun for example_short_circuit_decorator to 2026-06-21 00:00:00+00:00, run_after=2026-06-22 00:00:00+00:00
[2026-06-21T20:57:27.616-0500] {processor.py:183} INFO - Processing /Users/naga/Desktop/airflow_env/lib/python3.12/site-packages/airflow/example_dags/example_short_circuit_decorator.py took 0.140 seconds
[2026-06-21T20:58:55.784-0500] {processor.py:161} INFO - Started process (PID=64022) to work on /Users/naga/Desktop/airflow_env/lib/python3.12/site-packages/airflow/example_dags/example_short_circuit_decorator.py
[2026-06-21T20:58:55.786-0500] {processor.py:830} INFO - Processing file /Users/naga/Desktop/airflow_env/lib/python3.12/site-packages/airflow/example_dags/example_short_circuit_decorator.py for tasks to queue
[2026-06-21T20:58:55.786-0500] {logging_mixin.py:188} INFO - [2026-06-21T20:58:55.786-0500] {dagbag.py:545} INFO - Filling up the DagBag from /Users/naga/Desktop/airflow_env/lib/python3.12/site-packages/airflow/example_dags/example_short_circuit_decorator.py
[2026-06-21T20:58:55.820-0500] {processor.py:840} INFO - DAG(s) 'example_short_circuit_decorator' retrieved from /Users/naga/Desktop/airflow_env/lib/python3.12/site-packages/airflow/example_dags/example_short_circuit_decorator.py
[2026-06-21T20:58:55.895-0500] {logging_mixin.py:188} INFO - [2026-06-21T20:58:55.895-0500] {dag.py:3089} INFO - Sync 1 DAGs
[2026-06-21T20:58:55.907-0500] {logging_mixin.py:188} INFO - [2026-06-21T20:58:55.907-0500] {dag.py:3947} INFO - Setting next_dagrun for example_short_circuit_decorator to 2026-06-21 00:00:00+00:00, run_after=2026-06-22 00:00:00+00:00
[2026-06-21T20:58:55.921-0500] {processor.py:183} INFO - Processing /Users/naga/Desktop/airflow_env/lib/python3.12/site-packages/airflow/example_dags/example_short_circuit_decorator.py took 0.139 seconds
[2026-06-21T21:42:36.633-0500] {processor.py:161} INFO - Started process (PID=64228) to work on /Users/naga/Desktop/airflow_env/lib/python3.12/site-packages/airflow/example_dags/example_short_circuit_decorator.py
[2026-06-21T21:42:36.634-0500] {processor.py:830} INFO - Processing file /Users/naga/Desktop/airflow_env/lib/python3.12/site-packages/airflow/example_dags/example_short_circuit_decorator.py for tasks to queue
[2026-06-21T21:42:36.635-0500] {logging_mixin.py:188} INFO - [2026-06-21T21:42:36.635-0500] {dagbag.py:545} INFO - Filling up the DagBag from /Users/naga/Desktop/airflow_env/lib/python3.12/site-packages/airflow/example_dags/example_short_circuit_decorator.py
[2026-06-21T21:42:36.671-0500] {processor.py:840} INFO - DAG(s) 'example_short_circuit_decorator' retrieved from /Users/naga/Desktop/airflow_env/lib/python3.12/site-packages/airflow/example_dags/example_short_circuit_decorator.py
[2026-06-21T21:42:36.747-0500] {logging_mixin.py:188} INFO - [2026-06-21T21:42:36.747-0500] {dag.py:3089} INFO - Sync 1 DAGs
[2026-06-21T21:42:36.759-0500] {logging_mixin.py:188} INFO - [2026-06-21T21:42:36.759-0500] {dag.py:3947} INFO - Setting next_dagrun for example_short_circuit_decorator to 2026-06-21 00:00:00+00:00, run_after=2026-06-22 00:00:00+00:00
[2026-06-21T21:42:36.774-0500] {processor.py:183} INFO - Processing /Users/naga/Desktop/airflow_env/lib/python3.12/site-packages/airflow/example_dags/example_short_circuit_decorator.py took 0.144 seconds
[2026-06-21T21:44:22.344-0500] {processor.py:161} INFO - Started process (PID=64318) to work on /Users/naga/Desktop/airflow_env/lib/python3.12/site-packages/airflow/example_dags/example_short_circuit_decorator.py
[2026-06-21T21:44:22.345-0500] {processor.py:830} INFO - Processing file /Users/naga/Desktop/airflow_env/lib/python3.12/site-packages/airflow/example_dags/example_short_circuit_decorator.py for tasks to queue
[2026-06-21T21:44:22.346-0500] {logging_mixin.py:188} INFO - [2026-06-21T21:44:22.346-0500] {dagbag.py:545} INFO - Filling up the DagBag from /Users/naga/Desktop/airflow_env/lib/python3.12/site-packages/airflow/example_dags/example_short_circuit_decorator.py
[2026-06-21T21:44:22.381-0500] {processor.py:840} INFO - DAG(s) 'example_short_circuit_decorator' retrieved from /Users/naga/Desktop/airflow_env/lib/python3.12/site-packages/airflow/example_dags/example_short_circuit_decorator.py
[2026-06-21T21:44:22.455-0500] {logging_mixin.py:188} INFO - [2026-06-21T21:44:22.455-0500] {dag.py:3089} INFO - Sync 1 DAGs
[2026-06-21T21:44:22.467-0500] {logging_mixin.py:188} INFO - [2026-06-21T21:44:22.467-0500] {dag.py:3947} INFO - Setting next_dagrun for example_short_circuit_decorator to 2026-06-21 00:00:00+00:00, run_after=2026-06-22 00:00:00+00:00
[2026-06-21T21:44:22.480-0500] {processor.py:183} INFO - Processing /Users/naga/Desktop/airflow_env/lib/python3.12/site-packages/airflow/example_dags/example_short_circuit_decorator.py took 0.138 seconds
[2026-06-21T21:45:51.049-0500] {processor.py:161} INFO - Started process (PID=64436) to work on /Users/naga/Desktop/airflow_env/lib/python3.12/site-packages/airflow/example_dags/example_short_circuit_decorator.py
[2026-06-21T21:45:51.051-0500] {processor.py:830} INFO - Processing file /Users/naga/Desktop/airflow_env/lib/python3.12/site-packages/airflow/example_dags/example_short_circuit_decorator.py for tasks to queue
[2026-06-21T21:45:51.051-0500] {logging_mixin.py:188} INFO - [2026-06-21T21:45:51.051-0500] {dagbag.py:545} INFO - Filling up the DagBag from /Users/naga/Desktop/airflow_env/lib/python3.12/site-packages/airflow/example_dags/example_short_circuit_decorator.py
[2026-06-21T21:45:51.086-0500] {processor.py:840} INFO - DAG(s) 'example_short_circuit_decorator' retrieved from /Users/naga/Desktop/airflow_env/lib/python3.12/site-packages/airflow/example_dags/example_short_circuit_decorator.py
[2026-06-21T21:45:51.161-0500] {logging_mixin.py:188} INFO - [2026-06-21T21:45:51.161-0500] {dag.py:3089} INFO - Sync 1 DAGs
[2026-06-21T21:45:51.174-0500] {logging_mixin.py:188} INFO - [2026-06-21T21:45:51.173-0500] {dag.py:3947} INFO - Setting next_dagrun for example_short_circuit_decorator to 2026-06-21 00:00:00+00:00, run_after=2026-06-22 00:00:00+00:00
[2026-06-21T21:45:51.188-0500] {processor.py:183} INFO - Processing /Users/naga/Desktop/airflow_env/lib/python3.12/site-packages/airflow/example_dags/example_short_circuit_decorator.py took 0.141 seconds
[2026-06-21T21:48:02.261-0500] {processor.py:161} INFO - Started process (PID=64678) to work on /Users/naga/Desktop/airflow_env/lib/python3.12/site-packages/airflow/example_dags/example_short_circuit_decorator.py
[2026-06-21T21:48:02.262-0500] {processor.py:830} INFO - Processing file /Users/naga/Desktop/airflow_env/lib/python3.12/site-packages/airflow/example_dags/example_short_circuit_decorator.py for tasks to queue
[2026-06-21T21:48:02.262-0500] {logging_mixin.py:188} INFO - [2026-06-21T21:48:02.262-0500] {dagbag.py:545} INFO - Filling up the DagBag from /Users/naga/Desktop/airflow_env/lib/python3.12/site-packages/airflow/example_dags/example_short_circuit_decorator.py
[2026-06-21T21:48:02.298-0500] {processor.py:840} INFO - DAG(s) 'example_short_circuit_decorator' retrieved from /Users/naga/Desktop/airflow_env/lib/python3.12/site-packages/airflow/example_dags/example_short_circuit_decorator.py
[2026-06-21T21:48:02.373-0500] {logging_mixin.py:188} INFO - [2026-06-21T21:48:02.372-0500] {dag.py:3089} INFO - Sync 1 DAGs
[2026-06-21T21:48:02.385-0500] {logging_mixin.py:188} INFO - [2026-06-21T21:48:02.385-0500] {dag.py:3947} INFO - Setting next_dagrun for example_short_circuit_decorator to 2026-06-21 00:00:00+00:00, run_after=2026-06-22 00:00:00+00:00
[2026-06-21T21:48:02.400-0500] {processor.py:183} INFO - Processing /Users/naga/Desktop/airflow_env/lib/python3.12/site-packages/airflow/example_dags/example_short_circuit_decorator.py took 0.142 seconds
[2026-06-21T21:49:35.507-0500] {processor.py:161} INFO - Started process (PID=64760) to work on /Users/naga/Desktop/airflow_env/lib/python3.12/site-packages/airflow/example_dags/example_short_circuit_decorator.py
[2026-06-21T21:49:35.508-0500] {processor.py:830} INFO - Processing file /Users/naga/Desktop/airflow_env/lib/python3.12/site-packages/airflow/example_dags/example_short_circuit_decorator.py for tasks to queue
[2026-06-21T21:49:35.509-0500] {logging_mixin.py:188} INFO - [2026-06-21T21:49:35.508-0500] {dagbag.py:545} INFO - Filling up the DagBag from /Users/naga/Desktop/airflow_env/lib/python3.12/site-packages/airflow/example_dags/example_short_circuit_decorator.py
[2026-06-21T21:49:35.543-0500] {processor.py:840} INFO - DAG(s) 'example_short_circuit_decorator' retrieved from /Users/naga/Desktop/airflow_env/lib/python3.12/site-packages/airflow/example_dags/example_short_circuit_decorator.py
[2026-06-21T21:49:35.617-0500] {logging_mixin.py:188} INFO - [2026-06-21T21:49:35.617-0500] {dag.py:3089} INFO - Sync 1 DAGs
[2026-06-21T21:49:35.629-0500] {logging_mixin.py:188} INFO - [2026-06-21T21:49:35.629-0500] {dag.py:3947} INFO - Setting next_dagrun for example_short_circuit_decorator to 2026-06-21 00:00:00+00:00, run_after=2026-06-22 00:00:00+00:00
[2026-06-21T21:49:35.643-0500] {processor.py:183} INFO - Processing /Users/naga/Desktop/airflow_env/lib/python3.12/site-packages/airflow/example_dags/example_short_circuit_decorator.py took 0.138 seconds
[2026-06-21T21:51:36.491-0500] {processor.py:161} INFO - Started process (PID=64856) to work on /Users/naga/Desktop/airflow_env/lib/python3.12/site-packages/airflow/example_dags/example_short_circuit_decorator.py
[2026-06-21T21:51:36.492-0500] {processor.py:830} INFO - Processing file /Users/naga/Desktop/airflow_env/lib/python3.12/site-packages/airflow/example_dags/example_short_circuit_decorator.py for tasks to queue
[2026-06-21T21:51:36.493-0500] {logging_mixin.py:188} INFO - [2026-06-21T21:51:36.493-0500] {dagbag.py:545} INFO - Filling up the DagBag from /Users/naga/Desktop/airflow_env/lib/python3.12/site-packages/airflow/example_dags/example_short_circuit_decorator.py
[2026-06-21T21:51:36.528-0500] {processor.py:840} INFO - DAG(s) 'example_short_circuit_decorator' retrieved from /Users/naga/Desktop/airflow_env/lib/python3.12/site-packages/airflow/example_dags/example_short_circuit_decorator.py
[2026-06-21T21:51:36.601-0500] {logging_mixin.py:188} INFO - [2026-06-21T21:51:36.601-0500] {dag.py:3089} INFO - Sync 1 DAGs
[2026-06-21T21:51:36.613-0500] {logging_mixin.py:188} INFO - [2026-06-21T21:51:36.613-0500] {dag.py:3947} INFO - Setting next_dagrun for example_short_circuit_decorator to 2026-06-21 00:00:00+00:00, run_after=2026-06-22 00:00:00+00:00
[2026-06-21T21:51:36.627-0500] {processor.py:183} INFO - Processing /Users/naga/Desktop/airflow_env/lib/python3.12/site-packages/airflow/example_dags/example_short_circuit_decorator.py took 0.139 seconds
[2026-06-21T21:53:47.591-0500] {processor.py:161} INFO - Started process (PID=64979) to work on /Users/naga/Desktop/airflow_env/lib/python3.12/site-packages/airflow/example_dags/example_short_circuit_decorator.py
[2026-06-21T21:53:47.592-0500] {processor.py:830} INFO - Processing file /Users/naga/Desktop/airflow_env/lib/python3.12/site-packages/airflow/example_dags/example_short_circuit_decorator.py for tasks to queue
[2026-06-21T21:53:47.593-0500] {logging_mixin.py:188} INFO - [2026-06-21T21:53:47.592-0500] {dagbag.py:545} INFO - Filling up the DagBag from /Users/naga/Desktop/airflow_env/lib/python3.12/site-packages/airflow/example_dags/example_short_circuit_decorator.py
[2026-06-21T21:53:47.628-0500] {processor.py:840} INFO - DAG(s) 'example_short_circuit_decorator' retrieved from /Users/naga/Desktop/airflow_env/lib/python3.12/site-packages/airflow/example_dags/example_short_circuit_decorator.py
[2026-06-21T21:53:47.703-0500] {logging_mixin.py:188} INFO - [2026-06-21T21:53:47.703-0500] {dag.py:3089} INFO - Sync 1 DAGs
[2026-06-21T21:53:47.715-0500] {logging_mixin.py:188} INFO - [2026-06-21T21:53:47.715-0500] {dag.py:3947} INFO - Setting next_dagrun for example_short_circuit_decorator to 2026-06-21 00:00:00+00:00, run_after=2026-06-22 00:00:00+00:00
[2026-06-21T21:53:47.729-0500] {processor.py:183} INFO - Processing /Users/naga/Desktop/airflow_env/lib/python3.12/site-packages/airflow/example_dags/example_short_circuit_decorator.py took 0.141 seconds
[2026-06-21T21:55:40.214-0500] {processor.py:161} INFO - Started process (PID=65351) to work on /Users/naga/Desktop/airflow_env/lib/python3.12/site-packages/airflow/example_dags/example_short_circuit_decorator.py
[2026-06-21T21:55:40.215-0500] {processor.py:830} INFO - Processing file /Users/naga/Desktop/airflow_env/lib/python3.12/site-packages/airflow/example_dags/example_short_circuit_decorator.py for tasks to queue
[2026-06-21T21:55:40.216-0500] {logging_mixin.py:188} INFO - [2026-06-21T21:55:40.216-0500] {dagbag.py:545} INFO - Filling up the DagBag from /Users/naga/Desktop/airflow_env/lib/python3.12/site-packages/airflow/example_dags/example_short_circuit_decorator.py
[2026-06-21T21:55:40.251-0500] {processor.py:840} INFO - DAG(s) 'example_short_circuit_decorator' retrieved from /Users/naga/Desktop/airflow_env/lib/python3.12/site-packages/airflow/example_dags/example_short_circuit_decorator.py
[2026-06-21T21:55:40.326-0500] {logging_mixin.py:188} INFO - [2026-06-21T21:55:40.326-0500] {dag.py:3089} INFO - Sync 1 DAGs
[2026-06-21T21:55:40.339-0500] {logging_mixin.py:188} INFO - [2026-06-21T21:55:40.339-0500] {dag.py:3947} INFO - Setting next_dagrun for example_short_circuit_decorator to 2026-06-21 00:00:00+00:00, run_after=2026-06-22 00:00:00+00:00
[2026-06-21T21:55:40.354-0500] {processor.py:183} INFO - Processing /Users/naga/Desktop/airflow_env/lib/python3.12/site-packages/airflow/example_dags/example_short_circuit_decorator.py took 0.142 seconds
[2026-06-21T21:57:12.386-0500] {processor.py:161} INFO - Started process (PID=65508) to work on /Users/naga/Desktop/airflow_env/lib/python3.12/site-packages/airflow/example_dags/example_short_circuit_decorator.py
[2026-06-21T21:57:12.387-0500] {processor.py:830} INFO - Processing file /Users/naga/Desktop/airflow_env/lib/python3.12/site-packages/airflow/example_dags/example_short_circuit_decorator.py for tasks to queue
[2026-06-21T21:57:12.388-0500] {logging_mixin.py:188} INFO - [2026-06-21T21:57:12.388-0500] {dagbag.py:545} INFO - Filling up the DagBag from /Users/naga/Desktop/airflow_env/lib/python3.12/site-packages/airflow/example_dags/example_short_circuit_decorator.py
[2026-06-21T21:57:12.422-0500] {processor.py:840} INFO - DAG(s) 'example_short_circuit_decorator' retrieved from /Users/naga/Desktop/airflow_env/lib/python3.12/site-packages/airflow/example_dags/example_short_circuit_decorator.py
[2026-06-21T21:57:12.497-0500] {logging_mixin.py:188} INFO - [2026-06-21T21:57:12.497-0500] {dag.py:3089} INFO - Sync 1 DAGs
[2026-06-21T21:57:12.510-0500] {logging_mixin.py:188} INFO - [2026-06-21T21:57:12.509-0500] {dag.py:3947} INFO - Setting next_dagrun for example_short_circuit_decorator to 2026-06-21 00:00:00+00:00, run_after=2026-06-22 00:00:00+00:00
[2026-06-21T21:57:12.525-0500] {processor.py:183} INFO - Processing /Users/naga/Desktop/airflow_env/lib/python3.12/site-packages/airflow/example_dags/example_short_circuit_decorator.py took 0.141 seconds
