[2026-06-21T19:47:08.231-0500] {processor.py:161} INFO - Started process (PID=61491) to work on /Users/naga/Desktop/airflow_env/lib/python3.12/site-packages/airflow/example_dags/example_time_delta_sensor_async.py
[2026-06-21T19:47:08.234-0500] {processor.py:830} INFO - Processing file /Users/naga/Desktop/airflow_env/lib/python3.12/site-packages/airflow/example_dags/example_time_delta_sensor_async.py for tasks to queue
[2026-06-21T19:47:08.238-0500] {logging_mixin.py:188} INFO - [2026-06-21T19:47:08.237-0500] {dagbag.py:545} INFO - Filling up the DagBag from /Users/naga/Desktop/airflow_env/lib/python3.12/site-packages/airflow/example_dags/example_time_delta_sensor_async.py
[2026-06-21T19:47:08.293-0500] {processor.py:840} INFO - DAG(s) 'example_time_delta_sensor_async' retrieved from /Users/naga/Desktop/airflow_env/lib/python3.12/site-packages/airflow/example_dags/example_time_delta_sensor_async.py
[2026-06-21T19:47:08.934-0500] {logging_mixin.py:188} INFO - [2026-06-21T19:47:08.934-0500] {dag.py:3089} INFO - Sync 1 DAGs
[2026-06-21T19:47:08.942-0500] {logging_mixin.py:188} INFO - [2026-06-21T19:47:08.942-0500] {dag.py:3947} INFO - Setting next_dagrun for example_time_delta_sensor_async to None, run_after=None
[2026-06-21T19:47:08.956-0500] {processor.py:183} INFO - Processing /Users/naga/Desktop/airflow_env/lib/python3.12/site-packages/airflow/example_dags/example_time_delta_sensor_async.py took 0.739 seconds
[2026-06-21T19:48:37.202-0500] {processor.py:161} INFO - Started process (PID=61565) to work on /Users/naga/Desktop/airflow_env/lib/python3.12/site-packages/airflow/example_dags/example_time_delta_sensor_async.py
[2026-06-21T19:48:37.203-0500] {processor.py:830} INFO - Processing file /Users/naga/Desktop/airflow_env/lib/python3.12/site-packages/airflow/example_dags/example_time_delta_sensor_async.py for tasks to queue
[2026-06-21T19:48:37.204-0500] {logging_mixin.py:188} INFO - [2026-06-21T19:48:37.204-0500] {dagbag.py:545} INFO - Filling up the DagBag from /Users/naga/Desktop/airflow_env/lib/python3.12/site-packages/airflow/example_dags/example_time_delta_sensor_async.py
[2026-06-21T19:48:37.210-0500] {processor.py:840} INFO - DAG(s) 'example_time_delta_sensor_async' retrieved from /Users/naga/Desktop/airflow_env/lib/python3.12/site-packages/airflow/example_dags/example_time_delta_sensor_async.py
[2026-06-21T19:48:37.290-0500] {logging_mixin.py:188} INFO - [2026-06-21T19:48:37.290-0500] {dag.py:3089} INFO - Sync 1 DAGs
[2026-06-21T19:48:37.298-0500] {logging_mixin.py:188} INFO - [2026-06-21T19:48:37.298-0500] {dag.py:3947} INFO - Setting next_dagrun for example_time_delta_sensor_async to None, run_after=None
[2026-06-21T19:48:37.312-0500] {processor.py:183} INFO - Processing /Users/naga/Desktop/airflow_env/lib/python3.12/site-packages/airflow/example_dags/example_time_delta_sensor_async.py took 0.112 seconds
[2026-06-21T19:50:15.088-0500] {processor.py:161} INFO - Started process (PID=61751) to work on /Users/naga/Desktop/airflow_env/lib/python3.12/site-packages/airflow/example_dags/example_time_delta_sensor_async.py
[2026-06-21T19:50:15.089-0500] {processor.py:830} INFO - Processing file /Users/naga/Desktop/airflow_env/lib/python3.12/site-packages/airflow/example_dags/example_time_delta_sensor_async.py for tasks to queue
[2026-06-21T19:50:15.090-0500] {logging_mixin.py:188} INFO - [2026-06-21T19:50:15.090-0500] {dagbag.py:545} INFO - Filling up the DagBag from /Users/naga/Desktop/airflow_env/lib/python3.12/site-packages/airflow/example_dags/example_time_delta_sensor_async.py
[2026-06-21T19:50:15.096-0500] {processor.py:840} INFO - DAG(s) 'example_time_delta_sensor_async' retrieved from /Users/naga/Desktop/airflow_env/lib/python3.12/site-packages/airflow/example_dags/example_time_delta_sensor_async.py
[2026-06-21T19:50:15.176-0500] {logging_mixin.py:188} INFO - [2026-06-21T19:50:15.176-0500] {dag.py:3089} INFO - Sync 1 DAGs
[2026-06-21T19:50:15.184-0500] {logging_mixin.py:188} INFO - [2026-06-21T19:50:15.184-0500] {dag.py:3947} INFO - Setting next_dagrun for example_time_delta_sensor_async to None, run_after=None
[2026-06-21T19:50:15.197-0500] {processor.py:183} INFO - Processing /Users/naga/Desktop/airflow_env/lib/python3.12/site-packages/airflow/example_dags/example_time_delta_sensor_async.py took 0.111 seconds
[2026-06-21T19:51:44.304-0500] {processor.py:161} INFO - Started process (PID=61805) to work on /Users/naga/Desktop/airflow_env/lib/python3.12/site-packages/airflow/example_dags/example_time_delta_sensor_async.py
[2026-06-21T19:51:44.306-0500] {processor.py:830} INFO - Processing file /Users/naga/Desktop/airflow_env/lib/python3.12/site-packages/airflow/example_dags/example_time_delta_sensor_async.py for tasks to queue
[2026-06-21T19:51:44.306-0500] {logging_mixin.py:188} INFO - [2026-06-21T19:51:44.306-0500] {dagbag.py:545} INFO - Filling up the DagBag from /Users/naga/Desktop/airflow_env/lib/python3.12/site-packages/airflow/example_dags/example_time_delta_sensor_async.py
[2026-06-21T19:51:44.312-0500] {processor.py:840} INFO - DAG(s) 'example_time_delta_sensor_async' retrieved from /Users/naga/Desktop/airflow_env/lib/python3.12/site-packages/airflow/example_dags/example_time_delta_sensor_async.py
[2026-06-21T19:51:44.391-0500] {logging_mixin.py:188} INFO - [2026-06-21T19:51:44.391-0500] {dag.py:3089} INFO - Sync 1 DAGs
[2026-06-21T19:51:44.399-0500] {logging_mixin.py:188} INFO - [2026-06-21T19:51:44.399-0500] {dag.py:3947} INFO - Setting next_dagrun for example_time_delta_sensor_async to None, run_after=None
[2026-06-21T19:51:44.413-0500] {processor.py:183} INFO - Processing /Users/naga/Desktop/airflow_env/lib/python3.12/site-packages/airflow/example_dags/example_time_delta_sensor_async.py took 0.110 seconds
[2026-06-21T19:53:09.320-0500] {processor.py:161} INFO - Started process (PID=61879) to work on /Users/naga/Desktop/airflow_env/lib/python3.12/site-packages/airflow/example_dags/example_time_delta_sensor_async.py
[2026-06-21T19:53:09.321-0500] {processor.py:830} INFO - Processing file /Users/naga/Desktop/airflow_env/lib/python3.12/site-packages/airflow/example_dags/example_time_delta_sensor_async.py for tasks to queue
[2026-06-21T19:53:09.322-0500] {logging_mixin.py:188} INFO - [2026-06-21T19:53:09.321-0500] {dagbag.py:545} INFO - Filling up the DagBag from /Users/naga/Desktop/airflow_env/lib/python3.12/site-packages/airflow/example_dags/example_time_delta_sensor_async.py
[2026-06-21T19:53:09.328-0500] {processor.py:840} INFO - DAG(s) 'example_time_delta_sensor_async' retrieved from /Users/naga/Desktop/airflow_env/lib/python3.12/site-packages/airflow/example_dags/example_time_delta_sensor_async.py
[2026-06-21T19:53:09.407-0500] {logging_mixin.py:188} INFO - [2026-06-21T19:53:09.407-0500] {dag.py:3089} INFO - Sync 1 DAGs
[2026-06-21T19:53:09.415-0500] {logging_mixin.py:188} INFO - [2026-06-21T19:53:09.415-0500] {dag.py:3947} INFO - Setting next_dagrun for example_time_delta_sensor_async to None, run_after=None
[2026-06-21T19:53:09.428-0500] {processor.py:183} INFO - Processing /Users/naga/Desktop/airflow_env/lib/python3.12/site-packages/airflow/example_dags/example_time_delta_sensor_async.py took 0.111 seconds
[2026-06-21T19:54:32.799-0500] {processor.py:161} INFO - Started process (PID=61946) to work on /Users/naga/Desktop/airflow_env/lib/python3.12/site-packages/airflow/example_dags/example_time_delta_sensor_async.py
[2026-06-21T19:54:32.800-0500] {processor.py:830} INFO - Processing file /Users/naga/Desktop/airflow_env/lib/python3.12/site-packages/airflow/example_dags/example_time_delta_sensor_async.py for tasks to queue
[2026-06-21T19:54:32.801-0500] {logging_mixin.py:188} INFO - [2026-06-21T19:54:32.801-0500] {dagbag.py:545} INFO - Filling up the DagBag from /Users/naga/Desktop/airflow_env/lib/python3.12/site-packages/airflow/example_dags/example_time_delta_sensor_async.py
[2026-06-21T19:54:32.808-0500] {processor.py:840} INFO - DAG(s) 'example_time_delta_sensor_async' retrieved from /Users/naga/Desktop/airflow_env/lib/python3.12/site-packages/airflow/example_dags/example_time_delta_sensor_async.py
[2026-06-21T19:54:32.888-0500] {logging_mixin.py:188} INFO - [2026-06-21T19:54:32.888-0500] {dag.py:3089} INFO - Sync 1 DAGs
[2026-06-21T19:54:32.896-0500] {logging_mixin.py:188} INFO - [2026-06-21T19:54:32.896-0500] {dag.py:3947} INFO - Setting next_dagrun for example_time_delta_sensor_async to None, run_after=None
[2026-06-21T19:54:32.910-0500] {processor.py:183} INFO - Processing /Users/naga/Desktop/airflow_env/lib/python3.12/site-packages/airflow/example_dags/example_time_delta_sensor_async.py took 0.113 seconds
[2026-06-21T19:55:57.780-0500] {processor.py:161} INFO - Started process (PID=62014) to work on /Users/naga/Desktop/airflow_env/lib/python3.12/site-packages/airflow/example_dags/example_time_delta_sensor_async.py
[2026-06-21T19:55:57.781-0500] {processor.py:830} INFO - Processing file /Users/naga/Desktop/airflow_env/lib/python3.12/site-packages/airflow/example_dags/example_time_delta_sensor_async.py for tasks to queue
[2026-06-21T19:55:57.782-0500] {logging_mixin.py:188} INFO - [2026-06-21T19:55:57.782-0500] {dagbag.py:545} INFO - Filling up the DagBag from /Users/naga/Desktop/airflow_env/lib/python3.12/site-packages/airflow/example_dags/example_time_delta_sensor_async.py
[2026-06-21T19:55:57.788-0500] {processor.py:840} INFO - DAG(s) 'example_time_delta_sensor_async' retrieved from /Users/naga/Desktop/airflow_env/lib/python3.12/site-packages/airflow/example_dags/example_time_delta_sensor_async.py
[2026-06-21T19:55:57.869-0500] {logging_mixin.py:188} INFO - [2026-06-21T19:55:57.868-0500] {dag.py:3089} INFO - Sync 1 DAGs
[2026-06-21T19:55:57.877-0500] {logging_mixin.py:188} INFO - [2026-06-21T19:55:57.876-0500] {dag.py:3947} INFO - Setting next_dagrun for example_time_delta_sensor_async to None, run_after=None
[2026-06-21T19:55:57.890-0500] {processor.py:183} INFO - Processing /Users/naga/Desktop/airflow_env/lib/python3.12/site-packages/airflow/example_dags/example_time_delta_sensor_async.py took 0.112 seconds
[2026-06-21T19:57:25.936-0500] {processor.py:161} INFO - Started process (PID=62078) to work on /Users/naga/Desktop/airflow_env/lib/python3.12/site-packages/airflow/example_dags/example_time_delta_sensor_async.py
[2026-06-21T19:57:25.938-0500] {processor.py:830} INFO - Processing file /Users/naga/Desktop/airflow_env/lib/python3.12/site-packages/airflow/example_dags/example_time_delta_sensor_async.py for tasks to queue
[2026-06-21T19:57:25.938-0500] {logging_mixin.py:188} INFO - [2026-06-21T19:57:25.938-0500] {dagbag.py:545} INFO - Filling up the DagBag from /Users/naga/Desktop/airflow_env/lib/python3.12/site-packages/airflow/example_dags/example_time_delta_sensor_async.py
[2026-06-21T19:57:25.944-0500] {processor.py:840} INFO - DAG(s) 'example_time_delta_sensor_async' retrieved from /Users/naga/Desktop/airflow_env/lib/python3.12/site-packages/airflow/example_dags/example_time_delta_sensor_async.py
[2026-06-21T19:57:26.025-0500] {logging_mixin.py:188} INFO - [2026-06-21T19:57:26.025-0500] {dag.py:3089} INFO - Sync 1 DAGs
[2026-06-21T19:57:26.033-0500] {logging_mixin.py:188} INFO - [2026-06-21T19:57:26.033-0500] {dag.py:3947} INFO - Setting next_dagrun for example_time_delta_sensor_async to None, run_after=None
[2026-06-21T19:57:26.046-0500] {processor.py:183} INFO - Processing /Users/naga/Desktop/airflow_env/lib/python3.12/site-packages/airflow/example_dags/example_time_delta_sensor_async.py took 0.112 seconds
[2026-06-21T19:58:52.971-0500] {processor.py:161} INFO - Started process (PID=62143) to work on /Users/naga/Desktop/airflow_env/lib/python3.12/site-packages/airflow/example_dags/example_time_delta_sensor_async.py
[2026-06-21T19:58:52.972-0500] {processor.py:830} INFO - Processing file /Users/naga/Desktop/airflow_env/lib/python3.12/site-packages/airflow/example_dags/example_time_delta_sensor_async.py for tasks to queue
[2026-06-21T19:58:52.973-0500] {logging_mixin.py:188} INFO - [2026-06-21T19:58:52.973-0500] {dagbag.py:545} INFO - Filling up the DagBag from /Users/naga/Desktop/airflow_env/lib/python3.12/site-packages/airflow/example_dags/example_time_delta_sensor_async.py
[2026-06-21T19:58:52.979-0500] {processor.py:840} INFO - DAG(s) 'example_time_delta_sensor_async' retrieved from /Users/naga/Desktop/airflow_env/lib/python3.12/site-packages/airflow/example_dags/example_time_delta_sensor_async.py
[2026-06-21T19:58:53.059-0500] {logging_mixin.py:188} INFO - [2026-06-21T19:58:53.059-0500] {dag.py:3089} INFO - Sync 1 DAGs
[2026-06-21T19:58:53.067-0500] {logging_mixin.py:188} INFO - [2026-06-21T19:58:53.066-0500] {dag.py:3947} INFO - Setting next_dagrun for example_time_delta_sensor_async to None, run_after=None
[2026-06-21T19:58:53.080-0500] {processor.py:183} INFO - Processing /Users/naga/Desktop/airflow_env/lib/python3.12/site-packages/airflow/example_dags/example_time_delta_sensor_async.py took 0.111 seconds
[2026-06-21T20:00:19.166-0500] {processor.py:161} INFO - Started process (PID=62224) to work on /Users/naga/Desktop/airflow_env/lib/python3.12/site-packages/airflow/example_dags/example_time_delta_sensor_async.py
[2026-06-21T20:00:19.168-0500] {processor.py:830} INFO - Processing file /Users/naga/Desktop/airflow_env/lib/python3.12/site-packages/airflow/example_dags/example_time_delta_sensor_async.py for tasks to queue
[2026-06-21T20:00:19.168-0500] {logging_mixin.py:188} INFO - [2026-06-21T20:00:19.168-0500] {dagbag.py:545} INFO - Filling up the DagBag from /Users/naga/Desktop/airflow_env/lib/python3.12/site-packages/airflow/example_dags/example_time_delta_sensor_async.py
[2026-06-21T20:00:19.175-0500] {processor.py:840} INFO - DAG(s) 'example_time_delta_sensor_async' retrieved from /Users/naga/Desktop/airflow_env/lib/python3.12/site-packages/airflow/example_dags/example_time_delta_sensor_async.py
[2026-06-21T20:00:19.259-0500] {logging_mixin.py:188} INFO - [2026-06-21T20:00:19.258-0500] {dag.py:3089} INFO - Sync 1 DAGs
[2026-06-21T20:00:19.267-0500] {logging_mixin.py:188} INFO - [2026-06-21T20:00:19.267-0500] {dag.py:3947} INFO - Setting next_dagrun for example_time_delta_sensor_async to None, run_after=None
[2026-06-21T20:00:19.281-0500] {processor.py:183} INFO - Processing /Users/naga/Desktop/airflow_env/lib/python3.12/site-packages/airflow/example_dags/example_time_delta_sensor_async.py took 0.117 seconds
[2026-06-21T20:01:45.753-0500] {processor.py:161} INFO - Started process (PID=62274) to work on /Users/naga/Desktop/airflow_env/lib/python3.12/site-packages/airflow/example_dags/example_time_delta_sensor_async.py
[2026-06-21T20:01:45.754-0500] {processor.py:830} INFO - Processing file /Users/naga/Desktop/airflow_env/lib/python3.12/site-packages/airflow/example_dags/example_time_delta_sensor_async.py for tasks to queue
[2026-06-21T20:01:45.755-0500] {logging_mixin.py:188} INFO - [2026-06-21T20:01:45.754-0500] {dagbag.py:545} INFO - Filling up the DagBag from /Users/naga/Desktop/airflow_env/lib/python3.12/site-packages/airflow/example_dags/example_time_delta_sensor_async.py
[2026-06-21T20:01:45.761-0500] {processor.py:840} INFO - DAG(s) 'example_time_delta_sensor_async' retrieved from /Users/naga/Desktop/airflow_env/lib/python3.12/site-packages/airflow/example_dags/example_time_delta_sensor_async.py
[2026-06-21T20:01:45.840-0500] {logging_mixin.py:188} INFO - [2026-06-21T20:01:45.839-0500] {dag.py:3089} INFO - Sync 1 DAGs
[2026-06-21T20:01:45.847-0500] {logging_mixin.py:188} INFO - [2026-06-21T20:01:45.847-0500] {dag.py:3947} INFO - Setting next_dagrun for example_time_delta_sensor_async to None, run_after=None
[2026-06-21T20:01:45.861-0500] {processor.py:183} INFO - Processing /Users/naga/Desktop/airflow_env/lib/python3.12/site-packages/airflow/example_dags/example_time_delta_sensor_async.py took 0.110 seconds
[2026-06-21T20:03:11.221-0500] {processor.py:161} INFO - Started process (PID=62339) to work on /Users/naga/Desktop/airflow_env/lib/python3.12/site-packages/airflow/example_dags/example_time_delta_sensor_async.py
[2026-06-21T20:03:11.222-0500] {processor.py:830} INFO - Processing file /Users/naga/Desktop/airflow_env/lib/python3.12/site-packages/airflow/example_dags/example_time_delta_sensor_async.py for tasks to queue
[2026-06-21T20:03:11.223-0500] {logging_mixin.py:188} INFO - [2026-06-21T20:03:11.223-0500] {dagbag.py:545} INFO - Filling up the DagBag from /Users/naga/Desktop/airflow_env/lib/python3.12/site-packages/airflow/example_dags/example_time_delta_sensor_async.py
[2026-06-21T20:03:11.230-0500] {processor.py:840} INFO - DAG(s) 'example_time_delta_sensor_async' retrieved from /Users/naga/Desktop/airflow_env/lib/python3.12/site-packages/airflow/example_dags/example_time_delta_sensor_async.py
[2026-06-21T20:03:11.310-0500] {logging_mixin.py:188} INFO - [2026-06-21T20:03:11.310-0500] {dag.py:3089} INFO - Sync 1 DAGs
[2026-06-21T20:03:11.318-0500] {logging_mixin.py:188} INFO - [2026-06-21T20:03:11.318-0500] {dag.py:3947} INFO - Setting next_dagrun for example_time_delta_sensor_async to None, run_after=None
[2026-06-21T20:03:11.332-0500] {processor.py:183} INFO - Processing /Users/naga/Desktop/airflow_env/lib/python3.12/site-packages/airflow/example_dags/example_time_delta_sensor_async.py took 0.113 seconds
[2026-06-21T20:04:37.772-0500] {processor.py:161} INFO - Started process (PID=62410) to work on /Users/naga/Desktop/airflow_env/lib/python3.12/site-packages/airflow/example_dags/example_time_delta_sensor_async.py
[2026-06-21T20:04:37.773-0500] {processor.py:830} INFO - Processing file /Users/naga/Desktop/airflow_env/lib/python3.12/site-packages/airflow/example_dags/example_time_delta_sensor_async.py for tasks to queue
[2026-06-21T20:04:37.774-0500] {logging_mixin.py:188} INFO - [2026-06-21T20:04:37.774-0500] {dagbag.py:545} INFO - Filling up the DagBag from /Users/naga/Desktop/airflow_env/lib/python3.12/site-packages/airflow/example_dags/example_time_delta_sensor_async.py
[2026-06-21T20:04:37.780-0500] {processor.py:840} INFO - DAG(s) 'example_time_delta_sensor_async' retrieved from /Users/naga/Desktop/airflow_env/lib/python3.12/site-packages/airflow/example_dags/example_time_delta_sensor_async.py
[2026-06-21T20:04:37.860-0500] {logging_mixin.py:188} INFO - [2026-06-21T20:04:37.860-0500] {dag.py:3089} INFO - Sync 1 DAGs
[2026-06-21T20:04:37.868-0500] {logging_mixin.py:188} INFO - [2026-06-21T20:04:37.868-0500] {dag.py:3947} INFO - Setting next_dagrun for example_time_delta_sensor_async to None, run_after=None
[2026-06-21T20:04:37.882-0500] {processor.py:183} INFO - Processing /Users/naga/Desktop/airflow_env/lib/python3.12/site-packages/airflow/example_dags/example_time_delta_sensor_async.py took 0.112 seconds
[2026-06-21T20:06:03.981-0500] {processor.py:161} INFO - Started process (PID=62486) to work on /Users/naga/Desktop/airflow_env/lib/python3.12/site-packages/airflow/example_dags/example_time_delta_sensor_async.py
[2026-06-21T20:06:03.982-0500] {processor.py:830} INFO - Processing file /Users/naga/Desktop/airflow_env/lib/python3.12/site-packages/airflow/example_dags/example_time_delta_sensor_async.py for tasks to queue
[2026-06-21T20:06:03.982-0500] {logging_mixin.py:188} INFO - [2026-06-21T20:06:03.982-0500] {dagbag.py:545} INFO - Filling up the DagBag from /Users/naga/Desktop/airflow_env/lib/python3.12/site-packages/airflow/example_dags/example_time_delta_sensor_async.py
[2026-06-21T20:06:03.989-0500] {processor.py:840} INFO - DAG(s) 'example_time_delta_sensor_async' retrieved from /Users/naga/Desktop/airflow_env/lib/python3.12/site-packages/airflow/example_dags/example_time_delta_sensor_async.py
[2026-06-21T20:06:04.070-0500] {logging_mixin.py:188} INFO - [2026-06-21T20:06:04.070-0500] {dag.py:3089} INFO - Sync 1 DAGs
[2026-06-21T20:06:04.078-0500] {logging_mixin.py:188} INFO - [2026-06-21T20:06:04.078-0500] {dag.py:3947} INFO - Setting next_dagrun for example_time_delta_sensor_async to None, run_after=None
[2026-06-21T20:06:04.092-0500] {processor.py:183} INFO - Processing /Users/naga/Desktop/airflow_env/lib/python3.12/site-packages/airflow/example_dags/example_time_delta_sensor_async.py took 0.114 seconds
[2026-06-21T20:07:34.744-0500] {processor.py:161} INFO - Started process (PID=62536) to work on /Users/naga/Desktop/airflow_env/lib/python3.12/site-packages/airflow/example_dags/example_time_delta_sensor_async.py
[2026-06-21T20:07:34.746-0500] {processor.py:830} INFO - Processing file /Users/naga/Desktop/airflow_env/lib/python3.12/site-packages/airflow/example_dags/example_time_delta_sensor_async.py for tasks to queue
[2026-06-21T20:07:34.746-0500] {logging_mixin.py:188} INFO - [2026-06-21T20:07:34.746-0500] {dagbag.py:545} INFO - Filling up the DagBag from /Users/naga/Desktop/airflow_env/lib/python3.12/site-packages/airflow/example_dags/example_time_delta_sensor_async.py
[2026-06-21T20:07:34.754-0500] {processor.py:840} INFO - DAG(s) 'example_time_delta_sensor_async' retrieved from /Users/naga/Desktop/airflow_env/lib/python3.12/site-packages/airflow/example_dags/example_time_delta_sensor_async.py
[2026-06-21T20:07:34.842-0500] {logging_mixin.py:188} INFO - [2026-06-21T20:07:34.842-0500] {dag.py:3089} INFO - Sync 1 DAGs
[2026-06-21T20:07:34.851-0500] {logging_mixin.py:188} INFO - [2026-06-21T20:07:34.851-0500] {dag.py:3947} INFO - Setting next_dagrun for example_time_delta_sensor_async to None, run_after=None
[2026-06-21T20:07:34.867-0500] {processor.py:183} INFO - Processing /Users/naga/Desktop/airflow_env/lib/python3.12/site-packages/airflow/example_dags/example_time_delta_sensor_async.py took 0.124 seconds
[2026-06-21T20:09:09.954-0500] {processor.py:161} INFO - Started process (PID=62623) to work on /Users/naga/Desktop/airflow_env/lib/python3.12/site-packages/airflow/example_dags/example_time_delta_sensor_async.py
[2026-06-21T20:09:09.955-0500] {processor.py:830} INFO - Processing file /Users/naga/Desktop/airflow_env/lib/python3.12/site-packages/airflow/example_dags/example_time_delta_sensor_async.py for tasks to queue
[2026-06-21T20:09:09.956-0500] {logging_mixin.py:188} INFO - [2026-06-21T20:09:09.955-0500] {dagbag.py:545} INFO - Filling up the DagBag from /Users/naga/Desktop/airflow_env/lib/python3.12/site-packages/airflow/example_dags/example_time_delta_sensor_async.py
[2026-06-21T20:09:09.963-0500] {processor.py:840} INFO - DAG(s) 'example_time_delta_sensor_async' retrieved from /Users/naga/Desktop/airflow_env/lib/python3.12/site-packages/airflow/example_dags/example_time_delta_sensor_async.py
[2026-06-21T20:09:10.045-0500] {logging_mixin.py:188} INFO - [2026-06-21T20:09:10.045-0500] {dag.py:3089} INFO - Sync 1 DAGs
[2026-06-21T20:09:10.054-0500] {logging_mixin.py:188} INFO - [2026-06-21T20:09:10.054-0500] {dag.py:3947} INFO - Setting next_dagrun for example_time_delta_sensor_async to None, run_after=None
[2026-06-21T20:09:10.067-0500] {processor.py:183} INFO - Processing /Users/naga/Desktop/airflow_env/lib/python3.12/site-packages/airflow/example_dags/example_time_delta_sensor_async.py took 0.116 seconds
[2026-06-21T20:38:04.283-0500] {processor.py:161} INFO - Started process (PID=62738) to work on /Users/naga/Desktop/airflow_env/lib/python3.12/site-packages/airflow/example_dags/example_time_delta_sensor_async.py
[2026-06-21T20:38:04.285-0500] {processor.py:830} INFO - Processing file /Users/naga/Desktop/airflow_env/lib/python3.12/site-packages/airflow/example_dags/example_time_delta_sensor_async.py for tasks to queue
[2026-06-21T20:38:04.285-0500] {logging_mixin.py:188} INFO - [2026-06-21T20:38:04.285-0500] {dagbag.py:545} INFO - Filling up the DagBag from /Users/naga/Desktop/airflow_env/lib/python3.12/site-packages/airflow/example_dags/example_time_delta_sensor_async.py
[2026-06-21T20:38:04.292-0500] {processor.py:840} INFO - DAG(s) 'example_time_delta_sensor_async' retrieved from /Users/naga/Desktop/airflow_env/lib/python3.12/site-packages/airflow/example_dags/example_time_delta_sensor_async.py
[2026-06-21T20:38:04.372-0500] {logging_mixin.py:188} INFO - [2026-06-21T20:38:04.371-0500] {dag.py:3089} INFO - Sync 1 DAGs
[2026-06-21T20:38:04.380-0500] {logging_mixin.py:188} INFO - [2026-06-21T20:38:04.379-0500] {dag.py:3947} INFO - Setting next_dagrun for example_time_delta_sensor_async to None, run_after=None
[2026-06-21T20:38:04.393-0500] {processor.py:183} INFO - Processing /Users/naga/Desktop/airflow_env/lib/python3.12/site-packages/airflow/example_dags/example_time_delta_sensor_async.py took 0.112 seconds
[2026-06-21T20:39:38.349-0500] {processor.py:161} INFO - Started process (PID=62837) to work on /Users/naga/Desktop/airflow_env/lib/python3.12/site-packages/airflow/example_dags/example_time_delta_sensor_async.py
[2026-06-21T20:39:38.351-0500] {processor.py:830} INFO - Processing file /Users/naga/Desktop/airflow_env/lib/python3.12/site-packages/airflow/example_dags/example_time_delta_sensor_async.py for tasks to queue
[2026-06-21T20:39:38.351-0500] {logging_mixin.py:188} INFO - [2026-06-21T20:39:38.351-0500] {dagbag.py:545} INFO - Filling up the DagBag from /Users/naga/Desktop/airflow_env/lib/python3.12/site-packages/airflow/example_dags/example_time_delta_sensor_async.py
[2026-06-21T20:39:38.358-0500] {processor.py:840} INFO - DAG(s) 'example_time_delta_sensor_async' retrieved from /Users/naga/Desktop/airflow_env/lib/python3.12/site-packages/airflow/example_dags/example_time_delta_sensor_async.py
[2026-06-21T20:39:38.437-0500] {logging_mixin.py:188} INFO - [2026-06-21T20:39:38.437-0500] {dag.py:3089} INFO - Sync 1 DAGs
[2026-06-21T20:39:38.445-0500] {logging_mixin.py:188} INFO - [2026-06-21T20:39:38.445-0500] {dag.py:3947} INFO - Setting next_dagrun for example_time_delta_sensor_async to None, run_after=None
[2026-06-21T20:39:38.458-0500] {processor.py:183} INFO - Processing /Users/naga/Desktop/airflow_env/lib/python3.12/site-packages/airflow/example_dags/example_time_delta_sensor_async.py took 0.111 seconds
[2026-06-21T20:41:12.245-0500] {processor.py:161} INFO - Started process (PID=63006) to work on /Users/naga/Desktop/airflow_env/lib/python3.12/site-packages/airflow/example_dags/example_time_delta_sensor_async.py
[2026-06-21T20:41:12.246-0500] {processor.py:830} INFO - Processing file /Users/naga/Desktop/airflow_env/lib/python3.12/site-packages/airflow/example_dags/example_time_delta_sensor_async.py for tasks to queue
[2026-06-21T20:41:12.247-0500] {logging_mixin.py:188} INFO - [2026-06-21T20:41:12.247-0500] {dagbag.py:545} INFO - Filling up the DagBag from /Users/naga/Desktop/airflow_env/lib/python3.12/site-packages/airflow/example_dags/example_time_delta_sensor_async.py
[2026-06-21T20:41:12.253-0500] {processor.py:840} INFO - DAG(s) 'example_time_delta_sensor_async' retrieved from /Users/naga/Desktop/airflow_env/lib/python3.12/site-packages/airflow/example_dags/example_time_delta_sensor_async.py
[2026-06-21T20:41:12.338-0500] {logging_mixin.py:188} INFO - [2026-06-21T20:41:12.338-0500] {dag.py:3089} INFO - Sync 1 DAGs
[2026-06-21T20:41:12.346-0500] {logging_mixin.py:188} INFO - [2026-06-21T20:41:12.346-0500] {dag.py:3947} INFO - Setting next_dagrun for example_time_delta_sensor_async to None, run_after=None
[2026-06-21T20:41:12.360-0500] {processor.py:183} INFO - Processing /Users/naga/Desktop/airflow_env/lib/python3.12/site-packages/airflow/example_dags/example_time_delta_sensor_async.py took 0.117 seconds
[2026-06-21T20:42:43.584-0500] {processor.py:161} INFO - Started process (PID=63083) to work on /Users/naga/Desktop/airflow_env/lib/python3.12/site-packages/airflow/example_dags/example_time_delta_sensor_async.py
[2026-06-21T20:42:43.585-0500] {processor.py:830} INFO - Processing file /Users/naga/Desktop/airflow_env/lib/python3.12/site-packages/airflow/example_dags/example_time_delta_sensor_async.py for tasks to queue
[2026-06-21T20:42:43.586-0500] {logging_mixin.py:188} INFO - [2026-06-21T20:42:43.586-0500] {dagbag.py:545} INFO - Filling up the DagBag from /Users/naga/Desktop/airflow_env/lib/python3.12/site-packages/airflow/example_dags/example_time_delta_sensor_async.py
[2026-06-21T20:42:43.592-0500] {processor.py:840} INFO - DAG(s) 'example_time_delta_sensor_async' retrieved from /Users/naga/Desktop/airflow_env/lib/python3.12/site-packages/airflow/example_dags/example_time_delta_sensor_async.py
[2026-06-21T20:42:43.672-0500] {logging_mixin.py:188} INFO - [2026-06-21T20:42:43.671-0500] {dag.py:3089} INFO - Sync 1 DAGs
[2026-06-21T20:42:43.679-0500] {logging_mixin.py:188} INFO - [2026-06-21T20:42:43.679-0500] {dag.py:3947} INFO - Setting next_dagrun for example_time_delta_sensor_async to None, run_after=None
[2026-06-21T20:42:43.692-0500] {processor.py:183} INFO - Processing /Users/naga/Desktop/airflow_env/lib/python3.12/site-packages/airflow/example_dags/example_time_delta_sensor_async.py took 0.110 seconds
[2026-06-21T20:44:08.693-0500] {processor.py:161} INFO - Started process (PID=63180) to work on /Users/naga/Desktop/airflow_env/lib/python3.12/site-packages/airflow/example_dags/example_time_delta_sensor_async.py
[2026-06-21T20:44:08.694-0500] {processor.py:830} INFO - Processing file /Users/naga/Desktop/airflow_env/lib/python3.12/site-packages/airflow/example_dags/example_time_delta_sensor_async.py for tasks to queue
[2026-06-21T20:44:08.695-0500] {logging_mixin.py:188} INFO - [2026-06-21T20:44:08.695-0500] {dagbag.py:545} INFO - Filling up the DagBag from /Users/naga/Desktop/airflow_env/lib/python3.12/site-packages/airflow/example_dags/example_time_delta_sensor_async.py
[2026-06-21T20:44:08.701-0500] {processor.py:840} INFO - DAG(s) 'example_time_delta_sensor_async' retrieved from /Users/naga/Desktop/airflow_env/lib/python3.12/site-packages/airflow/example_dags/example_time_delta_sensor_async.py
[2026-06-21T20:44:08.781-0500] {logging_mixin.py:188} INFO - [2026-06-21T20:44:08.780-0500] {dag.py:3089} INFO - Sync 1 DAGs
[2026-06-21T20:44:08.788-0500] {logging_mixin.py:188} INFO - [2026-06-21T20:44:08.788-0500] {dag.py:3947} INFO - Setting next_dagrun for example_time_delta_sensor_async to None, run_after=None
[2026-06-21T20:44:08.802-0500] {processor.py:183} INFO - Processing /Users/naga/Desktop/airflow_env/lib/python3.12/site-packages/airflow/example_dags/example_time_delta_sensor_async.py took 0.111 seconds
[2026-06-21T20:45:34.641-0500] {processor.py:161} INFO - Started process (PID=63256) to work on /Users/naga/Desktop/airflow_env/lib/python3.12/site-packages/airflow/example_dags/example_time_delta_sensor_async.py
[2026-06-21T20:45:34.642-0500] {processor.py:830} INFO - Processing file /Users/naga/Desktop/airflow_env/lib/python3.12/site-packages/airflow/example_dags/example_time_delta_sensor_async.py for tasks to queue
[2026-06-21T20:45:34.643-0500] {logging_mixin.py:188} INFO - [2026-06-21T20:45:34.643-0500] {dagbag.py:545} INFO - Filling up the DagBag from /Users/naga/Desktop/airflow_env/lib/python3.12/site-packages/airflow/example_dags/example_time_delta_sensor_async.py
[2026-06-21T20:45:34.649-0500] {processor.py:840} INFO - DAG(s) 'example_time_delta_sensor_async' retrieved from /Users/naga/Desktop/airflow_env/lib/python3.12/site-packages/airflow/example_dags/example_time_delta_sensor_async.py
[2026-06-21T20:45:34.730-0500] {logging_mixin.py:188} INFO - [2026-06-21T20:45:34.730-0500] {dag.py:3089} INFO - Sync 1 DAGs
[2026-06-21T20:45:34.738-0500] {logging_mixin.py:188} INFO - [2026-06-21T20:45:34.738-0500] {dag.py:3947} INFO - Setting next_dagrun for example_time_delta_sensor_async to None, run_after=None
[2026-06-21T20:45:34.752-0500] {processor.py:183} INFO - Processing /Users/naga/Desktop/airflow_env/lib/python3.12/site-packages/airflow/example_dags/example_time_delta_sensor_async.py took 0.113 seconds
[2026-06-21T20:46:59.636-0500] {processor.py:161} INFO - Started process (PID=63343) to work on /Users/naga/Desktop/airflow_env/lib/python3.12/site-packages/airflow/example_dags/example_time_delta_sensor_async.py
[2026-06-21T20:46:59.638-0500] {processor.py:830} INFO - Processing file /Users/naga/Desktop/airflow_env/lib/python3.12/site-packages/airflow/example_dags/example_time_delta_sensor_async.py for tasks to queue
[2026-06-21T20:46:59.638-0500] {logging_mixin.py:188} INFO - [2026-06-21T20:46:59.638-0500] {dagbag.py:545} INFO - Filling up the DagBag from /Users/naga/Desktop/airflow_env/lib/python3.12/site-packages/airflow/example_dags/example_time_delta_sensor_async.py
[2026-06-21T20:46:59.645-0500] {processor.py:840} INFO - DAG(s) 'example_time_delta_sensor_async' retrieved from /Users/naga/Desktop/airflow_env/lib/python3.12/site-packages/airflow/example_dags/example_time_delta_sensor_async.py
[2026-06-21T20:46:59.724-0500] {logging_mixin.py:188} INFO - [2026-06-21T20:46:59.724-0500] {dag.py:3089} INFO - Sync 1 DAGs
[2026-06-21T20:46:59.732-0500] {logging_mixin.py:188} INFO - [2026-06-21T20:46:59.732-0500] {dag.py:3947} INFO - Setting next_dagrun for example_time_delta_sensor_async to None, run_after=None
[2026-06-21T20:46:59.745-0500] {processor.py:183} INFO - Processing /Users/naga/Desktop/airflow_env/lib/python3.12/site-packages/airflow/example_dags/example_time_delta_sensor_async.py took 0.111 seconds
[2026-06-21T20:48:23.647-0500] {processor.py:161} INFO - Started process (PID=63389) to work on /Users/naga/Desktop/airflow_env/lib/python3.12/site-packages/airflow/example_dags/example_time_delta_sensor_async.py
[2026-06-21T20:48:23.648-0500] {processor.py:830} INFO - Processing file /Users/naga/Desktop/airflow_env/lib/python3.12/site-packages/airflow/example_dags/example_time_delta_sensor_async.py for tasks to queue
[2026-06-21T20:48:23.649-0500] {logging_mixin.py:188} INFO - [2026-06-21T20:48:23.649-0500] {dagbag.py:545} INFO - Filling up the DagBag from /Users/naga/Desktop/airflow_env/lib/python3.12/site-packages/airflow/example_dags/example_time_delta_sensor_async.py
[2026-06-21T20:48:23.655-0500] {processor.py:840} INFO - DAG(s) 'example_time_delta_sensor_async' retrieved from /Users/naga/Desktop/airflow_env/lib/python3.12/site-packages/airflow/example_dags/example_time_delta_sensor_async.py
[2026-06-21T20:48:23.735-0500] {logging_mixin.py:188} INFO - [2026-06-21T20:48:23.735-0500] {dag.py:3089} INFO - Sync 1 DAGs
[2026-06-21T20:48:23.743-0500] {logging_mixin.py:188} INFO - [2026-06-21T20:48:23.743-0500] {dag.py:3947} INFO - Setting next_dagrun for example_time_delta_sensor_async to None, run_after=None
[2026-06-21T20:48:23.757-0500] {processor.py:183} INFO - Processing /Users/naga/Desktop/airflow_env/lib/python3.12/site-packages/airflow/example_dags/example_time_delta_sensor_async.py took 0.112 seconds
[2026-06-21T20:49:48.422-0500] {processor.py:161} INFO - Started process (PID=63459) to work on /Users/naga/Desktop/airflow_env/lib/python3.12/site-packages/airflow/example_dags/example_time_delta_sensor_async.py
[2026-06-21T20:49:48.424-0500] {processor.py:830} INFO - Processing file /Users/naga/Desktop/airflow_env/lib/python3.12/site-packages/airflow/example_dags/example_time_delta_sensor_async.py for tasks to queue
[2026-06-21T20:49:48.424-0500] {logging_mixin.py:188} INFO - [2026-06-21T20:49:48.424-0500] {dagbag.py:545} INFO - Filling up the DagBag from /Users/naga/Desktop/airflow_env/lib/python3.12/site-packages/airflow/example_dags/example_time_delta_sensor_async.py
[2026-06-21T20:49:48.431-0500] {processor.py:840} INFO - DAG(s) 'example_time_delta_sensor_async' retrieved from /Users/naga/Desktop/airflow_env/lib/python3.12/site-packages/airflow/example_dags/example_time_delta_sensor_async.py
[2026-06-21T20:49:48.511-0500] {logging_mixin.py:188} INFO - [2026-06-21T20:49:48.511-0500] {dag.py:3089} INFO - Sync 1 DAGs
[2026-06-21T20:49:48.519-0500] {logging_mixin.py:188} INFO - [2026-06-21T20:49:48.519-0500] {dag.py:3947} INFO - Setting next_dagrun for example_time_delta_sensor_async to None, run_after=None
[2026-06-21T20:49:48.532-0500] {processor.py:183} INFO - Processing /Users/naga/Desktop/airflow_env/lib/python3.12/site-packages/airflow/example_dags/example_time_delta_sensor_async.py took 0.112 seconds
[2026-06-21T20:51:16.938-0500] {processor.py:161} INFO - Started process (PID=63532) to work on /Users/naga/Desktop/airflow_env/lib/python3.12/site-packages/airflow/example_dags/example_time_delta_sensor_async.py
[2026-06-21T20:51:16.940-0500] {processor.py:830} INFO - Processing file /Users/naga/Desktop/airflow_env/lib/python3.12/site-packages/airflow/example_dags/example_time_delta_sensor_async.py for tasks to queue
[2026-06-21T20:51:16.940-0500] {logging_mixin.py:188} INFO - [2026-06-21T20:51:16.940-0500] {dagbag.py:545} INFO - Filling up the DagBag from /Users/naga/Desktop/airflow_env/lib/python3.12/site-packages/airflow/example_dags/example_time_delta_sensor_async.py
[2026-06-21T20:51:16.947-0500] {processor.py:840} INFO - DAG(s) 'example_time_delta_sensor_async' retrieved from /Users/naga/Desktop/airflow_env/lib/python3.12/site-packages/airflow/example_dags/example_time_delta_sensor_async.py
[2026-06-21T20:51:17.027-0500] {logging_mixin.py:188} INFO - [2026-06-21T20:51:17.026-0500] {dag.py:3089} INFO - Sync 1 DAGs
[2026-06-21T20:51:17.034-0500] {logging_mixin.py:188} INFO - [2026-06-21T20:51:17.034-0500] {dag.py:3947} INFO - Setting next_dagrun for example_time_delta_sensor_async to None, run_after=None
[2026-06-21T20:51:17.048-0500] {processor.py:183} INFO - Processing /Users/naga/Desktop/airflow_env/lib/python3.12/site-packages/airflow/example_dags/example_time_delta_sensor_async.py took 0.112 seconds
[2026-06-21T20:52:46.065-0500] {processor.py:161} INFO - Started process (PID=63606) to work on /Users/naga/Desktop/airflow_env/lib/python3.12/site-packages/airflow/example_dags/example_time_delta_sensor_async.py
[2026-06-21T20:52:46.066-0500] {processor.py:830} INFO - Processing file /Users/naga/Desktop/airflow_env/lib/python3.12/site-packages/airflow/example_dags/example_time_delta_sensor_async.py for tasks to queue
[2026-06-21T20:52:46.067-0500] {logging_mixin.py:188} INFO - [2026-06-21T20:52:46.067-0500] {dagbag.py:545} INFO - Filling up the DagBag from /Users/naga/Desktop/airflow_env/lib/python3.12/site-packages/airflow/example_dags/example_time_delta_sensor_async.py
[2026-06-21T20:52:46.073-0500] {processor.py:840} INFO - DAG(s) 'example_time_delta_sensor_async' retrieved from /Users/naga/Desktop/airflow_env/lib/python3.12/site-packages/airflow/example_dags/example_time_delta_sensor_async.py
[2026-06-21T20:52:46.153-0500] {logging_mixin.py:188} INFO - [2026-06-21T20:52:46.153-0500] {dag.py:3089} INFO - Sync 1 DAGs
[2026-06-21T20:52:46.161-0500] {logging_mixin.py:188} INFO - [2026-06-21T20:52:46.160-0500] {dag.py:3947} INFO - Setting next_dagrun for example_time_delta_sensor_async to None, run_after=None
[2026-06-21T20:52:46.174-0500] {processor.py:183} INFO - Processing /Users/naga/Desktop/airflow_env/lib/python3.12/site-packages/airflow/example_dags/example_time_delta_sensor_async.py took 0.111 seconds
[2026-06-21T20:54:14.465-0500] {processor.py:161} INFO - Started process (PID=63681) to work on /Users/naga/Desktop/airflow_env/lib/python3.12/site-packages/airflow/example_dags/example_time_delta_sensor_async.py
[2026-06-21T20:54:14.466-0500] {processor.py:830} INFO - Processing file /Users/naga/Desktop/airflow_env/lib/python3.12/site-packages/airflow/example_dags/example_time_delta_sensor_async.py for tasks to queue
[2026-06-21T20:54:14.467-0500] {logging_mixin.py:188} INFO - [2026-06-21T20:54:14.467-0500] {dagbag.py:545} INFO - Filling up the DagBag from /Users/naga/Desktop/airflow_env/lib/python3.12/site-packages/airflow/example_dags/example_time_delta_sensor_async.py
[2026-06-21T20:54:14.475-0500] {processor.py:840} INFO - DAG(s) 'example_time_delta_sensor_async' retrieved from /Users/naga/Desktop/airflow_env/lib/python3.12/site-packages/airflow/example_dags/example_time_delta_sensor_async.py
[2026-06-21T20:54:14.557-0500] {logging_mixin.py:188} INFO - [2026-06-21T20:54:14.557-0500] {dag.py:3089} INFO - Sync 1 DAGs
[2026-06-21T20:54:14.566-0500] {logging_mixin.py:188} INFO - [2026-06-21T20:54:14.565-0500] {dag.py:3947} INFO - Setting next_dagrun for example_time_delta_sensor_async to None, run_after=None
[2026-06-21T20:54:14.582-0500] {processor.py:183} INFO - Processing /Users/naga/Desktop/airflow_env/lib/python3.12/site-packages/airflow/example_dags/example_time_delta_sensor_async.py took 0.118 seconds
[2026-06-21T20:55:44.844-0500] {processor.py:161} INFO - Started process (PID=63837) to work on /Users/naga/Desktop/airflow_env/lib/python3.12/site-packages/airflow/example_dags/example_time_delta_sensor_async.py
[2026-06-21T20:55:44.845-0500] {processor.py:830} INFO - Processing file /Users/naga/Desktop/airflow_env/lib/python3.12/site-packages/airflow/example_dags/example_time_delta_sensor_async.py for tasks to queue
[2026-06-21T20:55:44.846-0500] {logging_mixin.py:188} INFO - [2026-06-21T20:55:44.846-0500] {dagbag.py:545} INFO - Filling up the DagBag from /Users/naga/Desktop/airflow_env/lib/python3.12/site-packages/airflow/example_dags/example_time_delta_sensor_async.py
[2026-06-21T20:55:44.853-0500] {processor.py:840} INFO - DAG(s) 'example_time_delta_sensor_async' retrieved from /Users/naga/Desktop/airflow_env/lib/python3.12/site-packages/airflow/example_dags/example_time_delta_sensor_async.py
[2026-06-21T20:55:44.935-0500] {logging_mixin.py:188} INFO - [2026-06-21T20:55:44.935-0500] {dag.py:3089} INFO - Sync 1 DAGs
[2026-06-21T20:55:44.944-0500] {logging_mixin.py:188} INFO - [2026-06-21T20:55:44.944-0500] {dag.py:3947} INFO - Setting next_dagrun for example_time_delta_sensor_async to None, run_after=None
[2026-06-21T20:55:44.958-0500] {processor.py:183} INFO - Processing /Users/naga/Desktop/airflow_env/lib/python3.12/site-packages/airflow/example_dags/example_time_delta_sensor_async.py took 0.116 seconds
[2026-06-21T20:57:12.987-0500] {processor.py:161} INFO - Started process (PID=63925) to work on /Users/naga/Desktop/airflow_env/lib/python3.12/site-packages/airflow/example_dags/example_time_delta_sensor_async.py
[2026-06-21T20:57:12.988-0500] {processor.py:830} INFO - Processing file /Users/naga/Desktop/airflow_env/lib/python3.12/site-packages/airflow/example_dags/example_time_delta_sensor_async.py for tasks to queue
[2026-06-21T20:57:12.989-0500] {logging_mixin.py:188} INFO - [2026-06-21T20:57:12.989-0500] {dagbag.py:545} INFO - Filling up the DagBag from /Users/naga/Desktop/airflow_env/lib/python3.12/site-packages/airflow/example_dags/example_time_delta_sensor_async.py
[2026-06-21T20:57:12.995-0500] {processor.py:840} INFO - DAG(s) 'example_time_delta_sensor_async' retrieved from /Users/naga/Desktop/airflow_env/lib/python3.12/site-packages/airflow/example_dags/example_time_delta_sensor_async.py
[2026-06-21T20:57:13.075-0500] {logging_mixin.py:188} INFO - [2026-06-21T20:57:13.075-0500] {dag.py:3089} INFO - Sync 1 DAGs
[2026-06-21T20:57:13.083-0500] {logging_mixin.py:188} INFO - [2026-06-21T20:57:13.083-0500] {dag.py:3947} INFO - Setting next_dagrun for example_time_delta_sensor_async to None, run_after=None
[2026-06-21T20:57:13.096-0500] {processor.py:183} INFO - Processing /Users/naga/Desktop/airflow_env/lib/python3.12/site-packages/airflow/example_dags/example_time_delta_sensor_async.py took 0.111 seconds
[2026-06-21T20:58:39.259-0500] {processor.py:161} INFO - Started process (PID=63991) to work on /Users/naga/Desktop/airflow_env/lib/python3.12/site-packages/airflow/example_dags/example_time_delta_sensor_async.py
[2026-06-21T20:58:39.261-0500] {processor.py:830} INFO - Processing file /Users/naga/Desktop/airflow_env/lib/python3.12/site-packages/airflow/example_dags/example_time_delta_sensor_async.py for tasks to queue
[2026-06-21T20:58:39.261-0500] {logging_mixin.py:188} INFO - [2026-06-21T20:58:39.261-0500] {dagbag.py:545} INFO - Filling up the DagBag from /Users/naga/Desktop/airflow_env/lib/python3.12/site-packages/airflow/example_dags/example_time_delta_sensor_async.py
[2026-06-21T20:58:39.268-0500] {processor.py:840} INFO - DAG(s) 'example_time_delta_sensor_async' retrieved from /Users/naga/Desktop/airflow_env/lib/python3.12/site-packages/airflow/example_dags/example_time_delta_sensor_async.py
[2026-06-21T20:58:39.351-0500] {logging_mixin.py:188} INFO - [2026-06-21T20:58:39.350-0500] {dag.py:3089} INFO - Sync 1 DAGs
[2026-06-21T20:58:39.359-0500] {logging_mixin.py:188} INFO - [2026-06-21T20:58:39.359-0500] {dag.py:3947} INFO - Setting next_dagrun for example_time_delta_sensor_async to None, run_after=None
[2026-06-21T20:58:39.373-0500] {processor.py:183} INFO - Processing /Users/naga/Desktop/airflow_env/lib/python3.12/site-packages/airflow/example_dags/example_time_delta_sensor_async.py took 0.116 seconds
[2026-06-21T21:42:19.938-0500] {processor.py:161} INFO - Started process (PID=64217) to work on /Users/naga/Desktop/airflow_env/lib/python3.12/site-packages/airflow/example_dags/example_time_delta_sensor_async.py
[2026-06-21T21:42:19.939-0500] {processor.py:830} INFO - Processing file /Users/naga/Desktop/airflow_env/lib/python3.12/site-packages/airflow/example_dags/example_time_delta_sensor_async.py for tasks to queue
[2026-06-21T21:42:19.940-0500] {logging_mixin.py:188} INFO - [2026-06-21T21:42:19.940-0500] {dagbag.py:545} INFO - Filling up the DagBag from /Users/naga/Desktop/airflow_env/lib/python3.12/site-packages/airflow/example_dags/example_time_delta_sensor_async.py
[2026-06-21T21:42:19.947-0500] {processor.py:840} INFO - DAG(s) 'example_time_delta_sensor_async' retrieved from /Users/naga/Desktop/airflow_env/lib/python3.12/site-packages/airflow/example_dags/example_time_delta_sensor_async.py
[2026-06-21T21:42:20.028-0500] {logging_mixin.py:188} INFO - [2026-06-21T21:42:20.028-0500] {dag.py:3089} INFO - Sync 1 DAGs
[2026-06-21T21:42:20.037-0500] {logging_mixin.py:188} INFO - [2026-06-21T21:42:20.037-0500] {dag.py:3947} INFO - Setting next_dagrun for example_time_delta_sensor_async to None, run_after=None
[2026-06-21T21:42:20.051-0500] {processor.py:183} INFO - Processing /Users/naga/Desktop/airflow_env/lib/python3.12/site-packages/airflow/example_dags/example_time_delta_sensor_async.py took 0.116 seconds
[2026-06-21T21:44:03.642-0500] {processor.py:161} INFO - Started process (PID=64309) to work on /Users/naga/Desktop/airflow_env/lib/python3.12/site-packages/airflow/example_dags/example_time_delta_sensor_async.py
[2026-06-21T21:44:03.643-0500] {processor.py:830} INFO - Processing file /Users/naga/Desktop/airflow_env/lib/python3.12/site-packages/airflow/example_dags/example_time_delta_sensor_async.py for tasks to queue
[2026-06-21T21:44:03.644-0500] {logging_mixin.py:188} INFO - [2026-06-21T21:44:03.643-0500] {dagbag.py:545} INFO - Filling up the DagBag from /Users/naga/Desktop/airflow_env/lib/python3.12/site-packages/airflow/example_dags/example_time_delta_sensor_async.py
[2026-06-21T21:44:03.650-0500] {processor.py:840} INFO - DAG(s) 'example_time_delta_sensor_async' retrieved from /Users/naga/Desktop/airflow_env/lib/python3.12/site-packages/airflow/example_dags/example_time_delta_sensor_async.py
[2026-06-21T21:44:03.730-0500] {logging_mixin.py:188} INFO - [2026-06-21T21:44:03.730-0500] {dag.py:3089} INFO - Sync 1 DAGs
[2026-06-21T21:44:03.738-0500] {logging_mixin.py:188} INFO - [2026-06-21T21:44:03.738-0500] {dag.py:3947} INFO - Setting next_dagrun for example_time_delta_sensor_async to None, run_after=None
[2026-06-21T21:44:03.753-0500] {processor.py:183} INFO - Processing /Users/naga/Desktop/airflow_env/lib/python3.12/site-packages/airflow/example_dags/example_time_delta_sensor_async.py took 0.114 seconds
[2026-06-21T21:45:36.083-0500] {processor.py:161} INFO - Started process (PID=64398) to work on /Users/naga/Desktop/airflow_env/lib/python3.12/site-packages/airflow/example_dags/example_time_delta_sensor_async.py
[2026-06-21T21:45:36.085-0500] {processor.py:830} INFO - Processing file /Users/naga/Desktop/airflow_env/lib/python3.12/site-packages/airflow/example_dags/example_time_delta_sensor_async.py for tasks to queue
[2026-06-21T21:45:36.085-0500] {logging_mixin.py:188} INFO - [2026-06-21T21:45:36.085-0500] {dagbag.py:545} INFO - Filling up the DagBag from /Users/naga/Desktop/airflow_env/lib/python3.12/site-packages/airflow/example_dags/example_time_delta_sensor_async.py
[2026-06-21T21:45:36.091-0500] {processor.py:840} INFO - DAG(s) 'example_time_delta_sensor_async' retrieved from /Users/naga/Desktop/airflow_env/lib/python3.12/site-packages/airflow/example_dags/example_time_delta_sensor_async.py
[2026-06-21T21:45:36.172-0500] {logging_mixin.py:188} INFO - [2026-06-21T21:45:36.172-0500] {dag.py:3089} INFO - Sync 1 DAGs
[2026-06-21T21:45:36.180-0500] {logging_mixin.py:188} INFO - [2026-06-21T21:45:36.180-0500] {dag.py:3947} INFO - Setting next_dagrun for example_time_delta_sensor_async to None, run_after=None
[2026-06-21T21:45:36.193-0500] {processor.py:183} INFO - Processing /Users/naga/Desktop/airflow_env/lib/python3.12/site-packages/airflow/example_dags/example_time_delta_sensor_async.py took 0.112 seconds
[2026-06-21T21:47:44.991-0500] {processor.py:161} INFO - Started process (PID=64665) to work on /Users/naga/Desktop/airflow_env/lib/python3.12/site-packages/airflow/example_dags/example_time_delta_sensor_async.py
[2026-06-21T21:47:44.992-0500] {processor.py:830} INFO - Processing file /Users/naga/Desktop/airflow_env/lib/python3.12/site-packages/airflow/example_dags/example_time_delta_sensor_async.py for tasks to queue
[2026-06-21T21:47:44.993-0500] {logging_mixin.py:188} INFO - [2026-06-21T21:47:44.993-0500] {dagbag.py:545} INFO - Filling up the DagBag from /Users/naga/Desktop/airflow_env/lib/python3.12/site-packages/airflow/example_dags/example_time_delta_sensor_async.py
[2026-06-21T21:47:45.001-0500] {processor.py:840} INFO - DAG(s) 'example_time_delta_sensor_async' retrieved from /Users/naga/Desktop/airflow_env/lib/python3.12/site-packages/airflow/example_dags/example_time_delta_sensor_async.py
[2026-06-21T21:47:45.083-0500] {logging_mixin.py:188} INFO - [2026-06-21T21:47:45.083-0500] {dag.py:3089} INFO - Sync 1 DAGs
[2026-06-21T21:47:45.091-0500] {logging_mixin.py:188} INFO - [2026-06-21T21:47:45.090-0500] {dag.py:3947} INFO - Setting next_dagrun for example_time_delta_sensor_async to None, run_after=None
[2026-06-21T21:47:45.105-0500] {processor.py:183} INFO - Processing /Users/naga/Desktop/airflow_env/lib/python3.12/site-packages/airflow/example_dags/example_time_delta_sensor_async.py took 0.116 seconds
[2026-06-21T21:49:19.008-0500] {processor.py:161} INFO - Started process (PID=64732) to work on /Users/naga/Desktop/airflow_env/lib/python3.12/site-packages/airflow/example_dags/example_time_delta_sensor_async.py
[2026-06-21T21:49:19.010-0500] {processor.py:830} INFO - Processing file /Users/naga/Desktop/airflow_env/lib/python3.12/site-packages/airflow/example_dags/example_time_delta_sensor_async.py for tasks to queue
[2026-06-21T21:49:19.010-0500] {logging_mixin.py:188} INFO - [2026-06-21T21:49:19.010-0500] {dagbag.py:545} INFO - Filling up the DagBag from /Users/naga/Desktop/airflow_env/lib/python3.12/site-packages/airflow/example_dags/example_time_delta_sensor_async.py
[2026-06-21T21:49:19.018-0500] {processor.py:840} INFO - DAG(s) 'example_time_delta_sensor_async' retrieved from /Users/naga/Desktop/airflow_env/lib/python3.12/site-packages/airflow/example_dags/example_time_delta_sensor_async.py
[2026-06-21T21:49:19.102-0500] {logging_mixin.py:188} INFO - [2026-06-21T21:49:19.101-0500] {dag.py:3089} INFO - Sync 1 DAGs
[2026-06-21T21:49:19.109-0500] {logging_mixin.py:188} INFO - [2026-06-21T21:49:19.109-0500] {dag.py:3947} INFO - Setting next_dagrun for example_time_delta_sensor_async to None, run_after=None
[2026-06-21T21:49:19.123-0500] {processor.py:183} INFO - Processing /Users/naga/Desktop/airflow_env/lib/python3.12/site-packages/airflow/example_dags/example_time_delta_sensor_async.py took 0.117 seconds
[2026-06-21T21:51:19.984-0500] {processor.py:161} INFO - Started process (PID=64828) to work on /Users/naga/Desktop/airflow_env/lib/python3.12/site-packages/airflow/example_dags/example_time_delta_sensor_async.py
[2026-06-21T21:51:19.985-0500] {processor.py:830} INFO - Processing file /Users/naga/Desktop/airflow_env/lib/python3.12/site-packages/airflow/example_dags/example_time_delta_sensor_async.py for tasks to queue
[2026-06-21T21:51:19.985-0500] {logging_mixin.py:188} INFO - [2026-06-21T21:51:19.985-0500] {dagbag.py:545} INFO - Filling up the DagBag from /Users/naga/Desktop/airflow_env/lib/python3.12/site-packages/airflow/example_dags/example_time_delta_sensor_async.py
[2026-06-21T21:51:19.993-0500] {processor.py:840} INFO - DAG(s) 'example_time_delta_sensor_async' retrieved from /Users/naga/Desktop/airflow_env/lib/python3.12/site-packages/airflow/example_dags/example_time_delta_sensor_async.py
[2026-06-21T21:51:20.076-0500] {logging_mixin.py:188} INFO - [2026-06-21T21:51:20.076-0500] {dag.py:3089} INFO - Sync 1 DAGs
[2026-06-21T21:51:20.083-0500] {logging_mixin.py:188} INFO - [2026-06-21T21:51:20.083-0500] {dag.py:3947} INFO - Setting next_dagrun for example_time_delta_sensor_async to None, run_after=None
[2026-06-21T21:51:20.097-0500] {processor.py:183} INFO - Processing /Users/naga/Desktop/airflow_env/lib/python3.12/site-packages/airflow/example_dags/example_time_delta_sensor_async.py took 0.117 seconds
[2026-06-21T21:53:29.348-0500] {processor.py:161} INFO - Started process (PID=64969) to work on /Users/naga/Desktop/airflow_env/lib/python3.12/site-packages/airflow/example_dags/example_time_delta_sensor_async.py
[2026-06-21T21:53:29.350-0500] {processor.py:830} INFO - Processing file /Users/naga/Desktop/airflow_env/lib/python3.12/site-packages/airflow/example_dags/example_time_delta_sensor_async.py for tasks to queue
[2026-06-21T21:53:29.350-0500] {logging_mixin.py:188} INFO - [2026-06-21T21:53:29.350-0500] {dagbag.py:545} INFO - Filling up the DagBag from /Users/naga/Desktop/airflow_env/lib/python3.12/site-packages/airflow/example_dags/example_time_delta_sensor_async.py
[2026-06-21T21:53:29.358-0500] {processor.py:840} INFO - DAG(s) 'example_time_delta_sensor_async' retrieved from /Users/naga/Desktop/airflow_env/lib/python3.12/site-packages/airflow/example_dags/example_time_delta_sensor_async.py
[2026-06-21T21:53:29.438-0500] {logging_mixin.py:188} INFO - [2026-06-21T21:53:29.437-0500] {dag.py:3089} INFO - Sync 1 DAGs
[2026-06-21T21:53:29.445-0500] {logging_mixin.py:188} INFO - [2026-06-21T21:53:29.444-0500] {dag.py:3947} INFO - Setting next_dagrun for example_time_delta_sensor_async to None, run_after=None
[2026-06-21T21:53:29.458-0500] {processor.py:183} INFO - Processing /Users/naga/Desktop/airflow_env/lib/python3.12/site-packages/airflow/example_dags/example_time_delta_sensor_async.py took 0.112 seconds
[2026-06-21T21:55:22.322-0500] {processor.py:161} INFO - Started process (PID=65342) to work on /Users/naga/Desktop/airflow_env/lib/python3.12/site-packages/airflow/example_dags/example_time_delta_sensor_async.py
[2026-06-21T21:55:22.323-0500] {processor.py:830} INFO - Processing file /Users/naga/Desktop/airflow_env/lib/python3.12/site-packages/airflow/example_dags/example_time_delta_sensor_async.py for tasks to queue
[2026-06-21T21:55:22.324-0500] {logging_mixin.py:188} INFO - [2026-06-21T21:55:22.324-0500] {dagbag.py:545} INFO - Filling up the DagBag from /Users/naga/Desktop/airflow_env/lib/python3.12/site-packages/airflow/example_dags/example_time_delta_sensor_async.py
[2026-06-21T21:55:22.332-0500] {processor.py:840} INFO - DAG(s) 'example_time_delta_sensor_async' retrieved from /Users/naga/Desktop/airflow_env/lib/python3.12/site-packages/airflow/example_dags/example_time_delta_sensor_async.py
[2026-06-21T21:55:22.412-0500] {logging_mixin.py:188} INFO - [2026-06-21T21:55:22.412-0500] {dag.py:3089} INFO - Sync 1 DAGs
[2026-06-21T21:55:22.419-0500] {logging_mixin.py:188} INFO - [2026-06-21T21:55:22.419-0500] {dag.py:3947} INFO - Setting next_dagrun for example_time_delta_sensor_async to None, run_after=None
[2026-06-21T21:55:22.434-0500] {processor.py:183} INFO - Processing /Users/naga/Desktop/airflow_env/lib/python3.12/site-packages/airflow/example_dags/example_time_delta_sensor_async.py took 0.114 seconds
[2026-06-21T21:56:55.857-0500] {processor.py:161} INFO - Started process (PID=65498) to work on /Users/naga/Desktop/airflow_env/lib/python3.12/site-packages/airflow/example_dags/example_time_delta_sensor_async.py
[2026-06-21T21:56:55.858-0500] {processor.py:830} INFO - Processing file /Users/naga/Desktop/airflow_env/lib/python3.12/site-packages/airflow/example_dags/example_time_delta_sensor_async.py for tasks to queue
[2026-06-21T21:56:55.859-0500] {logging_mixin.py:188} INFO - [2026-06-21T21:56:55.859-0500] {dagbag.py:545} INFO - Filling up the DagBag from /Users/naga/Desktop/airflow_env/lib/python3.12/site-packages/airflow/example_dags/example_time_delta_sensor_async.py
[2026-06-21T21:56:55.866-0500] {processor.py:840} INFO - DAG(s) 'example_time_delta_sensor_async' retrieved from /Users/naga/Desktop/airflow_env/lib/python3.12/site-packages/airflow/example_dags/example_time_delta_sensor_async.py
[2026-06-21T21:56:55.946-0500] {logging_mixin.py:188} INFO - [2026-06-21T21:56:55.945-0500] {dag.py:3089} INFO - Sync 1 DAGs
[2026-06-21T21:56:55.953-0500] {logging_mixin.py:188} INFO - [2026-06-21T21:56:55.952-0500] {dag.py:3947} INFO - Setting next_dagrun for example_time_delta_sensor_async to None, run_after=None
[2026-06-21T21:56:55.966-0500] {processor.py:183} INFO - Processing /Users/naga/Desktop/airflow_env/lib/python3.12/site-packages/airflow/example_dags/example_time_delta_sensor_async.py took 0.111 seconds
