[2026-06-21T19:47:10.628-0500] {processor.py:161} INFO - Started process (PID=61492) to work on /Users/naga/Desktop/airflow_env/lib/python3.12/site-packages/airflow/example_dags/example_task_group_decorator.py
[2026-06-21T19:47:10.629-0500] {processor.py:830} INFO - Processing file /Users/naga/Desktop/airflow_env/lib/python3.12/site-packages/airflow/example_dags/example_task_group_decorator.py for tasks to queue
[2026-06-21T19:47:10.630-0500] {logging_mixin.py:188} INFO - [2026-06-21T19:47:10.630-0500] {dagbag.py:545} INFO - Filling up the DagBag from /Users/naga/Desktop/airflow_env/lib/python3.12/site-packages/airflow/example_dags/example_task_group_decorator.py
[2026-06-21T19:47:10.669-0500] {processor.py:840} INFO - DAG(s) 'example_task_group_decorator' retrieved from /Users/naga/Desktop/airflow_env/lib/python3.12/site-packages/airflow/example_dags/example_task_group_decorator.py
[2026-06-21T19:47:10.745-0500] {logging_mixin.py:188} INFO - [2026-06-21T19:47:10.745-0500] {dag.py:3089} INFO - Sync 1 DAGs
[2026-06-21T19:47:10.758-0500] {logging_mixin.py:188} INFO - [2026-06-21T19:47:10.758-0500] {dag.py:3947} INFO - Setting next_dagrun for example_task_group_decorator to 2026-06-21 00:00:00+00:00, run_after=2026-06-22 00:00:00+00:00
[2026-06-21T19:47:10.772-0500] {processor.py:183} INFO - Processing /Users/naga/Desktop/airflow_env/lib/python3.12/site-packages/airflow/example_dags/example_task_group_decorator.py took 0.147 seconds
[2026-06-21T19:48:39.670-0500] {processor.py:161} INFO - Started process (PID=61566) to work on /Users/naga/Desktop/airflow_env/lib/python3.12/site-packages/airflow/example_dags/example_task_group_decorator.py
[2026-06-21T19:48:39.671-0500] {processor.py:830} INFO - Processing file /Users/naga/Desktop/airflow_env/lib/python3.12/site-packages/airflow/example_dags/example_task_group_decorator.py for tasks to queue
[2026-06-21T19:48:39.672-0500] {logging_mixin.py:188} INFO - [2026-06-21T19:48:39.672-0500] {dagbag.py:545} INFO - Filling up the DagBag from /Users/naga/Desktop/airflow_env/lib/python3.12/site-packages/airflow/example_dags/example_task_group_decorator.py
[2026-06-21T19:48:39.709-0500] {processor.py:840} INFO - DAG(s) 'example_task_group_decorator' retrieved from /Users/naga/Desktop/airflow_env/lib/python3.12/site-packages/airflow/example_dags/example_task_group_decorator.py
[2026-06-21T19:48:39.786-0500] {logging_mixin.py:188} INFO - [2026-06-21T19:48:39.786-0500] {dag.py:3089} INFO - Sync 1 DAGs
[2026-06-21T19:48:39.799-0500] {logging_mixin.py:188} INFO - [2026-06-21T19:48:39.798-0500] {dag.py:3947} INFO - Setting next_dagrun for example_task_group_decorator to 2026-06-21 00:00:00+00:00, run_after=2026-06-22 00:00:00+00:00
[2026-06-21T19:48:39.813-0500] {processor.py:183} INFO - Processing /Users/naga/Desktop/airflow_env/lib/python3.12/site-packages/airflow/example_dags/example_task_group_decorator.py took 0.145 seconds
[2026-06-21T19:50:17.558-0500] {processor.py:161} INFO - Started process (PID=61752) to work on /Users/naga/Desktop/airflow_env/lib/python3.12/site-packages/airflow/example_dags/example_task_group_decorator.py
[2026-06-21T19:50:17.560-0500] {processor.py:830} INFO - Processing file /Users/naga/Desktop/airflow_env/lib/python3.12/site-packages/airflow/example_dags/example_task_group_decorator.py for tasks to queue
[2026-06-21T19:50:17.560-0500] {logging_mixin.py:188} INFO - [2026-06-21T19:50:17.560-0500] {dagbag.py:545} INFO - Filling up the DagBag from /Users/naga/Desktop/airflow_env/lib/python3.12/site-packages/airflow/example_dags/example_task_group_decorator.py
[2026-06-21T19:50:17.597-0500] {processor.py:840} INFO - DAG(s) 'example_task_group_decorator' retrieved from /Users/naga/Desktop/airflow_env/lib/python3.12/site-packages/airflow/example_dags/example_task_group_decorator.py
[2026-06-21T19:50:17.674-0500] {logging_mixin.py:188} INFO - [2026-06-21T19:50:17.674-0500] {dag.py:3089} INFO - Sync 1 DAGs
[2026-06-21T19:50:17.687-0500] {logging_mixin.py:188} INFO - [2026-06-21T19:50:17.687-0500] {dag.py:3947} INFO - Setting next_dagrun for example_task_group_decorator to 2026-06-21 00:00:00+00:00, run_after=2026-06-22 00:00:00+00:00
[2026-06-21T19:50:17.703-0500] {processor.py:183} INFO - Processing /Users/naga/Desktop/airflow_env/lib/python3.12/site-packages/airflow/example_dags/example_task_group_decorator.py took 0.146 seconds
[2026-06-21T19:51:46.425-0500] {processor.py:161} INFO - Started process (PID=61806) to work on /Users/naga/Desktop/airflow_env/lib/python3.12/site-packages/airflow/example_dags/example_task_group_decorator.py
[2026-06-21T19:51:46.426-0500] {processor.py:830} INFO - Processing file /Users/naga/Desktop/airflow_env/lib/python3.12/site-packages/airflow/example_dags/example_task_group_decorator.py for tasks to queue
[2026-06-21T19:51:46.427-0500] {logging_mixin.py:188} INFO - [2026-06-21T19:51:46.427-0500] {dagbag.py:545} INFO - Filling up the DagBag from /Users/naga/Desktop/airflow_env/lib/python3.12/site-packages/airflow/example_dags/example_task_group_decorator.py
[2026-06-21T19:51:46.464-0500] {processor.py:840} INFO - DAG(s) 'example_task_group_decorator' retrieved from /Users/naga/Desktop/airflow_env/lib/python3.12/site-packages/airflow/example_dags/example_task_group_decorator.py
[2026-06-21T19:51:46.540-0500] {logging_mixin.py:188} INFO - [2026-06-21T19:51:46.540-0500] {dag.py:3089} INFO - Sync 1 DAGs
[2026-06-21T19:51:46.553-0500] {logging_mixin.py:188} INFO - [2026-06-21T19:51:46.553-0500] {dag.py:3947} INFO - Setting next_dagrun for example_task_group_decorator to 2026-06-21 00:00:00+00:00, run_after=2026-06-22 00:00:00+00:00
[2026-06-21T19:51:46.567-0500] {processor.py:183} INFO - Processing /Users/naga/Desktop/airflow_env/lib/python3.12/site-packages/airflow/example_dags/example_task_group_decorator.py took 0.144 seconds
[2026-06-21T19:53:10.847-0500] {processor.py:161} INFO - Started process (PID=61880) to work on /Users/naga/Desktop/airflow_env/lib/python3.12/site-packages/airflow/example_dags/example_task_group_decorator.py
[2026-06-21T19:53:10.848-0500] {processor.py:830} INFO - Processing file /Users/naga/Desktop/airflow_env/lib/python3.12/site-packages/airflow/example_dags/example_task_group_decorator.py for tasks to queue
[2026-06-21T19:53:10.849-0500] {logging_mixin.py:188} INFO - [2026-06-21T19:53:10.849-0500] {dagbag.py:545} INFO - Filling up the DagBag from /Users/naga/Desktop/airflow_env/lib/python3.12/site-packages/airflow/example_dags/example_task_group_decorator.py
[2026-06-21T19:53:10.886-0500] {processor.py:840} INFO - DAG(s) 'example_task_group_decorator' retrieved from /Users/naga/Desktop/airflow_env/lib/python3.12/site-packages/airflow/example_dags/example_task_group_decorator.py
[2026-06-21T19:53:10.961-0500] {logging_mixin.py:188} INFO - [2026-06-21T19:53:10.961-0500] {dag.py:3089} INFO - Sync 1 DAGs
[2026-06-21T19:53:10.973-0500] {logging_mixin.py:188} INFO - [2026-06-21T19:53:10.973-0500] {dag.py:3947} INFO - Setting next_dagrun for example_task_group_decorator to 2026-06-21 00:00:00+00:00, run_after=2026-06-22 00:00:00+00:00
[2026-06-21T19:53:10.987-0500] {processor.py:183} INFO - Processing /Users/naga/Desktop/airflow_env/lib/python3.12/site-packages/airflow/example_dags/example_task_group_decorator.py took 0.143 seconds
[2026-06-21T19:54:34.320-0500] {processor.py:161} INFO - Started process (PID=61948) to work on /Users/naga/Desktop/airflow_env/lib/python3.12/site-packages/airflow/example_dags/example_task_group_decorator.py
[2026-06-21T19:54:34.322-0500] {processor.py:830} INFO - Processing file /Users/naga/Desktop/airflow_env/lib/python3.12/site-packages/airflow/example_dags/example_task_group_decorator.py for tasks to queue
[2026-06-21T19:54:34.322-0500] {logging_mixin.py:188} INFO - [2026-06-21T19:54:34.322-0500] {dagbag.py:545} INFO - Filling up the DagBag from /Users/naga/Desktop/airflow_env/lib/python3.12/site-packages/airflow/example_dags/example_task_group_decorator.py
[2026-06-21T19:54:34.360-0500] {processor.py:840} INFO - DAG(s) 'example_task_group_decorator' retrieved from /Users/naga/Desktop/airflow_env/lib/python3.12/site-packages/airflow/example_dags/example_task_group_decorator.py
[2026-06-21T19:54:34.437-0500] {logging_mixin.py:188} INFO - [2026-06-21T19:54:34.437-0500] {dag.py:3089} INFO - Sync 1 DAGs
[2026-06-21T19:54:34.450-0500] {logging_mixin.py:188} INFO - [2026-06-21T19:54:34.450-0500] {dag.py:3947} INFO - Setting next_dagrun for example_task_group_decorator to 2026-06-21 00:00:00+00:00, run_after=2026-06-22 00:00:00+00:00
[2026-06-21T19:54:34.464-0500] {processor.py:183} INFO - Processing /Users/naga/Desktop/airflow_env/lib/python3.12/site-packages/airflow/example_dags/example_task_group_decorator.py took 0.146 seconds
[2026-06-21T19:55:59.561-0500] {processor.py:161} INFO - Started process (PID=62015) to work on /Users/naga/Desktop/airflow_env/lib/python3.12/site-packages/airflow/example_dags/example_task_group_decorator.py
[2026-06-21T19:55:59.562-0500] {processor.py:830} INFO - Processing file /Users/naga/Desktop/airflow_env/lib/python3.12/site-packages/airflow/example_dags/example_task_group_decorator.py for tasks to queue
[2026-06-21T19:55:59.563-0500] {logging_mixin.py:188} INFO - [2026-06-21T19:55:59.562-0500] {dagbag.py:545} INFO - Filling up the DagBag from /Users/naga/Desktop/airflow_env/lib/python3.12/site-packages/airflow/example_dags/example_task_group_decorator.py
[2026-06-21T19:55:59.600-0500] {processor.py:840} INFO - DAG(s) 'example_task_group_decorator' retrieved from /Users/naga/Desktop/airflow_env/lib/python3.12/site-packages/airflow/example_dags/example_task_group_decorator.py
[2026-06-21T19:55:59.675-0500] {logging_mixin.py:188} INFO - [2026-06-21T19:55:59.675-0500] {dag.py:3089} INFO - Sync 1 DAGs
[2026-06-21T19:55:59.688-0500] {logging_mixin.py:188} INFO - [2026-06-21T19:55:59.688-0500] {dag.py:3947} INFO - Setting next_dagrun for example_task_group_decorator to 2026-06-21 00:00:00+00:00, run_after=2026-06-22 00:00:00+00:00
[2026-06-21T19:55:59.702-0500] {processor.py:183} INFO - Processing /Users/naga/Desktop/airflow_env/lib/python3.12/site-packages/airflow/example_dags/example_task_group_decorator.py took 0.143 seconds
[2026-06-21T19:57:28.381-0500] {processor.py:161} INFO - Started process (PID=62079) to work on /Users/naga/Desktop/airflow_env/lib/python3.12/site-packages/airflow/example_dags/example_task_group_decorator.py
[2026-06-21T19:57:28.383-0500] {processor.py:830} INFO - Processing file /Users/naga/Desktop/airflow_env/lib/python3.12/site-packages/airflow/example_dags/example_task_group_decorator.py for tasks to queue
[2026-06-21T19:57:28.383-0500] {logging_mixin.py:188} INFO - [2026-06-21T19:57:28.383-0500] {dagbag.py:545} INFO - Filling up the DagBag from /Users/naga/Desktop/airflow_env/lib/python3.12/site-packages/airflow/example_dags/example_task_group_decorator.py
[2026-06-21T19:57:28.420-0500] {processor.py:840} INFO - DAG(s) 'example_task_group_decorator' retrieved from /Users/naga/Desktop/airflow_env/lib/python3.12/site-packages/airflow/example_dags/example_task_group_decorator.py
[2026-06-21T19:57:28.497-0500] {logging_mixin.py:188} INFO - [2026-06-21T19:57:28.497-0500] {dag.py:3089} INFO - Sync 1 DAGs
[2026-06-21T19:57:28.510-0500] {logging_mixin.py:188} INFO - [2026-06-21T19:57:28.510-0500] {dag.py:3947} INFO - Setting next_dagrun for example_task_group_decorator to 2026-06-21 00:00:00+00:00, run_after=2026-06-22 00:00:00+00:00
[2026-06-21T19:57:28.524-0500] {processor.py:183} INFO - Processing /Users/naga/Desktop/airflow_env/lib/python3.12/site-packages/airflow/example_dags/example_task_group_decorator.py took 0.145 seconds
[2026-06-21T19:58:55.445-0500] {processor.py:161} INFO - Started process (PID=62145) to work on /Users/naga/Desktop/airflow_env/lib/python3.12/site-packages/airflow/example_dags/example_task_group_decorator.py
[2026-06-21T19:58:55.447-0500] {processor.py:830} INFO - Processing file /Users/naga/Desktop/airflow_env/lib/python3.12/site-packages/airflow/example_dags/example_task_group_decorator.py for tasks to queue
[2026-06-21T19:58:55.447-0500] {logging_mixin.py:188} INFO - [2026-06-21T19:58:55.447-0500] {dagbag.py:545} INFO - Filling up the DagBag from /Users/naga/Desktop/airflow_env/lib/python3.12/site-packages/airflow/example_dags/example_task_group_decorator.py
[2026-06-21T19:58:55.484-0500] {processor.py:840} INFO - DAG(s) 'example_task_group_decorator' retrieved from /Users/naga/Desktop/airflow_env/lib/python3.12/site-packages/airflow/example_dags/example_task_group_decorator.py
[2026-06-21T19:58:55.562-0500] {logging_mixin.py:188} INFO - [2026-06-21T19:58:55.561-0500] {dag.py:3089} INFO - Sync 1 DAGs
[2026-06-21T19:58:55.574-0500] {logging_mixin.py:188} INFO - [2026-06-21T19:58:55.573-0500] {dag.py:3947} INFO - Setting next_dagrun for example_task_group_decorator to 2026-06-21 00:00:00+00:00, run_after=2026-06-22 00:00:00+00:00
[2026-06-21T19:58:55.589-0500] {processor.py:183} INFO - Processing /Users/naga/Desktop/airflow_env/lib/python3.12/site-packages/airflow/example_dags/example_task_group_decorator.py took 0.146 seconds
[2026-06-21T20:00:21.652-0500] {processor.py:161} INFO - Started process (PID=62225) to work on /Users/naga/Desktop/airflow_env/lib/python3.12/site-packages/airflow/example_dags/example_task_group_decorator.py
[2026-06-21T20:00:21.653-0500] {processor.py:830} INFO - Processing file /Users/naga/Desktop/airflow_env/lib/python3.12/site-packages/airflow/example_dags/example_task_group_decorator.py for tasks to queue
[2026-06-21T20:00:21.654-0500] {logging_mixin.py:188} INFO - [2026-06-21T20:00:21.653-0500] {dagbag.py:545} INFO - Filling up the DagBag from /Users/naga/Desktop/airflow_env/lib/python3.12/site-packages/airflow/example_dags/example_task_group_decorator.py
[2026-06-21T20:00:21.692-0500] {processor.py:840} INFO - DAG(s) 'example_task_group_decorator' retrieved from /Users/naga/Desktop/airflow_env/lib/python3.12/site-packages/airflow/example_dags/example_task_group_decorator.py
[2026-06-21T20:00:21.768-0500] {logging_mixin.py:188} INFO - [2026-06-21T20:00:21.768-0500] {dag.py:3089} INFO - Sync 1 DAGs
[2026-06-21T20:00:21.780-0500] {logging_mixin.py:188} INFO - [2026-06-21T20:00:21.780-0500] {dag.py:3947} INFO - Setting next_dagrun for example_task_group_decorator to 2026-06-21 00:00:00+00:00, run_after=2026-06-22 00:00:00+00:00
[2026-06-21T20:00:21.795-0500] {processor.py:183} INFO - Processing /Users/naga/Desktop/airflow_env/lib/python3.12/site-packages/airflow/example_dags/example_task_group_decorator.py took 0.145 seconds
[2026-06-21T20:01:47.241-0500] {processor.py:161} INFO - Started process (PID=62275) to work on /Users/naga/Desktop/airflow_env/lib/python3.12/site-packages/airflow/example_dags/example_task_group_decorator.py
[2026-06-21T20:01:47.242-0500] {processor.py:830} INFO - Processing file /Users/naga/Desktop/airflow_env/lib/python3.12/site-packages/airflow/example_dags/example_task_group_decorator.py for tasks to queue
[2026-06-21T20:01:47.243-0500] {logging_mixin.py:188} INFO - [2026-06-21T20:01:47.243-0500] {dagbag.py:545} INFO - Filling up the DagBag from /Users/naga/Desktop/airflow_env/lib/python3.12/site-packages/airflow/example_dags/example_task_group_decorator.py
[2026-06-21T20:01:47.280-0500] {processor.py:840} INFO - DAG(s) 'example_task_group_decorator' retrieved from /Users/naga/Desktop/airflow_env/lib/python3.12/site-packages/airflow/example_dags/example_task_group_decorator.py
[2026-06-21T20:01:47.357-0500] {logging_mixin.py:188} INFO - [2026-06-21T20:01:47.356-0500] {dag.py:3089} INFO - Sync 1 DAGs
[2026-06-21T20:01:47.368-0500] {logging_mixin.py:188} INFO - [2026-06-21T20:01:47.368-0500] {dag.py:3947} INFO - Setting next_dagrun for example_task_group_decorator to 2026-06-21 00:00:00+00:00, run_after=2026-06-22 00:00:00+00:00
[2026-06-21T20:01:47.383-0500] {processor.py:183} INFO - Processing /Users/naga/Desktop/airflow_env/lib/python3.12/site-packages/airflow/example_dags/example_task_group_decorator.py took 0.144 seconds
[2026-06-21T20:03:13.712-0500] {processor.py:161} INFO - Started process (PID=62340) to work on /Users/naga/Desktop/airflow_env/lib/python3.12/site-packages/airflow/example_dags/example_task_group_decorator.py
[2026-06-21T20:03:13.713-0500] {processor.py:830} INFO - Processing file /Users/naga/Desktop/airflow_env/lib/python3.12/site-packages/airflow/example_dags/example_task_group_decorator.py for tasks to queue
[2026-06-21T20:03:13.714-0500] {logging_mixin.py:188} INFO - [2026-06-21T20:03:13.714-0500] {dagbag.py:545} INFO - Filling up the DagBag from /Users/naga/Desktop/airflow_env/lib/python3.12/site-packages/airflow/example_dags/example_task_group_decorator.py
[2026-06-21T20:03:13.751-0500] {processor.py:840} INFO - DAG(s) 'example_task_group_decorator' retrieved from /Users/naga/Desktop/airflow_env/lib/python3.12/site-packages/airflow/example_dags/example_task_group_decorator.py
[2026-06-21T20:03:13.828-0500] {logging_mixin.py:188} INFO - [2026-06-21T20:03:13.827-0500] {dag.py:3089} INFO - Sync 1 DAGs
[2026-06-21T20:03:13.840-0500] {logging_mixin.py:188} INFO - [2026-06-21T20:03:13.840-0500] {dag.py:3947} INFO - Setting next_dagrun for example_task_group_decorator to 2026-06-21 00:00:00+00:00, run_after=2026-06-22 00:00:00+00:00
[2026-06-21T20:03:13.855-0500] {processor.py:183} INFO - Processing /Users/naga/Desktop/airflow_env/lib/python3.12/site-packages/airflow/example_dags/example_task_group_decorator.py took 0.145 seconds
[2026-06-21T20:04:40.260-0500] {processor.py:161} INFO - Started process (PID=62411) to work on /Users/naga/Desktop/airflow_env/lib/python3.12/site-packages/airflow/example_dags/example_task_group_decorator.py
[2026-06-21T20:04:40.261-0500] {processor.py:830} INFO - Processing file /Users/naga/Desktop/airflow_env/lib/python3.12/site-packages/airflow/example_dags/example_task_group_decorator.py for tasks to queue
[2026-06-21T20:04:40.261-0500] {logging_mixin.py:188} INFO - [2026-06-21T20:04:40.261-0500] {dagbag.py:545} INFO - Filling up the DagBag from /Users/naga/Desktop/airflow_env/lib/python3.12/site-packages/airflow/example_dags/example_task_group_decorator.py
[2026-06-21T20:04:40.299-0500] {processor.py:840} INFO - DAG(s) 'example_task_group_decorator' retrieved from /Users/naga/Desktop/airflow_env/lib/python3.12/site-packages/airflow/example_dags/example_task_group_decorator.py
[2026-06-21T20:04:40.377-0500] {logging_mixin.py:188} INFO - [2026-06-21T20:04:40.376-0500] {dag.py:3089} INFO - Sync 1 DAGs
[2026-06-21T20:04:40.389-0500] {logging_mixin.py:188} INFO - [2026-06-21T20:04:40.389-0500] {dag.py:3947} INFO - Setting next_dagrun for example_task_group_decorator to 2026-06-21 00:00:00+00:00, run_after=2026-06-22 00:00:00+00:00
[2026-06-21T20:04:40.403-0500] {processor.py:183} INFO - Processing /Users/naga/Desktop/airflow_env/lib/python3.12/site-packages/airflow/example_dags/example_task_group_decorator.py took 0.146 seconds
[2026-06-21T20:06:06.511-0500] {processor.py:161} INFO - Started process (PID=62487) to work on /Users/naga/Desktop/airflow_env/lib/python3.12/site-packages/airflow/example_dags/example_task_group_decorator.py
[2026-06-21T20:06:06.512-0500] {processor.py:830} INFO - Processing file /Users/naga/Desktop/airflow_env/lib/python3.12/site-packages/airflow/example_dags/example_task_group_decorator.py for tasks to queue
[2026-06-21T20:06:06.513-0500] {logging_mixin.py:188} INFO - [2026-06-21T20:06:06.513-0500] {dagbag.py:545} INFO - Filling up the DagBag from /Users/naga/Desktop/airflow_env/lib/python3.12/site-packages/airflow/example_dags/example_task_group_decorator.py
[2026-06-21T20:06:06.551-0500] {processor.py:840} INFO - DAG(s) 'example_task_group_decorator' retrieved from /Users/naga/Desktop/airflow_env/lib/python3.12/site-packages/airflow/example_dags/example_task_group_decorator.py
[2026-06-21T20:06:06.630-0500] {logging_mixin.py:188} INFO - [2026-06-21T20:06:06.629-0500] {dag.py:3089} INFO - Sync 1 DAGs
[2026-06-21T20:06:06.643-0500] {logging_mixin.py:188} INFO - [2026-06-21T20:06:06.643-0500] {dag.py:3947} INFO - Setting next_dagrun for example_task_group_decorator to 2026-06-21 00:00:00+00:00, run_after=2026-06-22 00:00:00+00:00
[2026-06-21T20:06:06.658-0500] {processor.py:183} INFO - Processing /Users/naga/Desktop/airflow_env/lib/python3.12/site-packages/airflow/example_dags/example_task_group_decorator.py took 0.149 seconds
[2026-06-21T20:07:37.424-0500] {processor.py:161} INFO - Started process (PID=62538) to work on /Users/naga/Desktop/airflow_env/lib/python3.12/site-packages/airflow/example_dags/example_task_group_decorator.py
[2026-06-21T20:07:37.426-0500] {processor.py:830} INFO - Processing file /Users/naga/Desktop/airflow_env/lib/python3.12/site-packages/airflow/example_dags/example_task_group_decorator.py for tasks to queue
[2026-06-21T20:07:37.427-0500] {logging_mixin.py:188} INFO - [2026-06-21T20:07:37.427-0500] {dagbag.py:545} INFO - Filling up the DagBag from /Users/naga/Desktop/airflow_env/lib/python3.12/site-packages/airflow/example_dags/example_task_group_decorator.py
[2026-06-21T20:07:37.505-0500] {processor.py:840} INFO - DAG(s) 'example_task_group_decorator' retrieved from /Users/naga/Desktop/airflow_env/lib/python3.12/site-packages/airflow/example_dags/example_task_group_decorator.py
[2026-06-21T20:07:37.642-0500] {logging_mixin.py:188} INFO - [2026-06-21T20:07:37.641-0500] {dag.py:3089} INFO - Sync 1 DAGs
[2026-06-21T20:07:37.658-0500] {logging_mixin.py:188} INFO - [2026-06-21T20:07:37.658-0500] {dag.py:3947} INFO - Setting next_dagrun for example_task_group_decorator to 2026-06-21 00:00:00+00:00, run_after=2026-06-22 00:00:00+00:00
[2026-06-21T20:07:37.678-0500] {processor.py:183} INFO - Processing /Users/naga/Desktop/airflow_env/lib/python3.12/site-packages/airflow/example_dags/example_task_group_decorator.py took 0.261 seconds
[2026-06-21T20:09:12.475-0500] {processor.py:161} INFO - Started process (PID=62624) to work on /Users/naga/Desktop/airflow_env/lib/python3.12/site-packages/airflow/example_dags/example_task_group_decorator.py
[2026-06-21T20:09:12.477-0500] {processor.py:830} INFO - Processing file /Users/naga/Desktop/airflow_env/lib/python3.12/site-packages/airflow/example_dags/example_task_group_decorator.py for tasks to queue
[2026-06-21T20:09:12.477-0500] {logging_mixin.py:188} INFO - [2026-06-21T20:09:12.477-0500] {dagbag.py:545} INFO - Filling up the DagBag from /Users/naga/Desktop/airflow_env/lib/python3.12/site-packages/airflow/example_dags/example_task_group_decorator.py
[2026-06-21T20:09:12.518-0500] {processor.py:840} INFO - DAG(s) 'example_task_group_decorator' retrieved from /Users/naga/Desktop/airflow_env/lib/python3.12/site-packages/airflow/example_dags/example_task_group_decorator.py
[2026-06-21T20:09:12.602-0500] {logging_mixin.py:188} INFO - [2026-06-21T20:09:12.601-0500] {dag.py:3089} INFO - Sync 1 DAGs
[2026-06-21T20:09:12.615-0500] {logging_mixin.py:188} INFO - [2026-06-21T20:09:12.615-0500] {dag.py:3947} INFO - Setting next_dagrun for example_task_group_decorator to 2026-06-21 00:00:00+00:00, run_after=2026-06-22 00:00:00+00:00
[2026-06-21T20:09:12.631-0500] {processor.py:183} INFO - Processing /Users/naga/Desktop/airflow_env/lib/python3.12/site-packages/airflow/example_dags/example_task_group_decorator.py took 0.158 seconds
[2026-06-21T20:38:06.757-0500] {processor.py:161} INFO - Started process (PID=62740) to work on /Users/naga/Desktop/airflow_env/lib/python3.12/site-packages/airflow/example_dags/example_task_group_decorator.py
[2026-06-21T20:38:06.759-0500] {processor.py:830} INFO - Processing file /Users/naga/Desktop/airflow_env/lib/python3.12/site-packages/airflow/example_dags/example_task_group_decorator.py for tasks to queue
[2026-06-21T20:38:06.759-0500] {logging_mixin.py:188} INFO - [2026-06-21T20:38:06.759-0500] {dagbag.py:545} INFO - Filling up the DagBag from /Users/naga/Desktop/airflow_env/lib/python3.12/site-packages/airflow/example_dags/example_task_group_decorator.py
[2026-06-21T20:38:06.797-0500] {processor.py:840} INFO - DAG(s) 'example_task_group_decorator' retrieved from /Users/naga/Desktop/airflow_env/lib/python3.12/site-packages/airflow/example_dags/example_task_group_decorator.py
[2026-06-21T20:38:06.873-0500] {logging_mixin.py:188} INFO - [2026-06-21T20:38:06.873-0500] {dag.py:3089} INFO - Sync 1 DAGs
[2026-06-21T20:38:06.886-0500] {logging_mixin.py:188} INFO - [2026-06-21T20:38:06.886-0500] {dag.py:3947} INFO - Setting next_dagrun for example_task_group_decorator to 2026-06-21 00:00:00+00:00, run_after=2026-06-22 00:00:00+00:00
[2026-06-21T20:38:06.900-0500] {processor.py:183} INFO - Processing /Users/naga/Desktop/airflow_env/lib/python3.12/site-packages/airflow/example_dags/example_task_group_decorator.py took 0.144 seconds
[2026-06-21T20:39:40.235-0500] {processor.py:161} INFO - Started process (PID=62838) to work on /Users/naga/Desktop/airflow_env/lib/python3.12/site-packages/airflow/example_dags/example_task_group_decorator.py
[2026-06-21T20:39:40.237-0500] {processor.py:830} INFO - Processing file /Users/naga/Desktop/airflow_env/lib/python3.12/site-packages/airflow/example_dags/example_task_group_decorator.py for tasks to queue
[2026-06-21T20:39:40.237-0500] {logging_mixin.py:188} INFO - [2026-06-21T20:39:40.237-0500] {dagbag.py:545} INFO - Filling up the DagBag from /Users/naga/Desktop/airflow_env/lib/python3.12/site-packages/airflow/example_dags/example_task_group_decorator.py
[2026-06-21T20:39:40.275-0500] {processor.py:840} INFO - DAG(s) 'example_task_group_decorator' retrieved from /Users/naga/Desktop/airflow_env/lib/python3.12/site-packages/airflow/example_dags/example_task_group_decorator.py
[2026-06-21T20:39:40.352-0500] {logging_mixin.py:188} INFO - [2026-06-21T20:39:40.351-0500] {dag.py:3089} INFO - Sync 1 DAGs
[2026-06-21T20:39:40.364-0500] {logging_mixin.py:188} INFO - [2026-06-21T20:39:40.364-0500] {dag.py:3947} INFO - Setting next_dagrun for example_task_group_decorator to 2026-06-21 00:00:00+00:00, run_after=2026-06-22 00:00:00+00:00
[2026-06-21T20:39:40.379-0500] {processor.py:183} INFO - Processing /Users/naga/Desktop/airflow_env/lib/python3.12/site-packages/airflow/example_dags/example_task_group_decorator.py took 0.146 seconds
[2026-06-21T20:41:14.569-0500] {processor.py:161} INFO - Started process (PID=63008) to work on /Users/naga/Desktop/airflow_env/lib/python3.12/site-packages/airflow/example_dags/example_task_group_decorator.py
[2026-06-21T20:41:14.570-0500] {processor.py:830} INFO - Processing file /Users/naga/Desktop/airflow_env/lib/python3.12/site-packages/airflow/example_dags/example_task_group_decorator.py for tasks to queue
[2026-06-21T20:41:14.571-0500] {logging_mixin.py:188} INFO - [2026-06-21T20:41:14.571-0500] {dagbag.py:545} INFO - Filling up the DagBag from /Users/naga/Desktop/airflow_env/lib/python3.12/site-packages/airflow/example_dags/example_task_group_decorator.py
[2026-06-21T20:41:14.609-0500] {processor.py:840} INFO - DAG(s) 'example_task_group_decorator' retrieved from /Users/naga/Desktop/airflow_env/lib/python3.12/site-packages/airflow/example_dags/example_task_group_decorator.py
[2026-06-21T20:41:14.689-0500] {logging_mixin.py:188} INFO - [2026-06-21T20:41:14.689-0500] {dag.py:3089} INFO - Sync 1 DAGs
[2026-06-21T20:41:14.703-0500] {logging_mixin.py:188} INFO - [2026-06-21T20:41:14.703-0500] {dag.py:3947} INFO - Setting next_dagrun for example_task_group_decorator to 2026-06-21 00:00:00+00:00, run_after=2026-06-22 00:00:00+00:00
[2026-06-21T20:41:14.717-0500] {processor.py:183} INFO - Processing /Users/naga/Desktop/airflow_env/lib/python3.12/site-packages/airflow/example_dags/example_task_group_decorator.py took 0.150 seconds
[2026-06-21T20:42:45.139-0500] {processor.py:161} INFO - Started process (PID=63084) to work on /Users/naga/Desktop/airflow_env/lib/python3.12/site-packages/airflow/example_dags/example_task_group_decorator.py
[2026-06-21T20:42:45.140-0500] {processor.py:830} INFO - Processing file /Users/naga/Desktop/airflow_env/lib/python3.12/site-packages/airflow/example_dags/example_task_group_decorator.py for tasks to queue
[2026-06-21T20:42:45.141-0500] {logging_mixin.py:188} INFO - [2026-06-21T20:42:45.140-0500] {dagbag.py:545} INFO - Filling up the DagBag from /Users/naga/Desktop/airflow_env/lib/python3.12/site-packages/airflow/example_dags/example_task_group_decorator.py
[2026-06-21T20:42:45.178-0500] {processor.py:840} INFO - DAG(s) 'example_task_group_decorator' retrieved from /Users/naga/Desktop/airflow_env/lib/python3.12/site-packages/airflow/example_dags/example_task_group_decorator.py
[2026-06-21T20:42:45.256-0500] {logging_mixin.py:188} INFO - [2026-06-21T20:42:45.256-0500] {dag.py:3089} INFO - Sync 1 DAGs
[2026-06-21T20:42:45.269-0500] {logging_mixin.py:188} INFO - [2026-06-21T20:42:45.268-0500] {dag.py:3947} INFO - Setting next_dagrun for example_task_group_decorator to 2026-06-21 00:00:00+00:00, run_after=2026-06-22 00:00:00+00:00
[2026-06-21T20:42:45.283-0500] {processor.py:183} INFO - Processing /Users/naga/Desktop/airflow_env/lib/python3.12/site-packages/airflow/example_dags/example_task_group_decorator.py took 0.146 seconds
[2026-06-21T20:44:10.195-0500] {processor.py:161} INFO - Started process (PID=63181) to work on /Users/naga/Desktop/airflow_env/lib/python3.12/site-packages/airflow/example_dags/example_task_group_decorator.py
[2026-06-21T20:44:10.197-0500] {processor.py:830} INFO - Processing file /Users/naga/Desktop/airflow_env/lib/python3.12/site-packages/airflow/example_dags/example_task_group_decorator.py for tasks to queue
[2026-06-21T20:44:10.197-0500] {logging_mixin.py:188} INFO - [2026-06-21T20:44:10.197-0500] {dagbag.py:545} INFO - Filling up the DagBag from /Users/naga/Desktop/airflow_env/lib/python3.12/site-packages/airflow/example_dags/example_task_group_decorator.py
[2026-06-21T20:44:10.234-0500] {processor.py:840} INFO - DAG(s) 'example_task_group_decorator' retrieved from /Users/naga/Desktop/airflow_env/lib/python3.12/site-packages/airflow/example_dags/example_task_group_decorator.py
[2026-06-21T20:44:10.311-0500] {logging_mixin.py:188} INFO - [2026-06-21T20:44:10.310-0500] {dag.py:3089} INFO - Sync 1 DAGs
[2026-06-21T20:44:10.323-0500] {logging_mixin.py:188} INFO - [2026-06-21T20:44:10.322-0500] {dag.py:3947} INFO - Setting next_dagrun for example_task_group_decorator to 2026-06-21 00:00:00+00:00, run_after=2026-06-22 00:00:00+00:00
[2026-06-21T20:44:10.337-0500] {processor.py:183} INFO - Processing /Users/naga/Desktop/airflow_env/lib/python3.12/site-packages/airflow/example_dags/example_task_group_decorator.py took 0.143 seconds
[2026-06-21T20:45:36.839-0500] {processor.py:161} INFO - Started process (PID=63258) to work on /Users/naga/Desktop/airflow_env/lib/python3.12/site-packages/airflow/example_dags/example_task_group_decorator.py
[2026-06-21T20:45:36.840-0500] {processor.py:830} INFO - Processing file /Users/naga/Desktop/airflow_env/lib/python3.12/site-packages/airflow/example_dags/example_task_group_decorator.py for tasks to queue
[2026-06-21T20:45:36.841-0500] {logging_mixin.py:188} INFO - [2026-06-21T20:45:36.841-0500] {dagbag.py:545} INFO - Filling up the DagBag from /Users/naga/Desktop/airflow_env/lib/python3.12/site-packages/airflow/example_dags/example_task_group_decorator.py
[2026-06-21T20:45:36.880-0500] {processor.py:840} INFO - DAG(s) 'example_task_group_decorator' retrieved from /Users/naga/Desktop/airflow_env/lib/python3.12/site-packages/airflow/example_dags/example_task_group_decorator.py
[2026-06-21T20:45:36.957-0500] {logging_mixin.py:188} INFO - [2026-06-21T20:45:36.956-0500] {dag.py:3089} INFO - Sync 1 DAGs
[2026-06-21T20:45:36.969-0500] {logging_mixin.py:188} INFO - [2026-06-21T20:45:36.969-0500] {dag.py:3947} INFO - Setting next_dagrun for example_task_group_decorator to 2026-06-21 00:00:00+00:00, run_after=2026-06-22 00:00:00+00:00
[2026-06-21T20:45:36.983-0500] {processor.py:183} INFO - Processing /Users/naga/Desktop/airflow_env/lib/python3.12/site-packages/airflow/example_dags/example_task_group_decorator.py took 0.147 seconds
[2026-06-21T20:47:02.110-0500] {processor.py:161} INFO - Started process (PID=63344) to work on /Users/naga/Desktop/airflow_env/lib/python3.12/site-packages/airflow/example_dags/example_task_group_decorator.py
[2026-06-21T20:47:02.111-0500] {processor.py:830} INFO - Processing file /Users/naga/Desktop/airflow_env/lib/python3.12/site-packages/airflow/example_dags/example_task_group_decorator.py for tasks to queue
[2026-06-21T20:47:02.112-0500] {logging_mixin.py:188} INFO - [2026-06-21T20:47:02.112-0500] {dagbag.py:545} INFO - Filling up the DagBag from /Users/naga/Desktop/airflow_env/lib/python3.12/site-packages/airflow/example_dags/example_task_group_decorator.py
[2026-06-21T20:47:02.149-0500] {processor.py:840} INFO - DAG(s) 'example_task_group_decorator' retrieved from /Users/naga/Desktop/airflow_env/lib/python3.12/site-packages/airflow/example_dags/example_task_group_decorator.py
[2026-06-21T20:47:02.227-0500] {logging_mixin.py:188} INFO - [2026-06-21T20:47:02.227-0500] {dag.py:3089} INFO - Sync 1 DAGs
[2026-06-21T20:47:02.239-0500] {logging_mixin.py:188} INFO - [2026-06-21T20:47:02.239-0500] {dag.py:3947} INFO - Setting next_dagrun for example_task_group_decorator to 2026-06-21 00:00:00+00:00, run_after=2026-06-22 00:00:00+00:00
[2026-06-21T20:47:02.254-0500] {processor.py:183} INFO - Processing /Users/naga/Desktop/airflow_env/lib/python3.12/site-packages/airflow/example_dags/example_task_group_decorator.py took 0.146 seconds
[2026-06-21T20:48:26.115-0500] {processor.py:161} INFO - Started process (PID=63391) to work on /Users/naga/Desktop/airflow_env/lib/python3.12/site-packages/airflow/example_dags/example_task_group_decorator.py
[2026-06-21T20:48:26.116-0500] {processor.py:830} INFO - Processing file /Users/naga/Desktop/airflow_env/lib/python3.12/site-packages/airflow/example_dags/example_task_group_decorator.py for tasks to queue
[2026-06-21T20:48:26.117-0500] {logging_mixin.py:188} INFO - [2026-06-21T20:48:26.117-0500] {dagbag.py:545} INFO - Filling up the DagBag from /Users/naga/Desktop/airflow_env/lib/python3.12/site-packages/airflow/example_dags/example_task_group_decorator.py
[2026-06-21T20:48:26.154-0500] {processor.py:840} INFO - DAG(s) 'example_task_group_decorator' retrieved from /Users/naga/Desktop/airflow_env/lib/python3.12/site-packages/airflow/example_dags/example_task_group_decorator.py
[2026-06-21T20:48:26.232-0500] {logging_mixin.py:188} INFO - [2026-06-21T20:48:26.232-0500] {dag.py:3089} INFO - Sync 1 DAGs
[2026-06-21T20:48:26.244-0500] {logging_mixin.py:188} INFO - [2026-06-21T20:48:26.244-0500] {dag.py:3947} INFO - Setting next_dagrun for example_task_group_decorator to 2026-06-21 00:00:00+00:00, run_after=2026-06-22 00:00:00+00:00
[2026-06-21T20:48:26.258-0500] {processor.py:183} INFO - Processing /Users/naga/Desktop/airflow_env/lib/python3.12/site-packages/airflow/example_dags/example_task_group_decorator.py took 0.145 seconds
[2026-06-21T20:49:50.880-0500] {processor.py:161} INFO - Started process (PID=63460) to work on /Users/naga/Desktop/airflow_env/lib/python3.12/site-packages/airflow/example_dags/example_task_group_decorator.py
[2026-06-21T20:49:50.881-0500] {processor.py:830} INFO - Processing file /Users/naga/Desktop/airflow_env/lib/python3.12/site-packages/airflow/example_dags/example_task_group_decorator.py for tasks to queue
[2026-06-21T20:49:50.881-0500] {logging_mixin.py:188} INFO - [2026-06-21T20:49:50.881-0500] {dagbag.py:545} INFO - Filling up the DagBag from /Users/naga/Desktop/airflow_env/lib/python3.12/site-packages/airflow/example_dags/example_task_group_decorator.py
[2026-06-21T20:49:50.918-0500] {processor.py:840} INFO - DAG(s) 'example_task_group_decorator' retrieved from /Users/naga/Desktop/airflow_env/lib/python3.12/site-packages/airflow/example_dags/example_task_group_decorator.py
[2026-06-21T20:49:50.994-0500] {logging_mixin.py:188} INFO - [2026-06-21T20:49:50.994-0500] {dag.py:3089} INFO - Sync 1 DAGs
[2026-06-21T20:49:51.006-0500] {logging_mixin.py:188} INFO - [2026-06-21T20:49:51.006-0500] {dag.py:3947} INFO - Setting next_dagrun for example_task_group_decorator to 2026-06-21 00:00:00+00:00, run_after=2026-06-22 00:00:00+00:00
[2026-06-21T20:49:51.020-0500] {processor.py:183} INFO - Processing /Users/naga/Desktop/airflow_env/lib/python3.12/site-packages/airflow/example_dags/example_task_group_decorator.py took 0.143 seconds
[2026-06-21T20:51:19.414-0500] {processor.py:161} INFO - Started process (PID=63533) to work on /Users/naga/Desktop/airflow_env/lib/python3.12/site-packages/airflow/example_dags/example_task_group_decorator.py
[2026-06-21T20:51:19.415-0500] {processor.py:830} INFO - Processing file /Users/naga/Desktop/airflow_env/lib/python3.12/site-packages/airflow/example_dags/example_task_group_decorator.py for tasks to queue
[2026-06-21T20:51:19.416-0500] {logging_mixin.py:188} INFO - [2026-06-21T20:51:19.416-0500] {dagbag.py:545} INFO - Filling up the DagBag from /Users/naga/Desktop/airflow_env/lib/python3.12/site-packages/airflow/example_dags/example_task_group_decorator.py
[2026-06-21T20:51:19.453-0500] {processor.py:840} INFO - DAG(s) 'example_task_group_decorator' retrieved from /Users/naga/Desktop/airflow_env/lib/python3.12/site-packages/airflow/example_dags/example_task_group_decorator.py
[2026-06-21T20:51:19.530-0500] {logging_mixin.py:188} INFO - [2026-06-21T20:51:19.529-0500] {dag.py:3089} INFO - Sync 1 DAGs
[2026-06-21T20:51:19.542-0500] {logging_mixin.py:188} INFO - [2026-06-21T20:51:19.541-0500] {dag.py:3947} INFO - Setting next_dagrun for example_task_group_decorator to 2026-06-21 00:00:00+00:00, run_after=2026-06-22 00:00:00+00:00
[2026-06-21T20:51:19.556-0500] {processor.py:183} INFO - Processing /Users/naga/Desktop/airflow_env/lib/python3.12/site-packages/airflow/example_dags/example_task_group_decorator.py took 0.144 seconds
[2026-06-21T20:52:48.542-0500] {processor.py:161} INFO - Started process (PID=63607) to work on /Users/naga/Desktop/airflow_env/lib/python3.12/site-packages/airflow/example_dags/example_task_group_decorator.py
[2026-06-21T20:52:48.543-0500] {processor.py:830} INFO - Processing file /Users/naga/Desktop/airflow_env/lib/python3.12/site-packages/airflow/example_dags/example_task_group_decorator.py for tasks to queue
[2026-06-21T20:52:48.543-0500] {logging_mixin.py:188} INFO - [2026-06-21T20:52:48.543-0500] {dagbag.py:545} INFO - Filling up the DagBag from /Users/naga/Desktop/airflow_env/lib/python3.12/site-packages/airflow/example_dags/example_task_group_decorator.py
[2026-06-21T20:52:48.581-0500] {processor.py:840} INFO - DAG(s) 'example_task_group_decorator' retrieved from /Users/naga/Desktop/airflow_env/lib/python3.12/site-packages/airflow/example_dags/example_task_group_decorator.py
[2026-06-21T20:52:48.658-0500] {logging_mixin.py:188} INFO - [2026-06-21T20:52:48.657-0500] {dag.py:3089} INFO - Sync 1 DAGs
[2026-06-21T20:52:48.670-0500] {logging_mixin.py:188} INFO - [2026-06-21T20:52:48.670-0500] {dag.py:3947} INFO - Setting next_dagrun for example_task_group_decorator to 2026-06-21 00:00:00+00:00, run_after=2026-06-22 00:00:00+00:00
[2026-06-21T20:52:48.684-0500] {processor.py:183} INFO - Processing /Users/naga/Desktop/airflow_env/lib/python3.12/site-packages/airflow/example_dags/example_task_group_decorator.py took 0.144 seconds
[2026-06-21T20:54:17.041-0500] {processor.py:161} INFO - Started process (PID=63683) to work on /Users/naga/Desktop/airflow_env/lib/python3.12/site-packages/airflow/example_dags/example_task_group_decorator.py
[2026-06-21T20:54:17.042-0500] {processor.py:830} INFO - Processing file /Users/naga/Desktop/airflow_env/lib/python3.12/site-packages/airflow/example_dags/example_task_group_decorator.py for tasks to queue
[2026-06-21T20:54:17.043-0500] {logging_mixin.py:188} INFO - [2026-06-21T20:54:17.043-0500] {dagbag.py:545} INFO - Filling up the DagBag from /Users/naga/Desktop/airflow_env/lib/python3.12/site-packages/airflow/example_dags/example_task_group_decorator.py
[2026-06-21T20:54:17.083-0500] {processor.py:840} INFO - DAG(s) 'example_task_group_decorator' retrieved from /Users/naga/Desktop/airflow_env/lib/python3.12/site-packages/airflow/example_dags/example_task_group_decorator.py
[2026-06-21T20:54:17.162-0500] {logging_mixin.py:188} INFO - [2026-06-21T20:54:17.161-0500] {dag.py:3089} INFO - Sync 1 DAGs
[2026-06-21T20:54:17.175-0500] {logging_mixin.py:188} INFO - [2026-06-21T20:54:17.174-0500] {dag.py:3947} INFO - Setting next_dagrun for example_task_group_decorator to 2026-06-21 00:00:00+00:00, run_after=2026-06-22 00:00:00+00:00
[2026-06-21T20:54:17.189-0500] {processor.py:183} INFO - Processing /Users/naga/Desktop/airflow_env/lib/python3.12/site-packages/airflow/example_dags/example_task_group_decorator.py took 0.150 seconds
[2026-06-21T20:55:47.339-0500] {processor.py:161} INFO - Started process (PID=63839) to work on /Users/naga/Desktop/airflow_env/lib/python3.12/site-packages/airflow/example_dags/example_task_group_decorator.py
[2026-06-21T20:55:47.341-0500] {processor.py:830} INFO - Processing file /Users/naga/Desktop/airflow_env/lib/python3.12/site-packages/airflow/example_dags/example_task_group_decorator.py for tasks to queue
[2026-06-21T20:55:47.341-0500] {logging_mixin.py:188} INFO - [2026-06-21T20:55:47.341-0500] {dagbag.py:545} INFO - Filling up the DagBag from /Users/naga/Desktop/airflow_env/lib/python3.12/site-packages/airflow/example_dags/example_task_group_decorator.py
[2026-06-21T20:55:47.379-0500] {processor.py:840} INFO - DAG(s) 'example_task_group_decorator' retrieved from /Users/naga/Desktop/airflow_env/lib/python3.12/site-packages/airflow/example_dags/example_task_group_decorator.py
[2026-06-21T20:55:47.457-0500] {logging_mixin.py:188} INFO - [2026-06-21T20:55:47.456-0500] {dag.py:3089} INFO - Sync 1 DAGs
[2026-06-21T20:55:47.470-0500] {logging_mixin.py:188} INFO - [2026-06-21T20:55:47.470-0500] {dag.py:3947} INFO - Setting next_dagrun for example_task_group_decorator to 2026-06-21 00:00:00+00:00, run_after=2026-06-22 00:00:00+00:00
[2026-06-21T20:55:47.484-0500] {processor.py:183} INFO - Processing /Users/naga/Desktop/airflow_env/lib/python3.12/site-packages/airflow/example_dags/example_task_group_decorator.py took 0.147 seconds
[2026-06-21T20:57:14.506-0500] {processor.py:161} INFO - Started process (PID=63926) to work on /Users/naga/Desktop/airflow_env/lib/python3.12/site-packages/airflow/example_dags/example_task_group_decorator.py
[2026-06-21T20:57:14.508-0500] {processor.py:830} INFO - Processing file /Users/naga/Desktop/airflow_env/lib/python3.12/site-packages/airflow/example_dags/example_task_group_decorator.py for tasks to queue
[2026-06-21T20:57:14.509-0500] {logging_mixin.py:188} INFO - [2026-06-21T20:57:14.509-0500] {dagbag.py:545} INFO - Filling up the DagBag from /Users/naga/Desktop/airflow_env/lib/python3.12/site-packages/airflow/example_dags/example_task_group_decorator.py
[2026-06-21T20:57:14.546-0500] {processor.py:840} INFO - DAG(s) 'example_task_group_decorator' retrieved from /Users/naga/Desktop/airflow_env/lib/python3.12/site-packages/airflow/example_dags/example_task_group_decorator.py
[2026-06-21T20:57:14.624-0500] {logging_mixin.py:188} INFO - [2026-06-21T20:57:14.624-0500] {dag.py:3089} INFO - Sync 1 DAGs
[2026-06-21T20:57:14.637-0500] {logging_mixin.py:188} INFO - [2026-06-21T20:57:14.637-0500] {dag.py:3947} INFO - Setting next_dagrun for example_task_group_decorator to 2026-06-21 00:00:00+00:00, run_after=2026-06-22 00:00:00+00:00
[2026-06-21T20:57:14.651-0500] {processor.py:183} INFO - Processing /Users/naga/Desktop/airflow_env/lib/python3.12/site-packages/airflow/example_dags/example_task_group_decorator.py took 0.147 seconds
[2026-06-21T20:58:41.796-0500] {processor.py:161} INFO - Started process (PID=63994) to work on /Users/naga/Desktop/airflow_env/lib/python3.12/site-packages/airflow/example_dags/example_task_group_decorator.py
[2026-06-21T20:58:41.797-0500] {processor.py:830} INFO - Processing file /Users/naga/Desktop/airflow_env/lib/python3.12/site-packages/airflow/example_dags/example_task_group_decorator.py for tasks to queue
[2026-06-21T20:58:41.798-0500] {logging_mixin.py:188} INFO - [2026-06-21T20:58:41.798-0500] {dagbag.py:545} INFO - Filling up the DagBag from /Users/naga/Desktop/airflow_env/lib/python3.12/site-packages/airflow/example_dags/example_task_group_decorator.py
[2026-06-21T20:58:41.837-0500] {processor.py:840} INFO - DAG(s) 'example_task_group_decorator' retrieved from /Users/naga/Desktop/airflow_env/lib/python3.12/site-packages/airflow/example_dags/example_task_group_decorator.py
[2026-06-21T20:58:41.914-0500] {logging_mixin.py:188} INFO - [2026-06-21T20:58:41.913-0500] {dag.py:3089} INFO - Sync 1 DAGs
[2026-06-21T20:58:41.927-0500] {logging_mixin.py:188} INFO - [2026-06-21T20:58:41.927-0500] {dag.py:3947} INFO - Setting next_dagrun for example_task_group_decorator to 2026-06-21 00:00:00+00:00, run_after=2026-06-22 00:00:00+00:00
[2026-06-21T20:58:41.941-0500] {processor.py:183} INFO - Processing /Users/naga/Desktop/airflow_env/lib/python3.12/site-packages/airflow/example_dags/example_task_group_decorator.py took 0.147 seconds
[2026-06-21T21:42:22.641-0500] {processor.py:161} INFO - Started process (PID=64219) to work on /Users/naga/Desktop/airflow_env/lib/python3.12/site-packages/airflow/example_dags/example_task_group_decorator.py
[2026-06-21T21:42:22.643-0500] {processor.py:830} INFO - Processing file /Users/naga/Desktop/airflow_env/lib/python3.12/site-packages/airflow/example_dags/example_task_group_decorator.py for tasks to queue
[2026-06-21T21:42:22.644-0500] {logging_mixin.py:188} INFO - [2026-06-21T21:42:22.643-0500] {dagbag.py:545} INFO - Filling up the DagBag from /Users/naga/Desktop/airflow_env/lib/python3.12/site-packages/airflow/example_dags/example_task_group_decorator.py
[2026-06-21T21:42:22.685-0500] {processor.py:840} INFO - DAG(s) 'example_task_group_decorator' retrieved from /Users/naga/Desktop/airflow_env/lib/python3.12/site-packages/airflow/example_dags/example_task_group_decorator.py
[2026-06-21T21:42:22.767-0500] {logging_mixin.py:188} INFO - [2026-06-21T21:42:22.767-0500] {dag.py:3089} INFO - Sync 1 DAGs
[2026-06-21T21:42:22.782-0500] {logging_mixin.py:188} INFO - [2026-06-21T21:42:22.781-0500] {dag.py:3947} INFO - Setting next_dagrun for example_task_group_decorator to 2026-06-21 00:00:00+00:00, run_after=2026-06-22 00:00:00+00:00
[2026-06-21T21:42:22.798-0500] {processor.py:183} INFO - Processing /Users/naga/Desktop/airflow_env/lib/python3.12/site-packages/airflow/example_dags/example_task_group_decorator.py took 0.159 seconds
[2026-06-21T21:44:06.162-0500] {processor.py:161} INFO - Started process (PID=64310) to work on /Users/naga/Desktop/airflow_env/lib/python3.12/site-packages/airflow/example_dags/example_task_group_decorator.py
[2026-06-21T21:44:06.164-0500] {processor.py:830} INFO - Processing file /Users/naga/Desktop/airflow_env/lib/python3.12/site-packages/airflow/example_dags/example_task_group_decorator.py for tasks to queue
[2026-06-21T21:44:06.164-0500] {logging_mixin.py:188} INFO - [2026-06-21T21:44:06.164-0500] {dagbag.py:545} INFO - Filling up the DagBag from /Users/naga/Desktop/airflow_env/lib/python3.12/site-packages/airflow/example_dags/example_task_group_decorator.py
[2026-06-21T21:44:06.202-0500] {processor.py:840} INFO - DAG(s) 'example_task_group_decorator' retrieved from /Users/naga/Desktop/airflow_env/lib/python3.12/site-packages/airflow/example_dags/example_task_group_decorator.py
[2026-06-21T21:44:06.279-0500] {logging_mixin.py:188} INFO - [2026-06-21T21:44:06.279-0500] {dag.py:3089} INFO - Sync 1 DAGs
[2026-06-21T21:44:06.292-0500] {logging_mixin.py:188} INFO - [2026-06-21T21:44:06.292-0500] {dag.py:3947} INFO - Setting next_dagrun for example_task_group_decorator to 2026-06-21 00:00:00+00:00, run_after=2026-06-22 00:00:00+00:00
[2026-06-21T21:44:06.307-0500] {processor.py:183} INFO - Processing /Users/naga/Desktop/airflow_env/lib/python3.12/site-packages/airflow/example_dags/example_task_group_decorator.py took 0.147 seconds
[2026-06-21T21:45:38.566-0500] {processor.py:161} INFO - Started process (PID=64400) to work on /Users/naga/Desktop/airflow_env/lib/python3.12/site-packages/airflow/example_dags/example_task_group_decorator.py
[2026-06-21T21:45:38.568-0500] {processor.py:830} INFO - Processing file /Users/naga/Desktop/airflow_env/lib/python3.12/site-packages/airflow/example_dags/example_task_group_decorator.py for tasks to queue
[2026-06-21T21:45:38.568-0500] {logging_mixin.py:188} INFO - [2026-06-21T21:45:38.568-0500] {dagbag.py:545} INFO - Filling up the DagBag from /Users/naga/Desktop/airflow_env/lib/python3.12/site-packages/airflow/example_dags/example_task_group_decorator.py
[2026-06-21T21:45:38.606-0500] {processor.py:840} INFO - DAG(s) 'example_task_group_decorator' retrieved from /Users/naga/Desktop/airflow_env/lib/python3.12/site-packages/airflow/example_dags/example_task_group_decorator.py
[2026-06-21T21:45:38.683-0500] {logging_mixin.py:188} INFO - [2026-06-21T21:45:38.682-0500] {dag.py:3089} INFO - Sync 1 DAGs
[2026-06-21T21:45:38.695-0500] {logging_mixin.py:188} INFO - [2026-06-21T21:45:38.695-0500] {dag.py:3947} INFO - Setting next_dagrun for example_task_group_decorator to 2026-06-21 00:00:00+00:00, run_after=2026-06-22 00:00:00+00:00
[2026-06-21T21:45:38.709-0500] {processor.py:183} INFO - Processing /Users/naga/Desktop/airflow_env/lib/python3.12/site-packages/airflow/example_dags/example_task_group_decorator.py took 0.145 seconds
[2026-06-21T21:47:47.786-0500] {processor.py:161} INFO - Started process (PID=64666) to work on /Users/naga/Desktop/airflow_env/lib/python3.12/site-packages/airflow/example_dags/example_task_group_decorator.py
[2026-06-21T21:47:47.787-0500] {processor.py:830} INFO - Processing file /Users/naga/Desktop/airflow_env/lib/python3.12/site-packages/airflow/example_dags/example_task_group_decorator.py for tasks to queue
[2026-06-21T21:47:47.788-0500] {logging_mixin.py:188} INFO - [2026-06-21T21:47:47.788-0500] {dagbag.py:545} INFO - Filling up the DagBag from /Users/naga/Desktop/airflow_env/lib/python3.12/site-packages/airflow/example_dags/example_task_group_decorator.py
[2026-06-21T21:47:47.831-0500] {processor.py:840} INFO - DAG(s) 'example_task_group_decorator' retrieved from /Users/naga/Desktop/airflow_env/lib/python3.12/site-packages/airflow/example_dags/example_task_group_decorator.py
[2026-06-21T21:47:47.919-0500] {logging_mixin.py:188} INFO - [2026-06-21T21:47:47.918-0500] {dag.py:3089} INFO - Sync 1 DAGs
[2026-06-21T21:47:47.935-0500] {logging_mixin.py:188} INFO - [2026-06-21T21:47:47.934-0500] {dag.py:3947} INFO - Setting next_dagrun for example_task_group_decorator to 2026-06-21 00:00:00+00:00, run_after=2026-06-22 00:00:00+00:00
[2026-06-21T21:47:47.955-0500] {processor.py:183} INFO - Processing /Users/naga/Desktop/airflow_env/lib/python3.12/site-packages/airflow/example_dags/example_task_group_decorator.py took 0.173 seconds
[2026-06-21T21:49:20.566-0500] {processor.py:161} INFO - Started process (PID=64733) to work on /Users/naga/Desktop/airflow_env/lib/python3.12/site-packages/airflow/example_dags/example_task_group_decorator.py
[2026-06-21T21:49:20.568-0500] {processor.py:830} INFO - Processing file /Users/naga/Desktop/airflow_env/lib/python3.12/site-packages/airflow/example_dags/example_task_group_decorator.py for tasks to queue
[2026-06-21T21:49:20.568-0500] {logging_mixin.py:188} INFO - [2026-06-21T21:49:20.568-0500] {dagbag.py:545} INFO - Filling up the DagBag from /Users/naga/Desktop/airflow_env/lib/python3.12/site-packages/airflow/example_dags/example_task_group_decorator.py
[2026-06-21T21:49:20.606-0500] {processor.py:840} INFO - DAG(s) 'example_task_group_decorator' retrieved from /Users/naga/Desktop/airflow_env/lib/python3.12/site-packages/airflow/example_dags/example_task_group_decorator.py
[2026-06-21T21:49:20.683-0500] {logging_mixin.py:188} INFO - [2026-06-21T21:49:20.683-0500] {dag.py:3089} INFO - Sync 1 DAGs
[2026-06-21T21:49:20.696-0500] {logging_mixin.py:188} INFO - [2026-06-21T21:49:20.695-0500] {dag.py:3947} INFO - Setting next_dagrun for example_task_group_decorator to 2026-06-21 00:00:00+00:00, run_after=2026-06-22 00:00:00+00:00
[2026-06-21T21:49:20.710-0500] {processor.py:183} INFO - Processing /Users/naga/Desktop/airflow_env/lib/python3.12/site-packages/airflow/example_dags/example_task_group_decorator.py took 0.145 seconds
[2026-06-21T21:51:22.906-0500] {processor.py:161} INFO - Started process (PID=64847) to work on /Users/naga/Desktop/airflow_env/lib/python3.12/site-packages/airflow/example_dags/example_task_group_decorator.py
[2026-06-21T21:51:22.907-0500] {processor.py:830} INFO - Processing file /Users/naga/Desktop/airflow_env/lib/python3.12/site-packages/airflow/example_dags/example_task_group_decorator.py for tasks to queue
[2026-06-21T21:51:22.908-0500] {logging_mixin.py:188} INFO - [2026-06-21T21:51:22.908-0500] {dagbag.py:545} INFO - Filling up the DagBag from /Users/naga/Desktop/airflow_env/lib/python3.12/site-packages/airflow/example_dags/example_task_group_decorator.py
[2026-06-21T21:51:22.957-0500] {processor.py:840} INFO - DAG(s) 'example_task_group_decorator' retrieved from /Users/naga/Desktop/airflow_env/lib/python3.12/site-packages/airflow/example_dags/example_task_group_decorator.py
[2026-06-21T21:51:23.051-0500] {logging_mixin.py:188} INFO - [2026-06-21T21:51:23.051-0500] {dag.py:3089} INFO - Sync 1 DAGs
[2026-06-21T21:51:23.066-0500] {logging_mixin.py:188} INFO - [2026-06-21T21:51:23.066-0500] {dag.py:3947} INFO - Setting next_dagrun for example_task_group_decorator to 2026-06-21 00:00:00+00:00, run_after=2026-06-22 00:00:00+00:00
[2026-06-21T21:51:23.083-0500] {processor.py:183} INFO - Processing /Users/naga/Desktop/airflow_env/lib/python3.12/site-packages/airflow/example_dags/example_task_group_decorator.py took 0.179 seconds
[2026-06-21T21:53:31.952-0500] {processor.py:161} INFO - Started process (PID=64970) to work on /Users/naga/Desktop/airflow_env/lib/python3.12/site-packages/airflow/example_dags/example_task_group_decorator.py
[2026-06-21T21:53:31.953-0500] {processor.py:830} INFO - Processing file /Users/naga/Desktop/airflow_env/lib/python3.12/site-packages/airflow/example_dags/example_task_group_decorator.py for tasks to queue
[2026-06-21T21:53:31.953-0500] {logging_mixin.py:188} INFO - [2026-06-21T21:53:31.953-0500] {dagbag.py:545} INFO - Filling up the DagBag from /Users/naga/Desktop/airflow_env/lib/python3.12/site-packages/airflow/example_dags/example_task_group_decorator.py
[2026-06-21T21:53:31.992-0500] {processor.py:840} INFO - DAG(s) 'example_task_group_decorator' retrieved from /Users/naga/Desktop/airflow_env/lib/python3.12/site-packages/airflow/example_dags/example_task_group_decorator.py
[2026-06-21T21:53:32.068-0500] {logging_mixin.py:188} INFO - [2026-06-21T21:53:32.068-0500] {dag.py:3089} INFO - Sync 1 DAGs
[2026-06-21T21:53:32.082-0500] {logging_mixin.py:188} INFO - [2026-06-21T21:53:32.081-0500] {dag.py:3947} INFO - Setting next_dagrun for example_task_group_decorator to 2026-06-21 00:00:00+00:00, run_after=2026-06-22 00:00:00+00:00
[2026-06-21T21:53:32.096-0500] {processor.py:183} INFO - Processing /Users/naga/Desktop/airflow_env/lib/python3.12/site-packages/airflow/example_dags/example_task_group_decorator.py took 0.146 seconds
[2026-06-21T21:55:24.857-0500] {processor.py:161} INFO - Started process (PID=65344) to work on /Users/naga/Desktop/airflow_env/lib/python3.12/site-packages/airflow/example_dags/example_task_group_decorator.py
[2026-06-21T21:55:24.858-0500] {processor.py:830} INFO - Processing file /Users/naga/Desktop/airflow_env/lib/python3.12/site-packages/airflow/example_dags/example_task_group_decorator.py for tasks to queue
[2026-06-21T21:55:24.859-0500] {logging_mixin.py:188} INFO - [2026-06-21T21:55:24.858-0500] {dagbag.py:545} INFO - Filling up the DagBag from /Users/naga/Desktop/airflow_env/lib/python3.12/site-packages/airflow/example_dags/example_task_group_decorator.py
[2026-06-21T21:55:24.897-0500] {processor.py:840} INFO - DAG(s) 'example_task_group_decorator' retrieved from /Users/naga/Desktop/airflow_env/lib/python3.12/site-packages/airflow/example_dags/example_task_group_decorator.py
[2026-06-21T21:55:24.973-0500] {logging_mixin.py:188} INFO - [2026-06-21T21:55:24.973-0500] {dag.py:3089} INFO - Sync 1 DAGs
[2026-06-21T21:55:24.986-0500] {logging_mixin.py:188} INFO - [2026-06-21T21:55:24.986-0500] {dag.py:3947} INFO - Setting next_dagrun for example_task_group_decorator to 2026-06-21 00:00:00+00:00, run_after=2026-06-22 00:00:00+00:00
[2026-06-21T21:55:25.000-0500] {processor.py:183} INFO - Processing /Users/naga/Desktop/airflow_env/lib/python3.12/site-packages/airflow/example_dags/example_task_group_decorator.py took 0.146 seconds
[2026-06-21T21:56:58.332-0500] {processor.py:161} INFO - Started process (PID=65499) to work on /Users/naga/Desktop/airflow_env/lib/python3.12/site-packages/airflow/example_dags/example_task_group_decorator.py
[2026-06-21T21:56:58.333-0500] {processor.py:830} INFO - Processing file /Users/naga/Desktop/airflow_env/lib/python3.12/site-packages/airflow/example_dags/example_task_group_decorator.py for tasks to queue
[2026-06-21T21:56:58.333-0500] {logging_mixin.py:188} INFO - [2026-06-21T21:56:58.333-0500] {dagbag.py:545} INFO - Filling up the DagBag from /Users/naga/Desktop/airflow_env/lib/python3.12/site-packages/airflow/example_dags/example_task_group_decorator.py
[2026-06-21T21:56:58.371-0500] {processor.py:840} INFO - DAG(s) 'example_task_group_decorator' retrieved from /Users/naga/Desktop/airflow_env/lib/python3.12/site-packages/airflow/example_dags/example_task_group_decorator.py
[2026-06-21T21:56:58.448-0500] {logging_mixin.py:188} INFO - [2026-06-21T21:56:58.448-0500] {dag.py:3089} INFO - Sync 1 DAGs
[2026-06-21T21:56:58.463-0500] {logging_mixin.py:188} INFO - [2026-06-21T21:56:58.462-0500] {dag.py:3947} INFO - Setting next_dagrun for example_task_group_decorator to 2026-06-21 00:00:00+00:00, run_after=2026-06-22 00:00:00+00:00
[2026-06-21T21:56:58.478-0500] {processor.py:183} INFO - Processing /Users/naga/Desktop/airflow_env/lib/python3.12/site-packages/airflow/example_dags/example_task_group_decorator.py took 0.149 seconds
