[2026-06-21T19:47:00.557-0500] {processor.py:161} INFO - Started process (PID=61487) to work on /Users/naga/Desktop/airflow_env/lib/python3.12/site-packages/airflow/example_dags/example_xcom.py
[2026-06-21T19:47:00.558-0500] {processor.py:830} INFO - Processing file /Users/naga/Desktop/airflow_env/lib/python3.12/site-packages/airflow/example_dags/example_xcom.py for tasks to queue
[2026-06-21T19:47:00.559-0500] {logging_mixin.py:188} INFO - [2026-06-21T19:47:00.559-0500] {dagbag.py:545} INFO - Filling up the DagBag from /Users/naga/Desktop/airflow_env/lib/python3.12/site-packages/airflow/example_dags/example_xcom.py
[2026-06-21T19:47:00.594-0500] {processor.py:840} INFO - DAG(s) 'example_xcom' retrieved from /Users/naga/Desktop/airflow_env/lib/python3.12/site-packages/airflow/example_dags/example_xcom.py
[2026-06-21T19:47:00.668-0500] {logging_mixin.py:188} INFO - [2026-06-21T19:47:00.668-0500] {dag.py:3089} INFO - Sync 1 DAGs
[2026-06-21T19:47:00.681-0500] {logging_mixin.py:188} INFO - [2026-06-21T19:47:00.680-0500] {dag.py:3947} INFO - Setting next_dagrun for example_xcom to 2021-01-01 00:00:00+00:00, run_after=2021-01-01 00:00:00+00:00
[2026-06-21T19:47:00.695-0500] {processor.py:183} INFO - Processing /Users/naga/Desktop/airflow_env/lib/python3.12/site-packages/airflow/example_dags/example_xcom.py took 0.140 seconds
[2026-06-21T19:48:30.725-0500] {processor.py:161} INFO - Started process (PID=61561) to work on /Users/naga/Desktop/airflow_env/lib/python3.12/site-packages/airflow/example_dags/example_xcom.py
[2026-06-21T19:48:30.727-0500] {processor.py:830} INFO - Processing file /Users/naga/Desktop/airflow_env/lib/python3.12/site-packages/airflow/example_dags/example_xcom.py for tasks to queue
[2026-06-21T19:48:30.727-0500] {logging_mixin.py:188} INFO - [2026-06-21T19:48:30.727-0500] {dagbag.py:545} INFO - Filling up the DagBag from /Users/naga/Desktop/airflow_env/lib/python3.12/site-packages/airflow/example_dags/example_xcom.py
[2026-06-21T19:48:30.759-0500] {processor.py:840} INFO - DAG(s) 'example_xcom' retrieved from /Users/naga/Desktop/airflow_env/lib/python3.12/site-packages/airflow/example_dags/example_xcom.py
[2026-06-21T19:48:30.831-0500] {logging_mixin.py:188} INFO - [2026-06-21T19:48:30.831-0500] {dag.py:3089} INFO - Sync 1 DAGs
[2026-06-21T19:48:30.843-0500] {logging_mixin.py:188} INFO - [2026-06-21T19:48:30.843-0500] {dag.py:3947} INFO - Setting next_dagrun for example_xcom to 2021-01-01 00:00:00+00:00, run_after=2021-01-01 00:00:00+00:00
[2026-06-21T19:48:30.856-0500] {processor.py:183} INFO - Processing /Users/naga/Desktop/airflow_env/lib/python3.12/site-packages/airflow/example_dags/example_xcom.py took 0.133 seconds
[2026-06-21T19:50:08.706-0500] {processor.py:161} INFO - Started process (PID=61747) to work on /Users/naga/Desktop/airflow_env/lib/python3.12/site-packages/airflow/example_dags/example_xcom.py
[2026-06-21T19:50:08.708-0500] {processor.py:830} INFO - Processing file /Users/naga/Desktop/airflow_env/lib/python3.12/site-packages/airflow/example_dags/example_xcom.py for tasks to queue
[2026-06-21T19:50:08.709-0500] {logging_mixin.py:188} INFO - [2026-06-21T19:50:08.708-0500] {dagbag.py:545} INFO - Filling up the DagBag from /Users/naga/Desktop/airflow_env/lib/python3.12/site-packages/airflow/example_dags/example_xcom.py
[2026-06-21T19:50:08.742-0500] {processor.py:840} INFO - DAG(s) 'example_xcom' retrieved from /Users/naga/Desktop/airflow_env/lib/python3.12/site-packages/airflow/example_dags/example_xcom.py
[2026-06-21T19:50:08.815-0500] {logging_mixin.py:188} INFO - [2026-06-21T19:50:08.815-0500] {dag.py:3089} INFO - Sync 1 DAGs
[2026-06-21T19:50:08.828-0500] {logging_mixin.py:188} INFO - [2026-06-21T19:50:08.827-0500] {dag.py:3947} INFO - Setting next_dagrun for example_xcom to 2021-01-01 00:00:00+00:00, run_after=2021-01-01 00:00:00+00:00
[2026-06-21T19:50:08.840-0500] {processor.py:183} INFO - Processing /Users/naga/Desktop/airflow_env/lib/python3.12/site-packages/airflow/example_dags/example_xcom.py took 0.137 seconds
[2026-06-21T19:51:37.824-0500] {processor.py:161} INFO - Started process (PID=61801) to work on /Users/naga/Desktop/airflow_env/lib/python3.12/site-packages/airflow/example_dags/example_xcom.py
[2026-06-21T19:51:37.825-0500] {processor.py:830} INFO - Processing file /Users/naga/Desktop/airflow_env/lib/python3.12/site-packages/airflow/example_dags/example_xcom.py for tasks to queue
[2026-06-21T19:51:37.825-0500] {logging_mixin.py:188} INFO - [2026-06-21T19:51:37.825-0500] {dagbag.py:545} INFO - Filling up the DagBag from /Users/naga/Desktop/airflow_env/lib/python3.12/site-packages/airflow/example_dags/example_xcom.py
[2026-06-21T19:51:37.858-0500] {processor.py:840} INFO - DAG(s) 'example_xcom' retrieved from /Users/naga/Desktop/airflow_env/lib/python3.12/site-packages/airflow/example_dags/example_xcom.py
[2026-06-21T19:51:37.930-0500] {logging_mixin.py:188} INFO - [2026-06-21T19:51:37.930-0500] {dag.py:3089} INFO - Sync 1 DAGs
[2026-06-21T19:51:37.942-0500] {logging_mixin.py:188} INFO - [2026-06-21T19:51:37.942-0500] {dag.py:3947} INFO - Setting next_dagrun for example_xcom to 2021-01-01 00:00:00+00:00, run_after=2021-01-01 00:00:00+00:00
[2026-06-21T19:51:37.955-0500] {processor.py:183} INFO - Processing /Users/naga/Desktop/airflow_env/lib/python3.12/site-packages/airflow/example_dags/example_xcom.py took 0.134 seconds
[2026-06-21T19:53:02.870-0500] {processor.py:161} INFO - Started process (PID=61875) to work on /Users/naga/Desktop/airflow_env/lib/python3.12/site-packages/airflow/example_dags/example_xcom.py
[2026-06-21T19:53:02.871-0500] {processor.py:830} INFO - Processing file /Users/naga/Desktop/airflow_env/lib/python3.12/site-packages/airflow/example_dags/example_xcom.py for tasks to queue
[2026-06-21T19:53:02.871-0500] {logging_mixin.py:188} INFO - [2026-06-21T19:53:02.871-0500] {dagbag.py:545} INFO - Filling up the DagBag from /Users/naga/Desktop/airflow_env/lib/python3.12/site-packages/airflow/example_dags/example_xcom.py
[2026-06-21T19:53:02.904-0500] {processor.py:840} INFO - DAG(s) 'example_xcom' retrieved from /Users/naga/Desktop/airflow_env/lib/python3.12/site-packages/airflow/example_dags/example_xcom.py
[2026-06-21T19:53:02.977-0500] {logging_mixin.py:188} INFO - [2026-06-21T19:53:02.976-0500] {dag.py:3089} INFO - Sync 1 DAGs
[2026-06-21T19:53:02.990-0500] {logging_mixin.py:188} INFO - [2026-06-21T19:53:02.989-0500] {dag.py:3947} INFO - Setting next_dagrun for example_xcom to 2021-01-01 00:00:00+00:00, run_after=2021-01-01 00:00:00+00:00
[2026-06-21T19:53:03.003-0500] {processor.py:183} INFO - Processing /Users/naga/Desktop/airflow_env/lib/python3.12/site-packages/airflow/example_dags/example_xcom.py took 0.135 seconds
[2026-06-21T19:54:26.326-0500] {processor.py:161} INFO - Started process (PID=61943) to work on /Users/naga/Desktop/airflow_env/lib/python3.12/site-packages/airflow/example_dags/example_xcom.py
[2026-06-21T19:54:26.327-0500] {processor.py:830} INFO - Processing file /Users/naga/Desktop/airflow_env/lib/python3.12/site-packages/airflow/example_dags/example_xcom.py for tasks to queue
[2026-06-21T19:54:26.328-0500] {logging_mixin.py:188} INFO - [2026-06-21T19:54:26.328-0500] {dagbag.py:545} INFO - Filling up the DagBag from /Users/naga/Desktop/airflow_env/lib/python3.12/site-packages/airflow/example_dags/example_xcom.py
[2026-06-21T19:54:26.360-0500] {processor.py:840} INFO - DAG(s) 'example_xcom' retrieved from /Users/naga/Desktop/airflow_env/lib/python3.12/site-packages/airflow/example_dags/example_xcom.py
[2026-06-21T19:54:26.434-0500] {logging_mixin.py:188} INFO - [2026-06-21T19:54:26.434-0500] {dag.py:3089} INFO - Sync 1 DAGs
[2026-06-21T19:54:26.447-0500] {logging_mixin.py:188} INFO - [2026-06-21T19:54:26.446-0500] {dag.py:3947} INFO - Setting next_dagrun for example_xcom to 2021-01-01 00:00:00+00:00, run_after=2021-01-01 00:00:00+00:00
[2026-06-21T19:54:26.460-0500] {processor.py:183} INFO - Processing /Users/naga/Desktop/airflow_env/lib/python3.12/site-packages/airflow/example_dags/example_xcom.py took 0.136 seconds
[2026-06-21T19:55:50.536-0500] {processor.py:161} INFO - Started process (PID=61992) to work on /Users/naga/Desktop/airflow_env/lib/python3.12/site-packages/airflow/example_dags/example_xcom.py
[2026-06-21T19:55:50.537-0500] {processor.py:830} INFO - Processing file /Users/naga/Desktop/airflow_env/lib/python3.12/site-packages/airflow/example_dags/example_xcom.py for tasks to queue
[2026-06-21T19:55:50.538-0500] {logging_mixin.py:188} INFO - [2026-06-21T19:55:50.538-0500] {dagbag.py:545} INFO - Filling up the DagBag from /Users/naga/Desktop/airflow_env/lib/python3.12/site-packages/airflow/example_dags/example_xcom.py
[2026-06-21T19:55:50.570-0500] {processor.py:840} INFO - DAG(s) 'example_xcom' retrieved from /Users/naga/Desktop/airflow_env/lib/python3.12/site-packages/airflow/example_dags/example_xcom.py
[2026-06-21T19:55:50.644-0500] {logging_mixin.py:188} INFO - [2026-06-21T19:55:50.644-0500] {dag.py:3089} INFO - Sync 1 DAGs
[2026-06-21T19:55:50.656-0500] {logging_mixin.py:188} INFO - [2026-06-21T19:55:50.656-0500] {dag.py:3947} INFO - Setting next_dagrun for example_xcom to 2021-01-01 00:00:00+00:00, run_after=2021-01-01 00:00:00+00:00
[2026-06-21T19:55:50.669-0500] {processor.py:183} INFO - Processing /Users/naga/Desktop/airflow_env/lib/python3.12/site-packages/airflow/example_dags/example_xcom.py took 0.136 seconds
[2026-06-21T19:57:19.085-0500] {processor.py:161} INFO - Started process (PID=62068) to work on /Users/naga/Desktop/airflow_env/lib/python3.12/site-packages/airflow/example_dags/example_xcom.py
[2026-06-21T19:57:19.086-0500] {processor.py:830} INFO - Processing file /Users/naga/Desktop/airflow_env/lib/python3.12/site-packages/airflow/example_dags/example_xcom.py for tasks to queue
[2026-06-21T19:57:19.087-0500] {logging_mixin.py:188} INFO - [2026-06-21T19:57:19.086-0500] {dagbag.py:545} INFO - Filling up the DagBag from /Users/naga/Desktop/airflow_env/lib/python3.12/site-packages/airflow/example_dags/example_xcom.py
[2026-06-21T19:57:19.119-0500] {processor.py:840} INFO - DAG(s) 'example_xcom' retrieved from /Users/naga/Desktop/airflow_env/lib/python3.12/site-packages/airflow/example_dags/example_xcom.py
[2026-06-21T19:57:19.192-0500] {logging_mixin.py:188} INFO - [2026-06-21T19:57:19.192-0500] {dag.py:3089} INFO - Sync 1 DAGs
[2026-06-21T19:57:19.204-0500] {logging_mixin.py:188} INFO - [2026-06-21T19:57:19.203-0500] {dag.py:3947} INFO - Setting next_dagrun for example_xcom to 2021-01-01 00:00:00+00:00, run_after=2021-01-01 00:00:00+00:00
[2026-06-21T19:57:19.217-0500] {processor.py:183} INFO - Processing /Users/naga/Desktop/airflow_env/lib/python3.12/site-packages/airflow/example_dags/example_xcom.py took 0.135 seconds
[2026-06-21T19:58:46.500-0500] {processor.py:161} INFO - Started process (PID=62140) to work on /Users/naga/Desktop/airflow_env/lib/python3.12/site-packages/airflow/example_dags/example_xcom.py
[2026-06-21T19:58:46.501-0500] {processor.py:830} INFO - Processing file /Users/naga/Desktop/airflow_env/lib/python3.12/site-packages/airflow/example_dags/example_xcom.py for tasks to queue
[2026-06-21T19:58:46.502-0500] {logging_mixin.py:188} INFO - [2026-06-21T19:58:46.502-0500] {dagbag.py:545} INFO - Filling up the DagBag from /Users/naga/Desktop/airflow_env/lib/python3.12/site-packages/airflow/example_dags/example_xcom.py
[2026-06-21T19:58:46.535-0500] {processor.py:840} INFO - DAG(s) 'example_xcom' retrieved from /Users/naga/Desktop/airflow_env/lib/python3.12/site-packages/airflow/example_dags/example_xcom.py
[2026-06-21T19:58:46.609-0500] {logging_mixin.py:188} INFO - [2026-06-21T19:58:46.609-0500] {dag.py:3089} INFO - Sync 1 DAGs
[2026-06-21T19:58:46.622-0500] {logging_mixin.py:188} INFO - [2026-06-21T19:58:46.621-0500] {dag.py:3947} INFO - Setting next_dagrun for example_xcom to 2021-01-01 00:00:00+00:00, run_after=2021-01-01 00:00:00+00:00
[2026-06-21T19:58:46.635-0500] {processor.py:183} INFO - Processing /Users/naga/Desktop/airflow_env/lib/python3.12/site-packages/airflow/example_dags/example_xcom.py took 0.137 seconds
[2026-06-21T20:00:12.682-0500] {processor.py:161} INFO - Started process (PID=62220) to work on /Users/naga/Desktop/airflow_env/lib/python3.12/site-packages/airflow/example_dags/example_xcom.py
[2026-06-21T20:00:12.683-0500] {processor.py:830} INFO - Processing file /Users/naga/Desktop/airflow_env/lib/python3.12/site-packages/airflow/example_dags/example_xcom.py for tasks to queue
[2026-06-21T20:00:12.683-0500] {logging_mixin.py:188} INFO - [2026-06-21T20:00:12.683-0500] {dagbag.py:545} INFO - Filling up the DagBag from /Users/naga/Desktop/airflow_env/lib/python3.12/site-packages/airflow/example_dags/example_xcom.py
[2026-06-21T20:00:12.716-0500] {processor.py:840} INFO - DAG(s) 'example_xcom' retrieved from /Users/naga/Desktop/airflow_env/lib/python3.12/site-packages/airflow/example_dags/example_xcom.py
[2026-06-21T20:00:12.789-0500] {logging_mixin.py:188} INFO - [2026-06-21T20:00:12.789-0500] {dag.py:3089} INFO - Sync 1 DAGs
[2026-06-21T20:00:12.801-0500] {logging_mixin.py:188} INFO - [2026-06-21T20:00:12.801-0500] {dag.py:3947} INFO - Setting next_dagrun for example_xcom to 2021-01-01 00:00:00+00:00, run_after=2021-01-01 00:00:00+00:00
[2026-06-21T20:00:12.814-0500] {processor.py:183} INFO - Processing /Users/naga/Desktop/airflow_env/lib/python3.12/site-packages/airflow/example_dags/example_xcom.py took 0.135 seconds
[2026-06-21T20:01:39.288-0500] {processor.py:161} INFO - Started process (PID=62270) to work on /Users/naga/Desktop/airflow_env/lib/python3.12/site-packages/airflow/example_dags/example_xcom.py
[2026-06-21T20:01:39.289-0500] {processor.py:830} INFO - Processing file /Users/naga/Desktop/airflow_env/lib/python3.12/site-packages/airflow/example_dags/example_xcom.py for tasks to queue
[2026-06-21T20:01:39.290-0500] {logging_mixin.py:188} INFO - [2026-06-21T20:01:39.290-0500] {dagbag.py:545} INFO - Filling up the DagBag from /Users/naga/Desktop/airflow_env/lib/python3.12/site-packages/airflow/example_dags/example_xcom.py
[2026-06-21T20:01:39.322-0500] {processor.py:840} INFO - DAG(s) 'example_xcom' retrieved from /Users/naga/Desktop/airflow_env/lib/python3.12/site-packages/airflow/example_dags/example_xcom.py
[2026-06-21T20:01:39.394-0500] {logging_mixin.py:188} INFO - [2026-06-21T20:01:39.394-0500] {dag.py:3089} INFO - Sync 1 DAGs
[2026-06-21T20:01:39.407-0500] {logging_mixin.py:188} INFO - [2026-06-21T20:01:39.406-0500] {dag.py:3947} INFO - Setting next_dagrun for example_xcom to 2021-01-01 00:00:00+00:00, run_after=2021-01-01 00:00:00+00:00
[2026-06-21T20:01:39.421-0500] {processor.py:183} INFO - Processing /Users/naga/Desktop/airflow_env/lib/python3.12/site-packages/airflow/example_dags/example_xcom.py took 0.135 seconds
[2026-06-21T20:03:03.723-0500] {processor.py:161} INFO - Started process (PID=62335) to work on /Users/naga/Desktop/airflow_env/lib/python3.12/site-packages/airflow/example_dags/example_xcom.py
[2026-06-21T20:03:03.724-0500] {processor.py:830} INFO - Processing file /Users/naga/Desktop/airflow_env/lib/python3.12/site-packages/airflow/example_dags/example_xcom.py for tasks to queue
[2026-06-21T20:03:03.724-0500] {logging_mixin.py:188} INFO - [2026-06-21T20:03:03.724-0500] {dagbag.py:545} INFO - Filling up the DagBag from /Users/naga/Desktop/airflow_env/lib/python3.12/site-packages/airflow/example_dags/example_xcom.py
[2026-06-21T20:03:03.757-0500] {processor.py:840} INFO - DAG(s) 'example_xcom' retrieved from /Users/naga/Desktop/airflow_env/lib/python3.12/site-packages/airflow/example_dags/example_xcom.py
[2026-06-21T20:03:03.828-0500] {logging_mixin.py:188} INFO - [2026-06-21T20:03:03.828-0500] {dag.py:3089} INFO - Sync 1 DAGs
[2026-06-21T20:03:03.841-0500] {logging_mixin.py:188} INFO - [2026-06-21T20:03:03.840-0500] {dag.py:3947} INFO - Setting next_dagrun for example_xcom to 2021-01-01 00:00:00+00:00, run_after=2021-01-01 00:00:00+00:00
[2026-06-21T20:03:03.853-0500] {processor.py:183} INFO - Processing /Users/naga/Desktop/airflow_env/lib/python3.12/site-packages/airflow/example_dags/example_xcom.py took 0.133 seconds
[2026-06-21T20:04:31.275-0500] {processor.py:161} INFO - Started process (PID=62406) to work on /Users/naga/Desktop/airflow_env/lib/python3.12/site-packages/airflow/example_dags/example_xcom.py
[2026-06-21T20:04:31.276-0500] {processor.py:830} INFO - Processing file /Users/naga/Desktop/airflow_env/lib/python3.12/site-packages/airflow/example_dags/example_xcom.py for tasks to queue
[2026-06-21T20:04:31.277-0500] {logging_mixin.py:188} INFO - [2026-06-21T20:04:31.276-0500] {dagbag.py:545} INFO - Filling up the DagBag from /Users/naga/Desktop/airflow_env/lib/python3.12/site-packages/airflow/example_dags/example_xcom.py
[2026-06-21T20:04:31.309-0500] {processor.py:840} INFO - DAG(s) 'example_xcom' retrieved from /Users/naga/Desktop/airflow_env/lib/python3.12/site-packages/airflow/example_dags/example_xcom.py
[2026-06-21T20:04:31.381-0500] {logging_mixin.py:188} INFO - [2026-06-21T20:04:31.381-0500] {dag.py:3089} INFO - Sync 1 DAGs
[2026-06-21T20:04:31.394-0500] {logging_mixin.py:188} INFO - [2026-06-21T20:04:31.393-0500] {dag.py:3947} INFO - Setting next_dagrun for example_xcom to 2021-01-01 00:00:00+00:00, run_after=2021-01-01 00:00:00+00:00
[2026-06-21T20:04:31.407-0500] {processor.py:183} INFO - Processing /Users/naga/Desktop/airflow_env/lib/python3.12/site-packages/airflow/example_dags/example_xcom.py took 0.135 seconds
[2026-06-21T20:05:57.468-0500] {processor.py:161} INFO - Started process (PID=62478) to work on /Users/naga/Desktop/airflow_env/lib/python3.12/site-packages/airflow/example_dags/example_xcom.py
[2026-06-21T20:05:57.469-0500] {processor.py:830} INFO - Processing file /Users/naga/Desktop/airflow_env/lib/python3.12/site-packages/airflow/example_dags/example_xcom.py for tasks to queue
[2026-06-21T20:05:57.469-0500] {logging_mixin.py:188} INFO - [2026-06-21T20:05:57.469-0500] {dagbag.py:545} INFO - Filling up the DagBag from /Users/naga/Desktop/airflow_env/lib/python3.12/site-packages/airflow/example_dags/example_xcom.py
[2026-06-21T20:05:57.502-0500] {processor.py:840} INFO - DAG(s) 'example_xcom' retrieved from /Users/naga/Desktop/airflow_env/lib/python3.12/site-packages/airflow/example_dags/example_xcom.py
[2026-06-21T20:05:57.576-0500] {logging_mixin.py:188} INFO - [2026-06-21T20:05:57.575-0500] {dag.py:3089} INFO - Sync 1 DAGs
[2026-06-21T20:05:57.588-0500] {logging_mixin.py:188} INFO - [2026-06-21T20:05:57.587-0500] {dag.py:3947} INFO - Setting next_dagrun for example_xcom to 2021-01-01 00:00:00+00:00, run_after=2021-01-01 00:00:00+00:00
[2026-06-21T20:05:57.601-0500] {processor.py:183} INFO - Processing /Users/naga/Desktop/airflow_env/lib/python3.12/site-packages/airflow/example_dags/example_xcom.py took 0.136 seconds
[2026-06-21T20:07:26.415-0500] {processor.py:161} INFO - Started process (PID=62531) to work on /Users/naga/Desktop/airflow_env/lib/python3.12/site-packages/airflow/example_dags/example_xcom.py
[2026-06-21T20:07:26.416-0500] {processor.py:830} INFO - Processing file /Users/naga/Desktop/airflow_env/lib/python3.12/site-packages/airflow/example_dags/example_xcom.py for tasks to queue
[2026-06-21T20:07:26.416-0500] {logging_mixin.py:188} INFO - [2026-06-21T20:07:26.416-0500] {dagbag.py:545} INFO - Filling up the DagBag from /Users/naga/Desktop/airflow_env/lib/python3.12/site-packages/airflow/example_dags/example_xcom.py
[2026-06-21T20:07:26.450-0500] {processor.py:840} INFO - DAG(s) 'example_xcom' retrieved from /Users/naga/Desktop/airflow_env/lib/python3.12/site-packages/airflow/example_dags/example_xcom.py
[2026-06-21T20:07:26.524-0500] {logging_mixin.py:188} INFO - [2026-06-21T20:07:26.524-0500] {dag.py:3089} INFO - Sync 1 DAGs
[2026-06-21T20:07:26.537-0500] {logging_mixin.py:188} INFO - [2026-06-21T20:07:26.536-0500] {dag.py:3947} INFO - Setting next_dagrun for example_xcom to 2021-01-01 00:00:00+00:00, run_after=2021-01-01 00:00:00+00:00
[2026-06-21T20:07:26.550-0500] {processor.py:183} INFO - Processing /Users/naga/Desktop/airflow_env/lib/python3.12/site-packages/airflow/example_dags/example_xcom.py took 0.138 seconds
[2026-06-21T20:09:01.494-0500] {processor.py:161} INFO - Started process (PID=62619) to work on /Users/naga/Desktop/airflow_env/lib/python3.12/site-packages/airflow/example_dags/example_xcom.py
[2026-06-21T20:09:01.495-0500] {processor.py:830} INFO - Processing file /Users/naga/Desktop/airflow_env/lib/python3.12/site-packages/airflow/example_dags/example_xcom.py for tasks to queue
[2026-06-21T20:09:01.495-0500] {logging_mixin.py:188} INFO - [2026-06-21T20:09:01.495-0500] {dagbag.py:545} INFO - Filling up the DagBag from /Users/naga/Desktop/airflow_env/lib/python3.12/site-packages/airflow/example_dags/example_xcom.py
[2026-06-21T20:09:01.529-0500] {processor.py:840} INFO - DAG(s) 'example_xcom' retrieved from /Users/naga/Desktop/airflow_env/lib/python3.12/site-packages/airflow/example_dags/example_xcom.py
[2026-06-21T20:09:01.603-0500] {logging_mixin.py:188} INFO - [2026-06-21T20:09:01.603-0500] {dag.py:3089} INFO - Sync 1 DAGs
[2026-06-21T20:09:01.616-0500] {logging_mixin.py:188} INFO - [2026-06-21T20:09:01.615-0500] {dag.py:3947} INFO - Setting next_dagrun for example_xcom to 2021-01-01 00:00:00+00:00, run_after=2021-01-01 00:00:00+00:00
[2026-06-21T20:09:01.629-0500] {processor.py:183} INFO - Processing /Users/naga/Desktop/airflow_env/lib/python3.12/site-packages/airflow/example_dags/example_xcom.py took 0.138 seconds
[2026-06-21T20:37:57.785-0500] {processor.py:161} INFO - Started process (PID=62735) to work on /Users/naga/Desktop/airflow_env/lib/python3.12/site-packages/airflow/example_dags/example_xcom.py
[2026-06-21T20:37:57.786-0500] {processor.py:830} INFO - Processing file /Users/naga/Desktop/airflow_env/lib/python3.12/site-packages/airflow/example_dags/example_xcom.py for tasks to queue
[2026-06-21T20:37:57.786-0500] {logging_mixin.py:188} INFO - [2026-06-21T20:37:57.786-0500] {dagbag.py:545} INFO - Filling up the DagBag from /Users/naga/Desktop/airflow_env/lib/python3.12/site-packages/airflow/example_dags/example_xcom.py
[2026-06-21T20:37:57.820-0500] {processor.py:840} INFO - DAG(s) 'example_xcom' retrieved from /Users/naga/Desktop/airflow_env/lib/python3.12/site-packages/airflow/example_dags/example_xcom.py
[2026-06-21T20:37:57.893-0500] {logging_mixin.py:188} INFO - [2026-06-21T20:37:57.892-0500] {dag.py:3089} INFO - Sync 1 DAGs
[2026-06-21T20:37:57.906-0500] {logging_mixin.py:188} INFO - [2026-06-21T20:37:57.905-0500] {dag.py:3947} INFO - Setting next_dagrun for example_xcom to 2021-01-01 00:00:00+00:00, run_after=2021-01-01 00:00:00+00:00
[2026-06-21T20:37:57.921-0500] {processor.py:183} INFO - Processing /Users/naga/Desktop/airflow_env/lib/python3.12/site-packages/airflow/example_dags/example_xcom.py took 0.138 seconds
[2026-06-21T20:39:31.202-0500] {processor.py:161} INFO - Started process (PID=62833) to work on /Users/naga/Desktop/airflow_env/lib/python3.12/site-packages/airflow/example_dags/example_xcom.py
[2026-06-21T20:39:31.203-0500] {processor.py:830} INFO - Processing file /Users/naga/Desktop/airflow_env/lib/python3.12/site-packages/airflow/example_dags/example_xcom.py for tasks to queue
[2026-06-21T20:39:31.203-0500] {logging_mixin.py:188} INFO - [2026-06-21T20:39:31.203-0500] {dagbag.py:545} INFO - Filling up the DagBag from /Users/naga/Desktop/airflow_env/lib/python3.12/site-packages/airflow/example_dags/example_xcom.py
[2026-06-21T20:39:31.238-0500] {processor.py:840} INFO - DAG(s) 'example_xcom' retrieved from /Users/naga/Desktop/airflow_env/lib/python3.12/site-packages/airflow/example_dags/example_xcom.py
[2026-06-21T20:39:31.311-0500] {logging_mixin.py:188} INFO - [2026-06-21T20:39:31.311-0500] {dag.py:3089} INFO - Sync 1 DAGs
[2026-06-21T20:39:31.324-0500] {logging_mixin.py:188} INFO - [2026-06-21T20:39:31.323-0500] {dag.py:3947} INFO - Setting next_dagrun for example_xcom to 2021-01-01 00:00:00+00:00, run_after=2021-01-01 00:00:00+00:00
[2026-06-21T20:39:31.337-0500] {processor.py:183} INFO - Processing /Users/naga/Desktop/airflow_env/lib/python3.12/site-packages/airflow/example_dags/example_xcom.py took 0.138 seconds
[2026-06-21T20:41:05.703-0500] {processor.py:161} INFO - Started process (PID=62999) to work on /Users/naga/Desktop/airflow_env/lib/python3.12/site-packages/airflow/example_dags/example_xcom.py
[2026-06-21T20:41:05.704-0500] {processor.py:830} INFO - Processing file /Users/naga/Desktop/airflow_env/lib/python3.12/site-packages/airflow/example_dags/example_xcom.py for tasks to queue
[2026-06-21T20:41:05.705-0500] {logging_mixin.py:188} INFO - [2026-06-21T20:41:05.705-0500] {dagbag.py:545} INFO - Filling up the DagBag from /Users/naga/Desktop/airflow_env/lib/python3.12/site-packages/airflow/example_dags/example_xcom.py
[2026-06-21T20:41:05.741-0500] {processor.py:840} INFO - DAG(s) 'example_xcom' retrieved from /Users/naga/Desktop/airflow_env/lib/python3.12/site-packages/airflow/example_dags/example_xcom.py
[2026-06-21T20:41:05.815-0500] {logging_mixin.py:188} INFO - [2026-06-21T20:41:05.815-0500] {dag.py:3089} INFO - Sync 1 DAGs
[2026-06-21T20:41:05.828-0500] {logging_mixin.py:188} INFO - [2026-06-21T20:41:05.827-0500] {dag.py:3947} INFO - Setting next_dagrun for example_xcom to 2021-01-01 00:00:00+00:00, run_after=2021-01-01 00:00:00+00:00
[2026-06-21T20:41:05.841-0500] {processor.py:183} INFO - Processing /Users/naga/Desktop/airflow_env/lib/python3.12/site-packages/airflow/example_dags/example_xcom.py took 0.140 seconds
[2026-06-21T20:42:37.179-0500] {processor.py:161} INFO - Started process (PID=63062) to work on /Users/naga/Desktop/airflow_env/lib/python3.12/site-packages/airflow/example_dags/example_xcom.py
[2026-06-21T20:42:37.180-0500] {processor.py:830} INFO - Processing file /Users/naga/Desktop/airflow_env/lib/python3.12/site-packages/airflow/example_dags/example_xcom.py for tasks to queue
[2026-06-21T20:42:37.181-0500] {logging_mixin.py:188} INFO - [2026-06-21T20:42:37.181-0500] {dagbag.py:545} INFO - Filling up the DagBag from /Users/naga/Desktop/airflow_env/lib/python3.12/site-packages/airflow/example_dags/example_xcom.py
[2026-06-21T20:42:37.213-0500] {processor.py:840} INFO - DAG(s) 'example_xcom' retrieved from /Users/naga/Desktop/airflow_env/lib/python3.12/site-packages/airflow/example_dags/example_xcom.py
[2026-06-21T20:42:37.285-0500] {logging_mixin.py:188} INFO - [2026-06-21T20:42:37.285-0500] {dag.py:3089} INFO - Sync 1 DAGs
[2026-06-21T20:42:37.297-0500] {logging_mixin.py:188} INFO - [2026-06-21T20:42:37.296-0500] {dag.py:3947} INFO - Setting next_dagrun for example_xcom to 2021-01-01 00:00:00+00:00, run_after=2021-01-01 00:00:00+00:00
[2026-06-21T20:42:37.310-0500] {processor.py:183} INFO - Processing /Users/naga/Desktop/airflow_env/lib/python3.12/site-packages/airflow/example_dags/example_xcom.py took 0.133 seconds
[2026-06-21T20:44:02.275-0500] {processor.py:161} INFO - Started process (PID=63176) to work on /Users/naga/Desktop/airflow_env/lib/python3.12/site-packages/airflow/example_dags/example_xcom.py
[2026-06-21T20:44:02.276-0500] {processor.py:830} INFO - Processing file /Users/naga/Desktop/airflow_env/lib/python3.12/site-packages/airflow/example_dags/example_xcom.py for tasks to queue
[2026-06-21T20:44:02.276-0500] {logging_mixin.py:188} INFO - [2026-06-21T20:44:02.276-0500] {dagbag.py:545} INFO - Filling up the DagBag from /Users/naga/Desktop/airflow_env/lib/python3.12/site-packages/airflow/example_dags/example_xcom.py
[2026-06-21T20:44:02.309-0500] {processor.py:840} INFO - DAG(s) 'example_xcom' retrieved from /Users/naga/Desktop/airflow_env/lib/python3.12/site-packages/airflow/example_dags/example_xcom.py
[2026-06-21T20:44:02.381-0500] {logging_mixin.py:188} INFO - [2026-06-21T20:44:02.381-0500] {dag.py:3089} INFO - Sync 1 DAGs
[2026-06-21T20:44:02.393-0500] {logging_mixin.py:188} INFO - [2026-06-21T20:44:02.392-0500] {dag.py:3947} INFO - Setting next_dagrun for example_xcom to 2021-01-01 00:00:00+00:00, run_after=2021-01-01 00:00:00+00:00
[2026-06-21T20:44:02.406-0500] {processor.py:183} INFO - Processing /Users/naga/Desktop/airflow_env/lib/python3.12/site-packages/airflow/example_dags/example_xcom.py took 0.134 seconds
[2026-06-21T20:45:27.808-0500] {processor.py:161} INFO - Started process (PID=63251) to work on /Users/naga/Desktop/airflow_env/lib/python3.12/site-packages/airflow/example_dags/example_xcom.py
[2026-06-21T20:45:27.809-0500] {processor.py:830} INFO - Processing file /Users/naga/Desktop/airflow_env/lib/python3.12/site-packages/airflow/example_dags/example_xcom.py for tasks to queue
[2026-06-21T20:45:27.810-0500] {logging_mixin.py:188} INFO - [2026-06-21T20:45:27.810-0500] {dagbag.py:545} INFO - Filling up the DagBag from /Users/naga/Desktop/airflow_env/lib/python3.12/site-packages/airflow/example_dags/example_xcom.py
[2026-06-21T20:45:27.843-0500] {processor.py:840} INFO - DAG(s) 'example_xcom' retrieved from /Users/naga/Desktop/airflow_env/lib/python3.12/site-packages/airflow/example_dags/example_xcom.py
[2026-06-21T20:45:27.916-0500] {logging_mixin.py:188} INFO - [2026-06-21T20:45:27.916-0500] {dag.py:3089} INFO - Sync 1 DAGs
[2026-06-21T20:45:27.929-0500] {logging_mixin.py:188} INFO - [2026-06-21T20:45:27.928-0500] {dag.py:3947} INFO - Setting next_dagrun for example_xcom to 2021-01-01 00:00:00+00:00, run_after=2021-01-01 00:00:00+00:00
[2026-06-21T20:45:27.943-0500] {processor.py:183} INFO - Processing /Users/naga/Desktop/airflow_env/lib/python3.12/site-packages/airflow/example_dags/example_xcom.py took 0.137 seconds
[2026-06-21T20:46:53.206-0500] {processor.py:161} INFO - Started process (PID=63339) to work on /Users/naga/Desktop/airflow_env/lib/python3.12/site-packages/airflow/example_dags/example_xcom.py
[2026-06-21T20:46:53.207-0500] {processor.py:830} INFO - Processing file /Users/naga/Desktop/airflow_env/lib/python3.12/site-packages/airflow/example_dags/example_xcom.py for tasks to queue
[2026-06-21T20:46:53.207-0500] {logging_mixin.py:188} INFO - [2026-06-21T20:46:53.207-0500] {dagbag.py:545} INFO - Filling up the DagBag from /Users/naga/Desktop/airflow_env/lib/python3.12/site-packages/airflow/example_dags/example_xcom.py
[2026-06-21T20:46:53.239-0500] {processor.py:840} INFO - DAG(s) 'example_xcom' retrieved from /Users/naga/Desktop/airflow_env/lib/python3.12/site-packages/airflow/example_dags/example_xcom.py
[2026-06-21T20:46:53.312-0500] {logging_mixin.py:188} INFO - [2026-06-21T20:46:53.312-0500] {dag.py:3089} INFO - Sync 1 DAGs
[2026-06-21T20:46:53.324-0500] {logging_mixin.py:188} INFO - [2026-06-21T20:46:53.324-0500] {dag.py:3947} INFO - Setting next_dagrun for example_xcom to 2021-01-01 00:00:00+00:00, run_after=2021-01-01 00:00:00+00:00
[2026-06-21T20:46:53.337-0500] {processor.py:183} INFO - Processing /Users/naga/Desktop/airflow_env/lib/python3.12/site-packages/airflow/example_dags/example_xcom.py took 0.134 seconds
[2026-06-21T20:48:17.132-0500] {processor.py:161} INFO - Started process (PID=63386) to work on /Users/naga/Desktop/airflow_env/lib/python3.12/site-packages/airflow/example_dags/example_xcom.py
[2026-06-21T20:48:17.133-0500] {processor.py:830} INFO - Processing file /Users/naga/Desktop/airflow_env/lib/python3.12/site-packages/airflow/example_dags/example_xcom.py for tasks to queue
[2026-06-21T20:48:17.134-0500] {logging_mixin.py:188} INFO - [2026-06-21T20:48:17.133-0500] {dagbag.py:545} INFO - Filling up the DagBag from /Users/naga/Desktop/airflow_env/lib/python3.12/site-packages/airflow/example_dags/example_xcom.py
[2026-06-21T20:48:17.166-0500] {processor.py:840} INFO - DAG(s) 'example_xcom' retrieved from /Users/naga/Desktop/airflow_env/lib/python3.12/site-packages/airflow/example_dags/example_xcom.py
[2026-06-21T20:48:17.238-0500] {logging_mixin.py:188} INFO - [2026-06-21T20:48:17.238-0500] {dag.py:3089} INFO - Sync 1 DAGs
[2026-06-21T20:48:17.251-0500] {logging_mixin.py:188} INFO - [2026-06-21T20:48:17.250-0500] {dag.py:3947} INFO - Setting next_dagrun for example_xcom to 2021-01-01 00:00:00+00:00, run_after=2021-01-01 00:00:00+00:00
[2026-06-21T20:48:17.266-0500] {processor.py:183} INFO - Processing /Users/naga/Desktop/airflow_env/lib/python3.12/site-packages/airflow/example_dags/example_xcom.py took 0.136 seconds
[2026-06-21T20:49:41.932-0500] {processor.py:161} INFO - Started process (PID=63455) to work on /Users/naga/Desktop/airflow_env/lib/python3.12/site-packages/airflow/example_dags/example_xcom.py
[2026-06-21T20:49:41.933-0500] {processor.py:830} INFO - Processing file /Users/naga/Desktop/airflow_env/lib/python3.12/site-packages/airflow/example_dags/example_xcom.py for tasks to queue
[2026-06-21T20:49:41.934-0500] {logging_mixin.py:188} INFO - [2026-06-21T20:49:41.934-0500] {dagbag.py:545} INFO - Filling up the DagBag from /Users/naga/Desktop/airflow_env/lib/python3.12/site-packages/airflow/example_dags/example_xcom.py
[2026-06-21T20:49:41.966-0500] {processor.py:840} INFO - DAG(s) 'example_xcom' retrieved from /Users/naga/Desktop/airflow_env/lib/python3.12/site-packages/airflow/example_dags/example_xcom.py
[2026-06-21T20:49:42.039-0500] {logging_mixin.py:188} INFO - [2026-06-21T20:49:42.039-0500] {dag.py:3089} INFO - Sync 1 DAGs
[2026-06-21T20:49:42.052-0500] {logging_mixin.py:188} INFO - [2026-06-21T20:49:42.051-0500] {dag.py:3947} INFO - Setting next_dagrun for example_xcom to 2021-01-01 00:00:00+00:00, run_after=2021-01-01 00:00:00+00:00
[2026-06-21T20:49:42.065-0500] {processor.py:183} INFO - Processing /Users/naga/Desktop/airflow_env/lib/python3.12/site-packages/airflow/example_dags/example_xcom.py took 0.135 seconds
[2026-06-21T20:51:10.448-0500] {processor.py:161} INFO - Started process (PID=63528) to work on /Users/naga/Desktop/airflow_env/lib/python3.12/site-packages/airflow/example_dags/example_xcom.py
[2026-06-21T20:51:10.449-0500] {processor.py:830} INFO - Processing file /Users/naga/Desktop/airflow_env/lib/python3.12/site-packages/airflow/example_dags/example_xcom.py for tasks to queue
[2026-06-21T20:51:10.449-0500] {logging_mixin.py:188} INFO - [2026-06-21T20:51:10.449-0500] {dagbag.py:545} INFO - Filling up the DagBag from /Users/naga/Desktop/airflow_env/lib/python3.12/site-packages/airflow/example_dags/example_xcom.py
[2026-06-21T20:51:10.482-0500] {processor.py:840} INFO - DAG(s) 'example_xcom' retrieved from /Users/naga/Desktop/airflow_env/lib/python3.12/site-packages/airflow/example_dags/example_xcom.py
[2026-06-21T20:51:10.555-0500] {logging_mixin.py:188} INFO - [2026-06-21T20:51:10.555-0500] {dag.py:3089} INFO - Sync 1 DAGs
[2026-06-21T20:51:10.568-0500] {logging_mixin.py:188} INFO - [2026-06-21T20:51:10.567-0500] {dag.py:3947} INFO - Setting next_dagrun for example_xcom to 2021-01-01 00:00:00+00:00, run_after=2021-01-01 00:00:00+00:00
[2026-06-21T20:51:10.581-0500] {processor.py:183} INFO - Processing /Users/naga/Desktop/airflow_env/lib/python3.12/site-packages/airflow/example_dags/example_xcom.py took 0.135 seconds
[2026-06-21T20:52:39.602-0500] {processor.py:161} INFO - Started process (PID=63584) to work on /Users/naga/Desktop/airflow_env/lib/python3.12/site-packages/airflow/example_dags/example_xcom.py
[2026-06-21T20:52:39.603-0500] {processor.py:830} INFO - Processing file /Users/naga/Desktop/airflow_env/lib/python3.12/site-packages/airflow/example_dags/example_xcom.py for tasks to queue
[2026-06-21T20:52:39.603-0500] {logging_mixin.py:188} INFO - [2026-06-21T20:52:39.603-0500] {dagbag.py:545} INFO - Filling up the DagBag from /Users/naga/Desktop/airflow_env/lib/python3.12/site-packages/airflow/example_dags/example_xcom.py
[2026-06-21T20:52:39.636-0500] {processor.py:840} INFO - DAG(s) 'example_xcom' retrieved from /Users/naga/Desktop/airflow_env/lib/python3.12/site-packages/airflow/example_dags/example_xcom.py
[2026-06-21T20:52:39.709-0500] {logging_mixin.py:188} INFO - [2026-06-21T20:52:39.708-0500] {dag.py:3089} INFO - Sync 1 DAGs
[2026-06-21T20:52:39.721-0500] {logging_mixin.py:188} INFO - [2026-06-21T20:52:39.720-0500] {dag.py:3947} INFO - Setting next_dagrun for example_xcom to 2021-01-01 00:00:00+00:00, run_after=2021-01-01 00:00:00+00:00
[2026-06-21T20:52:39.734-0500] {processor.py:183} INFO - Processing /Users/naga/Desktop/airflow_env/lib/python3.12/site-packages/airflow/example_dags/example_xcom.py took 0.135 seconds
[2026-06-21T20:54:06.502-0500] {processor.py:161} INFO - Started process (PID=63662) to work on /Users/naga/Desktop/airflow_env/lib/python3.12/site-packages/airflow/example_dags/example_xcom.py
[2026-06-21T20:54:06.503-0500] {processor.py:830} INFO - Processing file /Users/naga/Desktop/airflow_env/lib/python3.12/site-packages/airflow/example_dags/example_xcom.py for tasks to queue
[2026-06-21T20:54:06.504-0500] {logging_mixin.py:188} INFO - [2026-06-21T20:54:06.504-0500] {dagbag.py:545} INFO - Filling up the DagBag from /Users/naga/Desktop/airflow_env/lib/python3.12/site-packages/airflow/example_dags/example_xcom.py
[2026-06-21T20:54:06.536-0500] {processor.py:840} INFO - DAG(s) 'example_xcom' retrieved from /Users/naga/Desktop/airflow_env/lib/python3.12/site-packages/airflow/example_dags/example_xcom.py
[2026-06-21T20:54:06.609-0500] {logging_mixin.py:188} INFO - [2026-06-21T20:54:06.609-0500] {dag.py:3089} INFO - Sync 1 DAGs
[2026-06-21T20:54:06.621-0500] {logging_mixin.py:188} INFO - [2026-06-21T20:54:06.620-0500] {dag.py:3947} INFO - Setting next_dagrun for example_xcom to 2021-01-01 00:00:00+00:00, run_after=2021-01-01 00:00:00+00:00
[2026-06-21T20:54:06.636-0500] {processor.py:183} INFO - Processing /Users/naga/Desktop/airflow_env/lib/python3.12/site-packages/airflow/example_dags/example_xcom.py took 0.136 seconds
[2026-06-21T20:55:37.085-0500] {processor.py:161} INFO - Started process (PID=63834) to work on /Users/naga/Desktop/airflow_env/lib/python3.12/site-packages/airflow/example_dags/example_xcom.py
[2026-06-21T20:55:37.086-0500] {processor.py:830} INFO - Processing file /Users/naga/Desktop/airflow_env/lib/python3.12/site-packages/airflow/example_dags/example_xcom.py for tasks to queue
[2026-06-21T20:55:37.087-0500] {logging_mixin.py:188} INFO - [2026-06-21T20:55:37.087-0500] {dagbag.py:545} INFO - Filling up the DagBag from /Users/naga/Desktop/airflow_env/lib/python3.12/site-packages/airflow/example_dags/example_xcom.py
[2026-06-21T20:55:37.120-0500] {processor.py:840} INFO - DAG(s) 'example_xcom' retrieved from /Users/naga/Desktop/airflow_env/lib/python3.12/site-packages/airflow/example_dags/example_xcom.py
[2026-06-21T20:55:37.192-0500] {logging_mixin.py:188} INFO - [2026-06-21T20:55:37.192-0500] {dag.py:3089} INFO - Sync 1 DAGs
[2026-06-21T20:55:37.204-0500] {logging_mixin.py:188} INFO - [2026-06-21T20:55:37.204-0500] {dag.py:3947} INFO - Setting next_dagrun for example_xcom to 2021-01-01 00:00:00+00:00, run_after=2021-01-01 00:00:00+00:00
[2026-06-21T20:55:37.217-0500] {processor.py:183} INFO - Processing /Users/naga/Desktop/airflow_env/lib/python3.12/site-packages/airflow/example_dags/example_xcom.py took 0.135 seconds
[2026-06-21T20:57:06.561-0500] {processor.py:161} INFO - Started process (PID=63922) to work on /Users/naga/Desktop/airflow_env/lib/python3.12/site-packages/airflow/example_dags/example_xcom.py
[2026-06-21T20:57:06.563-0500] {processor.py:830} INFO - Processing file /Users/naga/Desktop/airflow_env/lib/python3.12/site-packages/airflow/example_dags/example_xcom.py for tasks to queue
[2026-06-21T20:57:06.563-0500] {logging_mixin.py:188} INFO - [2026-06-21T20:57:06.563-0500] {dagbag.py:545} INFO - Filling up the DagBag from /Users/naga/Desktop/airflow_env/lib/python3.12/site-packages/airflow/example_dags/example_xcom.py
[2026-06-21T20:57:06.596-0500] {processor.py:840} INFO - DAG(s) 'example_xcom' retrieved from /Users/naga/Desktop/airflow_env/lib/python3.12/site-packages/airflow/example_dags/example_xcom.py
[2026-06-21T20:57:06.669-0500] {logging_mixin.py:188} INFO - [2026-06-21T20:57:06.669-0500] {dag.py:3089} INFO - Sync 1 DAGs
[2026-06-21T20:57:06.682-0500] {logging_mixin.py:188} INFO - [2026-06-21T20:57:06.681-0500] {dag.py:3947} INFO - Setting next_dagrun for example_xcom to 2021-01-01 00:00:00+00:00, run_after=2021-01-01 00:00:00+00:00
[2026-06-21T20:57:06.695-0500] {processor.py:183} INFO - Processing /Users/naga/Desktop/airflow_env/lib/python3.12/site-packages/airflow/example_dags/example_xcom.py took 0.135 seconds
[2026-06-21T20:58:32.679-0500] {processor.py:161} INFO - Started process (PID=63978) to work on /Users/naga/Desktop/airflow_env/lib/python3.12/site-packages/airflow/example_dags/example_xcom.py
[2026-06-21T20:58:32.680-0500] {processor.py:830} INFO - Processing file /Users/naga/Desktop/airflow_env/lib/python3.12/site-packages/airflow/example_dags/example_xcom.py for tasks to queue
[2026-06-21T20:58:32.681-0500] {logging_mixin.py:188} INFO - [2026-06-21T20:58:32.680-0500] {dagbag.py:545} INFO - Filling up the DagBag from /Users/naga/Desktop/airflow_env/lib/python3.12/site-packages/airflow/example_dags/example_xcom.py
[2026-06-21T20:58:32.716-0500] {processor.py:840} INFO - DAG(s) 'example_xcom' retrieved from /Users/naga/Desktop/airflow_env/lib/python3.12/site-packages/airflow/example_dags/example_xcom.py
[2026-06-21T20:58:32.796-0500] {logging_mixin.py:188} INFO - [2026-06-21T20:58:32.795-0500] {dag.py:3089} INFO - Sync 1 DAGs
[2026-06-21T20:58:32.810-0500] {logging_mixin.py:188} INFO - [2026-06-21T20:58:32.809-0500] {dag.py:3947} INFO - Setting next_dagrun for example_xcom to 2021-01-01 00:00:00+00:00, run_after=2021-01-01 00:00:00+00:00
[2026-06-21T20:58:32.826-0500] {processor.py:183} INFO - Processing /Users/naga/Desktop/airflow_env/lib/python3.12/site-packages/airflow/example_dags/example_xcom.py took 0.150 seconds
[2026-06-21T21:42:11.702-0500] {processor.py:161} INFO - Started process (PID=64211) to work on /Users/naga/Desktop/airflow_env/lib/python3.12/site-packages/airflow/example_dags/example_xcom.py
[2026-06-21T21:42:11.704-0500] {processor.py:830} INFO - Processing file /Users/naga/Desktop/airflow_env/lib/python3.12/site-packages/airflow/example_dags/example_xcom.py for tasks to queue
[2026-06-21T21:42:11.704-0500] {logging_mixin.py:188} INFO - [2026-06-21T21:42:11.704-0500] {dagbag.py:545} INFO - Filling up the DagBag from /Users/naga/Desktop/airflow_env/lib/python3.12/site-packages/airflow/example_dags/example_xcom.py
[2026-06-21T21:42:11.978-0500] {processor.py:840} INFO - DAG(s) 'example_xcom' retrieved from /Users/naga/Desktop/airflow_env/lib/python3.12/site-packages/airflow/example_dags/example_xcom.py
[2026-06-21T21:42:12.077-0500] {logging_mixin.py:188} INFO - [2026-06-21T21:42:12.076-0500] {dag.py:3089} INFO - Sync 1 DAGs
[2026-06-21T21:42:12.091-0500] {logging_mixin.py:188} INFO - [2026-06-21T21:42:12.090-0500] {dag.py:3947} INFO - Setting next_dagrun for example_xcom to 2021-01-01 00:00:00+00:00, run_after=2021-01-01 00:00:00+00:00
[2026-06-21T21:42:12.105-0500] {processor.py:183} INFO - Processing /Users/naga/Desktop/airflow_env/lib/python3.12/site-packages/airflow/example_dags/example_xcom.py took 0.405 seconds
[2026-06-21T21:43:56.012-0500] {processor.py:161} INFO - Started process (PID=64305) to work on /Users/naga/Desktop/airflow_env/lib/python3.12/site-packages/airflow/example_dags/example_xcom.py
[2026-06-21T21:43:56.013-0500] {processor.py:830} INFO - Processing file /Users/naga/Desktop/airflow_env/lib/python3.12/site-packages/airflow/example_dags/example_xcom.py for tasks to queue
[2026-06-21T21:43:56.014-0500] {logging_mixin.py:188} INFO - [2026-06-21T21:43:56.014-0500] {dagbag.py:545} INFO - Filling up the DagBag from /Users/naga/Desktop/airflow_env/lib/python3.12/site-packages/airflow/example_dags/example_xcom.py
[2026-06-21T21:43:56.047-0500] {processor.py:840} INFO - DAG(s) 'example_xcom' retrieved from /Users/naga/Desktop/airflow_env/lib/python3.12/site-packages/airflow/example_dags/example_xcom.py
[2026-06-21T21:43:56.121-0500] {logging_mixin.py:188} INFO - [2026-06-21T21:43:56.120-0500] {dag.py:3089} INFO - Sync 1 DAGs
[2026-06-21T21:43:56.133-0500] {logging_mixin.py:188} INFO - [2026-06-21T21:43:56.132-0500] {dag.py:3947} INFO - Setting next_dagrun for example_xcom to 2021-01-01 00:00:00+00:00, run_after=2021-01-01 00:00:00+00:00
[2026-06-21T21:43:56.147-0500] {processor.py:183} INFO - Processing /Users/naga/Desktop/airflow_env/lib/python3.12/site-packages/airflow/example_dags/example_xcom.py took 0.137 seconds
[2026-06-21T21:45:30.097-0500] {processor.py:161} INFO - Started process (PID=64394) to work on /Users/naga/Desktop/airflow_env/lib/python3.12/site-packages/airflow/example_dags/example_xcom.py
[2026-06-21T21:45:30.098-0500] {processor.py:830} INFO - Processing file /Users/naga/Desktop/airflow_env/lib/python3.12/site-packages/airflow/example_dags/example_xcom.py for tasks to queue
[2026-06-21T21:45:30.098-0500] {logging_mixin.py:188} INFO - [2026-06-21T21:45:30.098-0500] {dagbag.py:545} INFO - Filling up the DagBag from /Users/naga/Desktop/airflow_env/lib/python3.12/site-packages/airflow/example_dags/example_xcom.py
[2026-06-21T21:45:30.131-0500] {processor.py:840} INFO - DAG(s) 'example_xcom' retrieved from /Users/naga/Desktop/airflow_env/lib/python3.12/site-packages/airflow/example_dags/example_xcom.py
[2026-06-21T21:45:30.204-0500] {logging_mixin.py:188} INFO - [2026-06-21T21:45:30.203-0500] {dag.py:3089} INFO - Sync 1 DAGs
[2026-06-21T21:45:30.216-0500] {logging_mixin.py:188} INFO - [2026-06-21T21:45:30.215-0500] {dag.py:3947} INFO - Setting next_dagrun for example_xcom to 2021-01-01 00:00:00+00:00, run_after=2021-01-01 00:00:00+00:00
[2026-06-21T21:45:30.229-0500] {processor.py:183} INFO - Processing /Users/naga/Desktop/airflow_env/lib/python3.12/site-packages/airflow/example_dags/example_xcom.py took 0.135 seconds
[2026-06-21T21:47:38.439-0500] {processor.py:161} INFO - Started process (PID=64661) to work on /Users/naga/Desktop/airflow_env/lib/python3.12/site-packages/airflow/example_dags/example_xcom.py
[2026-06-21T21:47:38.440-0500] {processor.py:830} INFO - Processing file /Users/naga/Desktop/airflow_env/lib/python3.12/site-packages/airflow/example_dags/example_xcom.py for tasks to queue
[2026-06-21T21:47:38.440-0500] {logging_mixin.py:188} INFO - [2026-06-21T21:47:38.440-0500] {dagbag.py:545} INFO - Filling up the DagBag from /Users/naga/Desktop/airflow_env/lib/python3.12/site-packages/airflow/example_dags/example_xcom.py
[2026-06-21T21:47:38.474-0500] {processor.py:840} INFO - DAG(s) 'example_xcom' retrieved from /Users/naga/Desktop/airflow_env/lib/python3.12/site-packages/airflow/example_dags/example_xcom.py
[2026-06-21T21:47:38.547-0500] {logging_mixin.py:188} INFO - [2026-06-21T21:47:38.547-0500] {dag.py:3089} INFO - Sync 1 DAGs
[2026-06-21T21:47:38.559-0500] {logging_mixin.py:188} INFO - [2026-06-21T21:47:38.559-0500] {dag.py:3947} INFO - Setting next_dagrun for example_xcom to 2021-01-01 00:00:00+00:00, run_after=2021-01-01 00:00:00+00:00
[2026-06-21T21:47:38.573-0500] {processor.py:183} INFO - Processing /Users/naga/Desktop/airflow_env/lib/python3.12/site-packages/airflow/example_dags/example_xcom.py took 0.137 seconds
[2026-06-21T21:49:11.881-0500] {processor.py:161} INFO - Started process (PID=64728) to work on /Users/naga/Desktop/airflow_env/lib/python3.12/site-packages/airflow/example_dags/example_xcom.py
[2026-06-21T21:49:11.882-0500] {processor.py:830} INFO - Processing file /Users/naga/Desktop/airflow_env/lib/python3.12/site-packages/airflow/example_dags/example_xcom.py for tasks to queue
[2026-06-21T21:49:11.883-0500] {logging_mixin.py:188} INFO - [2026-06-21T21:49:11.883-0500] {dagbag.py:545} INFO - Filling up the DagBag from /Users/naga/Desktop/airflow_env/lib/python3.12/site-packages/airflow/example_dags/example_xcom.py
[2026-06-21T21:49:11.917-0500] {processor.py:840} INFO - DAG(s) 'example_xcom' retrieved from /Users/naga/Desktop/airflow_env/lib/python3.12/site-packages/airflow/example_dags/example_xcom.py
[2026-06-21T21:49:11.990-0500] {logging_mixin.py:188} INFO - [2026-06-21T21:49:11.990-0500] {dag.py:3089} INFO - Sync 1 DAGs
[2026-06-21T21:49:12.002-0500] {logging_mixin.py:188} INFO - [2026-06-21T21:49:12.001-0500] {dag.py:3947} INFO - Setting next_dagrun for example_xcom to 2021-01-01 00:00:00+00:00, run_after=2021-01-01 00:00:00+00:00
[2026-06-21T21:49:12.016-0500] {processor.py:183} INFO - Processing /Users/naga/Desktop/airflow_env/lib/python3.12/site-packages/airflow/example_dags/example_xcom.py took 0.137 seconds
[2026-06-21T21:51:13.410-0500] {processor.py:161} INFO - Started process (PID=64824) to work on /Users/naga/Desktop/airflow_env/lib/python3.12/site-packages/airflow/example_dags/example_xcom.py
[2026-06-21T21:51:13.411-0500] {processor.py:830} INFO - Processing file /Users/naga/Desktop/airflow_env/lib/python3.12/site-packages/airflow/example_dags/example_xcom.py for tasks to queue
[2026-06-21T21:51:13.412-0500] {logging_mixin.py:188} INFO - [2026-06-21T21:51:13.412-0500] {dagbag.py:545} INFO - Filling up the DagBag from /Users/naga/Desktop/airflow_env/lib/python3.12/site-packages/airflow/example_dags/example_xcom.py
[2026-06-21T21:51:13.445-0500] {processor.py:840} INFO - DAG(s) 'example_xcom' retrieved from /Users/naga/Desktop/airflow_env/lib/python3.12/site-packages/airflow/example_dags/example_xcom.py
[2026-06-21T21:51:13.519-0500] {logging_mixin.py:188} INFO - [2026-06-21T21:51:13.519-0500] {dag.py:3089} INFO - Sync 1 DAGs
[2026-06-21T21:51:13.532-0500] {logging_mixin.py:188} INFO - [2026-06-21T21:51:13.531-0500] {dag.py:3947} INFO - Setting next_dagrun for example_xcom to 2021-01-01 00:00:00+00:00, run_after=2021-01-01 00:00:00+00:00
[2026-06-21T21:51:13.546-0500] {processor.py:183} INFO - Processing /Users/naga/Desktop/airflow_env/lib/python3.12/site-packages/airflow/example_dags/example_xcom.py took 0.139 seconds
[2026-06-21T21:53:21.654-0500] {processor.py:161} INFO - Started process (PID=64964) to work on /Users/naga/Desktop/airflow_env/lib/python3.12/site-packages/airflow/example_dags/example_xcom.py
[2026-06-21T21:53:21.656-0500] {processor.py:830} INFO - Processing file /Users/naga/Desktop/airflow_env/lib/python3.12/site-packages/airflow/example_dags/example_xcom.py for tasks to queue
[2026-06-21T21:53:21.656-0500] {logging_mixin.py:188} INFO - [2026-06-21T21:53:21.656-0500] {dagbag.py:545} INFO - Filling up the DagBag from /Users/naga/Desktop/airflow_env/lib/python3.12/site-packages/airflow/example_dags/example_xcom.py
[2026-06-21T21:53:21.690-0500] {processor.py:840} INFO - DAG(s) 'example_xcom' retrieved from /Users/naga/Desktop/airflow_env/lib/python3.12/site-packages/airflow/example_dags/example_xcom.py
[2026-06-21T21:53:21.763-0500] {logging_mixin.py:188} INFO - [2026-06-21T21:53:21.763-0500] {dag.py:3089} INFO - Sync 1 DAGs
[2026-06-21T21:53:21.776-0500] {logging_mixin.py:188} INFO - [2026-06-21T21:53:21.775-0500] {dag.py:3947} INFO - Setting next_dagrun for example_xcom to 2021-01-01 00:00:00+00:00, run_after=2021-01-01 00:00:00+00:00
[2026-06-21T21:53:21.793-0500] {processor.py:183} INFO - Processing /Users/naga/Desktop/airflow_env/lib/python3.12/site-packages/airflow/example_dags/example_xcom.py took 0.140 seconds
[2026-06-21T21:55:14.308-0500] {processor.py:161} INFO - Started process (PID=65311) to work on /Users/naga/Desktop/airflow_env/lib/python3.12/site-packages/airflow/example_dags/example_xcom.py
[2026-06-21T21:55:14.309-0500] {processor.py:830} INFO - Processing file /Users/naga/Desktop/airflow_env/lib/python3.12/site-packages/airflow/example_dags/example_xcom.py for tasks to queue
[2026-06-21T21:55:14.310-0500] {logging_mixin.py:188} INFO - [2026-06-21T21:55:14.310-0500] {dagbag.py:545} INFO - Filling up the DagBag from /Users/naga/Desktop/airflow_env/lib/python3.12/site-packages/airflow/example_dags/example_xcom.py
[2026-06-21T21:55:14.343-0500] {processor.py:840} INFO - DAG(s) 'example_xcom' retrieved from /Users/naga/Desktop/airflow_env/lib/python3.12/site-packages/airflow/example_dags/example_xcom.py
[2026-06-21T21:55:14.417-0500] {logging_mixin.py:188} INFO - [2026-06-21T21:55:14.417-0500] {dag.py:3089} INFO - Sync 1 DAGs
[2026-06-21T21:55:14.432-0500] {logging_mixin.py:188} INFO - [2026-06-21T21:55:14.432-0500] {dag.py:3947} INFO - Setting next_dagrun for example_xcom to 2021-01-01 00:00:00+00:00, run_after=2021-01-01 00:00:00+00:00
[2026-06-21T21:55:14.446-0500] {processor.py:183} INFO - Processing /Users/naga/Desktop/airflow_env/lib/python3.12/site-packages/airflow/example_dags/example_xcom.py took 0.140 seconds
[2026-06-21T21:56:49.294-0500] {processor.py:161} INFO - Started process (PID=65494) to work on /Users/naga/Desktop/airflow_env/lib/python3.12/site-packages/airflow/example_dags/example_xcom.py
[2026-06-21T21:56:49.295-0500] {processor.py:830} INFO - Processing file /Users/naga/Desktop/airflow_env/lib/python3.12/site-packages/airflow/example_dags/example_xcom.py for tasks to queue
[2026-06-21T21:56:49.296-0500] {logging_mixin.py:188} INFO - [2026-06-21T21:56:49.296-0500] {dagbag.py:545} INFO - Filling up the DagBag from /Users/naga/Desktop/airflow_env/lib/python3.12/site-packages/airflow/example_dags/example_xcom.py
[2026-06-21T21:56:49.329-0500] {processor.py:840} INFO - DAG(s) 'example_xcom' retrieved from /Users/naga/Desktop/airflow_env/lib/python3.12/site-packages/airflow/example_dags/example_xcom.py
[2026-06-21T21:56:49.403-0500] {logging_mixin.py:188} INFO - [2026-06-21T21:56:49.403-0500] {dag.py:3089} INFO - Sync 1 DAGs
[2026-06-21T21:56:49.415-0500] {logging_mixin.py:188} INFO - [2026-06-21T21:56:49.415-0500] {dag.py:3947} INFO - Setting next_dagrun for example_xcom to 2021-01-01 00:00:00+00:00, run_after=2021-01-01 00:00:00+00:00
[2026-06-21T21:56:49.430-0500] {processor.py:183} INFO - Processing /Users/naga/Desktop/airflow_env/lib/python3.12/site-packages/airflow/example_dags/example_xcom.py took 0.139 seconds
