[2026-06-21T19:48:03.360-0500] {processor.py:161} INFO - Started process (PID=61545) to work on /Users/naga/Desktop/airflow_env/lib/python3.12/site-packages/airflow/example_dags/example_bash_operator.py
[2026-06-21T19:48:03.361-0500] {processor.py:830} INFO - Processing file /Users/naga/Desktop/airflow_env/lib/python3.12/site-packages/airflow/example_dags/example_bash_operator.py for tasks to queue
[2026-06-21T19:48:03.361-0500] {logging_mixin.py:188} INFO - [2026-06-21T19:48:03.361-0500] {dagbag.py:545} INFO - Filling up the DagBag from /Users/naga/Desktop/airflow_env/lib/python3.12/site-packages/airflow/example_dags/example_bash_operator.py
[2026-06-21T19:48:03.371-0500] {processor.py:840} INFO - DAG(s) 'example_bash_operator' retrieved from /Users/naga/Desktop/airflow_env/lib/python3.12/site-packages/airflow/example_dags/example_bash_operator.py
[2026-06-21T19:48:03.453-0500] {logging_mixin.py:188} INFO - [2026-06-21T19:48:03.452-0500] {dag.py:3089} INFO - Sync 1 DAGs
[2026-06-21T19:48:03.467-0500] {logging_mixin.py:188} INFO - [2026-06-21T19:48:03.467-0500] {dag.py:3947} INFO - Setting next_dagrun for example_bash_operator to 2026-06-21 00:00:00+00:00, run_after=2026-06-22 00:00:00+00:00
[2026-06-21T19:48:03.481-0500] {processor.py:183} INFO - Processing /Users/naga/Desktop/airflow_env/lib/python3.12/site-packages/airflow/example_dags/example_bash_operator.py took 0.124 seconds
[2026-06-21T19:51:10.478-0500] {processor.py:161} INFO - Started process (PID=61785) to work on /Users/naga/Desktop/airflow_env/lib/python3.12/site-packages/airflow/example_dags/example_bash_operator.py
[2026-06-21T19:51:10.479-0500] {processor.py:830} INFO - Processing file /Users/naga/Desktop/airflow_env/lib/python3.12/site-packages/airflow/example_dags/example_bash_operator.py for tasks to queue
[2026-06-21T19:51:10.480-0500] {logging_mixin.py:188} INFO - [2026-06-21T19:51:10.480-0500] {dagbag.py:545} INFO - Filling up the DagBag from /Users/naga/Desktop/airflow_env/lib/python3.12/site-packages/airflow/example_dags/example_bash_operator.py
[2026-06-21T19:51:10.489-0500] {processor.py:840} INFO - DAG(s) 'example_bash_operator' retrieved from /Users/naga/Desktop/airflow_env/lib/python3.12/site-packages/airflow/example_dags/example_bash_operator.py
[2026-06-21T19:51:10.570-0500] {logging_mixin.py:188} INFO - [2026-06-21T19:51:10.569-0500] {dag.py:3089} INFO - Sync 1 DAGs
[2026-06-21T19:51:10.584-0500] {logging_mixin.py:188} INFO - [2026-06-21T19:51:10.583-0500] {dag.py:3947} INFO - Setting next_dagrun for example_bash_operator to 2026-06-21 00:00:00+00:00, run_after=2026-06-22 00:00:00+00:00
[2026-06-21T19:51:10.597-0500] {processor.py:183} INFO - Processing /Users/naga/Desktop/airflow_env/lib/python3.12/site-packages/airflow/example_dags/example_bash_operator.py took 0.122 seconds
[2026-06-21T19:53:58.735-0500] {processor.py:161} INFO - Started process (PID=61927) to work on /Users/naga/Desktop/airflow_env/lib/python3.12/site-packages/airflow/example_dags/example_bash_operator.py
[2026-06-21T19:53:58.736-0500] {processor.py:830} INFO - Processing file /Users/naga/Desktop/airflow_env/lib/python3.12/site-packages/airflow/example_dags/example_bash_operator.py for tasks to queue
[2026-06-21T19:53:58.737-0500] {logging_mixin.py:188} INFO - [2026-06-21T19:53:58.737-0500] {dagbag.py:545} INFO - Filling up the DagBag from /Users/naga/Desktop/airflow_env/lib/python3.12/site-packages/airflow/example_dags/example_bash_operator.py
[2026-06-21T19:53:58.746-0500] {processor.py:840} INFO - DAG(s) 'example_bash_operator' retrieved from /Users/naga/Desktop/airflow_env/lib/python3.12/site-packages/airflow/example_dags/example_bash_operator.py
[2026-06-21T19:53:58.826-0500] {logging_mixin.py:188} INFO - [2026-06-21T19:53:58.826-0500] {dag.py:3089} INFO - Sync 1 DAGs
[2026-06-21T19:53:58.840-0500] {logging_mixin.py:188} INFO - [2026-06-21T19:53:58.839-0500] {dag.py:3947} INFO - Setting next_dagrun for example_bash_operator to 2026-06-21 00:00:00+00:00, run_after=2026-06-22 00:00:00+00:00
[2026-06-21T19:53:58.853-0500] {processor.py:183} INFO - Processing /Users/naga/Desktop/airflow_env/lib/python3.12/site-packages/airflow/example_dags/example_bash_operator.py took 0.120 seconds
[2026-06-21T19:56:46.490-0500] {processor.py:161} INFO - Started process (PID=62041) to work on /Users/naga/Desktop/airflow_env/lib/python3.12/site-packages/airflow/example_dags/example_bash_operator.py
[2026-06-21T19:56:46.491-0500] {processor.py:830} INFO - Processing file /Users/naga/Desktop/airflow_env/lib/python3.12/site-packages/airflow/example_dags/example_bash_operator.py for tasks to queue
[2026-06-21T19:56:46.491-0500] {logging_mixin.py:188} INFO - [2026-06-21T19:56:46.491-0500] {dagbag.py:545} INFO - Filling up the DagBag from /Users/naga/Desktop/airflow_env/lib/python3.12/site-packages/airflow/example_dags/example_bash_operator.py
[2026-06-21T19:56:46.501-0500] {processor.py:840} INFO - DAG(s) 'example_bash_operator' retrieved from /Users/naga/Desktop/airflow_env/lib/python3.12/site-packages/airflow/example_dags/example_bash_operator.py
[2026-06-21T19:56:46.580-0500] {logging_mixin.py:188} INFO - [2026-06-21T19:56:46.580-0500] {dag.py:3089} INFO - Sync 1 DAGs
[2026-06-21T19:56:46.594-0500] {logging_mixin.py:188} INFO - [2026-06-21T19:56:46.594-0500] {dag.py:3947} INFO - Setting next_dagrun for example_bash_operator to 2026-06-21 00:00:00+00:00, run_after=2026-06-22 00:00:00+00:00
[2026-06-21T19:56:46.607-0500] {processor.py:183} INFO - Processing /Users/naga/Desktop/airflow_env/lib/python3.12/site-packages/airflow/example_dags/example_bash_operator.py took 0.120 seconds
[2026-06-21T19:59:44.286-0500] {processor.py:161} INFO - Started process (PID=62179) to work on /Users/naga/Desktop/airflow_env/lib/python3.12/site-packages/airflow/example_dags/example_bash_operator.py
[2026-06-21T19:59:44.287-0500] {processor.py:830} INFO - Processing file /Users/naga/Desktop/airflow_env/lib/python3.12/site-packages/airflow/example_dags/example_bash_operator.py for tasks to queue
[2026-06-21T19:59:44.288-0500] {logging_mixin.py:188} INFO - [2026-06-21T19:59:44.288-0500] {dagbag.py:545} INFO - Filling up the DagBag from /Users/naga/Desktop/airflow_env/lib/python3.12/site-packages/airflow/example_dags/example_bash_operator.py
[2026-06-21T19:59:44.297-0500] {processor.py:840} INFO - DAG(s) 'example_bash_operator' retrieved from /Users/naga/Desktop/airflow_env/lib/python3.12/site-packages/airflow/example_dags/example_bash_operator.py
[2026-06-21T19:59:44.376-0500] {logging_mixin.py:188} INFO - [2026-06-21T19:59:44.376-0500] {dag.py:3089} INFO - Sync 1 DAGs
[2026-06-21T19:59:44.389-0500] {logging_mixin.py:188} INFO - [2026-06-21T19:59:44.389-0500] {dag.py:3947} INFO - Setting next_dagrun for example_bash_operator to 2026-06-21 00:00:00+00:00, run_after=2026-06-22 00:00:00+00:00
[2026-06-21T19:59:44.402-0500] {processor.py:183} INFO - Processing /Users/naga/Desktop/airflow_env/lib/python3.12/site-packages/airflow/example_dags/example_bash_operator.py took 0.118 seconds
[2026-06-21T20:02:36.361-0500] {processor.py:161} INFO - Started process (PID=62320) to work on /Users/naga/Desktop/airflow_env/lib/python3.12/site-packages/airflow/example_dags/example_bash_operator.py
[2026-06-21T20:02:36.362-0500] {processor.py:830} INFO - Processing file /Users/naga/Desktop/airflow_env/lib/python3.12/site-packages/airflow/example_dags/example_bash_operator.py for tasks to queue
[2026-06-21T20:02:36.363-0500] {logging_mixin.py:188} INFO - [2026-06-21T20:02:36.363-0500] {dagbag.py:545} INFO - Filling up the DagBag from /Users/naga/Desktop/airflow_env/lib/python3.12/site-packages/airflow/example_dags/example_bash_operator.py
[2026-06-21T20:02:36.372-0500] {processor.py:840} INFO - DAG(s) 'example_bash_operator' retrieved from /Users/naga/Desktop/airflow_env/lib/python3.12/site-packages/airflow/example_dags/example_bash_operator.py
[2026-06-21T20:02:36.451-0500] {logging_mixin.py:188} INFO - [2026-06-21T20:02:36.450-0500] {dag.py:3089} INFO - Sync 1 DAGs
[2026-06-21T20:02:36.464-0500] {logging_mixin.py:188} INFO - [2026-06-21T20:02:36.464-0500] {dag.py:3947} INFO - Setting next_dagrun for example_bash_operator to 2026-06-21 00:00:00+00:00, run_after=2026-06-22 00:00:00+00:00
[2026-06-21T20:02:36.477-0500] {processor.py:183} INFO - Processing /Users/naga/Desktop/airflow_env/lib/python3.12/site-packages/airflow/example_dags/example_bash_operator.py took 0.118 seconds
[2026-06-21T20:05:29.213-0500] {processor.py:161} INFO - Started process (PID=62438) to work on /Users/naga/Desktop/airflow_env/lib/python3.12/site-packages/airflow/example_dags/example_bash_operator.py
[2026-06-21T20:05:29.214-0500] {processor.py:830} INFO - Processing file /Users/naga/Desktop/airflow_env/lib/python3.12/site-packages/airflow/example_dags/example_bash_operator.py for tasks to queue
[2026-06-21T20:05:29.215-0500] {logging_mixin.py:188} INFO - [2026-06-21T20:05:29.215-0500] {dagbag.py:545} INFO - Filling up the DagBag from /Users/naga/Desktop/airflow_env/lib/python3.12/site-packages/airflow/example_dags/example_bash_operator.py
[2026-06-21T20:05:29.225-0500] {processor.py:840} INFO - DAG(s) 'example_bash_operator' retrieved from /Users/naga/Desktop/airflow_env/lib/python3.12/site-packages/airflow/example_dags/example_bash_operator.py
[2026-06-21T20:05:29.305-0500] {logging_mixin.py:188} INFO - [2026-06-21T20:05:29.304-0500] {dag.py:3089} INFO - Sync 1 DAGs
[2026-06-21T20:05:29.319-0500] {logging_mixin.py:188} INFO - [2026-06-21T20:05:29.318-0500] {dag.py:3947} INFO - Setting next_dagrun for example_bash_operator to 2026-06-21 00:00:00+00:00, run_after=2026-06-22 00:00:00+00:00
[2026-06-21T20:05:29.332-0500] {processor.py:183} INFO - Processing /Users/naga/Desktop/airflow_env/lib/python3.12/site-packages/airflow/example_dags/example_bash_operator.py took 0.121 seconds
[2026-06-21T20:08:30.254-0500] {processor.py:161} INFO - Started process (PID=62602) to work on /Users/naga/Desktop/airflow_env/lib/python3.12/site-packages/airflow/example_dags/example_bash_operator.py
[2026-06-21T20:08:30.255-0500] {processor.py:830} INFO - Processing file /Users/naga/Desktop/airflow_env/lib/python3.12/site-packages/airflow/example_dags/example_bash_operator.py for tasks to queue
[2026-06-21T20:08:30.256-0500] {logging_mixin.py:188} INFO - [2026-06-21T20:08:30.255-0500] {dagbag.py:545} INFO - Filling up the DagBag from /Users/naga/Desktop/airflow_env/lib/python3.12/site-packages/airflow/example_dags/example_bash_operator.py
[2026-06-21T20:08:30.265-0500] {processor.py:840} INFO - DAG(s) 'example_bash_operator' retrieved from /Users/naga/Desktop/airflow_env/lib/python3.12/site-packages/airflow/example_dags/example_bash_operator.py
[2026-06-21T20:08:30.345-0500] {logging_mixin.py:188} INFO - [2026-06-21T20:08:30.345-0500] {dag.py:3089} INFO - Sync 1 DAGs
[2026-06-21T20:08:30.359-0500] {logging_mixin.py:188} INFO - [2026-06-21T20:08:30.359-0500] {dag.py:3947} INFO - Setting next_dagrun for example_bash_operator to 2026-06-21 00:00:00+00:00, run_after=2026-06-22 00:00:00+00:00
[2026-06-21T20:08:30.372-0500] {processor.py:183} INFO - Processing /Users/naga/Desktop/airflow_env/lib/python3.12/site-packages/airflow/example_dags/example_bash_operator.py took 0.121 seconds
[2026-06-21T20:39:02.571-0500] {processor.py:161} INFO - Started process (PID=62806) to work on /Users/naga/Desktop/airflow_env/lib/python3.12/site-packages/airflow/example_dags/example_bash_operator.py
[2026-06-21T20:39:02.572-0500] {processor.py:830} INFO - Processing file /Users/naga/Desktop/airflow_env/lib/python3.12/site-packages/airflow/example_dags/example_bash_operator.py for tasks to queue
[2026-06-21T20:39:02.573-0500] {logging_mixin.py:188} INFO - [2026-06-21T20:39:02.573-0500] {dagbag.py:545} INFO - Filling up the DagBag from /Users/naga/Desktop/airflow_env/lib/python3.12/site-packages/airflow/example_dags/example_bash_operator.py
[2026-06-21T20:39:02.582-0500] {processor.py:840} INFO - DAG(s) 'example_bash_operator' retrieved from /Users/naga/Desktop/airflow_env/lib/python3.12/site-packages/airflow/example_dags/example_bash_operator.py
[2026-06-21T20:39:02.661-0500] {logging_mixin.py:188} INFO - [2026-06-21T20:39:02.661-0500] {dag.py:3089} INFO - Sync 1 DAGs
[2026-06-21T20:39:02.675-0500] {logging_mixin.py:188} INFO - [2026-06-21T20:39:02.675-0500] {dag.py:3947} INFO - Setting next_dagrun for example_bash_operator to 2026-06-21 00:00:00+00:00, run_after=2026-06-22 00:00:00+00:00
[2026-06-21T20:39:02.689-0500] {processor.py:183} INFO - Processing /Users/naga/Desktop/airflow_env/lib/python3.12/site-packages/airflow/example_dags/example_bash_operator.py took 0.120 seconds
[2026-06-21T20:42:07.937-0500] {processor.py:161} INFO - Started process (PID=63046) to work on /Users/naga/Desktop/airflow_env/lib/python3.12/site-packages/airflow/example_dags/example_bash_operator.py
[2026-06-21T20:42:07.938-0500] {processor.py:830} INFO - Processing file /Users/naga/Desktop/airflow_env/lib/python3.12/site-packages/airflow/example_dags/example_bash_operator.py for tasks to queue
[2026-06-21T20:42:07.939-0500] {logging_mixin.py:188} INFO - [2026-06-21T20:42:07.939-0500] {dagbag.py:545} INFO - Filling up the DagBag from /Users/naga/Desktop/airflow_env/lib/python3.12/site-packages/airflow/example_dags/example_bash_operator.py
[2026-06-21T20:42:07.948-0500] {processor.py:840} INFO - DAG(s) 'example_bash_operator' retrieved from /Users/naga/Desktop/airflow_env/lib/python3.12/site-packages/airflow/example_dags/example_bash_operator.py
[2026-06-21T20:42:08.028-0500] {logging_mixin.py:188} INFO - [2026-06-21T20:42:08.028-0500] {dag.py:3089} INFO - Sync 1 DAGs
[2026-06-21T20:42:08.042-0500] {logging_mixin.py:188} INFO - [2026-06-21T20:42:08.041-0500] {dag.py:3947} INFO - Setting next_dagrun for example_bash_operator to 2026-06-21 00:00:00+00:00, run_after=2026-06-22 00:00:00+00:00
[2026-06-21T20:42:08.055-0500] {processor.py:183} INFO - Processing /Users/naga/Desktop/airflow_env/lib/python3.12/site-packages/airflow/example_dags/example_bash_operator.py took 0.120 seconds
[2026-06-21T20:44:59.376-0500] {processor.py:161} INFO - Started process (PID=63234) to work on /Users/naga/Desktop/airflow_env/lib/python3.12/site-packages/airflow/example_dags/example_bash_operator.py
[2026-06-21T20:44:59.378-0500] {processor.py:830} INFO - Processing file /Users/naga/Desktop/airflow_env/lib/python3.12/site-packages/airflow/example_dags/example_bash_operator.py for tasks to queue
[2026-06-21T20:44:59.378-0500] {logging_mixin.py:188} INFO - [2026-06-21T20:44:59.378-0500] {dagbag.py:545} INFO - Filling up the DagBag from /Users/naga/Desktop/airflow_env/lib/python3.12/site-packages/airflow/example_dags/example_bash_operator.py
[2026-06-21T20:44:59.388-0500] {processor.py:840} INFO - DAG(s) 'example_bash_operator' retrieved from /Users/naga/Desktop/airflow_env/lib/python3.12/site-packages/airflow/example_dags/example_bash_operator.py
[2026-06-21T20:44:59.467-0500] {logging_mixin.py:188} INFO - [2026-06-21T20:44:59.467-0500] {dag.py:3089} INFO - Sync 1 DAGs
[2026-06-21T20:44:59.481-0500] {logging_mixin.py:188} INFO - [2026-06-21T20:44:59.481-0500] {dag.py:3947} INFO - Setting next_dagrun for example_bash_operator to 2026-06-21 00:00:00+00:00, run_after=2026-06-22 00:00:00+00:00
[2026-06-21T20:44:59.494-0500] {processor.py:183} INFO - Processing /Users/naga/Desktop/airflow_env/lib/python3.12/site-packages/airflow/example_dags/example_bash_operator.py took 0.119 seconds
[2026-06-21T20:47:49.717-0500] {processor.py:161} INFO - Started process (PID=63370) to work on /Users/naga/Desktop/airflow_env/lib/python3.12/site-packages/airflow/example_dags/example_bash_operator.py
[2026-06-21T20:47:49.718-0500] {processor.py:830} INFO - Processing file /Users/naga/Desktop/airflow_env/lib/python3.12/site-packages/airflow/example_dags/example_bash_operator.py for tasks to queue
[2026-06-21T20:47:49.719-0500] {logging_mixin.py:188} INFO - [2026-06-21T20:47:49.718-0500] {dagbag.py:545} INFO - Filling up the DagBag from /Users/naga/Desktop/airflow_env/lib/python3.12/site-packages/airflow/example_dags/example_bash_operator.py
[2026-06-21T20:47:49.729-0500] {processor.py:840} INFO - DAG(s) 'example_bash_operator' retrieved from /Users/naga/Desktop/airflow_env/lib/python3.12/site-packages/airflow/example_dags/example_bash_operator.py
[2026-06-21T20:47:49.809-0500] {logging_mixin.py:188} INFO - [2026-06-21T20:47:49.809-0500] {dag.py:3089} INFO - Sync 1 DAGs
[2026-06-21T20:47:49.823-0500] {logging_mixin.py:188} INFO - [2026-06-21T20:47:49.823-0500] {dag.py:3947} INFO - Setting next_dagrun for example_bash_operator to 2026-06-21 00:00:00+00:00, run_after=2026-06-22 00:00:00+00:00
[2026-06-21T20:47:49.837-0500] {processor.py:183} INFO - Processing /Users/naga/Desktop/airflow_env/lib/python3.12/site-packages/airflow/example_dags/example_bash_operator.py took 0.122 seconds
[2026-06-21T20:50:40.970-0500] {processor.py:161} INFO - Started process (PID=63494) to work on /Users/naga/Desktop/airflow_env/lib/python3.12/site-packages/airflow/example_dags/example_bash_operator.py
[2026-06-21T20:50:40.971-0500] {processor.py:830} INFO - Processing file /Users/naga/Desktop/airflow_env/lib/python3.12/site-packages/airflow/example_dags/example_bash_operator.py for tasks to queue
[2026-06-21T20:50:40.972-0500] {logging_mixin.py:188} INFO - [2026-06-21T20:50:40.972-0500] {dagbag.py:545} INFO - Filling up the DagBag from /Users/naga/Desktop/airflow_env/lib/python3.12/site-packages/airflow/example_dags/example_bash_operator.py
[2026-06-21T20:50:40.981-0500] {processor.py:840} INFO - DAG(s) 'example_bash_operator' retrieved from /Users/naga/Desktop/airflow_env/lib/python3.12/site-packages/airflow/example_dags/example_bash_operator.py
[2026-06-21T20:50:41.060-0500] {logging_mixin.py:188} INFO - [2026-06-21T20:50:41.059-0500] {dag.py:3089} INFO - Sync 1 DAGs
[2026-06-21T20:50:41.074-0500] {logging_mixin.py:188} INFO - [2026-06-21T20:50:41.073-0500] {dag.py:3947} INFO - Setting next_dagrun for example_bash_operator to 2026-06-21 00:00:00+00:00, run_after=2026-06-22 00:00:00+00:00
[2026-06-21T20:50:41.087-0500] {processor.py:183} INFO - Processing /Users/naga/Desktop/airflow_env/lib/python3.12/site-packages/airflow/example_dags/example_bash_operator.py took 0.119 seconds
[2026-06-21T20:53:37.095-0500] {processor.py:161} INFO - Started process (PID=63634) to work on /Users/naga/Desktop/airflow_env/lib/python3.12/site-packages/airflow/example_dags/example_bash_operator.py
[2026-06-21T20:53:37.096-0500] {processor.py:830} INFO - Processing file /Users/naga/Desktop/airflow_env/lib/python3.12/site-packages/airflow/example_dags/example_bash_operator.py for tasks to queue
[2026-06-21T20:53:37.097-0500] {logging_mixin.py:188} INFO - [2026-06-21T20:53:37.097-0500] {dagbag.py:545} INFO - Filling up the DagBag from /Users/naga/Desktop/airflow_env/lib/python3.12/site-packages/airflow/example_dags/example_bash_operator.py
[2026-06-21T20:53:37.107-0500] {processor.py:840} INFO - DAG(s) 'example_bash_operator' retrieved from /Users/naga/Desktop/airflow_env/lib/python3.12/site-packages/airflow/example_dags/example_bash_operator.py
[2026-06-21T20:53:37.187-0500] {logging_mixin.py:188} INFO - [2026-06-21T20:53:37.186-0500] {dag.py:3089} INFO - Sync 1 DAGs
[2026-06-21T20:53:37.201-0500] {logging_mixin.py:188} INFO - [2026-06-21T20:53:37.201-0500] {dag.py:3947} INFO - Setting next_dagrun for example_bash_operator to 2026-06-21 00:00:00+00:00, run_after=2026-06-22 00:00:00+00:00
[2026-06-21T20:53:37.215-0500] {processor.py:183} INFO - Processing /Users/naga/Desktop/airflow_env/lib/python3.12/site-packages/airflow/example_dags/example_bash_operator.py took 0.122 seconds
[2026-06-21T20:56:37.107-0500] {processor.py:161} INFO - Started process (PID=63878) to work on /Users/naga/Desktop/airflow_env/lib/python3.12/site-packages/airflow/example_dags/example_bash_operator.py
[2026-06-21T20:56:37.108-0500] {processor.py:830} INFO - Processing file /Users/naga/Desktop/airflow_env/lib/python3.12/site-packages/airflow/example_dags/example_bash_operator.py for tasks to queue
[2026-06-21T20:56:37.109-0500] {logging_mixin.py:188} INFO - [2026-06-21T20:56:37.108-0500] {dagbag.py:545} INFO - Filling up the DagBag from /Users/naga/Desktop/airflow_env/lib/python3.12/site-packages/airflow/example_dags/example_bash_operator.py
[2026-06-21T20:56:37.118-0500] {processor.py:840} INFO - DAG(s) 'example_bash_operator' retrieved from /Users/naga/Desktop/airflow_env/lib/python3.12/site-packages/airflow/example_dags/example_bash_operator.py
[2026-06-21T20:56:37.196-0500] {logging_mixin.py:188} INFO - [2026-06-21T20:56:37.196-0500] {dag.py:3089} INFO - Sync 1 DAGs
[2026-06-21T20:56:37.210-0500] {logging_mixin.py:188} INFO - [2026-06-21T20:56:37.209-0500] {dag.py:3947} INFO - Setting next_dagrun for example_bash_operator to 2026-06-21 00:00:00+00:00, run_after=2026-06-22 00:00:00+00:00
[2026-06-21T20:56:37.223-0500] {processor.py:183} INFO - Processing /Users/naga/Desktop/airflow_env/lib/python3.12/site-packages/airflow/example_dags/example_bash_operator.py took 0.118 seconds
[2026-06-21T21:41:41.227-0500] {processor.py:161} INFO - Started process (PID=64174) to work on /Users/naga/Desktop/airflow_env/lib/python3.12/site-packages/airflow/example_dags/example_bash_operator.py
[2026-06-21T21:41:41.229-0500] {processor.py:830} INFO - Processing file /Users/naga/Desktop/airflow_env/lib/python3.12/site-packages/airflow/example_dags/example_bash_operator.py for tasks to queue
[2026-06-21T21:41:41.229-0500] {logging_mixin.py:188} INFO - [2026-06-21T21:41:41.229-0500] {dagbag.py:545} INFO - Filling up the DagBag from /Users/naga/Desktop/airflow_env/lib/python3.12/site-packages/airflow/example_dags/example_bash_operator.py
[2026-06-21T21:41:41.240-0500] {processor.py:840} INFO - DAG(s) 'example_bash_operator' retrieved from /Users/naga/Desktop/airflow_env/lib/python3.12/site-packages/airflow/example_dags/example_bash_operator.py
[2026-06-21T21:41:41.320-0500] {logging_mixin.py:188} INFO - [2026-06-21T21:41:41.320-0500] {dag.py:3089} INFO - Sync 1 DAGs
[2026-06-21T21:41:41.334-0500] {logging_mixin.py:188} INFO - [2026-06-21T21:41:41.334-0500] {dag.py:3947} INFO - Setting next_dagrun for example_bash_operator to 2026-06-21 00:00:00+00:00, run_after=2026-06-22 00:00:00+00:00
[2026-06-21T21:41:41.348-0500] {processor.py:183} INFO - Processing /Users/naga/Desktop/airflow_env/lib/python3.12/site-packages/airflow/example_dags/example_bash_operator.py took 0.123 seconds
[2026-06-21T21:45:00.416-0500] {processor.py:161} INFO - Started process (PID=64350) to work on /Users/naga/Desktop/airflow_env/lib/python3.12/site-packages/airflow/example_dags/example_bash_operator.py
[2026-06-21T21:45:00.417-0500] {processor.py:830} INFO - Processing file /Users/naga/Desktop/airflow_env/lib/python3.12/site-packages/airflow/example_dags/example_bash_operator.py for tasks to queue
[2026-06-21T21:45:00.418-0500] {logging_mixin.py:188} INFO - [2026-06-21T21:45:00.418-0500] {dagbag.py:545} INFO - Filling up the DagBag from /Users/naga/Desktop/airflow_env/lib/python3.12/site-packages/airflow/example_dags/example_bash_operator.py
[2026-06-21T21:45:00.428-0500] {processor.py:840} INFO - DAG(s) 'example_bash_operator' retrieved from /Users/naga/Desktop/airflow_env/lib/python3.12/site-packages/airflow/example_dags/example_bash_operator.py
[2026-06-21T21:45:00.509-0500] {logging_mixin.py:188} INFO - [2026-06-21T21:45:00.509-0500] {dag.py:3089} INFO - Sync 1 DAGs
[2026-06-21T21:45:00.523-0500] {logging_mixin.py:188} INFO - [2026-06-21T21:45:00.523-0500] {dag.py:3947} INFO - Setting next_dagrun for example_bash_operator to 2026-06-21 00:00:00+00:00, run_after=2026-06-22 00:00:00+00:00
[2026-06-21T21:45:00.537-0500] {processor.py:183} INFO - Processing /Users/naga/Desktop/airflow_env/lib/python3.12/site-packages/airflow/example_dags/example_bash_operator.py took 0.123 seconds
[2026-06-21T21:48:39.873-0500] {processor.py:161} INFO - Started process (PID=64708) to work on /Users/naga/Desktop/airflow_env/lib/python3.12/site-packages/airflow/example_dags/example_bash_operator.py
[2026-06-21T21:48:39.874-0500] {processor.py:830} INFO - Processing file /Users/naga/Desktop/airflow_env/lib/python3.12/site-packages/airflow/example_dags/example_bash_operator.py for tasks to queue
[2026-06-21T21:48:39.875-0500] {logging_mixin.py:188} INFO - [2026-06-21T21:48:39.874-0500] {dagbag.py:545} INFO - Filling up the DagBag from /Users/naga/Desktop/airflow_env/lib/python3.12/site-packages/airflow/example_dags/example_bash_operator.py
[2026-06-21T21:48:39.886-0500] {processor.py:840} INFO - DAG(s) 'example_bash_operator' retrieved from /Users/naga/Desktop/airflow_env/lib/python3.12/site-packages/airflow/example_dags/example_bash_operator.py
[2026-06-21T21:48:39.963-0500] {logging_mixin.py:188} INFO - [2026-06-21T21:48:39.963-0500] {dag.py:3089} INFO - Sync 1 DAGs
[2026-06-21T21:48:39.977-0500] {logging_mixin.py:188} INFO - [2026-06-21T21:48:39.977-0500] {dag.py:3947} INFO - Setting next_dagrun for example_bash_operator to 2026-06-21 00:00:00+00:00, run_after=2026-06-22 00:00:00+00:00
[2026-06-21T21:48:39.991-0500] {processor.py:183} INFO - Processing /Users/naga/Desktop/airflow_env/lib/python3.12/site-packages/airflow/example_dags/example_bash_operator.py took 0.120 seconds
[2026-06-21T21:52:46.199-0500] {processor.py:161} INFO - Started process (PID=64927) to work on /Users/naga/Desktop/airflow_env/lib/python3.12/site-packages/airflow/example_dags/example_bash_operator.py
[2026-06-21T21:52:46.200-0500] {processor.py:830} INFO - Processing file /Users/naga/Desktop/airflow_env/lib/python3.12/site-packages/airflow/example_dags/example_bash_operator.py for tasks to queue
[2026-06-21T21:52:46.200-0500] {logging_mixin.py:188} INFO - [2026-06-21T21:52:46.200-0500] {dagbag.py:545} INFO - Filling up the DagBag from /Users/naga/Desktop/airflow_env/lib/python3.12/site-packages/airflow/example_dags/example_bash_operator.py
[2026-06-21T21:52:46.212-0500] {processor.py:840} INFO - DAG(s) 'example_bash_operator' retrieved from /Users/naga/Desktop/airflow_env/lib/python3.12/site-packages/airflow/example_dags/example_bash_operator.py
[2026-06-21T21:52:46.289-0500] {logging_mixin.py:188} INFO - [2026-06-21T21:52:46.289-0500] {dag.py:3089} INFO - Sync 1 DAGs
[2026-06-21T21:52:46.303-0500] {logging_mixin.py:188} INFO - [2026-06-21T21:52:46.303-0500] {dag.py:3947} INFO - Setting next_dagrun for example_bash_operator to 2026-06-21 00:00:00+00:00, run_after=2026-06-22 00:00:00+00:00
[2026-06-21T21:52:46.318-0500] {processor.py:183} INFO - Processing /Users/naga/Desktop/airflow_env/lib/python3.12/site-packages/airflow/example_dags/example_bash_operator.py took 0.122 seconds
[2026-06-21T21:56:17.125-0500] {processor.py:161} INFO - Started process (PID=65402) to work on /Users/naga/Desktop/airflow_env/lib/python3.12/site-packages/airflow/example_dags/example_bash_operator.py
[2026-06-21T21:56:17.127-0500] {processor.py:830} INFO - Processing file /Users/naga/Desktop/airflow_env/lib/python3.12/site-packages/airflow/example_dags/example_bash_operator.py for tasks to queue
[2026-06-21T21:56:17.127-0500] {logging_mixin.py:188} INFO - [2026-06-21T21:56:17.127-0500] {dagbag.py:545} INFO - Filling up the DagBag from /Users/naga/Desktop/airflow_env/lib/python3.12/site-packages/airflow/example_dags/example_bash_operator.py
[2026-06-21T21:56:17.138-0500] {processor.py:840} INFO - DAG(s) 'example_bash_operator' retrieved from /Users/naga/Desktop/airflow_env/lib/python3.12/site-packages/airflow/example_dags/example_bash_operator.py
[2026-06-21T21:56:17.216-0500] {logging_mixin.py:188} INFO - [2026-06-21T21:56:17.216-0500] {dag.py:3089} INFO - Sync 1 DAGs
[2026-06-21T21:56:17.230-0500] {logging_mixin.py:188} INFO - [2026-06-21T21:56:17.230-0500] {dag.py:3947} INFO - Setting next_dagrun for example_bash_operator to 2026-06-21 00:00:00+00:00, run_after=2026-06-22 00:00:00+00:00
[2026-06-21T21:56:17.243-0500] {processor.py:183} INFO - Processing /Users/naga/Desktop/airflow_env/lib/python3.12/site-packages/airflow/example_dags/example_bash_operator.py took 0.120 seconds
