[2026-06-21T19:47:45.253-0500] {processor.py:161} INFO - Started process (PID=61513) to work on /Users/naga/Desktop/airflow_env/lib/python3.12/site-packages/airflow/example_dags/example_nested_branch_dag.py
[2026-06-21T19:47:45.254-0500] {processor.py:830} INFO - Processing file /Users/naga/Desktop/airflow_env/lib/python3.12/site-packages/airflow/example_dags/example_nested_branch_dag.py for tasks to queue
[2026-06-21T19:47:45.255-0500] {logging_mixin.py:188} INFO - [2026-06-21T19:47:45.255-0500] {dagbag.py:545} INFO - Filling up the DagBag from /Users/naga/Desktop/airflow_env/lib/python3.12/site-packages/airflow/example_dags/example_nested_branch_dag.py
[2026-06-21T19:47:45.290-0500] {processor.py:840} INFO - DAG(s) 'example_nested_branch_dag' retrieved from /Users/naga/Desktop/airflow_env/lib/python3.12/site-packages/airflow/example_dags/example_nested_branch_dag.py
[2026-06-21T19:47:45.363-0500] {logging_mixin.py:188} INFO - [2026-06-21T19:47:45.363-0500] {dag.py:3089} INFO - Sync 1 DAGs
[2026-06-21T19:47:45.377-0500] {logging_mixin.py:188} INFO - [2026-06-21T19:47:45.376-0500] {dag.py:3947} INFO - Setting next_dagrun for example_nested_branch_dag to 2026-06-21 00:00:00+00:00, run_after=2026-06-22 00:00:00+00:00
[2026-06-21T19:47:45.390-0500] {processor.py:183} INFO - Processing /Users/naga/Desktop/airflow_env/lib/python3.12/site-packages/airflow/example_dags/example_nested_branch_dag.py took 0.139 seconds
[2026-06-21T19:50:52.581-0500] {processor.py:161} INFO - Started process (PID=61775) to work on /Users/naga/Desktop/airflow_env/lib/python3.12/site-packages/airflow/example_dags/example_nested_branch_dag.py
[2026-06-21T19:50:52.582-0500] {processor.py:830} INFO - Processing file /Users/naga/Desktop/airflow_env/lib/python3.12/site-packages/airflow/example_dags/example_nested_branch_dag.py for tasks to queue
[2026-06-21T19:50:52.582-0500] {logging_mixin.py:188} INFO - [2026-06-21T19:50:52.582-0500] {dagbag.py:545} INFO - Filling up the DagBag from /Users/naga/Desktop/airflow_env/lib/python3.12/site-packages/airflow/example_dags/example_nested_branch_dag.py
[2026-06-21T19:50:52.618-0500] {processor.py:840} INFO - DAG(s) 'example_nested_branch_dag' retrieved from /Users/naga/Desktop/airflow_env/lib/python3.12/site-packages/airflow/example_dags/example_nested_branch_dag.py
[2026-06-21T19:50:52.695-0500] {logging_mixin.py:188} INFO - [2026-06-21T19:50:52.694-0500] {dag.py:3089} INFO - Sync 1 DAGs
[2026-06-21T19:50:52.708-0500] {logging_mixin.py:188} INFO - [2026-06-21T19:50:52.707-0500] {dag.py:3947} INFO - Setting next_dagrun for example_nested_branch_dag to 2026-06-21 00:00:00+00:00, run_after=2026-06-22 00:00:00+00:00
[2026-06-21T19:50:52.722-0500] {processor.py:183} INFO - Processing /Users/naga/Desktop/airflow_env/lib/python3.12/site-packages/airflow/example_dags/example_nested_branch_dag.py took 0.143 seconds
[2026-06-21T19:53:41.846-0500] {processor.py:161} INFO - Started process (PID=61899) to work on /Users/naga/Desktop/airflow_env/lib/python3.12/site-packages/airflow/example_dags/example_nested_branch_dag.py
[2026-06-21T19:53:41.847-0500] {processor.py:830} INFO - Processing file /Users/naga/Desktop/airflow_env/lib/python3.12/site-packages/airflow/example_dags/example_nested_branch_dag.py for tasks to queue
[2026-06-21T19:53:41.848-0500] {logging_mixin.py:188} INFO - [2026-06-21T19:53:41.848-0500] {dagbag.py:545} INFO - Filling up the DagBag from /Users/naga/Desktop/airflow_env/lib/python3.12/site-packages/airflow/example_dags/example_nested_branch_dag.py
[2026-06-21T19:53:41.882-0500] {processor.py:840} INFO - DAG(s) 'example_nested_branch_dag' retrieved from /Users/naga/Desktop/airflow_env/lib/python3.12/site-packages/airflow/example_dags/example_nested_branch_dag.py
[2026-06-21T19:53:41.954-0500] {logging_mixin.py:188} INFO - [2026-06-21T19:53:41.954-0500] {dag.py:3089} INFO - Sync 1 DAGs
[2026-06-21T19:53:41.967-0500] {logging_mixin.py:188} INFO - [2026-06-21T19:53:41.967-0500] {dag.py:3947} INFO - Setting next_dagrun for example_nested_branch_dag to 2026-06-21 00:00:00+00:00, run_after=2026-06-22 00:00:00+00:00
[2026-06-21T19:53:41.980-0500] {processor.py:183} INFO - Processing /Users/naga/Desktop/airflow_env/lib/python3.12/site-packages/airflow/example_dags/example_nested_branch_dag.py took 0.137 seconds
[2026-06-21T19:56:29.048-0500] {processor.py:161} INFO - Started process (PID=62031) to work on /Users/naga/Desktop/airflow_env/lib/python3.12/site-packages/airflow/example_dags/example_nested_branch_dag.py
[2026-06-21T19:56:29.049-0500] {processor.py:830} INFO - Processing file /Users/naga/Desktop/airflow_env/lib/python3.12/site-packages/airflow/example_dags/example_nested_branch_dag.py for tasks to queue
[2026-06-21T19:56:29.050-0500] {logging_mixin.py:188} INFO - [2026-06-21T19:56:29.050-0500] {dagbag.py:545} INFO - Filling up the DagBag from /Users/naga/Desktop/airflow_env/lib/python3.12/site-packages/airflow/example_dags/example_nested_branch_dag.py
[2026-06-21T19:56:29.085-0500] {processor.py:840} INFO - DAG(s) 'example_nested_branch_dag' retrieved from /Users/naga/Desktop/airflow_env/lib/python3.12/site-packages/airflow/example_dags/example_nested_branch_dag.py
[2026-06-21T19:56:29.158-0500] {logging_mixin.py:188} INFO - [2026-06-21T19:56:29.157-0500] {dag.py:3089} INFO - Sync 1 DAGs
[2026-06-21T19:56:29.170-0500] {logging_mixin.py:188} INFO - [2026-06-21T19:56:29.170-0500] {dag.py:3947} INFO - Setting next_dagrun for example_nested_branch_dag to 2026-06-21 00:00:00+00:00, run_after=2026-06-22 00:00:00+00:00
[2026-06-21T19:56:29.184-0500] {processor.py:183} INFO - Processing /Users/naga/Desktop/airflow_env/lib/python3.12/site-packages/airflow/example_dags/example_nested_branch_dag.py took 0.138 seconds
[2026-06-21T19:59:27.398-0500] {processor.py:161} INFO - Started process (PID=62166) to work on /Users/naga/Desktop/airflow_env/lib/python3.12/site-packages/airflow/example_dags/example_nested_branch_dag.py
[2026-06-21T19:59:27.399-0500] {processor.py:830} INFO - Processing file /Users/naga/Desktop/airflow_env/lib/python3.12/site-packages/airflow/example_dags/example_nested_branch_dag.py for tasks to queue
[2026-06-21T19:59:27.400-0500] {logging_mixin.py:188} INFO - [2026-06-21T19:59:27.399-0500] {dagbag.py:545} INFO - Filling up the DagBag from /Users/naga/Desktop/airflow_env/lib/python3.12/site-packages/airflow/example_dags/example_nested_branch_dag.py
[2026-06-21T19:59:27.434-0500] {processor.py:840} INFO - DAG(s) 'example_nested_branch_dag' retrieved from /Users/naga/Desktop/airflow_env/lib/python3.12/site-packages/airflow/example_dags/example_nested_branch_dag.py
[2026-06-21T19:59:27.508-0500] {logging_mixin.py:188} INFO - [2026-06-21T19:59:27.508-0500] {dag.py:3089} INFO - Sync 1 DAGs
[2026-06-21T19:59:27.521-0500] {logging_mixin.py:188} INFO - [2026-06-21T19:59:27.521-0500] {dag.py:3947} INFO - Setting next_dagrun for example_nested_branch_dag to 2026-06-21 00:00:00+00:00, run_after=2026-06-22 00:00:00+00:00
[2026-06-21T19:59:27.535-0500] {processor.py:183} INFO - Processing /Users/naga/Desktop/airflow_env/lib/python3.12/site-packages/airflow/example_dags/example_nested_branch_dag.py took 0.139 seconds
[2026-06-21T20:02:18.338-0500] {processor.py:161} INFO - Started process (PID=62310) to work on /Users/naga/Desktop/airflow_env/lib/python3.12/site-packages/airflow/example_dags/example_nested_branch_dag.py
[2026-06-21T20:02:18.339-0500] {processor.py:830} INFO - Processing file /Users/naga/Desktop/airflow_env/lib/python3.12/site-packages/airflow/example_dags/example_nested_branch_dag.py for tasks to queue
[2026-06-21T20:02:18.340-0500] {logging_mixin.py:188} INFO - [2026-06-21T20:02:18.340-0500] {dagbag.py:545} INFO - Filling up the DagBag from /Users/naga/Desktop/airflow_env/lib/python3.12/site-packages/airflow/example_dags/example_nested_branch_dag.py
[2026-06-21T20:02:18.375-0500] {processor.py:840} INFO - DAG(s) 'example_nested_branch_dag' retrieved from /Users/naga/Desktop/airflow_env/lib/python3.12/site-packages/airflow/example_dags/example_nested_branch_dag.py
[2026-06-21T20:02:18.449-0500] {logging_mixin.py:188} INFO - [2026-06-21T20:02:18.449-0500] {dag.py:3089} INFO - Sync 1 DAGs
[2026-06-21T20:02:18.462-0500] {logging_mixin.py:188} INFO - [2026-06-21T20:02:18.462-0500] {dag.py:3947} INFO - Setting next_dagrun for example_nested_branch_dag to 2026-06-21 00:00:00+00:00, run_after=2026-06-22 00:00:00+00:00
[2026-06-21T20:02:18.476-0500] {processor.py:183} INFO - Processing /Users/naga/Desktop/airflow_env/lib/python3.12/site-packages/airflow/example_dags/example_nested_branch_dag.py took 0.140 seconds
[2026-06-21T20:05:11.518-0500] {processor.py:161} INFO - Started process (PID=62428) to work on /Users/naga/Desktop/airflow_env/lib/python3.12/site-packages/airflow/example_dags/example_nested_branch_dag.py
[2026-06-21T20:05:11.520-0500] {processor.py:830} INFO - Processing file /Users/naga/Desktop/airflow_env/lib/python3.12/site-packages/airflow/example_dags/example_nested_branch_dag.py for tasks to queue
[2026-06-21T20:05:11.520-0500] {logging_mixin.py:188} INFO - [2026-06-21T20:05:11.520-0500] {dagbag.py:545} INFO - Filling up the DagBag from /Users/naga/Desktop/airflow_env/lib/python3.12/site-packages/airflow/example_dags/example_nested_branch_dag.py
[2026-06-21T20:05:11.556-0500] {processor.py:840} INFO - DAG(s) 'example_nested_branch_dag' retrieved from /Users/naga/Desktop/airflow_env/lib/python3.12/site-packages/airflow/example_dags/example_nested_branch_dag.py
[2026-06-21T20:05:11.629-0500] {logging_mixin.py:188} INFO - [2026-06-21T20:05:11.629-0500] {dag.py:3089} INFO - Sync 1 DAGs
[2026-06-21T20:05:11.643-0500] {logging_mixin.py:188} INFO - [2026-06-21T20:05:11.642-0500] {dag.py:3947} INFO - Setting next_dagrun for example_nested_branch_dag to 2026-06-21 00:00:00+00:00, run_after=2026-06-22 00:00:00+00:00
[2026-06-21T20:05:11.656-0500] {processor.py:183} INFO - Processing /Users/naga/Desktop/airflow_env/lib/python3.12/site-packages/airflow/example_dags/example_nested_branch_dag.py took 0.140 seconds
[2026-06-21T20:08:12.147-0500] {processor.py:161} INFO - Started process (PID=62585) to work on /Users/naga/Desktop/airflow_env/lib/python3.12/site-packages/airflow/example_dags/example_nested_branch_dag.py
[2026-06-21T20:08:12.148-0500] {processor.py:830} INFO - Processing file /Users/naga/Desktop/airflow_env/lib/python3.12/site-packages/airflow/example_dags/example_nested_branch_dag.py for tasks to queue
[2026-06-21T20:08:12.149-0500] {logging_mixin.py:188} INFO - [2026-06-21T20:08:12.149-0500] {dagbag.py:545} INFO - Filling up the DagBag from /Users/naga/Desktop/airflow_env/lib/python3.12/site-packages/airflow/example_dags/example_nested_branch_dag.py
[2026-06-21T20:08:12.184-0500] {processor.py:840} INFO - DAG(s) 'example_nested_branch_dag' retrieved from /Users/naga/Desktop/airflow_env/lib/python3.12/site-packages/airflow/example_dags/example_nested_branch_dag.py
[2026-06-21T20:08:12.257-0500] {logging_mixin.py:188} INFO - [2026-06-21T20:08:12.257-0500] {dag.py:3089} INFO - Sync 1 DAGs
[2026-06-21T20:08:12.270-0500] {logging_mixin.py:188} INFO - [2026-06-21T20:08:12.270-0500] {dag.py:3947} INFO - Setting next_dagrun for example_nested_branch_dag to 2026-06-21 00:00:00+00:00, run_after=2026-06-22 00:00:00+00:00
[2026-06-21T20:08:12.284-0500] {processor.py:183} INFO - Processing /Users/naga/Desktop/airflow_env/lib/python3.12/site-packages/airflow/example_dags/example_nested_branch_dag.py took 0.139 seconds
[2026-06-21T20:38:43.611-0500] {processor.py:161} INFO - Started process (PID=62785) to work on /Users/naga/Desktop/airflow_env/lib/python3.12/site-packages/airflow/example_dags/example_nested_branch_dag.py
[2026-06-21T20:38:43.612-0500] {processor.py:830} INFO - Processing file /Users/naga/Desktop/airflow_env/lib/python3.12/site-packages/airflow/example_dags/example_nested_branch_dag.py for tasks to queue
[2026-06-21T20:38:43.613-0500] {logging_mixin.py:188} INFO - [2026-06-21T20:38:43.613-0500] {dagbag.py:545} INFO - Filling up the DagBag from /Users/naga/Desktop/airflow_env/lib/python3.12/site-packages/airflow/example_dags/example_nested_branch_dag.py
[2026-06-21T20:38:43.648-0500] {processor.py:840} INFO - DAG(s) 'example_nested_branch_dag' retrieved from /Users/naga/Desktop/airflow_env/lib/python3.12/site-packages/airflow/example_dags/example_nested_branch_dag.py
[2026-06-21T20:38:43.724-0500] {logging_mixin.py:188} INFO - [2026-06-21T20:38:43.723-0500] {dag.py:3089} INFO - Sync 1 DAGs
[2026-06-21T20:38:43.737-0500] {logging_mixin.py:188} INFO - [2026-06-21T20:38:43.736-0500] {dag.py:3947} INFO - Setting next_dagrun for example_nested_branch_dag to 2026-06-21 00:00:00+00:00, run_after=2026-06-22 00:00:00+00:00
[2026-06-21T20:38:43.751-0500] {processor.py:183} INFO - Processing /Users/naga/Desktop/airflow_env/lib/python3.12/site-packages/airflow/example_dags/example_nested_branch_dag.py took 0.142 seconds
[2026-06-21T20:41:51.038-0500] {processor.py:161} INFO - Started process (PID=63036) to work on /Users/naga/Desktop/airflow_env/lib/python3.12/site-packages/airflow/example_dags/example_nested_branch_dag.py
[2026-06-21T20:41:51.040-0500] {processor.py:830} INFO - Processing file /Users/naga/Desktop/airflow_env/lib/python3.12/site-packages/airflow/example_dags/example_nested_branch_dag.py for tasks to queue
[2026-06-21T20:41:51.040-0500] {logging_mixin.py:188} INFO - [2026-06-21T20:41:51.040-0500] {dagbag.py:545} INFO - Filling up the DagBag from /Users/naga/Desktop/airflow_env/lib/python3.12/site-packages/airflow/example_dags/example_nested_branch_dag.py
[2026-06-21T20:41:51.074-0500] {processor.py:840} INFO - DAG(s) 'example_nested_branch_dag' retrieved from /Users/naga/Desktop/airflow_env/lib/python3.12/site-packages/airflow/example_dags/example_nested_branch_dag.py
[2026-06-21T20:41:51.146-0500] {logging_mixin.py:188} INFO - [2026-06-21T20:41:51.146-0500] {dag.py:3089} INFO - Sync 1 DAGs
[2026-06-21T20:41:51.159-0500] {logging_mixin.py:188} INFO - [2026-06-21T20:41:51.158-0500] {dag.py:3947} INFO - Setting next_dagrun for example_nested_branch_dag to 2026-06-21 00:00:00+00:00, run_after=2026-06-22 00:00:00+00:00
[2026-06-21T20:41:51.172-0500] {processor.py:183} INFO - Processing /Users/naga/Desktop/airflow_env/lib/python3.12/site-packages/airflow/example_dags/example_nested_branch_dag.py took 0.135 seconds
[2026-06-21T20:44:41.495-0500] {processor.py:161} INFO - Started process (PID=63198) to work on /Users/naga/Desktop/airflow_env/lib/python3.12/site-packages/airflow/example_dags/example_nested_branch_dag.py
[2026-06-21T20:44:41.496-0500] {processor.py:830} INFO - Processing file /Users/naga/Desktop/airflow_env/lib/python3.12/site-packages/airflow/example_dags/example_nested_branch_dag.py for tasks to queue
[2026-06-21T20:44:41.497-0500] {logging_mixin.py:188} INFO - [2026-06-21T20:44:41.496-0500] {dagbag.py:545} INFO - Filling up the DagBag from /Users/naga/Desktop/airflow_env/lib/python3.12/site-packages/airflow/example_dags/example_nested_branch_dag.py
[2026-06-21T20:44:41.531-0500] {processor.py:840} INFO - DAG(s) 'example_nested_branch_dag' retrieved from /Users/naga/Desktop/airflow_env/lib/python3.12/site-packages/airflow/example_dags/example_nested_branch_dag.py
[2026-06-21T20:44:41.605-0500] {logging_mixin.py:188} INFO - [2026-06-21T20:44:41.605-0500] {dag.py:3089} INFO - Sync 1 DAGs
[2026-06-21T20:44:41.618-0500] {logging_mixin.py:188} INFO - [2026-06-21T20:44:41.617-0500] {dag.py:3947} INFO - Setting next_dagrun for example_nested_branch_dag to 2026-06-21 00:00:00+00:00, run_after=2026-06-22 00:00:00+00:00
[2026-06-21T20:44:41.631-0500] {processor.py:183} INFO - Processing /Users/naga/Desktop/airflow_env/lib/python3.12/site-packages/airflow/example_dags/example_nested_branch_dag.py took 0.138 seconds
[2026-06-21T20:47:31.783-0500] {processor.py:161} INFO - Started process (PID=63360) to work on /Users/naga/Desktop/airflow_env/lib/python3.12/site-packages/airflow/example_dags/example_nested_branch_dag.py
[2026-06-21T20:47:31.785-0500] {processor.py:830} INFO - Processing file /Users/naga/Desktop/airflow_env/lib/python3.12/site-packages/airflow/example_dags/example_nested_branch_dag.py for tasks to queue
[2026-06-21T20:47:31.785-0500] {logging_mixin.py:188} INFO - [2026-06-21T20:47:31.785-0500] {dagbag.py:545} INFO - Filling up the DagBag from /Users/naga/Desktop/airflow_env/lib/python3.12/site-packages/airflow/example_dags/example_nested_branch_dag.py
[2026-06-21T20:47:31.821-0500] {processor.py:840} INFO - DAG(s) 'example_nested_branch_dag' retrieved from /Users/naga/Desktop/airflow_env/lib/python3.12/site-packages/airflow/example_dags/example_nested_branch_dag.py
[2026-06-21T20:47:31.896-0500] {logging_mixin.py:188} INFO - [2026-06-21T20:47:31.896-0500] {dag.py:3089} INFO - Sync 1 DAGs
[2026-06-21T20:47:31.909-0500] {logging_mixin.py:188} INFO - [2026-06-21T20:47:31.909-0500] {dag.py:3947} INFO - Setting next_dagrun for example_nested_branch_dag to 2026-06-21 00:00:00+00:00, run_after=2026-06-22 00:00:00+00:00
[2026-06-21T20:47:31.924-0500] {processor.py:183} INFO - Processing /Users/naga/Desktop/airflow_env/lib/python3.12/site-packages/airflow/example_dags/example_nested_branch_dag.py took 0.142 seconds
[2026-06-21T20:50:24.049-0500] {processor.py:161} INFO - Started process (PID=63480) to work on /Users/naga/Desktop/airflow_env/lib/python3.12/site-packages/airflow/example_dags/example_nested_branch_dag.py
[2026-06-21T20:50:24.050-0500] {processor.py:830} INFO - Processing file /Users/naga/Desktop/airflow_env/lib/python3.12/site-packages/airflow/example_dags/example_nested_branch_dag.py for tasks to queue
[2026-06-21T20:50:24.051-0500] {logging_mixin.py:188} INFO - [2026-06-21T20:50:24.051-0500] {dagbag.py:545} INFO - Filling up the DagBag from /Users/naga/Desktop/airflow_env/lib/python3.12/site-packages/airflow/example_dags/example_nested_branch_dag.py
[2026-06-21T20:50:24.085-0500] {processor.py:840} INFO - DAG(s) 'example_nested_branch_dag' retrieved from /Users/naga/Desktop/airflow_env/lib/python3.12/site-packages/airflow/example_dags/example_nested_branch_dag.py
[2026-06-21T20:50:24.159-0500] {logging_mixin.py:188} INFO - [2026-06-21T20:50:24.159-0500] {dag.py:3089} INFO - Sync 1 DAGs
[2026-06-21T20:50:24.172-0500] {logging_mixin.py:188} INFO - [2026-06-21T20:50:24.171-0500] {dag.py:3947} INFO - Setting next_dagrun for example_nested_branch_dag to 2026-06-21 00:00:00+00:00, run_after=2026-06-22 00:00:00+00:00
[2026-06-21T20:50:24.185-0500] {processor.py:183} INFO - Processing /Users/naga/Desktop/airflow_env/lib/python3.12/site-packages/airflow/example_dags/example_nested_branch_dag.py took 0.138 seconds
[2026-06-21T20:53:20.292-0500] {processor.py:161} INFO - Started process (PID=63624) to work on /Users/naga/Desktop/airflow_env/lib/python3.12/site-packages/airflow/example_dags/example_nested_branch_dag.py
[2026-06-21T20:53:20.294-0500] {processor.py:830} INFO - Processing file /Users/naga/Desktop/airflow_env/lib/python3.12/site-packages/airflow/example_dags/example_nested_branch_dag.py for tasks to queue
[2026-06-21T20:53:20.294-0500] {logging_mixin.py:188} INFO - [2026-06-21T20:53:20.294-0500] {dagbag.py:545} INFO - Filling up the DagBag from /Users/naga/Desktop/airflow_env/lib/python3.12/site-packages/airflow/example_dags/example_nested_branch_dag.py
[2026-06-21T20:53:20.329-0500] {processor.py:840} INFO - DAG(s) 'example_nested_branch_dag' retrieved from /Users/naga/Desktop/airflow_env/lib/python3.12/site-packages/airflow/example_dags/example_nested_branch_dag.py
[2026-06-21T20:53:20.402-0500] {logging_mixin.py:188} INFO - [2026-06-21T20:53:20.402-0500] {dag.py:3089} INFO - Sync 1 DAGs
[2026-06-21T20:53:20.415-0500] {logging_mixin.py:188} INFO - [2026-06-21T20:53:20.414-0500] {dag.py:3947} INFO - Setting next_dagrun for example_nested_branch_dag to 2026-06-21 00:00:00+00:00, run_after=2026-06-22 00:00:00+00:00
[2026-06-21T20:53:20.428-0500] {processor.py:183} INFO - Processing /Users/naga/Desktop/airflow_env/lib/python3.12/site-packages/airflow/example_dags/example_nested_branch_dag.py took 0.138 seconds
[2026-06-21T20:56:20.155-0500] {processor.py:161} INFO - Started process (PID=63864) to work on /Users/naga/Desktop/airflow_env/lib/python3.12/site-packages/airflow/example_dags/example_nested_branch_dag.py
[2026-06-21T20:56:20.156-0500] {processor.py:830} INFO - Processing file /Users/naga/Desktop/airflow_env/lib/python3.12/site-packages/airflow/example_dags/example_nested_branch_dag.py for tasks to queue
[2026-06-21T20:56:20.156-0500] {logging_mixin.py:188} INFO - [2026-06-21T20:56:20.156-0500] {dagbag.py:545} INFO - Filling up the DagBag from /Users/naga/Desktop/airflow_env/lib/python3.12/site-packages/airflow/example_dags/example_nested_branch_dag.py
[2026-06-21T20:56:20.191-0500] {processor.py:840} INFO - DAG(s) 'example_nested_branch_dag' retrieved from /Users/naga/Desktop/airflow_env/lib/python3.12/site-packages/airflow/example_dags/example_nested_branch_dag.py
[2026-06-21T20:56:20.264-0500] {logging_mixin.py:188} INFO - [2026-06-21T20:56:20.263-0500] {dag.py:3089} INFO - Sync 1 DAGs
[2026-06-21T20:56:20.278-0500] {logging_mixin.py:188} INFO - [2026-06-21T20:56:20.277-0500] {dag.py:3947} INFO - Setting next_dagrun for example_nested_branch_dag to 2026-06-21 00:00:00+00:00, run_after=2026-06-22 00:00:00+00:00
[2026-06-21T20:56:20.292-0500] {processor.py:183} INFO - Processing /Users/naga/Desktop/airflow_env/lib/python3.12/site-packages/airflow/example_dags/example_nested_branch_dag.py took 0.140 seconds
[2026-06-21T20:59:15.939-0500] {processor.py:161} INFO - Started process (PID=64055) to work on /Users/naga/Desktop/airflow_env/lib/python3.12/site-packages/airflow/example_dags/example_nested_branch_dag.py
[2026-06-21T20:59:15.940-0500] {processor.py:830} INFO - Processing file /Users/naga/Desktop/airflow_env/lib/python3.12/site-packages/airflow/example_dags/example_nested_branch_dag.py for tasks to queue
[2026-06-21T20:59:15.941-0500] {logging_mixin.py:188} INFO - [2026-06-21T20:59:15.940-0500] {dagbag.py:545} INFO - Filling up the DagBag from /Users/naga/Desktop/airflow_env/lib/python3.12/site-packages/airflow/example_dags/example_nested_branch_dag.py
[2026-06-21T20:59:15.976-0500] {processor.py:840} INFO - DAG(s) 'example_nested_branch_dag' retrieved from /Users/naga/Desktop/airflow_env/lib/python3.12/site-packages/airflow/example_dags/example_nested_branch_dag.py
[2026-06-21T20:59:16.049-0500] {logging_mixin.py:188} INFO - [2026-06-21T20:59:16.049-0500] {dag.py:3089} INFO - Sync 1 DAGs
[2026-06-21T20:59:16.064-0500] {logging_mixin.py:188} INFO - [2026-06-21T20:59:16.063-0500] {dag.py:3947} INFO - Setting next_dagrun for example_nested_branch_dag to 2026-06-21 00:00:00+00:00, run_after=2026-06-22 00:00:00+00:00
[2026-06-21T20:59:16.076-0500] {processor.py:183} INFO - Processing /Users/naga/Desktop/airflow_env/lib/python3.12/site-packages/airflow/example_dags/example_nested_branch_dag.py took 0.140 seconds
[2026-06-21T21:42:59.765-0500] {processor.py:161} INFO - Started process (PID=64249) to work on /Users/naga/Desktop/airflow_env/lib/python3.12/site-packages/airflow/example_dags/example_nested_branch_dag.py
[2026-06-21T21:42:59.766-0500] {processor.py:830} INFO - Processing file /Users/naga/Desktop/airflow_env/lib/python3.12/site-packages/airflow/example_dags/example_nested_branch_dag.py for tasks to queue
[2026-06-21T21:42:59.767-0500] {logging_mixin.py:188} INFO - [2026-06-21T21:42:59.767-0500] {dagbag.py:545} INFO - Filling up the DagBag from /Users/naga/Desktop/airflow_env/lib/python3.12/site-packages/airflow/example_dags/example_nested_branch_dag.py
[2026-06-21T21:42:59.804-0500] {processor.py:840} INFO - DAG(s) 'example_nested_branch_dag' retrieved from /Users/naga/Desktop/airflow_env/lib/python3.12/site-packages/airflow/example_dags/example_nested_branch_dag.py
[2026-06-21T21:42:59.878-0500] {logging_mixin.py:188} INFO - [2026-06-21T21:42:59.878-0500] {dag.py:3089} INFO - Sync 1 DAGs
[2026-06-21T21:42:59.892-0500] {logging_mixin.py:188} INFO - [2026-06-21T21:42:59.892-0500] {dag.py:3947} INFO - Setting next_dagrun for example_nested_branch_dag to 2026-06-21 00:00:00+00:00, run_after=2026-06-22 00:00:00+00:00
[2026-06-21T21:42:59.905-0500] {processor.py:183} INFO - Processing /Users/naga/Desktop/airflow_env/lib/python3.12/site-packages/airflow/example_dags/example_nested_branch_dag.py took 0.143 seconds
[2026-06-21T21:46:08.966-0500] {processor.py:161} INFO - Started process (PID=64549) to work on /Users/naga/Desktop/airflow_env/lib/python3.12/site-packages/airflow/example_dags/example_nested_branch_dag.py
[2026-06-21T21:46:08.967-0500] {processor.py:830} INFO - Processing file /Users/naga/Desktop/airflow_env/lib/python3.12/site-packages/airflow/example_dags/example_nested_branch_dag.py for tasks to queue
[2026-06-21T21:46:08.969-0500] {logging_mixin.py:188} INFO - [2026-06-21T21:46:08.968-0500] {dagbag.py:545} INFO - Filling up the DagBag from /Users/naga/Desktop/airflow_env/lib/python3.12/site-packages/airflow/example_dags/example_nested_branch_dag.py
[2026-06-21T21:46:09.026-0500] {processor.py:840} INFO - DAG(s) 'example_nested_branch_dag' retrieved from /Users/naga/Desktop/airflow_env/lib/python3.12/site-packages/airflow/example_dags/example_nested_branch_dag.py
[2026-06-21T21:46:09.111-0500] {logging_mixin.py:188} INFO - [2026-06-21T21:46:09.111-0500] {dag.py:3089} INFO - Sync 1 DAGs
[2026-06-21T21:46:09.126-0500] {logging_mixin.py:188} INFO - [2026-06-21T21:46:09.126-0500] {dag.py:3947} INFO - Setting next_dagrun for example_nested_branch_dag to 2026-06-21 00:00:00+00:00, run_after=2026-06-22 00:00:00+00:00
[2026-06-21T21:46:09.143-0500] {processor.py:183} INFO - Processing /Users/naga/Desktop/airflow_env/lib/python3.12/site-packages/airflow/example_dags/example_nested_branch_dag.py took 0.180 seconds
[2026-06-21T21:49:44.916-0500] {processor.py:161} INFO - Started process (PID=64767) to work on /Users/naga/Desktop/airflow_env/lib/python3.12/site-packages/airflow/example_dags/example_nested_branch_dag.py
[2026-06-21T21:49:44.918-0500] {processor.py:830} INFO - Processing file /Users/naga/Desktop/airflow_env/lib/python3.12/site-packages/airflow/example_dags/example_nested_branch_dag.py for tasks to queue
[2026-06-21T21:49:44.919-0500] {logging_mixin.py:188} INFO - [2026-06-21T21:49:44.918-0500] {dagbag.py:545} INFO - Filling up the DagBag from /Users/naga/Desktop/airflow_env/lib/python3.12/site-packages/airflow/example_dags/example_nested_branch_dag.py
[2026-06-21T21:49:44.955-0500] {processor.py:840} INFO - DAG(s) 'example_nested_branch_dag' retrieved from /Users/naga/Desktop/airflow_env/lib/python3.12/site-packages/airflow/example_dags/example_nested_branch_dag.py
[2026-06-21T21:49:45.029-0500] {logging_mixin.py:188} INFO - [2026-06-21T21:49:45.029-0500] {dag.py:3089} INFO - Sync 1 DAGs
[2026-06-21T21:49:45.042-0500] {logging_mixin.py:188} INFO - [2026-06-21T21:49:45.042-0500] {dag.py:3947} INFO - Setting next_dagrun for example_nested_branch_dag to 2026-06-21 00:00:00+00:00, run_after=2026-06-22 00:00:00+00:00
[2026-06-21T21:49:45.056-0500] {processor.py:183} INFO - Processing /Users/naga/Desktop/airflow_env/lib/python3.12/site-packages/airflow/example_dags/example_nested_branch_dag.py took 0.142 seconds
[2026-06-21T21:51:59.646-0500] {processor.py:161} INFO - Started process (PID=64872) to work on /Users/naga/Desktop/airflow_env/lib/python3.12/site-packages/airflow/example_dags/example_nested_branch_dag.py
[2026-06-21T21:51:59.647-0500] {processor.py:830} INFO - Processing file /Users/naga/Desktop/airflow_env/lib/python3.12/site-packages/airflow/example_dags/example_nested_branch_dag.py for tasks to queue
[2026-06-21T21:51:59.648-0500] {logging_mixin.py:188} INFO - [2026-06-21T21:51:59.648-0500] {dagbag.py:545} INFO - Filling up the DagBag from /Users/naga/Desktop/airflow_env/lib/python3.12/site-packages/airflow/example_dags/example_nested_branch_dag.py
[2026-06-21T21:51:59.685-0500] {processor.py:840} INFO - DAG(s) 'example_nested_branch_dag' retrieved from /Users/naga/Desktop/airflow_env/lib/python3.12/site-packages/airflow/example_dags/example_nested_branch_dag.py
[2026-06-21T21:51:59.760-0500] {logging_mixin.py:188} INFO - [2026-06-21T21:51:59.760-0500] {dag.py:3089} INFO - Sync 1 DAGs
[2026-06-21T21:51:59.774-0500] {logging_mixin.py:188} INFO - [2026-06-21T21:51:59.773-0500] {dag.py:3947} INFO - Setting next_dagrun for example_nested_branch_dag to 2026-06-21 00:00:00+00:00, run_after=2026-06-22 00:00:00+00:00
[2026-06-21T21:51:59.789-0500] {processor.py:183} INFO - Processing /Users/naga/Desktop/airflow_env/lib/python3.12/site-packages/airflow/example_dags/example_nested_branch_dag.py took 0.145 seconds
[2026-06-21T21:54:13.301-0500] {processor.py:161} INFO - Started process (PID=64992) to work on /Users/naga/Desktop/airflow_env/lib/python3.12/site-packages/airflow/example_dags/example_nested_branch_dag.py
[2026-06-21T21:54:13.303-0500] {processor.py:830} INFO - Processing file /Users/naga/Desktop/airflow_env/lib/python3.12/site-packages/airflow/example_dags/example_nested_branch_dag.py for tasks to queue
[2026-06-21T21:54:13.303-0500] {logging_mixin.py:188} INFO - [2026-06-21T21:54:13.303-0500] {dagbag.py:545} INFO - Filling up the DagBag from /Users/naga/Desktop/airflow_env/lib/python3.12/site-packages/airflow/example_dags/example_nested_branch_dag.py
[2026-06-21T21:54:13.338-0500] {processor.py:840} INFO - DAG(s) 'example_nested_branch_dag' retrieved from /Users/naga/Desktop/airflow_env/lib/python3.12/site-packages/airflow/example_dags/example_nested_branch_dag.py
[2026-06-21T21:54:13.411-0500] {logging_mixin.py:188} INFO - [2026-06-21T21:54:13.410-0500] {dag.py:3089} INFO - Sync 1 DAGs
[2026-06-21T21:54:13.423-0500] {logging_mixin.py:188} INFO - [2026-06-21T21:54:13.423-0500] {dag.py:3947} INFO - Setting next_dagrun for example_nested_branch_dag to 2026-06-21 00:00:00+00:00, run_after=2026-06-22 00:00:00+00:00
[2026-06-21T21:54:13.437-0500] {processor.py:183} INFO - Processing /Users/naga/Desktop/airflow_env/lib/python3.12/site-packages/airflow/example_dags/example_nested_branch_dag.py took 0.138 seconds
