[2026-06-21T19:47:27.151-0500] {processor.py:161} INFO - Started process (PID=61503) to work on /Users/naga/Desktop/airflow_env/lib/python3.12/site-packages/airflow/example_dags/example_setup_teardown_taskflow.py
[2026-06-21T19:47:27.151-0500] {processor.py:830} INFO - Processing file /Users/naga/Desktop/airflow_env/lib/python3.12/site-packages/airflow/example_dags/example_setup_teardown_taskflow.py for tasks to queue
[2026-06-21T19:47:27.152-0500] {logging_mixin.py:188} INFO - [2026-06-21T19:47:27.152-0500] {dagbag.py:545} INFO - Filling up the DagBag from /Users/naga/Desktop/airflow_env/lib/python3.12/site-packages/airflow/example_dags/example_setup_teardown_taskflow.py
[2026-06-21T19:47:27.186-0500] {processor.py:840} INFO - DAG(s) 'example_setup_teardown_taskflow' retrieved from /Users/naga/Desktop/airflow_env/lib/python3.12/site-packages/airflow/example_dags/example_setup_teardown_taskflow.py
[2026-06-21T19:47:27.262-0500] {logging_mixin.py:188} INFO - [2026-06-21T19:47:27.261-0500] {dag.py:3089} INFO - Sync 1 DAGs
[2026-06-21T19:47:27.274-0500] {logging_mixin.py:188} INFO - [2026-06-21T19:47:27.274-0500] {dag.py:3947} INFO - Setting next_dagrun for example_setup_teardown_taskflow to 2026-06-21 00:00:00+00:00, run_after=2026-06-22 00:00:00+00:00
[2026-06-21T19:47:27.289-0500] {processor.py:183} INFO - Processing /Users/naga/Desktop/airflow_env/lib/python3.12/site-packages/airflow/example_dags/example_setup_teardown_taskflow.py took 0.141 seconds
[2026-06-21T19:48:55.220-0500] {processor.py:161} INFO - Started process (PID=61577) to work on /Users/naga/Desktop/airflow_env/lib/python3.12/site-packages/airflow/example_dags/example_setup_teardown_taskflow.py
[2026-06-21T19:48:55.222-0500] {processor.py:830} INFO - Processing file /Users/naga/Desktop/airflow_env/lib/python3.12/site-packages/airflow/example_dags/example_setup_teardown_taskflow.py for tasks to queue
[2026-06-21T19:48:55.222-0500] {logging_mixin.py:188} INFO - [2026-06-21T19:48:55.222-0500] {dagbag.py:545} INFO - Filling up the DagBag from /Users/naga/Desktop/airflow_env/lib/python3.12/site-packages/airflow/example_dags/example_setup_teardown_taskflow.py
[2026-06-21T19:48:55.257-0500] {processor.py:840} INFO - DAG(s) 'example_setup_teardown_taskflow' retrieved from /Users/naga/Desktop/airflow_env/lib/python3.12/site-packages/airflow/example_dags/example_setup_teardown_taskflow.py
[2026-06-21T19:48:55.331-0500] {logging_mixin.py:188} INFO - [2026-06-21T19:48:55.330-0500] {dag.py:3089} INFO - Sync 1 DAGs
[2026-06-21T19:48:55.343-0500] {logging_mixin.py:188} INFO - [2026-06-21T19:48:55.342-0500] {dag.py:3947} INFO - Setting next_dagrun for example_setup_teardown_taskflow to 2026-06-21 00:00:00+00:00, run_after=2026-06-22 00:00:00+00:00
[2026-06-21T19:48:55.356-0500] {processor.py:183} INFO - Processing /Users/naga/Desktop/airflow_env/lib/python3.12/site-packages/airflow/example_dags/example_setup_teardown_taskflow.py took 0.137 seconds
[2026-06-21T19:50:33.036-0500] {processor.py:161} INFO - Started process (PID=61764) to work on /Users/naga/Desktop/airflow_env/lib/python3.12/site-packages/airflow/example_dags/example_setup_teardown_taskflow.py
[2026-06-21T19:50:33.037-0500] {processor.py:830} INFO - Processing file /Users/naga/Desktop/airflow_env/lib/python3.12/site-packages/airflow/example_dags/example_setup_teardown_taskflow.py for tasks to queue
[2026-06-21T19:50:33.038-0500] {logging_mixin.py:188} INFO - [2026-06-21T19:50:33.037-0500] {dagbag.py:545} INFO - Filling up the DagBag from /Users/naga/Desktop/airflow_env/lib/python3.12/site-packages/airflow/example_dags/example_setup_teardown_taskflow.py
[2026-06-21T19:50:33.072-0500] {processor.py:840} INFO - DAG(s) 'example_setup_teardown_taskflow' retrieved from /Users/naga/Desktop/airflow_env/lib/python3.12/site-packages/airflow/example_dags/example_setup_teardown_taskflow.py
[2026-06-21T19:50:33.148-0500] {logging_mixin.py:188} INFO - [2026-06-21T19:50:33.148-0500] {dag.py:3089} INFO - Sync 1 DAGs
[2026-06-21T19:50:33.160-0500] {logging_mixin.py:188} INFO - [2026-06-21T19:50:33.160-0500] {dag.py:3947} INFO - Setting next_dagrun for example_setup_teardown_taskflow to 2026-06-21 00:00:00+00:00, run_after=2026-06-22 00:00:00+00:00
[2026-06-21T19:50:33.174-0500] {processor.py:183} INFO - Processing /Users/naga/Desktop/airflow_env/lib/python3.12/site-packages/airflow/example_dags/example_setup_teardown_taskflow.py took 0.140 seconds
[2026-06-21T19:52:02.189-0500] {processor.py:161} INFO - Started process (PID=61832) to work on /Users/naga/Desktop/airflow_env/lib/python3.12/site-packages/airflow/example_dags/example_setup_teardown_taskflow.py
[2026-06-21T19:52:02.190-0500] {processor.py:830} INFO - Processing file /Users/naga/Desktop/airflow_env/lib/python3.12/site-packages/airflow/example_dags/example_setup_teardown_taskflow.py for tasks to queue
[2026-06-21T19:52:02.191-0500] {logging_mixin.py:188} INFO - [2026-06-21T19:52:02.191-0500] {dagbag.py:545} INFO - Filling up the DagBag from /Users/naga/Desktop/airflow_env/lib/python3.12/site-packages/airflow/example_dags/example_setup_teardown_taskflow.py
[2026-06-21T19:52:02.225-0500] {processor.py:840} INFO - DAG(s) 'example_setup_teardown_taskflow' retrieved from /Users/naga/Desktop/airflow_env/lib/python3.12/site-packages/airflow/example_dags/example_setup_teardown_taskflow.py
[2026-06-21T19:52:02.298-0500] {logging_mixin.py:188} INFO - [2026-06-21T19:52:02.298-0500] {dag.py:3089} INFO - Sync 1 DAGs
[2026-06-21T19:52:02.310-0500] {logging_mixin.py:188} INFO - [2026-06-21T19:52:02.310-0500] {dag.py:3947} INFO - Setting next_dagrun for example_setup_teardown_taskflow to 2026-06-21 00:00:00+00:00, run_after=2026-06-22 00:00:00+00:00
[2026-06-21T19:52:02.323-0500] {processor.py:183} INFO - Processing /Users/naga/Desktop/airflow_env/lib/python3.12/site-packages/airflow/example_dags/example_setup_teardown_taskflow.py took 0.136 seconds
[2026-06-21T19:53:26.278-0500] {processor.py:161} INFO - Started process (PID=61889) to work on /Users/naga/Desktop/airflow_env/lib/python3.12/site-packages/airflow/example_dags/example_setup_teardown_taskflow.py
[2026-06-21T19:53:26.279-0500] {processor.py:830} INFO - Processing file /Users/naga/Desktop/airflow_env/lib/python3.12/site-packages/airflow/example_dags/example_setup_teardown_taskflow.py for tasks to queue
[2026-06-21T19:53:26.280-0500] {logging_mixin.py:188} INFO - [2026-06-21T19:53:26.280-0500] {dagbag.py:545} INFO - Filling up the DagBag from /Users/naga/Desktop/airflow_env/lib/python3.12/site-packages/airflow/example_dags/example_setup_teardown_taskflow.py
[2026-06-21T19:53:26.314-0500] {processor.py:840} INFO - DAG(s) 'example_setup_teardown_taskflow' retrieved from /Users/naga/Desktop/airflow_env/lib/python3.12/site-packages/airflow/example_dags/example_setup_teardown_taskflow.py
[2026-06-21T19:53:26.389-0500] {logging_mixin.py:188} INFO - [2026-06-21T19:53:26.389-0500] {dag.py:3089} INFO - Sync 1 DAGs
[2026-06-21T19:53:26.402-0500] {logging_mixin.py:188} INFO - [2026-06-21T19:53:26.401-0500] {dag.py:3947} INFO - Setting next_dagrun for example_setup_teardown_taskflow to 2026-06-21 00:00:00+00:00, run_after=2026-06-22 00:00:00+00:00
[2026-06-21T19:53:26.415-0500] {processor.py:183} INFO - Processing /Users/naga/Desktop/airflow_env/lib/python3.12/site-packages/airflow/example_dags/example_setup_teardown_taskflow.py took 0.139 seconds
[2026-06-21T19:54:49.801-0500] {processor.py:161} INFO - Started process (PID=61956) to work on /Users/naga/Desktop/airflow_env/lib/python3.12/site-packages/airflow/example_dags/example_setup_teardown_taskflow.py
[2026-06-21T19:54:49.803-0500] {processor.py:830} INFO - Processing file /Users/naga/Desktop/airflow_env/lib/python3.12/site-packages/airflow/example_dags/example_setup_teardown_taskflow.py for tasks to queue
[2026-06-21T19:54:49.803-0500] {logging_mixin.py:188} INFO - [2026-06-21T19:54:49.803-0500] {dagbag.py:545} INFO - Filling up the DagBag from /Users/naga/Desktop/airflow_env/lib/python3.12/site-packages/airflow/example_dags/example_setup_teardown_taskflow.py
[2026-06-21T19:54:49.837-0500] {processor.py:840} INFO - DAG(s) 'example_setup_teardown_taskflow' retrieved from /Users/naga/Desktop/airflow_env/lib/python3.12/site-packages/airflow/example_dags/example_setup_teardown_taskflow.py
[2026-06-21T19:54:49.911-0500] {logging_mixin.py:188} INFO - [2026-06-21T19:54:49.910-0500] {dag.py:3089} INFO - Sync 1 DAGs
[2026-06-21T19:54:49.923-0500] {logging_mixin.py:188} INFO - [2026-06-21T19:54:49.923-0500] {dag.py:3947} INFO - Setting next_dagrun for example_setup_teardown_taskflow to 2026-06-21 00:00:00+00:00, run_after=2026-06-22 00:00:00+00:00
[2026-06-21T19:54:49.936-0500] {processor.py:183} INFO - Processing /Users/naga/Desktop/airflow_env/lib/python3.12/site-packages/airflow/example_dags/example_setup_teardown_taskflow.py took 0.137 seconds
[2026-06-21T19:56:14.982-0500] {processor.py:161} INFO - Started process (PID=62024) to work on /Users/naga/Desktop/airflow_env/lib/python3.12/site-packages/airflow/example_dags/example_setup_teardown_taskflow.py
[2026-06-21T19:56:14.983-0500] {processor.py:830} INFO - Processing file /Users/naga/Desktop/airflow_env/lib/python3.12/site-packages/airflow/example_dags/example_setup_teardown_taskflow.py for tasks to queue
[2026-06-21T19:56:14.984-0500] {logging_mixin.py:188} INFO - [2026-06-21T19:56:14.984-0500] {dagbag.py:545} INFO - Filling up the DagBag from /Users/naga/Desktop/airflow_env/lib/python3.12/site-packages/airflow/example_dags/example_setup_teardown_taskflow.py
[2026-06-21T19:56:15.017-0500] {processor.py:840} INFO - DAG(s) 'example_setup_teardown_taskflow' retrieved from /Users/naga/Desktop/airflow_env/lib/python3.12/site-packages/airflow/example_dags/example_setup_teardown_taskflow.py
[2026-06-21T19:56:15.091-0500] {logging_mixin.py:188} INFO - [2026-06-21T19:56:15.090-0500] {dag.py:3089} INFO - Sync 1 DAGs
[2026-06-21T19:56:15.103-0500] {logging_mixin.py:188} INFO - [2026-06-21T19:56:15.103-0500] {dag.py:3947} INFO - Setting next_dagrun for example_setup_teardown_taskflow to 2026-06-21 00:00:00+00:00, run_after=2026-06-22 00:00:00+00:00
[2026-06-21T19:56:15.116-0500] {processor.py:183} INFO - Processing /Users/naga/Desktop/airflow_env/lib/python3.12/site-packages/airflow/example_dags/example_setup_teardown_taskflow.py took 0.136 seconds
[2026-06-21T19:57:44.607-0500] {processor.py:161} INFO - Started process (PID=62088) to work on /Users/naga/Desktop/airflow_env/lib/python3.12/site-packages/airflow/example_dags/example_setup_teardown_taskflow.py
[2026-06-21T19:57:44.609-0500] {processor.py:830} INFO - Processing file /Users/naga/Desktop/airflow_env/lib/python3.12/site-packages/airflow/example_dags/example_setup_teardown_taskflow.py for tasks to queue
[2026-06-21T19:57:44.609-0500] {logging_mixin.py:188} INFO - [2026-06-21T19:57:44.609-0500] {dagbag.py:545} INFO - Filling up the DagBag from /Users/naga/Desktop/airflow_env/lib/python3.12/site-packages/airflow/example_dags/example_setup_teardown_taskflow.py
[2026-06-21T19:57:44.643-0500] {processor.py:840} INFO - DAG(s) 'example_setup_teardown_taskflow' retrieved from /Users/naga/Desktop/airflow_env/lib/python3.12/site-packages/airflow/example_dags/example_setup_teardown_taskflow.py
[2026-06-21T19:57:44.718-0500] {logging_mixin.py:188} INFO - [2026-06-21T19:57:44.717-0500] {dag.py:3089} INFO - Sync 1 DAGs
[2026-06-21T19:57:44.730-0500] {logging_mixin.py:188} INFO - [2026-06-21T19:57:44.730-0500] {dag.py:3947} INFO - Setting next_dagrun for example_setup_teardown_taskflow to 2026-06-21 00:00:00+00:00, run_after=2026-06-22 00:00:00+00:00
[2026-06-21T19:57:44.743-0500] {processor.py:183} INFO - Processing /Users/naga/Desktop/airflow_env/lib/python3.12/site-packages/airflow/example_dags/example_setup_teardown_taskflow.py took 0.138 seconds
[2026-06-21T19:59:10.867-0500] {processor.py:161} INFO - Started process (PID=62153) to work on /Users/naga/Desktop/airflow_env/lib/python3.12/site-packages/airflow/example_dags/example_setup_teardown_taskflow.py
[2026-06-21T19:59:10.869-0500] {processor.py:830} INFO - Processing file /Users/naga/Desktop/airflow_env/lib/python3.12/site-packages/airflow/example_dags/example_setup_teardown_taskflow.py for tasks to queue
[2026-06-21T19:59:10.869-0500] {logging_mixin.py:188} INFO - [2026-06-21T19:59:10.869-0500] {dagbag.py:545} INFO - Filling up the DagBag from /Users/naga/Desktop/airflow_env/lib/python3.12/site-packages/airflow/example_dags/example_setup_teardown_taskflow.py
[2026-06-21T19:59:10.903-0500] {processor.py:840} INFO - DAG(s) 'example_setup_teardown_taskflow' retrieved from /Users/naga/Desktop/airflow_env/lib/python3.12/site-packages/airflow/example_dags/example_setup_teardown_taskflow.py
[2026-06-21T19:59:10.977-0500] {logging_mixin.py:188} INFO - [2026-06-21T19:59:10.977-0500] {dag.py:3089} INFO - Sync 1 DAGs
[2026-06-21T19:59:10.989-0500] {logging_mixin.py:188} INFO - [2026-06-21T19:59:10.989-0500] {dag.py:3947} INFO - Setting next_dagrun for example_setup_teardown_taskflow to 2026-06-21 00:00:00+00:00, run_after=2026-06-22 00:00:00+00:00
[2026-06-21T19:59:11.002-0500] {processor.py:183} INFO - Processing /Users/naga/Desktop/airflow_env/lib/python3.12/site-packages/airflow/example_dags/example_setup_teardown_taskflow.py took 0.137 seconds
[2026-06-21T20:00:37.058-0500] {processor.py:161} INFO - Started process (PID=62234) to work on /Users/naga/Desktop/airflow_env/lib/python3.12/site-packages/airflow/example_dags/example_setup_teardown_taskflow.py
[2026-06-21T20:00:37.059-0500] {processor.py:830} INFO - Processing file /Users/naga/Desktop/airflow_env/lib/python3.12/site-packages/airflow/example_dags/example_setup_teardown_taskflow.py for tasks to queue
[2026-06-21T20:00:37.060-0500] {logging_mixin.py:188} INFO - [2026-06-21T20:00:37.059-0500] {dagbag.py:545} INFO - Filling up the DagBag from /Users/naga/Desktop/airflow_env/lib/python3.12/site-packages/airflow/example_dags/example_setup_teardown_taskflow.py
[2026-06-21T20:00:37.093-0500] {processor.py:840} INFO - DAG(s) 'example_setup_teardown_taskflow' retrieved from /Users/naga/Desktop/airflow_env/lib/python3.12/site-packages/airflow/example_dags/example_setup_teardown_taskflow.py
[2026-06-21T20:00:37.167-0500] {logging_mixin.py:188} INFO - [2026-06-21T20:00:37.167-0500] {dag.py:3089} INFO - Sync 1 DAGs
[2026-06-21T20:00:37.179-0500] {logging_mixin.py:188} INFO - [2026-06-21T20:00:37.179-0500] {dag.py:3947} INFO - Setting next_dagrun for example_setup_teardown_taskflow to 2026-06-21 00:00:00+00:00, run_after=2026-06-22 00:00:00+00:00
[2026-06-21T20:00:37.192-0500] {processor.py:183} INFO - Processing /Users/naga/Desktop/airflow_env/lib/python3.12/site-packages/airflow/example_dags/example_setup_teardown_taskflow.py took 0.137 seconds
[2026-06-21T20:02:02.821-0500] {processor.py:161} INFO - Started process (PID=62301) to work on /Users/naga/Desktop/airflow_env/lib/python3.12/site-packages/airflow/example_dags/example_setup_teardown_taskflow.py
[2026-06-21T20:02:02.822-0500] {processor.py:830} INFO - Processing file /Users/naga/Desktop/airflow_env/lib/python3.12/site-packages/airflow/example_dags/example_setup_teardown_taskflow.py for tasks to queue
[2026-06-21T20:02:02.823-0500] {logging_mixin.py:188} INFO - [2026-06-21T20:02:02.823-0500] {dagbag.py:545} INFO - Filling up the DagBag from /Users/naga/Desktop/airflow_env/lib/python3.12/site-packages/airflow/example_dags/example_setup_teardown_taskflow.py
[2026-06-21T20:02:02.857-0500] {processor.py:840} INFO - DAG(s) 'example_setup_teardown_taskflow' retrieved from /Users/naga/Desktop/airflow_env/lib/python3.12/site-packages/airflow/example_dags/example_setup_teardown_taskflow.py
[2026-06-21T20:02:02.931-0500] {logging_mixin.py:188} INFO - [2026-06-21T20:02:02.931-0500] {dag.py:3089} INFO - Sync 1 DAGs
[2026-06-21T20:02:02.943-0500] {logging_mixin.py:188} INFO - [2026-06-21T20:02:02.943-0500] {dag.py:3947} INFO - Setting next_dagrun for example_setup_teardown_taskflow to 2026-06-21 00:00:00+00:00, run_after=2026-06-22 00:00:00+00:00
[2026-06-21T20:02:02.957-0500] {processor.py:183} INFO - Processing /Users/naga/Desktop/airflow_env/lib/python3.12/site-packages/airflow/example_dags/example_setup_teardown_taskflow.py took 0.138 seconds
[2026-06-21T20:03:29.200-0500] {processor.py:161} INFO - Started process (PID=62349) to work on /Users/naga/Desktop/airflow_env/lib/python3.12/site-packages/airflow/example_dags/example_setup_teardown_taskflow.py
[2026-06-21T20:03:29.201-0500] {processor.py:830} INFO - Processing file /Users/naga/Desktop/airflow_env/lib/python3.12/site-packages/airflow/example_dags/example_setup_teardown_taskflow.py for tasks to queue
[2026-06-21T20:03:29.202-0500] {logging_mixin.py:188} INFO - [2026-06-21T20:03:29.202-0500] {dagbag.py:545} INFO - Filling up the DagBag from /Users/naga/Desktop/airflow_env/lib/python3.12/site-packages/airflow/example_dags/example_setup_teardown_taskflow.py
[2026-06-21T20:03:29.236-0500] {processor.py:840} INFO - DAG(s) 'example_setup_teardown_taskflow' retrieved from /Users/naga/Desktop/airflow_env/lib/python3.12/site-packages/airflow/example_dags/example_setup_teardown_taskflow.py
[2026-06-21T20:03:29.310-0500] {logging_mixin.py:188} INFO - [2026-06-21T20:03:29.310-0500] {dag.py:3089} INFO - Sync 1 DAGs
[2026-06-21T20:03:29.323-0500] {logging_mixin.py:188} INFO - [2026-06-21T20:03:29.322-0500] {dag.py:3947} INFO - Setting next_dagrun for example_setup_teardown_taskflow to 2026-06-21 00:00:00+00:00, run_after=2026-06-22 00:00:00+00:00
[2026-06-21T20:03:29.336-0500] {processor.py:183} INFO - Processing /Users/naga/Desktop/airflow_env/lib/python3.12/site-packages/airflow/example_dags/example_setup_teardown_taskflow.py took 0.138 seconds
[2026-06-21T20:04:55.696-0500] {processor.py:161} INFO - Started process (PID=62420) to work on /Users/naga/Desktop/airflow_env/lib/python3.12/site-packages/airflow/example_dags/example_setup_teardown_taskflow.py
[2026-06-21T20:04:55.698-0500] {processor.py:830} INFO - Processing file /Users/naga/Desktop/airflow_env/lib/python3.12/site-packages/airflow/example_dags/example_setup_teardown_taskflow.py for tasks to queue
[2026-06-21T20:04:55.698-0500] {logging_mixin.py:188} INFO - [2026-06-21T20:04:55.698-0500] {dagbag.py:545} INFO - Filling up the DagBag from /Users/naga/Desktop/airflow_env/lib/python3.12/site-packages/airflow/example_dags/example_setup_teardown_taskflow.py
[2026-06-21T20:04:55.732-0500] {processor.py:840} INFO - DAG(s) 'example_setup_teardown_taskflow' retrieved from /Users/naga/Desktop/airflow_env/lib/python3.12/site-packages/airflow/example_dags/example_setup_teardown_taskflow.py
[2026-06-21T20:04:55.806-0500] {logging_mixin.py:188} INFO - [2026-06-21T20:04:55.805-0500] {dag.py:3089} INFO - Sync 1 DAGs
[2026-06-21T20:04:55.819-0500] {logging_mixin.py:188} INFO - [2026-06-21T20:04:55.818-0500] {dag.py:3947} INFO - Setting next_dagrun for example_setup_teardown_taskflow to 2026-06-21 00:00:00+00:00, run_after=2026-06-22 00:00:00+00:00
[2026-06-21T20:04:55.831-0500] {processor.py:183} INFO - Processing /Users/naga/Desktop/airflow_env/lib/python3.12/site-packages/airflow/example_dags/example_setup_teardown_taskflow.py took 0.137 seconds
[2026-06-21T20:06:21.911-0500] {processor.py:161} INFO - Started process (PID=62495) to work on /Users/naga/Desktop/airflow_env/lib/python3.12/site-packages/airflow/example_dags/example_setup_teardown_taskflow.py
[2026-06-21T20:06:21.912-0500] {processor.py:830} INFO - Processing file /Users/naga/Desktop/airflow_env/lib/python3.12/site-packages/airflow/example_dags/example_setup_teardown_taskflow.py for tasks to queue
[2026-06-21T20:06:21.913-0500] {logging_mixin.py:188} INFO - [2026-06-21T20:06:21.913-0500] {dagbag.py:545} INFO - Filling up the DagBag from /Users/naga/Desktop/airflow_env/lib/python3.12/site-packages/airflow/example_dags/example_setup_teardown_taskflow.py
[2026-06-21T20:06:21.946-0500] {processor.py:840} INFO - DAG(s) 'example_setup_teardown_taskflow' retrieved from /Users/naga/Desktop/airflow_env/lib/python3.12/site-packages/airflow/example_dags/example_setup_teardown_taskflow.py
[2026-06-21T20:06:22.020-0500] {logging_mixin.py:188} INFO - [2026-06-21T20:06:22.019-0500] {dag.py:3089} INFO - Sync 1 DAGs
[2026-06-21T20:06:22.032-0500] {logging_mixin.py:188} INFO - [2026-06-21T20:06:22.032-0500] {dag.py:3947} INFO - Setting next_dagrun for example_setup_teardown_taskflow to 2026-06-21 00:00:00+00:00, run_after=2026-06-22 00:00:00+00:00
[2026-06-21T20:06:22.046-0500] {processor.py:183} INFO - Processing /Users/naga/Desktop/airflow_env/lib/python3.12/site-packages/airflow/example_dags/example_setup_teardown_taskflow.py took 0.137 seconds
[2026-06-21T20:07:55.067-0500] {processor.py:161} INFO - Started process (PID=62572) to work on /Users/naga/Desktop/airflow_env/lib/python3.12/site-packages/airflow/example_dags/example_setup_teardown_taskflow.py
[2026-06-21T20:07:55.068-0500] {processor.py:830} INFO - Processing file /Users/naga/Desktop/airflow_env/lib/python3.12/site-packages/airflow/example_dags/example_setup_teardown_taskflow.py for tasks to queue
[2026-06-21T20:07:55.069-0500] {logging_mixin.py:188} INFO - [2026-06-21T20:07:55.069-0500] {dagbag.py:545} INFO - Filling up the DagBag from /Users/naga/Desktop/airflow_env/lib/python3.12/site-packages/airflow/example_dags/example_setup_teardown_taskflow.py
[2026-06-21T20:07:55.104-0500] {processor.py:840} INFO - DAG(s) 'example_setup_teardown_taskflow' retrieved from /Users/naga/Desktop/airflow_env/lib/python3.12/site-packages/airflow/example_dags/example_setup_teardown_taskflow.py
[2026-06-21T20:07:55.182-0500] {logging_mixin.py:188} INFO - [2026-06-21T20:07:55.182-0500] {dag.py:3089} INFO - Sync 1 DAGs
[2026-06-21T20:07:55.195-0500] {logging_mixin.py:188} INFO - [2026-06-21T20:07:55.195-0500] {dag.py:3947} INFO - Setting next_dagrun for example_setup_teardown_taskflow to 2026-06-21 00:00:00+00:00, run_after=2026-06-22 00:00:00+00:00
[2026-06-21T20:07:55.209-0500] {processor.py:183} INFO - Processing /Users/naga/Desktop/airflow_env/lib/python3.12/site-packages/airflow/example_dags/example_setup_teardown_taskflow.py took 0.144 seconds
[2026-06-21T20:36:51.097-0500] {processor.py:161} INFO - Started process (PID=62684) to work on /Users/naga/Desktop/airflow_env/lib/python3.12/site-packages/airflow/example_dags/example_setup_teardown_taskflow.py
[2026-06-21T20:36:51.098-0500] {processor.py:830} INFO - Processing file /Users/naga/Desktop/airflow_env/lib/python3.12/site-packages/airflow/example_dags/example_setup_teardown_taskflow.py for tasks to queue
[2026-06-21T20:36:51.098-0500] {logging_mixin.py:188} INFO - [2026-06-21T20:36:51.098-0500] {dagbag.py:545} INFO - Filling up the DagBag from /Users/naga/Desktop/airflow_env/lib/python3.12/site-packages/airflow/example_dags/example_setup_teardown_taskflow.py
[2026-06-21T20:36:51.134-0500] {processor.py:840} INFO - DAG(s) 'example_setup_teardown_taskflow' retrieved from /Users/naga/Desktop/airflow_env/lib/python3.12/site-packages/airflow/example_dags/example_setup_teardown_taskflow.py
[2026-06-21T20:36:51.209-0500] {logging_mixin.py:188} INFO - [2026-06-21T20:36:51.209-0500] {dag.py:3089} INFO - Sync 1 DAGs
[2026-06-21T20:36:51.221-0500] {logging_mixin.py:188} INFO - [2026-06-21T20:36:51.221-0500] {dag.py:3947} INFO - Setting next_dagrun for example_setup_teardown_taskflow to 2026-06-21 00:00:00+00:00, run_after=2026-06-22 00:00:00+00:00
[2026-06-21T20:36:51.234-0500] {processor.py:183} INFO - Processing /Users/naga/Desktop/airflow_env/lib/python3.12/site-packages/airflow/example_dags/example_setup_teardown_taskflow.py took 0.140 seconds
[2026-06-21T20:38:23.296-0500] {processor.py:161} INFO - Started process (PID=62753) to work on /Users/naga/Desktop/airflow_env/lib/python3.12/site-packages/airflow/example_dags/example_setup_teardown_taskflow.py
[2026-06-21T20:38:23.298-0500] {processor.py:830} INFO - Processing file /Users/naga/Desktop/airflow_env/lib/python3.12/site-packages/airflow/example_dags/example_setup_teardown_taskflow.py for tasks to queue
[2026-06-21T20:38:23.298-0500] {logging_mixin.py:188} INFO - [2026-06-21T20:38:23.298-0500] {dagbag.py:545} INFO - Filling up the DagBag from /Users/naga/Desktop/airflow_env/lib/python3.12/site-packages/airflow/example_dags/example_setup_teardown_taskflow.py
[2026-06-21T20:38:23.332-0500] {processor.py:840} INFO - DAG(s) 'example_setup_teardown_taskflow' retrieved from /Users/naga/Desktop/airflow_env/lib/python3.12/site-packages/airflow/example_dags/example_setup_teardown_taskflow.py
[2026-06-21T20:38:23.407-0500] {logging_mixin.py:188} INFO - [2026-06-21T20:38:23.407-0500] {dag.py:3089} INFO - Sync 1 DAGs
[2026-06-21T20:38:23.419-0500] {logging_mixin.py:188} INFO - [2026-06-21T20:38:23.419-0500] {dag.py:3947} INFO - Setting next_dagrun for example_setup_teardown_taskflow to 2026-06-21 00:00:00+00:00, run_after=2026-06-22 00:00:00+00:00
[2026-06-21T20:38:23.435-0500] {processor.py:183} INFO - Processing /Users/naga/Desktop/airflow_env/lib/python3.12/site-packages/airflow/example_dags/example_setup_teardown_taskflow.py took 0.140 seconds
[2026-06-21T20:39:54.781-0500] {processor.py:161} INFO - Started process (PID=62846) to work on /Users/naga/Desktop/airflow_env/lib/python3.12/site-packages/airflow/example_dags/example_setup_teardown_taskflow.py
[2026-06-21T20:39:54.782-0500] {processor.py:830} INFO - Processing file /Users/naga/Desktop/airflow_env/lib/python3.12/site-packages/airflow/example_dags/example_setup_teardown_taskflow.py for tasks to queue
[2026-06-21T20:39:54.783-0500] {logging_mixin.py:188} INFO - [2026-06-21T20:39:54.783-0500] {dagbag.py:545} INFO - Filling up the DagBag from /Users/naga/Desktop/airflow_env/lib/python3.12/site-packages/airflow/example_dags/example_setup_teardown_taskflow.py
[2026-06-21T20:39:54.818-0500] {processor.py:840} INFO - DAG(s) 'example_setup_teardown_taskflow' retrieved from /Users/naga/Desktop/airflow_env/lib/python3.12/site-packages/airflow/example_dags/example_setup_teardown_taskflow.py
[2026-06-21T20:39:54.892-0500] {logging_mixin.py:188} INFO - [2026-06-21T20:39:54.892-0500] {dag.py:3089} INFO - Sync 1 DAGs
[2026-06-21T20:39:54.905-0500] {logging_mixin.py:188} INFO - [2026-06-21T20:39:54.904-0500] {dag.py:3947} INFO - Setting next_dagrun for example_setup_teardown_taskflow to 2026-06-21 00:00:00+00:00, run_after=2026-06-22 00:00:00+00:00
[2026-06-21T20:39:54.918-0500] {processor.py:183} INFO - Processing /Users/naga/Desktop/airflow_env/lib/python3.12/site-packages/airflow/example_dags/example_setup_teardown_taskflow.py took 0.139 seconds
[2026-06-21T20:41:30.354-0500] {processor.py:161} INFO - Started process (PID=63018) to work on /Users/naga/Desktop/airflow_env/lib/python3.12/site-packages/airflow/example_dags/example_setup_teardown_taskflow.py
[2026-06-21T20:41:30.355-0500] {processor.py:830} INFO - Processing file /Users/naga/Desktop/airflow_env/lib/python3.12/site-packages/airflow/example_dags/example_setup_teardown_taskflow.py for tasks to queue
[2026-06-21T20:41:30.355-0500] {logging_mixin.py:188} INFO - [2026-06-21T20:41:30.355-0500] {dagbag.py:545} INFO - Filling up the DagBag from /Users/naga/Desktop/airflow_env/lib/python3.12/site-packages/airflow/example_dags/example_setup_teardown_taskflow.py
[2026-06-21T20:41:30.392-0500] {processor.py:840} INFO - DAG(s) 'example_setup_teardown_taskflow' retrieved from /Users/naga/Desktop/airflow_env/lib/python3.12/site-packages/airflow/example_dags/example_setup_teardown_taskflow.py
[2026-06-21T20:41:30.467-0500] {logging_mixin.py:188} INFO - [2026-06-21T20:41:30.466-0500] {dag.py:3089} INFO - Sync 1 DAGs
[2026-06-21T20:41:30.479-0500] {logging_mixin.py:188} INFO - [2026-06-21T20:41:30.479-0500] {dag.py:3947} INFO - Setting next_dagrun for example_setup_teardown_taskflow to 2026-06-21 00:00:00+00:00, run_after=2026-06-22 00:00:00+00:00
[2026-06-21T20:41:30.493-0500] {processor.py:183} INFO - Processing /Users/naga/Desktop/airflow_env/lib/python3.12/site-packages/airflow/example_dags/example_setup_teardown_taskflow.py took 0.142 seconds
[2026-06-21T20:43:00.555-0500] {processor.py:161} INFO - Started process (PID=63093) to work on /Users/naga/Desktop/airflow_env/lib/python3.12/site-packages/airflow/example_dags/example_setup_teardown_taskflow.py
[2026-06-21T20:43:00.556-0500] {processor.py:830} INFO - Processing file /Users/naga/Desktop/airflow_env/lib/python3.12/site-packages/airflow/example_dags/example_setup_teardown_taskflow.py for tasks to queue
[2026-06-21T20:43:00.556-0500] {logging_mixin.py:188} INFO - [2026-06-21T20:43:00.556-0500] {dagbag.py:545} INFO - Filling up the DagBag from /Users/naga/Desktop/airflow_env/lib/python3.12/site-packages/airflow/example_dags/example_setup_teardown_taskflow.py
[2026-06-21T20:43:00.590-0500] {processor.py:840} INFO - DAG(s) 'example_setup_teardown_taskflow' retrieved from /Users/naga/Desktop/airflow_env/lib/python3.12/site-packages/airflow/example_dags/example_setup_teardown_taskflow.py
[2026-06-21T20:43:00.664-0500] {logging_mixin.py:188} INFO - [2026-06-21T20:43:00.664-0500] {dag.py:3089} INFO - Sync 1 DAGs
[2026-06-21T20:43:00.676-0500] {logging_mixin.py:188} INFO - [2026-06-21T20:43:00.676-0500] {dag.py:3947} INFO - Setting next_dagrun for example_setup_teardown_taskflow to 2026-06-21 00:00:00+00:00, run_after=2026-06-22 00:00:00+00:00
[2026-06-21T20:43:00.689-0500] {processor.py:183} INFO - Processing /Users/naga/Desktop/airflow_env/lib/python3.12/site-packages/airflow/example_dags/example_setup_teardown_taskflow.py took 0.136 seconds
[2026-06-21T20:44:25.155-0500] {processor.py:161} INFO - Started process (PID=63189) to work on /Users/naga/Desktop/airflow_env/lib/python3.12/site-packages/airflow/example_dags/example_setup_teardown_taskflow.py
[2026-06-21T20:44:25.156-0500] {processor.py:830} INFO - Processing file /Users/naga/Desktop/airflow_env/lib/python3.12/site-packages/airflow/example_dags/example_setup_teardown_taskflow.py for tasks to queue
[2026-06-21T20:44:25.156-0500] {logging_mixin.py:188} INFO - [2026-06-21T20:44:25.156-0500] {dagbag.py:545} INFO - Filling up the DagBag from /Users/naga/Desktop/airflow_env/lib/python3.12/site-packages/airflow/example_dags/example_setup_teardown_taskflow.py
[2026-06-21T20:44:25.190-0500] {processor.py:840} INFO - DAG(s) 'example_setup_teardown_taskflow' retrieved from /Users/naga/Desktop/airflow_env/lib/python3.12/site-packages/airflow/example_dags/example_setup_teardown_taskflow.py
[2026-06-21T20:44:25.264-0500] {logging_mixin.py:188} INFO - [2026-06-21T20:44:25.264-0500] {dag.py:3089} INFO - Sync 1 DAGs
[2026-06-21T20:44:25.276-0500] {logging_mixin.py:188} INFO - [2026-06-21T20:44:25.276-0500] {dag.py:3947} INFO - Setting next_dagrun for example_setup_teardown_taskflow to 2026-06-21 00:00:00+00:00, run_after=2026-06-22 00:00:00+00:00
[2026-06-21T20:44:25.289-0500] {processor.py:183} INFO - Processing /Users/naga/Desktop/airflow_env/lib/python3.12/site-packages/airflow/example_dags/example_setup_teardown_taskflow.py took 0.137 seconds
[2026-06-21T20:45:52.362-0500] {processor.py:161} INFO - Started process (PID=63280) to work on /Users/naga/Desktop/airflow_env/lib/python3.12/site-packages/airflow/example_dags/example_setup_teardown_taskflow.py
[2026-06-21T20:45:52.363-0500] {processor.py:830} INFO - Processing file /Users/naga/Desktop/airflow_env/lib/python3.12/site-packages/airflow/example_dags/example_setup_teardown_taskflow.py for tasks to queue
[2026-06-21T20:45:52.364-0500] {logging_mixin.py:188} INFO - [2026-06-21T20:45:52.363-0500] {dagbag.py:545} INFO - Filling up the DagBag from /Users/naga/Desktop/airflow_env/lib/python3.12/site-packages/airflow/example_dags/example_setup_teardown_taskflow.py
[2026-06-21T20:45:52.398-0500] {processor.py:840} INFO - DAG(s) 'example_setup_teardown_taskflow' retrieved from /Users/naga/Desktop/airflow_env/lib/python3.12/site-packages/airflow/example_dags/example_setup_teardown_taskflow.py
[2026-06-21T20:45:52.472-0500] {logging_mixin.py:188} INFO - [2026-06-21T20:45:52.472-0500] {dag.py:3089} INFO - Sync 1 DAGs
[2026-06-21T20:45:52.485-0500] {logging_mixin.py:188} INFO - [2026-06-21T20:45:52.484-0500] {dag.py:3947} INFO - Setting next_dagrun for example_setup_teardown_taskflow to 2026-06-21 00:00:00+00:00, run_after=2026-06-22 00:00:00+00:00
[2026-06-21T20:45:52.498-0500] {processor.py:183} INFO - Processing /Users/naga/Desktop/airflow_env/lib/python3.12/site-packages/airflow/example_dags/example_setup_teardown_taskflow.py took 0.139 seconds
[2026-06-21T20:47:17.643-0500] {processor.py:161} INFO - Started process (PID=63353) to work on /Users/naga/Desktop/airflow_env/lib/python3.12/site-packages/airflow/example_dags/example_setup_teardown_taskflow.py
[2026-06-21T20:47:17.644-0500] {processor.py:830} INFO - Processing file /Users/naga/Desktop/airflow_env/lib/python3.12/site-packages/airflow/example_dags/example_setup_teardown_taskflow.py for tasks to queue
[2026-06-21T20:47:17.645-0500] {logging_mixin.py:188} INFO - [2026-06-21T20:47:17.645-0500] {dagbag.py:545} INFO - Filling up the DagBag from /Users/naga/Desktop/airflow_env/lib/python3.12/site-packages/airflow/example_dags/example_setup_teardown_taskflow.py
[2026-06-21T20:47:17.679-0500] {processor.py:840} INFO - DAG(s) 'example_setup_teardown_taskflow' retrieved from /Users/naga/Desktop/airflow_env/lib/python3.12/site-packages/airflow/example_dags/example_setup_teardown_taskflow.py
[2026-06-21T20:47:17.753-0500] {logging_mixin.py:188} INFO - [2026-06-21T20:47:17.753-0500] {dag.py:3089} INFO - Sync 1 DAGs
[2026-06-21T20:47:17.765-0500] {logging_mixin.py:188} INFO - [2026-06-21T20:47:17.765-0500] {dag.py:3947} INFO - Setting next_dagrun for example_setup_teardown_taskflow to 2026-06-21 00:00:00+00:00, run_after=2026-06-22 00:00:00+00:00
[2026-06-21T20:47:17.779-0500] {processor.py:183} INFO - Processing /Users/naga/Desktop/airflow_env/lib/python3.12/site-packages/airflow/example_dags/example_setup_teardown_taskflow.py took 0.138 seconds
[2026-06-21T20:48:41.162-0500] {processor.py:161} INFO - Started process (PID=63400) to work on /Users/naga/Desktop/airflow_env/lib/python3.12/site-packages/airflow/example_dags/example_setup_teardown_taskflow.py
[2026-06-21T20:48:41.163-0500] {processor.py:830} INFO - Processing file /Users/naga/Desktop/airflow_env/lib/python3.12/site-packages/airflow/example_dags/example_setup_teardown_taskflow.py for tasks to queue
[2026-06-21T20:48:41.163-0500] {logging_mixin.py:188} INFO - [2026-06-21T20:48:41.163-0500] {dagbag.py:545} INFO - Filling up the DagBag from /Users/naga/Desktop/airflow_env/lib/python3.12/site-packages/airflow/example_dags/example_setup_teardown_taskflow.py
[2026-06-21T20:48:41.197-0500] {processor.py:840} INFO - DAG(s) 'example_setup_teardown_taskflow' retrieved from /Users/naga/Desktop/airflow_env/lib/python3.12/site-packages/airflow/example_dags/example_setup_teardown_taskflow.py
[2026-06-21T20:48:41.271-0500] {logging_mixin.py:188} INFO - [2026-06-21T20:48:41.271-0500] {dag.py:3089} INFO - Sync 1 DAGs
[2026-06-21T20:48:41.284-0500] {logging_mixin.py:188} INFO - [2026-06-21T20:48:41.284-0500] {dag.py:3947} INFO - Setting next_dagrun for example_setup_teardown_taskflow to 2026-06-21 00:00:00+00:00, run_after=2026-06-22 00:00:00+00:00
[2026-06-21T20:48:41.297-0500] {processor.py:183} INFO - Processing /Users/naga/Desktop/airflow_env/lib/python3.12/site-packages/airflow/example_dags/example_setup_teardown_taskflow.py took 0.137 seconds
[2026-06-21T20:50:06.358-0500] {processor.py:161} INFO - Started process (PID=63470) to work on /Users/naga/Desktop/airflow_env/lib/python3.12/site-packages/airflow/example_dags/example_setup_teardown_taskflow.py
[2026-06-21T20:50:06.359-0500] {processor.py:830} INFO - Processing file /Users/naga/Desktop/airflow_env/lib/python3.12/site-packages/airflow/example_dags/example_setup_teardown_taskflow.py for tasks to queue
[2026-06-21T20:50:06.359-0500] {logging_mixin.py:188} INFO - [2026-06-21T20:50:06.359-0500] {dagbag.py:545} INFO - Filling up the DagBag from /Users/naga/Desktop/airflow_env/lib/python3.12/site-packages/airflow/example_dags/example_setup_teardown_taskflow.py
[2026-06-21T20:50:06.393-0500] {processor.py:840} INFO - DAG(s) 'example_setup_teardown_taskflow' retrieved from /Users/naga/Desktop/airflow_env/lib/python3.12/site-packages/airflow/example_dags/example_setup_teardown_taskflow.py
[2026-06-21T20:50:06.466-0500] {logging_mixin.py:188} INFO - [2026-06-21T20:50:06.466-0500] {dag.py:3089} INFO - Sync 1 DAGs
[2026-06-21T20:50:06.479-0500] {logging_mixin.py:188} INFO - [2026-06-21T20:50:06.478-0500] {dag.py:3947} INFO - Setting next_dagrun for example_setup_teardown_taskflow to 2026-06-21 00:00:00+00:00, run_after=2026-06-22 00:00:00+00:00
[2026-06-21T20:50:06.493-0500] {processor.py:183} INFO - Processing /Users/naga/Desktop/airflow_env/lib/python3.12/site-packages/airflow/example_dags/example_setup_teardown_taskflow.py took 0.137 seconds
[2026-06-21T20:51:34.890-0500] {processor.py:161} INFO - Started process (PID=63543) to work on /Users/naga/Desktop/airflow_env/lib/python3.12/site-packages/airflow/example_dags/example_setup_teardown_taskflow.py
[2026-06-21T20:51:34.891-0500] {processor.py:830} INFO - Processing file /Users/naga/Desktop/airflow_env/lib/python3.12/site-packages/airflow/example_dags/example_setup_teardown_taskflow.py for tasks to queue
[2026-06-21T20:51:34.892-0500] {logging_mixin.py:188} INFO - [2026-06-21T20:51:34.892-0500] {dagbag.py:545} INFO - Filling up the DagBag from /Users/naga/Desktop/airflow_env/lib/python3.12/site-packages/airflow/example_dags/example_setup_teardown_taskflow.py
[2026-06-21T20:51:34.927-0500] {processor.py:840} INFO - DAG(s) 'example_setup_teardown_taskflow' retrieved from /Users/naga/Desktop/airflow_env/lib/python3.12/site-packages/airflow/example_dags/example_setup_teardown_taskflow.py
[2026-06-21T20:51:35.004-0500] {logging_mixin.py:188} INFO - [2026-06-21T20:51:35.004-0500] {dag.py:3089} INFO - Sync 1 DAGs
[2026-06-21T20:51:35.016-0500] {logging_mixin.py:188} INFO - [2026-06-21T20:51:35.016-0500] {dag.py:3947} INFO - Setting next_dagrun for example_setup_teardown_taskflow to 2026-06-21 00:00:00+00:00, run_after=2026-06-22 00:00:00+00:00
[2026-06-21T20:51:35.029-0500] {processor.py:183} INFO - Processing /Users/naga/Desktop/airflow_env/lib/python3.12/site-packages/airflow/example_dags/example_setup_teardown_taskflow.py took 0.141 seconds
[2026-06-21T20:53:03.764-0500] {processor.py:161} INFO - Started process (PID=63615) to work on /Users/naga/Desktop/airflow_env/lib/python3.12/site-packages/airflow/example_dags/example_setup_teardown_taskflow.py
[2026-06-21T20:53:03.765-0500] {processor.py:830} INFO - Processing file /Users/naga/Desktop/airflow_env/lib/python3.12/site-packages/airflow/example_dags/example_setup_teardown_taskflow.py for tasks to queue
[2026-06-21T20:53:03.766-0500] {logging_mixin.py:188} INFO - [2026-06-21T20:53:03.766-0500] {dagbag.py:545} INFO - Filling up the DagBag from /Users/naga/Desktop/airflow_env/lib/python3.12/site-packages/airflow/example_dags/example_setup_teardown_taskflow.py
[2026-06-21T20:53:03.800-0500] {processor.py:840} INFO - DAG(s) 'example_setup_teardown_taskflow' retrieved from /Users/naga/Desktop/airflow_env/lib/python3.12/site-packages/airflow/example_dags/example_setup_teardown_taskflow.py
[2026-06-21T20:53:03.872-0500] {logging_mixin.py:188} INFO - [2026-06-21T20:53:03.872-0500] {dag.py:3089} INFO - Sync 1 DAGs
[2026-06-21T20:53:03.884-0500] {logging_mixin.py:188} INFO - [2026-06-21T20:53:03.884-0500] {dag.py:3947} INFO - Setting next_dagrun for example_setup_teardown_taskflow to 2026-06-21 00:00:00+00:00, run_after=2026-06-22 00:00:00+00:00
[2026-06-21T20:53:03.897-0500] {processor.py:183} INFO - Processing /Users/naga/Desktop/airflow_env/lib/python3.12/site-packages/airflow/example_dags/example_setup_teardown_taskflow.py took 0.136 seconds
[2026-06-21T20:54:36.142-0500] {processor.py:161} INFO - Started process (PID=63772) to work on /Users/naga/Desktop/airflow_env/lib/python3.12/site-packages/airflow/example_dags/example_setup_teardown_taskflow.py
[2026-06-21T20:54:36.143-0500] {processor.py:830} INFO - Processing file /Users/naga/Desktop/airflow_env/lib/python3.12/site-packages/airflow/example_dags/example_setup_teardown_taskflow.py for tasks to queue
[2026-06-21T20:54:36.144-0500] {logging_mixin.py:188} INFO - [2026-06-21T20:54:36.144-0500] {dagbag.py:545} INFO - Filling up the DagBag from /Users/naga/Desktop/airflow_env/lib/python3.12/site-packages/airflow/example_dags/example_setup_teardown_taskflow.py
[2026-06-21T20:54:36.179-0500] {processor.py:840} INFO - DAG(s) 'example_setup_teardown_taskflow' retrieved from /Users/naga/Desktop/airflow_env/lib/python3.12/site-packages/airflow/example_dags/example_setup_teardown_taskflow.py
[2026-06-21T20:54:36.254-0500] {logging_mixin.py:188} INFO - [2026-06-21T20:54:36.253-0500] {dag.py:3089} INFO - Sync 1 DAGs
[2026-06-21T20:54:36.266-0500] {logging_mixin.py:188} INFO - [2026-06-21T20:54:36.266-0500] {dag.py:3947} INFO - Setting next_dagrun for example_setup_teardown_taskflow to 2026-06-21 00:00:00+00:00, run_after=2026-06-22 00:00:00+00:00
[2026-06-21T20:54:36.279-0500] {processor.py:183} INFO - Processing /Users/naga/Desktop/airflow_env/lib/python3.12/site-packages/airflow/example_dags/example_setup_teardown_taskflow.py took 0.139 seconds
[2026-06-21T20:56:04.092-0500] {processor.py:161} INFO - Started process (PID=63847) to work on /Users/naga/Desktop/airflow_env/lib/python3.12/site-packages/airflow/example_dags/example_setup_teardown_taskflow.py
[2026-06-21T20:56:04.094-0500] {processor.py:830} INFO - Processing file /Users/naga/Desktop/airflow_env/lib/python3.12/site-packages/airflow/example_dags/example_setup_teardown_taskflow.py for tasks to queue
[2026-06-21T20:56:04.094-0500] {logging_mixin.py:188} INFO - [2026-06-21T20:56:04.094-0500] {dagbag.py:545} INFO - Filling up the DagBag from /Users/naga/Desktop/airflow_env/lib/python3.12/site-packages/airflow/example_dags/example_setup_teardown_taskflow.py
[2026-06-21T20:56:04.128-0500] {processor.py:840} INFO - DAG(s) 'example_setup_teardown_taskflow' retrieved from /Users/naga/Desktop/airflow_env/lib/python3.12/site-packages/airflow/example_dags/example_setup_teardown_taskflow.py
[2026-06-21T20:56:04.202-0500] {logging_mixin.py:188} INFO - [2026-06-21T20:56:04.202-0500] {dag.py:3089} INFO - Sync 1 DAGs
[2026-06-21T20:56:04.214-0500] {logging_mixin.py:188} INFO - [2026-06-21T20:56:04.214-0500] {dag.py:3947} INFO - Setting next_dagrun for example_setup_teardown_taskflow to 2026-06-21 00:00:00+00:00, run_after=2026-06-22 00:00:00+00:00
[2026-06-21T20:56:04.227-0500] {processor.py:183} INFO - Processing /Users/naga/Desktop/airflow_env/lib/python3.12/site-packages/airflow/example_dags/example_setup_teardown_taskflow.py took 0.137 seconds
[2026-06-21T20:57:29.984-0500] {processor.py:161} INFO - Started process (PID=63937) to work on /Users/naga/Desktop/airflow_env/lib/python3.12/site-packages/airflow/example_dags/example_setup_teardown_taskflow.py
[2026-06-21T20:57:29.985-0500] {processor.py:830} INFO - Processing file /Users/naga/Desktop/airflow_env/lib/python3.12/site-packages/airflow/example_dags/example_setup_teardown_taskflow.py for tasks to queue
[2026-06-21T20:57:29.986-0500] {logging_mixin.py:188} INFO - [2026-06-21T20:57:29.986-0500] {dagbag.py:545} INFO - Filling up the DagBag from /Users/naga/Desktop/airflow_env/lib/python3.12/site-packages/airflow/example_dags/example_setup_teardown_taskflow.py
[2026-06-21T20:57:30.020-0500] {processor.py:840} INFO - DAG(s) 'example_setup_teardown_taskflow' retrieved from /Users/naga/Desktop/airflow_env/lib/python3.12/site-packages/airflow/example_dags/example_setup_teardown_taskflow.py
[2026-06-21T20:57:30.093-0500] {logging_mixin.py:188} INFO - [2026-06-21T20:57:30.093-0500] {dag.py:3089} INFO - Sync 1 DAGs
[2026-06-21T20:57:30.105-0500] {logging_mixin.py:188} INFO - [2026-06-21T20:57:30.105-0500] {dag.py:3947} INFO - Setting next_dagrun for example_setup_teardown_taskflow to 2026-06-21 00:00:00+00:00, run_after=2026-06-22 00:00:00+00:00
[2026-06-21T20:57:30.118-0500] {processor.py:183} INFO - Processing /Users/naga/Desktop/airflow_env/lib/python3.12/site-packages/airflow/example_dags/example_setup_teardown_taskflow.py took 0.136 seconds
[2026-06-21T20:58:58.435-0500] {processor.py:161} INFO - Started process (PID=64023) to work on /Users/naga/Desktop/airflow_env/lib/python3.12/site-packages/airflow/example_dags/example_setup_teardown_taskflow.py
[2026-06-21T20:58:58.436-0500] {processor.py:830} INFO - Processing file /Users/naga/Desktop/airflow_env/lib/python3.12/site-packages/airflow/example_dags/example_setup_teardown_taskflow.py for tasks to queue
[2026-06-21T20:58:58.436-0500] {logging_mixin.py:188} INFO - [2026-06-21T20:58:58.436-0500] {dagbag.py:545} INFO - Filling up the DagBag from /Users/naga/Desktop/airflow_env/lib/python3.12/site-packages/airflow/example_dags/example_setup_teardown_taskflow.py
[2026-06-21T20:58:58.470-0500] {processor.py:840} INFO - DAG(s) 'example_setup_teardown_taskflow' retrieved from /Users/naga/Desktop/airflow_env/lib/python3.12/site-packages/airflow/example_dags/example_setup_teardown_taskflow.py
[2026-06-21T20:58:58.544-0500] {logging_mixin.py:188} INFO - [2026-06-21T20:58:58.544-0500] {dag.py:3089} INFO - Sync 1 DAGs
[2026-06-21T20:58:58.557-0500] {logging_mixin.py:188} INFO - [2026-06-21T20:58:58.557-0500] {dag.py:3947} INFO - Setting next_dagrun for example_setup_teardown_taskflow to 2026-06-21 00:00:00+00:00, run_after=2026-06-22 00:00:00+00:00
[2026-06-21T20:58:58.569-0500] {processor.py:183} INFO - Processing /Users/naga/Desktop/airflow_env/lib/python3.12/site-packages/airflow/example_dags/example_setup_teardown_taskflow.py took 0.137 seconds
[2026-06-21T21:42:39.239-0500] {processor.py:161} INFO - Started process (PID=64229) to work on /Users/naga/Desktop/airflow_env/lib/python3.12/site-packages/airflow/example_dags/example_setup_teardown_taskflow.py
[2026-06-21T21:42:39.240-0500] {processor.py:830} INFO - Processing file /Users/naga/Desktop/airflow_env/lib/python3.12/site-packages/airflow/example_dags/example_setup_teardown_taskflow.py for tasks to queue
[2026-06-21T21:42:39.241-0500] {logging_mixin.py:188} INFO - [2026-06-21T21:42:39.241-0500] {dagbag.py:545} INFO - Filling up the DagBag from /Users/naga/Desktop/airflow_env/lib/python3.12/site-packages/airflow/example_dags/example_setup_teardown_taskflow.py
[2026-06-21T21:42:39.277-0500] {processor.py:840} INFO - DAG(s) 'example_setup_teardown_taskflow' retrieved from /Users/naga/Desktop/airflow_env/lib/python3.12/site-packages/airflow/example_dags/example_setup_teardown_taskflow.py
[2026-06-21T21:42:39.352-0500] {logging_mixin.py:188} INFO - [2026-06-21T21:42:39.351-0500] {dag.py:3089} INFO - Sync 1 DAGs
[2026-06-21T21:42:39.364-0500] {logging_mixin.py:188} INFO - [2026-06-21T21:42:39.364-0500] {dag.py:3947} INFO - Setting next_dagrun for example_setup_teardown_taskflow to 2026-06-21 00:00:00+00:00, run_after=2026-06-22 00:00:00+00:00
[2026-06-21T21:42:39.377-0500] {processor.py:183} INFO - Processing /Users/naga/Desktop/airflow_env/lib/python3.12/site-packages/airflow/example_dags/example_setup_teardown_taskflow.py took 0.140 seconds
[2026-06-21T21:44:24.918-0500] {processor.py:161} INFO - Started process (PID=64321) to work on /Users/naga/Desktop/airflow_env/lib/python3.12/site-packages/airflow/example_dags/example_setup_teardown_taskflow.py
[2026-06-21T21:44:24.919-0500] {processor.py:830} INFO - Processing file /Users/naga/Desktop/airflow_env/lib/python3.12/site-packages/airflow/example_dags/example_setup_teardown_taskflow.py for tasks to queue
[2026-06-21T21:44:24.920-0500] {logging_mixin.py:188} INFO - [2026-06-21T21:44:24.920-0500] {dagbag.py:545} INFO - Filling up the DagBag from /Users/naga/Desktop/airflow_env/lib/python3.12/site-packages/airflow/example_dags/example_setup_teardown_taskflow.py
[2026-06-21T21:44:24.955-0500] {processor.py:840} INFO - DAG(s) 'example_setup_teardown_taskflow' retrieved from /Users/naga/Desktop/airflow_env/lib/python3.12/site-packages/airflow/example_dags/example_setup_teardown_taskflow.py
[2026-06-21T21:44:25.037-0500] {logging_mixin.py:188} INFO - [2026-06-21T21:44:25.036-0500] {dag.py:3089} INFO - Sync 1 DAGs
[2026-06-21T21:44:25.051-0500] {logging_mixin.py:188} INFO - [2026-06-21T21:44:25.050-0500] {dag.py:3947} INFO - Setting next_dagrun for example_setup_teardown_taskflow to 2026-06-21 00:00:00+00:00, run_after=2026-06-22 00:00:00+00:00
[2026-06-21T21:44:25.066-0500] {processor.py:183} INFO - Processing /Users/naga/Desktop/airflow_env/lib/python3.12/site-packages/airflow/example_dags/example_setup_teardown_taskflow.py took 0.150 seconds
[2026-06-21T21:46:00.882-0500] {processor.py:161} INFO - Started process (PID=64446) to work on /Users/naga/Desktop/airflow_env/lib/python3.12/site-packages/airflow/example_dags/example_setup_teardown_taskflow.py
[2026-06-21T21:46:00.883-0500] {processor.py:830} INFO - Processing file /Users/naga/Desktop/airflow_env/lib/python3.12/site-packages/airflow/example_dags/example_setup_teardown_taskflow.py for tasks to queue
[2026-06-21T21:46:00.883-0500] {logging_mixin.py:188} INFO - [2026-06-21T21:46:00.883-0500] {dagbag.py:545} INFO - Filling up the DagBag from /Users/naga/Desktop/airflow_env/lib/python3.12/site-packages/airflow/example_dags/example_setup_teardown_taskflow.py
[2026-06-21T21:46:00.919-0500] {processor.py:840} INFO - DAG(s) 'example_setup_teardown_taskflow' retrieved from /Users/naga/Desktop/airflow_env/lib/python3.12/site-packages/airflow/example_dags/example_setup_teardown_taskflow.py
[2026-06-21T21:46:00.996-0500] {logging_mixin.py:188} INFO - [2026-06-21T21:46:00.995-0500] {dag.py:3089} INFO - Sync 1 DAGs
[2026-06-21T21:46:01.010-0500] {logging_mixin.py:188} INFO - [2026-06-21T21:46:01.010-0500] {dag.py:3947} INFO - Setting next_dagrun for example_setup_teardown_taskflow to 2026-06-21 00:00:00+00:00, run_after=2026-06-22 00:00:00+00:00
[2026-06-21T21:46:01.025-0500] {processor.py:183} INFO - Processing /Users/naga/Desktop/airflow_env/lib/python3.12/site-packages/airflow/example_dags/example_setup_teardown_taskflow.py took 0.145 seconds
[2026-06-21T21:48:04.609-0500] {processor.py:161} INFO - Started process (PID=64682) to work on /Users/naga/Desktop/airflow_env/lib/python3.12/site-packages/airflow/example_dags/example_setup_teardown_taskflow.py
[2026-06-21T21:48:04.610-0500] {processor.py:830} INFO - Processing file /Users/naga/Desktop/airflow_env/lib/python3.12/site-packages/airflow/example_dags/example_setup_teardown_taskflow.py for tasks to queue
[2026-06-21T21:48:04.610-0500] {logging_mixin.py:188} INFO - [2026-06-21T21:48:04.610-0500] {dagbag.py:545} INFO - Filling up the DagBag from /Users/naga/Desktop/airflow_env/lib/python3.12/site-packages/airflow/example_dags/example_setup_teardown_taskflow.py
[2026-06-21T21:48:04.646-0500] {processor.py:840} INFO - DAG(s) 'example_setup_teardown_taskflow' retrieved from /Users/naga/Desktop/airflow_env/lib/python3.12/site-packages/airflow/example_dags/example_setup_teardown_taskflow.py
[2026-06-21T21:48:04.724-0500] {logging_mixin.py:188} INFO - [2026-06-21T21:48:04.723-0500] {dag.py:3089} INFO - Sync 1 DAGs
[2026-06-21T21:48:04.738-0500] {logging_mixin.py:188} INFO - [2026-06-21T21:48:04.737-0500] {dag.py:3947} INFO - Setting next_dagrun for example_setup_teardown_taskflow to 2026-06-21 00:00:00+00:00, run_after=2026-06-22 00:00:00+00:00
[2026-06-21T21:48:04.753-0500] {processor.py:183} INFO - Processing /Users/naga/Desktop/airflow_env/lib/python3.12/site-packages/airflow/example_dags/example_setup_teardown_taskflow.py took 0.146 seconds
[2026-06-21T21:49:37.419-0500] {processor.py:161} INFO - Started process (PID=64762) to work on /Users/naga/Desktop/airflow_env/lib/python3.12/site-packages/airflow/example_dags/example_setup_teardown_taskflow.py
[2026-06-21T21:49:37.420-0500] {processor.py:830} INFO - Processing file /Users/naga/Desktop/airflow_env/lib/python3.12/site-packages/airflow/example_dags/example_setup_teardown_taskflow.py for tasks to queue
[2026-06-21T21:49:37.420-0500] {logging_mixin.py:188} INFO - [2026-06-21T21:49:37.420-0500] {dagbag.py:545} INFO - Filling up the DagBag from /Users/naga/Desktop/airflow_env/lib/python3.12/site-packages/airflow/example_dags/example_setup_teardown_taskflow.py
[2026-06-21T21:49:37.456-0500] {processor.py:840} INFO - DAG(s) 'example_setup_teardown_taskflow' retrieved from /Users/naga/Desktop/airflow_env/lib/python3.12/site-packages/airflow/example_dags/example_setup_teardown_taskflow.py
[2026-06-21T21:49:37.531-0500] {logging_mixin.py:188} INFO - [2026-06-21T21:49:37.531-0500] {dag.py:3089} INFO - Sync 1 DAGs
[2026-06-21T21:49:37.543-0500] {logging_mixin.py:188} INFO - [2026-06-21T21:49:37.543-0500] {dag.py:3947} INFO - Setting next_dagrun for example_setup_teardown_taskflow to 2026-06-21 00:00:00+00:00, run_after=2026-06-22 00:00:00+00:00
[2026-06-21T21:49:37.557-0500] {processor.py:183} INFO - Processing /Users/naga/Desktop/airflow_env/lib/python3.12/site-packages/airflow/example_dags/example_setup_teardown_taskflow.py took 0.141 seconds
[2026-06-21T21:51:38.210-0500] {processor.py:161} INFO - Started process (PID=64857) to work on /Users/naga/Desktop/airflow_env/lib/python3.12/site-packages/airflow/example_dags/example_setup_teardown_taskflow.py
[2026-06-21T21:51:38.211-0500] {processor.py:830} INFO - Processing file /Users/naga/Desktop/airflow_env/lib/python3.12/site-packages/airflow/example_dags/example_setup_teardown_taskflow.py for tasks to queue
[2026-06-21T21:51:38.212-0500] {logging_mixin.py:188} INFO - [2026-06-21T21:51:38.212-0500] {dagbag.py:545} INFO - Filling up the DagBag from /Users/naga/Desktop/airflow_env/lib/python3.12/site-packages/airflow/example_dags/example_setup_teardown_taskflow.py
[2026-06-21T21:51:38.246-0500] {processor.py:840} INFO - DAG(s) 'example_setup_teardown_taskflow' retrieved from /Users/naga/Desktop/airflow_env/lib/python3.12/site-packages/airflow/example_dags/example_setup_teardown_taskflow.py
[2026-06-21T21:51:38.320-0500] {logging_mixin.py:188} INFO - [2026-06-21T21:51:38.320-0500] {dag.py:3089} INFO - Sync 1 DAGs
[2026-06-21T21:51:38.332-0500] {logging_mixin.py:188} INFO - [2026-06-21T21:51:38.332-0500] {dag.py:3947} INFO - Setting next_dagrun for example_setup_teardown_taskflow to 2026-06-21 00:00:00+00:00, run_after=2026-06-22 00:00:00+00:00
[2026-06-21T21:51:38.346-0500] {processor.py:183} INFO - Processing /Users/naga/Desktop/airflow_env/lib/python3.12/site-packages/airflow/example_dags/example_setup_teardown_taskflow.py took 0.138 seconds
[2026-06-21T21:53:50.142-0500] {processor.py:161} INFO - Started process (PID=64980) to work on /Users/naga/Desktop/airflow_env/lib/python3.12/site-packages/airflow/example_dags/example_setup_teardown_taskflow.py
[2026-06-21T21:53:50.143-0500] {processor.py:830} INFO - Processing file /Users/naga/Desktop/airflow_env/lib/python3.12/site-packages/airflow/example_dags/example_setup_teardown_taskflow.py for tasks to queue
[2026-06-21T21:53:50.144-0500] {logging_mixin.py:188} INFO - [2026-06-21T21:53:50.144-0500] {dagbag.py:545} INFO - Filling up the DagBag from /Users/naga/Desktop/airflow_env/lib/python3.12/site-packages/airflow/example_dags/example_setup_teardown_taskflow.py
[2026-06-21T21:53:50.178-0500] {processor.py:840} INFO - DAG(s) 'example_setup_teardown_taskflow' retrieved from /Users/naga/Desktop/airflow_env/lib/python3.12/site-packages/airflow/example_dags/example_setup_teardown_taskflow.py
[2026-06-21T21:53:50.252-0500] {logging_mixin.py:188} INFO - [2026-06-21T21:53:50.252-0500] {dag.py:3089} INFO - Sync 1 DAGs
[2026-06-21T21:53:50.264-0500] {logging_mixin.py:188} INFO - [2026-06-21T21:53:50.264-0500] {dag.py:3947} INFO - Setting next_dagrun for example_setup_teardown_taskflow to 2026-06-21 00:00:00+00:00, run_after=2026-06-22 00:00:00+00:00
[2026-06-21T21:53:50.278-0500] {processor.py:183} INFO - Processing /Users/naga/Desktop/airflow_env/lib/python3.12/site-packages/airflow/example_dags/example_setup_teardown_taskflow.py took 0.138 seconds
[2026-06-21T21:55:41.868-0500] {processor.py:161} INFO - Started process (PID=65352) to work on /Users/naga/Desktop/airflow_env/lib/python3.12/site-packages/airflow/example_dags/example_setup_teardown_taskflow.py
[2026-06-21T21:55:41.869-0500] {processor.py:830} INFO - Processing file /Users/naga/Desktop/airflow_env/lib/python3.12/site-packages/airflow/example_dags/example_setup_teardown_taskflow.py for tasks to queue
[2026-06-21T21:55:41.869-0500] {logging_mixin.py:188} INFO - [2026-06-21T21:55:41.869-0500] {dagbag.py:545} INFO - Filling up the DagBag from /Users/naga/Desktop/airflow_env/lib/python3.12/site-packages/airflow/example_dags/example_setup_teardown_taskflow.py
[2026-06-21T21:55:41.906-0500] {processor.py:840} INFO - DAG(s) 'example_setup_teardown_taskflow' retrieved from /Users/naga/Desktop/airflow_env/lib/python3.12/site-packages/airflow/example_dags/example_setup_teardown_taskflow.py
[2026-06-21T21:55:41.981-0500] {logging_mixin.py:188} INFO - [2026-06-21T21:55:41.981-0500] {dag.py:3089} INFO - Sync 1 DAGs
[2026-06-21T21:55:41.994-0500] {logging_mixin.py:188} INFO - [2026-06-21T21:55:41.994-0500] {dag.py:3947} INFO - Setting next_dagrun for example_setup_teardown_taskflow to 2026-06-21 00:00:00+00:00, run_after=2026-06-22 00:00:00+00:00
[2026-06-21T21:55:42.010-0500] {processor.py:183} INFO - Processing /Users/naga/Desktop/airflow_env/lib/python3.12/site-packages/airflow/example_dags/example_setup_teardown_taskflow.py took 0.144 seconds
