[2026-06-21T19:47:28.638-0500] {processor.py:161} INFO - Started process (PID=61504) to work on /Users/naga/Desktop/airflow_env/lib/python3.12/site-packages/airflow/example_dags/example_setup_teardown.py
[2026-06-21T19:47:28.639-0500] {processor.py:830} INFO - Processing file /Users/naga/Desktop/airflow_env/lib/python3.12/site-packages/airflow/example_dags/example_setup_teardown.py for tasks to queue
[2026-06-21T19:47:28.640-0500] {logging_mixin.py:188} INFO - [2026-06-21T19:47:28.640-0500] {dagbag.py:545} INFO - Filling up the DagBag from /Users/naga/Desktop/airflow_env/lib/python3.12/site-packages/airflow/example_dags/example_setup_teardown.py
[2026-06-21T19:47:28.647-0500] {processor.py:840} INFO - DAG(s) 'example_setup_teardown' retrieved from /Users/naga/Desktop/airflow_env/lib/python3.12/site-packages/airflow/example_dags/example_setup_teardown.py
[2026-06-21T19:47:28.722-0500] {logging_mixin.py:188} INFO - [2026-06-21T19:47:28.722-0500] {dag.py:3089} INFO - Sync 1 DAGs
[2026-06-21T19:47:28.735-0500] {logging_mixin.py:188} INFO - [2026-06-21T19:47:28.735-0500] {dag.py:3947} INFO - Setting next_dagrun for example_setup_teardown to 2026-06-21 00:00:00+00:00, run_after=2026-06-22 00:00:00+00:00
[2026-06-21T19:47:28.748-0500] {processor.py:183} INFO - Processing /Users/naga/Desktop/airflow_env/lib/python3.12/site-packages/airflow/example_dags/example_setup_teardown.py took 0.112 seconds
[2026-06-21T19:48:57.865-0500] {processor.py:161} INFO - Started process (PID=61578) to work on /Users/naga/Desktop/airflow_env/lib/python3.12/site-packages/airflow/example_dags/example_setup_teardown.py
[2026-06-21T19:48:57.867-0500] {processor.py:830} INFO - Processing file /Users/naga/Desktop/airflow_env/lib/python3.12/site-packages/airflow/example_dags/example_setup_teardown.py for tasks to queue
[2026-06-21T19:48:57.867-0500] {logging_mixin.py:188} INFO - [2026-06-21T19:48:57.867-0500] {dagbag.py:545} INFO - Filling up the DagBag from /Users/naga/Desktop/airflow_env/lib/python3.12/site-packages/airflow/example_dags/example_setup_teardown.py
[2026-06-21T19:48:57.874-0500] {processor.py:840} INFO - DAG(s) 'example_setup_teardown' retrieved from /Users/naga/Desktop/airflow_env/lib/python3.12/site-packages/airflow/example_dags/example_setup_teardown.py
[2026-06-21T19:48:57.955-0500] {logging_mixin.py:188} INFO - [2026-06-21T19:48:57.955-0500] {dag.py:3089} INFO - Sync 1 DAGs
[2026-06-21T19:48:57.969-0500] {logging_mixin.py:188} INFO - [2026-06-21T19:48:57.968-0500] {dag.py:3947} INFO - Setting next_dagrun for example_setup_teardown to 2026-06-21 00:00:00+00:00, run_after=2026-06-22 00:00:00+00:00
[2026-06-21T19:48:57.983-0500] {processor.py:183} INFO - Processing /Users/naga/Desktop/airflow_env/lib/python3.12/site-packages/airflow/example_dags/example_setup_teardown.py took 0.120 seconds
[2026-06-21T19:50:34.535-0500] {processor.py:161} INFO - Started process (PID=61766) to work on /Users/naga/Desktop/airflow_env/lib/python3.12/site-packages/airflow/example_dags/example_setup_teardown.py
[2026-06-21T19:50:34.536-0500] {processor.py:830} INFO - Processing file /Users/naga/Desktop/airflow_env/lib/python3.12/site-packages/airflow/example_dags/example_setup_teardown.py for tasks to queue
[2026-06-21T19:50:34.536-0500] {logging_mixin.py:188} INFO - [2026-06-21T19:50:34.536-0500] {dagbag.py:545} INFO - Filling up the DagBag from /Users/naga/Desktop/airflow_env/lib/python3.12/site-packages/airflow/example_dags/example_setup_teardown.py
[2026-06-21T19:50:34.543-0500] {processor.py:840} INFO - DAG(s) 'example_setup_teardown' retrieved from /Users/naga/Desktop/airflow_env/lib/python3.12/site-packages/airflow/example_dags/example_setup_teardown.py
[2026-06-21T19:50:34.618-0500] {logging_mixin.py:188} INFO - [2026-06-21T19:50:34.617-0500] {dag.py:3089} INFO - Sync 1 DAGs
[2026-06-21T19:50:34.630-0500] {logging_mixin.py:188} INFO - [2026-06-21T19:50:34.630-0500] {dag.py:3947} INFO - Setting next_dagrun for example_setup_teardown to 2026-06-21 00:00:00+00:00, run_after=2026-06-22 00:00:00+00:00
[2026-06-21T19:50:34.643-0500] {processor.py:183} INFO - Processing /Users/naga/Desktop/airflow_env/lib/python3.12/site-packages/airflow/example_dags/example_setup_teardown.py took 0.111 seconds
[2026-06-21T19:52:03.687-0500] {processor.py:161} INFO - Started process (PID=61833) to work on /Users/naga/Desktop/airflow_env/lib/python3.12/site-packages/airflow/example_dags/example_setup_teardown.py
[2026-06-21T19:52:03.688-0500] {processor.py:830} INFO - Processing file /Users/naga/Desktop/airflow_env/lib/python3.12/site-packages/airflow/example_dags/example_setup_teardown.py for tasks to queue
[2026-06-21T19:52:03.689-0500] {logging_mixin.py:188} INFO - [2026-06-21T19:52:03.688-0500] {dagbag.py:545} INFO - Filling up the DagBag from /Users/naga/Desktop/airflow_env/lib/python3.12/site-packages/airflow/example_dags/example_setup_teardown.py
[2026-06-21T19:52:03.695-0500] {processor.py:840} INFO - DAG(s) 'example_setup_teardown' retrieved from /Users/naga/Desktop/airflow_env/lib/python3.12/site-packages/airflow/example_dags/example_setup_teardown.py
[2026-06-21T19:52:03.770-0500] {logging_mixin.py:188} INFO - [2026-06-21T19:52:03.769-0500] {dag.py:3089} INFO - Sync 1 DAGs
[2026-06-21T19:52:03.782-0500] {logging_mixin.py:188} INFO - [2026-06-21T19:52:03.782-0500] {dag.py:3947} INFO - Setting next_dagrun for example_setup_teardown to 2026-06-21 00:00:00+00:00, run_after=2026-06-22 00:00:00+00:00
[2026-06-21T19:52:03.796-0500] {processor.py:183} INFO - Processing /Users/naga/Desktop/airflow_env/lib/python3.12/site-packages/airflow/example_dags/example_setup_teardown.py took 0.111 seconds
[2026-06-21T19:53:28.786-0500] {processor.py:161} INFO - Started process (PID=61890) to work on /Users/naga/Desktop/airflow_env/lib/python3.12/site-packages/airflow/example_dags/example_setup_teardown.py
[2026-06-21T19:53:28.787-0500] {processor.py:830} INFO - Processing file /Users/naga/Desktop/airflow_env/lib/python3.12/site-packages/airflow/example_dags/example_setup_teardown.py for tasks to queue
[2026-06-21T19:53:28.787-0500] {logging_mixin.py:188} INFO - [2026-06-21T19:53:28.787-0500] {dagbag.py:545} INFO - Filling up the DagBag from /Users/naga/Desktop/airflow_env/lib/python3.12/site-packages/airflow/example_dags/example_setup_teardown.py
[2026-06-21T19:53:28.794-0500] {processor.py:840} INFO - DAG(s) 'example_setup_teardown' retrieved from /Users/naga/Desktop/airflow_env/lib/python3.12/site-packages/airflow/example_dags/example_setup_teardown.py
[2026-06-21T19:53:28.869-0500] {logging_mixin.py:188} INFO - [2026-06-21T19:53:28.869-0500] {dag.py:3089} INFO - Sync 1 DAGs
[2026-06-21T19:53:28.882-0500] {logging_mixin.py:188} INFO - [2026-06-21T19:53:28.881-0500] {dag.py:3947} INFO - Setting next_dagrun for example_setup_teardown to 2026-06-21 00:00:00+00:00, run_after=2026-06-22 00:00:00+00:00
[2026-06-21T19:53:28.895-0500] {processor.py:183} INFO - Processing /Users/naga/Desktop/airflow_env/lib/python3.12/site-packages/airflow/example_dags/example_setup_teardown.py took 0.111 seconds
[2026-06-21T19:54:52.306-0500] {processor.py:161} INFO - Started process (PID=61957) to work on /Users/naga/Desktop/airflow_env/lib/python3.12/site-packages/airflow/example_dags/example_setup_teardown.py
[2026-06-21T19:54:52.307-0500] {processor.py:830} INFO - Processing file /Users/naga/Desktop/airflow_env/lib/python3.12/site-packages/airflow/example_dags/example_setup_teardown.py for tasks to queue
[2026-06-21T19:54:52.307-0500] {logging_mixin.py:188} INFO - [2026-06-21T19:54:52.307-0500] {dagbag.py:545} INFO - Filling up the DagBag from /Users/naga/Desktop/airflow_env/lib/python3.12/site-packages/airflow/example_dags/example_setup_teardown.py
[2026-06-21T19:54:52.314-0500] {processor.py:840} INFO - DAG(s) 'example_setup_teardown' retrieved from /Users/naga/Desktop/airflow_env/lib/python3.12/site-packages/airflow/example_dags/example_setup_teardown.py
[2026-06-21T19:54:52.390-0500] {logging_mixin.py:188} INFO - [2026-06-21T19:54:52.390-0500] {dag.py:3089} INFO - Sync 1 DAGs
[2026-06-21T19:54:52.404-0500] {logging_mixin.py:188} INFO - [2026-06-21T19:54:52.403-0500] {dag.py:3947} INFO - Setting next_dagrun for example_setup_teardown to 2026-06-21 00:00:00+00:00, run_after=2026-06-22 00:00:00+00:00
[2026-06-21T19:54:52.417-0500] {processor.py:183} INFO - Processing /Users/naga/Desktop/airflow_env/lib/python3.12/site-packages/airflow/example_dags/example_setup_teardown.py took 0.114 seconds
[2026-06-21T19:57:47.097-0500] {processor.py:161} INFO - Started process (PID=62089) to work on /Users/naga/Desktop/airflow_env/lib/python3.12/site-packages/airflow/example_dags/example_setup_teardown.py
[2026-06-21T19:57:47.098-0500] {processor.py:830} INFO - Processing file /Users/naga/Desktop/airflow_env/lib/python3.12/site-packages/airflow/example_dags/example_setup_teardown.py for tasks to queue
[2026-06-21T19:57:47.099-0500] {logging_mixin.py:188} INFO - [2026-06-21T19:57:47.099-0500] {dagbag.py:545} INFO - Filling up the DagBag from /Users/naga/Desktop/airflow_env/lib/python3.12/site-packages/airflow/example_dags/example_setup_teardown.py
[2026-06-21T19:57:47.105-0500] {processor.py:840} INFO - DAG(s) 'example_setup_teardown' retrieved from /Users/naga/Desktop/airflow_env/lib/python3.12/site-packages/airflow/example_dags/example_setup_teardown.py
[2026-06-21T19:57:47.180-0500] {logging_mixin.py:188} INFO - [2026-06-21T19:57:47.180-0500] {dag.py:3089} INFO - Sync 1 DAGs
[2026-06-21T19:57:47.193-0500] {logging_mixin.py:188} INFO - [2026-06-21T19:57:47.193-0500] {dag.py:3947} INFO - Setting next_dagrun for example_setup_teardown to 2026-06-21 00:00:00+00:00, run_after=2026-06-22 00:00:00+00:00
[2026-06-21T19:57:47.206-0500] {processor.py:183} INFO - Processing /Users/naga/Desktop/airflow_env/lib/python3.12/site-packages/airflow/example_dags/example_setup_teardown.py took 0.111 seconds
[2026-06-21T19:59:12.326-0500] {processor.py:161} INFO - Started process (PID=62154) to work on /Users/naga/Desktop/airflow_env/lib/python3.12/site-packages/airflow/example_dags/example_setup_teardown.py
[2026-06-21T19:59:12.328-0500] {processor.py:830} INFO - Processing file /Users/naga/Desktop/airflow_env/lib/python3.12/site-packages/airflow/example_dags/example_setup_teardown.py for tasks to queue
[2026-06-21T19:59:12.328-0500] {logging_mixin.py:188} INFO - [2026-06-21T19:59:12.328-0500] {dagbag.py:545} INFO - Filling up the DagBag from /Users/naga/Desktop/airflow_env/lib/python3.12/site-packages/airflow/example_dags/example_setup_teardown.py
[2026-06-21T19:59:12.335-0500] {processor.py:840} INFO - DAG(s) 'example_setup_teardown' retrieved from /Users/naga/Desktop/airflow_env/lib/python3.12/site-packages/airflow/example_dags/example_setup_teardown.py
[2026-06-21T19:59:12.408-0500] {logging_mixin.py:188} INFO - [2026-06-21T19:59:12.408-0500] {dag.py:3089} INFO - Sync 1 DAGs
[2026-06-21T19:59:12.421-0500] {logging_mixin.py:188} INFO - [2026-06-21T19:59:12.421-0500] {dag.py:3947} INFO - Setting next_dagrun for example_setup_teardown to 2026-06-21 00:00:00+00:00, run_after=2026-06-22 00:00:00+00:00
[2026-06-21T19:59:12.434-0500] {processor.py:183} INFO - Processing /Users/naga/Desktop/airflow_env/lib/python3.12/site-packages/airflow/example_dags/example_setup_teardown.py took 0.110 seconds
[2026-06-21T20:00:38.541-0500] {processor.py:161} INFO - Started process (PID=62235) to work on /Users/naga/Desktop/airflow_env/lib/python3.12/site-packages/airflow/example_dags/example_setup_teardown.py
[2026-06-21T20:00:38.542-0500] {processor.py:830} INFO - Processing file /Users/naga/Desktop/airflow_env/lib/python3.12/site-packages/airflow/example_dags/example_setup_teardown.py for tasks to queue
[2026-06-21T20:00:38.543-0500] {logging_mixin.py:188} INFO - [2026-06-21T20:00:38.543-0500] {dagbag.py:545} INFO - Filling up the DagBag from /Users/naga/Desktop/airflow_env/lib/python3.12/site-packages/airflow/example_dags/example_setup_teardown.py
[2026-06-21T20:00:38.550-0500] {processor.py:840} INFO - DAG(s) 'example_setup_teardown' retrieved from /Users/naga/Desktop/airflow_env/lib/python3.12/site-packages/airflow/example_dags/example_setup_teardown.py
[2026-06-21T20:00:38.624-0500] {logging_mixin.py:188} INFO - [2026-06-21T20:00:38.624-0500] {dag.py:3089} INFO - Sync 1 DAGs
[2026-06-21T20:00:38.638-0500] {logging_mixin.py:188} INFO - [2026-06-21T20:00:38.638-0500] {dag.py:3947} INFO - Setting next_dagrun for example_setup_teardown to 2026-06-21 00:00:00+00:00, run_after=2026-06-22 00:00:00+00:00
[2026-06-21T20:00:38.651-0500] {processor.py:183} INFO - Processing /Users/naga/Desktop/airflow_env/lib/python3.12/site-packages/airflow/example_dags/example_setup_teardown.py took 0.112 seconds
[2026-06-21T20:02:05.294-0500] {processor.py:161} INFO - Started process (PID=62303) to work on /Users/naga/Desktop/airflow_env/lib/python3.12/site-packages/airflow/example_dags/example_setup_teardown.py
[2026-06-21T20:02:05.296-0500] {processor.py:830} INFO - Processing file /Users/naga/Desktop/airflow_env/lib/python3.12/site-packages/airflow/example_dags/example_setup_teardown.py for tasks to queue
[2026-06-21T20:02:05.296-0500] {logging_mixin.py:188} INFO - [2026-06-21T20:02:05.296-0500] {dagbag.py:545} INFO - Filling up the DagBag from /Users/naga/Desktop/airflow_env/lib/python3.12/site-packages/airflow/example_dags/example_setup_teardown.py
[2026-06-21T20:02:05.303-0500] {processor.py:840} INFO - DAG(s) 'example_setup_teardown' retrieved from /Users/naga/Desktop/airflow_env/lib/python3.12/site-packages/airflow/example_dags/example_setup_teardown.py
[2026-06-21T20:02:05.377-0500] {logging_mixin.py:188} INFO - [2026-06-21T20:02:05.377-0500] {dag.py:3089} INFO - Sync 1 DAGs
[2026-06-21T20:02:05.390-0500] {logging_mixin.py:188} INFO - [2026-06-21T20:02:05.390-0500] {dag.py:3947} INFO - Setting next_dagrun for example_setup_teardown to 2026-06-21 00:00:00+00:00, run_after=2026-06-22 00:00:00+00:00
[2026-06-21T20:02:05.403-0500] {processor.py:183} INFO - Processing /Users/naga/Desktop/airflow_env/lib/python3.12/site-packages/airflow/example_dags/example_setup_teardown.py took 0.111 seconds
[2026-06-21T20:03:31.713-0500] {processor.py:161} INFO - Started process (PID=62350) to work on /Users/naga/Desktop/airflow_env/lib/python3.12/site-packages/airflow/example_dags/example_setup_teardown.py
[2026-06-21T20:03:31.714-0500] {processor.py:830} INFO - Processing file /Users/naga/Desktop/airflow_env/lib/python3.12/site-packages/airflow/example_dags/example_setup_teardown.py for tasks to queue
[2026-06-21T20:03:31.714-0500] {logging_mixin.py:188} INFO - [2026-06-21T20:03:31.714-0500] {dagbag.py:545} INFO - Filling up the DagBag from /Users/naga/Desktop/airflow_env/lib/python3.12/site-packages/airflow/example_dags/example_setup_teardown.py
[2026-06-21T20:03:31.721-0500] {processor.py:840} INFO - DAG(s) 'example_setup_teardown' retrieved from /Users/naga/Desktop/airflow_env/lib/python3.12/site-packages/airflow/example_dags/example_setup_teardown.py
[2026-06-21T20:03:31.796-0500] {logging_mixin.py:188} INFO - [2026-06-21T20:03:31.796-0500] {dag.py:3089} INFO - Sync 1 DAGs
[2026-06-21T20:03:31.810-0500] {logging_mixin.py:188} INFO - [2026-06-21T20:03:31.810-0500] {dag.py:3947} INFO - Setting next_dagrun for example_setup_teardown to 2026-06-21 00:00:00+00:00, run_after=2026-06-22 00:00:00+00:00
[2026-06-21T20:03:31.824-0500] {processor.py:183} INFO - Processing /Users/naga/Desktop/airflow_env/lib/python3.12/site-packages/airflow/example_dags/example_setup_teardown.py took 0.113 seconds
[2026-06-21T20:04:58.131-0500] {processor.py:161} INFO - Started process (PID=62421) to work on /Users/naga/Desktop/airflow_env/lib/python3.12/site-packages/airflow/example_dags/example_setup_teardown.py
[2026-06-21T20:04:58.132-0500] {processor.py:830} INFO - Processing file /Users/naga/Desktop/airflow_env/lib/python3.12/site-packages/airflow/example_dags/example_setup_teardown.py for tasks to queue
[2026-06-21T20:04:58.133-0500] {logging_mixin.py:188} INFO - [2026-06-21T20:04:58.133-0500] {dagbag.py:545} INFO - Filling up the DagBag from /Users/naga/Desktop/airflow_env/lib/python3.12/site-packages/airflow/example_dags/example_setup_teardown.py
[2026-06-21T20:04:58.139-0500] {processor.py:840} INFO - DAG(s) 'example_setup_teardown' retrieved from /Users/naga/Desktop/airflow_env/lib/python3.12/site-packages/airflow/example_dags/example_setup_teardown.py
[2026-06-21T20:04:58.214-0500] {logging_mixin.py:188} INFO - [2026-06-21T20:04:58.214-0500] {dag.py:3089} INFO - Sync 1 DAGs
[2026-06-21T20:04:58.227-0500] {logging_mixin.py:188} INFO - [2026-06-21T20:04:58.227-0500] {dag.py:3947} INFO - Setting next_dagrun for example_setup_teardown to 2026-06-21 00:00:00+00:00, run_after=2026-06-22 00:00:00+00:00
[2026-06-21T20:04:58.241-0500] {processor.py:183} INFO - Processing /Users/naga/Desktop/airflow_env/lib/python3.12/site-packages/airflow/example_dags/example_setup_teardown.py took 0.112 seconds
[2026-06-21T20:06:24.413-0500] {processor.py:161} INFO - Started process (PID=62497) to work on /Users/naga/Desktop/airflow_env/lib/python3.12/site-packages/airflow/example_dags/example_setup_teardown.py
[2026-06-21T20:06:24.414-0500] {processor.py:830} INFO - Processing file /Users/naga/Desktop/airflow_env/lib/python3.12/site-packages/airflow/example_dags/example_setup_teardown.py for tasks to queue
[2026-06-21T20:06:24.415-0500] {logging_mixin.py:188} INFO - [2026-06-21T20:06:24.415-0500] {dagbag.py:545} INFO - Filling up the DagBag from /Users/naga/Desktop/airflow_env/lib/python3.12/site-packages/airflow/example_dags/example_setup_teardown.py
[2026-06-21T20:06:24.421-0500] {processor.py:840} INFO - DAG(s) 'example_setup_teardown' retrieved from /Users/naga/Desktop/airflow_env/lib/python3.12/site-packages/airflow/example_dags/example_setup_teardown.py
[2026-06-21T20:06:24.496-0500] {logging_mixin.py:188} INFO - [2026-06-21T20:06:24.496-0500] {dag.py:3089} INFO - Sync 1 DAGs
[2026-06-21T20:06:24.510-0500] {logging_mixin.py:188} INFO - [2026-06-21T20:06:24.509-0500] {dag.py:3947} INFO - Setting next_dagrun for example_setup_teardown to 2026-06-21 00:00:00+00:00, run_after=2026-06-22 00:00:00+00:00
[2026-06-21T20:06:24.522-0500] {processor.py:183} INFO - Processing /Users/naga/Desktop/airflow_env/lib/python3.12/site-packages/airflow/example_dags/example_setup_teardown.py took 0.111 seconds
[2026-06-21T20:07:56.840-0500] {processor.py:161} INFO - Started process (PID=62576) to work on /Users/naga/Desktop/airflow_env/lib/python3.12/site-packages/airflow/example_dags/example_setup_teardown.py
[2026-06-21T20:07:56.841-0500] {processor.py:830} INFO - Processing file /Users/naga/Desktop/airflow_env/lib/python3.12/site-packages/airflow/example_dags/example_setup_teardown.py for tasks to queue
[2026-06-21T20:07:56.842-0500] {logging_mixin.py:188} INFO - [2026-06-21T20:07:56.841-0500] {dagbag.py:545} INFO - Filling up the DagBag from /Users/naga/Desktop/airflow_env/lib/python3.12/site-packages/airflow/example_dags/example_setup_teardown.py
[2026-06-21T20:07:56.849-0500] {processor.py:840} INFO - DAG(s) 'example_setup_teardown' retrieved from /Users/naga/Desktop/airflow_env/lib/python3.12/site-packages/airflow/example_dags/example_setup_teardown.py
[2026-06-21T20:07:56.926-0500] {logging_mixin.py:188} INFO - [2026-06-21T20:07:56.926-0500] {dag.py:3089} INFO - Sync 1 DAGs
[2026-06-21T20:07:56.940-0500] {logging_mixin.py:188} INFO - [2026-06-21T20:07:56.940-0500] {dag.py:3947} INFO - Setting next_dagrun for example_setup_teardown to 2026-06-21 00:00:00+00:00, run_after=2026-06-22 00:00:00+00:00
[2026-06-21T20:07:56.954-0500] {processor.py:183} INFO - Processing /Users/naga/Desktop/airflow_env/lib/python3.12/site-packages/airflow/example_dags/example_setup_teardown.py took 0.116 seconds
[2026-06-21T20:36:53.248-0500] {processor.py:161} INFO - Started process (PID=62685) to work on /Users/naga/Desktop/airflow_env/lib/python3.12/site-packages/airflow/example_dags/example_setup_teardown.py
[2026-06-21T20:36:53.249-0500] {processor.py:830} INFO - Processing file /Users/naga/Desktop/airflow_env/lib/python3.12/site-packages/airflow/example_dags/example_setup_teardown.py for tasks to queue
[2026-06-21T20:36:53.250-0500] {logging_mixin.py:188} INFO - [2026-06-21T20:36:53.249-0500] {dagbag.py:545} INFO - Filling up the DagBag from /Users/naga/Desktop/airflow_env/lib/python3.12/site-packages/airflow/example_dags/example_setup_teardown.py
[2026-06-21T20:36:53.258-0500] {processor.py:840} INFO - DAG(s) 'example_setup_teardown' retrieved from /Users/naga/Desktop/airflow_env/lib/python3.12/site-packages/airflow/example_dags/example_setup_teardown.py
[2026-06-21T20:36:53.336-0500] {logging_mixin.py:188} INFO - [2026-06-21T20:36:53.336-0500] {dag.py:3089} INFO - Sync 1 DAGs
[2026-06-21T20:36:53.349-0500] {logging_mixin.py:188} INFO - [2026-06-21T20:36:53.349-0500] {dag.py:3947} INFO - Setting next_dagrun for example_setup_teardown to 2026-06-21 00:00:00+00:00, run_after=2026-06-22 00:00:00+00:00
[2026-06-21T20:36:53.362-0500] {processor.py:183} INFO - Processing /Users/naga/Desktop/airflow_env/lib/python3.12/site-packages/airflow/example_dags/example_setup_teardown.py took 0.117 seconds
[2026-06-21T20:38:25.835-0500] {processor.py:161} INFO - Started process (PID=62756) to work on /Users/naga/Desktop/airflow_env/lib/python3.12/site-packages/airflow/example_dags/example_setup_teardown.py
[2026-06-21T20:38:25.836-0500] {processor.py:830} INFO - Processing file /Users/naga/Desktop/airflow_env/lib/python3.12/site-packages/airflow/example_dags/example_setup_teardown.py for tasks to queue
[2026-06-21T20:38:25.836-0500] {logging_mixin.py:188} INFO - [2026-06-21T20:38:25.836-0500] {dagbag.py:545} INFO - Filling up the DagBag from /Users/naga/Desktop/airflow_env/lib/python3.12/site-packages/airflow/example_dags/example_setup_teardown.py
[2026-06-21T20:38:25.843-0500] {processor.py:840} INFO - DAG(s) 'example_setup_teardown' retrieved from /Users/naga/Desktop/airflow_env/lib/python3.12/site-packages/airflow/example_dags/example_setup_teardown.py
[2026-06-21T20:38:25.920-0500] {logging_mixin.py:188} INFO - [2026-06-21T20:38:25.920-0500] {dag.py:3089} INFO - Sync 1 DAGs
[2026-06-21T20:38:25.933-0500] {logging_mixin.py:188} INFO - [2026-06-21T20:38:25.933-0500] {dag.py:3947} INFO - Setting next_dagrun for example_setup_teardown to 2026-06-21 00:00:00+00:00, run_after=2026-06-22 00:00:00+00:00
[2026-06-21T20:38:25.947-0500] {processor.py:183} INFO - Processing /Users/naga/Desktop/airflow_env/lib/python3.12/site-packages/airflow/example_dags/example_setup_teardown.py took 0.114 seconds
[2026-06-21T20:39:57.281-0500] {processor.py:161} INFO - Started process (PID=62848) to work on /Users/naga/Desktop/airflow_env/lib/python3.12/site-packages/airflow/example_dags/example_setup_teardown.py
[2026-06-21T20:39:57.282-0500] {processor.py:830} INFO - Processing file /Users/naga/Desktop/airflow_env/lib/python3.12/site-packages/airflow/example_dags/example_setup_teardown.py for tasks to queue
[2026-06-21T20:39:57.283-0500] {logging_mixin.py:188} INFO - [2026-06-21T20:39:57.283-0500] {dagbag.py:545} INFO - Filling up the DagBag from /Users/naga/Desktop/airflow_env/lib/python3.12/site-packages/airflow/example_dags/example_setup_teardown.py
[2026-06-21T20:39:57.290-0500] {processor.py:840} INFO - DAG(s) 'example_setup_teardown' retrieved from /Users/naga/Desktop/airflow_env/lib/python3.12/site-packages/airflow/example_dags/example_setup_teardown.py
[2026-06-21T20:39:57.365-0500] {logging_mixin.py:188} INFO - [2026-06-21T20:39:57.364-0500] {dag.py:3089} INFO - Sync 1 DAGs
[2026-06-21T20:39:57.378-0500] {logging_mixin.py:188} INFO - [2026-06-21T20:39:57.378-0500] {dag.py:3947} INFO - Setting next_dagrun for example_setup_teardown to 2026-06-21 00:00:00+00:00, run_after=2026-06-22 00:00:00+00:00
[2026-06-21T20:39:57.391-0500] {processor.py:183} INFO - Processing /Users/naga/Desktop/airflow_env/lib/python3.12/site-packages/airflow/example_dags/example_setup_teardown.py took 0.112 seconds
[2026-06-21T20:41:32.876-0500] {processor.py:161} INFO - Started process (PID=63020) to work on /Users/naga/Desktop/airflow_env/lib/python3.12/site-packages/airflow/example_dags/example_setup_teardown.py
[2026-06-21T20:41:32.877-0500] {processor.py:830} INFO - Processing file /Users/naga/Desktop/airflow_env/lib/python3.12/site-packages/airflow/example_dags/example_setup_teardown.py for tasks to queue
[2026-06-21T20:41:32.878-0500] {logging_mixin.py:188} INFO - [2026-06-21T20:41:32.878-0500] {dagbag.py:545} INFO - Filling up the DagBag from /Users/naga/Desktop/airflow_env/lib/python3.12/site-packages/airflow/example_dags/example_setup_teardown.py
[2026-06-21T20:41:32.884-0500] {processor.py:840} INFO - DAG(s) 'example_setup_teardown' retrieved from /Users/naga/Desktop/airflow_env/lib/python3.12/site-packages/airflow/example_dags/example_setup_teardown.py
[2026-06-21T20:41:32.959-0500] {logging_mixin.py:188} INFO - [2026-06-21T20:41:32.958-0500] {dag.py:3089} INFO - Sync 1 DAGs
[2026-06-21T20:41:32.971-0500] {logging_mixin.py:188} INFO - [2026-06-21T20:41:32.971-0500] {dag.py:3947} INFO - Setting next_dagrun for example_setup_teardown to 2026-06-21 00:00:00+00:00, run_after=2026-06-22 00:00:00+00:00
[2026-06-21T20:41:32.984-0500] {processor.py:183} INFO - Processing /Users/naga/Desktop/airflow_env/lib/python3.12/site-packages/airflow/example_dags/example_setup_teardown.py took 0.110 seconds
[2026-06-21T20:43:03.049-0500] {processor.py:161} INFO - Started process (PID=63094) to work on /Users/naga/Desktop/airflow_env/lib/python3.12/site-packages/airflow/example_dags/example_setup_teardown.py
[2026-06-21T20:43:03.050-0500] {processor.py:830} INFO - Processing file /Users/naga/Desktop/airflow_env/lib/python3.12/site-packages/airflow/example_dags/example_setup_teardown.py for tasks to queue
[2026-06-21T20:43:03.050-0500] {logging_mixin.py:188} INFO - [2026-06-21T20:43:03.050-0500] {dagbag.py:545} INFO - Filling up the DagBag from /Users/naga/Desktop/airflow_env/lib/python3.12/site-packages/airflow/example_dags/example_setup_teardown.py
[2026-06-21T20:43:03.056-0500] {processor.py:840} INFO - DAG(s) 'example_setup_teardown' retrieved from /Users/naga/Desktop/airflow_env/lib/python3.12/site-packages/airflow/example_dags/example_setup_teardown.py
[2026-06-21T20:43:03.133-0500] {logging_mixin.py:188} INFO - [2026-06-21T20:43:03.132-0500] {dag.py:3089} INFO - Sync 1 DAGs
[2026-06-21T20:43:03.146-0500] {logging_mixin.py:188} INFO - [2026-06-21T20:43:03.146-0500] {dag.py:3947} INFO - Setting next_dagrun for example_setup_teardown to 2026-06-21 00:00:00+00:00, run_after=2026-06-22 00:00:00+00:00
[2026-06-21T20:43:03.159-0500] {processor.py:183} INFO - Processing /Users/naga/Desktop/airflow_env/lib/python3.12/site-packages/airflow/example_dags/example_setup_teardown.py took 0.112 seconds
[2026-06-21T20:44:27.651-0500] {processor.py:161} INFO - Started process (PID=63191) to work on /Users/naga/Desktop/airflow_env/lib/python3.12/site-packages/airflow/example_dags/example_setup_teardown.py
[2026-06-21T20:44:27.652-0500] {processor.py:830} INFO - Processing file /Users/naga/Desktop/airflow_env/lib/python3.12/site-packages/airflow/example_dags/example_setup_teardown.py for tasks to queue
[2026-06-21T20:44:27.652-0500] {logging_mixin.py:188} INFO - [2026-06-21T20:44:27.652-0500] {dagbag.py:545} INFO - Filling up the DagBag from /Users/naga/Desktop/airflow_env/lib/python3.12/site-packages/airflow/example_dags/example_setup_teardown.py
[2026-06-21T20:44:27.659-0500] {processor.py:840} INFO - DAG(s) 'example_setup_teardown' retrieved from /Users/naga/Desktop/airflow_env/lib/python3.12/site-packages/airflow/example_dags/example_setup_teardown.py
[2026-06-21T20:44:27.735-0500] {logging_mixin.py:188} INFO - [2026-06-21T20:44:27.735-0500] {dag.py:3089} INFO - Sync 1 DAGs
[2026-06-21T20:44:27.748-0500] {logging_mixin.py:188} INFO - [2026-06-21T20:44:27.748-0500] {dag.py:3947} INFO - Setting next_dagrun for example_setup_teardown to 2026-06-21 00:00:00+00:00, run_after=2026-06-22 00:00:00+00:00
[2026-06-21T20:44:27.761-0500] {processor.py:183} INFO - Processing /Users/naga/Desktop/airflow_env/lib/python3.12/site-packages/airflow/example_dags/example_setup_teardown.py took 0.113 seconds
[2026-06-21T20:45:54.876-0500] {processor.py:161} INFO - Started process (PID=63283) to work on /Users/naga/Desktop/airflow_env/lib/python3.12/site-packages/airflow/example_dags/example_setup_teardown.py
[2026-06-21T20:45:54.877-0500] {processor.py:830} INFO - Processing file /Users/naga/Desktop/airflow_env/lib/python3.12/site-packages/airflow/example_dags/example_setup_teardown.py for tasks to queue
[2026-06-21T20:45:54.877-0500] {logging_mixin.py:188} INFO - [2026-06-21T20:45:54.877-0500] {dagbag.py:545} INFO - Filling up the DagBag from /Users/naga/Desktop/airflow_env/lib/python3.12/site-packages/airflow/example_dags/example_setup_teardown.py
[2026-06-21T20:45:54.885-0500] {processor.py:840} INFO - DAG(s) 'example_setup_teardown' retrieved from /Users/naga/Desktop/airflow_env/lib/python3.12/site-packages/airflow/example_dags/example_setup_teardown.py
[2026-06-21T20:45:54.960-0500] {logging_mixin.py:188} INFO - [2026-06-21T20:45:54.960-0500] {dag.py:3089} INFO - Sync 1 DAGs
[2026-06-21T20:45:54.973-0500] {logging_mixin.py:188} INFO - [2026-06-21T20:45:54.973-0500] {dag.py:3947} INFO - Setting next_dagrun for example_setup_teardown to 2026-06-21 00:00:00+00:00, run_after=2026-06-22 00:00:00+00:00
[2026-06-21T20:45:54.986-0500] {processor.py:183} INFO - Processing /Users/naga/Desktop/airflow_env/lib/python3.12/site-packages/airflow/example_dags/example_setup_teardown.py took 0.113 seconds
[2026-06-21T20:48:43.064-0500] {processor.py:161} INFO - Started process (PID=63419) to work on /Users/naga/Desktop/airflow_env/lib/python3.12/site-packages/airflow/example_dags/example_setup_teardown.py
[2026-06-21T20:48:43.065-0500] {processor.py:830} INFO - Processing file /Users/naga/Desktop/airflow_env/lib/python3.12/site-packages/airflow/example_dags/example_setup_teardown.py for tasks to queue
[2026-06-21T20:48:43.066-0500] {logging_mixin.py:188} INFO - [2026-06-21T20:48:43.066-0500] {dagbag.py:545} INFO - Filling up the DagBag from /Users/naga/Desktop/airflow_env/lib/python3.12/site-packages/airflow/example_dags/example_setup_teardown.py
[2026-06-21T20:48:43.072-0500] {processor.py:840} INFO - DAG(s) 'example_setup_teardown' retrieved from /Users/naga/Desktop/airflow_env/lib/python3.12/site-packages/airflow/example_dags/example_setup_teardown.py
[2026-06-21T20:48:43.148-0500] {logging_mixin.py:188} INFO - [2026-06-21T20:48:43.148-0500] {dag.py:3089} INFO - Sync 1 DAGs
[2026-06-21T20:48:43.161-0500] {logging_mixin.py:188} INFO - [2026-06-21T20:48:43.161-0500] {dag.py:3947} INFO - Setting next_dagrun for example_setup_teardown to 2026-06-21 00:00:00+00:00, run_after=2026-06-22 00:00:00+00:00
[2026-06-21T20:48:43.174-0500] {processor.py:183} INFO - Processing /Users/naga/Desktop/airflow_env/lib/python3.12/site-packages/airflow/example_dags/example_setup_teardown.py took 0.112 seconds
[2026-06-21T20:50:08.867-0500] {processor.py:161} INFO - Started process (PID=63471) to work on /Users/naga/Desktop/airflow_env/lib/python3.12/site-packages/airflow/example_dags/example_setup_teardown.py
[2026-06-21T20:50:08.869-0500] {processor.py:830} INFO - Processing file /Users/naga/Desktop/airflow_env/lib/python3.12/site-packages/airflow/example_dags/example_setup_teardown.py for tasks to queue
[2026-06-21T20:50:08.869-0500] {logging_mixin.py:188} INFO - [2026-06-21T20:50:08.869-0500] {dagbag.py:545} INFO - Filling up the DagBag from /Users/naga/Desktop/airflow_env/lib/python3.12/site-packages/airflow/example_dags/example_setup_teardown.py
[2026-06-21T20:50:08.876-0500] {processor.py:840} INFO - DAG(s) 'example_setup_teardown' retrieved from /Users/naga/Desktop/airflow_env/lib/python3.12/site-packages/airflow/example_dags/example_setup_teardown.py
[2026-06-21T20:50:08.951-0500] {logging_mixin.py:188} INFO - [2026-06-21T20:50:08.951-0500] {dag.py:3089} INFO - Sync 1 DAGs
[2026-06-21T20:50:08.964-0500] {logging_mixin.py:188} INFO - [2026-06-21T20:50:08.964-0500] {dag.py:3947} INFO - Setting next_dagrun for example_setup_teardown to 2026-06-21 00:00:00+00:00, run_after=2026-06-22 00:00:00+00:00
[2026-06-21T20:50:08.977-0500] {processor.py:183} INFO - Processing /Users/naga/Desktop/airflow_env/lib/python3.12/site-packages/airflow/example_dags/example_setup_teardown.py took 0.112 seconds
[2026-06-21T20:51:37.363-0500] {processor.py:161} INFO - Started process (PID=63545) to work on /Users/naga/Desktop/airflow_env/lib/python3.12/site-packages/airflow/example_dags/example_setup_teardown.py
[2026-06-21T20:51:37.364-0500] {processor.py:830} INFO - Processing file /Users/naga/Desktop/airflow_env/lib/python3.12/site-packages/airflow/example_dags/example_setup_teardown.py for tasks to queue
[2026-06-21T20:51:37.365-0500] {logging_mixin.py:188} INFO - [2026-06-21T20:51:37.365-0500] {dagbag.py:545} INFO - Filling up the DagBag from /Users/naga/Desktop/airflow_env/lib/python3.12/site-packages/airflow/example_dags/example_setup_teardown.py
[2026-06-21T20:51:37.372-0500] {processor.py:840} INFO - DAG(s) 'example_setup_teardown' retrieved from /Users/naga/Desktop/airflow_env/lib/python3.12/site-packages/airflow/example_dags/example_setup_teardown.py
[2026-06-21T20:51:37.448-0500] {logging_mixin.py:188} INFO - [2026-06-21T20:51:37.448-0500] {dag.py:3089} INFO - Sync 1 DAGs
[2026-06-21T20:51:37.461-0500] {logging_mixin.py:188} INFO - [2026-06-21T20:51:37.461-0500] {dag.py:3947} INFO - Setting next_dagrun for example_setup_teardown to 2026-06-21 00:00:00+00:00, run_after=2026-06-22 00:00:00+00:00
[2026-06-21T20:51:37.474-0500] {processor.py:183} INFO - Processing /Users/naga/Desktop/airflow_env/lib/python3.12/site-packages/airflow/example_dags/example_setup_teardown.py took 0.113 seconds
[2026-06-21T20:53:06.287-0500] {processor.py:161} INFO - Started process (PID=63617) to work on /Users/naga/Desktop/airflow_env/lib/python3.12/site-packages/airflow/example_dags/example_setup_teardown.py
[2026-06-21T20:53:06.288-0500] {processor.py:830} INFO - Processing file /Users/naga/Desktop/airflow_env/lib/python3.12/site-packages/airflow/example_dags/example_setup_teardown.py for tasks to queue
[2026-06-21T20:53:06.289-0500] {logging_mixin.py:188} INFO - [2026-06-21T20:53:06.289-0500] {dagbag.py:545} INFO - Filling up the DagBag from /Users/naga/Desktop/airflow_env/lib/python3.12/site-packages/airflow/example_dags/example_setup_teardown.py
[2026-06-21T20:53:06.295-0500] {processor.py:840} INFO - DAG(s) 'example_setup_teardown' retrieved from /Users/naga/Desktop/airflow_env/lib/python3.12/site-packages/airflow/example_dags/example_setup_teardown.py
[2026-06-21T20:53:06.372-0500] {logging_mixin.py:188} INFO - [2026-06-21T20:53:06.372-0500] {dag.py:3089} INFO - Sync 1 DAGs
[2026-06-21T20:53:06.385-0500] {logging_mixin.py:188} INFO - [2026-06-21T20:53:06.385-0500] {dag.py:3947} INFO - Setting next_dagrun for example_setup_teardown to 2026-06-21 00:00:00+00:00, run_after=2026-06-22 00:00:00+00:00
[2026-06-21T20:53:06.398-0500] {processor.py:183} INFO - Processing /Users/naga/Desktop/airflow_env/lib/python3.12/site-packages/airflow/example_dags/example_setup_teardown.py took 0.113 seconds
[2026-06-21T20:54:38.682-0500] {processor.py:161} INFO - Started process (PID=63773) to work on /Users/naga/Desktop/airflow_env/lib/python3.12/site-packages/airflow/example_dags/example_setup_teardown.py
[2026-06-21T20:54:38.684-0500] {processor.py:830} INFO - Processing file /Users/naga/Desktop/airflow_env/lib/python3.12/site-packages/airflow/example_dags/example_setup_teardown.py for tasks to queue
[2026-06-21T20:54:38.685-0500] {logging_mixin.py:188} INFO - [2026-06-21T20:54:38.685-0500] {dagbag.py:545} INFO - Filling up the DagBag from /Users/naga/Desktop/airflow_env/lib/python3.12/site-packages/airflow/example_dags/example_setup_teardown.py
[2026-06-21T20:54:38.692-0500] {processor.py:840} INFO - DAG(s) 'example_setup_teardown' retrieved from /Users/naga/Desktop/airflow_env/lib/python3.12/site-packages/airflow/example_dags/example_setup_teardown.py
[2026-06-21T20:54:38.769-0500] {logging_mixin.py:188} INFO - [2026-06-21T20:54:38.769-0500] {dag.py:3089} INFO - Sync 1 DAGs
[2026-06-21T20:54:38.784-0500] {logging_mixin.py:188} INFO - [2026-06-21T20:54:38.784-0500] {dag.py:3947} INFO - Setting next_dagrun for example_setup_teardown to 2026-06-21 00:00:00+00:00, run_after=2026-06-22 00:00:00+00:00
[2026-06-21T20:54:38.798-0500] {processor.py:183} INFO - Processing /Users/naga/Desktop/airflow_env/lib/python3.12/site-packages/airflow/example_dags/example_setup_teardown.py took 0.118 seconds
[2026-06-21T20:56:06.024-0500] {processor.py:161} INFO - Started process (PID=63852) to work on /Users/naga/Desktop/airflow_env/lib/python3.12/site-packages/airflow/example_dags/example_setup_teardown.py
[2026-06-21T20:56:06.025-0500] {processor.py:830} INFO - Processing file /Users/naga/Desktop/airflow_env/lib/python3.12/site-packages/airflow/example_dags/example_setup_teardown.py for tasks to queue
[2026-06-21T20:56:06.025-0500] {logging_mixin.py:188} INFO - [2026-06-21T20:56:06.025-0500] {dagbag.py:545} INFO - Filling up the DagBag from /Users/naga/Desktop/airflow_env/lib/python3.12/site-packages/airflow/example_dags/example_setup_teardown.py
[2026-06-21T20:56:06.032-0500] {processor.py:840} INFO - DAG(s) 'example_setup_teardown' retrieved from /Users/naga/Desktop/airflow_env/lib/python3.12/site-packages/airflow/example_dags/example_setup_teardown.py
[2026-06-21T20:56:06.107-0500] {logging_mixin.py:188} INFO - [2026-06-21T20:56:06.107-0500] {dag.py:3089} INFO - Sync 1 DAGs
[2026-06-21T20:56:06.120-0500] {logging_mixin.py:188} INFO - [2026-06-21T20:56:06.120-0500] {dag.py:3947} INFO - Setting next_dagrun for example_setup_teardown to 2026-06-21 00:00:00+00:00, run_after=2026-06-22 00:00:00+00:00
[2026-06-21T20:56:06.134-0500] {processor.py:183} INFO - Processing /Users/naga/Desktop/airflow_env/lib/python3.12/site-packages/airflow/example_dags/example_setup_teardown.py took 0.113 seconds
[2026-06-21T20:57:32.186-0500] {processor.py:161} INFO - Started process (PID=63938) to work on /Users/naga/Desktop/airflow_env/lib/python3.12/site-packages/airflow/example_dags/example_setup_teardown.py
[2026-06-21T20:57:32.187-0500] {processor.py:830} INFO - Processing file /Users/naga/Desktop/airflow_env/lib/python3.12/site-packages/airflow/example_dags/example_setup_teardown.py for tasks to queue
[2026-06-21T20:57:32.187-0500] {logging_mixin.py:188} INFO - [2026-06-21T20:57:32.187-0500] {dagbag.py:545} INFO - Filling up the DagBag from /Users/naga/Desktop/airflow_env/lib/python3.12/site-packages/airflow/example_dags/example_setup_teardown.py
[2026-06-21T20:57:32.195-0500] {processor.py:840} INFO - DAG(s) 'example_setup_teardown' retrieved from /Users/naga/Desktop/airflow_env/lib/python3.12/site-packages/airflow/example_dags/example_setup_teardown.py
[2026-06-21T20:57:32.269-0500] {logging_mixin.py:188} INFO - [2026-06-21T20:57:32.269-0500] {dag.py:3089} INFO - Sync 1 DAGs
[2026-06-21T20:57:32.283-0500] {logging_mixin.py:188} INFO - [2026-06-21T20:57:32.283-0500] {dag.py:3947} INFO - Setting next_dagrun for example_setup_teardown to 2026-06-21 00:00:00+00:00, run_after=2026-06-22 00:00:00+00:00
[2026-06-21T20:57:32.297-0500] {processor.py:183} INFO - Processing /Users/naga/Desktop/airflow_env/lib/python3.12/site-packages/airflow/example_dags/example_setup_teardown.py took 0.113 seconds
[2026-06-21T20:59:00.812-0500] {processor.py:161} INFO - Started process (PID=64024) to work on /Users/naga/Desktop/airflow_env/lib/python3.12/site-packages/airflow/example_dags/example_setup_teardown.py
[2026-06-21T20:59:00.813-0500] {processor.py:830} INFO - Processing file /Users/naga/Desktop/airflow_env/lib/python3.12/site-packages/airflow/example_dags/example_setup_teardown.py for tasks to queue
[2026-06-21T20:59:00.814-0500] {logging_mixin.py:188} INFO - [2026-06-21T20:59:00.814-0500] {dagbag.py:545} INFO - Filling up the DagBag from /Users/naga/Desktop/airflow_env/lib/python3.12/site-packages/airflow/example_dags/example_setup_teardown.py
[2026-06-21T20:59:00.820-0500] {processor.py:840} INFO - DAG(s) 'example_setup_teardown' retrieved from /Users/naga/Desktop/airflow_env/lib/python3.12/site-packages/airflow/example_dags/example_setup_teardown.py
[2026-06-21T20:59:00.896-0500] {logging_mixin.py:188} INFO - [2026-06-21T20:59:00.896-0500] {dag.py:3089} INFO - Sync 1 DAGs
[2026-06-21T20:59:00.909-0500] {logging_mixin.py:188} INFO - [2026-06-21T20:59:00.909-0500] {dag.py:3947} INFO - Setting next_dagrun for example_setup_teardown to 2026-06-21 00:00:00+00:00, run_after=2026-06-22 00:00:00+00:00
[2026-06-21T20:59:00.922-0500] {processor.py:183} INFO - Processing /Users/naga/Desktop/airflow_env/lib/python3.12/site-packages/airflow/example_dags/example_setup_teardown.py took 0.112 seconds
[2026-06-21T21:42:41.166-0500] {processor.py:161} INFO - Started process (PID=64230) to work on /Users/naga/Desktop/airflow_env/lib/python3.12/site-packages/airflow/example_dags/example_setup_teardown.py
[2026-06-21T21:42:41.168-0500] {processor.py:830} INFO - Processing file /Users/naga/Desktop/airflow_env/lib/python3.12/site-packages/airflow/example_dags/example_setup_teardown.py for tasks to queue
[2026-06-21T21:42:41.168-0500] {logging_mixin.py:188} INFO - [2026-06-21T21:42:41.168-0500] {dagbag.py:545} INFO - Filling up the DagBag from /Users/naga/Desktop/airflow_env/lib/python3.12/site-packages/airflow/example_dags/example_setup_teardown.py
[2026-06-21T21:42:41.175-0500] {processor.py:840} INFO - DAG(s) 'example_setup_teardown' retrieved from /Users/naga/Desktop/airflow_env/lib/python3.12/site-packages/airflow/example_dags/example_setup_teardown.py
[2026-06-21T21:42:41.249-0500] {logging_mixin.py:188} INFO - [2026-06-21T21:42:41.249-0500] {dag.py:3089} INFO - Sync 1 DAGs
[2026-06-21T21:42:41.263-0500] {logging_mixin.py:188} INFO - [2026-06-21T21:42:41.263-0500] {dag.py:3947} INFO - Setting next_dagrun for example_setup_teardown to 2026-06-21 00:00:00+00:00, run_after=2026-06-22 00:00:00+00:00
[2026-06-21T21:42:41.277-0500] {processor.py:183} INFO - Processing /Users/naga/Desktop/airflow_env/lib/python3.12/site-packages/airflow/example_dags/example_setup_teardown.py took 0.113 seconds
[2026-06-21T21:44:27.798-0500] {processor.py:161} INFO - Started process (PID=64322) to work on /Users/naga/Desktop/airflow_env/lib/python3.12/site-packages/airflow/example_dags/example_setup_teardown.py
[2026-06-21T21:44:27.799-0500] {processor.py:830} INFO - Processing file /Users/naga/Desktop/airflow_env/lib/python3.12/site-packages/airflow/example_dags/example_setup_teardown.py for tasks to queue
[2026-06-21T21:44:27.800-0500] {logging_mixin.py:188} INFO - [2026-06-21T21:44:27.800-0500] {dagbag.py:545} INFO - Filling up the DagBag from /Users/naga/Desktop/airflow_env/lib/python3.12/site-packages/airflow/example_dags/example_setup_teardown.py
[2026-06-21T21:44:27.807-0500] {processor.py:840} INFO - DAG(s) 'example_setup_teardown' retrieved from /Users/naga/Desktop/airflow_env/lib/python3.12/site-packages/airflow/example_dags/example_setup_teardown.py
[2026-06-21T21:44:27.883-0500] {logging_mixin.py:188} INFO - [2026-06-21T21:44:27.883-0500] {dag.py:3089} INFO - Sync 1 DAGs
[2026-06-21T21:44:27.896-0500] {logging_mixin.py:188} INFO - [2026-06-21T21:44:27.896-0500] {dag.py:3947} INFO - Setting next_dagrun for example_setup_teardown to 2026-06-21 00:00:00+00:00, run_after=2026-06-22 00:00:00+00:00
[2026-06-21T21:44:27.910-0500] {processor.py:183} INFO - Processing /Users/naga/Desktop/airflow_env/lib/python3.12/site-packages/airflow/example_dags/example_setup_teardown.py took 0.114 seconds
[2026-06-21T21:46:03.454-0500] {processor.py:161} INFO - Started process (PID=64521) to work on /Users/naga/Desktop/airflow_env/lib/python3.12/site-packages/airflow/example_dags/example_setup_teardown.py
[2026-06-21T21:46:03.455-0500] {processor.py:830} INFO - Processing file /Users/naga/Desktop/airflow_env/lib/python3.12/site-packages/airflow/example_dags/example_setup_teardown.py for tasks to queue
[2026-06-21T21:46:03.456-0500] {logging_mixin.py:188} INFO - [2026-06-21T21:46:03.456-0500] {dagbag.py:545} INFO - Filling up the DagBag from /Users/naga/Desktop/airflow_env/lib/python3.12/site-packages/airflow/example_dags/example_setup_teardown.py
[2026-06-21T21:46:03.464-0500] {processor.py:840} INFO - DAG(s) 'example_setup_teardown' retrieved from /Users/naga/Desktop/airflow_env/lib/python3.12/site-packages/airflow/example_dags/example_setup_teardown.py
[2026-06-21T21:46:03.538-0500] {logging_mixin.py:188} INFO - [2026-06-21T21:46:03.538-0500] {dag.py:3089} INFO - Sync 1 DAGs
[2026-06-21T21:46:03.551-0500] {logging_mixin.py:188} INFO - [2026-06-21T21:46:03.551-0500] {dag.py:3947} INFO - Setting next_dagrun for example_setup_teardown to 2026-06-21 00:00:00+00:00, run_after=2026-06-22 00:00:00+00:00
[2026-06-21T21:46:03.564-0500] {processor.py:183} INFO - Processing /Users/naga/Desktop/airflow_env/lib/python3.12/site-packages/airflow/example_dags/example_setup_teardown.py took 0.113 seconds
[2026-06-21T21:48:07.191-0500] {processor.py:161} INFO - Started process (PID=64685) to work on /Users/naga/Desktop/airflow_env/lib/python3.12/site-packages/airflow/example_dags/example_setup_teardown.py
[2026-06-21T21:48:07.192-0500] {processor.py:830} INFO - Processing file /Users/naga/Desktop/airflow_env/lib/python3.12/site-packages/airflow/example_dags/example_setup_teardown.py for tasks to queue
[2026-06-21T21:48:07.193-0500] {logging_mixin.py:188} INFO - [2026-06-21T21:48:07.193-0500] {dagbag.py:545} INFO - Filling up the DagBag from /Users/naga/Desktop/airflow_env/lib/python3.12/site-packages/airflow/example_dags/example_setup_teardown.py
[2026-06-21T21:48:07.200-0500] {processor.py:840} INFO - DAG(s) 'example_setup_teardown' retrieved from /Users/naga/Desktop/airflow_env/lib/python3.12/site-packages/airflow/example_dags/example_setup_teardown.py
[2026-06-21T21:48:07.275-0500] {logging_mixin.py:188} INFO - [2026-06-21T21:48:07.275-0500] {dag.py:3089} INFO - Sync 1 DAGs
[2026-06-21T21:48:07.288-0500] {logging_mixin.py:188} INFO - [2026-06-21T21:48:07.288-0500] {dag.py:3947} INFO - Setting next_dagrun for example_setup_teardown to 2026-06-21 00:00:00+00:00, run_after=2026-06-22 00:00:00+00:00
[2026-06-21T21:48:07.301-0500] {processor.py:183} INFO - Processing /Users/naga/Desktop/airflow_env/lib/python3.12/site-packages/airflow/example_dags/example_setup_teardown.py took 0.112 seconds
[2026-06-21T21:49:40.058-0500] {processor.py:161} INFO - Started process (PID=64764) to work on /Users/naga/Desktop/airflow_env/lib/python3.12/site-packages/airflow/example_dags/example_setup_teardown.py
[2026-06-21T21:49:40.060-0500] {processor.py:830} INFO - Processing file /Users/naga/Desktop/airflow_env/lib/python3.12/site-packages/airflow/example_dags/example_setup_teardown.py for tasks to queue
[2026-06-21T21:49:40.060-0500] {logging_mixin.py:188} INFO - [2026-06-21T21:49:40.060-0500] {dagbag.py:545} INFO - Filling up the DagBag from /Users/naga/Desktop/airflow_env/lib/python3.12/site-packages/airflow/example_dags/example_setup_teardown.py
[2026-06-21T21:49:40.068-0500] {processor.py:840} INFO - DAG(s) 'example_setup_teardown' retrieved from /Users/naga/Desktop/airflow_env/lib/python3.12/site-packages/airflow/example_dags/example_setup_teardown.py
[2026-06-21T21:49:40.151-0500] {logging_mixin.py:188} INFO - [2026-06-21T21:49:40.151-0500] {dag.py:3089} INFO - Sync 1 DAGs
[2026-06-21T21:49:40.165-0500] {logging_mixin.py:188} INFO - [2026-06-21T21:49:40.165-0500] {dag.py:3947} INFO - Setting next_dagrun for example_setup_teardown to 2026-06-21 00:00:00+00:00, run_after=2026-06-22 00:00:00+00:00
[2026-06-21T21:49:40.179-0500] {processor.py:183} INFO - Processing /Users/naga/Desktop/airflow_env/lib/python3.12/site-packages/airflow/example_dags/example_setup_teardown.py took 0.123 seconds
[2026-06-21T21:51:40.770-0500] {processor.py:161} INFO - Started process (PID=64858) to work on /Users/naga/Desktop/airflow_env/lib/python3.12/site-packages/airflow/example_dags/example_setup_teardown.py
[2026-06-21T21:51:40.771-0500] {processor.py:830} INFO - Processing file /Users/naga/Desktop/airflow_env/lib/python3.12/site-packages/airflow/example_dags/example_setup_teardown.py for tasks to queue
[2026-06-21T21:51:40.771-0500] {logging_mixin.py:188} INFO - [2026-06-21T21:51:40.771-0500] {dagbag.py:545} INFO - Filling up the DagBag from /Users/naga/Desktop/airflow_env/lib/python3.12/site-packages/airflow/example_dags/example_setup_teardown.py
[2026-06-21T21:51:40.779-0500] {processor.py:840} INFO - DAG(s) 'example_setup_teardown' retrieved from /Users/naga/Desktop/airflow_env/lib/python3.12/site-packages/airflow/example_dags/example_setup_teardown.py
[2026-06-21T21:51:40.854-0500] {logging_mixin.py:188} INFO - [2026-06-21T21:51:40.854-0500] {dag.py:3089} INFO - Sync 1 DAGs
[2026-06-21T21:51:40.867-0500] {logging_mixin.py:188} INFO - [2026-06-21T21:51:40.867-0500] {dag.py:3947} INFO - Setting next_dagrun for example_setup_teardown to 2026-06-21 00:00:00+00:00, run_after=2026-06-22 00:00:00+00:00
[2026-06-21T21:51:40.880-0500] {processor.py:183} INFO - Processing /Users/naga/Desktop/airflow_env/lib/python3.12/site-packages/airflow/example_dags/example_setup_teardown.py took 0.113 seconds
[2026-06-21T21:53:52.798-0500] {processor.py:161} INFO - Started process (PID=64981) to work on /Users/naga/Desktop/airflow_env/lib/python3.12/site-packages/airflow/example_dags/example_setup_teardown.py
[2026-06-21T21:53:52.799-0500] {processor.py:830} INFO - Processing file /Users/naga/Desktop/airflow_env/lib/python3.12/site-packages/airflow/example_dags/example_setup_teardown.py for tasks to queue
[2026-06-21T21:53:52.800-0500] {logging_mixin.py:188} INFO - [2026-06-21T21:53:52.800-0500] {dagbag.py:545} INFO - Filling up the DagBag from /Users/naga/Desktop/airflow_env/lib/python3.12/site-packages/airflow/example_dags/example_setup_teardown.py
[2026-06-21T21:53:52.807-0500] {processor.py:840} INFO - DAG(s) 'example_setup_teardown' retrieved from /Users/naga/Desktop/airflow_env/lib/python3.12/site-packages/airflow/example_dags/example_setup_teardown.py
[2026-06-21T21:53:52.885-0500] {logging_mixin.py:188} INFO - [2026-06-21T21:53:52.885-0500] {dag.py:3089} INFO - Sync 1 DAGs
[2026-06-21T21:53:52.902-0500] {logging_mixin.py:188} INFO - [2026-06-21T21:53:52.902-0500] {dag.py:3947} INFO - Setting next_dagrun for example_setup_teardown to 2026-06-21 00:00:00+00:00, run_after=2026-06-22 00:00:00+00:00
[2026-06-21T21:53:52.916-0500] {processor.py:183} INFO - Processing /Users/naga/Desktop/airflow_env/lib/python3.12/site-packages/airflow/example_dags/example_setup_teardown.py took 0.121 seconds
[2026-06-21T21:55:44.070-0500] {processor.py:161} INFO - Started process (PID=65359) to work on /Users/naga/Desktop/airflow_env/lib/python3.12/site-packages/airflow/example_dags/example_setup_teardown.py
[2026-06-21T21:55:44.072-0500] {processor.py:830} INFO - Processing file /Users/naga/Desktop/airflow_env/lib/python3.12/site-packages/airflow/example_dags/example_setup_teardown.py for tasks to queue
[2026-06-21T21:55:44.072-0500] {logging_mixin.py:188} INFO - [2026-06-21T21:55:44.072-0500] {dagbag.py:545} INFO - Filling up the DagBag from /Users/naga/Desktop/airflow_env/lib/python3.12/site-packages/airflow/example_dags/example_setup_teardown.py
[2026-06-21T21:55:44.080-0500] {processor.py:840} INFO - DAG(s) 'example_setup_teardown' retrieved from /Users/naga/Desktop/airflow_env/lib/python3.12/site-packages/airflow/example_dags/example_setup_teardown.py
[2026-06-21T21:55:44.155-0500] {logging_mixin.py:188} INFO - [2026-06-21T21:55:44.155-0500] {dag.py:3089} INFO - Sync 1 DAGs
[2026-06-21T21:55:44.168-0500] {logging_mixin.py:188} INFO - [2026-06-21T21:55:44.168-0500] {dag.py:3947} INFO - Setting next_dagrun for example_setup_teardown to 2026-06-21 00:00:00+00:00, run_after=2026-06-22 00:00:00+00:00
[2026-06-21T21:55:44.181-0500] {processor.py:183} INFO - Processing /Users/naga/Desktop/airflow_env/lib/python3.12/site-packages/airflow/example_dags/example_setup_teardown.py took 0.113 seconds
