[2026-06-21T19:46:07.011-0500] {processor.py:161} INFO - Started process (PID=61452) to work on /Users/naga/Desktop/airflow_env/lib/python3.12/site-packages/airflow/example_dags/example_external_task_marker_dag.py
[2026-06-21T19:46:07.013-0500] {processor.py:830} INFO - Processing file /Users/naga/Desktop/airflow_env/lib/python3.12/site-packages/airflow/example_dags/example_external_task_marker_dag.py for tasks to queue
[2026-06-21T19:46:07.014-0500] {logging_mixin.py:188} INFO - [2026-06-21T19:46:07.013-0500] {dagbag.py:545} INFO - Filling up the DagBag from /Users/naga/Desktop/airflow_env/lib/python3.12/site-packages/airflow/example_dags/example_external_task_marker_dag.py
[2026-06-21T19:46:07.027-0500] {processor.py:840} INFO - DAG(s) 'example_external_task_marker_parent', 'example_external_task_marker_child' retrieved from /Users/naga/Desktop/airflow_env/lib/python3.12/site-packages/airflow/example_dags/example_external_task_marker_dag.py
[2026-06-21T19:46:07.112-0500] {logging_mixin.py:188} INFO - [2026-06-21T19:46:07.111-0500] {dag.py:3089} INFO - Sync 2 DAGs
[2026-06-21T19:46:07.120-0500] {logging_mixin.py:188} INFO - [2026-06-21T19:46:07.120-0500] {dag.py:3947} INFO - Setting next_dagrun for example_external_task_marker_child to None, run_after=None
[2026-06-21T19:46:07.122-0500] {logging_mixin.py:188} INFO - [2026-06-21T19:46:07.122-0500] {dag.py:3947} INFO - Setting next_dagrun for example_external_task_marker_parent to None, run_after=None
[2026-06-21T19:46:07.134-0500] {processor.py:183} INFO - Processing /Users/naga/Desktop/airflow_env/lib/python3.12/site-packages/airflow/example_dags/example_external_task_marker_dag.py took 0.125 seconds
[2026-06-21T19:49:04.926-0500] {processor.py:161} INFO - Started process (PID=61582) to work on /Users/naga/Desktop/airflow_env/lib/python3.12/site-packages/airflow/example_dags/example_external_task_marker_dag.py
[2026-06-21T19:49:04.928-0500] {processor.py:830} INFO - Processing file /Users/naga/Desktop/airflow_env/lib/python3.12/site-packages/airflow/example_dags/example_external_task_marker_dag.py for tasks to queue
[2026-06-21T19:49:04.928-0500] {logging_mixin.py:188} INFO - [2026-06-21T19:49:04.928-0500] {dagbag.py:545} INFO - Filling up the DagBag from /Users/naga/Desktop/airflow_env/lib/python3.12/site-packages/airflow/example_dags/example_external_task_marker_dag.py
[2026-06-21T19:49:04.941-0500] {processor.py:840} INFO - DAG(s) 'example_external_task_marker_parent', 'example_external_task_marker_child' retrieved from /Users/naga/Desktop/airflow_env/lib/python3.12/site-packages/airflow/example_dags/example_external_task_marker_dag.py
[2026-06-21T19:49:05.021-0500] {logging_mixin.py:188} INFO - [2026-06-21T19:49:05.021-0500] {dag.py:3089} INFO - Sync 2 DAGs
[2026-06-21T19:49:05.029-0500] {logging_mixin.py:188} INFO - [2026-06-21T19:49:05.029-0500] {dag.py:3947} INFO - Setting next_dagrun for example_external_task_marker_child to None, run_after=None
[2026-06-21T19:49:05.031-0500] {logging_mixin.py:188} INFO - [2026-06-21T19:49:05.031-0500] {dag.py:3947} INFO - Setting next_dagrun for example_external_task_marker_parent to None, run_after=None
[2026-06-21T19:49:05.045-0500] {processor.py:183} INFO - Processing /Users/naga/Desktop/airflow_env/lib/python3.12/site-packages/airflow/example_dags/example_external_task_marker_dag.py took 0.121 seconds
[2026-06-21T19:52:10.128-0500] {processor.py:161} INFO - Started process (PID=61837) to work on /Users/naga/Desktop/airflow_env/lib/python3.12/site-packages/airflow/example_dags/example_external_task_marker_dag.py
[2026-06-21T19:52:10.130-0500] {processor.py:830} INFO - Processing file /Users/naga/Desktop/airflow_env/lib/python3.12/site-packages/airflow/example_dags/example_external_task_marker_dag.py for tasks to queue
[2026-06-21T19:52:10.130-0500] {logging_mixin.py:188} INFO - [2026-06-21T19:52:10.130-0500] {dagbag.py:545} INFO - Filling up the DagBag from /Users/naga/Desktop/airflow_env/lib/python3.12/site-packages/airflow/example_dags/example_external_task_marker_dag.py
[2026-06-21T19:52:10.140-0500] {processor.py:840} INFO - DAG(s) 'example_external_task_marker_parent', 'example_external_task_marker_child' retrieved from /Users/naga/Desktop/airflow_env/lib/python3.12/site-packages/airflow/example_dags/example_external_task_marker_dag.py
[2026-06-21T19:52:10.219-0500] {logging_mixin.py:188} INFO - [2026-06-21T19:52:10.219-0500] {dag.py:3089} INFO - Sync 2 DAGs
[2026-06-21T19:52:10.227-0500] {logging_mixin.py:188} INFO - [2026-06-21T19:52:10.227-0500] {dag.py:3947} INFO - Setting next_dagrun for example_external_task_marker_child to None, run_after=None
[2026-06-21T19:52:10.229-0500] {logging_mixin.py:188} INFO - [2026-06-21T19:52:10.229-0500] {dag.py:3947} INFO - Setting next_dagrun for example_external_task_marker_parent to None, run_after=None
[2026-06-21T19:52:10.241-0500] {processor.py:183} INFO - Processing /Users/naga/Desktop/airflow_env/lib/python3.12/site-packages/airflow/example_dags/example_external_task_marker_dag.py took 0.115 seconds
[2026-06-21T19:54:58.752-0500] {processor.py:161} INFO - Started process (PID=61963) to work on /Users/naga/Desktop/airflow_env/lib/python3.12/site-packages/airflow/example_dags/example_external_task_marker_dag.py
[2026-06-21T19:54:58.753-0500] {processor.py:830} INFO - Processing file /Users/naga/Desktop/airflow_env/lib/python3.12/site-packages/airflow/example_dags/example_external_task_marker_dag.py for tasks to queue
[2026-06-21T19:54:58.754-0500] {logging_mixin.py:188} INFO - [2026-06-21T19:54:58.754-0500] {dagbag.py:545} INFO - Filling up the DagBag from /Users/naga/Desktop/airflow_env/lib/python3.12/site-packages/airflow/example_dags/example_external_task_marker_dag.py
[2026-06-21T19:54:58.764-0500] {processor.py:840} INFO - DAG(s) 'example_external_task_marker_parent', 'example_external_task_marker_child' retrieved from /Users/naga/Desktop/airflow_env/lib/python3.12/site-packages/airflow/example_dags/example_external_task_marker_dag.py
[2026-06-21T19:54:58.844-0500] {logging_mixin.py:188} INFO - [2026-06-21T19:54:58.843-0500] {dag.py:3089} INFO - Sync 2 DAGs
[2026-06-21T19:54:58.852-0500] {logging_mixin.py:188} INFO - [2026-06-21T19:54:58.852-0500] {dag.py:3947} INFO - Setting next_dagrun for example_external_task_marker_child to None, run_after=None
[2026-06-21T19:54:58.854-0500] {logging_mixin.py:188} INFO - [2026-06-21T19:54:58.854-0500] {dag.py:3947} INFO - Setting next_dagrun for example_external_task_marker_parent to None, run_after=None
[2026-06-21T19:54:58.866-0500] {processor.py:183} INFO - Processing /Users/naga/Desktop/airflow_env/lib/python3.12/site-packages/airflow/example_dags/example_external_task_marker_dag.py took 0.116 seconds
[2026-06-21T19:57:53.633-0500] {processor.py:161} INFO - Started process (PID=62110) to work on /Users/naga/Desktop/airflow_env/lib/python3.12/site-packages/airflow/example_dags/example_external_task_marker_dag.py
[2026-06-21T19:57:53.634-0500] {processor.py:830} INFO - Processing file /Users/naga/Desktop/airflow_env/lib/python3.12/site-packages/airflow/example_dags/example_external_task_marker_dag.py for tasks to queue
[2026-06-21T19:57:53.635-0500] {logging_mixin.py:188} INFO - [2026-06-21T19:57:53.635-0500] {dagbag.py:545} INFO - Filling up the DagBag from /Users/naga/Desktop/airflow_env/lib/python3.12/site-packages/airflow/example_dags/example_external_task_marker_dag.py
[2026-06-21T19:57:53.645-0500] {processor.py:840} INFO - DAG(s) 'example_external_task_marker_child', 'example_external_task_marker_parent' retrieved from /Users/naga/Desktop/airflow_env/lib/python3.12/site-packages/airflow/example_dags/example_external_task_marker_dag.py
[2026-06-21T19:57:53.723-0500] {logging_mixin.py:188} INFO - [2026-06-21T19:57:53.723-0500] {dag.py:3089} INFO - Sync 2 DAGs
[2026-06-21T19:57:53.731-0500] {logging_mixin.py:188} INFO - [2026-06-21T19:57:53.731-0500] {dag.py:3947} INFO - Setting next_dagrun for example_external_task_marker_child to None, run_after=None
[2026-06-21T19:57:53.735-0500] {logging_mixin.py:188} INFO - [2026-06-21T19:57:53.734-0500] {dag.py:3947} INFO - Setting next_dagrun for example_external_task_marker_parent to None, run_after=None
[2026-06-21T19:57:53.747-0500] {processor.py:183} INFO - Processing /Users/naga/Desktop/airflow_env/lib/python3.12/site-packages/airflow/example_dags/example_external_task_marker_dag.py took 0.116 seconds
[2026-06-21T20:00:47.588-0500] {processor.py:161} INFO - Started process (PID=62240) to work on /Users/naga/Desktop/airflow_env/lib/python3.12/site-packages/airflow/example_dags/example_external_task_marker_dag.py
[2026-06-21T20:00:47.589-0500] {processor.py:830} INFO - Processing file /Users/naga/Desktop/airflow_env/lib/python3.12/site-packages/airflow/example_dags/example_external_task_marker_dag.py for tasks to queue
[2026-06-21T20:00:47.589-0500] {logging_mixin.py:188} INFO - [2026-06-21T20:00:47.589-0500] {dagbag.py:545} INFO - Filling up the DagBag from /Users/naga/Desktop/airflow_env/lib/python3.12/site-packages/airflow/example_dags/example_external_task_marker_dag.py
[2026-06-21T20:00:47.599-0500] {processor.py:840} INFO - DAG(s) 'example_external_task_marker_parent', 'example_external_task_marker_child' retrieved from /Users/naga/Desktop/airflow_env/lib/python3.12/site-packages/airflow/example_dags/example_external_task_marker_dag.py
[2026-06-21T20:00:47.677-0500] {logging_mixin.py:188} INFO - [2026-06-21T20:00:47.677-0500] {dag.py:3089} INFO - Sync 2 DAGs
[2026-06-21T20:00:47.685-0500] {logging_mixin.py:188} INFO - [2026-06-21T20:00:47.685-0500] {dag.py:3947} INFO - Setting next_dagrun for example_external_task_marker_child to None, run_after=None
[2026-06-21T20:00:47.687-0500] {logging_mixin.py:188} INFO - [2026-06-21T20:00:47.687-0500] {dag.py:3947} INFO - Setting next_dagrun for example_external_task_marker_parent to None, run_after=None
[2026-06-21T20:00:47.699-0500] {processor.py:183} INFO - Processing /Users/naga/Desktop/airflow_env/lib/python3.12/site-packages/airflow/example_dags/example_external_task_marker_dag.py took 0.114 seconds
[2026-06-21T20:03:38.259-0500] {processor.py:161} INFO - Started process (PID=62354) to work on /Users/naga/Desktop/airflow_env/lib/python3.12/site-packages/airflow/example_dags/example_external_task_marker_dag.py
[2026-06-21T20:03:38.260-0500] {processor.py:830} INFO - Processing file /Users/naga/Desktop/airflow_env/lib/python3.12/site-packages/airflow/example_dags/example_external_task_marker_dag.py for tasks to queue
[2026-06-21T20:03:38.261-0500] {logging_mixin.py:188} INFO - [2026-06-21T20:03:38.261-0500] {dagbag.py:545} INFO - Filling up the DagBag from /Users/naga/Desktop/airflow_env/lib/python3.12/site-packages/airflow/example_dags/example_external_task_marker_dag.py
[2026-06-21T20:03:38.271-0500] {processor.py:840} INFO - DAG(s) 'example_external_task_marker_parent', 'example_external_task_marker_child' retrieved from /Users/naga/Desktop/airflow_env/lib/python3.12/site-packages/airflow/example_dags/example_external_task_marker_dag.py
[2026-06-21T20:03:38.351-0500] {logging_mixin.py:188} INFO - [2026-06-21T20:03:38.350-0500] {dag.py:3089} INFO - Sync 2 DAGs
[2026-06-21T20:03:38.359-0500] {logging_mixin.py:188} INFO - [2026-06-21T20:03:38.359-0500] {dag.py:3947} INFO - Setting next_dagrun for example_external_task_marker_child to None, run_after=None
[2026-06-21T20:03:38.361-0500] {logging_mixin.py:188} INFO - [2026-06-21T20:03:38.361-0500] {dag.py:3947} INFO - Setting next_dagrun for example_external_task_marker_parent to None, run_after=None
[2026-06-21T20:03:38.373-0500] {processor.py:183} INFO - Processing /Users/naga/Desktop/airflow_env/lib/python3.12/site-packages/airflow/example_dags/example_external_task_marker_dag.py took 0.116 seconds
[2026-06-21T20:06:33.451-0500] {processor.py:161} INFO - Started process (PID=62502) to work on /Users/naga/Desktop/airflow_env/lib/python3.12/site-packages/airflow/example_dags/example_external_task_marker_dag.py
[2026-06-21T20:06:33.452-0500] {processor.py:830} INFO - Processing file /Users/naga/Desktop/airflow_env/lib/python3.12/site-packages/airflow/example_dags/example_external_task_marker_dag.py for tasks to queue
[2026-06-21T20:06:33.453-0500] {logging_mixin.py:188} INFO - [2026-06-21T20:06:33.453-0500] {dagbag.py:545} INFO - Filling up the DagBag from /Users/naga/Desktop/airflow_env/lib/python3.12/site-packages/airflow/example_dags/example_external_task_marker_dag.py
[2026-06-21T20:06:33.463-0500] {processor.py:840} INFO - DAG(s) 'example_external_task_marker_parent', 'example_external_task_marker_child' retrieved from /Users/naga/Desktop/airflow_env/lib/python3.12/site-packages/airflow/example_dags/example_external_task_marker_dag.py
[2026-06-21T20:06:33.541-0500] {logging_mixin.py:188} INFO - [2026-06-21T20:06:33.541-0500] {dag.py:3089} INFO - Sync 2 DAGs
[2026-06-21T20:06:33.549-0500] {logging_mixin.py:188} INFO - [2026-06-21T20:06:33.549-0500] {dag.py:3947} INFO - Setting next_dagrun for example_external_task_marker_child to None, run_after=None
[2026-06-21T20:06:33.552-0500] {logging_mixin.py:188} INFO - [2026-06-21T20:06:33.551-0500] {dag.py:3947} INFO - Setting next_dagrun for example_external_task_marker_parent to None, run_after=None
[2026-06-21T20:06:33.563-0500] {processor.py:183} INFO - Processing /Users/naga/Desktop/airflow_env/lib/python3.12/site-packages/airflow/example_dags/example_external_task_marker_dag.py took 0.115 seconds
[2026-06-21T20:37:02.295-0500] {processor.py:161} INFO - Started process (PID=62698) to work on /Users/naga/Desktop/airflow_env/lib/python3.12/site-packages/airflow/example_dags/example_external_task_marker_dag.py
[2026-06-21T20:37:02.296-0500] {processor.py:830} INFO - Processing file /Users/naga/Desktop/airflow_env/lib/python3.12/site-packages/airflow/example_dags/example_external_task_marker_dag.py for tasks to queue
[2026-06-21T20:37:02.297-0500] {logging_mixin.py:188} INFO - [2026-06-21T20:37:02.297-0500] {dagbag.py:545} INFO - Filling up the DagBag from /Users/naga/Desktop/airflow_env/lib/python3.12/site-packages/airflow/example_dags/example_external_task_marker_dag.py
[2026-06-21T20:37:02.307-0500] {processor.py:840} INFO - DAG(s) 'example_external_task_marker_parent', 'example_external_task_marker_child' retrieved from /Users/naga/Desktop/airflow_env/lib/python3.12/site-packages/airflow/example_dags/example_external_task_marker_dag.py
[2026-06-21T20:37:02.386-0500] {logging_mixin.py:188} INFO - [2026-06-21T20:37:02.385-0500] {dag.py:3089} INFO - Sync 2 DAGs
[2026-06-21T20:37:02.394-0500] {logging_mixin.py:188} INFO - [2026-06-21T20:37:02.394-0500] {dag.py:3947} INFO - Setting next_dagrun for example_external_task_marker_child to None, run_after=None
[2026-06-21T20:37:02.396-0500] {logging_mixin.py:188} INFO - [2026-06-21T20:37:02.396-0500] {dag.py:3947} INFO - Setting next_dagrun for example_external_task_marker_parent to None, run_after=None
[2026-06-21T20:37:02.408-0500] {processor.py:183} INFO - Processing /Users/naga/Desktop/airflow_env/lib/python3.12/site-packages/airflow/example_dags/example_external_task_marker_dag.py took 0.115 seconds
[2026-06-21T20:40:07.973-0500] {processor.py:161} INFO - Started process (PID=62853) to work on /Users/naga/Desktop/airflow_env/lib/python3.12/site-packages/airflow/example_dags/example_external_task_marker_dag.py
[2026-06-21T20:40:07.976-0500] {processor.py:830} INFO - Processing file /Users/naga/Desktop/airflow_env/lib/python3.12/site-packages/airflow/example_dags/example_external_task_marker_dag.py for tasks to queue
[2026-06-21T20:40:07.977-0500] {logging_mixin.py:188} INFO - [2026-06-21T20:40:07.977-0500] {dagbag.py:545} INFO - Filling up the DagBag from /Users/naga/Desktop/airflow_env/lib/python3.12/site-packages/airflow/example_dags/example_external_task_marker_dag.py
[2026-06-21T20:40:07.988-0500] {processor.py:840} INFO - DAG(s) 'example_external_task_marker_parent', 'example_external_task_marker_child' retrieved from /Users/naga/Desktop/airflow_env/lib/python3.12/site-packages/airflow/example_dags/example_external_task_marker_dag.py
[2026-06-21T20:40:08.068-0500] {logging_mixin.py:188} INFO - [2026-06-21T20:40:08.067-0500] {dag.py:3089} INFO - Sync 2 DAGs
[2026-06-21T20:40:08.076-0500] {logging_mixin.py:188} INFO - [2026-06-21T20:40:08.075-0500] {dag.py:3947} INFO - Setting next_dagrun for example_external_task_marker_child to None, run_after=None
[2026-06-21T20:40:08.078-0500] {logging_mixin.py:188} INFO - [2026-06-21T20:40:08.078-0500] {dag.py:3947} INFO - Setting next_dagrun for example_external_task_marker_parent to None, run_after=None
[2026-06-21T20:40:08.090-0500] {processor.py:183} INFO - Processing /Users/naga/Desktop/airflow_env/lib/python3.12/site-packages/airflow/example_dags/example_external_task_marker_dag.py took 0.119 seconds
[2026-06-21T20:43:09.072-0500] {processor.py:161} INFO - Started process (PID=63098) to work on /Users/naga/Desktop/airflow_env/lib/python3.12/site-packages/airflow/example_dags/example_external_task_marker_dag.py
[2026-06-21T20:43:09.073-0500] {processor.py:830} INFO - Processing file /Users/naga/Desktop/airflow_env/lib/python3.12/site-packages/airflow/example_dags/example_external_task_marker_dag.py for tasks to queue
[2026-06-21T20:43:09.074-0500] {logging_mixin.py:188} INFO - [2026-06-21T20:43:09.074-0500] {dagbag.py:545} INFO - Filling up the DagBag from /Users/naga/Desktop/airflow_env/lib/python3.12/site-packages/airflow/example_dags/example_external_task_marker_dag.py
[2026-06-21T20:43:09.084-0500] {processor.py:840} INFO - DAG(s) 'example_external_task_marker_parent', 'example_external_task_marker_child' retrieved from /Users/naga/Desktop/airflow_env/lib/python3.12/site-packages/airflow/example_dags/example_external_task_marker_dag.py
[2026-06-21T20:43:09.163-0500] {logging_mixin.py:188} INFO - [2026-06-21T20:43:09.163-0500] {dag.py:3089} INFO - Sync 2 DAGs
[2026-06-21T20:43:09.171-0500] {logging_mixin.py:188} INFO - [2026-06-21T20:43:09.171-0500] {dag.py:3947} INFO - Setting next_dagrun for example_external_task_marker_child to None, run_after=None
[2026-06-21T20:43:09.173-0500] {logging_mixin.py:188} INFO - [2026-06-21T20:43:09.173-0500] {dag.py:3947} INFO - Setting next_dagrun for example_external_task_marker_parent to None, run_after=None
[2026-06-21T20:43:09.185-0500] {processor.py:183} INFO - Processing /Users/naga/Desktop/airflow_env/lib/python3.12/site-packages/airflow/example_dags/example_external_task_marker_dag.py took 0.115 seconds
[2026-06-21T20:46:01.326-0500] {processor.py:161} INFO - Started process (PID=63287) to work on /Users/naga/Desktop/airflow_env/lib/python3.12/site-packages/airflow/example_dags/example_external_task_marker_dag.py
[2026-06-21T20:46:01.327-0500] {processor.py:830} INFO - Processing file /Users/naga/Desktop/airflow_env/lib/python3.12/site-packages/airflow/example_dags/example_external_task_marker_dag.py for tasks to queue
[2026-06-21T20:46:01.328-0500] {logging_mixin.py:188} INFO - [2026-06-21T20:46:01.328-0500] {dagbag.py:545} INFO - Filling up the DagBag from /Users/naga/Desktop/airflow_env/lib/python3.12/site-packages/airflow/example_dags/example_external_task_marker_dag.py
[2026-06-21T20:46:01.338-0500] {processor.py:840} INFO - DAG(s) 'example_external_task_marker_child', 'example_external_task_marker_parent' retrieved from /Users/naga/Desktop/airflow_env/lib/python3.12/site-packages/airflow/example_dags/example_external_task_marker_dag.py
[2026-06-21T20:46:01.417-0500] {logging_mixin.py:188} INFO - [2026-06-21T20:46:01.417-0500] {dag.py:3089} INFO - Sync 2 DAGs
[2026-06-21T20:46:01.425-0500] {logging_mixin.py:188} INFO - [2026-06-21T20:46:01.425-0500] {dag.py:3947} INFO - Setting next_dagrun for example_external_task_marker_child to None, run_after=None
[2026-06-21T20:46:01.427-0500] {logging_mixin.py:188} INFO - [2026-06-21T20:46:01.427-0500] {dag.py:3947} INFO - Setting next_dagrun for example_external_task_marker_parent to None, run_after=None
[2026-06-21T20:46:01.439-0500] {processor.py:183} INFO - Processing /Users/naga/Desktop/airflow_env/lib/python3.12/site-packages/airflow/example_dags/example_external_task_marker_dag.py took 0.115 seconds
[2026-06-21T20:48:50.167-0500] {processor.py:161} INFO - Started process (PID=63424) to work on /Users/naga/Desktop/airflow_env/lib/python3.12/site-packages/airflow/example_dags/example_external_task_marker_dag.py
[2026-06-21T20:48:50.168-0500] {processor.py:830} INFO - Processing file /Users/naga/Desktop/airflow_env/lib/python3.12/site-packages/airflow/example_dags/example_external_task_marker_dag.py for tasks to queue
[2026-06-21T20:48:50.169-0500] {logging_mixin.py:188} INFO - [2026-06-21T20:48:50.169-0500] {dagbag.py:545} INFO - Filling up the DagBag from /Users/naga/Desktop/airflow_env/lib/python3.12/site-packages/airflow/example_dags/example_external_task_marker_dag.py
[2026-06-21T20:48:50.179-0500] {processor.py:840} INFO - DAG(s) 'example_external_task_marker_child', 'example_external_task_marker_parent' retrieved from /Users/naga/Desktop/airflow_env/lib/python3.12/site-packages/airflow/example_dags/example_external_task_marker_dag.py
[2026-06-21T20:48:50.258-0500] {logging_mixin.py:188} INFO - [2026-06-21T20:48:50.257-0500] {dag.py:3089} INFO - Sync 2 DAGs
[2026-06-21T20:48:50.266-0500] {logging_mixin.py:188} INFO - [2026-06-21T20:48:50.265-0500] {dag.py:3947} INFO - Setting next_dagrun for example_external_task_marker_child to None, run_after=None
[2026-06-21T20:48:50.268-0500] {logging_mixin.py:188} INFO - [2026-06-21T20:48:50.268-0500] {dag.py:3947} INFO - Setting next_dagrun for example_external_task_marker_parent to None, run_after=None
[2026-06-21T20:48:50.280-0500] {processor.py:183} INFO - Processing /Users/naga/Desktop/airflow_env/lib/python3.12/site-packages/airflow/example_dags/example_external_task_marker_dag.py took 0.115 seconds
[2026-06-21T20:51:46.487-0500] {processor.py:161} INFO - Started process (PID=63550) to work on /Users/naga/Desktop/airflow_env/lib/python3.12/site-packages/airflow/example_dags/example_external_task_marker_dag.py
[2026-06-21T20:51:46.488-0500] {processor.py:830} INFO - Processing file /Users/naga/Desktop/airflow_env/lib/python3.12/site-packages/airflow/example_dags/example_external_task_marker_dag.py for tasks to queue
[2026-06-21T20:51:46.488-0500] {logging_mixin.py:188} INFO - [2026-06-21T20:51:46.488-0500] {dagbag.py:545} INFO - Filling up the DagBag from /Users/naga/Desktop/airflow_env/lib/python3.12/site-packages/airflow/example_dags/example_external_task_marker_dag.py
[2026-06-21T20:51:46.498-0500] {processor.py:840} INFO - DAG(s) 'example_external_task_marker_child', 'example_external_task_marker_parent' retrieved from /Users/naga/Desktop/airflow_env/lib/python3.12/site-packages/airflow/example_dags/example_external_task_marker_dag.py
[2026-06-21T20:51:46.576-0500] {logging_mixin.py:188} INFO - [2026-06-21T20:51:46.576-0500] {dag.py:3089} INFO - Sync 2 DAGs
[2026-06-21T20:51:46.584-0500] {logging_mixin.py:188} INFO - [2026-06-21T20:51:46.584-0500] {dag.py:3947} INFO - Setting next_dagrun for example_external_task_marker_child to None, run_after=None
[2026-06-21T20:51:46.587-0500] {logging_mixin.py:188} INFO - [2026-06-21T20:51:46.586-0500] {dag.py:3947} INFO - Setting next_dagrun for example_external_task_marker_parent to None, run_after=None
[2026-06-21T20:51:46.599-0500] {processor.py:183} INFO - Processing /Users/naga/Desktop/airflow_env/lib/python3.12/site-packages/airflow/example_dags/example_external_task_marker_dag.py took 0.114 seconds
[2026-06-21T20:54:46.300-0500] {processor.py:161} INFO - Started process (PID=63796) to work on /Users/naga/Desktop/airflow_env/lib/python3.12/site-packages/airflow/example_dags/example_external_task_marker_dag.py
[2026-06-21T20:54:46.301-0500] {processor.py:830} INFO - Processing file /Users/naga/Desktop/airflow_env/lib/python3.12/site-packages/airflow/example_dags/example_external_task_marker_dag.py for tasks to queue
[2026-06-21T20:54:46.302-0500] {logging_mixin.py:188} INFO - [2026-06-21T20:54:46.302-0500] {dagbag.py:545} INFO - Filling up the DagBag from /Users/naga/Desktop/airflow_env/lib/python3.12/site-packages/airflow/example_dags/example_external_task_marker_dag.py
[2026-06-21T20:54:46.312-0500] {processor.py:840} INFO - DAG(s) 'example_external_task_marker_child', 'example_external_task_marker_parent' retrieved from /Users/naga/Desktop/airflow_env/lib/python3.12/site-packages/airflow/example_dags/example_external_task_marker_dag.py
[2026-06-21T20:54:46.393-0500] {logging_mixin.py:188} INFO - [2026-06-21T20:54:46.392-0500] {dag.py:3089} INFO - Sync 2 DAGs
[2026-06-21T20:54:46.401-0500] {logging_mixin.py:188} INFO - [2026-06-21T20:54:46.400-0500] {dag.py:3947} INFO - Setting next_dagrun for example_external_task_marker_child to None, run_after=None
[2026-06-21T20:54:46.403-0500] {logging_mixin.py:188} INFO - [2026-06-21T20:54:46.403-0500] {dag.py:3947} INFO - Setting next_dagrun for example_external_task_marker_parent to None, run_after=None
[2026-06-21T20:54:46.415-0500] {processor.py:183} INFO - Processing /Users/naga/Desktop/airflow_env/lib/python3.12/site-packages/airflow/example_dags/example_external_task_marker_dag.py took 0.117 seconds
[2026-06-21T20:57:39.102-0500] {processor.py:161} INFO - Started process (PID=63944) to work on /Users/naga/Desktop/airflow_env/lib/python3.12/site-packages/airflow/example_dags/example_external_task_marker_dag.py
[2026-06-21T20:57:39.104-0500] {processor.py:830} INFO - Processing file /Users/naga/Desktop/airflow_env/lib/python3.12/site-packages/airflow/example_dags/example_external_task_marker_dag.py for tasks to queue
[2026-06-21T20:57:39.104-0500] {logging_mixin.py:188} INFO - [2026-06-21T20:57:39.104-0500] {dagbag.py:545} INFO - Filling up the DagBag from /Users/naga/Desktop/airflow_env/lib/python3.12/site-packages/airflow/example_dags/example_external_task_marker_dag.py
[2026-06-21T20:57:39.114-0500] {processor.py:840} INFO - DAG(s) 'example_external_task_marker_parent', 'example_external_task_marker_child' retrieved from /Users/naga/Desktop/airflow_env/lib/python3.12/site-packages/airflow/example_dags/example_external_task_marker_dag.py
[2026-06-21T20:57:39.194-0500] {logging_mixin.py:188} INFO - [2026-06-21T20:57:39.194-0500] {dag.py:3089} INFO - Sync 2 DAGs
[2026-06-21T20:57:39.202-0500] {logging_mixin.py:188} INFO - [2026-06-21T20:57:39.202-0500] {dag.py:3947} INFO - Setting next_dagrun for example_external_task_marker_child to None, run_after=None
[2026-06-21T20:57:39.204-0500] {logging_mixin.py:188} INFO - [2026-06-21T20:57:39.204-0500] {dag.py:3947} INFO - Setting next_dagrun for example_external_task_marker_parent to None, run_after=None
[2026-06-21T20:57:39.216-0500] {processor.py:183} INFO - Processing /Users/naga/Desktop/airflow_env/lib/python3.12/site-packages/airflow/example_dags/example_external_task_marker_dag.py took 0.116 seconds
[2026-06-21T21:43:04.754-0500] {processor.py:161} INFO - Started process (PID=64254) to work on /Users/naga/Desktop/airflow_env/lib/python3.12/site-packages/airflow/example_dags/example_external_task_marker_dag.py
[2026-06-21T21:43:04.755-0500] {processor.py:830} INFO - Processing file /Users/naga/Desktop/airflow_env/lib/python3.12/site-packages/airflow/example_dags/example_external_task_marker_dag.py for tasks to queue
[2026-06-21T21:43:04.756-0500] {logging_mixin.py:188} INFO - [2026-06-21T21:43:04.755-0500] {dagbag.py:545} INFO - Filling up the DagBag from /Users/naga/Desktop/airflow_env/lib/python3.12/site-packages/airflow/example_dags/example_external_task_marker_dag.py
[2026-06-21T21:43:04.766-0500] {processor.py:840} INFO - DAG(s) 'example_external_task_marker_child', 'example_external_task_marker_parent' retrieved from /Users/naga/Desktop/airflow_env/lib/python3.12/site-packages/airflow/example_dags/example_external_task_marker_dag.py
[2026-06-21T21:43:04.844-0500] {logging_mixin.py:188} INFO - [2026-06-21T21:43:04.843-0500] {dag.py:3089} INFO - Sync 2 DAGs
[2026-06-21T21:43:04.852-0500] {logging_mixin.py:188} INFO - [2026-06-21T21:43:04.851-0500] {dag.py:3947} INFO - Setting next_dagrun for example_external_task_marker_child to None, run_after=None
[2026-06-21T21:43:04.854-0500] {logging_mixin.py:188} INFO - [2026-06-21T21:43:04.854-0500] {dag.py:3947} INFO - Setting next_dagrun for example_external_task_marker_parent to None, run_after=None
[2026-06-21T21:43:04.866-0500] {processor.py:183} INFO - Processing /Users/naga/Desktop/airflow_env/lib/python3.12/site-packages/airflow/example_dags/example_external_task_marker_dag.py took 0.114 seconds
[2026-06-21T21:46:14.251-0500] {processor.py:161} INFO - Started process (PID=64552) to work on /Users/naga/Desktop/airflow_env/lib/python3.12/site-packages/airflow/example_dags/example_external_task_marker_dag.py
[2026-06-21T21:46:14.252-0500] {processor.py:830} INFO - Processing file /Users/naga/Desktop/airflow_env/lib/python3.12/site-packages/airflow/example_dags/example_external_task_marker_dag.py for tasks to queue
[2026-06-21T21:46:14.253-0500] {logging_mixin.py:188} INFO - [2026-06-21T21:46:14.253-0500] {dagbag.py:545} INFO - Filling up the DagBag from /Users/naga/Desktop/airflow_env/lib/python3.12/site-packages/airflow/example_dags/example_external_task_marker_dag.py
[2026-06-21T21:46:14.264-0500] {processor.py:840} INFO - DAG(s) 'example_external_task_marker_child', 'example_external_task_marker_parent' retrieved from /Users/naga/Desktop/airflow_env/lib/python3.12/site-packages/airflow/example_dags/example_external_task_marker_dag.py
[2026-06-21T21:46:14.343-0500] {logging_mixin.py:188} INFO - [2026-06-21T21:46:14.342-0500] {dag.py:3089} INFO - Sync 2 DAGs
[2026-06-21T21:46:14.350-0500] {logging_mixin.py:188} INFO - [2026-06-21T21:46:14.350-0500] {dag.py:3947} INFO - Setting next_dagrun for example_external_task_marker_child to None, run_after=None
[2026-06-21T21:46:14.352-0500] {logging_mixin.py:188} INFO - [2026-06-21T21:46:14.352-0500] {dag.py:3947} INFO - Setting next_dagrun for example_external_task_marker_parent to None, run_after=None
[2026-06-21T21:46:14.364-0500] {processor.py:183} INFO - Processing /Users/naga/Desktop/airflow_env/lib/python3.12/site-packages/airflow/example_dags/example_external_task_marker_dag.py took 0.115 seconds
[2026-06-21T21:49:49.113-0500] {processor.py:161} INFO - Started process (PID=64769) to work on /Users/naga/Desktop/airflow_env/lib/python3.12/site-packages/airflow/example_dags/example_external_task_marker_dag.py
[2026-06-21T21:49:49.115-0500] {processor.py:830} INFO - Processing file /Users/naga/Desktop/airflow_env/lib/python3.12/site-packages/airflow/example_dags/example_external_task_marker_dag.py for tasks to queue
[2026-06-21T21:49:49.115-0500] {logging_mixin.py:188} INFO - [2026-06-21T21:49:49.115-0500] {dagbag.py:545} INFO - Filling up the DagBag from /Users/naga/Desktop/airflow_env/lib/python3.12/site-packages/airflow/example_dags/example_external_task_marker_dag.py
[2026-06-21T21:49:49.127-0500] {processor.py:840} INFO - DAG(s) 'example_external_task_marker_child', 'example_external_task_marker_parent' retrieved from /Users/naga/Desktop/airflow_env/lib/python3.12/site-packages/airflow/example_dags/example_external_task_marker_dag.py
[2026-06-21T21:49:49.207-0500] {logging_mixin.py:188} INFO - [2026-06-21T21:49:49.207-0500] {dag.py:3089} INFO - Sync 2 DAGs
[2026-06-21T21:49:49.214-0500] {logging_mixin.py:188} INFO - [2026-06-21T21:49:49.214-0500] {dag.py:3947} INFO - Setting next_dagrun for example_external_task_marker_child to None, run_after=None
[2026-06-21T21:49:49.216-0500] {logging_mixin.py:188} INFO - [2026-06-21T21:49:49.216-0500] {dag.py:3947} INFO - Setting next_dagrun for example_external_task_marker_parent to None, run_after=None
[2026-06-21T21:49:49.229-0500] {processor.py:183} INFO - Processing /Users/naga/Desktop/airflow_env/lib/python3.12/site-packages/airflow/example_dags/example_external_task_marker_dag.py took 0.118 seconds
[2026-06-21T21:52:12.299-0500] {processor.py:161} INFO - Started process (PID=64882) to work on /Users/naga/Desktop/airflow_env/lib/python3.12/site-packages/airflow/example_dags/example_external_task_marker_dag.py
[2026-06-21T21:52:12.300-0500] {processor.py:830} INFO - Processing file /Users/naga/Desktop/airflow_env/lib/python3.12/site-packages/airflow/example_dags/example_external_task_marker_dag.py for tasks to queue
[2026-06-21T21:52:12.301-0500] {logging_mixin.py:188} INFO - [2026-06-21T21:52:12.301-0500] {dagbag.py:545} INFO - Filling up the DagBag from /Users/naga/Desktop/airflow_env/lib/python3.12/site-packages/airflow/example_dags/example_external_task_marker_dag.py
[2026-06-21T21:52:12.312-0500] {processor.py:840} INFO - DAG(s) 'example_external_task_marker_child', 'example_external_task_marker_parent' retrieved from /Users/naga/Desktop/airflow_env/lib/python3.12/site-packages/airflow/example_dags/example_external_task_marker_dag.py
[2026-06-21T21:52:12.391-0500] {logging_mixin.py:188} INFO - [2026-06-21T21:52:12.391-0500] {dag.py:3089} INFO - Sync 2 DAGs
[2026-06-21T21:52:12.399-0500] {logging_mixin.py:188} INFO - [2026-06-21T21:52:12.398-0500] {dag.py:3947} INFO - Setting next_dagrun for example_external_task_marker_child to None, run_after=None
[2026-06-21T21:52:12.401-0500] {logging_mixin.py:188} INFO - [2026-06-21T21:52:12.401-0500] {dag.py:3947} INFO - Setting next_dagrun for example_external_task_marker_parent to None, run_after=None
[2026-06-21T21:52:12.412-0500] {processor.py:183} INFO - Processing /Users/naga/Desktop/airflow_env/lib/python3.12/site-packages/airflow/example_dags/example_external_task_marker_dag.py took 0.116 seconds
[2026-06-21T21:54:23.919-0500] {processor.py:161} INFO - Started process (PID=64999) to work on /Users/naga/Desktop/airflow_env/lib/python3.12/site-packages/airflow/example_dags/example_external_task_marker_dag.py
[2026-06-21T21:54:23.920-0500] {processor.py:830} INFO - Processing file /Users/naga/Desktop/airflow_env/lib/python3.12/site-packages/airflow/example_dags/example_external_task_marker_dag.py for tasks to queue
[2026-06-21T21:54:23.921-0500] {logging_mixin.py:188} INFO - [2026-06-21T21:54:23.920-0500] {dagbag.py:545} INFO - Filling up the DagBag from /Users/naga/Desktop/airflow_env/lib/python3.12/site-packages/airflow/example_dags/example_external_task_marker_dag.py
[2026-06-21T21:54:23.932-0500] {processor.py:840} INFO - DAG(s) 'example_external_task_marker_parent', 'example_external_task_marker_child' retrieved from /Users/naga/Desktop/airflow_env/lib/python3.12/site-packages/airflow/example_dags/example_external_task_marker_dag.py
[2026-06-21T21:54:24.011-0500] {logging_mixin.py:188} INFO - [2026-06-21T21:54:24.011-0500] {dag.py:3089} INFO - Sync 2 DAGs
[2026-06-21T21:54:24.019-0500] {logging_mixin.py:188} INFO - [2026-06-21T21:54:24.018-0500] {dag.py:3947} INFO - Setting next_dagrun for example_external_task_marker_child to None, run_after=None
[2026-06-21T21:54:24.021-0500] {logging_mixin.py:188} INFO - [2026-06-21T21:54:24.021-0500] {dag.py:3947} INFO - Setting next_dagrun for example_external_task_marker_parent to None, run_after=None
[2026-06-21T21:54:24.033-0500] {processor.py:183} INFO - Processing /Users/naga/Desktop/airflow_env/lib/python3.12/site-packages/airflow/example_dags/example_external_task_marker_dag.py took 0.117 seconds
