[2026-06-21T19:46:28.253-0500] {processor.py:161} INFO - Started process (PID=61465) to work on /Users/naga/Desktop/airflow_env/lib/python3.12/site-packages/airflow/example_dags/example_branch_operator.py
[2026-06-21T19:46:28.254-0500] {processor.py:830} INFO - Processing file /Users/naga/Desktop/airflow_env/lib/python3.12/site-packages/airflow/example_dags/example_branch_operator.py for tasks to queue
[2026-06-21T19:46:28.255-0500] {logging_mixin.py:188} INFO - [2026-06-21T19:46:28.255-0500] {dagbag.py:545} INFO - Filling up the DagBag from /Users/naga/Desktop/airflow_env/lib/python3.12/site-packages/airflow/example_dags/example_branch_operator.py
[2026-06-21T19:46:28.285-0500] {processor.py:840} INFO - DAG(s) 'example_branch_operator' retrieved from /Users/naga/Desktop/airflow_env/lib/python3.12/site-packages/airflow/example_dags/example_branch_operator.py
[2026-06-21T19:46:28.427-0500] {logging_mixin.py:188} INFO - [2026-06-21T19:46:28.426-0500] {dag.py:3089} INFO - Sync 1 DAGs
[2026-06-21T19:46:28.440-0500] {logging_mixin.py:188} INFO - [2026-06-21T19:46:28.439-0500] {dag.py:3947} INFO - Setting next_dagrun for example_branch_operator to 2026-06-21 00:00:00+00:00, run_after=2026-06-22 00:00:00+00:00
[2026-06-21T19:46:28.454-0500] {processor.py:183} INFO - Processing /Users/naga/Desktop/airflow_env/lib/python3.12/site-packages/airflow/example_dags/example_branch_operator.py took 0.203 seconds
[2026-06-21T19:49:29.213-0500] {processor.py:161} INFO - Started process (PID=61651) to work on /Users/naga/Desktop/airflow_env/lib/python3.12/site-packages/airflow/example_dags/example_branch_operator.py
[2026-06-21T19:49:29.215-0500] {processor.py:830} INFO - Processing file /Users/naga/Desktop/airflow_env/lib/python3.12/site-packages/airflow/example_dags/example_branch_operator.py for tasks to queue
[2026-06-21T19:49:29.216-0500] {logging_mixin.py:188} INFO - [2026-06-21T19:49:29.216-0500] {dagbag.py:545} INFO - Filling up the DagBag from /Users/naga/Desktop/airflow_env/lib/python3.12/site-packages/airflow/example_dags/example_branch_operator.py
[2026-06-21T19:49:29.260-0500] {processor.py:840} INFO - DAG(s) 'example_branch_operator' retrieved from /Users/naga/Desktop/airflow_env/lib/python3.12/site-packages/airflow/example_dags/example_branch_operator.py
[2026-06-21T19:49:29.473-0500] {logging_mixin.py:188} INFO - [2026-06-21T19:49:29.472-0500] {dag.py:3089} INFO - Sync 1 DAGs
[2026-06-21T19:49:29.500-0500] {logging_mixin.py:188} INFO - [2026-06-21T19:49:29.500-0500] {dag.py:3947} INFO - Setting next_dagrun for example_branch_operator to 2026-06-21 00:00:00+00:00, run_after=2026-06-22 00:00:00+00:00
[2026-06-21T19:49:29.522-0500] {processor.py:183} INFO - Processing /Users/naga/Desktop/airflow_env/lib/python3.12/site-packages/airflow/example_dags/example_branch_operator.py took 0.312 seconds
[2026-06-21T19:52:30.997-0500] {processor.py:161} INFO - Started process (PID=61858) to work on /Users/naga/Desktop/airflow_env/lib/python3.12/site-packages/airflow/example_dags/example_branch_operator.py
[2026-06-21T19:52:30.998-0500] {processor.py:830} INFO - Processing file /Users/naga/Desktop/airflow_env/lib/python3.12/site-packages/airflow/example_dags/example_branch_operator.py for tasks to queue
[2026-06-21T19:52:30.999-0500] {logging_mixin.py:188} INFO - [2026-06-21T19:52:30.998-0500] {dagbag.py:545} INFO - Filling up the DagBag from /Users/naga/Desktop/airflow_env/lib/python3.12/site-packages/airflow/example_dags/example_branch_operator.py
[2026-06-21T19:52:31.029-0500] {processor.py:840} INFO - DAG(s) 'example_branch_operator' retrieved from /Users/naga/Desktop/airflow_env/lib/python3.12/site-packages/airflow/example_dags/example_branch_operator.py
[2026-06-21T19:52:31.167-0500] {logging_mixin.py:188} INFO - [2026-06-21T19:52:31.167-0500] {dag.py:3089} INFO - Sync 1 DAGs
[2026-06-21T19:52:31.181-0500] {logging_mixin.py:188} INFO - [2026-06-21T19:52:31.180-0500] {dag.py:3947} INFO - Setting next_dagrun for example_branch_operator to 2026-06-21 00:00:00+00:00, run_after=2026-06-22 00:00:00+00:00
[2026-06-21T19:52:31.194-0500] {processor.py:183} INFO - Processing /Users/naga/Desktop/airflow_env/lib/python3.12/site-packages/airflow/example_dags/example_branch_operator.py took 0.200 seconds
[2026-06-21T19:55:19.600-0500] {processor.py:161} INFO - Started process (PID=61974) to work on /Users/naga/Desktop/airflow_env/lib/python3.12/site-packages/airflow/example_dags/example_branch_operator.py
[2026-06-21T19:55:19.601-0500] {processor.py:830} INFO - Processing file /Users/naga/Desktop/airflow_env/lib/python3.12/site-packages/airflow/example_dags/example_branch_operator.py for tasks to queue
[2026-06-21T19:55:19.601-0500] {logging_mixin.py:188} INFO - [2026-06-21T19:55:19.601-0500] {dagbag.py:545} INFO - Filling up the DagBag from /Users/naga/Desktop/airflow_env/lib/python3.12/site-packages/airflow/example_dags/example_branch_operator.py
[2026-06-21T19:55:19.632-0500] {processor.py:840} INFO - DAG(s) 'example_branch_operator' retrieved from /Users/naga/Desktop/airflow_env/lib/python3.12/site-packages/airflow/example_dags/example_branch_operator.py
[2026-06-21T19:55:19.772-0500] {logging_mixin.py:188} INFO - [2026-06-21T19:55:19.772-0500] {dag.py:3089} INFO - Sync 1 DAGs
[2026-06-21T19:55:19.786-0500] {logging_mixin.py:188} INFO - [2026-06-21T19:55:19.785-0500] {dag.py:3947} INFO - Setting next_dagrun for example_branch_operator to 2026-06-21 00:00:00+00:00, run_after=2026-06-22 00:00:00+00:00
[2026-06-21T19:55:19.800-0500] {processor.py:183} INFO - Processing /Users/naga/Desktop/airflow_env/lib/python3.12/site-packages/airflow/example_dags/example_branch_operator.py took 0.203 seconds
[2026-06-21T19:58:14.442-0500] {processor.py:161} INFO - Started process (PID=62122) to work on /Users/naga/Desktop/airflow_env/lib/python3.12/site-packages/airflow/example_dags/example_branch_operator.py
[2026-06-21T19:58:14.443-0500] {processor.py:830} INFO - Processing file /Users/naga/Desktop/airflow_env/lib/python3.12/site-packages/airflow/example_dags/example_branch_operator.py for tasks to queue
[2026-06-21T19:58:14.443-0500] {logging_mixin.py:188} INFO - [2026-06-21T19:58:14.443-0500] {dagbag.py:545} INFO - Filling up the DagBag from /Users/naga/Desktop/airflow_env/lib/python3.12/site-packages/airflow/example_dags/example_branch_operator.py
[2026-06-21T19:58:14.474-0500] {processor.py:840} INFO - DAG(s) 'example_branch_operator' retrieved from /Users/naga/Desktop/airflow_env/lib/python3.12/site-packages/airflow/example_dags/example_branch_operator.py
[2026-06-21T19:58:14.612-0500] {logging_mixin.py:188} INFO - [2026-06-21T19:58:14.612-0500] {dag.py:3089} INFO - Sync 1 DAGs
[2026-06-21T19:58:14.625-0500] {logging_mixin.py:188} INFO - [2026-06-21T19:58:14.625-0500] {dag.py:3947} INFO - Setting next_dagrun for example_branch_operator to 2026-06-21 00:00:00+00:00, run_after=2026-06-22 00:00:00+00:00
[2026-06-21T19:58:14.639-0500] {processor.py:183} INFO - Processing /Users/naga/Desktop/airflow_env/lib/python3.12/site-packages/airflow/example_dags/example_branch_operator.py took 0.200 seconds
[2026-06-21T20:01:07.391-0500] {processor.py:161} INFO - Started process (PID=62251) to work on /Users/naga/Desktop/airflow_env/lib/python3.12/site-packages/airflow/example_dags/example_branch_operator.py
[2026-06-21T20:01:07.392-0500] {processor.py:830} INFO - Processing file /Users/naga/Desktop/airflow_env/lib/python3.12/site-packages/airflow/example_dags/example_branch_operator.py for tasks to queue
[2026-06-21T20:01:07.393-0500] {logging_mixin.py:188} INFO - [2026-06-21T20:01:07.392-0500] {dagbag.py:545} INFO - Filling up the DagBag from /Users/naga/Desktop/airflow_env/lib/python3.12/site-packages/airflow/example_dags/example_branch_operator.py
[2026-06-21T20:01:07.423-0500] {processor.py:840} INFO - DAG(s) 'example_branch_operator' retrieved from /Users/naga/Desktop/airflow_env/lib/python3.12/site-packages/airflow/example_dags/example_branch_operator.py
[2026-06-21T20:01:07.563-0500] {logging_mixin.py:188} INFO - [2026-06-21T20:01:07.563-0500] {dag.py:3089} INFO - Sync 1 DAGs
[2026-06-21T20:01:07.576-0500] {logging_mixin.py:188} INFO - [2026-06-21T20:01:07.576-0500] {dag.py:3947} INFO - Setting next_dagrun for example_branch_operator to 2026-06-21 00:00:00+00:00, run_after=2026-06-22 00:00:00+00:00
[2026-06-21T20:01:07.590-0500] {processor.py:183} INFO - Processing /Users/naga/Desktop/airflow_env/lib/python3.12/site-packages/airflow/example_dags/example_branch_operator.py took 0.202 seconds
[2026-06-21T20:03:59.117-0500] {processor.py:161} INFO - Started process (PID=62389) to work on /Users/naga/Desktop/airflow_env/lib/python3.12/site-packages/airflow/example_dags/example_branch_operator.py
[2026-06-21T20:03:59.119-0500] {processor.py:830} INFO - Processing file /Users/naga/Desktop/airflow_env/lib/python3.12/site-packages/airflow/example_dags/example_branch_operator.py for tasks to queue
[2026-06-21T20:03:59.119-0500] {logging_mixin.py:188} INFO - [2026-06-21T20:03:59.119-0500] {dagbag.py:545} INFO - Filling up the DagBag from /Users/naga/Desktop/airflow_env/lib/python3.12/site-packages/airflow/example_dags/example_branch_operator.py
[2026-06-21T20:03:59.150-0500] {processor.py:840} INFO - DAG(s) 'example_branch_operator' retrieved from /Users/naga/Desktop/airflow_env/lib/python3.12/site-packages/airflow/example_dags/example_branch_operator.py
[2026-06-21T20:03:59.288-0500] {logging_mixin.py:188} INFO - [2026-06-21T20:03:59.287-0500] {dag.py:3089} INFO - Sync 1 DAGs
[2026-06-21T20:03:59.301-0500] {logging_mixin.py:188} INFO - [2026-06-21T20:03:59.301-0500] {dag.py:3947} INFO - Setting next_dagrun for example_branch_operator to 2026-06-21 00:00:00+00:00, run_after=2026-06-22 00:00:00+00:00
[2026-06-21T20:03:59.315-0500] {processor.py:183} INFO - Processing /Users/naga/Desktop/airflow_env/lib/python3.12/site-packages/airflow/example_dags/example_branch_operator.py took 0.200 seconds
[2026-06-21T20:06:54.203-0500] {processor.py:161} INFO - Started process (PID=62514) to work on /Users/naga/Desktop/airflow_env/lib/python3.12/site-packages/airflow/example_dags/example_branch_operator.py
[2026-06-21T20:06:54.204-0500] {processor.py:830} INFO - Processing file /Users/naga/Desktop/airflow_env/lib/python3.12/site-packages/airflow/example_dags/example_branch_operator.py for tasks to queue
[2026-06-21T20:06:54.205-0500] {logging_mixin.py:188} INFO - [2026-06-21T20:06:54.205-0500] {dagbag.py:545} INFO - Filling up the DagBag from /Users/naga/Desktop/airflow_env/lib/python3.12/site-packages/airflow/example_dags/example_branch_operator.py
[2026-06-21T20:06:54.235-0500] {processor.py:840} INFO - DAG(s) 'example_branch_operator' retrieved from /Users/naga/Desktop/airflow_env/lib/python3.12/site-packages/airflow/example_dags/example_branch_operator.py
[2026-06-21T20:06:54.372-0500] {logging_mixin.py:188} INFO - [2026-06-21T20:06:54.372-0500] {dag.py:3089} INFO - Sync 1 DAGs
[2026-06-21T20:06:54.385-0500] {logging_mixin.py:188} INFO - [2026-06-21T20:06:54.385-0500] {dag.py:3947} INFO - Setting next_dagrun for example_branch_operator to 2026-06-21 00:00:00+00:00, run_after=2026-06-22 00:00:00+00:00
[2026-06-21T20:06:54.399-0500] {processor.py:183} INFO - Processing /Users/naga/Desktop/airflow_env/lib/python3.12/site-packages/airflow/example_dags/example_branch_operator.py took 0.198 seconds
[2026-06-21T20:37:25.423-0500] {processor.py:161} INFO - Started process (PID=62715) to work on /Users/naga/Desktop/airflow_env/lib/python3.12/site-packages/airflow/example_dags/example_branch_operator.py
[2026-06-21T20:37:25.425-0500] {processor.py:830} INFO - Processing file /Users/naga/Desktop/airflow_env/lib/python3.12/site-packages/airflow/example_dags/example_branch_operator.py for tasks to queue
[2026-06-21T20:37:25.425-0500] {logging_mixin.py:188} INFO - [2026-06-21T20:37:25.425-0500] {dagbag.py:545} INFO - Filling up the DagBag from /Users/naga/Desktop/airflow_env/lib/python3.12/site-packages/airflow/example_dags/example_branch_operator.py
[2026-06-21T20:37:25.456-0500] {processor.py:840} INFO - DAG(s) 'example_branch_operator' retrieved from /Users/naga/Desktop/airflow_env/lib/python3.12/site-packages/airflow/example_dags/example_branch_operator.py
[2026-06-21T20:37:25.597-0500] {logging_mixin.py:188} INFO - [2026-06-21T20:37:25.596-0500] {dag.py:3089} INFO - Sync 1 DAGs
[2026-06-21T20:37:25.610-0500] {logging_mixin.py:188} INFO - [2026-06-21T20:37:25.610-0500] {dag.py:3947} INFO - Setting next_dagrun for example_branch_operator to 2026-06-21 00:00:00+00:00, run_after=2026-06-22 00:00:00+00:00
[2026-06-21T20:37:25.624-0500] {processor.py:183} INFO - Processing /Users/naga/Desktop/airflow_env/lib/python3.12/site-packages/airflow/example_dags/example_branch_operator.py took 0.203 seconds
[2026-06-21T20:40:32.140-0500] {processor.py:161} INFO - Started process (PID=62946) to work on /Users/naga/Desktop/airflow_env/lib/python3.12/site-packages/airflow/example_dags/example_branch_operator.py
[2026-06-21T20:40:32.141-0500] {processor.py:830} INFO - Processing file /Users/naga/Desktop/airflow_env/lib/python3.12/site-packages/airflow/example_dags/example_branch_operator.py for tasks to queue
[2026-06-21T20:40:32.141-0500] {logging_mixin.py:188} INFO - [2026-06-21T20:40:32.141-0500] {dagbag.py:545} INFO - Filling up the DagBag from /Users/naga/Desktop/airflow_env/lib/python3.12/site-packages/airflow/example_dags/example_branch_operator.py
[2026-06-21T20:40:32.177-0500] {processor.py:840} INFO - DAG(s) 'example_branch_operator' retrieved from /Users/naga/Desktop/airflow_env/lib/python3.12/site-packages/airflow/example_dags/example_branch_operator.py
[2026-06-21T20:40:32.341-0500] {logging_mixin.py:188} INFO - [2026-06-21T20:40:32.340-0500] {dag.py:3089} INFO - Sync 1 DAGs
[2026-06-21T20:40:32.368-0500] {logging_mixin.py:188} INFO - [2026-06-21T20:40:32.368-0500] {dag.py:3947} INFO - Setting next_dagrun for example_branch_operator to 2026-06-21 00:00:00+00:00, run_after=2026-06-22 00:00:00+00:00
[2026-06-21T20:40:32.385-0500] {processor.py:183} INFO - Processing /Users/naga/Desktop/airflow_env/lib/python3.12/site-packages/airflow/example_dags/example_branch_operator.py took 0.248 seconds
[2026-06-21T20:43:30.233-0500] {processor.py:161} INFO - Started process (PID=63143) to work on /Users/naga/Desktop/airflow_env/lib/python3.12/site-packages/airflow/example_dags/example_branch_operator.py
[2026-06-21T20:43:30.234-0500] {processor.py:830} INFO - Processing file /Users/naga/Desktop/airflow_env/lib/python3.12/site-packages/airflow/example_dags/example_branch_operator.py for tasks to queue
[2026-06-21T20:43:30.234-0500] {logging_mixin.py:188} INFO - [2026-06-21T20:43:30.234-0500] {dagbag.py:545} INFO - Filling up the DagBag from /Users/naga/Desktop/airflow_env/lib/python3.12/site-packages/airflow/example_dags/example_branch_operator.py
[2026-06-21T20:43:30.265-0500] {processor.py:840} INFO - DAG(s) 'example_branch_operator' retrieved from /Users/naga/Desktop/airflow_env/lib/python3.12/site-packages/airflow/example_dags/example_branch_operator.py
[2026-06-21T20:43:30.405-0500] {logging_mixin.py:188} INFO - [2026-06-21T20:43:30.404-0500] {dag.py:3089} INFO - Sync 1 DAGs
[2026-06-21T20:43:30.418-0500] {logging_mixin.py:188} INFO - [2026-06-21T20:43:30.418-0500] {dag.py:3947} INFO - Setting next_dagrun for example_branch_operator to 2026-06-21 00:00:00+00:00, run_after=2026-06-22 00:00:00+00:00
[2026-06-21T20:43:30.432-0500] {processor.py:183} INFO - Processing /Users/naga/Desktop/airflow_env/lib/python3.12/site-packages/airflow/example_dags/example_branch_operator.py took 0.202 seconds
[2026-06-21T20:46:22.176-0500] {processor.py:161} INFO - Started process (PID=63298) to work on /Users/naga/Desktop/airflow_env/lib/python3.12/site-packages/airflow/example_dags/example_branch_operator.py
[2026-06-21T20:46:22.177-0500] {processor.py:830} INFO - Processing file /Users/naga/Desktop/airflow_env/lib/python3.12/site-packages/airflow/example_dags/example_branch_operator.py for tasks to queue
[2026-06-21T20:46:22.178-0500] {logging_mixin.py:188} INFO - [2026-06-21T20:46:22.178-0500] {dagbag.py:545} INFO - Filling up the DagBag from /Users/naga/Desktop/airflow_env/lib/python3.12/site-packages/airflow/example_dags/example_branch_operator.py
[2026-06-21T20:46:22.208-0500] {processor.py:840} INFO - DAG(s) 'example_branch_operator' retrieved from /Users/naga/Desktop/airflow_env/lib/python3.12/site-packages/airflow/example_dags/example_branch_operator.py
[2026-06-21T20:46:22.346-0500] {logging_mixin.py:188} INFO - [2026-06-21T20:46:22.346-0500] {dag.py:3089} INFO - Sync 1 DAGs
[2026-06-21T20:46:22.359-0500] {logging_mixin.py:188} INFO - [2026-06-21T20:46:22.359-0500] {dag.py:3947} INFO - Setting next_dagrun for example_branch_operator to 2026-06-21 00:00:00+00:00, run_after=2026-06-22 00:00:00+00:00
[2026-06-21T20:46:22.373-0500] {processor.py:183} INFO - Processing /Users/naga/Desktop/airflow_env/lib/python3.12/site-packages/airflow/example_dags/example_branch_operator.py took 0.199 seconds
[2026-06-21T20:49:11.034-0500] {processor.py:161} INFO - Started process (PID=63436) to work on /Users/naga/Desktop/airflow_env/lib/python3.12/site-packages/airflow/example_dags/example_branch_operator.py
[2026-06-21T20:49:11.036-0500] {processor.py:830} INFO - Processing file /Users/naga/Desktop/airflow_env/lib/python3.12/site-packages/airflow/example_dags/example_branch_operator.py for tasks to queue
[2026-06-21T20:49:11.036-0500] {logging_mixin.py:188} INFO - [2026-06-21T20:49:11.036-0500] {dagbag.py:545} INFO - Filling up the DagBag from /Users/naga/Desktop/airflow_env/lib/python3.12/site-packages/airflow/example_dags/example_branch_operator.py
[2026-06-21T20:49:11.066-0500] {processor.py:840} INFO - DAG(s) 'example_branch_operator' retrieved from /Users/naga/Desktop/airflow_env/lib/python3.12/site-packages/airflow/example_dags/example_branch_operator.py
[2026-06-21T20:49:11.203-0500] {logging_mixin.py:188} INFO - [2026-06-21T20:49:11.203-0500] {dag.py:3089} INFO - Sync 1 DAGs
[2026-06-21T20:49:11.216-0500] {logging_mixin.py:188} INFO - [2026-06-21T20:49:11.216-0500] {dag.py:3947} INFO - Setting next_dagrun for example_branch_operator to 2026-06-21 00:00:00+00:00, run_after=2026-06-22 00:00:00+00:00
[2026-06-21T20:49:11.230-0500] {processor.py:183} INFO - Processing /Users/naga/Desktop/airflow_env/lib/python3.12/site-packages/airflow/example_dags/example_branch_operator.py took 0.198 seconds
[2026-06-21T20:52:07.348-0500] {processor.py:161} INFO - Started process (PID=63561) to work on /Users/naga/Desktop/airflow_env/lib/python3.12/site-packages/airflow/example_dags/example_branch_operator.py
[2026-06-21T20:52:07.349-0500] {processor.py:830} INFO - Processing file /Users/naga/Desktop/airflow_env/lib/python3.12/site-packages/airflow/example_dags/example_branch_operator.py for tasks to queue
[2026-06-21T20:52:07.350-0500] {logging_mixin.py:188} INFO - [2026-06-21T20:52:07.350-0500] {dagbag.py:545} INFO - Filling up the DagBag from /Users/naga/Desktop/airflow_env/lib/python3.12/site-packages/airflow/example_dags/example_branch_operator.py
[2026-06-21T20:52:07.380-0500] {processor.py:840} INFO - DAG(s) 'example_branch_operator' retrieved from /Users/naga/Desktop/airflow_env/lib/python3.12/site-packages/airflow/example_dags/example_branch_operator.py
[2026-06-21T20:52:07.518-0500] {logging_mixin.py:188} INFO - [2026-06-21T20:52:07.517-0500] {dag.py:3089} INFO - Sync 1 DAGs
[2026-06-21T20:52:07.531-0500] {logging_mixin.py:188} INFO - [2026-06-21T20:52:07.530-0500] {dag.py:3947} INFO - Setting next_dagrun for example_branch_operator to 2026-06-21 00:00:00+00:00, run_after=2026-06-22 00:00:00+00:00
[2026-06-21T20:52:07.545-0500] {processor.py:183} INFO - Processing /Users/naga/Desktop/airflow_env/lib/python3.12/site-packages/airflow/example_dags/example_branch_operator.py took 0.199 seconds
[2026-06-21T20:55:06.937-0500] {processor.py:161} INFO - Started process (PID=63816) to work on /Users/naga/Desktop/airflow_env/lib/python3.12/site-packages/airflow/example_dags/example_branch_operator.py
[2026-06-21T20:55:06.938-0500] {processor.py:830} INFO - Processing file /Users/naga/Desktop/airflow_env/lib/python3.12/site-packages/airflow/example_dags/example_branch_operator.py for tasks to queue
[2026-06-21T20:55:06.938-0500] {logging_mixin.py:188} INFO - [2026-06-21T20:55:06.938-0500] {dagbag.py:545} INFO - Filling up the DagBag from /Users/naga/Desktop/airflow_env/lib/python3.12/site-packages/airflow/example_dags/example_branch_operator.py
[2026-06-21T20:55:06.968-0500] {processor.py:840} INFO - DAG(s) 'example_branch_operator' retrieved from /Users/naga/Desktop/airflow_env/lib/python3.12/site-packages/airflow/example_dags/example_branch_operator.py
[2026-06-21T20:55:07.107-0500] {logging_mixin.py:188} INFO - [2026-06-21T20:55:07.107-0500] {dag.py:3089} INFO - Sync 1 DAGs
[2026-06-21T20:55:07.120-0500] {logging_mixin.py:188} INFO - [2026-06-21T20:55:07.120-0500] {dag.py:3947} INFO - Setting next_dagrun for example_branch_operator to 2026-06-21 00:00:00+00:00, run_after=2026-06-22 00:00:00+00:00
[2026-06-21T20:55:07.134-0500] {processor.py:183} INFO - Processing /Users/naga/Desktop/airflow_env/lib/python3.12/site-packages/airflow/example_dags/example_branch_operator.py took 0.199 seconds
[2026-06-21T20:58:00.154-0500] {processor.py:161} INFO - Started process (PID=63960) to work on /Users/naga/Desktop/airflow_env/lib/python3.12/site-packages/airflow/example_dags/example_branch_operator.py
[2026-06-21T20:58:00.155-0500] {processor.py:830} INFO - Processing file /Users/naga/Desktop/airflow_env/lib/python3.12/site-packages/airflow/example_dags/example_branch_operator.py for tasks to queue
[2026-06-21T20:58:00.156-0500] {logging_mixin.py:188} INFO - [2026-06-21T20:58:00.156-0500] {dagbag.py:545} INFO - Filling up the DagBag from /Users/naga/Desktop/airflow_env/lib/python3.12/site-packages/airflow/example_dags/example_branch_operator.py
[2026-06-21T20:58:00.187-0500] {processor.py:840} INFO - DAG(s) 'example_branch_operator' retrieved from /Users/naga/Desktop/airflow_env/lib/python3.12/site-packages/airflow/example_dags/example_branch_operator.py
[2026-06-21T20:58:00.327-0500] {logging_mixin.py:188} INFO - [2026-06-21T20:58:00.327-0500] {dag.py:3089} INFO - Sync 1 DAGs
[2026-06-21T20:58:00.340-0500] {logging_mixin.py:188} INFO - [2026-06-21T20:58:00.340-0500] {dag.py:3947} INFO - Setting next_dagrun for example_branch_operator to 2026-06-21 00:00:00+00:00, run_after=2026-06-22 00:00:00+00:00
[2026-06-21T20:58:00.355-0500] {processor.py:183} INFO - Processing /Users/naga/Desktop/airflow_env/lib/python3.12/site-packages/airflow/example_dags/example_branch_operator.py took 0.203 seconds
[2026-06-21T21:43:26.249-0500] {processor.py:161} INFO - Started process (PID=64286) to work on /Users/naga/Desktop/airflow_env/lib/python3.12/site-packages/airflow/example_dags/example_branch_operator.py
[2026-06-21T21:43:26.251-0500] {processor.py:830} INFO - Processing file /Users/naga/Desktop/airflow_env/lib/python3.12/site-packages/airflow/example_dags/example_branch_operator.py for tasks to queue
[2026-06-21T21:43:26.251-0500] {logging_mixin.py:188} INFO - [2026-06-21T21:43:26.251-0500] {dagbag.py:545} INFO - Filling up the DagBag from /Users/naga/Desktop/airflow_env/lib/python3.12/site-packages/airflow/example_dags/example_branch_operator.py
[2026-06-21T21:43:26.282-0500] {processor.py:840} INFO - DAG(s) 'example_branch_operator' retrieved from /Users/naga/Desktop/airflow_env/lib/python3.12/site-packages/airflow/example_dags/example_branch_operator.py
[2026-06-21T21:43:26.424-0500] {logging_mixin.py:188} INFO - [2026-06-21T21:43:26.423-0500] {dag.py:3089} INFO - Sync 1 DAGs
[2026-06-21T21:43:26.437-0500] {logging_mixin.py:188} INFO - [2026-06-21T21:43:26.437-0500] {dag.py:3947} INFO - Setting next_dagrun for example_branch_operator to 2026-06-21 00:00:00+00:00, run_after=2026-06-22 00:00:00+00:00
[2026-06-21T21:43:26.451-0500] {processor.py:183} INFO - Processing /Users/naga/Desktop/airflow_env/lib/python3.12/site-packages/airflow/example_dags/example_branch_operator.py took 0.204 seconds
[2026-06-21T21:46:35.489-0500] {processor.py:161} INFO - Started process (PID=64566) to work on /Users/naga/Desktop/airflow_env/lib/python3.12/site-packages/airflow/example_dags/example_branch_operator.py
[2026-06-21T21:46:35.490-0500] {processor.py:830} INFO - Processing file /Users/naga/Desktop/airflow_env/lib/python3.12/site-packages/airflow/example_dags/example_branch_operator.py for tasks to queue
[2026-06-21T21:46:35.491-0500] {logging_mixin.py:188} INFO - [2026-06-21T21:46:35.491-0500] {dagbag.py:545} INFO - Filling up the DagBag from /Users/naga/Desktop/airflow_env/lib/python3.12/site-packages/airflow/example_dags/example_branch_operator.py
[2026-06-21T21:46:35.522-0500] {processor.py:840} INFO - DAG(s) 'example_branch_operator' retrieved from /Users/naga/Desktop/airflow_env/lib/python3.12/site-packages/airflow/example_dags/example_branch_operator.py
[2026-06-21T21:46:35.661-0500] {logging_mixin.py:188} INFO - [2026-06-21T21:46:35.661-0500] {dag.py:3089} INFO - Sync 1 DAGs
[2026-06-21T21:46:35.675-0500] {logging_mixin.py:188} INFO - [2026-06-21T21:46:35.674-0500] {dag.py:3947} INFO - Setting next_dagrun for example_branch_operator to 2026-06-21 00:00:00+00:00, run_after=2026-06-22 00:00:00+00:00
[2026-06-21T21:46:35.689-0500] {processor.py:183} INFO - Processing /Users/naga/Desktop/airflow_env/lib/python3.12/site-packages/airflow/example_dags/example_branch_operator.py took 0.201 seconds
[2026-06-21T21:50:10.764-0500] {processor.py:161} INFO - Started process (PID=64784) to work on /Users/naga/Desktop/airflow_env/lib/python3.12/site-packages/airflow/example_dags/example_branch_operator.py
[2026-06-21T21:50:10.765-0500] {processor.py:830} INFO - Processing file /Users/naga/Desktop/airflow_env/lib/python3.12/site-packages/airflow/example_dags/example_branch_operator.py for tasks to queue
[2026-06-21T21:50:10.765-0500] {logging_mixin.py:188} INFO - [2026-06-21T21:50:10.765-0500] {dagbag.py:545} INFO - Filling up the DagBag from /Users/naga/Desktop/airflow_env/lib/python3.12/site-packages/airflow/example_dags/example_branch_operator.py
[2026-06-21T21:50:10.796-0500] {processor.py:840} INFO - DAG(s) 'example_branch_operator' retrieved from /Users/naga/Desktop/airflow_env/lib/python3.12/site-packages/airflow/example_dags/example_branch_operator.py
[2026-06-21T21:50:10.937-0500] {logging_mixin.py:188} INFO - [2026-06-21T21:50:10.936-0500] {dag.py:3089} INFO - Sync 1 DAGs
[2026-06-21T21:50:10.950-0500] {logging_mixin.py:188} INFO - [2026-06-21T21:50:10.950-0500] {dag.py:3947} INFO - Setting next_dagrun for example_branch_operator to 2026-06-21 00:00:00+00:00, run_after=2026-06-22 00:00:00+00:00
[2026-06-21T21:50:10.965-0500] {processor.py:183} INFO - Processing /Users/naga/Desktop/airflow_env/lib/python3.12/site-packages/airflow/example_dags/example_branch_operator.py took 0.203 seconds
[2026-06-21T21:52:35.915-0500] {processor.py:161} INFO - Started process (PID=64898) to work on /Users/naga/Desktop/airflow_env/lib/python3.12/site-packages/airflow/example_dags/example_branch_operator.py
[2026-06-21T21:52:35.916-0500] {processor.py:830} INFO - Processing file /Users/naga/Desktop/airflow_env/lib/python3.12/site-packages/airflow/example_dags/example_branch_operator.py for tasks to queue
[2026-06-21T21:52:35.917-0500] {logging_mixin.py:188} INFO - [2026-06-21T21:52:35.917-0500] {dagbag.py:545} INFO - Filling up the DagBag from /Users/naga/Desktop/airflow_env/lib/python3.12/site-packages/airflow/example_dags/example_branch_operator.py
[2026-06-21T21:52:35.950-0500] {processor.py:840} INFO - DAG(s) 'example_branch_operator' retrieved from /Users/naga/Desktop/airflow_env/lib/python3.12/site-packages/airflow/example_dags/example_branch_operator.py
[2026-06-21T21:52:36.113-0500] {logging_mixin.py:188} INFO - [2026-06-21T21:52:36.113-0500] {dag.py:3089} INFO - Sync 1 DAGs
[2026-06-21T21:52:36.136-0500] {logging_mixin.py:188} INFO - [2026-06-21T21:52:36.136-0500] {dag.py:3947} INFO - Setting next_dagrun for example_branch_operator to 2026-06-21 00:00:00+00:00, run_after=2026-06-22 00:00:00+00:00
[2026-06-21T21:52:36.152-0500] {processor.py:183} INFO - Processing /Users/naga/Desktop/airflow_env/lib/python3.12/site-packages/airflow/example_dags/example_branch_operator.py took 0.241 seconds
[2026-06-21T21:56:07.359-0500] {processor.py:161} INFO - Started process (PID=65389) to work on /Users/naga/Desktop/airflow_env/lib/python3.12/site-packages/airflow/example_dags/example_branch_operator.py
[2026-06-21T21:56:07.361-0500] {processor.py:830} INFO - Processing file /Users/naga/Desktop/airflow_env/lib/python3.12/site-packages/airflow/example_dags/example_branch_operator.py for tasks to queue
[2026-06-21T21:56:07.361-0500] {logging_mixin.py:188} INFO - [2026-06-21T21:56:07.361-0500] {dagbag.py:545} INFO - Filling up the DagBag from /Users/naga/Desktop/airflow_env/lib/python3.12/site-packages/airflow/example_dags/example_branch_operator.py
[2026-06-21T21:56:07.393-0500] {processor.py:840} INFO - DAG(s) 'example_branch_operator' retrieved from /Users/naga/Desktop/airflow_env/lib/python3.12/site-packages/airflow/example_dags/example_branch_operator.py
[2026-06-21T21:56:07.538-0500] {logging_mixin.py:188} INFO - [2026-06-21T21:56:07.538-0500] {dag.py:3089} INFO - Sync 1 DAGs
[2026-06-21T21:56:07.553-0500] {logging_mixin.py:188} INFO - [2026-06-21T21:56:07.552-0500] {dag.py:3947} INFO - Setting next_dagrun for example_branch_operator to 2026-06-21 00:00:00+00:00, run_after=2026-06-22 00:00:00+00:00
[2026-06-21T21:56:07.567-0500] {processor.py:183} INFO - Processing /Users/naga/Desktop/airflow_env/lib/python3.12/site-packages/airflow/example_dags/example_branch_operator.py took 0.210 seconds
