[2026-06-21T19:47:58.381-0500] {processor.py:161} INFO - Started process (PID=61543) to work on /Users/naga/Desktop/airflow_env/lib/python3.12/site-packages/airflow/example_dags/example_branch_day_of_week_operator.py
[2026-06-21T19:47:58.382-0500] {processor.py:830} INFO - Processing file /Users/naga/Desktop/airflow_env/lib/python3.12/site-packages/airflow/example_dags/example_branch_day_of_week_operator.py for tasks to queue
[2026-06-21T19:47:58.382-0500] {logging_mixin.py:188} INFO - [2026-06-21T19:47:58.382-0500] {dagbag.py:545} INFO - Filling up the DagBag from /Users/naga/Desktop/airflow_env/lib/python3.12/site-packages/airflow/example_dags/example_branch_day_of_week_operator.py
[2026-06-21T19:47:58.392-0500] {processor.py:840} INFO - DAG(s) 'example_weekday_branch_operator' retrieved from /Users/naga/Desktop/airflow_env/lib/python3.12/site-packages/airflow/example_dags/example_branch_day_of_week_operator.py
[2026-06-21T19:47:58.471-0500] {logging_mixin.py:188} INFO - [2026-06-21T19:47:58.471-0500] {dag.py:3089} INFO - Sync 1 DAGs
[2026-06-21T19:47:58.486-0500] {logging_mixin.py:188} INFO - [2026-06-21T19:47:58.485-0500] {dag.py:3947} INFO - Setting next_dagrun for example_weekday_branch_operator to 2026-06-21 00:00:00+00:00, run_after=2026-06-22 00:00:00+00:00
[2026-06-21T19:47:58.500-0500] {processor.py:183} INFO - Processing /Users/naga/Desktop/airflow_env/lib/python3.12/site-packages/airflow/example_dags/example_branch_day_of_week_operator.py took 0.121 seconds
[2026-06-21T19:51:05.525-0500] {processor.py:161} INFO - Started process (PID=61783) to work on /Users/naga/Desktop/airflow_env/lib/python3.12/site-packages/airflow/example_dags/example_branch_day_of_week_operator.py
[2026-06-21T19:51:05.526-0500] {processor.py:830} INFO - Processing file /Users/naga/Desktop/airflow_env/lib/python3.12/site-packages/airflow/example_dags/example_branch_day_of_week_operator.py for tasks to queue
[2026-06-21T19:51:05.527-0500] {logging_mixin.py:188} INFO - [2026-06-21T19:51:05.527-0500] {dagbag.py:545} INFO - Filling up the DagBag from /Users/naga/Desktop/airflow_env/lib/python3.12/site-packages/airflow/example_dags/example_branch_day_of_week_operator.py
[2026-06-21T19:51:05.535-0500] {processor.py:840} INFO - DAG(s) 'example_weekday_branch_operator' retrieved from /Users/naga/Desktop/airflow_env/lib/python3.12/site-packages/airflow/example_dags/example_branch_day_of_week_operator.py
[2026-06-21T19:51:05.609-0500] {logging_mixin.py:188} INFO - [2026-06-21T19:51:05.609-0500] {dag.py:3089} INFO - Sync 1 DAGs
[2026-06-21T19:51:05.622-0500] {logging_mixin.py:188} INFO - [2026-06-21T19:51:05.622-0500] {dag.py:3947} INFO - Setting next_dagrun for example_weekday_branch_operator to 2026-06-21 00:00:00+00:00, run_after=2026-06-22 00:00:00+00:00
[2026-06-21T19:51:05.635-0500] {processor.py:183} INFO - Processing /Users/naga/Desktop/airflow_env/lib/python3.12/site-packages/airflow/example_dags/example_branch_day_of_week_operator.py took 0.112 seconds
[2026-06-21T19:53:54.717-0500] {processor.py:161} INFO - Started process (PID=61925) to work on /Users/naga/Desktop/airflow_env/lib/python3.12/site-packages/airflow/example_dags/example_branch_day_of_week_operator.py
[2026-06-21T19:53:54.718-0500] {processor.py:830} INFO - Processing file /Users/naga/Desktop/airflow_env/lib/python3.12/site-packages/airflow/example_dags/example_branch_day_of_week_operator.py for tasks to queue
[2026-06-21T19:53:54.718-0500] {logging_mixin.py:188} INFO - [2026-06-21T19:53:54.718-0500] {dagbag.py:545} INFO - Filling up the DagBag from /Users/naga/Desktop/airflow_env/lib/python3.12/site-packages/airflow/example_dags/example_branch_day_of_week_operator.py
[2026-06-21T19:53:54.727-0500] {processor.py:840} INFO - DAG(s) 'example_weekday_branch_operator' retrieved from /Users/naga/Desktop/airflow_env/lib/python3.12/site-packages/airflow/example_dags/example_branch_day_of_week_operator.py
[2026-06-21T19:53:54.801-0500] {logging_mixin.py:188} INFO - [2026-06-21T19:53:54.801-0500] {dag.py:3089} INFO - Sync 1 DAGs
[2026-06-21T19:53:54.815-0500] {logging_mixin.py:188} INFO - [2026-06-21T19:53:54.815-0500] {dag.py:3947} INFO - Setting next_dagrun for example_weekday_branch_operator to 2026-06-21 00:00:00+00:00, run_after=2026-06-22 00:00:00+00:00
[2026-06-21T19:53:54.829-0500] {processor.py:183} INFO - Processing /Users/naga/Desktop/airflow_env/lib/python3.12/site-packages/airflow/example_dags/example_branch_day_of_week_operator.py took 0.114 seconds
[2026-06-21T19:56:42.040-0500] {processor.py:161} INFO - Started process (PID=62038) to work on /Users/naga/Desktop/airflow_env/lib/python3.12/site-packages/airflow/example_dags/example_branch_day_of_week_operator.py
[2026-06-21T19:56:42.041-0500] {processor.py:830} INFO - Processing file /Users/naga/Desktop/airflow_env/lib/python3.12/site-packages/airflow/example_dags/example_branch_day_of_week_operator.py for tasks to queue
[2026-06-21T19:56:42.041-0500] {logging_mixin.py:188} INFO - [2026-06-21T19:56:42.041-0500] {dagbag.py:545} INFO - Filling up the DagBag from /Users/naga/Desktop/airflow_env/lib/python3.12/site-packages/airflow/example_dags/example_branch_day_of_week_operator.py
[2026-06-21T19:56:42.050-0500] {processor.py:840} INFO - DAG(s) 'example_weekday_branch_operator' retrieved from /Users/naga/Desktop/airflow_env/lib/python3.12/site-packages/airflow/example_dags/example_branch_day_of_week_operator.py
[2026-06-21T19:56:42.125-0500] {logging_mixin.py:188} INFO - [2026-06-21T19:56:42.125-0500] {dag.py:3089} INFO - Sync 1 DAGs
[2026-06-21T19:56:42.139-0500] {logging_mixin.py:188} INFO - [2026-06-21T19:56:42.139-0500] {dag.py:3947} INFO - Setting next_dagrun for example_weekday_branch_operator to 2026-06-21 00:00:00+00:00, run_after=2026-06-22 00:00:00+00:00
[2026-06-21T19:56:42.152-0500] {processor.py:183} INFO - Processing /Users/naga/Desktop/airflow_env/lib/python3.12/site-packages/airflow/example_dags/example_branch_day_of_week_operator.py took 0.115 seconds
[2026-06-21T19:59:40.300-0500] {processor.py:161} INFO - Started process (PID=62176) to work on /Users/naga/Desktop/airflow_env/lib/python3.12/site-packages/airflow/example_dags/example_branch_day_of_week_operator.py
[2026-06-21T19:59:40.301-0500] {processor.py:830} INFO - Processing file /Users/naga/Desktop/airflow_env/lib/python3.12/site-packages/airflow/example_dags/example_branch_day_of_week_operator.py for tasks to queue
[2026-06-21T19:59:40.302-0500] {logging_mixin.py:188} INFO - [2026-06-21T19:59:40.302-0500] {dagbag.py:545} INFO - Filling up the DagBag from /Users/naga/Desktop/airflow_env/lib/python3.12/site-packages/airflow/example_dags/example_branch_day_of_week_operator.py
[2026-06-21T19:59:40.311-0500] {processor.py:840} INFO - DAG(s) 'example_weekday_branch_operator' retrieved from /Users/naga/Desktop/airflow_env/lib/python3.12/site-packages/airflow/example_dags/example_branch_day_of_week_operator.py
[2026-06-21T19:59:40.385-0500] {logging_mixin.py:188} INFO - [2026-06-21T19:59:40.385-0500] {dag.py:3089} INFO - Sync 1 DAGs
[2026-06-21T19:59:40.399-0500] {logging_mixin.py:188} INFO - [2026-06-21T19:59:40.398-0500] {dag.py:3947} INFO - Setting next_dagrun for example_weekday_branch_operator to 2026-06-21 00:00:00+00:00, run_after=2026-06-22 00:00:00+00:00
[2026-06-21T19:59:40.412-0500] {processor.py:183} INFO - Processing /Users/naga/Desktop/airflow_env/lib/python3.12/site-packages/airflow/example_dags/example_branch_day_of_week_operator.py took 0.114 seconds
[2026-06-21T20:02:31.359-0500] {processor.py:161} INFO - Started process (PID=62317) to work on /Users/naga/Desktop/airflow_env/lib/python3.12/site-packages/airflow/example_dags/example_branch_day_of_week_operator.py
[2026-06-21T20:02:31.360-0500] {processor.py:830} INFO - Processing file /Users/naga/Desktop/airflow_env/lib/python3.12/site-packages/airflow/example_dags/example_branch_day_of_week_operator.py for tasks to queue
[2026-06-21T20:02:31.361-0500] {logging_mixin.py:188} INFO - [2026-06-21T20:02:31.360-0500] {dagbag.py:545} INFO - Filling up the DagBag from /Users/naga/Desktop/airflow_env/lib/python3.12/site-packages/airflow/example_dags/example_branch_day_of_week_operator.py
[2026-06-21T20:02:31.369-0500] {processor.py:840} INFO - DAG(s) 'example_weekday_branch_operator' retrieved from /Users/naga/Desktop/airflow_env/lib/python3.12/site-packages/airflow/example_dags/example_branch_day_of_week_operator.py
[2026-06-21T20:02:31.444-0500] {logging_mixin.py:188} INFO - [2026-06-21T20:02:31.444-0500] {dag.py:3089} INFO - Sync 1 DAGs
[2026-06-21T20:02:31.458-0500] {logging_mixin.py:188} INFO - [2026-06-21T20:02:31.458-0500] {dag.py:3947} INFO - Setting next_dagrun for example_weekday_branch_operator to 2026-06-21 00:00:00+00:00, run_after=2026-06-22 00:00:00+00:00
[2026-06-21T20:02:31.472-0500] {processor.py:183} INFO - Processing /Users/naga/Desktop/airflow_env/lib/python3.12/site-packages/airflow/example_dags/example_branch_day_of_week_operator.py took 0.115 seconds
[2026-06-21T20:05:25.238-0500] {processor.py:161} INFO - Started process (PID=62436) to work on /Users/naga/Desktop/airflow_env/lib/python3.12/site-packages/airflow/example_dags/example_branch_day_of_week_operator.py
[2026-06-21T20:05:25.239-0500] {processor.py:830} INFO - Processing file /Users/naga/Desktop/airflow_env/lib/python3.12/site-packages/airflow/example_dags/example_branch_day_of_week_operator.py for tasks to queue
[2026-06-21T20:05:25.240-0500] {logging_mixin.py:188} INFO - [2026-06-21T20:05:25.239-0500] {dagbag.py:545} INFO - Filling up the DagBag from /Users/naga/Desktop/airflow_env/lib/python3.12/site-packages/airflow/example_dags/example_branch_day_of_week_operator.py
[2026-06-21T20:05:25.248-0500] {processor.py:840} INFO - DAG(s) 'example_weekday_branch_operator' retrieved from /Users/naga/Desktop/airflow_env/lib/python3.12/site-packages/airflow/example_dags/example_branch_day_of_week_operator.py
[2026-06-21T20:05:25.322-0500] {logging_mixin.py:188} INFO - [2026-06-21T20:05:25.322-0500] {dag.py:3089} INFO - Sync 1 DAGs
[2026-06-21T20:05:25.336-0500] {logging_mixin.py:188} INFO - [2026-06-21T20:05:25.336-0500] {dag.py:3947} INFO - Setting next_dagrun for example_weekday_branch_operator to 2026-06-21 00:00:00+00:00, run_after=2026-06-22 00:00:00+00:00
[2026-06-21T20:05:25.349-0500] {processor.py:183} INFO - Processing /Users/naga/Desktop/airflow_env/lib/python3.12/site-packages/airflow/example_dags/example_branch_day_of_week_operator.py took 0.113 seconds
[2026-06-21T20:08:25.184-0500] {processor.py:161} INFO - Started process (PID=62597) to work on /Users/naga/Desktop/airflow_env/lib/python3.12/site-packages/airflow/example_dags/example_branch_day_of_week_operator.py
[2026-06-21T20:08:25.185-0500] {processor.py:830} INFO - Processing file /Users/naga/Desktop/airflow_env/lib/python3.12/site-packages/airflow/example_dags/example_branch_day_of_week_operator.py for tasks to queue
[2026-06-21T20:08:25.186-0500] {logging_mixin.py:188} INFO - [2026-06-21T20:08:25.186-0500] {dagbag.py:545} INFO - Filling up the DagBag from /Users/naga/Desktop/airflow_env/lib/python3.12/site-packages/airflow/example_dags/example_branch_day_of_week_operator.py
[2026-06-21T20:08:25.195-0500] {processor.py:840} INFO - DAG(s) 'example_weekday_branch_operator' retrieved from /Users/naga/Desktop/airflow_env/lib/python3.12/site-packages/airflow/example_dags/example_branch_day_of_week_operator.py
[2026-06-21T20:08:25.272-0500] {logging_mixin.py:188} INFO - [2026-06-21T20:08:25.272-0500] {dag.py:3089} INFO - Sync 1 DAGs
[2026-06-21T20:08:25.287-0500] {logging_mixin.py:188} INFO - [2026-06-21T20:08:25.287-0500] {dag.py:3947} INFO - Setting next_dagrun for example_weekday_branch_operator to 2026-06-21 00:00:00+00:00, run_after=2026-06-22 00:00:00+00:00
[2026-06-21T20:08:25.300-0500] {processor.py:183} INFO - Processing /Users/naga/Desktop/airflow_env/lib/python3.12/site-packages/airflow/example_dags/example_branch_day_of_week_operator.py took 0.118 seconds
[2026-06-21T20:38:57.611-0500] {processor.py:161} INFO - Started process (PID=62801) to work on /Users/naga/Desktop/airflow_env/lib/python3.12/site-packages/airflow/example_dags/example_branch_day_of_week_operator.py
[2026-06-21T20:38:57.612-0500] {processor.py:830} INFO - Processing file /Users/naga/Desktop/airflow_env/lib/python3.12/site-packages/airflow/example_dags/example_branch_day_of_week_operator.py for tasks to queue
[2026-06-21T20:38:57.612-0500] {logging_mixin.py:188} INFO - [2026-06-21T20:38:57.612-0500] {dagbag.py:545} INFO - Filling up the DagBag from /Users/naga/Desktop/airflow_env/lib/python3.12/site-packages/airflow/example_dags/example_branch_day_of_week_operator.py
[2026-06-21T20:38:57.621-0500] {processor.py:840} INFO - DAG(s) 'example_weekday_branch_operator' retrieved from /Users/naga/Desktop/airflow_env/lib/python3.12/site-packages/airflow/example_dags/example_branch_day_of_week_operator.py
[2026-06-21T20:38:57.695-0500] {logging_mixin.py:188} INFO - [2026-06-21T20:38:57.695-0500] {dag.py:3089} INFO - Sync 1 DAGs
[2026-06-21T20:38:57.710-0500] {logging_mixin.py:188} INFO - [2026-06-21T20:38:57.710-0500] {dag.py:3947} INFO - Setting next_dagrun for example_weekday_branch_operator to 2026-06-21 00:00:00+00:00, run_after=2026-06-22 00:00:00+00:00
[2026-06-21T20:38:57.723-0500] {processor.py:183} INFO - Processing /Users/naga/Desktop/airflow_env/lib/python3.12/site-packages/airflow/example_dags/example_branch_day_of_week_operator.py took 0.115 seconds
[2026-06-21T20:42:03.295-0500] {processor.py:161} INFO - Started process (PID=63043) to work on /Users/naga/Desktop/airflow_env/lib/python3.12/site-packages/airflow/example_dags/example_branch_day_of_week_operator.py
[2026-06-21T20:42:03.296-0500] {processor.py:830} INFO - Processing file /Users/naga/Desktop/airflow_env/lib/python3.12/site-packages/airflow/example_dags/example_branch_day_of_week_operator.py for tasks to queue
[2026-06-21T20:42:03.297-0500] {logging_mixin.py:188} INFO - [2026-06-21T20:42:03.296-0500] {dagbag.py:545} INFO - Filling up the DagBag from /Users/naga/Desktop/airflow_env/lib/python3.12/site-packages/airflow/example_dags/example_branch_day_of_week_operator.py
[2026-06-21T20:42:03.305-0500] {processor.py:840} INFO - DAG(s) 'example_weekday_branch_operator' retrieved from /Users/naga/Desktop/airflow_env/lib/python3.12/site-packages/airflow/example_dags/example_branch_day_of_week_operator.py
[2026-06-21T20:42:03.380-0500] {logging_mixin.py:188} INFO - [2026-06-21T20:42:03.379-0500] {dag.py:3089} INFO - Sync 1 DAGs
[2026-06-21T20:42:03.393-0500] {logging_mixin.py:188} INFO - [2026-06-21T20:42:03.393-0500] {dag.py:3947} INFO - Setting next_dagrun for example_weekday_branch_operator to 2026-06-21 00:00:00+00:00, run_after=2026-06-22 00:00:00+00:00
[2026-06-21T20:42:03.407-0500] {processor.py:183} INFO - Processing /Users/naga/Desktop/airflow_env/lib/python3.12/site-packages/airflow/example_dags/example_branch_day_of_week_operator.py took 0.114 seconds
[2026-06-21T20:44:54.400-0500] {processor.py:161} INFO - Started process (PID=63223) to work on /Users/naga/Desktop/airflow_env/lib/python3.12/site-packages/airflow/example_dags/example_branch_day_of_week_operator.py
[2026-06-21T20:44:54.402-0500] {processor.py:830} INFO - Processing file /Users/naga/Desktop/airflow_env/lib/python3.12/site-packages/airflow/example_dags/example_branch_day_of_week_operator.py for tasks to queue
[2026-06-21T20:44:54.402-0500] {logging_mixin.py:188} INFO - [2026-06-21T20:44:54.402-0500] {dagbag.py:545} INFO - Filling up the DagBag from /Users/naga/Desktop/airflow_env/lib/python3.12/site-packages/airflow/example_dags/example_branch_day_of_week_operator.py
[2026-06-21T20:44:54.411-0500] {processor.py:840} INFO - DAG(s) 'example_weekday_branch_operator' retrieved from /Users/naga/Desktop/airflow_env/lib/python3.12/site-packages/airflow/example_dags/example_branch_day_of_week_operator.py
[2026-06-21T20:44:54.485-0500] {logging_mixin.py:188} INFO - [2026-06-21T20:44:54.485-0500] {dag.py:3089} INFO - Sync 1 DAGs
[2026-06-21T20:44:54.499-0500] {logging_mixin.py:188} INFO - [2026-06-21T20:44:54.498-0500] {dag.py:3947} INFO - Setting next_dagrun for example_weekday_branch_operator to 2026-06-21 00:00:00+00:00, run_after=2026-06-22 00:00:00+00:00
[2026-06-21T20:44:54.512-0500] {processor.py:183} INFO - Processing /Users/naga/Desktop/airflow_env/lib/python3.12/site-packages/airflow/example_dags/example_branch_day_of_week_operator.py took 0.113 seconds
[2026-06-21T20:47:44.781-0500] {processor.py:161} INFO - Started process (PID=63367) to work on /Users/naga/Desktop/airflow_env/lib/python3.12/site-packages/airflow/example_dags/example_branch_day_of_week_operator.py
[2026-06-21T20:47:44.782-0500] {processor.py:830} INFO - Processing file /Users/naga/Desktop/airflow_env/lib/python3.12/site-packages/airflow/example_dags/example_branch_day_of_week_operator.py for tasks to queue
[2026-06-21T20:47:44.782-0500] {logging_mixin.py:188} INFO - [2026-06-21T20:47:44.782-0500] {dagbag.py:545} INFO - Filling up the DagBag from /Users/naga/Desktop/airflow_env/lib/python3.12/site-packages/airflow/example_dags/example_branch_day_of_week_operator.py
[2026-06-21T20:47:44.791-0500] {processor.py:840} INFO - DAG(s) 'example_weekday_branch_operator' retrieved from /Users/naga/Desktop/airflow_env/lib/python3.12/site-packages/airflow/example_dags/example_branch_day_of_week_operator.py
[2026-06-21T20:47:44.865-0500] {logging_mixin.py:188} INFO - [2026-06-21T20:47:44.865-0500] {dag.py:3089} INFO - Sync 1 DAGs
[2026-06-21T20:47:44.879-0500] {logging_mixin.py:188} INFO - [2026-06-21T20:47:44.879-0500] {dag.py:3947} INFO - Setting next_dagrun for example_weekday_branch_operator to 2026-06-21 00:00:00+00:00, run_after=2026-06-22 00:00:00+00:00
[2026-06-21T20:47:44.893-0500] {processor.py:183} INFO - Processing /Users/naga/Desktop/airflow_env/lib/python3.12/site-packages/airflow/example_dags/example_branch_day_of_week_operator.py took 0.114 seconds
[2026-06-21T20:50:37.007-0500] {processor.py:161} INFO - Started process (PID=63491) to work on /Users/naga/Desktop/airflow_env/lib/python3.12/site-packages/airflow/example_dags/example_branch_day_of_week_operator.py
[2026-06-21T20:50:37.009-0500] {processor.py:830} INFO - Processing file /Users/naga/Desktop/airflow_env/lib/python3.12/site-packages/airflow/example_dags/example_branch_day_of_week_operator.py for tasks to queue
[2026-06-21T20:50:37.009-0500] {logging_mixin.py:188} INFO - [2026-06-21T20:50:37.009-0500] {dagbag.py:545} INFO - Filling up the DagBag from /Users/naga/Desktop/airflow_env/lib/python3.12/site-packages/airflow/example_dags/example_branch_day_of_week_operator.py
[2026-06-21T20:50:37.018-0500] {processor.py:840} INFO - DAG(s) 'example_weekday_branch_operator' retrieved from /Users/naga/Desktop/airflow_env/lib/python3.12/site-packages/airflow/example_dags/example_branch_day_of_week_operator.py
[2026-06-21T20:50:37.094-0500] {logging_mixin.py:188} INFO - [2026-06-21T20:50:37.093-0500] {dag.py:3089} INFO - Sync 1 DAGs
[2026-06-21T20:50:37.107-0500] {logging_mixin.py:188} INFO - [2026-06-21T20:50:37.107-0500] {dag.py:3947} INFO - Setting next_dagrun for example_weekday_branch_operator to 2026-06-21 00:00:00+00:00, run_after=2026-06-22 00:00:00+00:00
[2026-06-21T20:50:37.121-0500] {processor.py:183} INFO - Processing /Users/naga/Desktop/airflow_env/lib/python3.12/site-packages/airflow/example_dags/example_branch_day_of_week_operator.py took 0.116 seconds
[2026-06-21T20:53:33.092-0500] {processor.py:161} INFO - Started process (PID=63631) to work on /Users/naga/Desktop/airflow_env/lib/python3.12/site-packages/airflow/example_dags/example_branch_day_of_week_operator.py
[2026-06-21T20:53:33.093-0500] {processor.py:830} INFO - Processing file /Users/naga/Desktop/airflow_env/lib/python3.12/site-packages/airflow/example_dags/example_branch_day_of_week_operator.py for tasks to queue
[2026-06-21T20:53:33.093-0500] {logging_mixin.py:188} INFO - [2026-06-21T20:53:33.093-0500] {dagbag.py:545} INFO - Filling up the DagBag from /Users/naga/Desktop/airflow_env/lib/python3.12/site-packages/airflow/example_dags/example_branch_day_of_week_operator.py
[2026-06-21T20:53:33.102-0500] {processor.py:840} INFO - DAG(s) 'example_weekday_branch_operator' retrieved from /Users/naga/Desktop/airflow_env/lib/python3.12/site-packages/airflow/example_dags/example_branch_day_of_week_operator.py
[2026-06-21T20:53:33.177-0500] {logging_mixin.py:188} INFO - [2026-06-21T20:53:33.176-0500] {dag.py:3089} INFO - Sync 1 DAGs
[2026-06-21T20:53:33.191-0500] {logging_mixin.py:188} INFO - [2026-06-21T20:53:33.190-0500] {dag.py:3947} INFO - Setting next_dagrun for example_weekday_branch_operator to 2026-06-21 00:00:00+00:00, run_after=2026-06-22 00:00:00+00:00
[2026-06-21T20:53:33.204-0500] {processor.py:183} INFO - Processing /Users/naga/Desktop/airflow_env/lib/python3.12/site-packages/airflow/example_dags/example_branch_day_of_week_operator.py took 0.114 seconds
[2026-06-21T20:56:33.144-0500] {processor.py:161} INFO - Started process (PID=63875) to work on /Users/naga/Desktop/airflow_env/lib/python3.12/site-packages/airflow/example_dags/example_branch_day_of_week_operator.py
[2026-06-21T20:56:33.145-0500] {processor.py:830} INFO - Processing file /Users/naga/Desktop/airflow_env/lib/python3.12/site-packages/airflow/example_dags/example_branch_day_of_week_operator.py for tasks to queue
[2026-06-21T20:56:33.146-0500] {logging_mixin.py:188} INFO - [2026-06-21T20:56:33.146-0500] {dagbag.py:545} INFO - Filling up the DagBag from /Users/naga/Desktop/airflow_env/lib/python3.12/site-packages/airflow/example_dags/example_branch_day_of_week_operator.py
[2026-06-21T20:56:33.155-0500] {processor.py:840} INFO - DAG(s) 'example_weekday_branch_operator' retrieved from /Users/naga/Desktop/airflow_env/lib/python3.12/site-packages/airflow/example_dags/example_branch_day_of_week_operator.py
[2026-06-21T20:56:33.229-0500] {logging_mixin.py:188} INFO - [2026-06-21T20:56:33.229-0500] {dag.py:3089} INFO - Sync 1 DAGs
[2026-06-21T20:56:33.243-0500] {logging_mixin.py:188} INFO - [2026-06-21T20:56:33.242-0500] {dag.py:3947} INFO - Setting next_dagrun for example_weekday_branch_operator to 2026-06-21 00:00:00+00:00, run_after=2026-06-22 00:00:00+00:00
[2026-06-21T20:56:33.255-0500] {processor.py:183} INFO - Processing /Users/naga/Desktop/airflow_env/lib/python3.12/site-packages/airflow/example_dags/example_branch_day_of_week_operator.py took 0.114 seconds
[2026-06-21T21:41:35.499-0500] {processor.py:161} INFO - Started process (PID=64168) to work on /Users/naga/Desktop/airflow_env/lib/python3.12/site-packages/airflow/example_dags/example_branch_day_of_week_operator.py
[2026-06-21T21:41:35.500-0500] {processor.py:830} INFO - Processing file /Users/naga/Desktop/airflow_env/lib/python3.12/site-packages/airflow/example_dags/example_branch_day_of_week_operator.py for tasks to queue
[2026-06-21T21:41:35.501-0500] {logging_mixin.py:188} INFO - [2026-06-21T21:41:35.501-0500] {dagbag.py:545} INFO - Filling up the DagBag from /Users/naga/Desktop/airflow_env/lib/python3.12/site-packages/airflow/example_dags/example_branch_day_of_week_operator.py
[2026-06-21T21:41:35.511-0500] {processor.py:840} INFO - DAG(s) 'example_weekday_branch_operator' retrieved from /Users/naga/Desktop/airflow_env/lib/python3.12/site-packages/airflow/example_dags/example_branch_day_of_week_operator.py
[2026-06-21T21:41:35.592-0500] {logging_mixin.py:188} INFO - [2026-06-21T21:41:35.592-0500] {dag.py:3089} INFO - Sync 1 DAGs
[2026-06-21T21:41:35.606-0500] {logging_mixin.py:188} INFO - [2026-06-21T21:41:35.606-0500] {dag.py:3947} INFO - Setting next_dagrun for example_weekday_branch_operator to 2026-06-21 00:00:00+00:00, run_after=2026-06-22 00:00:00+00:00
[2026-06-21T21:41:35.622-0500] {processor.py:183} INFO - Processing /Users/naga/Desktop/airflow_env/lib/python3.12/site-packages/airflow/example_dags/example_branch_day_of_week_operator.py took 0.126 seconds
[2026-06-21T21:44:55.285-0500] {processor.py:161} INFO - Started process (PID=64345) to work on /Users/naga/Desktop/airflow_env/lib/python3.12/site-packages/airflow/example_dags/example_branch_day_of_week_operator.py
[2026-06-21T21:44:55.286-0500] {processor.py:830} INFO - Processing file /Users/naga/Desktop/airflow_env/lib/python3.12/site-packages/airflow/example_dags/example_branch_day_of_week_operator.py for tasks to queue
[2026-06-21T21:44:55.287-0500] {logging_mixin.py:188} INFO - [2026-06-21T21:44:55.287-0500] {dagbag.py:545} INFO - Filling up the DagBag from /Users/naga/Desktop/airflow_env/lib/python3.12/site-packages/airflow/example_dags/example_branch_day_of_week_operator.py
[2026-06-21T21:44:55.299-0500] {processor.py:840} INFO - DAG(s) 'example_weekday_branch_operator' retrieved from /Users/naga/Desktop/airflow_env/lib/python3.12/site-packages/airflow/example_dags/example_branch_day_of_week_operator.py
[2026-06-21T21:44:55.374-0500] {logging_mixin.py:188} INFO - [2026-06-21T21:44:55.374-0500] {dag.py:3089} INFO - Sync 1 DAGs
[2026-06-21T21:44:55.388-0500] {logging_mixin.py:188} INFO - [2026-06-21T21:44:55.388-0500] {dag.py:3947} INFO - Setting next_dagrun for example_weekday_branch_operator to 2026-06-21 00:00:00+00:00, run_after=2026-06-22 00:00:00+00:00
[2026-06-21T21:44:55.402-0500] {processor.py:183} INFO - Processing /Users/naga/Desktop/airflow_env/lib/python3.12/site-packages/airflow/example_dags/example_branch_day_of_week_operator.py took 0.120 seconds
[2026-06-21T21:48:34.794-0500] {processor.py:161} INFO - Started process (PID=64705) to work on /Users/naga/Desktop/airflow_env/lib/python3.12/site-packages/airflow/example_dags/example_branch_day_of_week_operator.py
[2026-06-21T21:48:34.796-0500] {processor.py:830} INFO - Processing file /Users/naga/Desktop/airflow_env/lib/python3.12/site-packages/airflow/example_dags/example_branch_day_of_week_operator.py for tasks to queue
[2026-06-21T21:48:34.796-0500] {logging_mixin.py:188} INFO - [2026-06-21T21:48:34.796-0500] {dagbag.py:545} INFO - Filling up the DagBag from /Users/naga/Desktop/airflow_env/lib/python3.12/site-packages/airflow/example_dags/example_branch_day_of_week_operator.py
[2026-06-21T21:48:34.807-0500] {processor.py:840} INFO - DAG(s) 'example_weekday_branch_operator' retrieved from /Users/naga/Desktop/airflow_env/lib/python3.12/site-packages/airflow/example_dags/example_branch_day_of_week_operator.py
[2026-06-21T21:48:34.882-0500] {logging_mixin.py:188} INFO - [2026-06-21T21:48:34.882-0500] {dag.py:3089} INFO - Sync 1 DAGs
[2026-06-21T21:48:34.896-0500] {logging_mixin.py:188} INFO - [2026-06-21T21:48:34.896-0500] {dag.py:3947} INFO - Setting next_dagrun for example_weekday_branch_operator to 2026-06-21 00:00:00+00:00, run_after=2026-06-22 00:00:00+00:00
[2026-06-21T21:48:34.909-0500] {processor.py:183} INFO - Processing /Users/naga/Desktop/airflow_env/lib/python3.12/site-packages/airflow/example_dags/example_branch_day_of_week_operator.py took 0.118 seconds
[2026-06-21T21:52:41.148-0500] {processor.py:161} INFO - Started process (PID=64924) to work on /Users/naga/Desktop/airflow_env/lib/python3.12/site-packages/airflow/example_dags/example_branch_day_of_week_operator.py
[2026-06-21T21:52:41.149-0500] {processor.py:830} INFO - Processing file /Users/naga/Desktop/airflow_env/lib/python3.12/site-packages/airflow/example_dags/example_branch_day_of_week_operator.py for tasks to queue
[2026-06-21T21:52:41.150-0500] {logging_mixin.py:188} INFO - [2026-06-21T21:52:41.150-0500] {dagbag.py:545} INFO - Filling up the DagBag from /Users/naga/Desktop/airflow_env/lib/python3.12/site-packages/airflow/example_dags/example_branch_day_of_week_operator.py
[2026-06-21T21:52:41.160-0500] {processor.py:840} INFO - DAG(s) 'example_weekday_branch_operator' retrieved from /Users/naga/Desktop/airflow_env/lib/python3.12/site-packages/airflow/example_dags/example_branch_day_of_week_operator.py
[2026-06-21T21:52:41.234-0500] {logging_mixin.py:188} INFO - [2026-06-21T21:52:41.234-0500] {dag.py:3089} INFO - Sync 1 DAGs
[2026-06-21T21:52:41.247-0500] {logging_mixin.py:188} INFO - [2026-06-21T21:52:41.247-0500] {dag.py:3947} INFO - Setting next_dagrun for example_weekday_branch_operator to 2026-06-21 00:00:00+00:00, run_after=2026-06-22 00:00:00+00:00
[2026-06-21T21:52:41.261-0500] {processor.py:183} INFO - Processing /Users/naga/Desktop/airflow_env/lib/python3.12/site-packages/airflow/example_dags/example_branch_day_of_week_operator.py took 0.115 seconds
[2026-06-21T21:56:12.627-0500] {processor.py:161} INFO - Started process (PID=65399) to work on /Users/naga/Desktop/airflow_env/lib/python3.12/site-packages/airflow/example_dags/example_branch_day_of_week_operator.py
[2026-06-21T21:56:12.628-0500] {processor.py:830} INFO - Processing file /Users/naga/Desktop/airflow_env/lib/python3.12/site-packages/airflow/example_dags/example_branch_day_of_week_operator.py for tasks to queue
[2026-06-21T21:56:12.629-0500] {logging_mixin.py:188} INFO - [2026-06-21T21:56:12.629-0500] {dagbag.py:545} INFO - Filling up the DagBag from /Users/naga/Desktop/airflow_env/lib/python3.12/site-packages/airflow/example_dags/example_branch_day_of_week_operator.py
[2026-06-21T21:56:12.639-0500] {processor.py:840} INFO - DAG(s) 'example_weekday_branch_operator' retrieved from /Users/naga/Desktop/airflow_env/lib/python3.12/site-packages/airflow/example_dags/example_branch_day_of_week_operator.py
[2026-06-21T21:56:12.714-0500] {logging_mixin.py:188} INFO - [2026-06-21T21:56:12.714-0500] {dag.py:3089} INFO - Sync 1 DAGs
[2026-06-21T21:56:12.728-0500] {logging_mixin.py:188} INFO - [2026-06-21T21:56:12.728-0500] {dag.py:3947} INFO - Setting next_dagrun for example_weekday_branch_operator to 2026-06-21 00:00:00+00:00, run_after=2026-06-22 00:00:00+00:00
[2026-06-21T21:56:12.742-0500] {processor.py:183} INFO - Processing /Users/naga/Desktop/airflow_env/lib/python3.12/site-packages/airflow/example_dags/example_branch_day_of_week_operator.py took 0.117 seconds
