[2026-06-21T19:46:16.263-0500] {processor.py:161} INFO - Started process (PID=61458) to work on /Users/naga/Desktop/airflow_env/lib/python3.12/site-packages/airflow/example_dags/example_datasets.py
[2026-06-21T19:46:16.264-0500] {processor.py:830} INFO - Processing file /Users/naga/Desktop/airflow_env/lib/python3.12/site-packages/airflow/example_dags/example_datasets.py for tasks to queue
[2026-06-21T19:46:16.264-0500] {logging_mixin.py:188} INFO - [2026-06-21T19:46:16.264-0500] {dagbag.py:545} INFO - Filling up the DagBag from /Users/naga/Desktop/airflow_env/lib/python3.12/site-packages/airflow/example_dags/example_datasets.py
[2026-06-21T19:46:16.307-0500] {processor.py:840} INFO - DAG(s) 'dataset_produces_2', 'consume_1_or_both_2_and_3_with_dataset_expressions', 'dataset_consumes_1_never_scheduled', 'dataset_consumes_1_and_2', 'dataset_produces_1', 'consume_1_or_2_with_dataset_expressions', 'consume_1_and_2_with_dataset_expressions', 'conditional_dataset_and_time_based_timetable', 'dataset_consumes_unknown_never_scheduled', 'dataset_consumes_1' retrieved from /Users/naga/Desktop/airflow_env/lib/python3.12/site-packages/airflow/example_dags/example_datasets.py
[2026-06-21T19:46:16.399-0500] {logging_mixin.py:188} INFO - [2026-06-21T19:46:16.399-0500] {dag.py:3089} INFO - Sync 10 DAGs
[2026-06-21T19:46:16.415-0500] {logging_mixin.py:188} INFO - [2026-06-21T19:46:16.414-0500] {dag.py:3947} INFO - Setting next_dagrun for conditional_dataset_and_time_based_timetable to 2026-06-17 01:00:00+00:00, run_after=2026-06-17 01:00:00+00:00
[2026-06-21T19:46:16.417-0500] {logging_mixin.py:188} INFO - [2026-06-21T19:46:16.417-0500] {dag.py:3947} INFO - Setting next_dagrun for consume_1_and_2_with_dataset_expressions to None, run_after=None
[2026-06-21T19:46:16.418-0500] {logging_mixin.py:188} INFO - [2026-06-21T19:46:16.418-0500] {dag.py:3947} INFO - Setting next_dagrun for consume_1_or_2_with_dataset_expressions to None, run_after=None
[2026-06-21T19:46:16.418-0500] {logging_mixin.py:188} INFO - [2026-06-21T19:46:16.418-0500] {dag.py:3947} INFO - Setting next_dagrun for consume_1_or_both_2_and_3_with_dataset_expressions to None, run_after=None
[2026-06-21T19:46:16.419-0500] {logging_mixin.py:188} INFO - [2026-06-21T19:46:16.419-0500] {dag.py:3947} INFO - Setting next_dagrun for dataset_consumes_1 to None, run_after=None
[2026-06-21T19:46:16.420-0500] {logging_mixin.py:188} INFO - [2026-06-21T19:46:16.420-0500] {dag.py:3947} INFO - Setting next_dagrun for dataset_consumes_1_and_2 to None, run_after=None
[2026-06-21T19:46:16.420-0500] {logging_mixin.py:188} INFO - [2026-06-21T19:46:16.420-0500] {dag.py:3947} INFO - Setting next_dagrun for dataset_consumes_1_never_scheduled to None, run_after=None
[2026-06-21T19:46:16.421-0500] {logging_mixin.py:188} INFO - [2026-06-21T19:46:16.421-0500] {dag.py:3947} INFO - Setting next_dagrun for dataset_consumes_unknown_never_scheduled to None, run_after=None
[2026-06-21T19:46:16.422-0500] {logging_mixin.py:188} INFO - [2026-06-21T19:46:16.422-0500] {dag.py:3947} INFO - Setting next_dagrun for dataset_produces_1 to 2026-06-21 00:00:00+00:00, run_after=2026-06-22 00:00:00+00:00
[2026-06-21T19:46:16.423-0500] {logging_mixin.py:188} INFO - [2026-06-21T19:46:16.423-0500] {dag.py:3947} INFO - Setting next_dagrun for dataset_produces_2 to None, run_after=None
[2026-06-21T19:46:16.443-0500] {processor.py:183} INFO - Processing /Users/naga/Desktop/airflow_env/lib/python3.12/site-packages/airflow/example_dags/example_datasets.py took 0.182 seconds
[2026-06-21T19:49:15.106-0500] {processor.py:161} INFO - Started process (PID=61587) to work on /Users/naga/Desktop/airflow_env/lib/python3.12/site-packages/airflow/example_dags/example_datasets.py
[2026-06-21T19:49:15.107-0500] {processor.py:830} INFO - Processing file /Users/naga/Desktop/airflow_env/lib/python3.12/site-packages/airflow/example_dags/example_datasets.py for tasks to queue
[2026-06-21T19:49:15.107-0500] {logging_mixin.py:188} INFO - [2026-06-21T19:49:15.107-0500] {dagbag.py:545} INFO - Filling up the DagBag from /Users/naga/Desktop/airflow_env/lib/python3.12/site-packages/airflow/example_dags/example_datasets.py
[2026-06-21T19:49:15.151-0500] {processor.py:840} INFO - DAG(s) 'dataset_produces_1', 'dataset_consumes_1', 'consume_1_or_2_with_dataset_expressions', 'consume_1_or_both_2_and_3_with_dataset_expressions', 'dataset_consumes_1_and_2', 'conditional_dataset_and_time_based_timetable', 'dataset_produces_2', 'dataset_consumes_1_never_scheduled', 'dataset_consumes_unknown_never_scheduled', 'consume_1_and_2_with_dataset_expressions' retrieved from /Users/naga/Desktop/airflow_env/lib/python3.12/site-packages/airflow/example_dags/example_datasets.py
[2026-06-21T19:49:15.241-0500] {logging_mixin.py:188} INFO - [2026-06-21T19:49:15.241-0500] {dag.py:3089} INFO - Sync 10 DAGs
[2026-06-21T19:49:15.256-0500] {logging_mixin.py:188} INFO - [2026-06-21T19:49:15.256-0500] {dag.py:3947} INFO - Setting next_dagrun for conditional_dataset_and_time_based_timetable to 2026-06-17 01:00:00+00:00, run_after=2026-06-17 01:00:00+00:00
[2026-06-21T19:49:15.258-0500] {logging_mixin.py:188} INFO - [2026-06-21T19:49:15.258-0500] {dag.py:3947} INFO - Setting next_dagrun for consume_1_and_2_with_dataset_expressions to None, run_after=None
[2026-06-21T19:49:15.259-0500] {logging_mixin.py:188} INFO - [2026-06-21T19:49:15.259-0500] {dag.py:3947} INFO - Setting next_dagrun for consume_1_or_2_with_dataset_expressions to None, run_after=None
[2026-06-21T19:49:15.260-0500] {logging_mixin.py:188} INFO - [2026-06-21T19:49:15.260-0500] {dag.py:3947} INFO - Setting next_dagrun for consume_1_or_both_2_and_3_with_dataset_expressions to None, run_after=None
[2026-06-21T19:49:15.260-0500] {logging_mixin.py:188} INFO - [2026-06-21T19:49:15.260-0500] {dag.py:3947} INFO - Setting next_dagrun for dataset_consumes_1 to None, run_after=None
[2026-06-21T19:49:15.261-0500] {logging_mixin.py:188} INFO - [2026-06-21T19:49:15.261-0500] {dag.py:3947} INFO - Setting next_dagrun for dataset_consumes_1_and_2 to None, run_after=None
[2026-06-21T19:49:15.262-0500] {logging_mixin.py:188} INFO - [2026-06-21T19:49:15.261-0500] {dag.py:3947} INFO - Setting next_dagrun for dataset_consumes_1_never_scheduled to None, run_after=None
[2026-06-21T19:49:15.262-0500] {logging_mixin.py:188} INFO - [2026-06-21T19:49:15.262-0500] {dag.py:3947} INFO - Setting next_dagrun for dataset_consumes_unknown_never_scheduled to None, run_after=None
[2026-06-21T19:49:15.264-0500] {logging_mixin.py:188} INFO - [2026-06-21T19:49:15.263-0500] {dag.py:3947} INFO - Setting next_dagrun for dataset_produces_1 to 2026-06-21 00:00:00+00:00, run_after=2026-06-22 00:00:00+00:00
[2026-06-21T19:49:15.264-0500] {logging_mixin.py:188} INFO - [2026-06-21T19:49:15.264-0500] {dag.py:3947} INFO - Setting next_dagrun for dataset_produces_2 to None, run_after=None
[2026-06-21T19:49:15.284-0500] {processor.py:183} INFO - Processing /Users/naga/Desktop/airflow_env/lib/python3.12/site-packages/airflow/example_dags/example_datasets.py took 0.181 seconds
[2026-06-21T19:52:19.048-0500] {processor.py:161} INFO - Started process (PID=61842) to work on /Users/naga/Desktop/airflow_env/lib/python3.12/site-packages/airflow/example_dags/example_datasets.py
[2026-06-21T19:52:19.049-0500] {processor.py:830} INFO - Processing file /Users/naga/Desktop/airflow_env/lib/python3.12/site-packages/airflow/example_dags/example_datasets.py for tasks to queue
[2026-06-21T19:52:19.049-0500] {logging_mixin.py:188} INFO - [2026-06-21T19:52:19.049-0500] {dagbag.py:545} INFO - Filling up the DagBag from /Users/naga/Desktop/airflow_env/lib/python3.12/site-packages/airflow/example_dags/example_datasets.py
[2026-06-21T19:52:19.093-0500] {processor.py:840} INFO - DAG(s) 'dataset_produces_1', 'dataset_consumes_unknown_never_scheduled', 'dataset_produces_2', 'consume_1_and_2_with_dataset_expressions', 'dataset_consumes_1_never_scheduled', 'dataset_consumes_1_and_2', 'dataset_consumes_1', 'consume_1_or_both_2_and_3_with_dataset_expressions', 'consume_1_or_2_with_dataset_expressions', 'conditional_dataset_and_time_based_timetable' retrieved from /Users/naga/Desktop/airflow_env/lib/python3.12/site-packages/airflow/example_dags/example_datasets.py
[2026-06-21T19:52:19.183-0500] {logging_mixin.py:188} INFO - [2026-06-21T19:52:19.182-0500] {dag.py:3089} INFO - Sync 10 DAGs
[2026-06-21T19:52:19.197-0500] {logging_mixin.py:188} INFO - [2026-06-21T19:52:19.197-0500] {dag.py:3947} INFO - Setting next_dagrun for conditional_dataset_and_time_based_timetable to 2026-06-17 01:00:00+00:00, run_after=2026-06-17 01:00:00+00:00
[2026-06-21T19:52:19.200-0500] {logging_mixin.py:188} INFO - [2026-06-21T19:52:19.200-0500] {dag.py:3947} INFO - Setting next_dagrun for consume_1_and_2_with_dataset_expressions to None, run_after=None
[2026-06-21T19:52:19.200-0500] {logging_mixin.py:188} INFO - [2026-06-21T19:52:19.200-0500] {dag.py:3947} INFO - Setting next_dagrun for consume_1_or_2_with_dataset_expressions to None, run_after=None
[2026-06-21T19:52:19.201-0500] {logging_mixin.py:188} INFO - [2026-06-21T19:52:19.201-0500] {dag.py:3947} INFO - Setting next_dagrun for consume_1_or_both_2_and_3_with_dataset_expressions to None, run_after=None
[2026-06-21T19:52:19.202-0500] {logging_mixin.py:188} INFO - [2026-06-21T19:52:19.201-0500] {dag.py:3947} INFO - Setting next_dagrun for dataset_consumes_1 to None, run_after=None
[2026-06-21T19:52:19.202-0500] {logging_mixin.py:188} INFO - [2026-06-21T19:52:19.202-0500] {dag.py:3947} INFO - Setting next_dagrun for dataset_consumes_1_and_2 to None, run_after=None
[2026-06-21T19:52:19.203-0500] {logging_mixin.py:188} INFO - [2026-06-21T19:52:19.203-0500] {dag.py:3947} INFO - Setting next_dagrun for dataset_consumes_1_never_scheduled to None, run_after=None
[2026-06-21T19:52:19.203-0500] {logging_mixin.py:188} INFO - [2026-06-21T19:52:19.203-0500] {dag.py:3947} INFO - Setting next_dagrun for dataset_consumes_unknown_never_scheduled to None, run_after=None
[2026-06-21T19:52:19.205-0500] {logging_mixin.py:188} INFO - [2026-06-21T19:52:19.205-0500] {dag.py:3947} INFO - Setting next_dagrun for dataset_produces_1 to 2026-06-21 00:00:00+00:00, run_after=2026-06-22 00:00:00+00:00
[2026-06-21T19:52:19.205-0500] {logging_mixin.py:188} INFO - [2026-06-21T19:52:19.205-0500] {dag.py:3947} INFO - Setting next_dagrun for dataset_produces_2 to None, run_after=None
[2026-06-21T19:52:19.224-0500] {processor.py:183} INFO - Processing /Users/naga/Desktop/airflow_env/lib/python3.12/site-packages/airflow/example_dags/example_datasets.py took 0.179 seconds
[2026-06-21T19:55:07.734-0500] {processor.py:161} INFO - Started process (PID=61968) to work on /Users/naga/Desktop/airflow_env/lib/python3.12/site-packages/airflow/example_dags/example_datasets.py
[2026-06-21T19:55:07.736-0500] {processor.py:830} INFO - Processing file /Users/naga/Desktop/airflow_env/lib/python3.12/site-packages/airflow/example_dags/example_datasets.py for tasks to queue
[2026-06-21T19:55:07.736-0500] {logging_mixin.py:188} INFO - [2026-06-21T19:55:07.736-0500] {dagbag.py:545} INFO - Filling up the DagBag from /Users/naga/Desktop/airflow_env/lib/python3.12/site-packages/airflow/example_dags/example_datasets.py
[2026-06-21T19:55:07.780-0500] {processor.py:840} INFO - DAG(s) 'dataset_produces_1', 'dataset_consumes_unknown_never_scheduled', 'dataset_produces_2', 'dataset_consumes_1_never_scheduled', 'consume_1_or_both_2_and_3_with_dataset_expressions', 'consume_1_or_2_with_dataset_expressions', 'dataset_consumes_1', 'dataset_consumes_1_and_2', 'consume_1_and_2_with_dataset_expressions', 'conditional_dataset_and_time_based_timetable' retrieved from /Users/naga/Desktop/airflow_env/lib/python3.12/site-packages/airflow/example_dags/example_datasets.py
[2026-06-21T19:55:07.871-0500] {logging_mixin.py:188} INFO - [2026-06-21T19:55:07.870-0500] {dag.py:3089} INFO - Sync 10 DAGs
[2026-06-21T19:55:07.886-0500] {logging_mixin.py:188} INFO - [2026-06-21T19:55:07.885-0500] {dag.py:3947} INFO - Setting next_dagrun for conditional_dataset_and_time_based_timetable to 2026-06-17 01:00:00+00:00, run_after=2026-06-17 01:00:00+00:00
[2026-06-21T19:55:07.888-0500] {logging_mixin.py:188} INFO - [2026-06-21T19:55:07.888-0500] {dag.py:3947} INFO - Setting next_dagrun for consume_1_and_2_with_dataset_expressions to None, run_after=None
[2026-06-21T19:55:07.889-0500] {logging_mixin.py:188} INFO - [2026-06-21T19:55:07.889-0500] {dag.py:3947} INFO - Setting next_dagrun for consume_1_or_2_with_dataset_expressions to None, run_after=None
[2026-06-21T19:55:07.890-0500] {logging_mixin.py:188} INFO - [2026-06-21T19:55:07.890-0500] {dag.py:3947} INFO - Setting next_dagrun for consume_1_or_both_2_and_3_with_dataset_expressions to None, run_after=None
[2026-06-21T19:55:07.891-0500] {logging_mixin.py:188} INFO - [2026-06-21T19:55:07.891-0500] {dag.py:3947} INFO - Setting next_dagrun for dataset_consumes_1 to None, run_after=None
[2026-06-21T19:55:07.891-0500] {logging_mixin.py:188} INFO - [2026-06-21T19:55:07.891-0500] {dag.py:3947} INFO - Setting next_dagrun for dataset_consumes_1_and_2 to None, run_after=None
[2026-06-21T19:55:07.892-0500] {logging_mixin.py:188} INFO - [2026-06-21T19:55:07.892-0500] {dag.py:3947} INFO - Setting next_dagrun for dataset_consumes_1_never_scheduled to None, run_after=None
[2026-06-21T19:55:07.892-0500] {logging_mixin.py:188} INFO - [2026-06-21T19:55:07.892-0500] {dag.py:3947} INFO - Setting next_dagrun for dataset_consumes_unknown_never_scheduled to None, run_after=None
[2026-06-21T19:55:07.894-0500] {logging_mixin.py:188} INFO - [2026-06-21T19:55:07.894-0500] {dag.py:3947} INFO - Setting next_dagrun for dataset_produces_1 to 2026-06-21 00:00:00+00:00, run_after=2026-06-22 00:00:00+00:00
[2026-06-21T19:55:07.894-0500] {logging_mixin.py:188} INFO - [2026-06-21T19:55:07.894-0500] {dag.py:3947} INFO - Setting next_dagrun for dataset_produces_2 to None, run_after=None
[2026-06-21T19:55:07.913-0500] {processor.py:183} INFO - Processing /Users/naga/Desktop/airflow_env/lib/python3.12/site-packages/airflow/example_dags/example_datasets.py took 0.181 seconds
[2026-06-21T19:58:02.571-0500] {processor.py:161} INFO - Started process (PID=62115) to work on /Users/naga/Desktop/airflow_env/lib/python3.12/site-packages/airflow/example_dags/example_datasets.py
[2026-06-21T19:58:02.573-0500] {processor.py:830} INFO - Processing file /Users/naga/Desktop/airflow_env/lib/python3.12/site-packages/airflow/example_dags/example_datasets.py for tasks to queue
[2026-06-21T19:58:02.573-0500] {logging_mixin.py:188} INFO - [2026-06-21T19:58:02.573-0500] {dagbag.py:545} INFO - Filling up the DagBag from /Users/naga/Desktop/airflow_env/lib/python3.12/site-packages/airflow/example_dags/example_datasets.py
[2026-06-21T19:58:02.618-0500] {processor.py:840} INFO - DAG(s) 'dataset_consumes_1', 'consume_1_or_both_2_and_3_with_dataset_expressions', 'dataset_consumes_1_and_2', 'dataset_consumes_unknown_never_scheduled', 'consume_1_and_2_with_dataset_expressions', 'dataset_produces_1', 'consume_1_or_2_with_dataset_expressions', 'dataset_produces_2', 'conditional_dataset_and_time_based_timetable', 'dataset_consumes_1_never_scheduled' retrieved from /Users/naga/Desktop/airflow_env/lib/python3.12/site-packages/airflow/example_dags/example_datasets.py
[2026-06-21T19:58:02.708-0500] {logging_mixin.py:188} INFO - [2026-06-21T19:58:02.708-0500] {dag.py:3089} INFO - Sync 10 DAGs
[2026-06-21T19:58:02.723-0500] {logging_mixin.py:188} INFO - [2026-06-21T19:58:02.723-0500] {dag.py:3947} INFO - Setting next_dagrun for conditional_dataset_and_time_based_timetable to 2026-06-17 01:00:00+00:00, run_after=2026-06-17 01:00:00+00:00
[2026-06-21T19:58:02.725-0500] {logging_mixin.py:188} INFO - [2026-06-21T19:58:02.725-0500] {dag.py:3947} INFO - Setting next_dagrun for consume_1_and_2_with_dataset_expressions to None, run_after=None
[2026-06-21T19:58:02.726-0500] {logging_mixin.py:188} INFO - [2026-06-21T19:58:02.726-0500] {dag.py:3947} INFO - Setting next_dagrun for consume_1_or_2_with_dataset_expressions to None, run_after=None
[2026-06-21T19:58:02.727-0500] {logging_mixin.py:188} INFO - [2026-06-21T19:58:02.726-0500] {dag.py:3947} INFO - Setting next_dagrun for consume_1_or_both_2_and_3_with_dataset_expressions to None, run_after=None
[2026-06-21T19:58:02.727-0500] {logging_mixin.py:188} INFO - [2026-06-21T19:58:02.727-0500] {dag.py:3947} INFO - Setting next_dagrun for dataset_consumes_1 to None, run_after=None
[2026-06-21T19:58:02.728-0500] {logging_mixin.py:188} INFO - [2026-06-21T19:58:02.728-0500] {dag.py:3947} INFO - Setting next_dagrun for dataset_consumes_1_and_2 to None, run_after=None
[2026-06-21T19:58:02.729-0500] {logging_mixin.py:188} INFO - [2026-06-21T19:58:02.729-0500] {dag.py:3947} INFO - Setting next_dagrun for dataset_consumes_1_never_scheduled to None, run_after=None
[2026-06-21T19:58:02.730-0500] {logging_mixin.py:188} INFO - [2026-06-21T19:58:02.729-0500] {dag.py:3947} INFO - Setting next_dagrun for dataset_consumes_unknown_never_scheduled to None, run_after=None
[2026-06-21T19:58:02.731-0500] {logging_mixin.py:188} INFO - [2026-06-21T19:58:02.731-0500] {dag.py:3947} INFO - Setting next_dagrun for dataset_produces_1 to 2026-06-21 00:00:00+00:00, run_after=2026-06-22 00:00:00+00:00
[2026-06-21T19:58:02.732-0500] {logging_mixin.py:188} INFO - [2026-06-21T19:58:02.731-0500] {dag.py:3947} INFO - Setting next_dagrun for dataset_produces_2 to None, run_after=None
[2026-06-21T19:58:02.751-0500] {processor.py:183} INFO - Processing /Users/naga/Desktop/airflow_env/lib/python3.12/site-packages/airflow/example_dags/example_datasets.py took 0.182 seconds
[2026-06-21T20:00:56.356-0500] {processor.py:161} INFO - Started process (PID=62245) to work on /Users/naga/Desktop/airflow_env/lib/python3.12/site-packages/airflow/example_dags/example_datasets.py
[2026-06-21T20:00:56.357-0500] {processor.py:830} INFO - Processing file /Users/naga/Desktop/airflow_env/lib/python3.12/site-packages/airflow/example_dags/example_datasets.py for tasks to queue
[2026-06-21T20:00:56.358-0500] {logging_mixin.py:188} INFO - [2026-06-21T20:00:56.358-0500] {dagbag.py:545} INFO - Filling up the DagBag from /Users/naga/Desktop/airflow_env/lib/python3.12/site-packages/airflow/example_dags/example_datasets.py
[2026-06-21T20:00:56.402-0500] {processor.py:840} INFO - DAG(s) 'dataset_consumes_1_never_scheduled', 'consume_1_and_2_with_dataset_expressions', 'dataset_produces_1', 'consume_1_or_both_2_and_3_with_dataset_expressions', 'dataset_produces_2', 'dataset_consumes_1', 'conditional_dataset_and_time_based_timetable', 'dataset_consumes_unknown_never_scheduled', 'dataset_consumes_1_and_2', 'consume_1_or_2_with_dataset_expressions' retrieved from /Users/naga/Desktop/airflow_env/lib/python3.12/site-packages/airflow/example_dags/example_datasets.py
[2026-06-21T20:00:56.492-0500] {logging_mixin.py:188} INFO - [2026-06-21T20:00:56.491-0500] {dag.py:3089} INFO - Sync 10 DAGs
[2026-06-21T20:00:56.506-0500] {logging_mixin.py:188} INFO - [2026-06-21T20:00:56.506-0500] {dag.py:3947} INFO - Setting next_dagrun for conditional_dataset_and_time_based_timetable to 2026-06-17 01:00:00+00:00, run_after=2026-06-17 01:00:00+00:00
[2026-06-21T20:00:56.509-0500] {logging_mixin.py:188} INFO - [2026-06-21T20:00:56.509-0500] {dag.py:3947} INFO - Setting next_dagrun for consume_1_and_2_with_dataset_expressions to None, run_after=None
[2026-06-21T20:00:56.509-0500] {logging_mixin.py:188} INFO - [2026-06-21T20:00:56.509-0500] {dag.py:3947} INFO - Setting next_dagrun for consume_1_or_2_with_dataset_expressions to None, run_after=None
[2026-06-21T20:00:56.510-0500] {logging_mixin.py:188} INFO - [2026-06-21T20:00:56.510-0500] {dag.py:3947} INFO - Setting next_dagrun for consume_1_or_both_2_and_3_with_dataset_expressions to None, run_after=None
[2026-06-21T20:00:56.511-0500] {logging_mixin.py:188} INFO - [2026-06-21T20:00:56.511-0500] {dag.py:3947} INFO - Setting next_dagrun for dataset_consumes_1 to None, run_after=None
[2026-06-21T20:00:56.511-0500] {logging_mixin.py:188} INFO - [2026-06-21T20:00:56.511-0500] {dag.py:3947} INFO - Setting next_dagrun for dataset_consumes_1_and_2 to None, run_after=None
[2026-06-21T20:00:56.512-0500] {logging_mixin.py:188} INFO - [2026-06-21T20:00:56.512-0500] {dag.py:3947} INFO - Setting next_dagrun for dataset_consumes_1_never_scheduled to None, run_after=None
[2026-06-21T20:00:56.512-0500] {logging_mixin.py:188} INFO - [2026-06-21T20:00:56.512-0500] {dag.py:3947} INFO - Setting next_dagrun for dataset_consumes_unknown_never_scheduled to None, run_after=None
[2026-06-21T20:00:56.514-0500] {logging_mixin.py:188} INFO - [2026-06-21T20:00:56.514-0500] {dag.py:3947} INFO - Setting next_dagrun for dataset_produces_1 to 2026-06-21 00:00:00+00:00, run_after=2026-06-22 00:00:00+00:00
[2026-06-21T20:00:56.514-0500] {logging_mixin.py:188} INFO - [2026-06-21T20:00:56.514-0500] {dag.py:3947} INFO - Setting next_dagrun for dataset_produces_2 to None, run_after=None
[2026-06-21T20:00:56.534-0500] {processor.py:183} INFO - Processing /Users/naga/Desktop/airflow_env/lib/python3.12/site-packages/airflow/example_dags/example_datasets.py took 0.180 seconds
[2026-06-21T20:03:47.231-0500] {processor.py:161} INFO - Started process (PID=62359) to work on /Users/naga/Desktop/airflow_env/lib/python3.12/site-packages/airflow/example_dags/example_datasets.py
[2026-06-21T20:03:47.233-0500] {processor.py:830} INFO - Processing file /Users/naga/Desktop/airflow_env/lib/python3.12/site-packages/airflow/example_dags/example_datasets.py for tasks to queue
[2026-06-21T20:03:47.233-0500] {logging_mixin.py:188} INFO - [2026-06-21T20:03:47.233-0500] {dagbag.py:545} INFO - Filling up the DagBag from /Users/naga/Desktop/airflow_env/lib/python3.12/site-packages/airflow/example_dags/example_datasets.py
[2026-06-21T20:03:47.277-0500] {processor.py:840} INFO - DAG(s) 'dataset_consumes_1_and_2', 'dataset_produces_2', 'dataset_consumes_1', 'dataset_produces_1', 'conditional_dataset_and_time_based_timetable', 'dataset_consumes_1_never_scheduled', 'consume_1_or_both_2_and_3_with_dataset_expressions', 'consume_1_and_2_with_dataset_expressions', 'dataset_consumes_unknown_never_scheduled', 'consume_1_or_2_with_dataset_expressions' retrieved from /Users/naga/Desktop/airflow_env/lib/python3.12/site-packages/airflow/example_dags/example_datasets.py
[2026-06-21T20:03:47.368-0500] {logging_mixin.py:188} INFO - [2026-06-21T20:03:47.367-0500] {dag.py:3089} INFO - Sync 10 DAGs
[2026-06-21T20:03:47.382-0500] {logging_mixin.py:188} INFO - [2026-06-21T20:03:47.382-0500] {dag.py:3947} INFO - Setting next_dagrun for conditional_dataset_and_time_based_timetable to 2026-06-17 01:00:00+00:00, run_after=2026-06-17 01:00:00+00:00
[2026-06-21T20:03:47.385-0500] {logging_mixin.py:188} INFO - [2026-06-21T20:03:47.385-0500] {dag.py:3947} INFO - Setting next_dagrun for consume_1_and_2_with_dataset_expressions to None, run_after=None
[2026-06-21T20:03:47.386-0500] {logging_mixin.py:188} INFO - [2026-06-21T20:03:47.386-0500] {dag.py:3947} INFO - Setting next_dagrun for consume_1_or_2_with_dataset_expressions to None, run_after=None
[2026-06-21T20:03:47.387-0500] {logging_mixin.py:188} INFO - [2026-06-21T20:03:47.387-0500] {dag.py:3947} INFO - Setting next_dagrun for consume_1_or_both_2_and_3_with_dataset_expressions to None, run_after=None
[2026-06-21T20:03:47.387-0500] {logging_mixin.py:188} INFO - [2026-06-21T20:03:47.387-0500] {dag.py:3947} INFO - Setting next_dagrun for dataset_consumes_1 to None, run_after=None
[2026-06-21T20:03:47.388-0500] {logging_mixin.py:188} INFO - [2026-06-21T20:03:47.388-0500] {dag.py:3947} INFO - Setting next_dagrun for dataset_consumes_1_and_2 to None, run_after=None
[2026-06-21T20:03:47.388-0500] {logging_mixin.py:188} INFO - [2026-06-21T20:03:47.388-0500] {dag.py:3947} INFO - Setting next_dagrun for dataset_consumes_1_never_scheduled to None, run_after=None
[2026-06-21T20:03:47.389-0500] {logging_mixin.py:188} INFO - [2026-06-21T20:03:47.389-0500] {dag.py:3947} INFO - Setting next_dagrun for dataset_consumes_unknown_never_scheduled to None, run_after=None
[2026-06-21T20:03:47.390-0500] {logging_mixin.py:188} INFO - [2026-06-21T20:03:47.390-0500] {dag.py:3947} INFO - Setting next_dagrun for dataset_produces_1 to 2026-06-21 00:00:00+00:00, run_after=2026-06-22 00:00:00+00:00
[2026-06-21T20:03:47.391-0500] {logging_mixin.py:188} INFO - [2026-06-21T20:03:47.391-0500] {dag.py:3947} INFO - Setting next_dagrun for dataset_produces_2 to None, run_after=None
[2026-06-21T20:03:47.411-0500] {processor.py:183} INFO - Processing /Users/naga/Desktop/airflow_env/lib/python3.12/site-packages/airflow/example_dags/example_datasets.py took 0.181 seconds
[2026-06-21T20:06:42.383-0500] {processor.py:161} INFO - Started process (PID=62507) to work on /Users/naga/Desktop/airflow_env/lib/python3.12/site-packages/airflow/example_dags/example_datasets.py
[2026-06-21T20:06:42.385-0500] {processor.py:830} INFO - Processing file /Users/naga/Desktop/airflow_env/lib/python3.12/site-packages/airflow/example_dags/example_datasets.py for tasks to queue
[2026-06-21T20:06:42.385-0500] {logging_mixin.py:188} INFO - [2026-06-21T20:06:42.385-0500] {dagbag.py:545} INFO - Filling up the DagBag from /Users/naga/Desktop/airflow_env/lib/python3.12/site-packages/airflow/example_dags/example_datasets.py
[2026-06-21T20:06:42.429-0500] {processor.py:840} INFO - DAG(s) 'consume_1_or_both_2_and_3_with_dataset_expressions', 'consume_1_and_2_with_dataset_expressions', 'dataset_consumes_unknown_never_scheduled', 'conditional_dataset_and_time_based_timetable', 'consume_1_or_2_with_dataset_expressions', 'dataset_consumes_1_never_scheduled', 'dataset_consumes_1', 'dataset_consumes_1_and_2', 'dataset_produces_2', 'dataset_produces_1' retrieved from /Users/naga/Desktop/airflow_env/lib/python3.12/site-packages/airflow/example_dags/example_datasets.py
[2026-06-21T20:06:42.518-0500] {logging_mixin.py:188} INFO - [2026-06-21T20:06:42.518-0500] {dag.py:3089} INFO - Sync 10 DAGs
[2026-06-21T20:06:42.533-0500] {logging_mixin.py:188} INFO - [2026-06-21T20:06:42.533-0500] {dag.py:3947} INFO - Setting next_dagrun for conditional_dataset_and_time_based_timetable to 2026-06-17 01:00:00+00:00, run_after=2026-06-17 01:00:00+00:00
[2026-06-21T20:06:42.536-0500] {logging_mixin.py:188} INFO - [2026-06-21T20:06:42.536-0500] {dag.py:3947} INFO - Setting next_dagrun for consume_1_and_2_with_dataset_expressions to None, run_after=None
[2026-06-21T20:06:42.536-0500] {logging_mixin.py:188} INFO - [2026-06-21T20:06:42.536-0500] {dag.py:3947} INFO - Setting next_dagrun for consume_1_or_2_with_dataset_expressions to None, run_after=None
[2026-06-21T20:06:42.537-0500] {logging_mixin.py:188} INFO - [2026-06-21T20:06:42.537-0500] {dag.py:3947} INFO - Setting next_dagrun for consume_1_or_both_2_and_3_with_dataset_expressions to None, run_after=None
[2026-06-21T20:06:42.538-0500] {logging_mixin.py:188} INFO - [2026-06-21T20:06:42.538-0500] {dag.py:3947} INFO - Setting next_dagrun for dataset_consumes_1 to None, run_after=None
[2026-06-21T20:06:42.538-0500] {logging_mixin.py:188} INFO - [2026-06-21T20:06:42.538-0500] {dag.py:3947} INFO - Setting next_dagrun for dataset_consumes_1_and_2 to None, run_after=None
[2026-06-21T20:06:42.539-0500] {logging_mixin.py:188} INFO - [2026-06-21T20:06:42.539-0500] {dag.py:3947} INFO - Setting next_dagrun for dataset_consumes_1_never_scheduled to None, run_after=None
[2026-06-21T20:06:42.539-0500] {logging_mixin.py:188} INFO - [2026-06-21T20:06:42.539-0500] {dag.py:3947} INFO - Setting next_dagrun for dataset_consumes_unknown_never_scheduled to None, run_after=None
[2026-06-21T20:06:42.541-0500] {logging_mixin.py:188} INFO - [2026-06-21T20:06:42.541-0500] {dag.py:3947} INFO - Setting next_dagrun for dataset_produces_1 to 2026-06-21 00:00:00+00:00, run_after=2026-06-22 00:00:00+00:00
[2026-06-21T20:06:42.541-0500] {logging_mixin.py:188} INFO - [2026-06-21T20:06:42.541-0500] {dag.py:3947} INFO - Setting next_dagrun for dataset_produces_2 to None, run_after=None
[2026-06-21T20:06:42.561-0500] {processor.py:183} INFO - Processing /Users/naga/Desktop/airflow_env/lib/python3.12/site-packages/airflow/example_dags/example_datasets.py took 0.179 seconds
[2026-06-21T20:37:11.879-0500] {processor.py:161} INFO - Started process (PID=62705) to work on /Users/naga/Desktop/airflow_env/lib/python3.12/site-packages/airflow/example_dags/example_datasets.py
[2026-06-21T20:37:11.880-0500] {processor.py:830} INFO - Processing file /Users/naga/Desktop/airflow_env/lib/python3.12/site-packages/airflow/example_dags/example_datasets.py for tasks to queue
[2026-06-21T20:37:11.881-0500] {logging_mixin.py:188} INFO - [2026-06-21T20:37:11.880-0500] {dagbag.py:545} INFO - Filling up the DagBag from /Users/naga/Desktop/airflow_env/lib/python3.12/site-packages/airflow/example_dags/example_datasets.py
[2026-06-21T20:37:11.923-0500] {processor.py:840} INFO - DAG(s) 'dataset_consumes_1', 'consume_1_or_both_2_and_3_with_dataset_expressions', 'dataset_consumes_unknown_never_scheduled', 'dataset_consumes_1_and_2', 'consume_1_or_2_with_dataset_expressions', 'conditional_dataset_and_time_based_timetable', 'dataset_produces_1', 'dataset_produces_2', 'consume_1_and_2_with_dataset_expressions', 'dataset_consumes_1_never_scheduled' retrieved from /Users/naga/Desktop/airflow_env/lib/python3.12/site-packages/airflow/example_dags/example_datasets.py
[2026-06-21T20:37:12.013-0500] {logging_mixin.py:188} INFO - [2026-06-21T20:37:12.013-0500] {dag.py:3089} INFO - Sync 10 DAGs
[2026-06-21T20:37:12.028-0500] {logging_mixin.py:188} INFO - [2026-06-21T20:37:12.028-0500] {dag.py:3947} INFO - Setting next_dagrun for conditional_dataset_and_time_based_timetable to 2026-06-17 01:00:00+00:00, run_after=2026-06-17 01:00:00+00:00
[2026-06-21T20:37:12.030-0500] {logging_mixin.py:188} INFO - [2026-06-21T20:37:12.030-0500] {dag.py:3947} INFO - Setting next_dagrun for consume_1_and_2_with_dataset_expressions to None, run_after=None
[2026-06-21T20:37:12.031-0500] {logging_mixin.py:188} INFO - [2026-06-21T20:37:12.031-0500] {dag.py:3947} INFO - Setting next_dagrun for consume_1_or_2_with_dataset_expressions to None, run_after=None
[2026-06-21T20:37:12.032-0500] {logging_mixin.py:188} INFO - [2026-06-21T20:37:12.032-0500] {dag.py:3947} INFO - Setting next_dagrun for consume_1_or_both_2_and_3_with_dataset_expressions to None, run_after=None
[2026-06-21T20:37:12.032-0500] {logging_mixin.py:188} INFO - [2026-06-21T20:37:12.032-0500] {dag.py:3947} INFO - Setting next_dagrun for dataset_consumes_1 to None, run_after=None
[2026-06-21T20:37:12.033-0500] {logging_mixin.py:188} INFO - [2026-06-21T20:37:12.033-0500] {dag.py:3947} INFO - Setting next_dagrun for dataset_consumes_1_and_2 to None, run_after=None
[2026-06-21T20:37:12.033-0500] {logging_mixin.py:188} INFO - [2026-06-21T20:37:12.033-0500] {dag.py:3947} INFO - Setting next_dagrun for dataset_consumes_1_never_scheduled to None, run_after=None
[2026-06-21T20:37:12.034-0500] {logging_mixin.py:188} INFO - [2026-06-21T20:37:12.034-0500] {dag.py:3947} INFO - Setting next_dagrun for dataset_consumes_unknown_never_scheduled to None, run_after=None
[2026-06-21T20:37:12.035-0500] {logging_mixin.py:188} INFO - [2026-06-21T20:37:12.035-0500] {dag.py:3947} INFO - Setting next_dagrun for dataset_produces_1 to 2026-06-21 00:00:00+00:00, run_after=2026-06-22 00:00:00+00:00
[2026-06-21T20:37:12.036-0500] {logging_mixin.py:188} INFO - [2026-06-21T20:37:12.036-0500] {dag.py:3947} INFO - Setting next_dagrun for dataset_produces_2 to None, run_after=None
[2026-06-21T20:37:12.055-0500] {processor.py:183} INFO - Processing /Users/naga/Desktop/airflow_env/lib/python3.12/site-packages/airflow/example_dags/example_datasets.py took 0.178 seconds
[2026-06-21T20:40:18.254-0500] {processor.py:161} INFO - Started process (PID=62860) to work on /Users/naga/Desktop/airflow_env/lib/python3.12/site-packages/airflow/example_dags/example_datasets.py
[2026-06-21T20:40:18.255-0500] {processor.py:830} INFO - Processing file /Users/naga/Desktop/airflow_env/lib/python3.12/site-packages/airflow/example_dags/example_datasets.py for tasks to queue
[2026-06-21T20:40:18.256-0500] {logging_mixin.py:188} INFO - [2026-06-21T20:40:18.256-0500] {dagbag.py:545} INFO - Filling up the DagBag from /Users/naga/Desktop/airflow_env/lib/python3.12/site-packages/airflow/example_dags/example_datasets.py
[2026-06-21T20:40:18.304-0500] {processor.py:840} INFO - DAG(s) 'dataset_consumes_1', 'dataset_produces_2', 'consume_1_and_2_with_dataset_expressions', 'dataset_consumes_unknown_never_scheduled', 'dataset_consumes_1_and_2', 'consume_1_or_2_with_dataset_expressions', 'consume_1_or_both_2_and_3_with_dataset_expressions', 'dataset_produces_1', 'dataset_consumes_1_never_scheduled', 'conditional_dataset_and_time_based_timetable' retrieved from /Users/naga/Desktop/airflow_env/lib/python3.12/site-packages/airflow/example_dags/example_datasets.py
[2026-06-21T20:40:18.401-0500] {logging_mixin.py:188} INFO - [2026-06-21T20:40:18.401-0500] {dag.py:3089} INFO - Sync 10 DAGs
[2026-06-21T20:40:18.417-0500] {logging_mixin.py:188} INFO - [2026-06-21T20:40:18.417-0500] {dag.py:3947} INFO - Setting next_dagrun for conditional_dataset_and_time_based_timetable to 2026-06-17 01:00:00+00:00, run_after=2026-06-17 01:00:00+00:00
[2026-06-21T20:40:18.420-0500] {logging_mixin.py:188} INFO - [2026-06-21T20:40:18.419-0500] {dag.py:3947} INFO - Setting next_dagrun for consume_1_and_2_with_dataset_expressions to None, run_after=None
[2026-06-21T20:40:18.420-0500] {logging_mixin.py:188} INFO - [2026-06-21T20:40:18.420-0500] {dag.py:3947} INFO - Setting next_dagrun for consume_1_or_2_with_dataset_expressions to None, run_after=None
[2026-06-21T20:40:18.421-0500] {logging_mixin.py:188} INFO - [2026-06-21T20:40:18.421-0500] {dag.py:3947} INFO - Setting next_dagrun for consume_1_or_both_2_and_3_with_dataset_expressions to None, run_after=None
[2026-06-21T20:40:18.422-0500] {logging_mixin.py:188} INFO - [2026-06-21T20:40:18.422-0500] {dag.py:3947} INFO - Setting next_dagrun for dataset_consumes_1 to None, run_after=None
[2026-06-21T20:40:18.422-0500] {logging_mixin.py:188} INFO - [2026-06-21T20:40:18.422-0500] {dag.py:3947} INFO - Setting next_dagrun for dataset_consumes_1_and_2 to None, run_after=None
[2026-06-21T20:40:18.423-0500] {logging_mixin.py:188} INFO - [2026-06-21T20:40:18.423-0500] {dag.py:3947} INFO - Setting next_dagrun for dataset_consumes_1_never_scheduled to None, run_after=None
[2026-06-21T20:40:18.424-0500] {logging_mixin.py:188} INFO - [2026-06-21T20:40:18.424-0500] {dag.py:3947} INFO - Setting next_dagrun for dataset_consumes_unknown_never_scheduled to None, run_after=None
[2026-06-21T20:40:18.425-0500] {logging_mixin.py:188} INFO - [2026-06-21T20:40:18.425-0500] {dag.py:3947} INFO - Setting next_dagrun for dataset_produces_1 to 2026-06-21 00:00:00+00:00, run_after=2026-06-22 00:00:00+00:00
[2026-06-21T20:40:18.426-0500] {logging_mixin.py:188} INFO - [2026-06-21T20:40:18.426-0500] {dag.py:3947} INFO - Setting next_dagrun for dataset_produces_2 to None, run_after=None
[2026-06-21T20:40:18.447-0500] {processor.py:183} INFO - Processing /Users/naga/Desktop/airflow_env/lib/python3.12/site-packages/airflow/example_dags/example_datasets.py took 0.196 seconds
[2026-06-21T20:43:18.686-0500] {processor.py:161} INFO - Started process (PID=63134) to work on /Users/naga/Desktop/airflow_env/lib/python3.12/site-packages/airflow/example_dags/example_datasets.py
[2026-06-21T20:43:18.687-0500] {processor.py:830} INFO - Processing file /Users/naga/Desktop/airflow_env/lib/python3.12/site-packages/airflow/example_dags/example_datasets.py for tasks to queue
[2026-06-21T20:43:18.688-0500] {logging_mixin.py:188} INFO - [2026-06-21T20:43:18.688-0500] {dagbag.py:545} INFO - Filling up the DagBag from /Users/naga/Desktop/airflow_env/lib/python3.12/site-packages/airflow/example_dags/example_datasets.py
[2026-06-21T20:43:18.732-0500] {processor.py:840} INFO - DAG(s) 'dataset_produces_1', 'consume_1_or_2_with_dataset_expressions', 'dataset_consumes_1_and_2', 'dataset_consumes_unknown_never_scheduled', 'dataset_produces_2', 'consume_1_or_both_2_and_3_with_dataset_expressions', 'conditional_dataset_and_time_based_timetable', 'dataset_consumes_1_never_scheduled', 'consume_1_and_2_with_dataset_expressions', 'dataset_consumes_1' retrieved from /Users/naga/Desktop/airflow_env/lib/python3.12/site-packages/airflow/example_dags/example_datasets.py
[2026-06-21T20:43:18.821-0500] {logging_mixin.py:188} INFO - [2026-06-21T20:43:18.821-0500] {dag.py:3089} INFO - Sync 10 DAGs
[2026-06-21T20:43:18.836-0500] {logging_mixin.py:188} INFO - [2026-06-21T20:43:18.836-0500] {dag.py:3947} INFO - Setting next_dagrun for conditional_dataset_and_time_based_timetable to 2026-06-17 01:00:00+00:00, run_after=2026-06-17 01:00:00+00:00
[2026-06-21T20:43:18.838-0500] {logging_mixin.py:188} INFO - [2026-06-21T20:43:18.838-0500] {dag.py:3947} INFO - Setting next_dagrun for consume_1_and_2_with_dataset_expressions to None, run_after=None
[2026-06-21T20:43:18.839-0500] {logging_mixin.py:188} INFO - [2026-06-21T20:43:18.839-0500] {dag.py:3947} INFO - Setting next_dagrun for consume_1_or_2_with_dataset_expressions to None, run_after=None
[2026-06-21T20:43:18.840-0500] {logging_mixin.py:188} INFO - [2026-06-21T20:43:18.840-0500] {dag.py:3947} INFO - Setting next_dagrun for consume_1_or_both_2_and_3_with_dataset_expressions to None, run_after=None
[2026-06-21T20:43:18.840-0500] {logging_mixin.py:188} INFO - [2026-06-21T20:43:18.840-0500] {dag.py:3947} INFO - Setting next_dagrun for dataset_consumes_1 to None, run_after=None
[2026-06-21T20:43:18.841-0500] {logging_mixin.py:188} INFO - [2026-06-21T20:43:18.841-0500] {dag.py:3947} INFO - Setting next_dagrun for dataset_consumes_1_and_2 to None, run_after=None
[2026-06-21T20:43:18.841-0500] {logging_mixin.py:188} INFO - [2026-06-21T20:43:18.841-0500] {dag.py:3947} INFO - Setting next_dagrun for dataset_consumes_1_never_scheduled to None, run_after=None
[2026-06-21T20:43:18.842-0500] {logging_mixin.py:188} INFO - [2026-06-21T20:43:18.842-0500] {dag.py:3947} INFO - Setting next_dagrun for dataset_consumes_unknown_never_scheduled to None, run_after=None
[2026-06-21T20:43:18.843-0500] {logging_mixin.py:188} INFO - [2026-06-21T20:43:18.843-0500] {dag.py:3947} INFO - Setting next_dagrun for dataset_produces_1 to 2026-06-21 00:00:00+00:00, run_after=2026-06-22 00:00:00+00:00
[2026-06-21T20:43:18.844-0500] {logging_mixin.py:188} INFO - [2026-06-21T20:43:18.844-0500] {dag.py:3947} INFO - Setting next_dagrun for dataset_produces_2 to None, run_after=None
[2026-06-21T20:43:18.862-0500] {processor.py:183} INFO - Processing /Users/naga/Desktop/airflow_env/lib/python3.12/site-packages/airflow/example_dags/example_datasets.py took 0.179 seconds
[2026-06-21T20:46:10.279-0500] {processor.py:161} INFO - Started process (PID=63292) to work on /Users/naga/Desktop/airflow_env/lib/python3.12/site-packages/airflow/example_dags/example_datasets.py
[2026-06-21T20:46:10.281-0500] {processor.py:830} INFO - Processing file /Users/naga/Desktop/airflow_env/lib/python3.12/site-packages/airflow/example_dags/example_datasets.py for tasks to queue
[2026-06-21T20:46:10.281-0500] {logging_mixin.py:188} INFO - [2026-06-21T20:46:10.281-0500] {dagbag.py:545} INFO - Filling up the DagBag from /Users/naga/Desktop/airflow_env/lib/python3.12/site-packages/airflow/example_dags/example_datasets.py
[2026-06-21T20:46:10.325-0500] {processor.py:840} INFO - DAG(s) 'dataset_consumes_1_never_scheduled', 'consume_1_and_2_with_dataset_expressions', 'dataset_consumes_unknown_never_scheduled', 'consume_1_or_both_2_and_3_with_dataset_expressions', 'dataset_consumes_1', 'consume_1_or_2_with_dataset_expressions', 'dataset_produces_2', 'dataset_consumes_1_and_2', 'conditional_dataset_and_time_based_timetable', 'dataset_produces_1' retrieved from /Users/naga/Desktop/airflow_env/lib/python3.12/site-packages/airflow/example_dags/example_datasets.py
[2026-06-21T20:46:10.416-0500] {logging_mixin.py:188} INFO - [2026-06-21T20:46:10.416-0500] {dag.py:3089} INFO - Sync 10 DAGs
[2026-06-21T20:46:10.431-0500] {logging_mixin.py:188} INFO - [2026-06-21T20:46:10.430-0500] {dag.py:3947} INFO - Setting next_dagrun for conditional_dataset_and_time_based_timetable to 2026-06-17 01:00:00+00:00, run_after=2026-06-17 01:00:00+00:00
[2026-06-21T20:46:10.433-0500] {logging_mixin.py:188} INFO - [2026-06-21T20:46:10.433-0500] {dag.py:3947} INFO - Setting next_dagrun for consume_1_and_2_with_dataset_expressions to None, run_after=None
[2026-06-21T20:46:10.434-0500] {logging_mixin.py:188} INFO - [2026-06-21T20:46:10.434-0500] {dag.py:3947} INFO - Setting next_dagrun for consume_1_or_2_with_dataset_expressions to None, run_after=None
[2026-06-21T20:46:10.435-0500] {logging_mixin.py:188} INFO - [2026-06-21T20:46:10.434-0500] {dag.py:3947} INFO - Setting next_dagrun for consume_1_or_both_2_and_3_with_dataset_expressions to None, run_after=None
[2026-06-21T20:46:10.435-0500] {logging_mixin.py:188} INFO - [2026-06-21T20:46:10.435-0500] {dag.py:3947} INFO - Setting next_dagrun for dataset_consumes_1 to None, run_after=None
[2026-06-21T20:46:10.436-0500] {logging_mixin.py:188} INFO - [2026-06-21T20:46:10.436-0500] {dag.py:3947} INFO - Setting next_dagrun for dataset_consumes_1_and_2 to None, run_after=None
[2026-06-21T20:46:10.436-0500] {logging_mixin.py:188} INFO - [2026-06-21T20:46:10.436-0500] {dag.py:3947} INFO - Setting next_dagrun for dataset_consumes_1_never_scheduled to None, run_after=None
[2026-06-21T20:46:10.437-0500] {logging_mixin.py:188} INFO - [2026-06-21T20:46:10.437-0500] {dag.py:3947} INFO - Setting next_dagrun for dataset_consumes_unknown_never_scheduled to None, run_after=None
[2026-06-21T20:46:10.438-0500] {logging_mixin.py:188} INFO - [2026-06-21T20:46:10.438-0500] {dag.py:3947} INFO - Setting next_dagrun for dataset_produces_1 to 2026-06-21 00:00:00+00:00, run_after=2026-06-22 00:00:00+00:00
[2026-06-21T20:46:10.439-0500] {logging_mixin.py:188} INFO - [2026-06-21T20:46:10.439-0500] {dag.py:3947} INFO - Setting next_dagrun for dataset_produces_2 to None, run_after=None
[2026-06-21T20:46:10.458-0500] {processor.py:183} INFO - Processing /Users/naga/Desktop/airflow_env/lib/python3.12/site-packages/airflow/example_dags/example_datasets.py took 0.181 seconds
[2026-06-21T20:48:59.517-0500] {processor.py:161} INFO - Started process (PID=63430) to work on /Users/naga/Desktop/airflow_env/lib/python3.12/site-packages/airflow/example_dags/example_datasets.py
[2026-06-21T20:48:59.518-0500] {processor.py:830} INFO - Processing file /Users/naga/Desktop/airflow_env/lib/python3.12/site-packages/airflow/example_dags/example_datasets.py for tasks to queue
[2026-06-21T20:48:59.519-0500] {logging_mixin.py:188} INFO - [2026-06-21T20:48:59.519-0500] {dagbag.py:545} INFO - Filling up the DagBag from /Users/naga/Desktop/airflow_env/lib/python3.12/site-packages/airflow/example_dags/example_datasets.py
[2026-06-21T20:48:59.563-0500] {processor.py:840} INFO - DAG(s) 'consume_1_or_2_with_dataset_expressions', 'dataset_consumes_1_and_2', 'dataset_consumes_unknown_never_scheduled', 'consume_1_or_both_2_and_3_with_dataset_expressions', 'dataset_produces_2', 'consume_1_and_2_with_dataset_expressions', 'dataset_consumes_1', 'dataset_consumes_1_never_scheduled', 'conditional_dataset_and_time_based_timetable', 'dataset_produces_1' retrieved from /Users/naga/Desktop/airflow_env/lib/python3.12/site-packages/airflow/example_dags/example_datasets.py
[2026-06-21T20:48:59.653-0500] {logging_mixin.py:188} INFO - [2026-06-21T20:48:59.653-0500] {dag.py:3089} INFO - Sync 10 DAGs
[2026-06-21T20:48:59.668-0500] {logging_mixin.py:188} INFO - [2026-06-21T20:48:59.667-0500] {dag.py:3947} INFO - Setting next_dagrun for conditional_dataset_and_time_based_timetable to 2026-06-17 01:00:00+00:00, run_after=2026-06-17 01:00:00+00:00
[2026-06-21T20:48:59.670-0500] {logging_mixin.py:188} INFO - [2026-06-21T20:48:59.670-0500] {dag.py:3947} INFO - Setting next_dagrun for consume_1_and_2_with_dataset_expressions to None, run_after=None
[2026-06-21T20:48:59.671-0500] {logging_mixin.py:188} INFO - [2026-06-21T20:48:59.671-0500] {dag.py:3947} INFO - Setting next_dagrun for consume_1_or_2_with_dataset_expressions to None, run_after=None
[2026-06-21T20:48:59.671-0500] {logging_mixin.py:188} INFO - [2026-06-21T20:48:59.671-0500] {dag.py:3947} INFO - Setting next_dagrun for consume_1_or_both_2_and_3_with_dataset_expressions to None, run_after=None
[2026-06-21T20:48:59.672-0500] {logging_mixin.py:188} INFO - [2026-06-21T20:48:59.672-0500] {dag.py:3947} INFO - Setting next_dagrun for dataset_consumes_1 to None, run_after=None
[2026-06-21T20:48:59.673-0500] {logging_mixin.py:188} INFO - [2026-06-21T20:48:59.672-0500] {dag.py:3947} INFO - Setting next_dagrun for dataset_consumes_1_and_2 to None, run_after=None
[2026-06-21T20:48:59.673-0500] {logging_mixin.py:188} INFO - [2026-06-21T20:48:59.673-0500] {dag.py:3947} INFO - Setting next_dagrun for dataset_consumes_1_never_scheduled to None, run_after=None
[2026-06-21T20:48:59.674-0500] {logging_mixin.py:188} INFO - [2026-06-21T20:48:59.674-0500] {dag.py:3947} INFO - Setting next_dagrun for dataset_consumes_unknown_never_scheduled to None, run_after=None
[2026-06-21T20:48:59.675-0500] {logging_mixin.py:188} INFO - [2026-06-21T20:48:59.675-0500] {dag.py:3947} INFO - Setting next_dagrun for dataset_produces_1 to 2026-06-21 00:00:00+00:00, run_after=2026-06-22 00:00:00+00:00
[2026-06-21T20:48:59.676-0500] {logging_mixin.py:188} INFO - [2026-06-21T20:48:59.676-0500] {dag.py:3947} INFO - Setting next_dagrun for dataset_produces_2 to None, run_after=None
[2026-06-21T20:48:59.694-0500] {processor.py:183} INFO - Processing /Users/naga/Desktop/airflow_env/lib/python3.12/site-packages/airflow/example_dags/example_datasets.py took 0.179 seconds
[2026-06-21T20:51:55.454-0500] {processor.py:161} INFO - Started process (PID=63555) to work on /Users/naga/Desktop/airflow_env/lib/python3.12/site-packages/airflow/example_dags/example_datasets.py
[2026-06-21T20:51:55.456-0500] {processor.py:830} INFO - Processing file /Users/naga/Desktop/airflow_env/lib/python3.12/site-packages/airflow/example_dags/example_datasets.py for tasks to queue
[2026-06-21T20:51:55.456-0500] {logging_mixin.py:188} INFO - [2026-06-21T20:51:55.456-0500] {dagbag.py:545} INFO - Filling up the DagBag from /Users/naga/Desktop/airflow_env/lib/python3.12/site-packages/airflow/example_dags/example_datasets.py
[2026-06-21T20:51:55.499-0500] {processor.py:840} INFO - DAG(s) 'dataset_consumes_1_and_2', 'conditional_dataset_and_time_based_timetable', 'dataset_produces_2', 'dataset_consumes_1', 'consume_1_or_both_2_and_3_with_dataset_expressions', 'dataset_consumes_unknown_never_scheduled', 'dataset_consumes_1_never_scheduled', 'consume_1_or_2_with_dataset_expressions', 'dataset_produces_1', 'consume_1_and_2_with_dataset_expressions' retrieved from /Users/naga/Desktop/airflow_env/lib/python3.12/site-packages/airflow/example_dags/example_datasets.py
[2026-06-21T20:51:55.588-0500] {logging_mixin.py:188} INFO - [2026-06-21T20:51:55.588-0500] {dag.py:3089} INFO - Sync 10 DAGs
[2026-06-21T20:51:55.603-0500] {logging_mixin.py:188} INFO - [2026-06-21T20:51:55.602-0500] {dag.py:3947} INFO - Setting next_dagrun for conditional_dataset_and_time_based_timetable to 2026-06-17 01:00:00+00:00, run_after=2026-06-17 01:00:00+00:00
[2026-06-21T20:51:55.605-0500] {logging_mixin.py:188} INFO - [2026-06-21T20:51:55.605-0500] {dag.py:3947} INFO - Setting next_dagrun for consume_1_and_2_with_dataset_expressions to None, run_after=None
[2026-06-21T20:51:55.606-0500] {logging_mixin.py:188} INFO - [2026-06-21T20:51:55.606-0500] {dag.py:3947} INFO - Setting next_dagrun for consume_1_or_2_with_dataset_expressions to None, run_after=None
[2026-06-21T20:51:55.607-0500] {logging_mixin.py:188} INFO - [2026-06-21T20:51:55.606-0500] {dag.py:3947} INFO - Setting next_dagrun for consume_1_or_both_2_and_3_with_dataset_expressions to None, run_after=None
[2026-06-21T20:51:55.607-0500] {logging_mixin.py:188} INFO - [2026-06-21T20:51:55.607-0500] {dag.py:3947} INFO - Setting next_dagrun for dataset_consumes_1 to None, run_after=None
[2026-06-21T20:51:55.608-0500] {logging_mixin.py:188} INFO - [2026-06-21T20:51:55.608-0500] {dag.py:3947} INFO - Setting next_dagrun for dataset_consumes_1_and_2 to None, run_after=None
[2026-06-21T20:51:55.608-0500] {logging_mixin.py:188} INFO - [2026-06-21T20:51:55.608-0500] {dag.py:3947} INFO - Setting next_dagrun for dataset_consumes_1_never_scheduled to None, run_after=None
[2026-06-21T20:51:55.609-0500] {logging_mixin.py:188} INFO - [2026-06-21T20:51:55.609-0500] {dag.py:3947} INFO - Setting next_dagrun for dataset_consumes_unknown_never_scheduled to None, run_after=None
[2026-06-21T20:51:55.610-0500] {logging_mixin.py:188} INFO - [2026-06-21T20:51:55.610-0500] {dag.py:3947} INFO - Setting next_dagrun for dataset_produces_1 to 2026-06-21 00:00:00+00:00, run_after=2026-06-22 00:00:00+00:00
[2026-06-21T20:51:55.611-0500] {logging_mixin.py:188} INFO - [2026-06-21T20:51:55.611-0500] {dag.py:3947} INFO - Setting next_dagrun for dataset_produces_2 to None, run_after=None
[2026-06-21T20:51:55.630-0500] {processor.py:183} INFO - Processing /Users/naga/Desktop/airflow_env/lib/python3.12/site-packages/airflow/example_dags/example_datasets.py took 0.178 seconds
[2026-06-21T20:54:55.378-0500] {processor.py:161} INFO - Started process (PID=63809) to work on /Users/naga/Desktop/airflow_env/lib/python3.12/site-packages/airflow/example_dags/example_datasets.py
[2026-06-21T20:54:55.380-0500] {processor.py:830} INFO - Processing file /Users/naga/Desktop/airflow_env/lib/python3.12/site-packages/airflow/example_dags/example_datasets.py for tasks to queue
[2026-06-21T20:54:55.380-0500] {logging_mixin.py:188} INFO - [2026-06-21T20:54:55.380-0500] {dagbag.py:545} INFO - Filling up the DagBag from /Users/naga/Desktop/airflow_env/lib/python3.12/site-packages/airflow/example_dags/example_datasets.py
[2026-06-21T20:54:55.426-0500] {processor.py:840} INFO - DAG(s) 'consume_1_or_both_2_and_3_with_dataset_expressions', 'conditional_dataset_and_time_based_timetable', 'dataset_consumes_1_never_scheduled', 'dataset_produces_1', 'consume_1_or_2_with_dataset_expressions', 'dataset_consumes_1_and_2', 'dataset_produces_2', 'dataset_consumes_unknown_never_scheduled', 'consume_1_and_2_with_dataset_expressions', 'dataset_consumes_1' retrieved from /Users/naga/Desktop/airflow_env/lib/python3.12/site-packages/airflow/example_dags/example_datasets.py
[2026-06-21T20:54:55.523-0500] {logging_mixin.py:188} INFO - [2026-06-21T20:54:55.523-0500] {dag.py:3089} INFO - Sync 10 DAGs
[2026-06-21T20:54:55.539-0500] {logging_mixin.py:188} INFO - [2026-06-21T20:54:55.538-0500] {dag.py:3947} INFO - Setting next_dagrun for conditional_dataset_and_time_based_timetable to 2026-06-17 01:00:00+00:00, run_after=2026-06-17 01:00:00+00:00
[2026-06-21T20:54:55.541-0500] {logging_mixin.py:188} INFO - [2026-06-21T20:54:55.541-0500] {dag.py:3947} INFO - Setting next_dagrun for consume_1_and_2_with_dataset_expressions to None, run_after=None
[2026-06-21T20:54:55.542-0500] {logging_mixin.py:188} INFO - [2026-06-21T20:54:55.542-0500] {dag.py:3947} INFO - Setting next_dagrun for consume_1_or_2_with_dataset_expressions to None, run_after=None
[2026-06-21T20:54:55.543-0500] {logging_mixin.py:188} INFO - [2026-06-21T20:54:55.543-0500] {dag.py:3947} INFO - Setting next_dagrun for consume_1_or_both_2_and_3_with_dataset_expressions to None, run_after=None
[2026-06-21T20:54:55.543-0500] {logging_mixin.py:188} INFO - [2026-06-21T20:54:55.543-0500] {dag.py:3947} INFO - Setting next_dagrun for dataset_consumes_1 to None, run_after=None
[2026-06-21T20:54:55.544-0500] {logging_mixin.py:188} INFO - [2026-06-21T20:54:55.544-0500] {dag.py:3947} INFO - Setting next_dagrun for dataset_consumes_1_and_2 to None, run_after=None
[2026-06-21T20:54:55.545-0500] {logging_mixin.py:188} INFO - [2026-06-21T20:54:55.544-0500] {dag.py:3947} INFO - Setting next_dagrun for dataset_consumes_1_never_scheduled to None, run_after=None
[2026-06-21T20:54:55.545-0500] {logging_mixin.py:188} INFO - [2026-06-21T20:54:55.545-0500] {dag.py:3947} INFO - Setting next_dagrun for dataset_consumes_unknown_never_scheduled to None, run_after=None
[2026-06-21T20:54:55.547-0500] {logging_mixin.py:188} INFO - [2026-06-21T20:54:55.546-0500] {dag.py:3947} INFO - Setting next_dagrun for dataset_produces_1 to 2026-06-21 00:00:00+00:00, run_after=2026-06-22 00:00:00+00:00
[2026-06-21T20:54:55.547-0500] {logging_mixin.py:188} INFO - [2026-06-21T20:54:55.547-0500] {dag.py:3947} INFO - Setting next_dagrun for dataset_produces_2 to None, run_after=None
[2026-06-21T20:54:55.567-0500] {processor.py:183} INFO - Processing /Users/naga/Desktop/airflow_env/lib/python3.12/site-packages/airflow/example_dags/example_datasets.py took 0.190 seconds
[2026-06-21T20:57:48.058-0500] {processor.py:161} INFO - Started process (PID=63949) to work on /Users/naga/Desktop/airflow_env/lib/python3.12/site-packages/airflow/example_dags/example_datasets.py
[2026-06-21T20:57:48.059-0500] {processor.py:830} INFO - Processing file /Users/naga/Desktop/airflow_env/lib/python3.12/site-packages/airflow/example_dags/example_datasets.py for tasks to queue
[2026-06-21T20:57:48.060-0500] {logging_mixin.py:188} INFO - [2026-06-21T20:57:48.060-0500] {dagbag.py:545} INFO - Filling up the DagBag from /Users/naga/Desktop/airflow_env/lib/python3.12/site-packages/airflow/example_dags/example_datasets.py
[2026-06-21T20:57:48.104-0500] {processor.py:840} INFO - DAG(s) 'consume_1_or_2_with_dataset_expressions', 'dataset_produces_1', 'dataset_consumes_1_never_scheduled', 'conditional_dataset_and_time_based_timetable', 'dataset_produces_2', 'dataset_consumes_unknown_never_scheduled', 'dataset_consumes_1', 'dataset_consumes_1_and_2', 'consume_1_or_both_2_and_3_with_dataset_expressions', 'consume_1_and_2_with_dataset_expressions' retrieved from /Users/naga/Desktop/airflow_env/lib/python3.12/site-packages/airflow/example_dags/example_datasets.py
[2026-06-21T20:57:48.195-0500] {logging_mixin.py:188} INFO - [2026-06-21T20:57:48.195-0500] {dag.py:3089} INFO - Sync 10 DAGs
[2026-06-21T20:57:48.210-0500] {logging_mixin.py:188} INFO - [2026-06-21T20:57:48.209-0500] {dag.py:3947} INFO - Setting next_dagrun for conditional_dataset_and_time_based_timetable to 2026-06-17 01:00:00+00:00, run_after=2026-06-17 01:00:00+00:00
[2026-06-21T20:57:48.212-0500] {logging_mixin.py:188} INFO - [2026-06-21T20:57:48.212-0500] {dag.py:3947} INFO - Setting next_dagrun for consume_1_and_2_with_dataset_expressions to None, run_after=None
[2026-06-21T20:57:48.213-0500] {logging_mixin.py:188} INFO - [2026-06-21T20:57:48.213-0500] {dag.py:3947} INFO - Setting next_dagrun for consume_1_or_2_with_dataset_expressions to None, run_after=None
[2026-06-21T20:57:48.214-0500] {logging_mixin.py:188} INFO - [2026-06-21T20:57:48.213-0500] {dag.py:3947} INFO - Setting next_dagrun for consume_1_or_both_2_and_3_with_dataset_expressions to None, run_after=None
[2026-06-21T20:57:48.214-0500] {logging_mixin.py:188} INFO - [2026-06-21T20:57:48.214-0500] {dag.py:3947} INFO - Setting next_dagrun for dataset_consumes_1 to None, run_after=None
[2026-06-21T20:57:48.215-0500] {logging_mixin.py:188} INFO - [2026-06-21T20:57:48.215-0500] {dag.py:3947} INFO - Setting next_dagrun for dataset_consumes_1_and_2 to None, run_after=None
[2026-06-21T20:57:48.215-0500] {logging_mixin.py:188} INFO - [2026-06-21T20:57:48.215-0500] {dag.py:3947} INFO - Setting next_dagrun for dataset_consumes_1_never_scheduled to None, run_after=None
[2026-06-21T20:57:48.216-0500] {logging_mixin.py:188} INFO - [2026-06-21T20:57:48.216-0500] {dag.py:3947} INFO - Setting next_dagrun for dataset_consumes_unknown_never_scheduled to None, run_after=None
[2026-06-21T20:57:48.217-0500] {logging_mixin.py:188} INFO - [2026-06-21T20:57:48.217-0500] {dag.py:3947} INFO - Setting next_dagrun for dataset_produces_1 to 2026-06-21 00:00:00+00:00, run_after=2026-06-22 00:00:00+00:00
[2026-06-21T20:57:48.218-0500] {logging_mixin.py:188} INFO - [2026-06-21T20:57:48.218-0500] {dag.py:3947} INFO - Setting next_dagrun for dataset_produces_2 to None, run_after=None
[2026-06-21T20:57:48.237-0500] {processor.py:183} INFO - Processing /Users/naga/Desktop/airflow_env/lib/python3.12/site-packages/airflow/example_dags/example_datasets.py took 0.181 seconds
[2026-06-21T21:43:13.974-0500] {processor.py:161} INFO - Started process (PID=64262) to work on /Users/naga/Desktop/airflow_env/lib/python3.12/site-packages/airflow/example_dags/example_datasets.py
[2026-06-21T21:43:13.976-0500] {processor.py:830} INFO - Processing file /Users/naga/Desktop/airflow_env/lib/python3.12/site-packages/airflow/example_dags/example_datasets.py for tasks to queue
[2026-06-21T21:43:13.976-0500] {logging_mixin.py:188} INFO - [2026-06-21T21:43:13.976-0500] {dagbag.py:545} INFO - Filling up the DagBag from /Users/naga/Desktop/airflow_env/lib/python3.12/site-packages/airflow/example_dags/example_datasets.py
[2026-06-21T21:43:14.020-0500] {processor.py:840} INFO - DAG(s) 'consume_1_or_both_2_and_3_with_dataset_expressions', 'consume_1_and_2_with_dataset_expressions', 'dataset_produces_1', 'dataset_consumes_1_and_2', 'conditional_dataset_and_time_based_timetable', 'dataset_consumes_unknown_never_scheduled', 'dataset_produces_2', 'consume_1_or_2_with_dataset_expressions', 'dataset_consumes_1', 'dataset_consumes_1_never_scheduled' retrieved from /Users/naga/Desktop/airflow_env/lib/python3.12/site-packages/airflow/example_dags/example_datasets.py
[2026-06-21T21:43:14.111-0500] {logging_mixin.py:188} INFO - [2026-06-21T21:43:14.111-0500] {dag.py:3089} INFO - Sync 10 DAGs
[2026-06-21T21:43:14.126-0500] {logging_mixin.py:188} INFO - [2026-06-21T21:43:14.126-0500] {dag.py:3947} INFO - Setting next_dagrun for conditional_dataset_and_time_based_timetable to 2026-06-17 01:00:00+00:00, run_after=2026-06-17 01:00:00+00:00
[2026-06-21T21:43:14.129-0500] {logging_mixin.py:188} INFO - [2026-06-21T21:43:14.129-0500] {dag.py:3947} INFO - Setting next_dagrun for consume_1_and_2_with_dataset_expressions to None, run_after=None
[2026-06-21T21:43:14.130-0500] {logging_mixin.py:188} INFO - [2026-06-21T21:43:14.129-0500] {dag.py:3947} INFO - Setting next_dagrun for consume_1_or_2_with_dataset_expressions to None, run_after=None
[2026-06-21T21:43:14.130-0500] {logging_mixin.py:188} INFO - [2026-06-21T21:43:14.130-0500] {dag.py:3947} INFO - Setting next_dagrun for consume_1_or_both_2_and_3_with_dataset_expressions to None, run_after=None
[2026-06-21T21:43:14.131-0500] {logging_mixin.py:188} INFO - [2026-06-21T21:43:14.131-0500] {dag.py:3947} INFO - Setting next_dagrun for dataset_consumes_1 to None, run_after=None
[2026-06-21T21:43:14.131-0500] {logging_mixin.py:188} INFO - [2026-06-21T21:43:14.131-0500] {dag.py:3947} INFO - Setting next_dagrun for dataset_consumes_1_and_2 to None, run_after=None
[2026-06-21T21:43:14.132-0500] {logging_mixin.py:188} INFO - [2026-06-21T21:43:14.132-0500] {dag.py:3947} INFO - Setting next_dagrun for dataset_consumes_1_never_scheduled to None, run_after=None
[2026-06-21T21:43:14.133-0500] {logging_mixin.py:188} INFO - [2026-06-21T21:43:14.132-0500] {dag.py:3947} INFO - Setting next_dagrun for dataset_consumes_unknown_never_scheduled to None, run_after=None
[2026-06-21T21:43:14.134-0500] {logging_mixin.py:188} INFO - [2026-06-21T21:43:14.134-0500] {dag.py:3947} INFO - Setting next_dagrun for dataset_produces_1 to 2026-06-21 00:00:00+00:00, run_after=2026-06-22 00:00:00+00:00
[2026-06-21T21:43:14.135-0500] {logging_mixin.py:188} INFO - [2026-06-21T21:43:14.134-0500] {dag.py:3947} INFO - Setting next_dagrun for dataset_produces_2 to None, run_after=None
[2026-06-21T21:43:14.157-0500] {processor.py:183} INFO - Processing /Users/naga/Desktop/airflow_env/lib/python3.12/site-packages/airflow/example_dags/example_datasets.py took 0.185 seconds
[2026-06-21T21:46:22.708-0500] {processor.py:161} INFO - Started process (PID=64558) to work on /Users/naga/Desktop/airflow_env/lib/python3.12/site-packages/airflow/example_dags/example_datasets.py
[2026-06-21T21:46:22.710-0500] {processor.py:830} INFO - Processing file /Users/naga/Desktop/airflow_env/lib/python3.12/site-packages/airflow/example_dags/example_datasets.py for tasks to queue
[2026-06-21T21:46:22.710-0500] {logging_mixin.py:188} INFO - [2026-06-21T21:46:22.710-0500] {dagbag.py:545} INFO - Filling up the DagBag from /Users/naga/Desktop/airflow_env/lib/python3.12/site-packages/airflow/example_dags/example_datasets.py
[2026-06-21T21:46:22.754-0500] {processor.py:840} INFO - DAG(s) 'dataset_consumes_1_and_2', 'dataset_consumes_unknown_never_scheduled', 'dataset_produces_2', 'consume_1_or_2_with_dataset_expressions', 'dataset_produces_1', 'consume_1_and_2_with_dataset_expressions', 'conditional_dataset_and_time_based_timetable', 'consume_1_or_both_2_and_3_with_dataset_expressions', 'dataset_consumes_1', 'dataset_consumes_1_never_scheduled' retrieved from /Users/naga/Desktop/airflow_env/lib/python3.12/site-packages/airflow/example_dags/example_datasets.py
[2026-06-21T21:46:22.845-0500] {logging_mixin.py:188} INFO - [2026-06-21T21:46:22.844-0500] {dag.py:3089} INFO - Sync 10 DAGs
[2026-06-21T21:46:22.860-0500] {logging_mixin.py:188} INFO - [2026-06-21T21:46:22.860-0500] {dag.py:3947} INFO - Setting next_dagrun for conditional_dataset_and_time_based_timetable to 2026-06-17 01:00:00+00:00, run_after=2026-06-17 01:00:00+00:00
[2026-06-21T21:46:22.862-0500] {logging_mixin.py:188} INFO - [2026-06-21T21:46:22.862-0500] {dag.py:3947} INFO - Setting next_dagrun for consume_1_and_2_with_dataset_expressions to None, run_after=None
[2026-06-21T21:46:22.863-0500] {logging_mixin.py:188} INFO - [2026-06-21T21:46:22.863-0500] {dag.py:3947} INFO - Setting next_dagrun for consume_1_or_2_with_dataset_expressions to None, run_after=None
[2026-06-21T21:46:22.864-0500] {logging_mixin.py:188} INFO - [2026-06-21T21:46:22.864-0500] {dag.py:3947} INFO - Setting next_dagrun for consume_1_or_both_2_and_3_with_dataset_expressions to None, run_after=None
[2026-06-21T21:46:22.864-0500] {logging_mixin.py:188} INFO - [2026-06-21T21:46:22.864-0500] {dag.py:3947} INFO - Setting next_dagrun for dataset_consumes_1 to None, run_after=None
[2026-06-21T21:46:22.865-0500] {logging_mixin.py:188} INFO - [2026-06-21T21:46:22.865-0500] {dag.py:3947} INFO - Setting next_dagrun for dataset_consumes_1_and_2 to None, run_after=None
[2026-06-21T21:46:22.865-0500] {logging_mixin.py:188} INFO - [2026-06-21T21:46:22.865-0500] {dag.py:3947} INFO - Setting next_dagrun for dataset_consumes_1_never_scheduled to None, run_after=None
[2026-06-21T21:46:22.866-0500] {logging_mixin.py:188} INFO - [2026-06-21T21:46:22.866-0500] {dag.py:3947} INFO - Setting next_dagrun for dataset_consumes_unknown_never_scheduled to None, run_after=None
[2026-06-21T21:46:22.867-0500] {logging_mixin.py:188} INFO - [2026-06-21T21:46:22.867-0500] {dag.py:3947} INFO - Setting next_dagrun for dataset_produces_1 to 2026-06-21 00:00:00+00:00, run_after=2026-06-22 00:00:00+00:00
[2026-06-21T21:46:22.868-0500] {logging_mixin.py:188} INFO - [2026-06-21T21:46:22.868-0500] {dag.py:3947} INFO - Setting next_dagrun for dataset_produces_2 to None, run_after=None
[2026-06-21T21:46:22.888-0500] {processor.py:183} INFO - Processing /Users/naga/Desktop/airflow_env/lib/python3.12/site-packages/airflow/example_dags/example_datasets.py took 0.182 seconds
[2026-06-21T21:49:58.960-0500] {processor.py:161} INFO - Started process (PID=64778) to work on /Users/naga/Desktop/airflow_env/lib/python3.12/site-packages/airflow/example_dags/example_datasets.py
[2026-06-21T21:49:58.962-0500] {processor.py:830} INFO - Processing file /Users/naga/Desktop/airflow_env/lib/python3.12/site-packages/airflow/example_dags/example_datasets.py for tasks to queue
[2026-06-21T21:49:58.962-0500] {logging_mixin.py:188} INFO - [2026-06-21T21:49:58.962-0500] {dagbag.py:545} INFO - Filling up the DagBag from /Users/naga/Desktop/airflow_env/lib/python3.12/site-packages/airflow/example_dags/example_datasets.py
[2026-06-21T21:49:59.007-0500] {processor.py:840} INFO - DAG(s) 'conditional_dataset_and_time_based_timetable', 'dataset_consumes_1_never_scheduled', 'dataset_produces_2', 'dataset_produces_1', 'consume_1_or_both_2_and_3_with_dataset_expressions', 'consume_1_or_2_with_dataset_expressions', 'dataset_consumes_unknown_never_scheduled', 'consume_1_and_2_with_dataset_expressions', 'dataset_consumes_1_and_2', 'dataset_consumes_1' retrieved from /Users/naga/Desktop/airflow_env/lib/python3.12/site-packages/airflow/example_dags/example_datasets.py
[2026-06-21T21:49:59.097-0500] {logging_mixin.py:188} INFO - [2026-06-21T21:49:59.097-0500] {dag.py:3089} INFO - Sync 10 DAGs
[2026-06-21T21:49:59.113-0500] {logging_mixin.py:188} INFO - [2026-06-21T21:49:59.113-0500] {dag.py:3947} INFO - Setting next_dagrun for conditional_dataset_and_time_based_timetable to 2026-06-17 01:00:00+00:00, run_after=2026-06-17 01:00:00+00:00
[2026-06-21T21:49:59.115-0500] {logging_mixin.py:188} INFO - [2026-06-21T21:49:59.115-0500] {dag.py:3947} INFO - Setting next_dagrun for consume_1_and_2_with_dataset_expressions to None, run_after=None
[2026-06-21T21:49:59.116-0500] {logging_mixin.py:188} INFO - [2026-06-21T21:49:59.116-0500] {dag.py:3947} INFO - Setting next_dagrun for consume_1_or_2_with_dataset_expressions to None, run_after=None
[2026-06-21T21:49:59.117-0500] {logging_mixin.py:188} INFO - [2026-06-21T21:49:59.117-0500] {dag.py:3947} INFO - Setting next_dagrun for consume_1_or_both_2_and_3_with_dataset_expressions to None, run_after=None
[2026-06-21T21:49:59.117-0500] {logging_mixin.py:188} INFO - [2026-06-21T21:49:59.117-0500] {dag.py:3947} INFO - Setting next_dagrun for dataset_consumes_1 to None, run_after=None
[2026-06-21T21:49:59.118-0500] {logging_mixin.py:188} INFO - [2026-06-21T21:49:59.118-0500] {dag.py:3947} INFO - Setting next_dagrun for dataset_consumes_1_and_2 to None, run_after=None
[2026-06-21T21:49:59.119-0500] {logging_mixin.py:188} INFO - [2026-06-21T21:49:59.119-0500] {dag.py:3947} INFO - Setting next_dagrun for dataset_consumes_1_never_scheduled to None, run_after=None
[2026-06-21T21:49:59.119-0500] {logging_mixin.py:188} INFO - [2026-06-21T21:49:59.119-0500] {dag.py:3947} INFO - Setting next_dagrun for dataset_consumes_unknown_never_scheduled to None, run_after=None
[2026-06-21T21:49:59.121-0500] {logging_mixin.py:188} INFO - [2026-06-21T21:49:59.120-0500] {dag.py:3947} INFO - Setting next_dagrun for dataset_produces_1 to 2026-06-21 00:00:00+00:00, run_after=2026-06-22 00:00:00+00:00
[2026-06-21T21:49:59.121-0500] {logging_mixin.py:188} INFO - [2026-06-21T21:49:59.121-0500] {dag.py:3947} INFO - Setting next_dagrun for dataset_produces_2 to None, run_after=None
[2026-06-21T21:49:59.141-0500] {processor.py:183} INFO - Processing /Users/naga/Desktop/airflow_env/lib/python3.12/site-packages/airflow/example_dags/example_datasets.py took 0.183 seconds
[2026-06-21T21:52:22.439-0500] {processor.py:161} INFO - Started process (PID=64887) to work on /Users/naga/Desktop/airflow_env/lib/python3.12/site-packages/airflow/example_dags/example_datasets.py
[2026-06-21T21:52:22.441-0500] {processor.py:830} INFO - Processing file /Users/naga/Desktop/airflow_env/lib/python3.12/site-packages/airflow/example_dags/example_datasets.py for tasks to queue
[2026-06-21T21:52:22.441-0500] {logging_mixin.py:188} INFO - [2026-06-21T21:52:22.441-0500] {dagbag.py:545} INFO - Filling up the DagBag from /Users/naga/Desktop/airflow_env/lib/python3.12/site-packages/airflow/example_dags/example_datasets.py
[2026-06-21T21:52:22.485-0500] {processor.py:840} INFO - DAG(s) 'dataset_produces_1', 'consume_1_and_2_with_dataset_expressions', 'dataset_consumes_1', 'consume_1_or_both_2_and_3_with_dataset_expressions', 'dataset_consumes_1_and_2', 'dataset_consumes_1_never_scheduled', 'dataset_produces_2', 'consume_1_or_2_with_dataset_expressions', 'dataset_consumes_unknown_never_scheduled', 'conditional_dataset_and_time_based_timetable' retrieved from /Users/naga/Desktop/airflow_env/lib/python3.12/site-packages/airflow/example_dags/example_datasets.py
[2026-06-21T21:52:22.576-0500] {logging_mixin.py:188} INFO - [2026-06-21T21:52:22.576-0500] {dag.py:3089} INFO - Sync 10 DAGs
[2026-06-21T21:52:22.591-0500] {logging_mixin.py:188} INFO - [2026-06-21T21:52:22.590-0500] {dag.py:3947} INFO - Setting next_dagrun for conditional_dataset_and_time_based_timetable to 2026-06-17 01:00:00+00:00, run_after=2026-06-17 01:00:00+00:00
[2026-06-21T21:52:22.593-0500] {logging_mixin.py:188} INFO - [2026-06-21T21:52:22.593-0500] {dag.py:3947} INFO - Setting next_dagrun for consume_1_and_2_with_dataset_expressions to None, run_after=None
[2026-06-21T21:52:22.594-0500] {logging_mixin.py:188} INFO - [2026-06-21T21:52:22.593-0500] {dag.py:3947} INFO - Setting next_dagrun for consume_1_or_2_with_dataset_expressions to None, run_after=None
[2026-06-21T21:52:22.594-0500] {logging_mixin.py:188} INFO - [2026-06-21T21:52:22.594-0500] {dag.py:3947} INFO - Setting next_dagrun for consume_1_or_both_2_and_3_with_dataset_expressions to None, run_after=None
[2026-06-21T21:52:22.595-0500] {logging_mixin.py:188} INFO - [2026-06-21T21:52:22.595-0500] {dag.py:3947} INFO - Setting next_dagrun for dataset_consumes_1 to None, run_after=None
[2026-06-21T21:52:22.595-0500] {logging_mixin.py:188} INFO - [2026-06-21T21:52:22.595-0500] {dag.py:3947} INFO - Setting next_dagrun for dataset_consumes_1_and_2 to None, run_after=None
[2026-06-21T21:52:22.596-0500] {logging_mixin.py:188} INFO - [2026-06-21T21:52:22.596-0500] {dag.py:3947} INFO - Setting next_dagrun for dataset_consumes_1_never_scheduled to None, run_after=None
[2026-06-21T21:52:22.597-0500] {logging_mixin.py:188} INFO - [2026-06-21T21:52:22.596-0500] {dag.py:3947} INFO - Setting next_dagrun for dataset_consumes_unknown_never_scheduled to None, run_after=None
[2026-06-21T21:52:22.598-0500] {logging_mixin.py:188} INFO - [2026-06-21T21:52:22.598-0500] {dag.py:3947} INFO - Setting next_dagrun for dataset_produces_1 to 2026-06-21 00:00:00+00:00, run_after=2026-06-22 00:00:00+00:00
[2026-06-21T21:52:22.599-0500] {logging_mixin.py:188} INFO - [2026-06-21T21:52:22.598-0500] {dag.py:3947} INFO - Setting next_dagrun for dataset_produces_2 to None, run_after=None
[2026-06-21T21:52:22.617-0500] {processor.py:183} INFO - Processing /Users/naga/Desktop/airflow_env/lib/python3.12/site-packages/airflow/example_dags/example_datasets.py took 0.180 seconds
[2026-06-21T21:55:55.687-0500] {processor.py:161} INFO - Started process (PID=65365) to work on /Users/naga/Desktop/airflow_env/lib/python3.12/site-packages/airflow/example_dags/example_datasets.py
[2026-06-21T21:55:55.689-0500] {processor.py:830} INFO - Processing file /Users/naga/Desktop/airflow_env/lib/python3.12/site-packages/airflow/example_dags/example_datasets.py for tasks to queue
[2026-06-21T21:55:55.690-0500] {logging_mixin.py:188} INFO - [2026-06-21T21:55:55.689-0500] {dagbag.py:545} INFO - Filling up the DagBag from /Users/naga/Desktop/airflow_env/lib/python3.12/site-packages/airflow/example_dags/example_datasets.py
[2026-06-21T21:55:55.733-0500] {processor.py:840} INFO - DAG(s) 'consume_1_and_2_with_dataset_expressions', 'dataset_consumes_1_never_scheduled', 'dataset_produces_1', 'conditional_dataset_and_time_based_timetable', 'dataset_consumes_1', 'consume_1_or_both_2_and_3_with_dataset_expressions', 'dataset_produces_2', 'dataset_consumes_1_and_2', 'dataset_consumes_unknown_never_scheduled', 'consume_1_or_2_with_dataset_expressions' retrieved from /Users/naga/Desktop/airflow_env/lib/python3.12/site-packages/airflow/example_dags/example_datasets.py
[2026-06-21T21:55:55.824-0500] {logging_mixin.py:188} INFO - [2026-06-21T21:55:55.824-0500] {dag.py:3089} INFO - Sync 10 DAGs
[2026-06-21T21:55:55.839-0500] {logging_mixin.py:188} INFO - [2026-06-21T21:55:55.838-0500] {dag.py:3947} INFO - Setting next_dagrun for conditional_dataset_and_time_based_timetable to 2026-06-17 01:00:00+00:00, run_after=2026-06-17 01:00:00+00:00
[2026-06-21T21:55:55.841-0500] {logging_mixin.py:188} INFO - [2026-06-21T21:55:55.841-0500] {dag.py:3947} INFO - Setting next_dagrun for consume_1_and_2_with_dataset_expressions to None, run_after=None
[2026-06-21T21:55:55.842-0500] {logging_mixin.py:188} INFO - [2026-06-21T21:55:55.842-0500] {dag.py:3947} INFO - Setting next_dagrun for consume_1_or_2_with_dataset_expressions to None, run_after=None
[2026-06-21T21:55:55.842-0500] {logging_mixin.py:188} INFO - [2026-06-21T21:55:55.842-0500] {dag.py:3947} INFO - Setting next_dagrun for consume_1_or_both_2_and_3_with_dataset_expressions to None, run_after=None
[2026-06-21T21:55:55.843-0500] {logging_mixin.py:188} INFO - [2026-06-21T21:55:55.843-0500] {dag.py:3947} INFO - Setting next_dagrun for dataset_consumes_1 to None, run_after=None
[2026-06-21T21:55:55.844-0500] {logging_mixin.py:188} INFO - [2026-06-21T21:55:55.844-0500] {dag.py:3947} INFO - Setting next_dagrun for dataset_consumes_1_and_2 to None, run_after=None
[2026-06-21T21:55:55.844-0500] {logging_mixin.py:188} INFO - [2026-06-21T21:55:55.844-0500] {dag.py:3947} INFO - Setting next_dagrun for dataset_consumes_1_never_scheduled to None, run_after=None
[2026-06-21T21:55:55.845-0500] {logging_mixin.py:188} INFO - [2026-06-21T21:55:55.845-0500] {dag.py:3947} INFO - Setting next_dagrun for dataset_consumes_unknown_never_scheduled to None, run_after=None
[2026-06-21T21:55:55.846-0500] {logging_mixin.py:188} INFO - [2026-06-21T21:55:55.846-0500] {dag.py:3947} INFO - Setting next_dagrun for dataset_produces_1 to 2026-06-21 00:00:00+00:00, run_after=2026-06-22 00:00:00+00:00
[2026-06-21T21:55:55.847-0500] {logging_mixin.py:188} INFO - [2026-06-21T21:55:55.847-0500] {dag.py:3947} INFO - Setting next_dagrun for dataset_produces_2 to None, run_after=None
[2026-06-21T21:55:55.866-0500] {processor.py:183} INFO - Processing /Users/naga/Desktop/airflow_env/lib/python3.12/site-packages/airflow/example_dags/example_datasets.py took 0.181 seconds
