[2026-06-21T19:46:25.602-0500] {processor.py:161} INFO - Started process (PID=61464) to work on /Users/naga/Desktop/airflow_env/lib/python3.12/site-packages/airflow/example_dags/example_branch_operator_decorator.py
[2026-06-21T19:46:25.603-0500] {processor.py:830} INFO - Processing file /Users/naga/Desktop/airflow_env/lib/python3.12/site-packages/airflow/example_dags/example_branch_operator_decorator.py for tasks to queue
[2026-06-21T19:46:25.604-0500] {logging_mixin.py:188} INFO - [2026-06-21T19:46:25.604-0500] {dagbag.py:545} INFO - Filling up the DagBag from /Users/naga/Desktop/airflow_env/lib/python3.12/site-packages/airflow/example_dags/example_branch_operator_decorator.py
[2026-06-21T19:46:25.645-0500] {processor.py:840} INFO - DAG(s) 'example_branch_python_operator_decorator' retrieved from /Users/naga/Desktop/airflow_env/lib/python3.12/site-packages/airflow/example_dags/example_branch_operator_decorator.py
[2026-06-21T19:46:25.805-0500] {logging_mixin.py:188} INFO - [2026-06-21T19:46:25.804-0500] {dag.py:3089} INFO - Sync 1 DAGs
[2026-06-21T19:46:25.819-0500] {logging_mixin.py:188} INFO - [2026-06-21T19:46:25.818-0500] {dag.py:3947} INFO - Setting next_dagrun for example_branch_python_operator_decorator to 2026-06-21 00:00:00+00:00, run_after=2026-06-22 00:00:00+00:00
[2026-06-21T19:46:25.834-0500] {processor.py:183} INFO - Processing /Users/naga/Desktop/airflow_env/lib/python3.12/site-packages/airflow/example_dags/example_branch_operator_decorator.py took 0.234 seconds
[2026-06-21T19:49:25.968-0500] {processor.py:161} INFO - Started process (PID=61618) to work on /Users/naga/Desktop/airflow_env/lib/python3.12/site-packages/airflow/example_dags/example_branch_operator_decorator.py
[2026-06-21T19:49:25.969-0500] {processor.py:830} INFO - Processing file /Users/naga/Desktop/airflow_env/lib/python3.12/site-packages/airflow/example_dags/example_branch_operator_decorator.py for tasks to queue
[2026-06-21T19:49:25.970-0500] {logging_mixin.py:188} INFO - [2026-06-21T19:49:25.970-0500] {dagbag.py:545} INFO - Filling up the DagBag from /Users/naga/Desktop/airflow_env/lib/python3.12/site-packages/airflow/example_dags/example_branch_operator_decorator.py
[2026-06-21T19:49:26.018-0500] {processor.py:840} INFO - DAG(s) 'example_branch_python_operator_decorator' retrieved from /Users/naga/Desktop/airflow_env/lib/python3.12/site-packages/airflow/example_dags/example_branch_operator_decorator.py
[2026-06-21T19:49:26.204-0500] {logging_mixin.py:188} INFO - [2026-06-21T19:49:26.204-0500] {dag.py:3089} INFO - Sync 1 DAGs
[2026-06-21T19:49:26.221-0500] {logging_mixin.py:188} INFO - [2026-06-21T19:49:26.221-0500] {dag.py:3947} INFO - Setting next_dagrun for example_branch_python_operator_decorator to 2026-06-21 00:00:00+00:00, run_after=2026-06-22 00:00:00+00:00
[2026-06-21T19:49:26.241-0500] {processor.py:183} INFO - Processing /Users/naga/Desktop/airflow_env/lib/python3.12/site-packages/airflow/example_dags/example_branch_operator_decorator.py took 0.277 seconds
[2026-06-21T19:52:28.407-0500] {processor.py:161} INFO - Started process (PID=61857) to work on /Users/naga/Desktop/airflow_env/lib/python3.12/site-packages/airflow/example_dags/example_branch_operator_decorator.py
[2026-06-21T19:52:28.408-0500] {processor.py:830} INFO - Processing file /Users/naga/Desktop/airflow_env/lib/python3.12/site-packages/airflow/example_dags/example_branch_operator_decorator.py for tasks to queue
[2026-06-21T19:52:28.409-0500] {logging_mixin.py:188} INFO - [2026-06-21T19:52:28.409-0500] {dagbag.py:545} INFO - Filling up the DagBag from /Users/naga/Desktop/airflow_env/lib/python3.12/site-packages/airflow/example_dags/example_branch_operator_decorator.py
[2026-06-21T19:52:28.451-0500] {processor.py:840} INFO - DAG(s) 'example_branch_python_operator_decorator' retrieved from /Users/naga/Desktop/airflow_env/lib/python3.12/site-packages/airflow/example_dags/example_branch_operator_decorator.py
[2026-06-21T19:52:28.591-0500] {logging_mixin.py:188} INFO - [2026-06-21T19:52:28.591-0500] {dag.py:3089} INFO - Sync 1 DAGs
[2026-06-21T19:52:28.604-0500] {logging_mixin.py:188} INFO - [2026-06-21T19:52:28.604-0500] {dag.py:3947} INFO - Setting next_dagrun for example_branch_python_operator_decorator to 2026-06-21 00:00:00+00:00, run_after=2026-06-22 00:00:00+00:00
[2026-06-21T19:52:28.618-0500] {processor.py:183} INFO - Processing /Users/naga/Desktop/airflow_env/lib/python3.12/site-packages/airflow/example_dags/example_branch_operator_decorator.py took 0.213 seconds
[2026-06-21T19:55:17.005-0500] {processor.py:161} INFO - Started process (PID=61973) to work on /Users/naga/Desktop/airflow_env/lib/python3.12/site-packages/airflow/example_dags/example_branch_operator_decorator.py
[2026-06-21T19:55:17.006-0500] {processor.py:830} INFO - Processing file /Users/naga/Desktop/airflow_env/lib/python3.12/site-packages/airflow/example_dags/example_branch_operator_decorator.py for tasks to queue
[2026-06-21T19:55:17.007-0500] {logging_mixin.py:188} INFO - [2026-06-21T19:55:17.006-0500] {dagbag.py:545} INFO - Filling up the DagBag from /Users/naga/Desktop/airflow_env/lib/python3.12/site-packages/airflow/example_dags/example_branch_operator_decorator.py
[2026-06-21T19:55:17.047-0500] {processor.py:840} INFO - DAG(s) 'example_branch_python_operator_decorator' retrieved from /Users/naga/Desktop/airflow_env/lib/python3.12/site-packages/airflow/example_dags/example_branch_operator_decorator.py
[2026-06-21T19:55:17.195-0500] {logging_mixin.py:188} INFO - [2026-06-21T19:55:17.195-0500] {dag.py:3089} INFO - Sync 1 DAGs
[2026-06-21T19:55:17.209-0500] {logging_mixin.py:188} INFO - [2026-06-21T19:55:17.208-0500] {dag.py:3947} INFO - Setting next_dagrun for example_branch_python_operator_decorator to 2026-06-21 00:00:00+00:00, run_after=2026-06-22 00:00:00+00:00
[2026-06-21T19:55:17.223-0500] {processor.py:183} INFO - Processing /Users/naga/Desktop/airflow_env/lib/python3.12/site-packages/airflow/example_dags/example_branch_operator_decorator.py took 0.220 seconds
[2026-06-21T19:58:11.860-0500] {processor.py:161} INFO - Started process (PID=62120) to work on /Users/naga/Desktop/airflow_env/lib/python3.12/site-packages/airflow/example_dags/example_branch_operator_decorator.py
[2026-06-21T19:58:11.862-0500] {processor.py:830} INFO - Processing file /Users/naga/Desktop/airflow_env/lib/python3.12/site-packages/airflow/example_dags/example_branch_operator_decorator.py for tasks to queue
[2026-06-21T19:58:11.862-0500] {logging_mixin.py:188} INFO - [2026-06-21T19:58:11.862-0500] {dagbag.py:545} INFO - Filling up the DagBag from /Users/naga/Desktop/airflow_env/lib/python3.12/site-packages/airflow/example_dags/example_branch_operator_decorator.py
[2026-06-21T19:58:11.903-0500] {processor.py:840} INFO - DAG(s) 'example_branch_python_operator_decorator' retrieved from /Users/naga/Desktop/airflow_env/lib/python3.12/site-packages/airflow/example_dags/example_branch_operator_decorator.py
[2026-06-21T19:58:12.042-0500] {logging_mixin.py:188} INFO - [2026-06-21T19:58:12.041-0500] {dag.py:3089} INFO - Sync 1 DAGs
[2026-06-21T19:58:12.055-0500] {logging_mixin.py:188} INFO - [2026-06-21T19:58:12.054-0500] {dag.py:3947} INFO - Setting next_dagrun for example_branch_python_operator_decorator to 2026-06-21 00:00:00+00:00, run_after=2026-06-22 00:00:00+00:00
[2026-06-21T19:58:12.069-0500] {processor.py:183} INFO - Processing /Users/naga/Desktop/airflow_env/lib/python3.12/site-packages/airflow/example_dags/example_branch_operator_decorator.py took 0.210 seconds
[2026-06-21T20:01:04.788-0500] {processor.py:161} INFO - Started process (PID=62250) to work on /Users/naga/Desktop/airflow_env/lib/python3.12/site-packages/airflow/example_dags/example_branch_operator_decorator.py
[2026-06-21T20:01:04.789-0500] {processor.py:830} INFO - Processing file /Users/naga/Desktop/airflow_env/lib/python3.12/site-packages/airflow/example_dags/example_branch_operator_decorator.py for tasks to queue
[2026-06-21T20:01:04.789-0500] {logging_mixin.py:188} INFO - [2026-06-21T20:01:04.789-0500] {dagbag.py:545} INFO - Filling up the DagBag from /Users/naga/Desktop/airflow_env/lib/python3.12/site-packages/airflow/example_dags/example_branch_operator_decorator.py
[2026-06-21T20:01:04.830-0500] {processor.py:840} INFO - DAG(s) 'example_branch_python_operator_decorator' retrieved from /Users/naga/Desktop/airflow_env/lib/python3.12/site-packages/airflow/example_dags/example_branch_operator_decorator.py
[2026-06-21T20:01:04.969-0500] {logging_mixin.py:188} INFO - [2026-06-21T20:01:04.969-0500] {dag.py:3089} INFO - Sync 1 DAGs
[2026-06-21T20:01:04.983-0500] {logging_mixin.py:188} INFO - [2026-06-21T20:01:04.982-0500] {dag.py:3947} INFO - Setting next_dagrun for example_branch_python_operator_decorator to 2026-06-21 00:00:00+00:00, run_after=2026-06-22 00:00:00+00:00
[2026-06-21T20:01:04.997-0500] {processor.py:183} INFO - Processing /Users/naga/Desktop/airflow_env/lib/python3.12/site-packages/airflow/example_dags/example_branch_operator_decorator.py took 0.211 seconds
[2026-06-21T20:03:56.537-0500] {processor.py:161} INFO - Started process (PID=62388) to work on /Users/naga/Desktop/airflow_env/lib/python3.12/site-packages/airflow/example_dags/example_branch_operator_decorator.py
[2026-06-21T20:03:56.538-0500] {processor.py:830} INFO - Processing file /Users/naga/Desktop/airflow_env/lib/python3.12/site-packages/airflow/example_dags/example_branch_operator_decorator.py for tasks to queue
[2026-06-21T20:03:56.539-0500] {logging_mixin.py:188} INFO - [2026-06-21T20:03:56.539-0500] {dagbag.py:545} INFO - Filling up the DagBag from /Users/naga/Desktop/airflow_env/lib/python3.12/site-packages/airflow/example_dags/example_branch_operator_decorator.py
[2026-06-21T20:03:56.580-0500] {processor.py:840} INFO - DAG(s) 'example_branch_python_operator_decorator' retrieved from /Users/naga/Desktop/airflow_env/lib/python3.12/site-packages/airflow/example_dags/example_branch_operator_decorator.py
[2026-06-21T20:03:56.722-0500] {logging_mixin.py:188} INFO - [2026-06-21T20:03:56.721-0500] {dag.py:3089} INFO - Sync 1 DAGs
[2026-06-21T20:03:56.735-0500] {logging_mixin.py:188} INFO - [2026-06-21T20:03:56.735-0500] {dag.py:3947} INFO - Setting next_dagrun for example_branch_python_operator_decorator to 2026-06-21 00:00:00+00:00, run_after=2026-06-22 00:00:00+00:00
[2026-06-21T20:03:56.749-0500] {processor.py:183} INFO - Processing /Users/naga/Desktop/airflow_env/lib/python3.12/site-packages/airflow/example_dags/example_branch_operator_decorator.py took 0.215 seconds
[2026-06-21T20:06:51.624-0500] {processor.py:161} INFO - Started process (PID=62512) to work on /Users/naga/Desktop/airflow_env/lib/python3.12/site-packages/airflow/example_dags/example_branch_operator_decorator.py
[2026-06-21T20:06:51.625-0500] {processor.py:830} INFO - Processing file /Users/naga/Desktop/airflow_env/lib/python3.12/site-packages/airflow/example_dags/example_branch_operator_decorator.py for tasks to queue
[2026-06-21T20:06:51.625-0500] {logging_mixin.py:188} INFO - [2026-06-21T20:06:51.625-0500] {dagbag.py:545} INFO - Filling up the DagBag from /Users/naga/Desktop/airflow_env/lib/python3.12/site-packages/airflow/example_dags/example_branch_operator_decorator.py
[2026-06-21T20:06:51.666-0500] {processor.py:840} INFO - DAG(s) 'example_branch_python_operator_decorator' retrieved from /Users/naga/Desktop/airflow_env/lib/python3.12/site-packages/airflow/example_dags/example_branch_operator_decorator.py
[2026-06-21T20:06:51.805-0500] {logging_mixin.py:188} INFO - [2026-06-21T20:06:51.805-0500] {dag.py:3089} INFO - Sync 1 DAGs
[2026-06-21T20:06:51.818-0500] {logging_mixin.py:188} INFO - [2026-06-21T20:06:51.818-0500] {dag.py:3947} INFO - Setting next_dagrun for example_branch_python_operator_decorator to 2026-06-21 00:00:00+00:00, run_after=2026-06-22 00:00:00+00:00
[2026-06-21T20:06:51.832-0500] {processor.py:183} INFO - Processing /Users/naga/Desktop/airflow_env/lib/python3.12/site-packages/airflow/example_dags/example_branch_operator_decorator.py took 0.211 seconds
[2026-06-21T20:37:22.773-0500] {processor.py:161} INFO - Started process (PID=62712) to work on /Users/naga/Desktop/airflow_env/lib/python3.12/site-packages/airflow/example_dags/example_branch_operator_decorator.py
[2026-06-21T20:37:22.775-0500] {processor.py:830} INFO - Processing file /Users/naga/Desktop/airflow_env/lib/python3.12/site-packages/airflow/example_dags/example_branch_operator_decorator.py for tasks to queue
[2026-06-21T20:37:22.775-0500] {logging_mixin.py:188} INFO - [2026-06-21T20:37:22.775-0500] {dagbag.py:545} INFO - Filling up the DagBag from /Users/naga/Desktop/airflow_env/lib/python3.12/site-packages/airflow/example_dags/example_branch_operator_decorator.py
[2026-06-21T20:37:22.818-0500] {processor.py:840} INFO - DAG(s) 'example_branch_python_operator_decorator' retrieved from /Users/naga/Desktop/airflow_env/lib/python3.12/site-packages/airflow/example_dags/example_branch_operator_decorator.py
[2026-06-21T20:37:22.978-0500] {logging_mixin.py:188} INFO - [2026-06-21T20:37:22.978-0500] {dag.py:3089} INFO - Sync 1 DAGs
[2026-06-21T20:37:22.992-0500] {logging_mixin.py:188} INFO - [2026-06-21T20:37:22.992-0500] {dag.py:3947} INFO - Setting next_dagrun for example_branch_python_operator_decorator to 2026-06-21 00:00:00+00:00, run_after=2026-06-22 00:00:00+00:00
[2026-06-21T20:37:23.008-0500] {processor.py:183} INFO - Processing /Users/naga/Desktop/airflow_env/lib/python3.12/site-packages/airflow/example_dags/example_branch_operator_decorator.py took 0.236 seconds
[2026-06-21T20:40:29.324-0500] {processor.py:161} INFO - Started process (PID=62880) to work on /Users/naga/Desktop/airflow_env/lib/python3.12/site-packages/airflow/example_dags/example_branch_operator_decorator.py
[2026-06-21T20:40:29.326-0500] {processor.py:830} INFO - Processing file /Users/naga/Desktop/airflow_env/lib/python3.12/site-packages/airflow/example_dags/example_branch_operator_decorator.py for tasks to queue
[2026-06-21T20:40:29.326-0500] {logging_mixin.py:188} INFO - [2026-06-21T20:40:29.326-0500] {dagbag.py:545} INFO - Filling up the DagBag from /Users/naga/Desktop/airflow_env/lib/python3.12/site-packages/airflow/example_dags/example_branch_operator_decorator.py
[2026-06-21T20:40:29.379-0500] {processor.py:840} INFO - DAG(s) 'example_branch_python_operator_decorator' retrieved from /Users/naga/Desktop/airflow_env/lib/python3.12/site-packages/airflow/example_dags/example_branch_operator_decorator.py
[2026-06-21T20:40:29.581-0500] {logging_mixin.py:188} INFO - [2026-06-21T20:40:29.580-0500] {dag.py:3089} INFO - Sync 1 DAGs
[2026-06-21T20:40:29.595-0500] {logging_mixin.py:188} INFO - [2026-06-21T20:40:29.595-0500] {dag.py:3947} INFO - Setting next_dagrun for example_branch_python_operator_decorator to 2026-06-21 00:00:00+00:00, run_after=2026-06-22 00:00:00+00:00
[2026-06-21T20:40:29.614-0500] {processor.py:183} INFO - Processing /Users/naga/Desktop/airflow_env/lib/python3.12/site-packages/airflow/example_dags/example_branch_operator_decorator.py took 0.292 seconds
[2026-06-21T20:43:27.626-0500] {processor.py:161} INFO - Started process (PID=63142) to work on /Users/naga/Desktop/airflow_env/lib/python3.12/site-packages/airflow/example_dags/example_branch_operator_decorator.py
[2026-06-21T20:43:27.627-0500] {processor.py:830} INFO - Processing file /Users/naga/Desktop/airflow_env/lib/python3.12/site-packages/airflow/example_dags/example_branch_operator_decorator.py for tasks to queue
[2026-06-21T20:43:27.628-0500] {logging_mixin.py:188} INFO - [2026-06-21T20:43:27.627-0500] {dagbag.py:545} INFO - Filling up the DagBag from /Users/naga/Desktop/airflow_env/lib/python3.12/site-packages/airflow/example_dags/example_branch_operator_decorator.py
[2026-06-21T20:43:27.668-0500] {processor.py:840} INFO - DAG(s) 'example_branch_python_operator_decorator' retrieved from /Users/naga/Desktop/airflow_env/lib/python3.12/site-packages/airflow/example_dags/example_branch_operator_decorator.py
[2026-06-21T20:43:27.808-0500] {logging_mixin.py:188} INFO - [2026-06-21T20:43:27.808-0500] {dag.py:3089} INFO - Sync 1 DAGs
[2026-06-21T20:43:27.822-0500] {logging_mixin.py:188} INFO - [2026-06-21T20:43:27.821-0500] {dag.py:3947} INFO - Setting next_dagrun for example_branch_python_operator_decorator to 2026-06-21 00:00:00+00:00, run_after=2026-06-22 00:00:00+00:00
[2026-06-21T20:43:27.836-0500] {processor.py:183} INFO - Processing /Users/naga/Desktop/airflow_env/lib/python3.12/site-packages/airflow/example_dags/example_branch_operator_decorator.py took 0.212 seconds
[2026-06-21T20:46:19.593-0500] {processor.py:161} INFO - Started process (PID=63297) to work on /Users/naga/Desktop/airflow_env/lib/python3.12/site-packages/airflow/example_dags/example_branch_operator_decorator.py
[2026-06-21T20:46:19.595-0500] {processor.py:830} INFO - Processing file /Users/naga/Desktop/airflow_env/lib/python3.12/site-packages/airflow/example_dags/example_branch_operator_decorator.py for tasks to queue
[2026-06-21T20:46:19.595-0500] {logging_mixin.py:188} INFO - [2026-06-21T20:46:19.595-0500] {dagbag.py:545} INFO - Filling up the DagBag from /Users/naga/Desktop/airflow_env/lib/python3.12/site-packages/airflow/example_dags/example_branch_operator_decorator.py
[2026-06-21T20:46:19.636-0500] {processor.py:840} INFO - DAG(s) 'example_branch_python_operator_decorator' retrieved from /Users/naga/Desktop/airflow_env/lib/python3.12/site-packages/airflow/example_dags/example_branch_operator_decorator.py
[2026-06-21T20:46:19.777-0500] {logging_mixin.py:188} INFO - [2026-06-21T20:46:19.776-0500] {dag.py:3089} INFO - Sync 1 DAGs
[2026-06-21T20:46:19.790-0500] {logging_mixin.py:188} INFO - [2026-06-21T20:46:19.790-0500] {dag.py:3947} INFO - Setting next_dagrun for example_branch_python_operator_decorator to 2026-06-21 00:00:00+00:00, run_after=2026-06-22 00:00:00+00:00
[2026-06-21T20:46:19.805-0500] {processor.py:183} INFO - Processing /Users/naga/Desktop/airflow_env/lib/python3.12/site-packages/airflow/example_dags/example_branch_operator_decorator.py took 0.214 seconds
[2026-06-21T20:49:08.625-0500] {processor.py:161} INFO - Started process (PID=63435) to work on /Users/naga/Desktop/airflow_env/lib/python3.12/site-packages/airflow/example_dags/example_branch_operator_decorator.py
[2026-06-21T20:49:08.627-0500] {processor.py:830} INFO - Processing file /Users/naga/Desktop/airflow_env/lib/python3.12/site-packages/airflow/example_dags/example_branch_operator_decorator.py for tasks to queue
[2026-06-21T20:49:08.627-0500] {logging_mixin.py:188} INFO - [2026-06-21T20:49:08.627-0500] {dagbag.py:545} INFO - Filling up the DagBag from /Users/naga/Desktop/airflow_env/lib/python3.12/site-packages/airflow/example_dags/example_branch_operator_decorator.py
[2026-06-21T20:49:08.669-0500] {processor.py:840} INFO - DAG(s) 'example_branch_python_operator_decorator' retrieved from /Users/naga/Desktop/airflow_env/lib/python3.12/site-packages/airflow/example_dags/example_branch_operator_decorator.py
[2026-06-21T20:49:08.812-0500] {logging_mixin.py:188} INFO - [2026-06-21T20:49:08.812-0500] {dag.py:3089} INFO - Sync 1 DAGs
[2026-06-21T20:49:08.826-0500] {logging_mixin.py:188} INFO - [2026-06-21T20:49:08.825-0500] {dag.py:3947} INFO - Setting next_dagrun for example_branch_python_operator_decorator to 2026-06-21 00:00:00+00:00, run_after=2026-06-22 00:00:00+00:00
[2026-06-21T20:49:08.840-0500] {processor.py:183} INFO - Processing /Users/naga/Desktop/airflow_env/lib/python3.12/site-packages/airflow/example_dags/example_branch_operator_decorator.py took 0.217 seconds
[2026-06-21T20:52:04.739-0500] {processor.py:161} INFO - Started process (PID=63559) to work on /Users/naga/Desktop/airflow_env/lib/python3.12/site-packages/airflow/example_dags/example_branch_operator_decorator.py
[2026-06-21T20:52:04.740-0500] {processor.py:830} INFO - Processing file /Users/naga/Desktop/airflow_env/lib/python3.12/site-packages/airflow/example_dags/example_branch_operator_decorator.py for tasks to queue
[2026-06-21T20:52:04.741-0500] {logging_mixin.py:188} INFO - [2026-06-21T20:52:04.741-0500] {dagbag.py:545} INFO - Filling up the DagBag from /Users/naga/Desktop/airflow_env/lib/python3.12/site-packages/airflow/example_dags/example_branch_operator_decorator.py
[2026-06-21T20:52:04.781-0500] {processor.py:840} INFO - DAG(s) 'example_branch_python_operator_decorator' retrieved from /Users/naga/Desktop/airflow_env/lib/python3.12/site-packages/airflow/example_dags/example_branch_operator_decorator.py
[2026-06-21T20:52:04.920-0500] {logging_mixin.py:188} INFO - [2026-06-21T20:52:04.919-0500] {dag.py:3089} INFO - Sync 1 DAGs
[2026-06-21T20:52:04.933-0500] {logging_mixin.py:188} INFO - [2026-06-21T20:52:04.933-0500] {dag.py:3947} INFO - Setting next_dagrun for example_branch_python_operator_decorator to 2026-06-21 00:00:00+00:00, run_after=2026-06-22 00:00:00+00:00
[2026-06-21T20:52:04.947-0500] {processor.py:183} INFO - Processing /Users/naga/Desktop/airflow_env/lib/python3.12/site-packages/airflow/example_dags/example_branch_operator_decorator.py took 0.210 seconds
[2026-06-21T20:55:04.686-0500] {processor.py:161} INFO - Started process (PID=63814) to work on /Users/naga/Desktop/airflow_env/lib/python3.12/site-packages/airflow/example_dags/example_branch_operator_decorator.py
[2026-06-21T20:55:04.687-0500] {processor.py:830} INFO - Processing file /Users/naga/Desktop/airflow_env/lib/python3.12/site-packages/airflow/example_dags/example_branch_operator_decorator.py for tasks to queue
[2026-06-21T20:55:04.688-0500] {logging_mixin.py:188} INFO - [2026-06-21T20:55:04.687-0500] {dagbag.py:545} INFO - Filling up the DagBag from /Users/naga/Desktop/airflow_env/lib/python3.12/site-packages/airflow/example_dags/example_branch_operator_decorator.py
[2026-06-21T20:55:04.728-0500] {processor.py:840} INFO - DAG(s) 'example_branch_python_operator_decorator' retrieved from /Users/naga/Desktop/airflow_env/lib/python3.12/site-packages/airflow/example_dags/example_branch_operator_decorator.py
[2026-06-21T20:55:04.867-0500] {logging_mixin.py:188} INFO - [2026-06-21T20:55:04.866-0500] {dag.py:3089} INFO - Sync 1 DAGs
[2026-06-21T20:55:04.880-0500] {logging_mixin.py:188} INFO - [2026-06-21T20:55:04.879-0500] {dag.py:3947} INFO - Setting next_dagrun for example_branch_python_operator_decorator to 2026-06-21 00:00:00+00:00, run_after=2026-06-22 00:00:00+00:00
[2026-06-21T20:55:04.894-0500] {processor.py:183} INFO - Processing /Users/naga/Desktop/airflow_env/lib/python3.12/site-packages/airflow/example_dags/example_branch_operator_decorator.py took 0.210 seconds
[2026-06-21T20:57:57.428-0500] {processor.py:161} INFO - Started process (PID=63958) to work on /Users/naga/Desktop/airflow_env/lib/python3.12/site-packages/airflow/example_dags/example_branch_operator_decorator.py
[2026-06-21T20:57:57.430-0500] {processor.py:830} INFO - Processing file /Users/naga/Desktop/airflow_env/lib/python3.12/site-packages/airflow/example_dags/example_branch_operator_decorator.py for tasks to queue
[2026-06-21T20:57:57.430-0500] {logging_mixin.py:188} INFO - [2026-06-21T20:57:57.430-0500] {dagbag.py:545} INFO - Filling up the DagBag from /Users/naga/Desktop/airflow_env/lib/python3.12/site-packages/airflow/example_dags/example_branch_operator_decorator.py
[2026-06-21T20:57:57.473-0500] {processor.py:840} INFO - DAG(s) 'example_branch_python_operator_decorator' retrieved from /Users/naga/Desktop/airflow_env/lib/python3.12/site-packages/airflow/example_dags/example_branch_operator_decorator.py
[2026-06-21T20:57:57.635-0500] {logging_mixin.py:188} INFO - [2026-06-21T20:57:57.635-0500] {dag.py:3089} INFO - Sync 1 DAGs
[2026-06-21T20:57:57.649-0500] {logging_mixin.py:188} INFO - [2026-06-21T20:57:57.649-0500] {dag.py:3947} INFO - Setting next_dagrun for example_branch_python_operator_decorator to 2026-06-21 00:00:00+00:00, run_after=2026-06-22 00:00:00+00:00
[2026-06-21T20:57:57.665-0500] {processor.py:183} INFO - Processing /Users/naga/Desktop/airflow_env/lib/python3.12/site-packages/airflow/example_dags/example_branch_operator_decorator.py took 0.239 seconds
[2026-06-21T21:43:24.064-0500] {processor.py:161} INFO - Started process (PID=64285) to work on /Users/naga/Desktop/airflow_env/lib/python3.12/site-packages/airflow/example_dags/example_branch_operator_decorator.py
[2026-06-21T21:43:24.065-0500] {processor.py:830} INFO - Processing file /Users/naga/Desktop/airflow_env/lib/python3.12/site-packages/airflow/example_dags/example_branch_operator_decorator.py for tasks to queue
[2026-06-21T21:43:24.065-0500] {logging_mixin.py:188} INFO - [2026-06-21T21:43:24.065-0500] {dagbag.py:545} INFO - Filling up the DagBag from /Users/naga/Desktop/airflow_env/lib/python3.12/site-packages/airflow/example_dags/example_branch_operator_decorator.py
[2026-06-21T21:43:24.108-0500] {processor.py:840} INFO - DAG(s) 'example_branch_python_operator_decorator' retrieved from /Users/naga/Desktop/airflow_env/lib/python3.12/site-packages/airflow/example_dags/example_branch_operator_decorator.py
[2026-06-21T21:43:24.268-0500] {logging_mixin.py:188} INFO - [2026-06-21T21:43:24.268-0500] {dag.py:3089} INFO - Sync 1 DAGs
[2026-06-21T21:43:24.282-0500] {logging_mixin.py:188} INFO - [2026-06-21T21:43:24.281-0500] {dag.py:3947} INFO - Setting next_dagrun for example_branch_python_operator_decorator to 2026-06-21 00:00:00+00:00, run_after=2026-06-22 00:00:00+00:00
[2026-06-21T21:43:24.296-0500] {processor.py:183} INFO - Processing /Users/naga/Desktop/airflow_env/lib/python3.12/site-packages/airflow/example_dags/example_branch_operator_decorator.py took 0.234 seconds
[2026-06-21T21:46:32.763-0500] {processor.py:161} INFO - Started process (PID=64564) to work on /Users/naga/Desktop/airflow_env/lib/python3.12/site-packages/airflow/example_dags/example_branch_operator_decorator.py
[2026-06-21T21:46:32.764-0500] {processor.py:830} INFO - Processing file /Users/naga/Desktop/airflow_env/lib/python3.12/site-packages/airflow/example_dags/example_branch_operator_decorator.py for tasks to queue
[2026-06-21T21:46:32.765-0500] {logging_mixin.py:188} INFO - [2026-06-21T21:46:32.765-0500] {dagbag.py:545} INFO - Filling up the DagBag from /Users/naga/Desktop/airflow_env/lib/python3.12/site-packages/airflow/example_dags/example_branch_operator_decorator.py
[2026-06-21T21:46:32.807-0500] {processor.py:840} INFO - DAG(s) 'example_branch_python_operator_decorator' retrieved from /Users/naga/Desktop/airflow_env/lib/python3.12/site-packages/airflow/example_dags/example_branch_operator_decorator.py
[2026-06-21T21:46:32.965-0500] {logging_mixin.py:188} INFO - [2026-06-21T21:46:32.965-0500] {dag.py:3089} INFO - Sync 1 DAGs
[2026-06-21T21:46:32.977-0500] {logging_mixin.py:188} INFO - [2026-06-21T21:46:32.977-0500] {dag.py:3947} INFO - Setting next_dagrun for example_branch_python_operator_decorator to 2026-06-21 00:00:00+00:00, run_after=2026-06-22 00:00:00+00:00
[2026-06-21T21:46:32.991-0500] {processor.py:183} INFO - Processing /Users/naga/Desktop/airflow_env/lib/python3.12/site-packages/airflow/example_dags/example_branch_operator_decorator.py took 0.230 seconds
[2026-06-21T21:50:07.988-0500] {processor.py:161} INFO - Started process (PID=64783) to work on /Users/naga/Desktop/airflow_env/lib/python3.12/site-packages/airflow/example_dags/example_branch_operator_decorator.py
[2026-06-21T21:50:07.989-0500] {processor.py:830} INFO - Processing file /Users/naga/Desktop/airflow_env/lib/python3.12/site-packages/airflow/example_dags/example_branch_operator_decorator.py for tasks to queue
[2026-06-21T21:50:07.990-0500] {logging_mixin.py:188} INFO - [2026-06-21T21:50:07.989-0500] {dagbag.py:545} INFO - Filling up the DagBag from /Users/naga/Desktop/airflow_env/lib/python3.12/site-packages/airflow/example_dags/example_branch_operator_decorator.py
[2026-06-21T21:50:08.035-0500] {processor.py:840} INFO - DAG(s) 'example_branch_python_operator_decorator' retrieved from /Users/naga/Desktop/airflow_env/lib/python3.12/site-packages/airflow/example_dags/example_branch_operator_decorator.py
[2026-06-21T21:50:08.193-0500] {logging_mixin.py:188} INFO - [2026-06-21T21:50:08.193-0500] {dag.py:3089} INFO - Sync 1 DAGs
[2026-06-21T21:50:08.205-0500] {logging_mixin.py:188} INFO - [2026-06-21T21:50:08.205-0500] {dag.py:3947} INFO - Setting next_dagrun for example_branch_python_operator_decorator to 2026-06-21 00:00:00+00:00, run_after=2026-06-22 00:00:00+00:00
[2026-06-21T21:50:08.221-0500] {processor.py:183} INFO - Processing /Users/naga/Desktop/airflow_env/lib/python3.12/site-packages/airflow/example_dags/example_branch_operator_decorator.py took 0.236 seconds
[2026-06-21T21:52:33.076-0500] {processor.py:161} INFO - Started process (PID=64892) to work on /Users/naga/Desktop/airflow_env/lib/python3.12/site-packages/airflow/example_dags/example_branch_operator_decorator.py
[2026-06-21T21:52:33.078-0500] {processor.py:830} INFO - Processing file /Users/naga/Desktop/airflow_env/lib/python3.12/site-packages/airflow/example_dags/example_branch_operator_decorator.py for tasks to queue
[2026-06-21T21:52:33.078-0500] {logging_mixin.py:188} INFO - [2026-06-21T21:52:33.078-0500] {dagbag.py:545} INFO - Filling up the DagBag from /Users/naga/Desktop/airflow_env/lib/python3.12/site-packages/airflow/example_dags/example_branch_operator_decorator.py
[2026-06-21T21:52:33.122-0500] {processor.py:840} INFO - DAG(s) 'example_branch_python_operator_decorator' retrieved from /Users/naga/Desktop/airflow_env/lib/python3.12/site-packages/airflow/example_dags/example_branch_operator_decorator.py
[2026-06-21T21:52:33.284-0500] {logging_mixin.py:188} INFO - [2026-06-21T21:52:33.284-0500] {dag.py:3089} INFO - Sync 1 DAGs
[2026-06-21T21:52:33.296-0500] {logging_mixin.py:188} INFO - [2026-06-21T21:52:33.296-0500] {dag.py:3947} INFO - Setting next_dagrun for example_branch_python_operator_decorator to 2026-06-21 00:00:00+00:00, run_after=2026-06-22 00:00:00+00:00
[2026-06-21T21:52:33.310-0500] {processor.py:183} INFO - Processing /Users/naga/Desktop/airflow_env/lib/python3.12/site-packages/airflow/example_dags/example_branch_operator_decorator.py took 0.236 seconds
[2026-06-21T21:56:04.979-0500] {processor.py:161} INFO - Started process (PID=65383) to work on /Users/naga/Desktop/airflow_env/lib/python3.12/site-packages/airflow/example_dags/example_branch_operator_decorator.py
[2026-06-21T21:56:04.980-0500] {processor.py:830} INFO - Processing file /Users/naga/Desktop/airflow_env/lib/python3.12/site-packages/airflow/example_dags/example_branch_operator_decorator.py for tasks to queue
[2026-06-21T21:56:04.981-0500] {logging_mixin.py:188} INFO - [2026-06-21T21:56:04.981-0500] {dagbag.py:545} INFO - Filling up the DagBag from /Users/naga/Desktop/airflow_env/lib/python3.12/site-packages/airflow/example_dags/example_branch_operator_decorator.py
[2026-06-21T21:56:05.023-0500] {processor.py:840} INFO - DAG(s) 'example_branch_python_operator_decorator' retrieved from /Users/naga/Desktop/airflow_env/lib/python3.12/site-packages/airflow/example_dags/example_branch_operator_decorator.py
[2026-06-21T21:56:05.169-0500] {logging_mixin.py:188} INFO - [2026-06-21T21:56:05.169-0500] {dag.py:3089} INFO - Sync 1 DAGs
[2026-06-21T21:56:05.182-0500] {logging_mixin.py:188} INFO - [2026-06-21T21:56:05.182-0500] {dag.py:3947} INFO - Setting next_dagrun for example_branch_python_operator_decorator to 2026-06-21 00:00:00+00:00, run_after=2026-06-22 00:00:00+00:00
[2026-06-21T21:56:05.198-0500] {processor.py:183} INFO - Processing /Users/naga/Desktop/airflow_env/lib/python3.12/site-packages/airflow/example_dags/example_branch_operator_decorator.py took 0.222 seconds
