[2026-06-21T19:47:20.666-0500] {processor.py:161} INFO - Started process (PID=61499) to work on /Users/naga/Desktop/airflow_env/lib/python3.12/site-packages/airflow/example_dags/example_skip_dag.py
[2026-06-21T19:47:20.667-0500] {processor.py:830} INFO - Processing file /Users/naga/Desktop/airflow_env/lib/python3.12/site-packages/airflow/example_dags/example_skip_dag.py for tasks to queue
[2026-06-21T19:47:20.668-0500] {logging_mixin.py:188} INFO - [2026-06-21T19:47:20.668-0500] {dagbag.py:545} INFO - Filling up the DagBag from /Users/naga/Desktop/airflow_env/lib/python3.12/site-packages/airflow/example_dags/example_skip_dag.py
[2026-06-21T19:47:20.675-0500] {processor.py:840} INFO - DAG(s) 'example_skip_dag' retrieved from /Users/naga/Desktop/airflow_env/lib/python3.12/site-packages/airflow/example_dags/example_skip_dag.py
[2026-06-21T19:47:20.751-0500] {logging_mixin.py:188} INFO - [2026-06-21T19:47:20.751-0500] {dag.py:3089} INFO - Sync 1 DAGs
[2026-06-21T19:47:20.764-0500] {logging_mixin.py:188} INFO - [2026-06-21T19:47:20.764-0500] {dag.py:3947} INFO - Setting next_dagrun for example_skip_dag to 2026-06-21 00:00:00+00:00, run_after=2026-06-22 00:00:00+00:00
[2026-06-21T19:47:20.779-0500] {processor.py:183} INFO - Processing /Users/naga/Desktop/airflow_env/lib/python3.12/site-packages/airflow/example_dags/example_skip_dag.py took 0.115 seconds
[2026-06-21T19:48:48.267-0500] {processor.py:161} INFO - Started process (PID=61571) to work on /Users/naga/Desktop/airflow_env/lib/python3.12/site-packages/airflow/example_dags/example_skip_dag.py
[2026-06-21T19:48:48.268-0500] {processor.py:830} INFO - Processing file /Users/naga/Desktop/airflow_env/lib/python3.12/site-packages/airflow/example_dags/example_skip_dag.py for tasks to queue
[2026-06-21T19:48:48.269-0500] {logging_mixin.py:188} INFO - [2026-06-21T19:48:48.269-0500] {dagbag.py:545} INFO - Filling up the DagBag from /Users/naga/Desktop/airflow_env/lib/python3.12/site-packages/airflow/example_dags/example_skip_dag.py
[2026-06-21T19:48:48.275-0500] {processor.py:840} INFO - DAG(s) 'example_skip_dag' retrieved from /Users/naga/Desktop/airflow_env/lib/python3.12/site-packages/airflow/example_dags/example_skip_dag.py
[2026-06-21T19:48:48.350-0500] {logging_mixin.py:188} INFO - [2026-06-21T19:48:48.349-0500] {dag.py:3089} INFO - Sync 1 DAGs
[2026-06-21T19:48:48.363-0500] {logging_mixin.py:188} INFO - [2026-06-21T19:48:48.362-0500] {dag.py:3947} INFO - Setting next_dagrun for example_skip_dag to 2026-06-21 00:00:00+00:00, run_after=2026-06-22 00:00:00+00:00
[2026-06-21T19:48:48.376-0500] {processor.py:183} INFO - Processing /Users/naga/Desktop/airflow_env/lib/python3.12/site-packages/airflow/example_dags/example_skip_dag.py took 0.111 seconds
[2026-06-21T19:50:26.556-0500] {processor.py:161} INFO - Started process (PID=61761) to work on /Users/naga/Desktop/airflow_env/lib/python3.12/site-packages/airflow/example_dags/example_skip_dag.py
[2026-06-21T19:50:26.557-0500] {processor.py:830} INFO - Processing file /Users/naga/Desktop/airflow_env/lib/python3.12/site-packages/airflow/example_dags/example_skip_dag.py for tasks to queue
[2026-06-21T19:50:26.558-0500] {logging_mixin.py:188} INFO - [2026-06-21T19:50:26.557-0500] {dagbag.py:545} INFO - Filling up the DagBag from /Users/naga/Desktop/airflow_env/lib/python3.12/site-packages/airflow/example_dags/example_skip_dag.py
[2026-06-21T19:50:26.564-0500] {processor.py:840} INFO - DAG(s) 'example_skip_dag' retrieved from /Users/naga/Desktop/airflow_env/lib/python3.12/site-packages/airflow/example_dags/example_skip_dag.py
[2026-06-21T19:50:26.639-0500] {logging_mixin.py:188} INFO - [2026-06-21T19:50:26.639-0500] {dag.py:3089} INFO - Sync 1 DAGs
[2026-06-21T19:50:26.652-0500] {logging_mixin.py:188} INFO - [2026-06-21T19:50:26.652-0500] {dag.py:3947} INFO - Setting next_dagrun for example_skip_dag to 2026-06-21 00:00:00+00:00, run_after=2026-06-22 00:00:00+00:00
[2026-06-21T19:50:26.665-0500] {processor.py:183} INFO - Processing /Users/naga/Desktop/airflow_env/lib/python3.12/site-packages/airflow/example_dags/example_skip_dag.py took 0.112 seconds
[2026-06-21T19:51:55.735-0500] {processor.py:161} INFO - Started process (PID=61829) to work on /Users/naga/Desktop/airflow_env/lib/python3.12/site-packages/airflow/example_dags/example_skip_dag.py
[2026-06-21T19:51:55.736-0500] {processor.py:830} INFO - Processing file /Users/naga/Desktop/airflow_env/lib/python3.12/site-packages/airflow/example_dags/example_skip_dag.py for tasks to queue
[2026-06-21T19:51:55.737-0500] {logging_mixin.py:188} INFO - [2026-06-21T19:51:55.737-0500] {dagbag.py:545} INFO - Filling up the DagBag from /Users/naga/Desktop/airflow_env/lib/python3.12/site-packages/airflow/example_dags/example_skip_dag.py
[2026-06-21T19:51:55.743-0500] {processor.py:840} INFO - DAG(s) 'example_skip_dag' retrieved from /Users/naga/Desktop/airflow_env/lib/python3.12/site-packages/airflow/example_dags/example_skip_dag.py
[2026-06-21T19:51:55.818-0500] {logging_mixin.py:188} INFO - [2026-06-21T19:51:55.817-0500] {dag.py:3089} INFO - Sync 1 DAGs
[2026-06-21T19:51:55.831-0500] {logging_mixin.py:188} INFO - [2026-06-21T19:51:55.830-0500] {dag.py:3947} INFO - Setting next_dagrun for example_skip_dag to 2026-06-21 00:00:00+00:00, run_after=2026-06-22 00:00:00+00:00
[2026-06-21T19:51:55.860-0500] {processor.py:183} INFO - Processing /Users/naga/Desktop/airflow_env/lib/python3.12/site-packages/airflow/example_dags/example_skip_dag.py took 0.128 seconds
[2026-06-21T19:53:19.303-0500] {processor.py:161} INFO - Started process (PID=61885) to work on /Users/naga/Desktop/airflow_env/lib/python3.12/site-packages/airflow/example_dags/example_skip_dag.py
[2026-06-21T19:53:19.304-0500] {processor.py:830} INFO - Processing file /Users/naga/Desktop/airflow_env/lib/python3.12/site-packages/airflow/example_dags/example_skip_dag.py for tasks to queue
[2026-06-21T19:53:19.304-0500] {logging_mixin.py:188} INFO - [2026-06-21T19:53:19.304-0500] {dagbag.py:545} INFO - Filling up the DagBag from /Users/naga/Desktop/airflow_env/lib/python3.12/site-packages/airflow/example_dags/example_skip_dag.py
[2026-06-21T19:53:19.311-0500] {processor.py:840} INFO - DAG(s) 'example_skip_dag' retrieved from /Users/naga/Desktop/airflow_env/lib/python3.12/site-packages/airflow/example_dags/example_skip_dag.py
[2026-06-21T19:53:19.387-0500] {logging_mixin.py:188} INFO - [2026-06-21T19:53:19.387-0500] {dag.py:3089} INFO - Sync 1 DAGs
[2026-06-21T19:53:19.400-0500] {logging_mixin.py:188} INFO - [2026-06-21T19:53:19.400-0500] {dag.py:3947} INFO - Setting next_dagrun for example_skip_dag to 2026-06-21 00:00:00+00:00, run_after=2026-06-22 00:00:00+00:00
[2026-06-21T19:53:19.413-0500] {processor.py:183} INFO - Processing /Users/naga/Desktop/airflow_env/lib/python3.12/site-packages/airflow/example_dags/example_skip_dag.py took 0.113 seconds
[2026-06-21T19:54:43.315-0500] {processor.py:161} INFO - Started process (PID=61952) to work on /Users/naga/Desktop/airflow_env/lib/python3.12/site-packages/airflow/example_dags/example_skip_dag.py
[2026-06-21T19:54:43.316-0500] {processor.py:830} INFO - Processing file /Users/naga/Desktop/airflow_env/lib/python3.12/site-packages/airflow/example_dags/example_skip_dag.py for tasks to queue
[2026-06-21T19:54:43.317-0500] {logging_mixin.py:188} INFO - [2026-06-21T19:54:43.316-0500] {dagbag.py:545} INFO - Filling up the DagBag from /Users/naga/Desktop/airflow_env/lib/python3.12/site-packages/airflow/example_dags/example_skip_dag.py
[2026-06-21T19:54:43.323-0500] {processor.py:840} INFO - DAG(s) 'example_skip_dag' retrieved from /Users/naga/Desktop/airflow_env/lib/python3.12/site-packages/airflow/example_dags/example_skip_dag.py
[2026-06-21T19:54:43.399-0500] {logging_mixin.py:188} INFO - [2026-06-21T19:54:43.398-0500] {dag.py:3089} INFO - Sync 1 DAGs
[2026-06-21T19:54:43.412-0500] {logging_mixin.py:188} INFO - [2026-06-21T19:54:43.412-0500] {dag.py:3947} INFO - Setting next_dagrun for example_skip_dag to 2026-06-21 00:00:00+00:00, run_after=2026-06-22 00:00:00+00:00
[2026-06-21T19:54:43.426-0500] {processor.py:183} INFO - Processing /Users/naga/Desktop/airflow_env/lib/python3.12/site-packages/airflow/example_dags/example_skip_dag.py took 0.114 seconds
[2026-06-21T19:56:08.548-0500] {processor.py:161} INFO - Started process (PID=62020) to work on /Users/naga/Desktop/airflow_env/lib/python3.12/site-packages/airflow/example_dags/example_skip_dag.py
[2026-06-21T19:56:08.549-0500] {processor.py:830} INFO - Processing file /Users/naga/Desktop/airflow_env/lib/python3.12/site-packages/airflow/example_dags/example_skip_dag.py for tasks to queue
[2026-06-21T19:56:08.550-0500] {logging_mixin.py:188} INFO - [2026-06-21T19:56:08.550-0500] {dagbag.py:545} INFO - Filling up the DagBag from /Users/naga/Desktop/airflow_env/lib/python3.12/site-packages/airflow/example_dags/example_skip_dag.py
[2026-06-21T19:56:08.556-0500] {processor.py:840} INFO - DAG(s) 'example_skip_dag' retrieved from /Users/naga/Desktop/airflow_env/lib/python3.12/site-packages/airflow/example_dags/example_skip_dag.py
[2026-06-21T19:56:08.634-0500] {logging_mixin.py:188} INFO - [2026-06-21T19:56:08.633-0500] {dag.py:3089} INFO - Sync 1 DAGs
[2026-06-21T19:56:08.647-0500] {logging_mixin.py:188} INFO - [2026-06-21T19:56:08.647-0500] {dag.py:3947} INFO - Setting next_dagrun for example_skip_dag to 2026-06-21 00:00:00+00:00, run_after=2026-06-22 00:00:00+00:00
[2026-06-21T19:56:08.660-0500] {processor.py:183} INFO - Processing /Users/naga/Desktop/airflow_env/lib/python3.12/site-packages/airflow/example_dags/example_skip_dag.py took 0.114 seconds
[2026-06-21T19:57:37.113-0500] {processor.py:161} INFO - Started process (PID=62084) to work on /Users/naga/Desktop/airflow_env/lib/python3.12/site-packages/airflow/example_dags/example_skip_dag.py
[2026-06-21T19:57:37.114-0500] {processor.py:830} INFO - Processing file /Users/naga/Desktop/airflow_env/lib/python3.12/site-packages/airflow/example_dags/example_skip_dag.py for tasks to queue
[2026-06-21T19:57:37.115-0500] {logging_mixin.py:188} INFO - [2026-06-21T19:57:37.115-0500] {dagbag.py:545} INFO - Filling up the DagBag from /Users/naga/Desktop/airflow_env/lib/python3.12/site-packages/airflow/example_dags/example_skip_dag.py
[2026-06-21T19:57:37.122-0500] {processor.py:840} INFO - DAG(s) 'example_skip_dag' retrieved from /Users/naga/Desktop/airflow_env/lib/python3.12/site-packages/airflow/example_dags/example_skip_dag.py
[2026-06-21T19:57:37.198-0500] {logging_mixin.py:188} INFO - [2026-06-21T19:57:37.198-0500] {dag.py:3089} INFO - Sync 1 DAGs
[2026-06-21T19:57:37.213-0500] {logging_mixin.py:188} INFO - [2026-06-21T19:57:37.213-0500] {dag.py:3947} INFO - Setting next_dagrun for example_skip_dag to 2026-06-21 00:00:00+00:00, run_after=2026-06-22 00:00:00+00:00
[2026-06-21T19:57:37.227-0500] {processor.py:183} INFO - Processing /Users/naga/Desktop/airflow_env/lib/python3.12/site-packages/airflow/example_dags/example_skip_dag.py took 0.116 seconds
[2026-06-21T19:59:04.424-0500] {processor.py:161} INFO - Started process (PID=62150) to work on /Users/naga/Desktop/airflow_env/lib/python3.12/site-packages/airflow/example_dags/example_skip_dag.py
[2026-06-21T19:59:04.425-0500] {processor.py:830} INFO - Processing file /Users/naga/Desktop/airflow_env/lib/python3.12/site-packages/airflow/example_dags/example_skip_dag.py for tasks to queue
[2026-06-21T19:59:04.425-0500] {logging_mixin.py:188} INFO - [2026-06-21T19:59:04.425-0500] {dagbag.py:545} INFO - Filling up the DagBag from /Users/naga/Desktop/airflow_env/lib/python3.12/site-packages/airflow/example_dags/example_skip_dag.py
[2026-06-21T19:59:04.432-0500] {processor.py:840} INFO - DAG(s) 'example_skip_dag' retrieved from /Users/naga/Desktop/airflow_env/lib/python3.12/site-packages/airflow/example_dags/example_skip_dag.py
[2026-06-21T19:59:04.509-0500] {logging_mixin.py:188} INFO - [2026-06-21T19:59:04.508-0500] {dag.py:3089} INFO - Sync 1 DAGs
[2026-06-21T19:59:04.521-0500] {logging_mixin.py:188} INFO - [2026-06-21T19:59:04.521-0500] {dag.py:3947} INFO - Setting next_dagrun for example_skip_dag to 2026-06-21 00:00:00+00:00, run_after=2026-06-22 00:00:00+00:00
[2026-06-21T19:59:04.535-0500] {processor.py:183} INFO - Processing /Users/naga/Desktop/airflow_env/lib/python3.12/site-packages/airflow/example_dags/example_skip_dag.py took 0.113 seconds
[2026-06-21T20:00:30.605-0500] {processor.py:161} INFO - Started process (PID=62230) to work on /Users/naga/Desktop/airflow_env/lib/python3.12/site-packages/airflow/example_dags/example_skip_dag.py
[2026-06-21T20:00:30.606-0500] {processor.py:830} INFO - Processing file /Users/naga/Desktop/airflow_env/lib/python3.12/site-packages/airflow/example_dags/example_skip_dag.py for tasks to queue
[2026-06-21T20:00:30.606-0500] {logging_mixin.py:188} INFO - [2026-06-21T20:00:30.606-0500] {dagbag.py:545} INFO - Filling up the DagBag from /Users/naga/Desktop/airflow_env/lib/python3.12/site-packages/airflow/example_dags/example_skip_dag.py
[2026-06-21T20:00:30.613-0500] {processor.py:840} INFO - DAG(s) 'example_skip_dag' retrieved from /Users/naga/Desktop/airflow_env/lib/python3.12/site-packages/airflow/example_dags/example_skip_dag.py
[2026-06-21T20:00:30.689-0500] {logging_mixin.py:188} INFO - [2026-06-21T20:00:30.689-0500] {dag.py:3089} INFO - Sync 1 DAGs
[2026-06-21T20:00:30.702-0500] {logging_mixin.py:188} INFO - [2026-06-21T20:00:30.702-0500] {dag.py:3947} INFO - Setting next_dagrun for example_skip_dag to 2026-06-21 00:00:00+00:00, run_after=2026-06-22 00:00:00+00:00
[2026-06-21T20:00:30.716-0500] {processor.py:183} INFO - Processing /Users/naga/Desktop/airflow_env/lib/python3.12/site-packages/airflow/example_dags/example_skip_dag.py took 0.114 seconds
[2026-06-21T20:01:55.351-0500] {processor.py:161} INFO - Started process (PID=62298) to work on /Users/naga/Desktop/airflow_env/lib/python3.12/site-packages/airflow/example_dags/example_skip_dag.py
[2026-06-21T20:01:55.352-0500] {processor.py:830} INFO - Processing file /Users/naga/Desktop/airflow_env/lib/python3.12/site-packages/airflow/example_dags/example_skip_dag.py for tasks to queue
[2026-06-21T20:01:55.352-0500] {logging_mixin.py:188} INFO - [2026-06-21T20:01:55.352-0500] {dagbag.py:545} INFO - Filling up the DagBag from /Users/naga/Desktop/airflow_env/lib/python3.12/site-packages/airflow/example_dags/example_skip_dag.py
[2026-06-21T20:01:55.359-0500] {processor.py:840} INFO - DAG(s) 'example_skip_dag' retrieved from /Users/naga/Desktop/airflow_env/lib/python3.12/site-packages/airflow/example_dags/example_skip_dag.py
[2026-06-21T20:01:55.433-0500] {logging_mixin.py:188} INFO - [2026-06-21T20:01:55.433-0500] {dag.py:3089} INFO - Sync 1 DAGs
[2026-06-21T20:01:55.446-0500] {logging_mixin.py:188} INFO - [2026-06-21T20:01:55.446-0500] {dag.py:3947} INFO - Setting next_dagrun for example_skip_dag to 2026-06-21 00:00:00+00:00, run_after=2026-06-22 00:00:00+00:00
[2026-06-21T20:01:55.459-0500] {processor.py:183} INFO - Processing /Users/naga/Desktop/airflow_env/lib/python3.12/site-packages/airflow/example_dags/example_skip_dag.py took 0.111 seconds
[2026-06-21T20:03:21.693-0500] {processor.py:161} INFO - Started process (PID=62345) to work on /Users/naga/Desktop/airflow_env/lib/python3.12/site-packages/airflow/example_dags/example_skip_dag.py
[2026-06-21T20:03:21.694-0500] {processor.py:830} INFO - Processing file /Users/naga/Desktop/airflow_env/lib/python3.12/site-packages/airflow/example_dags/example_skip_dag.py for tasks to queue
[2026-06-21T20:03:21.695-0500] {logging_mixin.py:188} INFO - [2026-06-21T20:03:21.695-0500] {dagbag.py:545} INFO - Filling up the DagBag from /Users/naga/Desktop/airflow_env/lib/python3.12/site-packages/airflow/example_dags/example_skip_dag.py
[2026-06-21T20:03:21.702-0500] {processor.py:840} INFO - DAG(s) 'example_skip_dag' retrieved from /Users/naga/Desktop/airflow_env/lib/python3.12/site-packages/airflow/example_dags/example_skip_dag.py
[2026-06-21T20:03:21.778-0500] {logging_mixin.py:188} INFO - [2026-06-21T20:03:21.778-0500] {dag.py:3089} INFO - Sync 1 DAGs
[2026-06-21T20:03:21.792-0500] {logging_mixin.py:188} INFO - [2026-06-21T20:03:21.792-0500] {dag.py:3947} INFO - Setting next_dagrun for example_skip_dag to 2026-06-21 00:00:00+00:00, run_after=2026-06-22 00:00:00+00:00
[2026-06-21T20:03:21.807-0500] {processor.py:183} INFO - Processing /Users/naga/Desktop/airflow_env/lib/python3.12/site-packages/airflow/example_dags/example_skip_dag.py took 0.116 seconds
[2026-06-21T20:04:48.539-0500] {processor.py:161} INFO - Started process (PID=62416) to work on /Users/naga/Desktop/airflow_env/lib/python3.12/site-packages/airflow/example_dags/example_skip_dag.py
[2026-06-21T20:04:48.540-0500] {processor.py:830} INFO - Processing file /Users/naga/Desktop/airflow_env/lib/python3.12/site-packages/airflow/example_dags/example_skip_dag.py for tasks to queue
[2026-06-21T20:04:48.541-0500] {logging_mixin.py:188} INFO - [2026-06-21T20:04:48.540-0500] {dagbag.py:545} INFO - Filling up the DagBag from /Users/naga/Desktop/airflow_env/lib/python3.12/site-packages/airflow/example_dags/example_skip_dag.py
[2026-06-21T20:04:48.547-0500] {processor.py:840} INFO - DAG(s) 'example_skip_dag' retrieved from /Users/naga/Desktop/airflow_env/lib/python3.12/site-packages/airflow/example_dags/example_skip_dag.py
[2026-06-21T20:04:48.622-0500] {logging_mixin.py:188} INFO - [2026-06-21T20:04:48.622-0500] {dag.py:3089} INFO - Sync 1 DAGs
[2026-06-21T20:04:48.636-0500] {logging_mixin.py:188} INFO - [2026-06-21T20:04:48.635-0500] {dag.py:3947} INFO - Setting next_dagrun for example_skip_dag to 2026-06-21 00:00:00+00:00, run_after=2026-06-22 00:00:00+00:00
[2026-06-21T20:04:48.649-0500] {processor.py:183} INFO - Processing /Users/naga/Desktop/airflow_env/lib/python3.12/site-packages/airflow/example_dags/example_skip_dag.py took 0.112 seconds
[2026-06-21T20:06:15.465-0500] {processor.py:161} INFO - Started process (PID=62492) to work on /Users/naga/Desktop/airflow_env/lib/python3.12/site-packages/airflow/example_dags/example_skip_dag.py
[2026-06-21T20:06:15.466-0500] {processor.py:830} INFO - Processing file /Users/naga/Desktop/airflow_env/lib/python3.12/site-packages/airflow/example_dags/example_skip_dag.py for tasks to queue
[2026-06-21T20:06:15.467-0500] {logging_mixin.py:188} INFO - [2026-06-21T20:06:15.466-0500] {dagbag.py:545} INFO - Filling up the DagBag from /Users/naga/Desktop/airflow_env/lib/python3.12/site-packages/airflow/example_dags/example_skip_dag.py
[2026-06-21T20:06:15.473-0500] {processor.py:840} INFO - DAG(s) 'example_skip_dag' retrieved from /Users/naga/Desktop/airflow_env/lib/python3.12/site-packages/airflow/example_dags/example_skip_dag.py
[2026-06-21T20:06:15.548-0500] {logging_mixin.py:188} INFO - [2026-06-21T20:06:15.547-0500] {dag.py:3089} INFO - Sync 1 DAGs
[2026-06-21T20:06:15.561-0500] {logging_mixin.py:188} INFO - [2026-06-21T20:06:15.561-0500] {dag.py:3947} INFO - Setting next_dagrun for example_skip_dag to 2026-06-21 00:00:00+00:00, run_after=2026-06-22 00:00:00+00:00
[2026-06-21T20:06:15.574-0500] {processor.py:183} INFO - Processing /Users/naga/Desktop/airflow_env/lib/python3.12/site-packages/airflow/example_dags/example_skip_dag.py took 0.111 seconds
[2026-06-21T20:07:47.885-0500] {processor.py:161} INFO - Started process (PID=62545) to work on /Users/naga/Desktop/airflow_env/lib/python3.12/site-packages/airflow/example_dags/example_skip_dag.py
[2026-06-21T20:07:47.886-0500] {processor.py:830} INFO - Processing file /Users/naga/Desktop/airflow_env/lib/python3.12/site-packages/airflow/example_dags/example_skip_dag.py for tasks to queue
[2026-06-21T20:07:47.886-0500] {logging_mixin.py:188} INFO - [2026-06-21T20:07:47.886-0500] {dagbag.py:545} INFO - Filling up the DagBag from /Users/naga/Desktop/airflow_env/lib/python3.12/site-packages/airflow/example_dags/example_skip_dag.py
[2026-06-21T20:07:47.894-0500] {processor.py:840} INFO - DAG(s) 'example_skip_dag' retrieved from /Users/naga/Desktop/airflow_env/lib/python3.12/site-packages/airflow/example_dags/example_skip_dag.py
[2026-06-21T20:07:47.970-0500] {logging_mixin.py:188} INFO - [2026-06-21T20:07:47.969-0500] {dag.py:3089} INFO - Sync 1 DAGs
[2026-06-21T20:07:47.983-0500] {logging_mixin.py:188} INFO - [2026-06-21T20:07:47.983-0500] {dag.py:3947} INFO - Setting next_dagrun for example_skip_dag to 2026-06-21 00:00:00+00:00, run_after=2026-06-22 00:00:00+00:00
[2026-06-21T20:07:47.998-0500] {processor.py:183} INFO - Processing /Users/naga/Desktop/airflow_env/lib/python3.12/site-packages/airflow/example_dags/example_skip_dag.py took 0.116 seconds
[2026-06-21T20:36:41.285-0500] {processor.py:161} INFO - Started process (PID=62635) to work on /Users/naga/Desktop/airflow_env/lib/python3.12/site-packages/airflow/example_dags/example_skip_dag.py
[2026-06-21T20:36:41.287-0500] {processor.py:830} INFO - Processing file /Users/naga/Desktop/airflow_env/lib/python3.12/site-packages/airflow/example_dags/example_skip_dag.py for tasks to queue
[2026-06-21T20:36:41.288-0500] {logging_mixin.py:188} INFO - [2026-06-21T20:36:41.288-0500] {dagbag.py:545} INFO - Filling up the DagBag from /Users/naga/Desktop/airflow_env/lib/python3.12/site-packages/airflow/example_dags/example_skip_dag.py
[2026-06-21T20:36:41.305-0500] {processor.py:840} INFO - DAG(s) 'example_skip_dag' retrieved from /Users/naga/Desktop/airflow_env/lib/python3.12/site-packages/airflow/example_dags/example_skip_dag.py
[2026-06-21T20:36:41.469-0500] {logging_mixin.py:188} INFO - [2026-06-21T20:36:41.468-0500] {dag.py:3089} INFO - Sync 1 DAGs
[2026-06-21T20:36:41.500-0500] {logging_mixin.py:188} INFO - [2026-06-21T20:36:41.500-0500] {dag.py:3947} INFO - Setting next_dagrun for example_skip_dag to 2026-06-21 00:00:00+00:00, run_after=2026-06-22 00:00:00+00:00
[2026-06-21T20:36:41.529-0500] {processor.py:183} INFO - Processing /Users/naga/Desktop/airflow_env/lib/python3.12/site-packages/airflow/example_dags/example_skip_dag.py took 0.248 seconds
[2026-06-21T20:38:15.789-0500] {processor.py:161} INFO - Started process (PID=62747) to work on /Users/naga/Desktop/airflow_env/lib/python3.12/site-packages/airflow/example_dags/example_skip_dag.py
[2026-06-21T20:38:15.790-0500] {processor.py:830} INFO - Processing file /Users/naga/Desktop/airflow_env/lib/python3.12/site-packages/airflow/example_dags/example_skip_dag.py for tasks to queue
[2026-06-21T20:38:15.791-0500] {logging_mixin.py:188} INFO - [2026-06-21T20:38:15.791-0500] {dagbag.py:545} INFO - Filling up the DagBag from /Users/naga/Desktop/airflow_env/lib/python3.12/site-packages/airflow/example_dags/example_skip_dag.py
[2026-06-21T20:38:15.797-0500] {processor.py:840} INFO - DAG(s) 'example_skip_dag' retrieved from /Users/naga/Desktop/airflow_env/lib/python3.12/site-packages/airflow/example_dags/example_skip_dag.py
[2026-06-21T20:38:15.874-0500] {logging_mixin.py:188} INFO - [2026-06-21T20:38:15.874-0500] {dag.py:3089} INFO - Sync 1 DAGs
[2026-06-21T20:38:15.887-0500] {logging_mixin.py:188} INFO - [2026-06-21T20:38:15.887-0500] {dag.py:3947} INFO - Setting next_dagrun for example_skip_dag to 2026-06-21 00:00:00+00:00, run_after=2026-06-22 00:00:00+00:00
[2026-06-21T20:38:15.902-0500] {processor.py:183} INFO - Processing /Users/naga/Desktop/airflow_env/lib/python3.12/site-packages/airflow/example_dags/example_skip_dag.py took 0.115 seconds
[2026-06-21T20:39:49.209-0500] {processor.py:161} INFO - Started process (PID=62843) to work on /Users/naga/Desktop/airflow_env/lib/python3.12/site-packages/airflow/example_dags/example_skip_dag.py
[2026-06-21T20:39:49.210-0500] {processor.py:830} INFO - Processing file /Users/naga/Desktop/airflow_env/lib/python3.12/site-packages/airflow/example_dags/example_skip_dag.py for tasks to queue
[2026-06-21T20:39:49.210-0500] {logging_mixin.py:188} INFO - [2026-06-21T20:39:49.210-0500] {dagbag.py:545} INFO - Filling up the DagBag from /Users/naga/Desktop/airflow_env/lib/python3.12/site-packages/airflow/example_dags/example_skip_dag.py
[2026-06-21T20:39:49.217-0500] {processor.py:840} INFO - DAG(s) 'example_skip_dag' retrieved from /Users/naga/Desktop/airflow_env/lib/python3.12/site-packages/airflow/example_dags/example_skip_dag.py
[2026-06-21T20:39:49.292-0500] {logging_mixin.py:188} INFO - [2026-06-21T20:39:49.292-0500] {dag.py:3089} INFO - Sync 1 DAGs
[2026-06-21T20:39:49.305-0500] {logging_mixin.py:188} INFO - [2026-06-21T20:39:49.305-0500] {dag.py:3947} INFO - Setting next_dagrun for example_skip_dag to 2026-06-21 00:00:00+00:00, run_after=2026-06-22 00:00:00+00:00
[2026-06-21T20:39:49.319-0500] {processor.py:183} INFO - Processing /Users/naga/Desktop/airflow_env/lib/python3.12/site-packages/airflow/example_dags/example_skip_dag.py took 0.113 seconds
[2026-06-21T20:41:23.772-0500] {processor.py:161} INFO - Started process (PID=63014) to work on /Users/naga/Desktop/airflow_env/lib/python3.12/site-packages/airflow/example_dags/example_skip_dag.py
[2026-06-21T20:41:23.773-0500] {processor.py:830} INFO - Processing file /Users/naga/Desktop/airflow_env/lib/python3.12/site-packages/airflow/example_dags/example_skip_dag.py for tasks to queue
[2026-06-21T20:41:23.774-0500] {logging_mixin.py:188} INFO - [2026-06-21T20:41:23.774-0500] {dagbag.py:545} INFO - Filling up the DagBag from /Users/naga/Desktop/airflow_env/lib/python3.12/site-packages/airflow/example_dags/example_skip_dag.py
[2026-06-21T20:41:23.781-0500] {processor.py:840} INFO - DAG(s) 'example_skip_dag' retrieved from /Users/naga/Desktop/airflow_env/lib/python3.12/site-packages/airflow/example_dags/example_skip_dag.py
[2026-06-21T20:41:23.858-0500] {logging_mixin.py:188} INFO - [2026-06-21T20:41:23.857-0500] {dag.py:3089} INFO - Sync 1 DAGs
[2026-06-21T20:41:23.871-0500] {logging_mixin.py:188} INFO - [2026-06-21T20:41:23.870-0500] {dag.py:3947} INFO - Setting next_dagrun for example_skip_dag to 2026-06-21 00:00:00+00:00, run_after=2026-06-22 00:00:00+00:00
[2026-06-21T20:41:23.885-0500] {processor.py:183} INFO - Processing /Users/naga/Desktop/airflow_env/lib/python3.12/site-packages/airflow/example_dags/example_skip_dag.py took 0.115 seconds
[2026-06-21T20:42:54.088-0500] {processor.py:161} INFO - Started process (PID=63089) to work on /Users/naga/Desktop/airflow_env/lib/python3.12/site-packages/airflow/example_dags/example_skip_dag.py
[2026-06-21T20:42:54.089-0500] {processor.py:830} INFO - Processing file /Users/naga/Desktop/airflow_env/lib/python3.12/site-packages/airflow/example_dags/example_skip_dag.py for tasks to queue
[2026-06-21T20:42:54.089-0500] {logging_mixin.py:188} INFO - [2026-06-21T20:42:54.089-0500] {dagbag.py:545} INFO - Filling up the DagBag from /Users/naga/Desktop/airflow_env/lib/python3.12/site-packages/airflow/example_dags/example_skip_dag.py
[2026-06-21T20:42:54.095-0500] {processor.py:840} INFO - DAG(s) 'example_skip_dag' retrieved from /Users/naga/Desktop/airflow_env/lib/python3.12/site-packages/airflow/example_dags/example_skip_dag.py
[2026-06-21T20:42:54.169-0500] {logging_mixin.py:188} INFO - [2026-06-21T20:42:54.169-0500] {dag.py:3089} INFO - Sync 1 DAGs
[2026-06-21T20:42:54.182-0500] {logging_mixin.py:188} INFO - [2026-06-21T20:42:54.182-0500] {dag.py:3947} INFO - Setting next_dagrun for example_skip_dag to 2026-06-21 00:00:00+00:00, run_after=2026-06-22 00:00:00+00:00
[2026-06-21T20:42:54.196-0500] {processor.py:183} INFO - Processing /Users/naga/Desktop/airflow_env/lib/python3.12/site-packages/airflow/example_dags/example_skip_dag.py took 0.110 seconds
[2026-06-21T20:44:19.178-0500] {processor.py:161} INFO - Started process (PID=63186) to work on /Users/naga/Desktop/airflow_env/lib/python3.12/site-packages/airflow/example_dags/example_skip_dag.py
[2026-06-21T20:44:19.179-0500] {processor.py:830} INFO - Processing file /Users/naga/Desktop/airflow_env/lib/python3.12/site-packages/airflow/example_dags/example_skip_dag.py for tasks to queue
[2026-06-21T20:44:19.180-0500] {logging_mixin.py:188} INFO - [2026-06-21T20:44:19.180-0500] {dagbag.py:545} INFO - Filling up the DagBag from /Users/naga/Desktop/airflow_env/lib/python3.12/site-packages/airflow/example_dags/example_skip_dag.py
[2026-06-21T20:44:19.186-0500] {processor.py:840} INFO - DAG(s) 'example_skip_dag' retrieved from /Users/naga/Desktop/airflow_env/lib/python3.12/site-packages/airflow/example_dags/example_skip_dag.py
[2026-06-21T20:44:19.260-0500] {logging_mixin.py:188} INFO - [2026-06-21T20:44:19.260-0500] {dag.py:3089} INFO - Sync 1 DAGs
[2026-06-21T20:44:19.273-0500] {logging_mixin.py:188} INFO - [2026-06-21T20:44:19.273-0500] {dag.py:3947} INFO - Setting next_dagrun for example_skip_dag to 2026-06-21 00:00:00+00:00, run_after=2026-06-22 00:00:00+00:00
[2026-06-21T20:44:19.286-0500] {processor.py:183} INFO - Processing /Users/naga/Desktop/airflow_env/lib/python3.12/site-packages/airflow/example_dags/example_skip_dag.py took 0.110 seconds
[2026-06-21T20:45:45.827-0500] {processor.py:161} INFO - Started process (PID=63268) to work on /Users/naga/Desktop/airflow_env/lib/python3.12/site-packages/airflow/example_dags/example_skip_dag.py
[2026-06-21T20:45:45.828-0500] {processor.py:830} INFO - Processing file /Users/naga/Desktop/airflow_env/lib/python3.12/site-packages/airflow/example_dags/example_skip_dag.py for tasks to queue
[2026-06-21T20:45:45.829-0500] {logging_mixin.py:188} INFO - [2026-06-21T20:45:45.828-0500] {dagbag.py:545} INFO - Filling up the DagBag from /Users/naga/Desktop/airflow_env/lib/python3.12/site-packages/airflow/example_dags/example_skip_dag.py
[2026-06-21T20:45:45.835-0500] {processor.py:840} INFO - DAG(s) 'example_skip_dag' retrieved from /Users/naga/Desktop/airflow_env/lib/python3.12/site-packages/airflow/example_dags/example_skip_dag.py
[2026-06-21T20:45:45.912-0500] {logging_mixin.py:188} INFO - [2026-06-21T20:45:45.911-0500] {dag.py:3089} INFO - Sync 1 DAGs
[2026-06-21T20:45:45.925-0500] {logging_mixin.py:188} INFO - [2026-06-21T20:45:45.924-0500] {dag.py:3947} INFO - Setting next_dagrun for example_skip_dag to 2026-06-21 00:00:00+00:00, run_after=2026-06-22 00:00:00+00:00
[2026-06-21T20:45:45.938-0500] {processor.py:183} INFO - Processing /Users/naga/Desktop/airflow_env/lib/python3.12/site-packages/airflow/example_dags/example_skip_dag.py took 0.113 seconds
[2026-06-21T20:47:11.107-0500] {processor.py:161} INFO - Started process (PID=63349) to work on /Users/naga/Desktop/airflow_env/lib/python3.12/site-packages/airflow/example_dags/example_skip_dag.py
[2026-06-21T20:47:11.108-0500] {processor.py:830} INFO - Processing file /Users/naga/Desktop/airflow_env/lib/python3.12/site-packages/airflow/example_dags/example_skip_dag.py for tasks to queue
[2026-06-21T20:47:11.109-0500] {logging_mixin.py:188} INFO - [2026-06-21T20:47:11.108-0500] {dagbag.py:545} INFO - Filling up the DagBag from /Users/naga/Desktop/airflow_env/lib/python3.12/site-packages/airflow/example_dags/example_skip_dag.py
[2026-06-21T20:47:11.115-0500] {processor.py:840} INFO - DAG(s) 'example_skip_dag' retrieved from /Users/naga/Desktop/airflow_env/lib/python3.12/site-packages/airflow/example_dags/example_skip_dag.py
[2026-06-21T20:47:11.189-0500] {logging_mixin.py:188} INFO - [2026-06-21T20:47:11.189-0500] {dag.py:3089} INFO - Sync 1 DAGs
[2026-06-21T20:47:11.202-0500] {logging_mixin.py:188} INFO - [2026-06-21T20:47:11.202-0500] {dag.py:3947} INFO - Setting next_dagrun for example_skip_dag to 2026-06-21 00:00:00+00:00, run_after=2026-06-22 00:00:00+00:00
[2026-06-21T20:47:11.215-0500] {processor.py:183} INFO - Processing /Users/naga/Desktop/airflow_env/lib/python3.12/site-packages/airflow/example_dags/example_skip_dag.py took 0.111 seconds
[2026-06-21T20:48:35.101-0500] {processor.py:161} INFO - Started process (PID=63396) to work on /Users/naga/Desktop/airflow_env/lib/python3.12/site-packages/airflow/example_dags/example_skip_dag.py
[2026-06-21T20:48:35.103-0500] {processor.py:830} INFO - Processing file /Users/naga/Desktop/airflow_env/lib/python3.12/site-packages/airflow/example_dags/example_skip_dag.py for tasks to queue
[2026-06-21T20:48:35.103-0500] {logging_mixin.py:188} INFO - [2026-06-21T20:48:35.103-0500] {dagbag.py:545} INFO - Filling up the DagBag from /Users/naga/Desktop/airflow_env/lib/python3.12/site-packages/airflow/example_dags/example_skip_dag.py
[2026-06-21T20:48:35.110-0500] {processor.py:840} INFO - DAG(s) 'example_skip_dag' retrieved from /Users/naga/Desktop/airflow_env/lib/python3.12/site-packages/airflow/example_dags/example_skip_dag.py
[2026-06-21T20:48:35.184-0500] {logging_mixin.py:188} INFO - [2026-06-21T20:48:35.184-0500] {dag.py:3089} INFO - Sync 1 DAGs
[2026-06-21T20:48:35.197-0500] {logging_mixin.py:188} INFO - [2026-06-21T20:48:35.196-0500] {dag.py:3947} INFO - Setting next_dagrun for example_skip_dag to 2026-06-21 00:00:00+00:00, run_after=2026-06-22 00:00:00+00:00
[2026-06-21T20:48:35.210-0500] {processor.py:183} INFO - Processing /Users/naga/Desktop/airflow_env/lib/python3.12/site-packages/airflow/example_dags/example_skip_dag.py took 0.111 seconds
[2026-06-21T20:49:59.883-0500] {processor.py:161} INFO - Started process (PID=63465) to work on /Users/naga/Desktop/airflow_env/lib/python3.12/site-packages/airflow/example_dags/example_skip_dag.py
[2026-06-21T20:49:59.884-0500] {processor.py:830} INFO - Processing file /Users/naga/Desktop/airflow_env/lib/python3.12/site-packages/airflow/example_dags/example_skip_dag.py for tasks to queue
[2026-06-21T20:49:59.884-0500] {logging_mixin.py:188} INFO - [2026-06-21T20:49:59.884-0500] {dagbag.py:545} INFO - Filling up the DagBag from /Users/naga/Desktop/airflow_env/lib/python3.12/site-packages/airflow/example_dags/example_skip_dag.py
[2026-06-21T20:49:59.891-0500] {processor.py:840} INFO - DAG(s) 'example_skip_dag' retrieved from /Users/naga/Desktop/airflow_env/lib/python3.12/site-packages/airflow/example_dags/example_skip_dag.py
[2026-06-21T20:49:59.967-0500] {logging_mixin.py:188} INFO - [2026-06-21T20:49:59.966-0500] {dag.py:3089} INFO - Sync 1 DAGs
[2026-06-21T20:49:59.980-0500] {logging_mixin.py:188} INFO - [2026-06-21T20:49:59.979-0500] {dag.py:3947} INFO - Setting next_dagrun for example_skip_dag to 2026-06-21 00:00:00+00:00, run_after=2026-06-22 00:00:00+00:00
[2026-06-21T20:49:59.993-0500] {processor.py:183} INFO - Processing /Users/naga/Desktop/airflow_env/lib/python3.12/site-packages/airflow/example_dags/example_skip_dag.py took 0.113 seconds
[2026-06-21T20:51:28.014-0500] {processor.py:161} INFO - Started process (PID=63538) to work on /Users/naga/Desktop/airflow_env/lib/python3.12/site-packages/airflow/example_dags/example_skip_dag.py
[2026-06-21T20:51:28.015-0500] {processor.py:830} INFO - Processing file /Users/naga/Desktop/airflow_env/lib/python3.12/site-packages/airflow/example_dags/example_skip_dag.py for tasks to queue
[2026-06-21T20:51:28.015-0500] {logging_mixin.py:188} INFO - [2026-06-21T20:51:28.015-0500] {dagbag.py:545} INFO - Filling up the DagBag from /Users/naga/Desktop/airflow_env/lib/python3.12/site-packages/airflow/example_dags/example_skip_dag.py
[2026-06-21T20:51:28.021-0500] {processor.py:840} INFO - DAG(s) 'example_skip_dag' retrieved from /Users/naga/Desktop/airflow_env/lib/python3.12/site-packages/airflow/example_dags/example_skip_dag.py
[2026-06-21T20:51:28.096-0500] {logging_mixin.py:188} INFO - [2026-06-21T20:51:28.096-0500] {dag.py:3089} INFO - Sync 1 DAGs
[2026-06-21T20:51:28.109-0500] {logging_mixin.py:188} INFO - [2026-06-21T20:51:28.109-0500] {dag.py:3947} INFO - Setting next_dagrun for example_skip_dag to 2026-06-21 00:00:00+00:00, run_after=2026-06-22 00:00:00+00:00
[2026-06-21T20:51:28.123-0500] {processor.py:183} INFO - Processing /Users/naga/Desktop/airflow_env/lib/python3.12/site-packages/airflow/example_dags/example_skip_dag.py took 0.111 seconds
[2026-06-21T20:52:56.141-0500] {processor.py:161} INFO - Started process (PID=63612) to work on /Users/naga/Desktop/airflow_env/lib/python3.12/site-packages/airflow/example_dags/example_skip_dag.py
[2026-06-21T20:52:56.142-0500] {processor.py:830} INFO - Processing file /Users/naga/Desktop/airflow_env/lib/python3.12/site-packages/airflow/example_dags/example_skip_dag.py for tasks to queue
[2026-06-21T20:52:56.143-0500] {logging_mixin.py:188} INFO - [2026-06-21T20:52:56.143-0500] {dagbag.py:545} INFO - Filling up the DagBag from /Users/naga/Desktop/airflow_env/lib/python3.12/site-packages/airflow/example_dags/example_skip_dag.py
[2026-06-21T20:52:56.150-0500] {processor.py:840} INFO - DAG(s) 'example_skip_dag' retrieved from /Users/naga/Desktop/airflow_env/lib/python3.12/site-packages/airflow/example_dags/example_skip_dag.py
[2026-06-21T20:52:56.232-0500] {logging_mixin.py:188} INFO - [2026-06-21T20:52:56.232-0500] {dag.py:3089} INFO - Sync 1 DAGs
[2026-06-21T20:52:56.247-0500] {logging_mixin.py:188} INFO - [2026-06-21T20:52:56.247-0500] {dag.py:3947} INFO - Setting next_dagrun for example_skip_dag to 2026-06-21 00:00:00+00:00, run_after=2026-06-22 00:00:00+00:00
[2026-06-21T20:52:56.262-0500] {processor.py:183} INFO - Processing /Users/naga/Desktop/airflow_env/lib/python3.12/site-packages/airflow/example_dags/example_skip_dag.py took 0.123 seconds
[2026-06-21T20:54:28.394-0500] {processor.py:161} INFO - Started process (PID=63767) to work on /Users/naga/Desktop/airflow_env/lib/python3.12/site-packages/airflow/example_dags/example_skip_dag.py
[2026-06-21T20:54:28.395-0500] {processor.py:830} INFO - Processing file /Users/naga/Desktop/airflow_env/lib/python3.12/site-packages/airflow/example_dags/example_skip_dag.py for tasks to queue
[2026-06-21T20:54:28.396-0500] {logging_mixin.py:188} INFO - [2026-06-21T20:54:28.396-0500] {dagbag.py:545} INFO - Filling up the DagBag from /Users/naga/Desktop/airflow_env/lib/python3.12/site-packages/airflow/example_dags/example_skip_dag.py
[2026-06-21T20:54:28.402-0500] {processor.py:840} INFO - DAG(s) 'example_skip_dag' retrieved from /Users/naga/Desktop/airflow_env/lib/python3.12/site-packages/airflow/example_dags/example_skip_dag.py
[2026-06-21T20:54:28.477-0500] {logging_mixin.py:188} INFO - [2026-06-21T20:54:28.477-0500] {dag.py:3089} INFO - Sync 1 DAGs
[2026-06-21T20:54:28.490-0500] {logging_mixin.py:188} INFO - [2026-06-21T20:54:28.490-0500] {dag.py:3947} INFO - Setting next_dagrun for example_skip_dag to 2026-06-21 00:00:00+00:00, run_after=2026-06-22 00:00:00+00:00
[2026-06-21T20:54:28.504-0500] {processor.py:183} INFO - Processing /Users/naga/Desktop/airflow_env/lib/python3.12/site-packages/airflow/example_dags/example_skip_dag.py took 0.112 seconds
[2026-06-21T20:55:56.918-0500] {processor.py:161} INFO - Started process (PID=63844) to work on /Users/naga/Desktop/airflow_env/lib/python3.12/site-packages/airflow/example_dags/example_skip_dag.py
[2026-06-21T20:55:56.919-0500] {processor.py:830} INFO - Processing file /Users/naga/Desktop/airflow_env/lib/python3.12/site-packages/airflow/example_dags/example_skip_dag.py for tasks to queue
[2026-06-21T20:55:56.920-0500] {logging_mixin.py:188} INFO - [2026-06-21T20:55:56.920-0500] {dagbag.py:545} INFO - Filling up the DagBag from /Users/naga/Desktop/airflow_env/lib/python3.12/site-packages/airflow/example_dags/example_skip_dag.py
[2026-06-21T20:55:56.927-0500] {processor.py:840} INFO - DAG(s) 'example_skip_dag' retrieved from /Users/naga/Desktop/airflow_env/lib/python3.12/site-packages/airflow/example_dags/example_skip_dag.py
[2026-06-21T20:55:57.008-0500] {logging_mixin.py:188} INFO - [2026-06-21T20:55:57.007-0500] {dag.py:3089} INFO - Sync 1 DAGs
[2026-06-21T20:55:57.022-0500] {logging_mixin.py:188} INFO - [2026-06-21T20:55:57.022-0500] {dag.py:3947} INFO - Setting next_dagrun for example_skip_dag to 2026-06-21 00:00:00+00:00, run_after=2026-06-22 00:00:00+00:00
[2026-06-21T20:55:57.036-0500] {processor.py:183} INFO - Processing /Users/naga/Desktop/airflow_env/lib/python3.12/site-packages/airflow/example_dags/example_skip_dag.py took 0.121 seconds
[2026-06-21T20:57:23.480-0500] {processor.py:161} INFO - Started process (PID=63933) to work on /Users/naga/Desktop/airflow_env/lib/python3.12/site-packages/airflow/example_dags/example_skip_dag.py
[2026-06-21T20:57:23.481-0500] {processor.py:830} INFO - Processing file /Users/naga/Desktop/airflow_env/lib/python3.12/site-packages/airflow/example_dags/example_skip_dag.py for tasks to queue
[2026-06-21T20:57:23.481-0500] {logging_mixin.py:188} INFO - [2026-06-21T20:57:23.481-0500] {dagbag.py:545} INFO - Filling up the DagBag from /Users/naga/Desktop/airflow_env/lib/python3.12/site-packages/airflow/example_dags/example_skip_dag.py
[2026-06-21T20:57:23.488-0500] {processor.py:840} INFO - DAG(s) 'example_skip_dag' retrieved from /Users/naga/Desktop/airflow_env/lib/python3.12/site-packages/airflow/example_dags/example_skip_dag.py
[2026-06-21T20:57:23.562-0500] {logging_mixin.py:188} INFO - [2026-06-21T20:57:23.562-0500] {dag.py:3089} INFO - Sync 1 DAGs
[2026-06-21T20:57:23.575-0500] {logging_mixin.py:188} INFO - [2026-06-21T20:57:23.574-0500] {dag.py:3947} INFO - Setting next_dagrun for example_skip_dag to 2026-06-21 00:00:00+00:00, run_after=2026-06-22 00:00:00+00:00
[2026-06-21T20:57:23.588-0500] {processor.py:183} INFO - Processing /Users/naga/Desktop/airflow_env/lib/python3.12/site-packages/airflow/example_dags/example_skip_dag.py took 0.110 seconds
[2026-06-21T20:58:50.831-0500] {processor.py:161} INFO - Started process (PID=64019) to work on /Users/naga/Desktop/airflow_env/lib/python3.12/site-packages/airflow/example_dags/example_skip_dag.py
[2026-06-21T20:58:50.832-0500] {processor.py:830} INFO - Processing file /Users/naga/Desktop/airflow_env/lib/python3.12/site-packages/airflow/example_dags/example_skip_dag.py for tasks to queue
[2026-06-21T20:58:50.832-0500] {logging_mixin.py:188} INFO - [2026-06-21T20:58:50.832-0500] {dagbag.py:545} INFO - Filling up the DagBag from /Users/naga/Desktop/airflow_env/lib/python3.12/site-packages/airflow/example_dags/example_skip_dag.py
[2026-06-21T20:58:50.839-0500] {processor.py:840} INFO - DAG(s) 'example_skip_dag' retrieved from /Users/naga/Desktop/airflow_env/lib/python3.12/site-packages/airflow/example_dags/example_skip_dag.py
[2026-06-21T20:58:50.913-0500] {logging_mixin.py:188} INFO - [2026-06-21T20:58:50.913-0500] {dag.py:3089} INFO - Sync 1 DAGs
[2026-06-21T20:58:50.926-0500] {logging_mixin.py:188} INFO - [2026-06-21T20:58:50.926-0500] {dag.py:3947} INFO - Setting next_dagrun for example_skip_dag to 2026-06-21 00:00:00+00:00, run_after=2026-06-22 00:00:00+00:00
[2026-06-21T20:58:50.940-0500] {processor.py:183} INFO - Processing /Users/naga/Desktop/airflow_env/lib/python3.12/site-packages/airflow/example_dags/example_skip_dag.py took 0.112 seconds
[2026-06-21T21:42:32.745-0500] {processor.py:161} INFO - Started process (PID=64224) to work on /Users/naga/Desktop/airflow_env/lib/python3.12/site-packages/airflow/example_dags/example_skip_dag.py
[2026-06-21T21:42:32.746-0500] {processor.py:830} INFO - Processing file /Users/naga/Desktop/airflow_env/lib/python3.12/site-packages/airflow/example_dags/example_skip_dag.py for tasks to queue
[2026-06-21T21:42:32.747-0500] {logging_mixin.py:188} INFO - [2026-06-21T21:42:32.747-0500] {dagbag.py:545} INFO - Filling up the DagBag from /Users/naga/Desktop/airflow_env/lib/python3.12/site-packages/airflow/example_dags/example_skip_dag.py
[2026-06-21T21:42:32.753-0500] {processor.py:840} INFO - DAG(s) 'example_skip_dag' retrieved from /Users/naga/Desktop/airflow_env/lib/python3.12/site-packages/airflow/example_dags/example_skip_dag.py
[2026-06-21T21:42:32.870-0500] {logging_mixin.py:188} INFO - [2026-06-21T21:42:32.869-0500] {dag.py:3089} INFO - Sync 1 DAGs
[2026-06-21T21:42:32.884-0500] {logging_mixin.py:188} INFO - [2026-06-21T21:42:32.884-0500] {dag.py:3947} INFO - Setting next_dagrun for example_skip_dag to 2026-06-21 00:00:00+00:00, run_after=2026-06-22 00:00:00+00:00
[2026-06-21T21:42:32.900-0500] {processor.py:183} INFO - Processing /Users/naga/Desktop/airflow_env/lib/python3.12/site-packages/airflow/example_dags/example_skip_dag.py took 0.157 seconds
[2026-06-21T21:44:17.191-0500] {processor.py:161} INFO - Started process (PID=64315) to work on /Users/naga/Desktop/airflow_env/lib/python3.12/site-packages/airflow/example_dags/example_skip_dag.py
[2026-06-21T21:44:17.192-0500] {processor.py:830} INFO - Processing file /Users/naga/Desktop/airflow_env/lib/python3.12/site-packages/airflow/example_dags/example_skip_dag.py for tasks to queue
[2026-06-21T21:44:17.192-0500] {logging_mixin.py:188} INFO - [2026-06-21T21:44:17.192-0500] {dagbag.py:545} INFO - Filling up the DagBag from /Users/naga/Desktop/airflow_env/lib/python3.12/site-packages/airflow/example_dags/example_skip_dag.py
[2026-06-21T21:44:17.199-0500] {processor.py:840} INFO - DAG(s) 'example_skip_dag' retrieved from /Users/naga/Desktop/airflow_env/lib/python3.12/site-packages/airflow/example_dags/example_skip_dag.py
[2026-06-21T21:44:17.275-0500] {logging_mixin.py:188} INFO - [2026-06-21T21:44:17.275-0500] {dag.py:3089} INFO - Sync 1 DAGs
[2026-06-21T21:44:17.289-0500] {logging_mixin.py:188} INFO - [2026-06-21T21:44:17.289-0500] {dag.py:3947} INFO - Setting next_dagrun for example_skip_dag to 2026-06-21 00:00:00+00:00, run_after=2026-06-22 00:00:00+00:00
[2026-06-21T21:44:17.304-0500] {processor.py:183} INFO - Processing /Users/naga/Desktop/airflow_env/lib/python3.12/site-packages/airflow/example_dags/example_skip_dag.py took 0.115 seconds
[2026-06-21T21:45:47.556-0500] {processor.py:161} INFO - Started process (PID=64432) to work on /Users/naga/Desktop/airflow_env/lib/python3.12/site-packages/airflow/example_dags/example_skip_dag.py
[2026-06-21T21:45:47.558-0500] {processor.py:830} INFO - Processing file /Users/naga/Desktop/airflow_env/lib/python3.12/site-packages/airflow/example_dags/example_skip_dag.py for tasks to queue
[2026-06-21T21:45:47.558-0500] {logging_mixin.py:188} INFO - [2026-06-21T21:45:47.558-0500] {dagbag.py:545} INFO - Filling up the DagBag from /Users/naga/Desktop/airflow_env/lib/python3.12/site-packages/airflow/example_dags/example_skip_dag.py
[2026-06-21T21:45:47.565-0500] {processor.py:840} INFO - DAG(s) 'example_skip_dag' retrieved from /Users/naga/Desktop/airflow_env/lib/python3.12/site-packages/airflow/example_dags/example_skip_dag.py
[2026-06-21T21:45:47.639-0500] {logging_mixin.py:188} INFO - [2026-06-21T21:45:47.639-0500] {dag.py:3089} INFO - Sync 1 DAGs
[2026-06-21T21:45:47.653-0500] {logging_mixin.py:188} INFO - [2026-06-21T21:45:47.653-0500] {dag.py:3947} INFO - Setting next_dagrun for example_skip_dag to 2026-06-21 00:00:00+00:00, run_after=2026-06-22 00:00:00+00:00
[2026-06-21T21:45:47.666-0500] {processor.py:183} INFO - Processing /Users/naga/Desktop/airflow_env/lib/python3.12/site-packages/airflow/example_dags/example_skip_dag.py took 0.112 seconds
[2026-06-21T21:47:57.543-0500] {processor.py:161} INFO - Started process (PID=64671) to work on /Users/naga/Desktop/airflow_env/lib/python3.12/site-packages/airflow/example_dags/example_skip_dag.py
[2026-06-21T21:47:57.545-0500] {processor.py:830} INFO - Processing file /Users/naga/Desktop/airflow_env/lib/python3.12/site-packages/airflow/example_dags/example_skip_dag.py for tasks to queue
[2026-06-21T21:47:57.545-0500] {logging_mixin.py:188} INFO - [2026-06-21T21:47:57.545-0500] {dagbag.py:545} INFO - Filling up the DagBag from /Users/naga/Desktop/airflow_env/lib/python3.12/site-packages/airflow/example_dags/example_skip_dag.py
[2026-06-21T21:47:57.553-0500] {processor.py:840} INFO - DAG(s) 'example_skip_dag' retrieved from /Users/naga/Desktop/airflow_env/lib/python3.12/site-packages/airflow/example_dags/example_skip_dag.py
[2026-06-21T21:47:57.629-0500] {logging_mixin.py:188} INFO - [2026-06-21T21:47:57.628-0500] {dag.py:3089} INFO - Sync 1 DAGs
[2026-06-21T21:47:57.642-0500] {logging_mixin.py:188} INFO - [2026-06-21T21:47:57.641-0500] {dag.py:3947} INFO - Setting next_dagrun for example_skip_dag to 2026-06-21 00:00:00+00:00, run_after=2026-06-22 00:00:00+00:00
[2026-06-21T21:47:57.656-0500] {processor.py:183} INFO - Processing /Users/naga/Desktop/airflow_env/lib/python3.12/site-packages/airflow/example_dags/example_skip_dag.py took 0.115 seconds
[2026-06-21T21:49:30.886-0500] {processor.py:161} INFO - Started process (PID=64757) to work on /Users/naga/Desktop/airflow_env/lib/python3.12/site-packages/airflow/example_dags/example_skip_dag.py
[2026-06-21T21:49:30.891-0500] {processor.py:830} INFO - Processing file /Users/naga/Desktop/airflow_env/lib/python3.12/site-packages/airflow/example_dags/example_skip_dag.py for tasks to queue
[2026-06-21T21:49:30.892-0500] {logging_mixin.py:188} INFO - [2026-06-21T21:49:30.892-0500] {dagbag.py:545} INFO - Filling up the DagBag from /Users/naga/Desktop/airflow_env/lib/python3.12/site-packages/airflow/example_dags/example_skip_dag.py
[2026-06-21T21:49:30.900-0500] {processor.py:840} INFO - DAG(s) 'example_skip_dag' retrieved from /Users/naga/Desktop/airflow_env/lib/python3.12/site-packages/airflow/example_dags/example_skip_dag.py
[2026-06-21T21:49:30.991-0500] {logging_mixin.py:188} INFO - [2026-06-21T21:49:30.991-0500] {dag.py:3089} INFO - Sync 1 DAGs
[2026-06-21T21:49:31.004-0500] {logging_mixin.py:188} INFO - [2026-06-21T21:49:31.004-0500] {dag.py:3947} INFO - Setting next_dagrun for example_skip_dag to 2026-06-21 00:00:00+00:00, run_after=2026-06-22 00:00:00+00:00
[2026-06-21T21:49:31.018-0500] {processor.py:183} INFO - Processing /Users/naga/Desktop/airflow_env/lib/python3.12/site-packages/airflow/example_dags/example_skip_dag.py took 0.135 seconds
[2026-06-21T21:51:31.703-0500] {processor.py:161} INFO - Started process (PID=64853) to work on /Users/naga/Desktop/airflow_env/lib/python3.12/site-packages/airflow/example_dags/example_skip_dag.py
[2026-06-21T21:51:31.704-0500] {processor.py:830} INFO - Processing file /Users/naga/Desktop/airflow_env/lib/python3.12/site-packages/airflow/example_dags/example_skip_dag.py for tasks to queue
[2026-06-21T21:51:31.705-0500] {logging_mixin.py:188} INFO - [2026-06-21T21:51:31.705-0500] {dagbag.py:545} INFO - Filling up the DagBag from /Users/naga/Desktop/airflow_env/lib/python3.12/site-packages/airflow/example_dags/example_skip_dag.py
[2026-06-21T21:51:31.712-0500] {processor.py:840} INFO - DAG(s) 'example_skip_dag' retrieved from /Users/naga/Desktop/airflow_env/lib/python3.12/site-packages/airflow/example_dags/example_skip_dag.py
[2026-06-21T21:51:31.788-0500] {logging_mixin.py:188} INFO - [2026-06-21T21:51:31.787-0500] {dag.py:3089} INFO - Sync 1 DAGs
[2026-06-21T21:51:31.801-0500] {logging_mixin.py:188} INFO - [2026-06-21T21:51:31.800-0500] {dag.py:3947} INFO - Setting next_dagrun for example_skip_dag to 2026-06-21 00:00:00+00:00, run_after=2026-06-22 00:00:00+00:00
[2026-06-21T21:51:31.814-0500] {processor.py:183} INFO - Processing /Users/naga/Desktop/airflow_env/lib/python3.12/site-packages/airflow/example_dags/example_skip_dag.py took 0.113 seconds
[2026-06-21T21:53:42.458-0500] {processor.py:161} INFO - Started process (PID=64976) to work on /Users/naga/Desktop/airflow_env/lib/python3.12/site-packages/airflow/example_dags/example_skip_dag.py
[2026-06-21T21:53:42.459-0500] {processor.py:830} INFO - Processing file /Users/naga/Desktop/airflow_env/lib/python3.12/site-packages/airflow/example_dags/example_skip_dag.py for tasks to queue
[2026-06-21T21:53:42.460-0500] {logging_mixin.py:188} INFO - [2026-06-21T21:53:42.460-0500] {dagbag.py:545} INFO - Filling up the DagBag from /Users/naga/Desktop/airflow_env/lib/python3.12/site-packages/airflow/example_dags/example_skip_dag.py
[2026-06-21T21:53:42.467-0500] {processor.py:840} INFO - DAG(s) 'example_skip_dag' retrieved from /Users/naga/Desktop/airflow_env/lib/python3.12/site-packages/airflow/example_dags/example_skip_dag.py
[2026-06-21T21:53:42.544-0500] {logging_mixin.py:188} INFO - [2026-06-21T21:53:42.544-0500] {dag.py:3089} INFO - Sync 1 DAGs
[2026-06-21T21:53:42.561-0500] {logging_mixin.py:188} INFO - [2026-06-21T21:53:42.561-0500] {dag.py:3947} INFO - Setting next_dagrun for example_skip_dag to 2026-06-21 00:00:00+00:00, run_after=2026-06-22 00:00:00+00:00
[2026-06-21T21:53:42.584-0500] {processor.py:183} INFO - Processing /Users/naga/Desktop/airflow_env/lib/python3.12/site-packages/airflow/example_dags/example_skip_dag.py took 0.128 seconds
[2026-06-21T21:55:35.188-0500] {processor.py:161} INFO - Started process (PID=65349) to work on /Users/naga/Desktop/airflow_env/lib/python3.12/site-packages/airflow/example_dags/example_skip_dag.py
[2026-06-21T21:55:35.189-0500] {processor.py:830} INFO - Processing file /Users/naga/Desktop/airflow_env/lib/python3.12/site-packages/airflow/example_dags/example_skip_dag.py for tasks to queue
[2026-06-21T21:55:35.190-0500] {logging_mixin.py:188} INFO - [2026-06-21T21:55:35.190-0500] {dagbag.py:545} INFO - Filling up the DagBag from /Users/naga/Desktop/airflow_env/lib/python3.12/site-packages/airflow/example_dags/example_skip_dag.py
[2026-06-21T21:55:35.197-0500] {processor.py:840} INFO - DAG(s) 'example_skip_dag' retrieved from /Users/naga/Desktop/airflow_env/lib/python3.12/site-packages/airflow/example_dags/example_skip_dag.py
[2026-06-21T21:55:35.272-0500] {logging_mixin.py:188} INFO - [2026-06-21T21:55:35.272-0500] {dag.py:3089} INFO - Sync 1 DAGs
[2026-06-21T21:55:35.285-0500] {logging_mixin.py:188} INFO - [2026-06-21T21:55:35.285-0500] {dag.py:3947} INFO - Setting next_dagrun for example_skip_dag to 2026-06-21 00:00:00+00:00, run_after=2026-06-22 00:00:00+00:00
[2026-06-21T21:55:35.300-0500] {processor.py:183} INFO - Processing /Users/naga/Desktop/airflow_env/lib/python3.12/site-packages/airflow/example_dags/example_skip_dag.py took 0.114 seconds
[2026-06-21T21:57:07.383-0500] {processor.py:161} INFO - Started process (PID=65505) to work on /Users/naga/Desktop/airflow_env/lib/python3.12/site-packages/airflow/example_dags/example_skip_dag.py
[2026-06-21T21:57:07.384-0500] {processor.py:830} INFO - Processing file /Users/naga/Desktop/airflow_env/lib/python3.12/site-packages/airflow/example_dags/example_skip_dag.py for tasks to queue
[2026-06-21T21:57:07.384-0500] {logging_mixin.py:188} INFO - [2026-06-21T21:57:07.384-0500] {dagbag.py:545} INFO - Filling up the DagBag from /Users/naga/Desktop/airflow_env/lib/python3.12/site-packages/airflow/example_dags/example_skip_dag.py
[2026-06-21T21:57:07.392-0500] {processor.py:840} INFO - DAG(s) 'example_skip_dag' retrieved from /Users/naga/Desktop/airflow_env/lib/python3.12/site-packages/airflow/example_dags/example_skip_dag.py
[2026-06-21T21:57:07.466-0500] {logging_mixin.py:188} INFO - [2026-06-21T21:57:07.466-0500] {dag.py:3089} INFO - Sync 1 DAGs
[2026-06-21T21:57:07.479-0500] {logging_mixin.py:188} INFO - [2026-06-21T21:57:07.479-0500] {dag.py:3947} INFO - Setting next_dagrun for example_skip_dag to 2026-06-21 00:00:00+00:00, run_after=2026-06-22 00:00:00+00:00
[2026-06-21T21:57:07.492-0500] {processor.py:183} INFO - Processing /Users/naga/Desktop/airflow_env/lib/python3.12/site-packages/airflow/example_dags/example_skip_dag.py took 0.111 seconds
