[2026-06-21T19:47:05.616-0500] {processor.py:161} INFO - Started process (PID=61490) to work on /Users/naga/Desktop/airflow_env/lib/python3.12/site-packages/airflow/example_dags/example_trigger_controller_dag.py
[2026-06-21T19:47:05.617-0500] {processor.py:830} INFO - Processing file /Users/naga/Desktop/airflow_env/lib/python3.12/site-packages/airflow/example_dags/example_trigger_controller_dag.py for tasks to queue
[2026-06-21T19:47:05.618-0500] {logging_mixin.py:188} INFO - [2026-06-21T19:47:05.618-0500] {dagbag.py:545} INFO - Filling up the DagBag from /Users/naga/Desktop/airflow_env/lib/python3.12/site-packages/airflow/example_dags/example_trigger_controller_dag.py
[2026-06-21T19:47:05.627-0500] {processor.py:840} INFO - DAG(s) 'example_trigger_controller_dag' retrieved from /Users/naga/Desktop/airflow_env/lib/python3.12/site-packages/airflow/example_dags/example_trigger_controller_dag.py
[2026-06-21T19:47:05.699-0500] {logging_mixin.py:188} INFO - [2026-06-21T19:47:05.699-0500] {dag.py:3089} INFO - Sync 1 DAGs
[2026-06-21T19:47:05.713-0500] {logging_mixin.py:188} INFO - [2026-06-21T19:47:05.713-0500] {dag.py:3947} INFO - Setting next_dagrun for example_trigger_controller_dag to 2021-01-01 00:00:00+00:00, run_after=2021-01-01 00:00:00+00:00
[2026-06-21T19:47:05.727-0500] {processor.py:183} INFO - Processing /Users/naga/Desktop/airflow_env/lib/python3.12/site-packages/airflow/example_dags/example_trigger_controller_dag.py took 0.113 seconds
[2026-06-21T19:48:35.719-0500] {processor.py:161} INFO - Started process (PID=61564) to work on /Users/naga/Desktop/airflow_env/lib/python3.12/site-packages/airflow/example_dags/example_trigger_controller_dag.py
[2026-06-21T19:48:35.720-0500] {processor.py:830} INFO - Processing file /Users/naga/Desktop/airflow_env/lib/python3.12/site-packages/airflow/example_dags/example_trigger_controller_dag.py for tasks to queue
[2026-06-21T19:48:35.721-0500] {logging_mixin.py:188} INFO - [2026-06-21T19:48:35.721-0500] {dagbag.py:545} INFO - Filling up the DagBag from /Users/naga/Desktop/airflow_env/lib/python3.12/site-packages/airflow/example_dags/example_trigger_controller_dag.py
[2026-06-21T19:48:35.729-0500] {processor.py:840} INFO - DAG(s) 'example_trigger_controller_dag' retrieved from /Users/naga/Desktop/airflow_env/lib/python3.12/site-packages/airflow/example_dags/example_trigger_controller_dag.py
[2026-06-21T19:48:35.799-0500] {logging_mixin.py:188} INFO - [2026-06-21T19:48:35.799-0500] {dag.py:3089} INFO - Sync 1 DAGs
[2026-06-21T19:48:35.813-0500] {logging_mixin.py:188} INFO - [2026-06-21T19:48:35.812-0500] {dag.py:3947} INFO - Setting next_dagrun for example_trigger_controller_dag to 2021-01-01 00:00:00+00:00, run_after=2021-01-01 00:00:00+00:00
[2026-06-21T19:48:35.825-0500] {processor.py:183} INFO - Processing /Users/naga/Desktop/airflow_env/lib/python3.12/site-packages/airflow/example_dags/example_trigger_controller_dag.py took 0.108 seconds
[2026-06-21T19:50:13.646-0500] {processor.py:161} INFO - Started process (PID=61749) to work on /Users/naga/Desktop/airflow_env/lib/python3.12/site-packages/airflow/example_dags/example_trigger_controller_dag.py
[2026-06-21T19:50:13.647-0500] {processor.py:830} INFO - Processing file /Users/naga/Desktop/airflow_env/lib/python3.12/site-packages/airflow/example_dags/example_trigger_controller_dag.py for tasks to queue
[2026-06-21T19:50:13.647-0500] {logging_mixin.py:188} INFO - [2026-06-21T19:50:13.647-0500] {dagbag.py:545} INFO - Filling up the DagBag from /Users/naga/Desktop/airflow_env/lib/python3.12/site-packages/airflow/example_dags/example_trigger_controller_dag.py
[2026-06-21T19:50:13.656-0500] {processor.py:840} INFO - DAG(s) 'example_trigger_controller_dag' retrieved from /Users/naga/Desktop/airflow_env/lib/python3.12/site-packages/airflow/example_dags/example_trigger_controller_dag.py
[2026-06-21T19:50:13.725-0500] {logging_mixin.py:188} INFO - [2026-06-21T19:50:13.725-0500] {dag.py:3089} INFO - Sync 1 DAGs
[2026-06-21T19:50:13.738-0500] {logging_mixin.py:188} INFO - [2026-06-21T19:50:13.738-0500] {dag.py:3947} INFO - Setting next_dagrun for example_trigger_controller_dag to 2021-01-01 00:00:00+00:00, run_after=2021-01-01 00:00:00+00:00
[2026-06-21T19:50:13.751-0500] {processor.py:183} INFO - Processing /Users/naga/Desktop/airflow_env/lib/python3.12/site-packages/airflow/example_dags/example_trigger_controller_dag.py took 0.108 seconds
[2026-06-21T19:51:42.091-0500] {processor.py:161} INFO - Started process (PID=61803) to work on /Users/naga/Desktop/airflow_env/lib/python3.12/site-packages/airflow/example_dags/example_trigger_controller_dag.py
[2026-06-21T19:51:42.092-0500] {processor.py:830} INFO - Processing file /Users/naga/Desktop/airflow_env/lib/python3.12/site-packages/airflow/example_dags/example_trigger_controller_dag.py for tasks to queue
[2026-06-21T19:51:42.092-0500] {logging_mixin.py:188} INFO - [2026-06-21T19:51:42.092-0500] {dagbag.py:545} INFO - Filling up the DagBag from /Users/naga/Desktop/airflow_env/lib/python3.12/site-packages/airflow/example_dags/example_trigger_controller_dag.py
[2026-06-21T19:51:42.101-0500] {processor.py:840} INFO - DAG(s) 'example_trigger_controller_dag' retrieved from /Users/naga/Desktop/airflow_env/lib/python3.12/site-packages/airflow/example_dags/example_trigger_controller_dag.py
[2026-06-21T19:51:42.170-0500] {logging_mixin.py:188} INFO - [2026-06-21T19:51:42.169-0500] {dag.py:3089} INFO - Sync 1 DAGs
[2026-06-21T19:51:42.183-0500] {logging_mixin.py:188} INFO - [2026-06-21T19:51:42.182-0500] {dag.py:3947} INFO - Setting next_dagrun for example_trigger_controller_dag to 2021-01-01 00:00:00+00:00, run_after=2021-01-01 00:00:00+00:00
[2026-06-21T19:51:42.196-0500] {processor.py:183} INFO - Processing /Users/naga/Desktop/airflow_env/lib/python3.12/site-packages/airflow/example_dags/example_trigger_controller_dag.py took 0.107 seconds
[2026-06-21T19:53:06.876-0500] {processor.py:161} INFO - Started process (PID=61878) to work on /Users/naga/Desktop/airflow_env/lib/python3.12/site-packages/airflow/example_dags/example_trigger_controller_dag.py
[2026-06-21T19:53:06.877-0500] {processor.py:830} INFO - Processing file /Users/naga/Desktop/airflow_env/lib/python3.12/site-packages/airflow/example_dags/example_trigger_controller_dag.py for tasks to queue
[2026-06-21T19:53:06.878-0500] {logging_mixin.py:188} INFO - [2026-06-21T19:53:06.878-0500] {dagbag.py:545} INFO - Filling up the DagBag from /Users/naga/Desktop/airflow_env/lib/python3.12/site-packages/airflow/example_dags/example_trigger_controller_dag.py
[2026-06-21T19:53:06.886-0500] {processor.py:840} INFO - DAG(s) 'example_trigger_controller_dag' retrieved from /Users/naga/Desktop/airflow_env/lib/python3.12/site-packages/airflow/example_dags/example_trigger_controller_dag.py
[2026-06-21T19:53:06.955-0500] {logging_mixin.py:188} INFO - [2026-06-21T19:53:06.955-0500] {dag.py:3089} INFO - Sync 1 DAGs
[2026-06-21T19:53:06.968-0500] {logging_mixin.py:188} INFO - [2026-06-21T19:53:06.967-0500] {dag.py:3947} INFO - Setting next_dagrun for example_trigger_controller_dag to 2021-01-01 00:00:00+00:00, run_after=2021-01-01 00:00:00+00:00
[2026-06-21T19:53:06.981-0500] {processor.py:183} INFO - Processing /Users/naga/Desktop/airflow_env/lib/python3.12/site-packages/airflow/example_dags/example_trigger_controller_dag.py took 0.107 seconds
[2026-06-21T19:54:30.335-0500] {processor.py:161} INFO - Started process (PID=61945) to work on /Users/naga/Desktop/airflow_env/lib/python3.12/site-packages/airflow/example_dags/example_trigger_controller_dag.py
[2026-06-21T19:54:30.336-0500] {processor.py:830} INFO - Processing file /Users/naga/Desktop/airflow_env/lib/python3.12/site-packages/airflow/example_dags/example_trigger_controller_dag.py for tasks to queue
[2026-06-21T19:54:30.337-0500] {logging_mixin.py:188} INFO - [2026-06-21T19:54:30.337-0500] {dagbag.py:545} INFO - Filling up the DagBag from /Users/naga/Desktop/airflow_env/lib/python3.12/site-packages/airflow/example_dags/example_trigger_controller_dag.py
[2026-06-21T19:54:30.346-0500] {processor.py:840} INFO - DAG(s) 'example_trigger_controller_dag' retrieved from /Users/naga/Desktop/airflow_env/lib/python3.12/site-packages/airflow/example_dags/example_trigger_controller_dag.py
[2026-06-21T19:54:30.415-0500] {logging_mixin.py:188} INFO - [2026-06-21T19:54:30.415-0500] {dag.py:3089} INFO - Sync 1 DAGs
[2026-06-21T19:54:30.428-0500] {logging_mixin.py:188} INFO - [2026-06-21T19:54:30.428-0500] {dag.py:3947} INFO - Setting next_dagrun for example_trigger_controller_dag to 2021-01-01 00:00:00+00:00, run_after=2021-01-01 00:00:00+00:00
[2026-06-21T19:54:30.442-0500] {processor.py:183} INFO - Processing /Users/naga/Desktop/airflow_env/lib/python3.12/site-packages/airflow/example_dags/example_trigger_controller_dag.py took 0.109 seconds
[2026-06-21T19:55:55.322-0500] {processor.py:161} INFO - Started process (PID=62013) to work on /Users/naga/Desktop/airflow_env/lib/python3.12/site-packages/airflow/example_dags/example_trigger_controller_dag.py
[2026-06-21T19:55:55.323-0500] {processor.py:830} INFO - Processing file /Users/naga/Desktop/airflow_env/lib/python3.12/site-packages/airflow/example_dags/example_trigger_controller_dag.py for tasks to queue
[2026-06-21T19:55:55.323-0500] {logging_mixin.py:188} INFO - [2026-06-21T19:55:55.323-0500] {dagbag.py:545} INFO - Filling up the DagBag from /Users/naga/Desktop/airflow_env/lib/python3.12/site-packages/airflow/example_dags/example_trigger_controller_dag.py
[2026-06-21T19:55:55.332-0500] {processor.py:840} INFO - DAG(s) 'example_trigger_controller_dag' retrieved from /Users/naga/Desktop/airflow_env/lib/python3.12/site-packages/airflow/example_dags/example_trigger_controller_dag.py
[2026-06-21T19:55:55.402-0500] {logging_mixin.py:188} INFO - [2026-06-21T19:55:55.402-0500] {dag.py:3089} INFO - Sync 1 DAGs
[2026-06-21T19:55:55.416-0500] {logging_mixin.py:188} INFO - [2026-06-21T19:55:55.415-0500] {dag.py:3947} INFO - Setting next_dagrun for example_trigger_controller_dag to 2021-01-01 00:00:00+00:00, run_after=2021-01-01 00:00:00+00:00
[2026-06-21T19:55:55.429-0500] {processor.py:183} INFO - Processing /Users/naga/Desktop/airflow_env/lib/python3.12/site-packages/airflow/example_dags/example_trigger_controller_dag.py took 0.109 seconds
[2026-06-21T19:57:24.184-0500] {processor.py:161} INFO - Started process (PID=62076) to work on /Users/naga/Desktop/airflow_env/lib/python3.12/site-packages/airflow/example_dags/example_trigger_controller_dag.py
[2026-06-21T19:57:24.185-0500] {processor.py:830} INFO - Processing file /Users/naga/Desktop/airflow_env/lib/python3.12/site-packages/airflow/example_dags/example_trigger_controller_dag.py for tasks to queue
[2026-06-21T19:57:24.186-0500] {logging_mixin.py:188} INFO - [2026-06-21T19:57:24.186-0500] {dagbag.py:545} INFO - Filling up the DagBag from /Users/naga/Desktop/airflow_env/lib/python3.12/site-packages/airflow/example_dags/example_trigger_controller_dag.py
[2026-06-21T19:57:24.197-0500] {processor.py:840} INFO - DAG(s) 'example_trigger_controller_dag' retrieved from /Users/naga/Desktop/airflow_env/lib/python3.12/site-packages/airflow/example_dags/example_trigger_controller_dag.py
[2026-06-21T19:57:24.267-0500] {logging_mixin.py:188} INFO - [2026-06-21T19:57:24.267-0500] {dag.py:3089} INFO - Sync 1 DAGs
[2026-06-21T19:57:24.281-0500] {logging_mixin.py:188} INFO - [2026-06-21T19:57:24.280-0500] {dag.py:3947} INFO - Setting next_dagrun for example_trigger_controller_dag to 2021-01-01 00:00:00+00:00, run_after=2021-01-01 00:00:00+00:00
[2026-06-21T19:57:24.295-0500] {processor.py:183} INFO - Processing /Users/naga/Desktop/airflow_env/lib/python3.12/site-packages/airflow/example_dags/example_trigger_controller_dag.py took 0.113 seconds
[2026-06-21T19:58:51.491-0500] {processor.py:161} INFO - Started process (PID=62142) to work on /Users/naga/Desktop/airflow_env/lib/python3.12/site-packages/airflow/example_dags/example_trigger_controller_dag.py
[2026-06-21T19:58:51.492-0500] {processor.py:830} INFO - Processing file /Users/naga/Desktop/airflow_env/lib/python3.12/site-packages/airflow/example_dags/example_trigger_controller_dag.py for tasks to queue
[2026-06-21T19:58:51.493-0500] {logging_mixin.py:188} INFO - [2026-06-21T19:58:51.493-0500] {dagbag.py:545} INFO - Filling up the DagBag from /Users/naga/Desktop/airflow_env/lib/python3.12/site-packages/airflow/example_dags/example_trigger_controller_dag.py
[2026-06-21T19:58:51.501-0500] {processor.py:840} INFO - DAG(s) 'example_trigger_controller_dag' retrieved from /Users/naga/Desktop/airflow_env/lib/python3.12/site-packages/airflow/example_dags/example_trigger_controller_dag.py
[2026-06-21T19:58:51.571-0500] {logging_mixin.py:188} INFO - [2026-06-21T19:58:51.570-0500] {dag.py:3089} INFO - Sync 1 DAGs
[2026-06-21T19:58:51.584-0500] {logging_mixin.py:188} INFO - [2026-06-21T19:58:51.583-0500] {dag.py:3947} INFO - Setting next_dagrun for example_trigger_controller_dag to 2021-01-01 00:00:00+00:00, run_after=2021-01-01 00:00:00+00:00
[2026-06-21T19:58:51.597-0500] {processor.py:183} INFO - Processing /Users/naga/Desktop/airflow_env/lib/python3.12/site-packages/airflow/example_dags/example_trigger_controller_dag.py took 0.108 seconds
[2026-06-21T20:00:17.653-0500] {processor.py:161} INFO - Started process (PID=62223) to work on /Users/naga/Desktop/airflow_env/lib/python3.12/site-packages/airflow/example_dags/example_trigger_controller_dag.py
[2026-06-21T20:00:17.655-0500] {processor.py:830} INFO - Processing file /Users/naga/Desktop/airflow_env/lib/python3.12/site-packages/airflow/example_dags/example_trigger_controller_dag.py for tasks to queue
[2026-06-21T20:00:17.655-0500] {logging_mixin.py:188} INFO - [2026-06-21T20:00:17.655-0500] {dagbag.py:545} INFO - Filling up the DagBag from /Users/naga/Desktop/airflow_env/lib/python3.12/site-packages/airflow/example_dags/example_trigger_controller_dag.py
[2026-06-21T20:00:17.664-0500] {processor.py:840} INFO - DAG(s) 'example_trigger_controller_dag' retrieved from /Users/naga/Desktop/airflow_env/lib/python3.12/site-packages/airflow/example_dags/example_trigger_controller_dag.py
[2026-06-21T20:00:17.733-0500] {logging_mixin.py:188} INFO - [2026-06-21T20:00:17.732-0500] {dag.py:3089} INFO - Sync 1 DAGs
[2026-06-21T20:00:17.746-0500] {logging_mixin.py:188} INFO - [2026-06-21T20:00:17.745-0500] {dag.py:3947} INFO - Setting next_dagrun for example_trigger_controller_dag to 2021-01-01 00:00:00+00:00, run_after=2021-01-01 00:00:00+00:00
[2026-06-21T20:00:17.759-0500] {processor.py:183} INFO - Processing /Users/naga/Desktop/airflow_env/lib/python3.12/site-packages/airflow/example_dags/example_trigger_controller_dag.py took 0.108 seconds
[2026-06-21T20:01:43.284-0500] {processor.py:161} INFO - Started process (PID=62272) to work on /Users/naga/Desktop/airflow_env/lib/python3.12/site-packages/airflow/example_dags/example_trigger_controller_dag.py
[2026-06-21T20:01:43.285-0500] {processor.py:830} INFO - Processing file /Users/naga/Desktop/airflow_env/lib/python3.12/site-packages/airflow/example_dags/example_trigger_controller_dag.py for tasks to queue
[2026-06-21T20:01:43.286-0500] {logging_mixin.py:188} INFO - [2026-06-21T20:01:43.285-0500] {dagbag.py:545} INFO - Filling up the DagBag from /Users/naga/Desktop/airflow_env/lib/python3.12/site-packages/airflow/example_dags/example_trigger_controller_dag.py
[2026-06-21T20:01:43.294-0500] {processor.py:840} INFO - DAG(s) 'example_trigger_controller_dag' retrieved from /Users/naga/Desktop/airflow_env/lib/python3.12/site-packages/airflow/example_dags/example_trigger_controller_dag.py
[2026-06-21T20:01:43.363-0500] {logging_mixin.py:188} INFO - [2026-06-21T20:01:43.362-0500] {dag.py:3089} INFO - Sync 1 DAGs
[2026-06-21T20:01:43.376-0500] {logging_mixin.py:188} INFO - [2026-06-21T20:01:43.375-0500] {dag.py:3947} INFO - Setting next_dagrun for example_trigger_controller_dag to 2021-01-01 00:00:00+00:00, run_after=2021-01-01 00:00:00+00:00
[2026-06-21T20:01:43.389-0500] {processor.py:183} INFO - Processing /Users/naga/Desktop/airflow_env/lib/python3.12/site-packages/airflow/example_dags/example_trigger_controller_dag.py took 0.107 seconds
[2026-06-21T20:03:08.777-0500] {processor.py:161} INFO - Started process (PID=62338) to work on /Users/naga/Desktop/airflow_env/lib/python3.12/site-packages/airflow/example_dags/example_trigger_controller_dag.py
[2026-06-21T20:03:08.779-0500] {processor.py:830} INFO - Processing file /Users/naga/Desktop/airflow_env/lib/python3.12/site-packages/airflow/example_dags/example_trigger_controller_dag.py for tasks to queue
[2026-06-21T20:03:08.779-0500] {logging_mixin.py:188} INFO - [2026-06-21T20:03:08.779-0500] {dagbag.py:545} INFO - Filling up the DagBag from /Users/naga/Desktop/airflow_env/lib/python3.12/site-packages/airflow/example_dags/example_trigger_controller_dag.py
[2026-06-21T20:03:08.788-0500] {processor.py:840} INFO - DAG(s) 'example_trigger_controller_dag' retrieved from /Users/naga/Desktop/airflow_env/lib/python3.12/site-packages/airflow/example_dags/example_trigger_controller_dag.py
[2026-06-21T20:03:08.858-0500] {logging_mixin.py:188} INFO - [2026-06-21T20:03:08.858-0500] {dag.py:3089} INFO - Sync 1 DAGs
[2026-06-21T20:03:08.872-0500] {logging_mixin.py:188} INFO - [2026-06-21T20:03:08.871-0500] {dag.py:3947} INFO - Setting next_dagrun for example_trigger_controller_dag to 2021-01-01 00:00:00+00:00, run_after=2021-01-01 00:00:00+00:00
[2026-06-21T20:03:08.886-0500] {processor.py:183} INFO - Processing /Users/naga/Desktop/airflow_env/lib/python3.12/site-packages/airflow/example_dags/example_trigger_controller_dag.py took 0.111 seconds
[2026-06-21T20:04:36.278-0500] {processor.py:161} INFO - Started process (PID=62409) to work on /Users/naga/Desktop/airflow_env/lib/python3.12/site-packages/airflow/example_dags/example_trigger_controller_dag.py
[2026-06-21T20:04:36.279-0500] {processor.py:830} INFO - Processing file /Users/naga/Desktop/airflow_env/lib/python3.12/site-packages/airflow/example_dags/example_trigger_controller_dag.py for tasks to queue
[2026-06-21T20:04:36.280-0500] {logging_mixin.py:188} INFO - [2026-06-21T20:04:36.280-0500] {dagbag.py:545} INFO - Filling up the DagBag from /Users/naga/Desktop/airflow_env/lib/python3.12/site-packages/airflow/example_dags/example_trigger_controller_dag.py
[2026-06-21T20:04:36.288-0500] {processor.py:840} INFO - DAG(s) 'example_trigger_controller_dag' retrieved from /Users/naga/Desktop/airflow_env/lib/python3.12/site-packages/airflow/example_dags/example_trigger_controller_dag.py
[2026-06-21T20:04:36.358-0500] {logging_mixin.py:188} INFO - [2026-06-21T20:04:36.357-0500] {dag.py:3089} INFO - Sync 1 DAGs
[2026-06-21T20:04:36.371-0500] {logging_mixin.py:188} INFO - [2026-06-21T20:04:36.370-0500] {dag.py:3947} INFO - Setting next_dagrun for example_trigger_controller_dag to 2021-01-01 00:00:00+00:00, run_after=2021-01-01 00:00:00+00:00
[2026-06-21T20:04:36.384-0500] {processor.py:183} INFO - Processing /Users/naga/Desktop/airflow_env/lib/python3.12/site-packages/airflow/example_dags/example_trigger_controller_dag.py took 0.108 seconds
[2026-06-21T20:06:02.111-0500] {processor.py:161} INFO - Started process (PID=62482) to work on /Users/naga/Desktop/airflow_env/lib/python3.12/site-packages/airflow/example_dags/example_trigger_controller_dag.py
[2026-06-21T20:06:02.112-0500] {processor.py:830} INFO - Processing file /Users/naga/Desktop/airflow_env/lib/python3.12/site-packages/airflow/example_dags/example_trigger_controller_dag.py for tasks to queue
[2026-06-21T20:06:02.113-0500] {logging_mixin.py:188} INFO - [2026-06-21T20:06:02.113-0500] {dagbag.py:545} INFO - Filling up the DagBag from /Users/naga/Desktop/airflow_env/lib/python3.12/site-packages/airflow/example_dags/example_trigger_controller_dag.py
[2026-06-21T20:06:02.121-0500] {processor.py:840} INFO - DAG(s) 'example_trigger_controller_dag' retrieved from /Users/naga/Desktop/airflow_env/lib/python3.12/site-packages/airflow/example_dags/example_trigger_controller_dag.py
[2026-06-21T20:06:02.191-0500] {logging_mixin.py:188} INFO - [2026-06-21T20:06:02.191-0500] {dag.py:3089} INFO - Sync 1 DAGs
[2026-06-21T20:06:02.205-0500] {logging_mixin.py:188} INFO - [2026-06-21T20:06:02.204-0500] {dag.py:3947} INFO - Setting next_dagrun for example_trigger_controller_dag to 2021-01-01 00:00:00+00:00, run_after=2021-01-01 00:00:00+00:00
[2026-06-21T20:06:02.218-0500] {processor.py:183} INFO - Processing /Users/naga/Desktop/airflow_env/lib/python3.12/site-packages/airflow/example_dags/example_trigger_controller_dag.py took 0.109 seconds
[2026-06-21T20:07:32.002-0500] {processor.py:161} INFO - Started process (PID=62533) to work on /Users/naga/Desktop/airflow_env/lib/python3.12/site-packages/airflow/example_dags/example_trigger_controller_dag.py
[2026-06-21T20:07:32.003-0500] {processor.py:830} INFO - Processing file /Users/naga/Desktop/airflow_env/lib/python3.12/site-packages/airflow/example_dags/example_trigger_controller_dag.py for tasks to queue
[2026-06-21T20:07:32.003-0500] {logging_mixin.py:188} INFO - [2026-06-21T20:07:32.003-0500] {dagbag.py:545} INFO - Filling up the DagBag from /Users/naga/Desktop/airflow_env/lib/python3.12/site-packages/airflow/example_dags/example_trigger_controller_dag.py
[2026-06-21T20:07:32.013-0500] {processor.py:840} INFO - DAG(s) 'example_trigger_controller_dag' retrieved from /Users/naga/Desktop/airflow_env/lib/python3.12/site-packages/airflow/example_dags/example_trigger_controller_dag.py
[2026-06-21T20:07:32.083-0500] {logging_mixin.py:188} INFO - [2026-06-21T20:07:32.082-0500] {dag.py:3089} INFO - Sync 1 DAGs
[2026-06-21T20:07:32.096-0500] {logging_mixin.py:188} INFO - [2026-06-21T20:07:32.095-0500] {dag.py:3947} INFO - Setting next_dagrun for example_trigger_controller_dag to 2021-01-01 00:00:00+00:00, run_after=2021-01-01 00:00:00+00:00
[2026-06-21T20:07:32.109-0500] {processor.py:183} INFO - Processing /Users/naga/Desktop/airflow_env/lib/python3.12/site-packages/airflow/example_dags/example_trigger_controller_dag.py took 0.110 seconds
[2026-06-21T20:09:06.889-0500] {processor.py:161} INFO - Started process (PID=62622) to work on /Users/naga/Desktop/airflow_env/lib/python3.12/site-packages/airflow/example_dags/example_trigger_controller_dag.py
[2026-06-21T20:09:06.890-0500] {processor.py:830} INFO - Processing file /Users/naga/Desktop/airflow_env/lib/python3.12/site-packages/airflow/example_dags/example_trigger_controller_dag.py for tasks to queue
[2026-06-21T20:09:06.891-0500] {logging_mixin.py:188} INFO - [2026-06-21T20:09:06.891-0500] {dagbag.py:545} INFO - Filling up the DagBag from /Users/naga/Desktop/airflow_env/lib/python3.12/site-packages/airflow/example_dags/example_trigger_controller_dag.py
[2026-06-21T20:09:06.901-0500] {processor.py:840} INFO - DAG(s) 'example_trigger_controller_dag' retrieved from /Users/naga/Desktop/airflow_env/lib/python3.12/site-packages/airflow/example_dags/example_trigger_controller_dag.py
[2026-06-21T20:09:07.179-0500] {logging_mixin.py:188} INFO - [2026-06-21T20:09:07.178-0500] {dag.py:3089} INFO - Sync 1 DAGs
[2026-06-21T20:09:07.196-0500] {logging_mixin.py:188} INFO - [2026-06-21T20:09:07.195-0500] {dag.py:3947} INFO - Setting next_dagrun for example_trigger_controller_dag to 2021-01-01 00:00:00+00:00, run_after=2021-01-01 00:00:00+00:00
[2026-06-21T20:09:07.212-0500] {processor.py:183} INFO - Processing /Users/naga/Desktop/airflow_env/lib/python3.12/site-packages/airflow/example_dags/example_trigger_controller_dag.py took 0.325 seconds
[2026-06-21T20:38:02.491-0500] {processor.py:161} INFO - Started process (PID=62737) to work on /Users/naga/Desktop/airflow_env/lib/python3.12/site-packages/airflow/example_dags/example_trigger_controller_dag.py
[2026-06-21T20:38:02.492-0500] {processor.py:830} INFO - Processing file /Users/naga/Desktop/airflow_env/lib/python3.12/site-packages/airflow/example_dags/example_trigger_controller_dag.py for tasks to queue
[2026-06-21T20:38:02.493-0500] {logging_mixin.py:188} INFO - [2026-06-21T20:38:02.493-0500] {dagbag.py:545} INFO - Filling up the DagBag from /Users/naga/Desktop/airflow_env/lib/python3.12/site-packages/airflow/example_dags/example_trigger_controller_dag.py
[2026-06-21T20:38:02.502-0500] {processor.py:840} INFO - DAG(s) 'example_trigger_controller_dag' retrieved from /Users/naga/Desktop/airflow_env/lib/python3.12/site-packages/airflow/example_dags/example_trigger_controller_dag.py
[2026-06-21T20:38:02.570-0500] {logging_mixin.py:188} INFO - [2026-06-21T20:38:02.570-0500] {dag.py:3089} INFO - Sync 1 DAGs
[2026-06-21T20:38:02.584-0500] {logging_mixin.py:188} INFO - [2026-06-21T20:38:02.583-0500] {dag.py:3947} INFO - Setting next_dagrun for example_trigger_controller_dag to 2021-01-01 00:00:00+00:00, run_after=2021-01-01 00:00:00+00:00
[2026-06-21T20:38:02.597-0500] {processor.py:183} INFO - Processing /Users/naga/Desktop/airflow_env/lib/python3.12/site-packages/airflow/example_dags/example_trigger_controller_dag.py took 0.108 seconds
[2026-06-21T20:39:35.906-0500] {processor.py:161} INFO - Started process (PID=62836) to work on /Users/naga/Desktop/airflow_env/lib/python3.12/site-packages/airflow/example_dags/example_trigger_controller_dag.py
[2026-06-21T20:39:35.907-0500] {processor.py:830} INFO - Processing file /Users/naga/Desktop/airflow_env/lib/python3.12/site-packages/airflow/example_dags/example_trigger_controller_dag.py for tasks to queue
[2026-06-21T20:39:35.908-0500] {logging_mixin.py:188} INFO - [2026-06-21T20:39:35.908-0500] {dagbag.py:545} INFO - Filling up the DagBag from /Users/naga/Desktop/airflow_env/lib/python3.12/site-packages/airflow/example_dags/example_trigger_controller_dag.py
[2026-06-21T20:39:35.916-0500] {processor.py:840} INFO - DAG(s) 'example_trigger_controller_dag' retrieved from /Users/naga/Desktop/airflow_env/lib/python3.12/site-packages/airflow/example_dags/example_trigger_controller_dag.py
[2026-06-21T20:39:35.987-0500] {logging_mixin.py:188} INFO - [2026-06-21T20:39:35.986-0500] {dag.py:3089} INFO - Sync 1 DAGs
[2026-06-21T20:39:36.001-0500] {logging_mixin.py:188} INFO - [2026-06-21T20:39:36.000-0500] {dag.py:3947} INFO - Setting next_dagrun for example_trigger_controller_dag to 2021-01-01 00:00:00+00:00, run_after=2021-01-01 00:00:00+00:00
[2026-06-21T20:39:36.013-0500] {processor.py:183} INFO - Processing /Users/naga/Desktop/airflow_env/lib/python3.12/site-packages/airflow/example_dags/example_trigger_controller_dag.py took 0.109 seconds
[2026-06-21T20:41:09.889-0500] {processor.py:161} INFO - Started process (PID=63004) to work on /Users/naga/Desktop/airflow_env/lib/python3.12/site-packages/airflow/example_dags/example_trigger_controller_dag.py
[2026-06-21T20:41:09.890-0500] {processor.py:830} INFO - Processing file /Users/naga/Desktop/airflow_env/lib/python3.12/site-packages/airflow/example_dags/example_trigger_controller_dag.py for tasks to queue
[2026-06-21T20:41:09.891-0500] {logging_mixin.py:188} INFO - [2026-06-21T20:41:09.891-0500] {dagbag.py:545} INFO - Filling up the DagBag from /Users/naga/Desktop/airflow_env/lib/python3.12/site-packages/airflow/example_dags/example_trigger_controller_dag.py
[2026-06-21T20:41:09.900-0500] {processor.py:840} INFO - DAG(s) 'example_trigger_controller_dag' retrieved from /Users/naga/Desktop/airflow_env/lib/python3.12/site-packages/airflow/example_dags/example_trigger_controller_dag.py
[2026-06-21T20:41:09.972-0500] {logging_mixin.py:188} INFO - [2026-06-21T20:41:09.972-0500] {dag.py:3089} INFO - Sync 1 DAGs
[2026-06-21T20:41:09.988-0500] {logging_mixin.py:188} INFO - [2026-06-21T20:41:09.987-0500] {dag.py:3947} INFO - Setting next_dagrun for example_trigger_controller_dag to 2021-01-01 00:00:00+00:00, run_after=2021-01-01 00:00:00+00:00
[2026-06-21T20:41:10.003-0500] {processor.py:183} INFO - Processing /Users/naga/Desktop/airflow_env/lib/python3.12/site-packages/airflow/example_dags/example_trigger_controller_dag.py took 0.117 seconds
[2026-06-21T20:42:41.142-0500] {processor.py:161} INFO - Started process (PID=63064) to work on /Users/naga/Desktop/airflow_env/lib/python3.12/site-packages/airflow/example_dags/example_trigger_controller_dag.py
[2026-06-21T20:42:41.143-0500] {processor.py:830} INFO - Processing file /Users/naga/Desktop/airflow_env/lib/python3.12/site-packages/airflow/example_dags/example_trigger_controller_dag.py for tasks to queue
[2026-06-21T20:42:41.143-0500] {logging_mixin.py:188} INFO - [2026-06-21T20:42:41.143-0500] {dagbag.py:545} INFO - Filling up the DagBag from /Users/naga/Desktop/airflow_env/lib/python3.12/site-packages/airflow/example_dags/example_trigger_controller_dag.py
[2026-06-21T20:42:41.152-0500] {processor.py:840} INFO - DAG(s) 'example_trigger_controller_dag' retrieved from /Users/naga/Desktop/airflow_env/lib/python3.12/site-packages/airflow/example_dags/example_trigger_controller_dag.py
[2026-06-21T20:42:41.221-0500] {logging_mixin.py:188} INFO - [2026-06-21T20:42:41.221-0500] {dag.py:3089} INFO - Sync 1 DAGs
[2026-06-21T20:42:41.234-0500] {logging_mixin.py:188} INFO - [2026-06-21T20:42:41.233-0500] {dag.py:3947} INFO - Setting next_dagrun for example_trigger_controller_dag to 2021-01-01 00:00:00+00:00, run_after=2021-01-01 00:00:00+00:00
[2026-06-21T20:42:41.247-0500] {processor.py:183} INFO - Processing /Users/naga/Desktop/airflow_env/lib/python3.12/site-packages/airflow/example_dags/example_trigger_controller_dag.py took 0.107 seconds
[2026-06-21T20:44:06.224-0500] {processor.py:161} INFO - Started process (PID=63179) to work on /Users/naga/Desktop/airflow_env/lib/python3.12/site-packages/airflow/example_dags/example_trigger_controller_dag.py
[2026-06-21T20:44:06.226-0500] {processor.py:830} INFO - Processing file /Users/naga/Desktop/airflow_env/lib/python3.12/site-packages/airflow/example_dags/example_trigger_controller_dag.py for tasks to queue
[2026-06-21T20:44:06.226-0500] {logging_mixin.py:188} INFO - [2026-06-21T20:44:06.226-0500] {dagbag.py:545} INFO - Filling up the DagBag from /Users/naga/Desktop/airflow_env/lib/python3.12/site-packages/airflow/example_dags/example_trigger_controller_dag.py
[2026-06-21T20:44:06.235-0500] {processor.py:840} INFO - DAG(s) 'example_trigger_controller_dag' retrieved from /Users/naga/Desktop/airflow_env/lib/python3.12/site-packages/airflow/example_dags/example_trigger_controller_dag.py
[2026-06-21T20:44:06.304-0500] {logging_mixin.py:188} INFO - [2026-06-21T20:44:06.303-0500] {dag.py:3089} INFO - Sync 1 DAGs
[2026-06-21T20:44:06.317-0500] {logging_mixin.py:188} INFO - [2026-06-21T20:44:06.317-0500] {dag.py:3947} INFO - Setting next_dagrun for example_trigger_controller_dag to 2021-01-01 00:00:00+00:00, run_after=2021-01-01 00:00:00+00:00
[2026-06-21T20:44:06.331-0500] {processor.py:183} INFO - Processing /Users/naga/Desktop/airflow_env/lib/python3.12/site-packages/airflow/example_dags/example_trigger_controller_dag.py took 0.109 seconds
[2026-06-21T20:45:32.833-0500] {processor.py:161} INFO - Started process (PID=63255) to work on /Users/naga/Desktop/airflow_env/lib/python3.12/site-packages/airflow/example_dags/example_trigger_controller_dag.py
[2026-06-21T20:45:32.834-0500] {processor.py:830} INFO - Processing file /Users/naga/Desktop/airflow_env/lib/python3.12/site-packages/airflow/example_dags/example_trigger_controller_dag.py for tasks to queue
[2026-06-21T20:45:32.835-0500] {logging_mixin.py:188} INFO - [2026-06-21T20:45:32.835-0500] {dagbag.py:545} INFO - Filling up the DagBag from /Users/naga/Desktop/airflow_env/lib/python3.12/site-packages/airflow/example_dags/example_trigger_controller_dag.py
[2026-06-21T20:45:32.843-0500] {processor.py:840} INFO - DAG(s) 'example_trigger_controller_dag' retrieved from /Users/naga/Desktop/airflow_env/lib/python3.12/site-packages/airflow/example_dags/example_trigger_controller_dag.py
[2026-06-21T20:45:32.913-0500] {logging_mixin.py:188} INFO - [2026-06-21T20:45:32.913-0500] {dag.py:3089} INFO - Sync 1 DAGs
[2026-06-21T20:45:32.926-0500] {logging_mixin.py:188} INFO - [2026-06-21T20:45:32.925-0500] {dag.py:3947} INFO - Setting next_dagrun for example_trigger_controller_dag to 2021-01-01 00:00:00+00:00, run_after=2021-01-01 00:00:00+00:00
[2026-06-21T20:45:32.939-0500] {processor.py:183} INFO - Processing /Users/naga/Desktop/airflow_env/lib/python3.12/site-packages/airflow/example_dags/example_trigger_controller_dag.py took 0.108 seconds
[2026-06-21T20:46:57.161-0500] {processor.py:161} INFO - Started process (PID=63342) to work on /Users/naga/Desktop/airflow_env/lib/python3.12/site-packages/airflow/example_dags/example_trigger_controller_dag.py
[2026-06-21T20:46:57.162-0500] {processor.py:830} INFO - Processing file /Users/naga/Desktop/airflow_env/lib/python3.12/site-packages/airflow/example_dags/example_trigger_controller_dag.py for tasks to queue
[2026-06-21T20:46:57.163-0500] {logging_mixin.py:188} INFO - [2026-06-21T20:46:57.162-0500] {dagbag.py:545} INFO - Filling up the DagBag from /Users/naga/Desktop/airflow_env/lib/python3.12/site-packages/airflow/example_dags/example_trigger_controller_dag.py
[2026-06-21T20:46:57.171-0500] {processor.py:840} INFO - DAG(s) 'example_trigger_controller_dag' retrieved from /Users/naga/Desktop/airflow_env/lib/python3.12/site-packages/airflow/example_dags/example_trigger_controller_dag.py
[2026-06-21T20:46:57.241-0500] {logging_mixin.py:188} INFO - [2026-06-21T20:46:57.240-0500] {dag.py:3089} INFO - Sync 1 DAGs
[2026-06-21T20:46:57.254-0500] {logging_mixin.py:188} INFO - [2026-06-21T20:46:57.253-0500] {dag.py:3947} INFO - Setting next_dagrun for example_trigger_controller_dag to 2021-01-01 00:00:00+00:00, run_after=2021-01-01 00:00:00+00:00
[2026-06-21T20:46:57.267-0500] {processor.py:183} INFO - Processing /Users/naga/Desktop/airflow_env/lib/python3.12/site-packages/airflow/example_dags/example_trigger_controller_dag.py took 0.108 seconds
[2026-06-21T20:48:22.143-0500] {processor.py:161} INFO - Started process (PID=63388) to work on /Users/naga/Desktop/airflow_env/lib/python3.12/site-packages/airflow/example_dags/example_trigger_controller_dag.py
[2026-06-21T20:48:22.144-0500] {processor.py:830} INFO - Processing file /Users/naga/Desktop/airflow_env/lib/python3.12/site-packages/airflow/example_dags/example_trigger_controller_dag.py for tasks to queue
[2026-06-21T20:48:22.144-0500] {logging_mixin.py:188} INFO - [2026-06-21T20:48:22.144-0500] {dagbag.py:545} INFO - Filling up the DagBag from /Users/naga/Desktop/airflow_env/lib/python3.12/site-packages/airflow/example_dags/example_trigger_controller_dag.py
[2026-06-21T20:48:22.153-0500] {processor.py:840} INFO - DAG(s) 'example_trigger_controller_dag' retrieved from /Users/naga/Desktop/airflow_env/lib/python3.12/site-packages/airflow/example_dags/example_trigger_controller_dag.py
[2026-06-21T20:48:22.222-0500] {logging_mixin.py:188} INFO - [2026-06-21T20:48:22.221-0500] {dag.py:3089} INFO - Sync 1 DAGs
[2026-06-21T20:48:22.235-0500] {logging_mixin.py:188} INFO - [2026-06-21T20:48:22.235-0500] {dag.py:3947} INFO - Setting next_dagrun for example_trigger_controller_dag to 2021-01-01 00:00:00+00:00, run_after=2021-01-01 00:00:00+00:00
[2026-06-21T20:48:22.248-0500] {processor.py:183} INFO - Processing /Users/naga/Desktop/airflow_env/lib/python3.12/site-packages/airflow/example_dags/example_trigger_controller_dag.py took 0.108 seconds
[2026-06-21T20:49:46.924-0500] {processor.py:161} INFO - Started process (PID=63458) to work on /Users/naga/Desktop/airflow_env/lib/python3.12/site-packages/airflow/example_dags/example_trigger_controller_dag.py
[2026-06-21T20:49:46.926-0500] {processor.py:830} INFO - Processing file /Users/naga/Desktop/airflow_env/lib/python3.12/site-packages/airflow/example_dags/example_trigger_controller_dag.py for tasks to queue
[2026-06-21T20:49:46.926-0500] {logging_mixin.py:188} INFO - [2026-06-21T20:49:46.926-0500] {dagbag.py:545} INFO - Filling up the DagBag from /Users/naga/Desktop/airflow_env/lib/python3.12/site-packages/airflow/example_dags/example_trigger_controller_dag.py
[2026-06-21T20:49:46.935-0500] {processor.py:840} INFO - DAG(s) 'example_trigger_controller_dag' retrieved from /Users/naga/Desktop/airflow_env/lib/python3.12/site-packages/airflow/example_dags/example_trigger_controller_dag.py
[2026-06-21T20:49:47.003-0500] {logging_mixin.py:188} INFO - [2026-06-21T20:49:47.003-0500] {dag.py:3089} INFO - Sync 1 DAGs
[2026-06-21T20:49:47.016-0500] {logging_mixin.py:188} INFO - [2026-06-21T20:49:47.016-0500] {dag.py:3947} INFO - Setting next_dagrun for example_trigger_controller_dag to 2021-01-01 00:00:00+00:00, run_after=2021-01-01 00:00:00+00:00
[2026-06-21T20:49:47.029-0500] {processor.py:183} INFO - Processing /Users/naga/Desktop/airflow_env/lib/python3.12/site-packages/airflow/example_dags/example_trigger_controller_dag.py took 0.107 seconds
[2026-06-21T20:51:14.977-0500] {processor.py:161} INFO - Started process (PID=63530) to work on /Users/naga/Desktop/airflow_env/lib/python3.12/site-packages/airflow/example_dags/example_trigger_controller_dag.py
[2026-06-21T20:51:14.979-0500] {processor.py:830} INFO - Processing file /Users/naga/Desktop/airflow_env/lib/python3.12/site-packages/airflow/example_dags/example_trigger_controller_dag.py for tasks to queue
[2026-06-21T20:51:14.979-0500] {logging_mixin.py:188} INFO - [2026-06-21T20:51:14.979-0500] {dagbag.py:545} INFO - Filling up the DagBag from /Users/naga/Desktop/airflow_env/lib/python3.12/site-packages/airflow/example_dags/example_trigger_controller_dag.py
[2026-06-21T20:51:14.988-0500] {processor.py:840} INFO - DAG(s) 'example_trigger_controller_dag' retrieved from /Users/naga/Desktop/airflow_env/lib/python3.12/site-packages/airflow/example_dags/example_trigger_controller_dag.py
[2026-06-21T20:51:15.056-0500] {logging_mixin.py:188} INFO - [2026-06-21T20:51:15.056-0500] {dag.py:3089} INFO - Sync 1 DAGs
[2026-06-21T20:51:15.069-0500] {logging_mixin.py:188} INFO - [2026-06-21T20:51:15.069-0500] {dag.py:3947} INFO - Setting next_dagrun for example_trigger_controller_dag to 2021-01-01 00:00:00+00:00, run_after=2021-01-01 00:00:00+00:00
[2026-06-21T20:51:15.082-0500] {processor.py:183} INFO - Processing /Users/naga/Desktop/airflow_env/lib/python3.12/site-packages/airflow/example_dags/example_trigger_controller_dag.py took 0.107 seconds
[2026-06-21T20:52:44.616-0500] {processor.py:161} INFO - Started process (PID=63604) to work on /Users/naga/Desktop/airflow_env/lib/python3.12/site-packages/airflow/example_dags/example_trigger_controller_dag.py
[2026-06-21T20:52:44.618-0500] {processor.py:830} INFO - Processing file /Users/naga/Desktop/airflow_env/lib/python3.12/site-packages/airflow/example_dags/example_trigger_controller_dag.py for tasks to queue
[2026-06-21T20:52:44.618-0500] {logging_mixin.py:188} INFO - [2026-06-21T20:52:44.618-0500] {dagbag.py:545} INFO - Filling up the DagBag from /Users/naga/Desktop/airflow_env/lib/python3.12/site-packages/airflow/example_dags/example_trigger_controller_dag.py
[2026-06-21T20:52:44.627-0500] {processor.py:840} INFO - DAG(s) 'example_trigger_controller_dag' retrieved from /Users/naga/Desktop/airflow_env/lib/python3.12/site-packages/airflow/example_dags/example_trigger_controller_dag.py
[2026-06-21T20:52:44.696-0500] {logging_mixin.py:188} INFO - [2026-06-21T20:52:44.696-0500] {dag.py:3089} INFO - Sync 1 DAGs
[2026-06-21T20:52:44.709-0500] {logging_mixin.py:188} INFO - [2026-06-21T20:52:44.708-0500] {dag.py:3947} INFO - Setting next_dagrun for example_trigger_controller_dag to 2021-01-01 00:00:00+00:00, run_after=2021-01-01 00:00:00+00:00
[2026-06-21T20:52:44.722-0500] {processor.py:183} INFO - Processing /Users/naga/Desktop/airflow_env/lib/python3.12/site-packages/airflow/example_dags/example_trigger_controller_dag.py took 0.108 seconds
[2026-06-21T20:54:11.875-0500] {processor.py:161} INFO - Started process (PID=63675) to work on /Users/naga/Desktop/airflow_env/lib/python3.12/site-packages/airflow/example_dags/example_trigger_controller_dag.py
[2026-06-21T20:54:11.876-0500] {processor.py:830} INFO - Processing file /Users/naga/Desktop/airflow_env/lib/python3.12/site-packages/airflow/example_dags/example_trigger_controller_dag.py for tasks to queue
[2026-06-21T20:54:11.877-0500] {logging_mixin.py:188} INFO - [2026-06-21T20:54:11.877-0500] {dagbag.py:545} INFO - Filling up the DagBag from /Users/naga/Desktop/airflow_env/lib/python3.12/site-packages/airflow/example_dags/example_trigger_controller_dag.py
[2026-06-21T20:54:11.886-0500] {processor.py:840} INFO - DAG(s) 'example_trigger_controller_dag' retrieved from /Users/naga/Desktop/airflow_env/lib/python3.12/site-packages/airflow/example_dags/example_trigger_controller_dag.py
[2026-06-21T20:54:11.957-0500] {logging_mixin.py:188} INFO - [2026-06-21T20:54:11.957-0500] {dag.py:3089} INFO - Sync 1 DAGs
[2026-06-21T20:54:11.971-0500] {logging_mixin.py:188} INFO - [2026-06-21T20:54:11.970-0500] {dag.py:3947} INFO - Setting next_dagrun for example_trigger_controller_dag to 2021-01-01 00:00:00+00:00, run_after=2021-01-01 00:00:00+00:00
[2026-06-21T20:54:11.984-0500] {processor.py:183} INFO - Processing /Users/naga/Desktop/airflow_env/lib/python3.12/site-packages/airflow/example_dags/example_trigger_controller_dag.py took 0.111 seconds
[2026-06-21T20:55:42.158-0500] {processor.py:161} INFO - Started process (PID=63836) to work on /Users/naga/Desktop/airflow_env/lib/python3.12/site-packages/airflow/example_dags/example_trigger_controller_dag.py
[2026-06-21T20:55:42.159-0500] {processor.py:830} INFO - Processing file /Users/naga/Desktop/airflow_env/lib/python3.12/site-packages/airflow/example_dags/example_trigger_controller_dag.py for tasks to queue
[2026-06-21T20:55:42.160-0500] {logging_mixin.py:188} INFO - [2026-06-21T20:55:42.160-0500] {dagbag.py:545} INFO - Filling up the DagBag from /Users/naga/Desktop/airflow_env/lib/python3.12/site-packages/airflow/example_dags/example_trigger_controller_dag.py
[2026-06-21T20:55:42.168-0500] {processor.py:840} INFO - DAG(s) 'example_trigger_controller_dag' retrieved from /Users/naga/Desktop/airflow_env/lib/python3.12/site-packages/airflow/example_dags/example_trigger_controller_dag.py
[2026-06-21T20:55:42.258-0500] {logging_mixin.py:188} INFO - [2026-06-21T20:55:42.258-0500] {dag.py:3089} INFO - Sync 1 DAGs
[2026-06-21T20:55:42.275-0500] {logging_mixin.py:188} INFO - [2026-06-21T20:55:42.274-0500] {dag.py:3947} INFO - Setting next_dagrun for example_trigger_controller_dag to 2021-01-01 00:00:00+00:00, run_after=2021-01-01 00:00:00+00:00
[2026-06-21T20:55:42.298-0500] {processor.py:183} INFO - Processing /Users/naga/Desktop/airflow_env/lib/python3.12/site-packages/airflow/example_dags/example_trigger_controller_dag.py took 0.142 seconds
[2026-06-21T20:57:10.519-0500] {processor.py:161} INFO - Started process (PID=63924) to work on /Users/naga/Desktop/airflow_env/lib/python3.12/site-packages/airflow/example_dags/example_trigger_controller_dag.py
[2026-06-21T20:57:10.520-0500] {processor.py:830} INFO - Processing file /Users/naga/Desktop/airflow_env/lib/python3.12/site-packages/airflow/example_dags/example_trigger_controller_dag.py for tasks to queue
[2026-06-21T20:57:10.520-0500] {logging_mixin.py:188} INFO - [2026-06-21T20:57:10.520-0500] {dagbag.py:545} INFO - Filling up the DagBag from /Users/naga/Desktop/airflow_env/lib/python3.12/site-packages/airflow/example_dags/example_trigger_controller_dag.py
[2026-06-21T20:57:10.529-0500] {processor.py:840} INFO - DAG(s) 'example_trigger_controller_dag' retrieved from /Users/naga/Desktop/airflow_env/lib/python3.12/site-packages/airflow/example_dags/example_trigger_controller_dag.py
[2026-06-21T20:57:10.599-0500] {logging_mixin.py:188} INFO - [2026-06-21T20:57:10.598-0500] {dag.py:3089} INFO - Sync 1 DAGs
[2026-06-21T20:57:10.612-0500] {logging_mixin.py:188} INFO - [2026-06-21T20:57:10.612-0500] {dag.py:3947} INFO - Setting next_dagrun for example_trigger_controller_dag to 2021-01-01 00:00:00+00:00, run_after=2021-01-01 00:00:00+00:00
[2026-06-21T20:57:10.626-0500] {processor.py:183} INFO - Processing /Users/naga/Desktop/airflow_env/lib/python3.12/site-packages/airflow/example_dags/example_trigger_controller_dag.py took 0.110 seconds
[2026-06-21T20:58:37.647-0500] {processor.py:161} INFO - Started process (PID=63988) to work on /Users/naga/Desktop/airflow_env/lib/python3.12/site-packages/airflow/example_dags/example_trigger_controller_dag.py
[2026-06-21T20:58:37.648-0500] {processor.py:830} INFO - Processing file /Users/naga/Desktop/airflow_env/lib/python3.12/site-packages/airflow/example_dags/example_trigger_controller_dag.py for tasks to queue
[2026-06-21T20:58:37.649-0500] {logging_mixin.py:188} INFO - [2026-06-21T20:58:37.648-0500] {dagbag.py:545} INFO - Filling up the DagBag from /Users/naga/Desktop/airflow_env/lib/python3.12/site-packages/airflow/example_dags/example_trigger_controller_dag.py
[2026-06-21T20:58:37.659-0500] {processor.py:840} INFO - DAG(s) 'example_trigger_controller_dag' retrieved from /Users/naga/Desktop/airflow_env/lib/python3.12/site-packages/airflow/example_dags/example_trigger_controller_dag.py
[2026-06-21T20:58:37.734-0500] {logging_mixin.py:188} INFO - [2026-06-21T20:58:37.733-0500] {dag.py:3089} INFO - Sync 1 DAGs
[2026-06-21T20:58:37.748-0500] {logging_mixin.py:188} INFO - [2026-06-21T20:58:37.747-0500] {dag.py:3947} INFO - Setting next_dagrun for example_trigger_controller_dag to 2021-01-01 00:00:00+00:00, run_after=2021-01-01 00:00:00+00:00
[2026-06-21T20:58:37.762-0500] {processor.py:183} INFO - Processing /Users/naga/Desktop/airflow_env/lib/python3.12/site-packages/airflow/example_dags/example_trigger_controller_dag.py took 0.117 seconds
[2026-06-21T21:42:17.330-0500] {processor.py:161} INFO - Started process (PID=64214) to work on /Users/naga/Desktop/airflow_env/lib/python3.12/site-packages/airflow/example_dags/example_trigger_controller_dag.py
[2026-06-21T21:42:17.332-0500] {processor.py:830} INFO - Processing file /Users/naga/Desktop/airflow_env/lib/python3.12/site-packages/airflow/example_dags/example_trigger_controller_dag.py for tasks to queue
[2026-06-21T21:42:17.332-0500] {logging_mixin.py:188} INFO - [2026-06-21T21:42:17.332-0500] {dagbag.py:545} INFO - Filling up the DagBag from /Users/naga/Desktop/airflow_env/lib/python3.12/site-packages/airflow/example_dags/example_trigger_controller_dag.py
[2026-06-21T21:42:17.342-0500] {processor.py:840} INFO - DAG(s) 'example_trigger_controller_dag' retrieved from /Users/naga/Desktop/airflow_env/lib/python3.12/site-packages/airflow/example_dags/example_trigger_controller_dag.py
[2026-06-21T21:42:17.417-0500] {logging_mixin.py:188} INFO - [2026-06-21T21:42:17.416-0500] {dag.py:3089} INFO - Sync 1 DAGs
[2026-06-21T21:42:17.431-0500] {logging_mixin.py:188} INFO - [2026-06-21T21:42:17.430-0500] {dag.py:3947} INFO - Setting next_dagrun for example_trigger_controller_dag to 2021-01-01 00:00:00+00:00, run_after=2021-01-01 00:00:00+00:00
[2026-06-21T21:42:17.444-0500] {processor.py:183} INFO - Processing /Users/naga/Desktop/airflow_env/lib/python3.12/site-packages/airflow/example_dags/example_trigger_controller_dag.py took 0.116 seconds
[2026-06-21T21:44:01.092-0500] {processor.py:161} INFO - Started process (PID=64307) to work on /Users/naga/Desktop/airflow_env/lib/python3.12/site-packages/airflow/example_dags/example_trigger_controller_dag.py
[2026-06-21T21:44:01.093-0500] {processor.py:830} INFO - Processing file /Users/naga/Desktop/airflow_env/lib/python3.12/site-packages/airflow/example_dags/example_trigger_controller_dag.py for tasks to queue
[2026-06-21T21:44:01.093-0500] {logging_mixin.py:188} INFO - [2026-06-21T21:44:01.093-0500] {dagbag.py:545} INFO - Filling up the DagBag from /Users/naga/Desktop/airflow_env/lib/python3.12/site-packages/airflow/example_dags/example_trigger_controller_dag.py
[2026-06-21T21:44:01.102-0500] {processor.py:840} INFO - DAG(s) 'example_trigger_controller_dag' retrieved from /Users/naga/Desktop/airflow_env/lib/python3.12/site-packages/airflow/example_dags/example_trigger_controller_dag.py
[2026-06-21T21:44:01.174-0500] {logging_mixin.py:188} INFO - [2026-06-21T21:44:01.173-0500] {dag.py:3089} INFO - Sync 1 DAGs
[2026-06-21T21:44:01.188-0500] {logging_mixin.py:188} INFO - [2026-06-21T21:44:01.187-0500] {dag.py:3947} INFO - Setting next_dagrun for example_trigger_controller_dag to 2021-01-01 00:00:00+00:00, run_after=2021-01-01 00:00:00+00:00
[2026-06-21T21:44:01.201-0500] {processor.py:183} INFO - Processing /Users/naga/Desktop/airflow_env/lib/python3.12/site-packages/airflow/example_dags/example_trigger_controller_dag.py took 0.112 seconds
[2026-06-21T21:45:34.550-0500] {processor.py:161} INFO - Started process (PID=64397) to work on /Users/naga/Desktop/airflow_env/lib/python3.12/site-packages/airflow/example_dags/example_trigger_controller_dag.py
[2026-06-21T21:45:34.551-0500] {processor.py:830} INFO - Processing file /Users/naga/Desktop/airflow_env/lib/python3.12/site-packages/airflow/example_dags/example_trigger_controller_dag.py for tasks to queue
[2026-06-21T21:45:34.552-0500] {logging_mixin.py:188} INFO - [2026-06-21T21:45:34.552-0500] {dagbag.py:545} INFO - Filling up the DagBag from /Users/naga/Desktop/airflow_env/lib/python3.12/site-packages/airflow/example_dags/example_trigger_controller_dag.py
[2026-06-21T21:45:34.561-0500] {processor.py:840} INFO - DAG(s) 'example_trigger_controller_dag' retrieved from /Users/naga/Desktop/airflow_env/lib/python3.12/site-packages/airflow/example_dags/example_trigger_controller_dag.py
[2026-06-21T21:45:34.636-0500] {logging_mixin.py:188} INFO - [2026-06-21T21:45:34.636-0500] {dag.py:3089} INFO - Sync 1 DAGs
[2026-06-21T21:45:34.650-0500] {logging_mixin.py:188} INFO - [2026-06-21T21:45:34.649-0500] {dag.py:3947} INFO - Setting next_dagrun for example_trigger_controller_dag to 2021-01-01 00:00:00+00:00, run_after=2021-01-01 00:00:00+00:00
[2026-06-21T21:45:34.663-0500] {processor.py:183} INFO - Processing /Users/naga/Desktop/airflow_env/lib/python3.12/site-packages/airflow/example_dags/example_trigger_controller_dag.py took 0.115 seconds
[2026-06-21T21:47:42.444-0500] {processor.py:161} INFO - Started process (PID=64663) to work on /Users/naga/Desktop/airflow_env/lib/python3.12/site-packages/airflow/example_dags/example_trigger_controller_dag.py
[2026-06-21T21:47:42.445-0500] {processor.py:830} INFO - Processing file /Users/naga/Desktop/airflow_env/lib/python3.12/site-packages/airflow/example_dags/example_trigger_controller_dag.py for tasks to queue
[2026-06-21T21:47:42.446-0500] {logging_mixin.py:188} INFO - [2026-06-21T21:47:42.446-0500] {dagbag.py:545} INFO - Filling up the DagBag from /Users/naga/Desktop/airflow_env/lib/python3.12/site-packages/airflow/example_dags/example_trigger_controller_dag.py
[2026-06-21T21:47:42.456-0500] {processor.py:840} INFO - DAG(s) 'example_trigger_controller_dag' retrieved from /Users/naga/Desktop/airflow_env/lib/python3.12/site-packages/airflow/example_dags/example_trigger_controller_dag.py
[2026-06-21T21:47:42.525-0500] {logging_mixin.py:188} INFO - [2026-06-21T21:47:42.524-0500] {dag.py:3089} INFO - Sync 1 DAGs
[2026-06-21T21:47:42.537-0500] {logging_mixin.py:188} INFO - [2026-06-21T21:47:42.537-0500] {dag.py:3947} INFO - Setting next_dagrun for example_trigger_controller_dag to 2021-01-01 00:00:00+00:00, run_after=2021-01-01 00:00:00+00:00
[2026-06-21T21:47:42.550-0500] {processor.py:183} INFO - Processing /Users/naga/Desktop/airflow_env/lib/python3.12/site-packages/airflow/example_dags/example_trigger_controller_dag.py took 0.108 seconds
[2026-06-21T21:49:16.559-0500] {processor.py:161} INFO - Started process (PID=64731) to work on /Users/naga/Desktop/airflow_env/lib/python3.12/site-packages/airflow/example_dags/example_trigger_controller_dag.py
[2026-06-21T21:49:16.560-0500] {processor.py:830} INFO - Processing file /Users/naga/Desktop/airflow_env/lib/python3.12/site-packages/airflow/example_dags/example_trigger_controller_dag.py for tasks to queue
[2026-06-21T21:49:16.561-0500] {logging_mixin.py:188} INFO - [2026-06-21T21:49:16.560-0500] {dagbag.py:545} INFO - Filling up the DagBag from /Users/naga/Desktop/airflow_env/lib/python3.12/site-packages/airflow/example_dags/example_trigger_controller_dag.py
[2026-06-21T21:49:16.570-0500] {processor.py:840} INFO - DAG(s) 'example_trigger_controller_dag' retrieved from /Users/naga/Desktop/airflow_env/lib/python3.12/site-packages/airflow/example_dags/example_trigger_controller_dag.py
[2026-06-21T21:49:16.638-0500] {logging_mixin.py:188} INFO - [2026-06-21T21:49:16.638-0500] {dag.py:3089} INFO - Sync 1 DAGs
[2026-06-21T21:49:16.651-0500] {logging_mixin.py:188} INFO - [2026-06-21T21:49:16.650-0500] {dag.py:3947} INFO - Setting next_dagrun for example_trigger_controller_dag to 2021-01-01 00:00:00+00:00, run_after=2021-01-01 00:00:00+00:00
[2026-06-21T21:49:16.665-0500] {processor.py:183} INFO - Processing /Users/naga/Desktop/airflow_env/lib/python3.12/site-packages/airflow/example_dags/example_trigger_controller_dag.py took 0.108 seconds
[2026-06-21T21:51:18.467-0500] {processor.py:161} INFO - Started process (PID=64827) to work on /Users/naga/Desktop/airflow_env/lib/python3.12/site-packages/airflow/example_dags/example_trigger_controller_dag.py
[2026-06-21T21:51:18.468-0500] {processor.py:830} INFO - Processing file /Users/naga/Desktop/airflow_env/lib/python3.12/site-packages/airflow/example_dags/example_trigger_controller_dag.py for tasks to queue
[2026-06-21T21:51:18.469-0500] {logging_mixin.py:188} INFO - [2026-06-21T21:51:18.469-0500] {dagbag.py:545} INFO - Filling up the DagBag from /Users/naga/Desktop/airflow_env/lib/python3.12/site-packages/airflow/example_dags/example_trigger_controller_dag.py
[2026-06-21T21:51:18.479-0500] {processor.py:840} INFO - DAG(s) 'example_trigger_controller_dag' retrieved from /Users/naga/Desktop/airflow_env/lib/python3.12/site-packages/airflow/example_dags/example_trigger_controller_dag.py
[2026-06-21T21:51:18.547-0500] {logging_mixin.py:188} INFO - [2026-06-21T21:51:18.546-0500] {dag.py:3089} INFO - Sync 1 DAGs
[2026-06-21T21:51:18.560-0500] {logging_mixin.py:188} INFO - [2026-06-21T21:51:18.559-0500] {dag.py:3947} INFO - Setting next_dagrun for example_trigger_controller_dag to 2021-01-01 00:00:00+00:00, run_after=2021-01-01 00:00:00+00:00
[2026-06-21T21:51:18.572-0500] {processor.py:183} INFO - Processing /Users/naga/Desktop/airflow_env/lib/python3.12/site-packages/airflow/example_dags/example_trigger_controller_dag.py took 0.108 seconds
[2026-06-21T21:53:26.863-0500] {processor.py:161} INFO - Started process (PID=64967) to work on /Users/naga/Desktop/airflow_env/lib/python3.12/site-packages/airflow/example_dags/example_trigger_controller_dag.py
[2026-06-21T21:53:26.864-0500] {processor.py:830} INFO - Processing file /Users/naga/Desktop/airflow_env/lib/python3.12/site-packages/airflow/example_dags/example_trigger_controller_dag.py for tasks to queue
[2026-06-21T21:53:26.864-0500] {logging_mixin.py:188} INFO - [2026-06-21T21:53:26.864-0500] {dagbag.py:545} INFO - Filling up the DagBag from /Users/naga/Desktop/airflow_env/lib/python3.12/site-packages/airflow/example_dags/example_trigger_controller_dag.py
[2026-06-21T21:53:26.874-0500] {processor.py:840} INFO - DAG(s) 'example_trigger_controller_dag' retrieved from /Users/naga/Desktop/airflow_env/lib/python3.12/site-packages/airflow/example_dags/example_trigger_controller_dag.py
[2026-06-21T21:53:26.943-0500] {logging_mixin.py:188} INFO - [2026-06-21T21:53:26.942-0500] {dag.py:3089} INFO - Sync 1 DAGs
[2026-06-21T21:53:26.956-0500] {logging_mixin.py:188} INFO - [2026-06-21T21:53:26.955-0500] {dag.py:3947} INFO - Setting next_dagrun for example_trigger_controller_dag to 2021-01-01 00:00:00+00:00, run_after=2021-01-01 00:00:00+00:00
[2026-06-21T21:53:26.970-0500] {processor.py:183} INFO - Processing /Users/naga/Desktop/airflow_env/lib/python3.12/site-packages/airflow/example_dags/example_trigger_controller_dag.py took 0.110 seconds
[2026-06-21T21:55:19.693-0500] {processor.py:161} INFO - Started process (PID=65323) to work on /Users/naga/Desktop/airflow_env/lib/python3.12/site-packages/airflow/example_dags/example_trigger_controller_dag.py
[2026-06-21T21:55:19.694-0500] {processor.py:830} INFO - Processing file /Users/naga/Desktop/airflow_env/lib/python3.12/site-packages/airflow/example_dags/example_trigger_controller_dag.py for tasks to queue
[2026-06-21T21:55:19.694-0500] {logging_mixin.py:188} INFO - [2026-06-21T21:55:19.694-0500] {dagbag.py:545} INFO - Filling up the DagBag from /Users/naga/Desktop/airflow_env/lib/python3.12/site-packages/airflow/example_dags/example_trigger_controller_dag.py
[2026-06-21T21:55:19.704-0500] {processor.py:840} INFO - DAG(s) 'example_trigger_controller_dag' retrieved from /Users/naga/Desktop/airflow_env/lib/python3.12/site-packages/airflow/example_dags/example_trigger_controller_dag.py
[2026-06-21T21:55:19.812-0500] {logging_mixin.py:188} INFO - [2026-06-21T21:55:19.811-0500] {dag.py:3089} INFO - Sync 1 DAGs
[2026-06-21T21:55:19.834-0500] {logging_mixin.py:188} INFO - [2026-06-21T21:55:19.833-0500] {dag.py:3947} INFO - Setting next_dagrun for example_trigger_controller_dag to 2021-01-01 00:00:00+00:00, run_after=2021-01-01 00:00:00+00:00
[2026-06-21T21:55:19.852-0500] {processor.py:183} INFO - Processing /Users/naga/Desktop/airflow_env/lib/python3.12/site-packages/airflow/example_dags/example_trigger_controller_dag.py took 0.162 seconds
[2026-06-21T21:56:53.428-0500] {processor.py:161} INFO - Started process (PID=65496) to work on /Users/naga/Desktop/airflow_env/lib/python3.12/site-packages/airflow/example_dags/example_trigger_controller_dag.py
[2026-06-21T21:56:53.429-0500] {processor.py:830} INFO - Processing file /Users/naga/Desktop/airflow_env/lib/python3.12/site-packages/airflow/example_dags/example_trigger_controller_dag.py for tasks to queue
[2026-06-21T21:56:53.430-0500] {logging_mixin.py:188} INFO - [2026-06-21T21:56:53.430-0500] {dagbag.py:545} INFO - Filling up the DagBag from /Users/naga/Desktop/airflow_env/lib/python3.12/site-packages/airflow/example_dags/example_trigger_controller_dag.py
[2026-06-21T21:56:53.439-0500] {processor.py:840} INFO - DAG(s) 'example_trigger_controller_dag' retrieved from /Users/naga/Desktop/airflow_env/lib/python3.12/site-packages/airflow/example_dags/example_trigger_controller_dag.py
[2026-06-21T21:56:53.508-0500] {logging_mixin.py:188} INFO - [2026-06-21T21:56:53.508-0500] {dag.py:3089} INFO - Sync 1 DAGs
[2026-06-21T21:56:53.522-0500] {logging_mixin.py:188} INFO - [2026-06-21T21:56:53.521-0500] {dag.py:3947} INFO - Setting next_dagrun for example_trigger_controller_dag to 2021-01-01 00:00:00+00:00, run_after=2021-01-01 00:00:00+00:00
[2026-06-21T21:56:53.534-0500] {processor.py:183} INFO - Processing /Users/naga/Desktop/airflow_env/lib/python3.12/site-packages/airflow/example_dags/example_trigger_controller_dag.py took 0.108 seconds
