[2026-06-21T19:48:00.861-0500] {processor.py:161} INFO - Started process (PID=61544) to work on /Users/naga/Desktop/airflow_env/lib/python3.12/site-packages/airflow/example_dags/example_branch_datetime_operator.py
[2026-06-21T19:48:00.862-0500] {processor.py:830} INFO - Processing file /Users/naga/Desktop/airflow_env/lib/python3.12/site-packages/airflow/example_dags/example_branch_datetime_operator.py for tasks to queue
[2026-06-21T19:48:00.862-0500] {logging_mixin.py:188} INFO - [2026-06-21T19:48:00.862-0500] {dagbag.py:545} INFO - Filling up the DagBag from /Users/naga/Desktop/airflow_env/lib/python3.12/site-packages/airflow/example_dags/example_branch_datetime_operator.py
[2026-06-21T19:48:00.873-0500] {processor.py:840} INFO - DAG(s) 'example_branch_datetime_operator', 'example_branch_datetime_operator_2', 'example_branch_datetime_operator_3' retrieved from /Users/naga/Desktop/airflow_env/lib/python3.12/site-packages/airflow/example_dags/example_branch_datetime_operator.py
[2026-06-21T19:48:00.951-0500] {logging_mixin.py:188} INFO - [2026-06-21T19:48:00.951-0500] {dag.py:3089} INFO - Sync 3 DAGs
[2026-06-21T19:48:00.966-0500] {logging_mixin.py:188} INFO - [2026-06-21T19:48:00.966-0500] {dag.py:3947} INFO - Setting next_dagrun for example_branch_datetime_operator to 2026-06-21 00:00:00+00:00, run_after=2026-06-22 00:00:00+00:00
[2026-06-21T19:48:00.969-0500] {logging_mixin.py:188} INFO - [2026-06-21T19:48:00.969-0500] {dag.py:3947} INFO - Setting next_dagrun for example_branch_datetime_operator_2 to 2026-06-21 00:00:00+00:00, run_after=2026-06-22 00:00:00+00:00
[2026-06-21T19:48:00.970-0500] {logging_mixin.py:188} INFO - [2026-06-21T19:48:00.970-0500] {dag.py:3947} INFO - Setting next_dagrun for example_branch_datetime_operator_3 to 2026-06-21 00:00:00+00:00, run_after=2026-06-22 00:00:00+00:00
[2026-06-21T19:48:00.982-0500] {processor.py:183} INFO - Processing /Users/naga/Desktop/airflow_env/lib/python3.12/site-packages/airflow/example_dags/example_branch_datetime_operator.py took 0.123 seconds
[2026-06-21T19:51:07.984-0500] {processor.py:161} INFO - Started process (PID=61784) to work on /Users/naga/Desktop/airflow_env/lib/python3.12/site-packages/airflow/example_dags/example_branch_datetime_operator.py
[2026-06-21T19:51:07.985-0500] {processor.py:830} INFO - Processing file /Users/naga/Desktop/airflow_env/lib/python3.12/site-packages/airflow/example_dags/example_branch_datetime_operator.py for tasks to queue
[2026-06-21T19:51:07.986-0500] {logging_mixin.py:188} INFO - [2026-06-21T19:51:07.985-0500] {dagbag.py:545} INFO - Filling up the DagBag from /Users/naga/Desktop/airflow_env/lib/python3.12/site-packages/airflow/example_dags/example_branch_datetime_operator.py
[2026-06-21T19:51:07.995-0500] {processor.py:840} INFO - DAG(s) 'example_branch_datetime_operator_2', 'example_branch_datetime_operator_3', 'example_branch_datetime_operator' retrieved from /Users/naga/Desktop/airflow_env/lib/python3.12/site-packages/airflow/example_dags/example_branch_datetime_operator.py
[2026-06-21T19:51:08.073-0500] {logging_mixin.py:188} INFO - [2026-06-21T19:51:08.073-0500] {dag.py:3089} INFO - Sync 3 DAGs
[2026-06-21T19:51:08.088-0500] {logging_mixin.py:188} INFO - [2026-06-21T19:51:08.087-0500] {dag.py:3947} INFO - Setting next_dagrun for example_branch_datetime_operator to 2026-06-21 00:00:00+00:00, run_after=2026-06-22 00:00:00+00:00
[2026-06-21T19:51:08.091-0500] {logging_mixin.py:188} INFO - [2026-06-21T19:51:08.091-0500] {dag.py:3947} INFO - Setting next_dagrun for example_branch_datetime_operator_2 to 2026-06-21 00:00:00+00:00, run_after=2026-06-22 00:00:00+00:00
[2026-06-21T19:51:08.092-0500] {logging_mixin.py:188} INFO - [2026-06-21T19:51:08.092-0500] {dag.py:3947} INFO - Setting next_dagrun for example_branch_datetime_operator_3 to 2026-06-21 00:00:00+00:00, run_after=2026-06-22 00:00:00+00:00
[2026-06-21T19:51:08.104-0500] {processor.py:183} INFO - Processing /Users/naga/Desktop/airflow_env/lib/python3.12/site-packages/airflow/example_dags/example_branch_datetime_operator.py took 0.123 seconds
[2026-06-21T19:53:56.267-0500] {processor.py:161} INFO - Started process (PID=61926) to work on /Users/naga/Desktop/airflow_env/lib/python3.12/site-packages/airflow/example_dags/example_branch_datetime_operator.py
[2026-06-21T19:53:56.268-0500] {processor.py:830} INFO - Processing file /Users/naga/Desktop/airflow_env/lib/python3.12/site-packages/airflow/example_dags/example_branch_datetime_operator.py for tasks to queue
[2026-06-21T19:53:56.268-0500] {logging_mixin.py:188} INFO - [2026-06-21T19:53:56.268-0500] {dagbag.py:545} INFO - Filling up the DagBag from /Users/naga/Desktop/airflow_env/lib/python3.12/site-packages/airflow/example_dags/example_branch_datetime_operator.py
[2026-06-21T19:53:56.278-0500] {processor.py:840} INFO - DAG(s) 'example_branch_datetime_operator_3', 'example_branch_datetime_operator_2', 'example_branch_datetime_operator' retrieved from /Users/naga/Desktop/airflow_env/lib/python3.12/site-packages/airflow/example_dags/example_branch_datetime_operator.py
[2026-06-21T19:53:56.356-0500] {logging_mixin.py:188} INFO - [2026-06-21T19:53:56.355-0500] {dag.py:3089} INFO - Sync 3 DAGs
[2026-06-21T19:53:56.370-0500] {logging_mixin.py:188} INFO - [2026-06-21T19:53:56.370-0500] {dag.py:3947} INFO - Setting next_dagrun for example_branch_datetime_operator to 2026-06-21 00:00:00+00:00, run_after=2026-06-22 00:00:00+00:00
[2026-06-21T19:53:56.373-0500] {logging_mixin.py:188} INFO - [2026-06-21T19:53:56.373-0500] {dag.py:3947} INFO - Setting next_dagrun for example_branch_datetime_operator_2 to 2026-06-21 00:00:00+00:00, run_after=2026-06-22 00:00:00+00:00
[2026-06-21T19:53:56.374-0500] {logging_mixin.py:188} INFO - [2026-06-21T19:53:56.374-0500] {dag.py:3947} INFO - Setting next_dagrun for example_branch_datetime_operator_3 to 2026-06-21 00:00:00+00:00, run_after=2026-06-22 00:00:00+00:00
[2026-06-21T19:53:56.386-0500] {processor.py:183} INFO - Processing /Users/naga/Desktop/airflow_env/lib/python3.12/site-packages/airflow/example_dags/example_branch_datetime_operator.py took 0.122 seconds
[2026-06-21T19:56:44.012-0500] {processor.py:161} INFO - Started process (PID=62040) to work on /Users/naga/Desktop/airflow_env/lib/python3.12/site-packages/airflow/example_dags/example_branch_datetime_operator.py
[2026-06-21T19:56:44.013-0500] {processor.py:830} INFO - Processing file /Users/naga/Desktop/airflow_env/lib/python3.12/site-packages/airflow/example_dags/example_branch_datetime_operator.py for tasks to queue
[2026-06-21T19:56:44.014-0500] {logging_mixin.py:188} INFO - [2026-06-21T19:56:44.013-0500] {dagbag.py:545} INFO - Filling up the DagBag from /Users/naga/Desktop/airflow_env/lib/python3.12/site-packages/airflow/example_dags/example_branch_datetime_operator.py
[2026-06-21T19:56:44.024-0500] {processor.py:840} INFO - DAG(s) 'example_branch_datetime_operator_2', 'example_branch_datetime_operator_3', 'example_branch_datetime_operator' retrieved from /Users/naga/Desktop/airflow_env/lib/python3.12/site-packages/airflow/example_dags/example_branch_datetime_operator.py
[2026-06-21T19:56:44.102-0500] {logging_mixin.py:188} INFO - [2026-06-21T19:56:44.102-0500] {dag.py:3089} INFO - Sync 3 DAGs
[2026-06-21T19:56:44.117-0500] {logging_mixin.py:188} INFO - [2026-06-21T19:56:44.117-0500] {dag.py:3947} INFO - Setting next_dagrun for example_branch_datetime_operator to 2026-06-21 00:00:00+00:00, run_after=2026-06-22 00:00:00+00:00
[2026-06-21T19:56:44.120-0500] {logging_mixin.py:188} INFO - [2026-06-21T19:56:44.120-0500] {dag.py:3947} INFO - Setting next_dagrun for example_branch_datetime_operator_2 to 2026-06-21 00:00:00+00:00, run_after=2026-06-22 00:00:00+00:00
[2026-06-21T19:56:44.121-0500] {logging_mixin.py:188} INFO - [2026-06-21T19:56:44.121-0500] {dag.py:3947} INFO - Setting next_dagrun for example_branch_datetime_operator_3 to 2026-06-21 00:00:00+00:00, run_after=2026-06-22 00:00:00+00:00
[2026-06-21T19:56:44.134-0500] {processor.py:183} INFO - Processing /Users/naga/Desktop/airflow_env/lib/python3.12/site-packages/airflow/example_dags/example_branch_datetime_operator.py took 0.124 seconds
[2026-06-21T19:59:41.803-0500] {processor.py:161} INFO - Started process (PID=62177) to work on /Users/naga/Desktop/airflow_env/lib/python3.12/site-packages/airflow/example_dags/example_branch_datetime_operator.py
[2026-06-21T19:59:41.805-0500] {processor.py:830} INFO - Processing file /Users/naga/Desktop/airflow_env/lib/python3.12/site-packages/airflow/example_dags/example_branch_datetime_operator.py for tasks to queue
[2026-06-21T19:59:41.805-0500] {logging_mixin.py:188} INFO - [2026-06-21T19:59:41.805-0500] {dagbag.py:545} INFO - Filling up the DagBag from /Users/naga/Desktop/airflow_env/lib/python3.12/site-packages/airflow/example_dags/example_branch_datetime_operator.py
[2026-06-21T19:59:41.816-0500] {processor.py:840} INFO - DAG(s) 'example_branch_datetime_operator', 'example_branch_datetime_operator_2', 'example_branch_datetime_operator_3' retrieved from /Users/naga/Desktop/airflow_env/lib/python3.12/site-packages/airflow/example_dags/example_branch_datetime_operator.py
[2026-06-21T19:59:41.894-0500] {logging_mixin.py:188} INFO - [2026-06-21T19:59:41.894-0500] {dag.py:3089} INFO - Sync 3 DAGs
[2026-06-21T19:59:41.909-0500] {logging_mixin.py:188} INFO - [2026-06-21T19:59:41.908-0500] {dag.py:3947} INFO - Setting next_dagrun for example_branch_datetime_operator to 2026-06-21 00:00:00+00:00, run_after=2026-06-22 00:00:00+00:00
[2026-06-21T19:59:41.912-0500] {logging_mixin.py:188} INFO - [2026-06-21T19:59:41.911-0500] {dag.py:3947} INFO - Setting next_dagrun for example_branch_datetime_operator_2 to 2026-06-21 00:00:00+00:00, run_after=2026-06-22 00:00:00+00:00
[2026-06-21T19:59:41.913-0500] {logging_mixin.py:188} INFO - [2026-06-21T19:59:41.913-0500] {dag.py:3947} INFO - Setting next_dagrun for example_branch_datetime_operator_3 to 2026-06-21 00:00:00+00:00, run_after=2026-06-22 00:00:00+00:00
[2026-06-21T19:59:41.925-0500] {processor.py:183} INFO - Processing /Users/naga/Desktop/airflow_env/lib/python3.12/site-packages/airflow/example_dags/example_branch_datetime_operator.py took 0.124 seconds
[2026-06-21T20:02:33.876-0500] {processor.py:161} INFO - Started process (PID=62318) to work on /Users/naga/Desktop/airflow_env/lib/python3.12/site-packages/airflow/example_dags/example_branch_datetime_operator.py
[2026-06-21T20:02:33.878-0500] {processor.py:830} INFO - Processing file /Users/naga/Desktop/airflow_env/lib/python3.12/site-packages/airflow/example_dags/example_branch_datetime_operator.py for tasks to queue
[2026-06-21T20:02:33.878-0500] {logging_mixin.py:188} INFO - [2026-06-21T20:02:33.878-0500] {dagbag.py:545} INFO - Filling up the DagBag from /Users/naga/Desktop/airflow_env/lib/python3.12/site-packages/airflow/example_dags/example_branch_datetime_operator.py
[2026-06-21T20:02:33.888-0500] {processor.py:840} INFO - DAG(s) 'example_branch_datetime_operator_2', 'example_branch_datetime_operator_3', 'example_branch_datetime_operator' retrieved from /Users/naga/Desktop/airflow_env/lib/python3.12/site-packages/airflow/example_dags/example_branch_datetime_operator.py
[2026-06-21T20:02:33.968-0500] {logging_mixin.py:188} INFO - [2026-06-21T20:02:33.968-0500] {dag.py:3089} INFO - Sync 3 DAGs
[2026-06-21T20:02:33.984-0500] {logging_mixin.py:188} INFO - [2026-06-21T20:02:33.984-0500] {dag.py:3947} INFO - Setting next_dagrun for example_branch_datetime_operator to 2026-06-21 00:00:00+00:00, run_after=2026-06-22 00:00:00+00:00
[2026-06-21T20:02:33.988-0500] {logging_mixin.py:188} INFO - [2026-06-21T20:02:33.987-0500] {dag.py:3947} INFO - Setting next_dagrun for example_branch_datetime_operator_2 to 2026-06-21 00:00:00+00:00, run_after=2026-06-22 00:00:00+00:00
[2026-06-21T20:02:33.989-0500] {logging_mixin.py:188} INFO - [2026-06-21T20:02:33.989-0500] {dag.py:3947} INFO - Setting next_dagrun for example_branch_datetime_operator_3 to 2026-06-21 00:00:00+00:00, run_after=2026-06-22 00:00:00+00:00
[2026-06-21T20:02:34.001-0500] {processor.py:183} INFO - Processing /Users/naga/Desktop/airflow_env/lib/python3.12/site-packages/airflow/example_dags/example_branch_datetime_operator.py took 0.127 seconds
[2026-06-21T20:05:26.734-0500] {processor.py:161} INFO - Started process (PID=62437) to work on /Users/naga/Desktop/airflow_env/lib/python3.12/site-packages/airflow/example_dags/example_branch_datetime_operator.py
[2026-06-21T20:05:26.735-0500] {processor.py:830} INFO - Processing file /Users/naga/Desktop/airflow_env/lib/python3.12/site-packages/airflow/example_dags/example_branch_datetime_operator.py for tasks to queue
[2026-06-21T20:05:26.735-0500] {logging_mixin.py:188} INFO - [2026-06-21T20:05:26.735-0500] {dagbag.py:545} INFO - Filling up the DagBag from /Users/naga/Desktop/airflow_env/lib/python3.12/site-packages/airflow/example_dags/example_branch_datetime_operator.py
[2026-06-21T20:05:26.745-0500] {processor.py:840} INFO - DAG(s) 'example_branch_datetime_operator_2', 'example_branch_datetime_operator_3', 'example_branch_datetime_operator' retrieved from /Users/naga/Desktop/airflow_env/lib/python3.12/site-packages/airflow/example_dags/example_branch_datetime_operator.py
[2026-06-21T20:05:26.823-0500] {logging_mixin.py:188} INFO - [2026-06-21T20:05:26.823-0500] {dag.py:3089} INFO - Sync 3 DAGs
[2026-06-21T20:05:26.838-0500] {logging_mixin.py:188} INFO - [2026-06-21T20:05:26.838-0500] {dag.py:3947} INFO - Setting next_dagrun for example_branch_datetime_operator to 2026-06-21 00:00:00+00:00, run_after=2026-06-22 00:00:00+00:00
[2026-06-21T20:05:26.841-0500] {logging_mixin.py:188} INFO - [2026-06-21T20:05:26.841-0500] {dag.py:3947} INFO - Setting next_dagrun for example_branch_datetime_operator_2 to 2026-06-21 00:00:00+00:00, run_after=2026-06-22 00:00:00+00:00
[2026-06-21T20:05:26.842-0500] {logging_mixin.py:188} INFO - [2026-06-21T20:05:26.842-0500] {dag.py:3947} INFO - Setting next_dagrun for example_branch_datetime_operator_3 to 2026-06-21 00:00:00+00:00, run_after=2026-06-22 00:00:00+00:00
[2026-06-21T20:05:26.854-0500] {processor.py:183} INFO - Processing /Users/naga/Desktop/airflow_env/lib/python3.12/site-packages/airflow/example_dags/example_branch_datetime_operator.py took 0.123 seconds
[2026-06-21T20:08:27.729-0500] {processor.py:161} INFO - Started process (PID=62601) to work on /Users/naga/Desktop/airflow_env/lib/python3.12/site-packages/airflow/example_dags/example_branch_datetime_operator.py
[2026-06-21T20:08:27.730-0500] {processor.py:830} INFO - Processing file /Users/naga/Desktop/airflow_env/lib/python3.12/site-packages/airflow/example_dags/example_branch_datetime_operator.py for tasks to queue
[2026-06-21T20:08:27.731-0500] {logging_mixin.py:188} INFO - [2026-06-21T20:08:27.730-0500] {dagbag.py:545} INFO - Filling up the DagBag from /Users/naga/Desktop/airflow_env/lib/python3.12/site-packages/airflow/example_dags/example_branch_datetime_operator.py
[2026-06-21T20:08:27.741-0500] {processor.py:840} INFO - DAG(s) 'example_branch_datetime_operator_3', 'example_branch_datetime_operator', 'example_branch_datetime_operator_2' retrieved from /Users/naga/Desktop/airflow_env/lib/python3.12/site-packages/airflow/example_dags/example_branch_datetime_operator.py
[2026-06-21T20:08:27.820-0500] {logging_mixin.py:188} INFO - [2026-06-21T20:08:27.819-0500] {dag.py:3089} INFO - Sync 3 DAGs
[2026-06-21T20:08:27.835-0500] {logging_mixin.py:188} INFO - [2026-06-21T20:08:27.835-0500] {dag.py:3947} INFO - Setting next_dagrun for example_branch_datetime_operator to 2026-06-21 00:00:00+00:00, run_after=2026-06-22 00:00:00+00:00
[2026-06-21T20:08:27.838-0500] {logging_mixin.py:188} INFO - [2026-06-21T20:08:27.838-0500] {dag.py:3947} INFO - Setting next_dagrun for example_branch_datetime_operator_2 to 2026-06-21 00:00:00+00:00, run_after=2026-06-22 00:00:00+00:00
[2026-06-21T20:08:27.839-0500] {logging_mixin.py:188} INFO - [2026-06-21T20:08:27.839-0500] {dag.py:3947} INFO - Setting next_dagrun for example_branch_datetime_operator_3 to 2026-06-21 00:00:00+00:00, run_after=2026-06-22 00:00:00+00:00
[2026-06-21T20:08:27.852-0500] {processor.py:183} INFO - Processing /Users/naga/Desktop/airflow_env/lib/python3.12/site-packages/airflow/example_dags/example_branch_datetime_operator.py took 0.125 seconds
[2026-06-21T20:39:00.087-0500] {processor.py:161} INFO - Started process (PID=62804) to work on /Users/naga/Desktop/airflow_env/lib/python3.12/site-packages/airflow/example_dags/example_branch_datetime_operator.py
[2026-06-21T20:39:00.088-0500] {processor.py:830} INFO - Processing file /Users/naga/Desktop/airflow_env/lib/python3.12/site-packages/airflow/example_dags/example_branch_datetime_operator.py for tasks to queue
[2026-06-21T20:39:00.089-0500] {logging_mixin.py:188} INFO - [2026-06-21T20:39:00.088-0500] {dagbag.py:545} INFO - Filling up the DagBag from /Users/naga/Desktop/airflow_env/lib/python3.12/site-packages/airflow/example_dags/example_branch_datetime_operator.py
[2026-06-21T20:39:00.099-0500] {processor.py:840} INFO - DAG(s) 'example_branch_datetime_operator', 'example_branch_datetime_operator_2', 'example_branch_datetime_operator_3' retrieved from /Users/naga/Desktop/airflow_env/lib/python3.12/site-packages/airflow/example_dags/example_branch_datetime_operator.py
[2026-06-21T20:39:00.178-0500] {logging_mixin.py:188} INFO - [2026-06-21T20:39:00.178-0500] {dag.py:3089} INFO - Sync 3 DAGs
[2026-06-21T20:39:00.193-0500] {logging_mixin.py:188} INFO - [2026-06-21T20:39:00.193-0500] {dag.py:3947} INFO - Setting next_dagrun for example_branch_datetime_operator to 2026-06-21 00:00:00+00:00, run_after=2026-06-22 00:00:00+00:00
[2026-06-21T20:39:00.196-0500] {logging_mixin.py:188} INFO - [2026-06-21T20:39:00.196-0500] {dag.py:3947} INFO - Setting next_dagrun for example_branch_datetime_operator_2 to 2026-06-21 00:00:00+00:00, run_after=2026-06-22 00:00:00+00:00
[2026-06-21T20:39:00.198-0500] {logging_mixin.py:188} INFO - [2026-06-21T20:39:00.198-0500] {dag.py:3947} INFO - Setting next_dagrun for example_branch_datetime_operator_3 to 2026-06-21 00:00:00+00:00, run_after=2026-06-22 00:00:00+00:00
[2026-06-21T20:39:00.209-0500] {processor.py:183} INFO - Processing /Users/naga/Desktop/airflow_env/lib/python3.12/site-packages/airflow/example_dags/example_branch_datetime_operator.py took 0.124 seconds
[2026-06-21T20:42:05.752-0500] {processor.py:161} INFO - Started process (PID=63045) to work on /Users/naga/Desktop/airflow_env/lib/python3.12/site-packages/airflow/example_dags/example_branch_datetime_operator.py
[2026-06-21T20:42:05.753-0500] {processor.py:830} INFO - Processing file /Users/naga/Desktop/airflow_env/lib/python3.12/site-packages/airflow/example_dags/example_branch_datetime_operator.py for tasks to queue
[2026-06-21T20:42:05.754-0500] {logging_mixin.py:188} INFO - [2026-06-21T20:42:05.753-0500] {dagbag.py:545} INFO - Filling up the DagBag from /Users/naga/Desktop/airflow_env/lib/python3.12/site-packages/airflow/example_dags/example_branch_datetime_operator.py
[2026-06-21T20:42:05.763-0500] {processor.py:840} INFO - DAG(s) 'example_branch_datetime_operator_2', 'example_branch_datetime_operator_3', 'example_branch_datetime_operator' retrieved from /Users/naga/Desktop/airflow_env/lib/python3.12/site-packages/airflow/example_dags/example_branch_datetime_operator.py
[2026-06-21T20:42:05.842-0500] {logging_mixin.py:188} INFO - [2026-06-21T20:42:05.841-0500] {dag.py:3089} INFO - Sync 3 DAGs
[2026-06-21T20:42:05.856-0500] {logging_mixin.py:188} INFO - [2026-06-21T20:42:05.856-0500] {dag.py:3947} INFO - Setting next_dagrun for example_branch_datetime_operator to 2026-06-21 00:00:00+00:00, run_after=2026-06-22 00:00:00+00:00
[2026-06-21T20:42:05.859-0500] {logging_mixin.py:188} INFO - [2026-06-21T20:42:05.859-0500] {dag.py:3947} INFO - Setting next_dagrun for example_branch_datetime_operator_2 to 2026-06-21 00:00:00+00:00, run_after=2026-06-22 00:00:00+00:00
[2026-06-21T20:42:05.860-0500] {logging_mixin.py:188} INFO - [2026-06-21T20:42:05.860-0500] {dag.py:3947} INFO - Setting next_dagrun for example_branch_datetime_operator_3 to 2026-06-21 00:00:00+00:00, run_after=2026-06-22 00:00:00+00:00
[2026-06-21T20:42:05.872-0500] {processor.py:183} INFO - Processing /Users/naga/Desktop/airflow_env/lib/python3.12/site-packages/airflow/example_dags/example_branch_datetime_operator.py took 0.122 seconds
[2026-06-21T20:44:56.900-0500] {processor.py:161} INFO - Started process (PID=63232) to work on /Users/naga/Desktop/airflow_env/lib/python3.12/site-packages/airflow/example_dags/example_branch_datetime_operator.py
[2026-06-21T20:44:56.901-0500] {processor.py:830} INFO - Processing file /Users/naga/Desktop/airflow_env/lib/python3.12/site-packages/airflow/example_dags/example_branch_datetime_operator.py for tasks to queue
[2026-06-21T20:44:56.902-0500] {logging_mixin.py:188} INFO - [2026-06-21T20:44:56.902-0500] {dagbag.py:545} INFO - Filling up the DagBag from /Users/naga/Desktop/airflow_env/lib/python3.12/site-packages/airflow/example_dags/example_branch_datetime_operator.py
[2026-06-21T20:44:56.912-0500] {processor.py:840} INFO - DAG(s) 'example_branch_datetime_operator_3', 'example_branch_datetime_operator', 'example_branch_datetime_operator_2' retrieved from /Users/naga/Desktop/airflow_env/lib/python3.12/site-packages/airflow/example_dags/example_branch_datetime_operator.py
[2026-06-21T20:44:56.992-0500] {logging_mixin.py:188} INFO - [2026-06-21T20:44:56.992-0500] {dag.py:3089} INFO - Sync 3 DAGs
[2026-06-21T20:44:57.006-0500] {logging_mixin.py:188} INFO - [2026-06-21T20:44:57.006-0500] {dag.py:3947} INFO - Setting next_dagrun for example_branch_datetime_operator to 2026-06-21 00:00:00+00:00, run_after=2026-06-22 00:00:00+00:00
[2026-06-21T20:44:57.009-0500] {logging_mixin.py:188} INFO - [2026-06-21T20:44:57.009-0500] {dag.py:3947} INFO - Setting next_dagrun for example_branch_datetime_operator_2 to 2026-06-21 00:00:00+00:00, run_after=2026-06-22 00:00:00+00:00
[2026-06-21T20:44:57.011-0500] {logging_mixin.py:188} INFO - [2026-06-21T20:44:57.011-0500] {dag.py:3947} INFO - Setting next_dagrun for example_branch_datetime_operator_3 to 2026-06-21 00:00:00+00:00, run_after=2026-06-22 00:00:00+00:00
[2026-06-21T20:44:57.023-0500] {processor.py:183} INFO - Processing /Users/naga/Desktop/airflow_env/lib/python3.12/site-packages/airflow/example_dags/example_branch_datetime_operator.py took 0.125 seconds
[2026-06-21T20:47:47.237-0500] {processor.py:161} INFO - Started process (PID=63369) to work on /Users/naga/Desktop/airflow_env/lib/python3.12/site-packages/airflow/example_dags/example_branch_datetime_operator.py
[2026-06-21T20:47:47.238-0500] {processor.py:830} INFO - Processing file /Users/naga/Desktop/airflow_env/lib/python3.12/site-packages/airflow/example_dags/example_branch_datetime_operator.py for tasks to queue
[2026-06-21T20:47:47.239-0500] {logging_mixin.py:188} INFO - [2026-06-21T20:47:47.239-0500] {dagbag.py:545} INFO - Filling up the DagBag from /Users/naga/Desktop/airflow_env/lib/python3.12/site-packages/airflow/example_dags/example_branch_datetime_operator.py
[2026-06-21T20:47:47.249-0500] {processor.py:840} INFO - DAG(s) 'example_branch_datetime_operator_2', 'example_branch_datetime_operator_3', 'example_branch_datetime_operator' retrieved from /Users/naga/Desktop/airflow_env/lib/python3.12/site-packages/airflow/example_dags/example_branch_datetime_operator.py
[2026-06-21T20:47:47.326-0500] {logging_mixin.py:188} INFO - [2026-06-21T20:47:47.326-0500] {dag.py:3089} INFO - Sync 3 DAGs
[2026-06-21T20:47:47.340-0500] {logging_mixin.py:188} INFO - [2026-06-21T20:47:47.340-0500] {dag.py:3947} INFO - Setting next_dagrun for example_branch_datetime_operator to 2026-06-21 00:00:00+00:00, run_after=2026-06-22 00:00:00+00:00
[2026-06-21T20:47:47.343-0500] {logging_mixin.py:188} INFO - [2026-06-21T20:47:47.343-0500] {dag.py:3947} INFO - Setting next_dagrun for example_branch_datetime_operator_2 to 2026-06-21 00:00:00+00:00, run_after=2026-06-22 00:00:00+00:00
[2026-06-21T20:47:47.345-0500] {logging_mixin.py:188} INFO - [2026-06-21T20:47:47.345-0500] {dag.py:3947} INFO - Setting next_dagrun for example_branch_datetime_operator_3 to 2026-06-21 00:00:00+00:00, run_after=2026-06-22 00:00:00+00:00
[2026-06-21T20:47:47.357-0500] {processor.py:183} INFO - Processing /Users/naga/Desktop/airflow_env/lib/python3.12/site-packages/airflow/example_dags/example_branch_datetime_operator.py took 0.122 seconds
[2026-06-21T20:50:39.474-0500] {processor.py:161} INFO - Started process (PID=63493) to work on /Users/naga/Desktop/airflow_env/lib/python3.12/site-packages/airflow/example_dags/example_branch_datetime_operator.py
[2026-06-21T20:50:39.476-0500] {processor.py:830} INFO - Processing file /Users/naga/Desktop/airflow_env/lib/python3.12/site-packages/airflow/example_dags/example_branch_datetime_operator.py for tasks to queue
[2026-06-21T20:50:39.476-0500] {logging_mixin.py:188} INFO - [2026-06-21T20:50:39.476-0500] {dagbag.py:545} INFO - Filling up the DagBag from /Users/naga/Desktop/airflow_env/lib/python3.12/site-packages/airflow/example_dags/example_branch_datetime_operator.py
[2026-06-21T20:50:39.486-0500] {processor.py:840} INFO - DAG(s) 'example_branch_datetime_operator', 'example_branch_datetime_operator_2', 'example_branch_datetime_operator_3' retrieved from /Users/naga/Desktop/airflow_env/lib/python3.12/site-packages/airflow/example_dags/example_branch_datetime_operator.py
[2026-06-21T20:50:39.564-0500] {logging_mixin.py:188} INFO - [2026-06-21T20:50:39.563-0500] {dag.py:3089} INFO - Sync 3 DAGs
[2026-06-21T20:50:39.578-0500] {logging_mixin.py:188} INFO - [2026-06-21T20:50:39.578-0500] {dag.py:3947} INFO - Setting next_dagrun for example_branch_datetime_operator to 2026-06-21 00:00:00+00:00, run_after=2026-06-22 00:00:00+00:00
[2026-06-21T20:50:39.581-0500] {logging_mixin.py:188} INFO - [2026-06-21T20:50:39.581-0500] {dag.py:3947} INFO - Setting next_dagrun for example_branch_datetime_operator_2 to 2026-06-21 00:00:00+00:00, run_after=2026-06-22 00:00:00+00:00
[2026-06-21T20:50:39.583-0500] {logging_mixin.py:188} INFO - [2026-06-21T20:50:39.582-0500] {dag.py:3947} INFO - Setting next_dagrun for example_branch_datetime_operator_3 to 2026-06-21 00:00:00+00:00, run_after=2026-06-22 00:00:00+00:00
[2026-06-21T20:50:39.594-0500] {processor.py:183} INFO - Processing /Users/naga/Desktop/airflow_env/lib/python3.12/site-packages/airflow/example_dags/example_branch_datetime_operator.py took 0.122 seconds
[2026-06-21T20:53:34.608-0500] {processor.py:161} INFO - Started process (PID=63632) to work on /Users/naga/Desktop/airflow_env/lib/python3.12/site-packages/airflow/example_dags/example_branch_datetime_operator.py
[2026-06-21T20:53:34.609-0500] {processor.py:830} INFO - Processing file /Users/naga/Desktop/airflow_env/lib/python3.12/site-packages/airflow/example_dags/example_branch_datetime_operator.py for tasks to queue
[2026-06-21T20:53:34.609-0500] {logging_mixin.py:188} INFO - [2026-06-21T20:53:34.609-0500] {dagbag.py:545} INFO - Filling up the DagBag from /Users/naga/Desktop/airflow_env/lib/python3.12/site-packages/airflow/example_dags/example_branch_datetime_operator.py
[2026-06-21T20:53:34.619-0500] {processor.py:840} INFO - DAG(s) 'example_branch_datetime_operator', 'example_branch_datetime_operator_2', 'example_branch_datetime_operator_3' retrieved from /Users/naga/Desktop/airflow_env/lib/python3.12/site-packages/airflow/example_dags/example_branch_datetime_operator.py
[2026-06-21T20:53:34.697-0500] {logging_mixin.py:188} INFO - [2026-06-21T20:53:34.697-0500] {dag.py:3089} INFO - Sync 3 DAGs
[2026-06-21T20:53:34.711-0500] {logging_mixin.py:188} INFO - [2026-06-21T20:53:34.711-0500] {dag.py:3947} INFO - Setting next_dagrun for example_branch_datetime_operator to 2026-06-21 00:00:00+00:00, run_after=2026-06-22 00:00:00+00:00
[2026-06-21T20:53:34.714-0500] {logging_mixin.py:188} INFO - [2026-06-21T20:53:34.714-0500] {dag.py:3947} INFO - Setting next_dagrun for example_branch_datetime_operator_2 to 2026-06-21 00:00:00+00:00, run_after=2026-06-22 00:00:00+00:00
[2026-06-21T20:53:34.716-0500] {logging_mixin.py:188} INFO - [2026-06-21T20:53:34.716-0500] {dag.py:3947} INFO - Setting next_dagrun for example_branch_datetime_operator_3 to 2026-06-21 00:00:00+00:00, run_after=2026-06-22 00:00:00+00:00
[2026-06-21T20:53:34.728-0500] {processor.py:183} INFO - Processing /Users/naga/Desktop/airflow_env/lib/python3.12/site-packages/airflow/example_dags/example_branch_datetime_operator.py took 0.122 seconds
[2026-06-21T20:56:35.632-0500] {processor.py:161} INFO - Started process (PID=63877) to work on /Users/naga/Desktop/airflow_env/lib/python3.12/site-packages/airflow/example_dags/example_branch_datetime_operator.py
[2026-06-21T20:56:35.634-0500] {processor.py:830} INFO - Processing file /Users/naga/Desktop/airflow_env/lib/python3.12/site-packages/airflow/example_dags/example_branch_datetime_operator.py for tasks to queue
[2026-06-21T20:56:35.634-0500] {logging_mixin.py:188} INFO - [2026-06-21T20:56:35.634-0500] {dagbag.py:545} INFO - Filling up the DagBag from /Users/naga/Desktop/airflow_env/lib/python3.12/site-packages/airflow/example_dags/example_branch_datetime_operator.py
[2026-06-21T20:56:35.644-0500] {processor.py:840} INFO - DAG(s) 'example_branch_datetime_operator_3', 'example_branch_datetime_operator_2', 'example_branch_datetime_operator' retrieved from /Users/naga/Desktop/airflow_env/lib/python3.12/site-packages/airflow/example_dags/example_branch_datetime_operator.py
[2026-06-21T20:56:35.722-0500] {logging_mixin.py:188} INFO - [2026-06-21T20:56:35.722-0500] {dag.py:3089} INFO - Sync 3 DAGs
[2026-06-21T20:56:35.736-0500] {logging_mixin.py:188} INFO - [2026-06-21T20:56:35.736-0500] {dag.py:3947} INFO - Setting next_dagrun for example_branch_datetime_operator to 2026-06-21 00:00:00+00:00, run_after=2026-06-22 00:00:00+00:00
[2026-06-21T20:56:35.739-0500] {logging_mixin.py:188} INFO - [2026-06-21T20:56:35.739-0500] {dag.py:3947} INFO - Setting next_dagrun for example_branch_datetime_operator_2 to 2026-06-21 00:00:00+00:00, run_after=2026-06-22 00:00:00+00:00
[2026-06-21T20:56:35.741-0500] {logging_mixin.py:188} INFO - [2026-06-21T20:56:35.740-0500] {dag.py:3947} INFO - Setting next_dagrun for example_branch_datetime_operator_3 to 2026-06-21 00:00:00+00:00, run_after=2026-06-22 00:00:00+00:00
[2026-06-21T20:56:35.752-0500] {processor.py:183} INFO - Processing /Users/naga/Desktop/airflow_env/lib/python3.12/site-packages/airflow/example_dags/example_branch_datetime_operator.py took 0.122 seconds
[2026-06-21T21:41:38.419-0500] {processor.py:161} INFO - Started process (PID=64173) to work on /Users/naga/Desktop/airflow_env/lib/python3.12/site-packages/airflow/example_dags/example_branch_datetime_operator.py
[2026-06-21T21:41:38.421-0500] {processor.py:830} INFO - Processing file /Users/naga/Desktop/airflow_env/lib/python3.12/site-packages/airflow/example_dags/example_branch_datetime_operator.py for tasks to queue
[2026-06-21T21:41:38.421-0500] {logging_mixin.py:188} INFO - [2026-06-21T21:41:38.421-0500] {dagbag.py:545} INFO - Filling up the DagBag from /Users/naga/Desktop/airflow_env/lib/python3.12/site-packages/airflow/example_dags/example_branch_datetime_operator.py
[2026-06-21T21:41:38.436-0500] {processor.py:840} INFO - DAG(s) 'example_branch_datetime_operator_3', 'example_branch_datetime_operator', 'example_branch_datetime_operator_2' retrieved from /Users/naga/Desktop/airflow_env/lib/python3.12/site-packages/airflow/example_dags/example_branch_datetime_operator.py
[2026-06-21T21:41:38.527-0500] {logging_mixin.py:188} INFO - [2026-06-21T21:41:38.527-0500] {dag.py:3089} INFO - Sync 3 DAGs
[2026-06-21T21:41:38.543-0500] {logging_mixin.py:188} INFO - [2026-06-21T21:41:38.543-0500] {dag.py:3947} INFO - Setting next_dagrun for example_branch_datetime_operator to 2026-06-21 00:00:00+00:00, run_after=2026-06-22 00:00:00+00:00
[2026-06-21T21:41:38.547-0500] {logging_mixin.py:188} INFO - [2026-06-21T21:41:38.547-0500] {dag.py:3947} INFO - Setting next_dagrun for example_branch_datetime_operator_2 to 2026-06-21 00:00:00+00:00, run_after=2026-06-22 00:00:00+00:00
[2026-06-21T21:41:38.549-0500] {logging_mixin.py:188} INFO - [2026-06-21T21:41:38.549-0500] {dag.py:3947} INFO - Setting next_dagrun for example_branch_datetime_operator_3 to 2026-06-21 00:00:00+00:00, run_after=2026-06-22 00:00:00+00:00
[2026-06-21T21:41:38.562-0500] {processor.py:183} INFO - Processing /Users/naga/Desktop/airflow_env/lib/python3.12/site-packages/airflow/example_dags/example_branch_datetime_operator.py took 0.145 seconds
[2026-06-21T21:44:57.848-0500] {processor.py:161} INFO - Started process (PID=64346) to work on /Users/naga/Desktop/airflow_env/lib/python3.12/site-packages/airflow/example_dags/example_branch_datetime_operator.py
[2026-06-21T21:44:57.850-0500] {processor.py:830} INFO - Processing file /Users/naga/Desktop/airflow_env/lib/python3.12/site-packages/airflow/example_dags/example_branch_datetime_operator.py for tasks to queue
[2026-06-21T21:44:57.850-0500] {logging_mixin.py:188} INFO - [2026-06-21T21:44:57.850-0500] {dagbag.py:545} INFO - Filling up the DagBag from /Users/naga/Desktop/airflow_env/lib/python3.12/site-packages/airflow/example_dags/example_branch_datetime_operator.py
[2026-06-21T21:44:57.861-0500] {processor.py:840} INFO - DAG(s) 'example_branch_datetime_operator_2', 'example_branch_datetime_operator', 'example_branch_datetime_operator_3' retrieved from /Users/naga/Desktop/airflow_env/lib/python3.12/site-packages/airflow/example_dags/example_branch_datetime_operator.py
[2026-06-21T21:44:57.944-0500] {logging_mixin.py:188} INFO - [2026-06-21T21:44:57.944-0500] {dag.py:3089} INFO - Sync 3 DAGs
[2026-06-21T21:44:57.959-0500] {logging_mixin.py:188} INFO - [2026-06-21T21:44:57.959-0500] {dag.py:3947} INFO - Setting next_dagrun for example_branch_datetime_operator to 2026-06-21 00:00:00+00:00, run_after=2026-06-22 00:00:00+00:00
[2026-06-21T21:44:57.963-0500] {logging_mixin.py:188} INFO - [2026-06-21T21:44:57.962-0500] {dag.py:3947} INFO - Setting next_dagrun for example_branch_datetime_operator_2 to 2026-06-21 00:00:00+00:00, run_after=2026-06-22 00:00:00+00:00
[2026-06-21T21:44:57.964-0500] {logging_mixin.py:188} INFO - [2026-06-21T21:44:57.964-0500] {dag.py:3947} INFO - Setting next_dagrun for example_branch_datetime_operator_3 to 2026-06-21 00:00:00+00:00, run_after=2026-06-22 00:00:00+00:00
[2026-06-21T21:44:57.978-0500] {processor.py:183} INFO - Processing /Users/naga/Desktop/airflow_env/lib/python3.12/site-packages/airflow/example_dags/example_branch_datetime_operator.py took 0.132 seconds
[2026-06-21T21:48:37.339-0500] {processor.py:161} INFO - Started process (PID=64706) to work on /Users/naga/Desktop/airflow_env/lib/python3.12/site-packages/airflow/example_dags/example_branch_datetime_operator.py
[2026-06-21T21:48:37.340-0500] {processor.py:830} INFO - Processing file /Users/naga/Desktop/airflow_env/lib/python3.12/site-packages/airflow/example_dags/example_branch_datetime_operator.py for tasks to queue
[2026-06-21T21:48:37.341-0500] {logging_mixin.py:188} INFO - [2026-06-21T21:48:37.341-0500] {dagbag.py:545} INFO - Filling up the DagBag from /Users/naga/Desktop/airflow_env/lib/python3.12/site-packages/airflow/example_dags/example_branch_datetime_operator.py
[2026-06-21T21:48:37.352-0500] {processor.py:840} INFO - DAG(s) 'example_branch_datetime_operator_3', 'example_branch_datetime_operator_2', 'example_branch_datetime_operator' retrieved from /Users/naga/Desktop/airflow_env/lib/python3.12/site-packages/airflow/example_dags/example_branch_datetime_operator.py
[2026-06-21T21:48:37.430-0500] {logging_mixin.py:188} INFO - [2026-06-21T21:48:37.430-0500] {dag.py:3089} INFO - Sync 3 DAGs
[2026-06-21T21:48:37.445-0500] {logging_mixin.py:188} INFO - [2026-06-21T21:48:37.445-0500] {dag.py:3947} INFO - Setting next_dagrun for example_branch_datetime_operator to 2026-06-21 00:00:00+00:00, run_after=2026-06-22 00:00:00+00:00
[2026-06-21T21:48:37.448-0500] {logging_mixin.py:188} INFO - [2026-06-21T21:48:37.448-0500] {dag.py:3947} INFO - Setting next_dagrun for example_branch_datetime_operator_2 to 2026-06-21 00:00:00+00:00, run_after=2026-06-22 00:00:00+00:00
[2026-06-21T21:48:37.449-0500] {logging_mixin.py:188} INFO - [2026-06-21T21:48:37.449-0500] {dag.py:3947} INFO - Setting next_dagrun for example_branch_datetime_operator_3 to 2026-06-21 00:00:00+00:00, run_after=2026-06-22 00:00:00+00:00
[2026-06-21T21:48:37.461-0500] {processor.py:183} INFO - Processing /Users/naga/Desktop/airflow_env/lib/python3.12/site-packages/airflow/example_dags/example_branch_datetime_operator.py took 0.124 seconds
[2026-06-21T21:52:43.650-0500] {processor.py:161} INFO - Started process (PID=64925) to work on /Users/naga/Desktop/airflow_env/lib/python3.12/site-packages/airflow/example_dags/example_branch_datetime_operator.py
[2026-06-21T21:52:43.651-0500] {processor.py:830} INFO - Processing file /Users/naga/Desktop/airflow_env/lib/python3.12/site-packages/airflow/example_dags/example_branch_datetime_operator.py for tasks to queue
[2026-06-21T21:52:43.651-0500] {logging_mixin.py:188} INFO - [2026-06-21T21:52:43.651-0500] {dagbag.py:545} INFO - Filling up the DagBag from /Users/naga/Desktop/airflow_env/lib/python3.12/site-packages/airflow/example_dags/example_branch_datetime_operator.py
[2026-06-21T21:52:43.662-0500] {processor.py:840} INFO - DAG(s) 'example_branch_datetime_operator_3', 'example_branch_datetime_operator_2', 'example_branch_datetime_operator' retrieved from /Users/naga/Desktop/airflow_env/lib/python3.12/site-packages/airflow/example_dags/example_branch_datetime_operator.py
[2026-06-21T21:52:43.740-0500] {logging_mixin.py:188} INFO - [2026-06-21T21:52:43.740-0500] {dag.py:3089} INFO - Sync 3 DAGs
[2026-06-21T21:52:43.754-0500] {logging_mixin.py:188} INFO - [2026-06-21T21:52:43.754-0500] {dag.py:3947} INFO - Setting next_dagrun for example_branch_datetime_operator to 2026-06-21 00:00:00+00:00, run_after=2026-06-22 00:00:00+00:00
[2026-06-21T21:52:43.757-0500] {logging_mixin.py:188} INFO - [2026-06-21T21:52:43.757-0500] {dag.py:3947} INFO - Setting next_dagrun for example_branch_datetime_operator_2 to 2026-06-21 00:00:00+00:00, run_after=2026-06-22 00:00:00+00:00
[2026-06-21T21:52:43.759-0500] {logging_mixin.py:188} INFO - [2026-06-21T21:52:43.759-0500] {dag.py:3947} INFO - Setting next_dagrun for example_branch_datetime_operator_3 to 2026-06-21 00:00:00+00:00, run_after=2026-06-22 00:00:00+00:00
[2026-06-21T21:52:43.771-0500] {processor.py:183} INFO - Processing /Users/naga/Desktop/airflow_env/lib/python3.12/site-packages/airflow/example_dags/example_branch_datetime_operator.py took 0.123 seconds
[2026-06-21T21:56:15.185-0500] {processor.py:161} INFO - Started process (PID=65401) to work on /Users/naga/Desktop/airflow_env/lib/python3.12/site-packages/airflow/example_dags/example_branch_datetime_operator.py
[2026-06-21T21:56:15.187-0500] {processor.py:830} INFO - Processing file /Users/naga/Desktop/airflow_env/lib/python3.12/site-packages/airflow/example_dags/example_branch_datetime_operator.py for tasks to queue
[2026-06-21T21:56:15.187-0500] {logging_mixin.py:188} INFO - [2026-06-21T21:56:15.187-0500] {dagbag.py:545} INFO - Filling up the DagBag from /Users/naga/Desktop/airflow_env/lib/python3.12/site-packages/airflow/example_dags/example_branch_datetime_operator.py
[2026-06-21T21:56:15.199-0500] {processor.py:840} INFO - DAG(s) 'example_branch_datetime_operator', 'example_branch_datetime_operator_2', 'example_branch_datetime_operator_3' retrieved from /Users/naga/Desktop/airflow_env/lib/python3.12/site-packages/airflow/example_dags/example_branch_datetime_operator.py
[2026-06-21T21:56:15.278-0500] {logging_mixin.py:188} INFO - [2026-06-21T21:56:15.277-0500] {dag.py:3089} INFO - Sync 3 DAGs
[2026-06-21T21:56:15.292-0500] {logging_mixin.py:188} INFO - [2026-06-21T21:56:15.292-0500] {dag.py:3947} INFO - Setting next_dagrun for example_branch_datetime_operator to 2026-06-21 00:00:00+00:00, run_after=2026-06-22 00:00:00+00:00
[2026-06-21T21:56:15.295-0500] {logging_mixin.py:188} INFO - [2026-06-21T21:56:15.295-0500] {dag.py:3947} INFO - Setting next_dagrun for example_branch_datetime_operator_2 to 2026-06-21 00:00:00+00:00, run_after=2026-06-22 00:00:00+00:00
[2026-06-21T21:56:15.297-0500] {logging_mixin.py:188} INFO - [2026-06-21T21:56:15.297-0500] {dag.py:3947} INFO - Setting next_dagrun for example_branch_datetime_operator_3 to 2026-06-21 00:00:00+00:00, run_after=2026-06-22 00:00:00+00:00
[2026-06-21T21:56:15.309-0500] {processor.py:183} INFO - Processing /Users/naga/Desktop/airflow_env/lib/python3.12/site-packages/airflow/example_dags/example_branch_datetime_operator.py took 0.126 seconds
