[2026-06-21T19:46:46.388-0500] {processor.py:161} INFO - Started process (PID=61478) to work on /Users/naga/Desktop/airflow_env/lib/python3.12/site-packages/airflow/example_dags/tutorial_taskflow_api_virtualenv.py
[2026-06-21T19:46:46.389-0500] {processor.py:830} INFO - Processing file /Users/naga/Desktop/airflow_env/lib/python3.12/site-packages/airflow/example_dags/tutorial_taskflow_api_virtualenv.py for tasks to queue
[2026-06-21T19:46:46.390-0500] {logging_mixin.py:188} INFO - [2026-06-21T19:46:46.389-0500] {dagbag.py:545} INFO - Filling up the DagBag from /Users/naga/Desktop/airflow_env/lib/python3.12/site-packages/airflow/example_dags/tutorial_taskflow_api_virtualenv.py
[2026-06-21T19:46:46.431-0500] {processor.py:840} INFO - DAG(s) 'tutorial_taskflow_api_virtualenv' retrieved from /Users/naga/Desktop/airflow_env/lib/python3.12/site-packages/airflow/example_dags/tutorial_taskflow_api_virtualenv.py
[2026-06-21T19:46:46.586-0500] {logging_mixin.py:188} INFO - [2026-06-21T19:46:46.586-0500] {dag.py:3089} INFO - Sync 1 DAGs
[2026-06-21T19:46:46.594-0500] {logging_mixin.py:188} INFO - [2026-06-21T19:46:46.594-0500] {dag.py:3947} INFO - Setting next_dagrun for tutorial_taskflow_api_virtualenv to None, run_after=None
[2026-06-21T19:46:46.609-0500] {processor.py:183} INFO - Processing /Users/naga/Desktop/airflow_env/lib/python3.12/site-packages/airflow/example_dags/tutorial_taskflow_api_virtualenv.py took 0.223 seconds
[2026-06-21T19:48:17.686-0500] {processor.py:161} INFO - Started process (PID=61554) to work on /Users/naga/Desktop/airflow_env/lib/python3.12/site-packages/airflow/example_dags/tutorial_taskflow_api_virtualenv.py
[2026-06-21T19:48:17.687-0500] {processor.py:830} INFO - Processing file /Users/naga/Desktop/airflow_env/lib/python3.12/site-packages/airflow/example_dags/tutorial_taskflow_api_virtualenv.py for tasks to queue
[2026-06-21T19:48:17.688-0500] {logging_mixin.py:188} INFO - [2026-06-21T19:48:17.688-0500] {dagbag.py:545} INFO - Filling up the DagBag from /Users/naga/Desktop/airflow_env/lib/python3.12/site-packages/airflow/example_dags/tutorial_taskflow_api_virtualenv.py
[2026-06-21T19:48:17.729-0500] {processor.py:840} INFO - DAG(s) 'tutorial_taskflow_api_virtualenv' retrieved from /Users/naga/Desktop/airflow_env/lib/python3.12/site-packages/airflow/example_dags/tutorial_taskflow_api_virtualenv.py
[2026-06-21T19:48:17.890-0500] {logging_mixin.py:188} INFO - [2026-06-21T19:48:17.889-0500] {dag.py:3089} INFO - Sync 1 DAGs
[2026-06-21T19:48:17.897-0500] {logging_mixin.py:188} INFO - [2026-06-21T19:48:17.897-0500] {dag.py:3947} INFO - Setting next_dagrun for tutorial_taskflow_api_virtualenv to None, run_after=None
[2026-06-21T19:48:17.911-0500] {processor.py:183} INFO - Processing /Users/naga/Desktop/airflow_env/lib/python3.12/site-packages/airflow/example_dags/tutorial_taskflow_api_virtualenv.py took 0.227 seconds
[2026-06-21T19:49:52.760-0500] {processor.py:161} INFO - Started process (PID=61733) to work on /Users/naga/Desktop/airflow_env/lib/python3.12/site-packages/airflow/example_dags/tutorial_taskflow_api_virtualenv.py
[2026-06-21T19:49:52.761-0500] {processor.py:830} INFO - Processing file /Users/naga/Desktop/airflow_env/lib/python3.12/site-packages/airflow/example_dags/tutorial_taskflow_api_virtualenv.py for tasks to queue
[2026-06-21T19:49:52.762-0500] {logging_mixin.py:188} INFO - [2026-06-21T19:49:52.761-0500] {dagbag.py:545} INFO - Filling up the DagBag from /Users/naga/Desktop/airflow_env/lib/python3.12/site-packages/airflow/example_dags/tutorial_taskflow_api_virtualenv.py
[2026-06-21T19:49:52.801-0500] {processor.py:840} INFO - DAG(s) 'tutorial_taskflow_api_virtualenv' retrieved from /Users/naga/Desktop/airflow_env/lib/python3.12/site-packages/airflow/example_dags/tutorial_taskflow_api_virtualenv.py
[2026-06-21T19:49:52.958-0500] {logging_mixin.py:188} INFO - [2026-06-21T19:49:52.958-0500] {dag.py:3089} INFO - Sync 1 DAGs
[2026-06-21T19:49:52.966-0500] {logging_mixin.py:188} INFO - [2026-06-21T19:49:52.966-0500] {dag.py:3947} INFO - Setting next_dagrun for tutorial_taskflow_api_virtualenv to None, run_after=None
[2026-06-21T19:49:52.981-0500] {processor.py:183} INFO - Processing /Users/naga/Desktop/airflow_env/lib/python3.12/site-packages/airflow/example_dags/tutorial_taskflow_api_virtualenv.py took 0.224 seconds
[2026-06-21T19:51:24.796-0500] {processor.py:161} INFO - Started process (PID=61794) to work on /Users/naga/Desktop/airflow_env/lib/python3.12/site-packages/airflow/example_dags/tutorial_taskflow_api_virtualenv.py
[2026-06-21T19:51:24.797-0500] {processor.py:830} INFO - Processing file /Users/naga/Desktop/airflow_env/lib/python3.12/site-packages/airflow/example_dags/tutorial_taskflow_api_virtualenv.py for tasks to queue
[2026-06-21T19:51:24.798-0500] {logging_mixin.py:188} INFO - [2026-06-21T19:51:24.798-0500] {dagbag.py:545} INFO - Filling up the DagBag from /Users/naga/Desktop/airflow_env/lib/python3.12/site-packages/airflow/example_dags/tutorial_taskflow_api_virtualenv.py
[2026-06-21T19:51:24.838-0500] {processor.py:840} INFO - DAG(s) 'tutorial_taskflow_api_virtualenv' retrieved from /Users/naga/Desktop/airflow_env/lib/python3.12/site-packages/airflow/example_dags/tutorial_taskflow_api_virtualenv.py
[2026-06-21T19:51:24.994-0500] {logging_mixin.py:188} INFO - [2026-06-21T19:51:24.994-0500] {dag.py:3089} INFO - Sync 1 DAGs
[2026-06-21T19:51:25.002-0500] {logging_mixin.py:188} INFO - [2026-06-21T19:51:25.002-0500] {dag.py:3947} INFO - Setting next_dagrun for tutorial_taskflow_api_virtualenv to None, run_after=None
[2026-06-21T19:51:25.016-0500] {processor.py:183} INFO - Processing /Users/naga/Desktop/airflow_env/lib/python3.12/site-packages/airflow/example_dags/tutorial_taskflow_api_virtualenv.py took 0.223 seconds
[2026-06-21T19:52:48.895-0500] {processor.py:161} INFO - Started process (PID=61868) to work on /Users/naga/Desktop/airflow_env/lib/python3.12/site-packages/airflow/example_dags/tutorial_taskflow_api_virtualenv.py
[2026-06-21T19:52:48.896-0500] {processor.py:830} INFO - Processing file /Users/naga/Desktop/airflow_env/lib/python3.12/site-packages/airflow/example_dags/tutorial_taskflow_api_virtualenv.py for tasks to queue
[2026-06-21T19:52:48.897-0500] {logging_mixin.py:188} INFO - [2026-06-21T19:52:48.896-0500] {dagbag.py:545} INFO - Filling up the DagBag from /Users/naga/Desktop/airflow_env/lib/python3.12/site-packages/airflow/example_dags/tutorial_taskflow_api_virtualenv.py
[2026-06-21T19:52:48.938-0500] {processor.py:840} INFO - DAG(s) 'tutorial_taskflow_api_virtualenv' retrieved from /Users/naga/Desktop/airflow_env/lib/python3.12/site-packages/airflow/example_dags/tutorial_taskflow_api_virtualenv.py
[2026-06-21T19:52:49.094-0500] {logging_mixin.py:188} INFO - [2026-06-21T19:52:49.093-0500] {dag.py:3089} INFO - Sync 1 DAGs
[2026-06-21T19:52:49.101-0500] {logging_mixin.py:188} INFO - [2026-06-21T19:52:49.101-0500] {dag.py:3947} INFO - Setting next_dagrun for tutorial_taskflow_api_virtualenv to None, run_after=None
[2026-06-21T19:52:49.114-0500] {processor.py:183} INFO - Processing /Users/naga/Desktop/airflow_env/lib/python3.12/site-packages/airflow/example_dags/tutorial_taskflow_api_virtualenv.py took 0.222 seconds
[2026-06-21T19:54:13.376-0500] {processor.py:161} INFO - Started process (PID=61935) to work on /Users/naga/Desktop/airflow_env/lib/python3.12/site-packages/airflow/example_dags/tutorial_taskflow_api_virtualenv.py
[2026-06-21T19:54:13.378-0500] {processor.py:830} INFO - Processing file /Users/naga/Desktop/airflow_env/lib/python3.12/site-packages/airflow/example_dags/tutorial_taskflow_api_virtualenv.py for tasks to queue
[2026-06-21T19:54:13.378-0500] {logging_mixin.py:188} INFO - [2026-06-21T19:54:13.378-0500] {dagbag.py:545} INFO - Filling up the DagBag from /Users/naga/Desktop/airflow_env/lib/python3.12/site-packages/airflow/example_dags/tutorial_taskflow_api_virtualenv.py
[2026-06-21T19:54:13.412-0500] {processor.py:840} INFO - DAG(s) 'tutorial_taskflow_api_virtualenv' retrieved from /Users/naga/Desktop/airflow_env/lib/python3.12/site-packages/airflow/example_dags/tutorial_taskflow_api_virtualenv.py
[2026-06-21T19:54:13.545-0500] {logging_mixin.py:188} INFO - [2026-06-21T19:54:13.544-0500] {dag.py:3089} INFO - Sync 1 DAGs
[2026-06-21T19:54:13.552-0500] {logging_mixin.py:188} INFO - [2026-06-21T19:54:13.552-0500] {dag.py:3947} INFO - Setting next_dagrun for tutorial_taskflow_api_virtualenv to None, run_after=None
[2026-06-21T19:54:13.565-0500] {processor.py:183} INFO - Processing /Users/naga/Desktop/airflow_env/lib/python3.12/site-packages/airflow/example_dags/tutorial_taskflow_api_virtualenv.py took 0.191 seconds
[2026-06-21T19:55:36.431-0500] {processor.py:161} INFO - Started process (PID=61985) to work on /Users/naga/Desktop/airflow_env/lib/python3.12/site-packages/airflow/example_dags/tutorial_taskflow_api_virtualenv.py
[2026-06-21T19:55:36.432-0500] {processor.py:830} INFO - Processing file /Users/naga/Desktop/airflow_env/lib/python3.12/site-packages/airflow/example_dags/tutorial_taskflow_api_virtualenv.py for tasks to queue
[2026-06-21T19:55:36.433-0500] {logging_mixin.py:188} INFO - [2026-06-21T19:55:36.432-0500] {dagbag.py:545} INFO - Filling up the DagBag from /Users/naga/Desktop/airflow_env/lib/python3.12/site-packages/airflow/example_dags/tutorial_taskflow_api_virtualenv.py
[2026-06-21T19:55:36.471-0500] {processor.py:840} INFO - DAG(s) 'tutorial_taskflow_api_virtualenv' retrieved from /Users/naga/Desktop/airflow_env/lib/python3.12/site-packages/airflow/example_dags/tutorial_taskflow_api_virtualenv.py
[2026-06-21T19:55:36.625-0500] {logging_mixin.py:188} INFO - [2026-06-21T19:55:36.625-0500] {dag.py:3089} INFO - Sync 1 DAGs
[2026-06-21T19:55:36.633-0500] {logging_mixin.py:188} INFO - [2026-06-21T19:55:36.633-0500] {dag.py:3947} INFO - Setting next_dagrun for tutorial_taskflow_api_virtualenv to None, run_after=None
[2026-06-21T19:55:36.648-0500] {processor.py:183} INFO - Processing /Users/naga/Desktop/airflow_env/lib/python3.12/site-packages/airflow/example_dags/tutorial_taskflow_api_virtualenv.py took 0.220 seconds
[2026-06-21T19:57:02.694-0500] {processor.py:161} INFO - Started process (PID=62050) to work on /Users/naga/Desktop/airflow_env/lib/python3.12/site-packages/airflow/example_dags/tutorial_taskflow_api_virtualenv.py
[2026-06-21T19:57:02.695-0500] {processor.py:830} INFO - Processing file /Users/naga/Desktop/airflow_env/lib/python3.12/site-packages/airflow/example_dags/tutorial_taskflow_api_virtualenv.py for tasks to queue
[2026-06-21T19:57:02.696-0500] {logging_mixin.py:188} INFO - [2026-06-21T19:57:02.695-0500] {dagbag.py:545} INFO - Filling up the DagBag from /Users/naga/Desktop/airflow_env/lib/python3.12/site-packages/airflow/example_dags/tutorial_taskflow_api_virtualenv.py
[2026-06-21T19:57:02.738-0500] {processor.py:840} INFO - DAG(s) 'tutorial_taskflow_api_virtualenv' retrieved from /Users/naga/Desktop/airflow_env/lib/python3.12/site-packages/airflow/example_dags/tutorial_taskflow_api_virtualenv.py
[2026-06-21T19:57:02.909-0500] {logging_mixin.py:188} INFO - [2026-06-21T19:57:02.908-0500] {dag.py:3089} INFO - Sync 1 DAGs
[2026-06-21T19:57:02.917-0500] {logging_mixin.py:188} INFO - [2026-06-21T19:57:02.916-0500] {dag.py:3947} INFO - Setting next_dagrun for tutorial_taskflow_api_virtualenv to None, run_after=None
[2026-06-21T19:57:02.932-0500] {processor.py:183} INFO - Processing /Users/naga/Desktop/airflow_env/lib/python3.12/site-packages/airflow/example_dags/tutorial_taskflow_api_virtualenv.py took 0.240 seconds
[2026-06-21T19:58:32.415-0500] {processor.py:161} INFO - Started process (PID=62132) to work on /Users/naga/Desktop/airflow_env/lib/python3.12/site-packages/airflow/example_dags/tutorial_taskflow_api_virtualenv.py
[2026-06-21T19:58:32.416-0500] {processor.py:830} INFO - Processing file /Users/naga/Desktop/airflow_env/lib/python3.12/site-packages/airflow/example_dags/tutorial_taskflow_api_virtualenv.py for tasks to queue
[2026-06-21T19:58:32.417-0500] {logging_mixin.py:188} INFO - [2026-06-21T19:58:32.417-0500] {dagbag.py:545} INFO - Filling up the DagBag from /Users/naga/Desktop/airflow_env/lib/python3.12/site-packages/airflow/example_dags/tutorial_taskflow_api_virtualenv.py
[2026-06-21T19:58:32.459-0500] {processor.py:840} INFO - DAG(s) 'tutorial_taskflow_api_virtualenv' retrieved from /Users/naga/Desktop/airflow_env/lib/python3.12/site-packages/airflow/example_dags/tutorial_taskflow_api_virtualenv.py
[2026-06-21T19:58:32.613-0500] {logging_mixin.py:188} INFO - [2026-06-21T19:58:32.613-0500] {dag.py:3089} INFO - Sync 1 DAGs
[2026-06-21T19:58:32.621-0500] {logging_mixin.py:188} INFO - [2026-06-21T19:58:32.621-0500] {dag.py:3947} INFO - Setting next_dagrun for tutorial_taskflow_api_virtualenv to None, run_after=None
[2026-06-21T19:58:32.634-0500] {processor.py:183} INFO - Processing /Users/naga/Desktop/airflow_env/lib/python3.12/site-packages/airflow/example_dags/tutorial_taskflow_api_virtualenv.py took 0.222 seconds
[2026-06-21T19:59:59.211-0500] {processor.py:161} INFO - Started process (PID=62205) to work on /Users/naga/Desktop/airflow_env/lib/python3.12/site-packages/airflow/example_dags/tutorial_taskflow_api_virtualenv.py
[2026-06-21T19:59:59.213-0500] {processor.py:830} INFO - Processing file /Users/naga/Desktop/airflow_env/lib/python3.12/site-packages/airflow/example_dags/tutorial_taskflow_api_virtualenv.py for tasks to queue
[2026-06-21T19:59:59.213-0500] {logging_mixin.py:188} INFO - [2026-06-21T19:59:59.213-0500] {dagbag.py:545} INFO - Filling up the DagBag from /Users/naga/Desktop/airflow_env/lib/python3.12/site-packages/airflow/example_dags/tutorial_taskflow_api_virtualenv.py
[2026-06-21T19:59:59.255-0500] {processor.py:840} INFO - DAG(s) 'tutorial_taskflow_api_virtualenv' retrieved from /Users/naga/Desktop/airflow_env/lib/python3.12/site-packages/airflow/example_dags/tutorial_taskflow_api_virtualenv.py
[2026-06-21T19:59:59.417-0500] {logging_mixin.py:188} INFO - [2026-06-21T19:59:59.417-0500] {dag.py:3089} INFO - Sync 1 DAGs
[2026-06-21T19:59:59.425-0500] {logging_mixin.py:188} INFO - [2026-06-21T19:59:59.425-0500] {dag.py:3947} INFO - Setting next_dagrun for tutorial_taskflow_api_virtualenv to None, run_after=None
[2026-06-21T19:59:59.440-0500] {processor.py:183} INFO - Processing /Users/naga/Desktop/airflow_env/lib/python3.12/site-packages/airflow/example_dags/tutorial_taskflow_api_virtualenv.py took 0.230 seconds
[2026-06-21T20:01:25.303-0500] {processor.py:161} INFO - Started process (PID=62263) to work on /Users/naga/Desktop/airflow_env/lib/python3.12/site-packages/airflow/example_dags/tutorial_taskflow_api_virtualenv.py
[2026-06-21T20:01:25.305-0500] {processor.py:830} INFO - Processing file /Users/naga/Desktop/airflow_env/lib/python3.12/site-packages/airflow/example_dags/tutorial_taskflow_api_virtualenv.py for tasks to queue
[2026-06-21T20:01:25.305-0500] {logging_mixin.py:188} INFO - [2026-06-21T20:01:25.305-0500] {dagbag.py:545} INFO - Filling up the DagBag from /Users/naga/Desktop/airflow_env/lib/python3.12/site-packages/airflow/example_dags/tutorial_taskflow_api_virtualenv.py
[2026-06-21T20:01:25.347-0500] {processor.py:840} INFO - DAG(s) 'tutorial_taskflow_api_virtualenv' retrieved from /Users/naga/Desktop/airflow_env/lib/python3.12/site-packages/airflow/example_dags/tutorial_taskflow_api_virtualenv.py
[2026-06-21T20:01:25.504-0500] {logging_mixin.py:188} INFO - [2026-06-21T20:01:25.504-0500] {dag.py:3089} INFO - Sync 1 DAGs
[2026-06-21T20:01:25.512-0500] {logging_mixin.py:188} INFO - [2026-06-21T20:01:25.512-0500] {dag.py:3947} INFO - Setting next_dagrun for tutorial_taskflow_api_virtualenv to None, run_after=None
[2026-06-21T20:01:25.526-0500] {processor.py:183} INFO - Processing /Users/naga/Desktop/airflow_env/lib/python3.12/site-packages/airflow/example_dags/tutorial_taskflow_api_virtualenv.py took 0.224 seconds
[2026-06-21T20:02:50.687-0500] {processor.py:161} INFO - Started process (PID=62328) to work on /Users/naga/Desktop/airflow_env/lib/python3.12/site-packages/airflow/example_dags/tutorial_taskflow_api_virtualenv.py
[2026-06-21T20:02:50.688-0500] {processor.py:830} INFO - Processing file /Users/naga/Desktop/airflow_env/lib/python3.12/site-packages/airflow/example_dags/tutorial_taskflow_api_virtualenv.py for tasks to queue
[2026-06-21T20:02:50.689-0500] {logging_mixin.py:188} INFO - [2026-06-21T20:02:50.689-0500] {dagbag.py:545} INFO - Filling up the DagBag from /Users/naga/Desktop/airflow_env/lib/python3.12/site-packages/airflow/example_dags/tutorial_taskflow_api_virtualenv.py
[2026-06-21T20:02:50.723-0500] {processor.py:840} INFO - DAG(s) 'tutorial_taskflow_api_virtualenv' retrieved from /Users/naga/Desktop/airflow_env/lib/python3.12/site-packages/airflow/example_dags/tutorial_taskflow_api_virtualenv.py
[2026-06-21T20:02:50.874-0500] {logging_mixin.py:188} INFO - [2026-06-21T20:02:50.874-0500] {dag.py:3089} INFO - Sync 1 DAGs
[2026-06-21T20:02:50.882-0500] {logging_mixin.py:188} INFO - [2026-06-21T20:02:50.881-0500] {dag.py:3947} INFO - Setting next_dagrun for tutorial_taskflow_api_virtualenv to None, run_after=None
[2026-06-21T20:02:50.896-0500] {processor.py:183} INFO - Processing /Users/naga/Desktop/airflow_env/lib/python3.12/site-packages/airflow/example_dags/tutorial_taskflow_api_virtualenv.py took 0.211 seconds
[2026-06-21T20:04:17.145-0500] {processor.py:161} INFO - Started process (PID=62399) to work on /Users/naga/Desktop/airflow_env/lib/python3.12/site-packages/airflow/example_dags/tutorial_taskflow_api_virtualenv.py
[2026-06-21T20:04:17.146-0500] {processor.py:830} INFO - Processing file /Users/naga/Desktop/airflow_env/lib/python3.12/site-packages/airflow/example_dags/tutorial_taskflow_api_virtualenv.py for tasks to queue
[2026-06-21T20:04:17.146-0500] {logging_mixin.py:188} INFO - [2026-06-21T20:04:17.146-0500] {dagbag.py:545} INFO - Filling up the DagBag from /Users/naga/Desktop/airflow_env/lib/python3.12/site-packages/airflow/example_dags/tutorial_taskflow_api_virtualenv.py
[2026-06-21T20:04:17.180-0500] {processor.py:840} INFO - DAG(s) 'tutorial_taskflow_api_virtualenv' retrieved from /Users/naga/Desktop/airflow_env/lib/python3.12/site-packages/airflow/example_dags/tutorial_taskflow_api_virtualenv.py
[2026-06-21T20:04:17.313-0500] {logging_mixin.py:188} INFO - [2026-06-21T20:04:17.313-0500] {dag.py:3089} INFO - Sync 1 DAGs
[2026-06-21T20:04:17.321-0500] {logging_mixin.py:188} INFO - [2026-06-21T20:04:17.321-0500] {dag.py:3947} INFO - Setting next_dagrun for tutorial_taskflow_api_virtualenv to None, run_after=None
[2026-06-21T20:04:17.336-0500] {processor.py:183} INFO - Processing /Users/naga/Desktop/airflow_env/lib/python3.12/site-packages/airflow/example_dags/tutorial_taskflow_api_virtualenv.py took 0.194 seconds
[2026-06-21T20:05:44.402-0500] {processor.py:161} INFO - Started process (PID=62447) to work on /Users/naga/Desktop/airflow_env/lib/python3.12/site-packages/airflow/example_dags/tutorial_taskflow_api_virtualenv.py
[2026-06-21T20:05:44.403-0500] {processor.py:830} INFO - Processing file /Users/naga/Desktop/airflow_env/lib/python3.12/site-packages/airflow/example_dags/tutorial_taskflow_api_virtualenv.py for tasks to queue
[2026-06-21T20:05:44.404-0500] {logging_mixin.py:188} INFO - [2026-06-21T20:05:44.403-0500] {dagbag.py:545} INFO - Filling up the DagBag from /Users/naga/Desktop/airflow_env/lib/python3.12/site-packages/airflow/example_dags/tutorial_taskflow_api_virtualenv.py
[2026-06-21T20:05:44.438-0500] {processor.py:840} INFO - DAG(s) 'tutorial_taskflow_api_virtualenv' retrieved from /Users/naga/Desktop/airflow_env/lib/python3.12/site-packages/airflow/example_dags/tutorial_taskflow_api_virtualenv.py
[2026-06-21T20:05:44.587-0500] {logging_mixin.py:188} INFO - [2026-06-21T20:05:44.587-0500] {dag.py:3089} INFO - Sync 1 DAGs
[2026-06-21T20:05:44.595-0500] {logging_mixin.py:188} INFO - [2026-06-21T20:05:44.595-0500] {dag.py:3947} INFO - Setting next_dagrun for tutorial_taskflow_api_virtualenv to None, run_after=None
[2026-06-21T20:05:44.609-0500] {processor.py:183} INFO - Processing /Users/naga/Desktop/airflow_env/lib/python3.12/site-packages/airflow/example_dags/tutorial_taskflow_api_virtualenv.py took 0.210 seconds
[2026-06-21T20:07:12.108-0500] {processor.py:161} INFO - Started process (PID=62523) to work on /Users/naga/Desktop/airflow_env/lib/python3.12/site-packages/airflow/example_dags/tutorial_taskflow_api_virtualenv.py
[2026-06-21T20:07:12.110-0500] {processor.py:830} INFO - Processing file /Users/naga/Desktop/airflow_env/lib/python3.12/site-packages/airflow/example_dags/tutorial_taskflow_api_virtualenv.py for tasks to queue
[2026-06-21T20:07:12.110-0500] {logging_mixin.py:188} INFO - [2026-06-21T20:07:12.110-0500] {dagbag.py:545} INFO - Filling up the DagBag from /Users/naga/Desktop/airflow_env/lib/python3.12/site-packages/airflow/example_dags/tutorial_taskflow_api_virtualenv.py
[2026-06-21T20:07:12.143-0500] {processor.py:840} INFO - DAG(s) 'tutorial_taskflow_api_virtualenv' retrieved from /Users/naga/Desktop/airflow_env/lib/python3.12/site-packages/airflow/example_dags/tutorial_taskflow_api_virtualenv.py
[2026-06-21T20:07:12.275-0500] {logging_mixin.py:188} INFO - [2026-06-21T20:07:12.275-0500] {dag.py:3089} INFO - Sync 1 DAGs
[2026-06-21T20:07:12.283-0500] {logging_mixin.py:188} INFO - [2026-06-21T20:07:12.283-0500] {dag.py:3947} INFO - Setting next_dagrun for tutorial_taskflow_api_virtualenv to None, run_after=None
[2026-06-21T20:07:12.296-0500] {processor.py:183} INFO - Processing /Users/naga/Desktop/airflow_env/lib/python3.12/site-packages/airflow/example_dags/tutorial_taskflow_api_virtualenv.py took 0.190 seconds
[2026-06-21T20:08:45.724-0500] {processor.py:161} INFO - Started process (PID=62612) to work on /Users/naga/Desktop/airflow_env/lib/python3.12/site-packages/airflow/example_dags/tutorial_taskflow_api_virtualenv.py
[2026-06-21T20:08:45.725-0500] {processor.py:830} INFO - Processing file /Users/naga/Desktop/airflow_env/lib/python3.12/site-packages/airflow/example_dags/tutorial_taskflow_api_virtualenv.py for tasks to queue
[2026-06-21T20:08:45.725-0500] {logging_mixin.py:188} INFO - [2026-06-21T20:08:45.725-0500] {dagbag.py:545} INFO - Filling up the DagBag from /Users/naga/Desktop/airflow_env/lib/python3.12/site-packages/airflow/example_dags/tutorial_taskflow_api_virtualenv.py
[2026-06-21T20:08:45.762-0500] {processor.py:840} INFO - DAG(s) 'tutorial_taskflow_api_virtualenv' retrieved from /Users/naga/Desktop/airflow_env/lib/python3.12/site-packages/airflow/example_dags/tutorial_taskflow_api_virtualenv.py
[2026-06-21T20:08:45.918-0500] {logging_mixin.py:188} INFO - [2026-06-21T20:08:45.918-0500] {dag.py:3089} INFO - Sync 1 DAGs
[2026-06-21T20:08:45.926-0500] {logging_mixin.py:188} INFO - [2026-06-21T20:08:45.926-0500] {dag.py:3947} INFO - Setting next_dagrun for tutorial_taskflow_api_virtualenv to None, run_after=None
[2026-06-21T20:08:45.939-0500] {processor.py:183} INFO - Processing /Users/naga/Desktop/airflow_env/lib/python3.12/site-packages/airflow/example_dags/tutorial_taskflow_api_virtualenv.py took 0.218 seconds
[2026-06-21T20:37:43.500-0500] {processor.py:161} INFO - Started process (PID=62726) to work on /Users/naga/Desktop/airflow_env/lib/python3.12/site-packages/airflow/example_dags/tutorial_taskflow_api_virtualenv.py
[2026-06-21T20:37:43.502-0500] {processor.py:830} INFO - Processing file /Users/naga/Desktop/airflow_env/lib/python3.12/site-packages/airflow/example_dags/tutorial_taskflow_api_virtualenv.py for tasks to queue
[2026-06-21T20:37:43.502-0500] {logging_mixin.py:188} INFO - [2026-06-21T20:37:43.502-0500] {dagbag.py:545} INFO - Filling up the DagBag from /Users/naga/Desktop/airflow_env/lib/python3.12/site-packages/airflow/example_dags/tutorial_taskflow_api_virtualenv.py
[2026-06-21T20:37:43.609-0500] {processor.py:840} INFO - DAG(s) 'tutorial_taskflow_api_virtualenv' retrieved from /Users/naga/Desktop/airflow_env/lib/python3.12/site-packages/airflow/example_dags/tutorial_taskflow_api_virtualenv.py
[2026-06-21T20:37:43.771-0500] {logging_mixin.py:188} INFO - [2026-06-21T20:37:43.771-0500] {dag.py:3089} INFO - Sync 1 DAGs
[2026-06-21T20:37:43.779-0500] {logging_mixin.py:188} INFO - [2026-06-21T20:37:43.779-0500] {dag.py:3947} INFO - Setting next_dagrun for tutorial_taskflow_api_virtualenv to None, run_after=None
[2026-06-21T20:37:43.794-0500] {processor.py:183} INFO - Processing /Users/naga/Desktop/airflow_env/lib/python3.12/site-packages/airflow/example_dags/tutorial_taskflow_api_virtualenv.py took 0.296 seconds
[2026-06-21T20:39:16.927-0500] {processor.py:161} INFO - Started process (PID=62819) to work on /Users/naga/Desktop/airflow_env/lib/python3.12/site-packages/airflow/example_dags/tutorial_taskflow_api_virtualenv.py
[2026-06-21T20:39:16.928-0500] {processor.py:830} INFO - Processing file /Users/naga/Desktop/airflow_env/lib/python3.12/site-packages/airflow/example_dags/tutorial_taskflow_api_virtualenv.py for tasks to queue
[2026-06-21T20:39:16.929-0500] {logging_mixin.py:188} INFO - [2026-06-21T20:39:16.929-0500] {dagbag.py:545} INFO - Filling up the DagBag from /Users/naga/Desktop/airflow_env/lib/python3.12/site-packages/airflow/example_dags/tutorial_taskflow_api_virtualenv.py
[2026-06-21T20:39:16.970-0500] {processor.py:840} INFO - DAG(s) 'tutorial_taskflow_api_virtualenv' retrieved from /Users/naga/Desktop/airflow_env/lib/python3.12/site-packages/airflow/example_dags/tutorial_taskflow_api_virtualenv.py
[2026-06-21T20:39:17.132-0500] {logging_mixin.py:188} INFO - [2026-06-21T20:39:17.132-0500] {dag.py:3089} INFO - Sync 1 DAGs
[2026-06-21T20:39:17.139-0500] {logging_mixin.py:188} INFO - [2026-06-21T20:39:17.139-0500] {dag.py:3947} INFO - Setting next_dagrun for tutorial_taskflow_api_virtualenv to None, run_after=None
[2026-06-21T20:39:17.153-0500] {processor.py:183} INFO - Processing /Users/naga/Desktop/airflow_env/lib/python3.12/site-packages/airflow/example_dags/tutorial_taskflow_api_virtualenv.py took 0.228 seconds
[2026-06-21T20:40:50.329-0500] {processor.py:161} INFO - Started process (PID=62989) to work on /Users/naga/Desktop/airflow_env/lib/python3.12/site-packages/airflow/example_dags/tutorial_taskflow_api_virtualenv.py
[2026-06-21T20:40:50.331-0500] {processor.py:830} INFO - Processing file /Users/naga/Desktop/airflow_env/lib/python3.12/site-packages/airflow/example_dags/tutorial_taskflow_api_virtualenv.py for tasks to queue
[2026-06-21T20:40:50.331-0500] {logging_mixin.py:188} INFO - [2026-06-21T20:40:50.331-0500] {dagbag.py:545} INFO - Filling up the DagBag from /Users/naga/Desktop/airflow_env/lib/python3.12/site-packages/airflow/example_dags/tutorial_taskflow_api_virtualenv.py
[2026-06-21T20:40:50.376-0500] {processor.py:840} INFO - DAG(s) 'tutorial_taskflow_api_virtualenv' retrieved from /Users/naga/Desktop/airflow_env/lib/python3.12/site-packages/airflow/example_dags/tutorial_taskflow_api_virtualenv.py
[2026-06-21T20:40:50.535-0500] {logging_mixin.py:188} INFO - [2026-06-21T20:40:50.534-0500] {dag.py:3089} INFO - Sync 1 DAGs
[2026-06-21T20:40:50.542-0500] {logging_mixin.py:188} INFO - [2026-06-21T20:40:50.542-0500] {dag.py:3947} INFO - Setting next_dagrun for tutorial_taskflow_api_virtualenv to None, run_after=None
[2026-06-21T20:40:50.556-0500] {processor.py:183} INFO - Processing /Users/naga/Desktop/airflow_env/lib/python3.12/site-packages/airflow/example_dags/tutorial_taskflow_api_virtualenv.py took 0.229 seconds
[2026-06-21T20:42:23.216-0500] {processor.py:161} INFO - Started process (PID=63054) to work on /Users/naga/Desktop/airflow_env/lib/python3.12/site-packages/airflow/example_dags/tutorial_taskflow_api_virtualenv.py
[2026-06-21T20:42:23.217-0500] {processor.py:830} INFO - Processing file /Users/naga/Desktop/airflow_env/lib/python3.12/site-packages/airflow/example_dags/tutorial_taskflow_api_virtualenv.py for tasks to queue
[2026-06-21T20:42:23.218-0500] {logging_mixin.py:188} INFO - [2026-06-21T20:42:23.218-0500] {dagbag.py:545} INFO - Filling up the DagBag from /Users/naga/Desktop/airflow_env/lib/python3.12/site-packages/airflow/example_dags/tutorial_taskflow_api_virtualenv.py
[2026-06-21T20:42:23.251-0500] {processor.py:840} INFO - DAG(s) 'tutorial_taskflow_api_virtualenv' retrieved from /Users/naga/Desktop/airflow_env/lib/python3.12/site-packages/airflow/example_dags/tutorial_taskflow_api_virtualenv.py
[2026-06-21T20:42:23.384-0500] {logging_mixin.py:188} INFO - [2026-06-21T20:42:23.384-0500] {dag.py:3089} INFO - Sync 1 DAGs
[2026-06-21T20:42:23.391-0500] {logging_mixin.py:188} INFO - [2026-06-21T20:42:23.391-0500] {dag.py:3947} INFO - Setting next_dagrun for tutorial_taskflow_api_virtualenv to None, run_after=None
[2026-06-21T20:42:23.405-0500] {processor.py:183} INFO - Processing /Users/naga/Desktop/airflow_env/lib/python3.12/site-packages/airflow/example_dags/tutorial_taskflow_api_virtualenv.py took 0.191 seconds
[2026-06-21T20:43:48.215-0500] {processor.py:161} INFO - Started process (PID=63169) to work on /Users/naga/Desktop/airflow_env/lib/python3.12/site-packages/airflow/example_dags/tutorial_taskflow_api_virtualenv.py
[2026-06-21T20:43:48.216-0500] {processor.py:830} INFO - Processing file /Users/naga/Desktop/airflow_env/lib/python3.12/site-packages/airflow/example_dags/tutorial_taskflow_api_virtualenv.py for tasks to queue
[2026-06-21T20:43:48.217-0500] {logging_mixin.py:188} INFO - [2026-06-21T20:43:48.216-0500] {dagbag.py:545} INFO - Filling up the DagBag from /Users/naga/Desktop/airflow_env/lib/python3.12/site-packages/airflow/example_dags/tutorial_taskflow_api_virtualenv.py
[2026-06-21T20:43:48.259-0500] {processor.py:840} INFO - DAG(s) 'tutorial_taskflow_api_virtualenv' retrieved from /Users/naga/Desktop/airflow_env/lib/python3.12/site-packages/airflow/example_dags/tutorial_taskflow_api_virtualenv.py
[2026-06-21T20:43:48.418-0500] {logging_mixin.py:188} INFO - [2026-06-21T20:43:48.418-0500] {dag.py:3089} INFO - Sync 1 DAGs
[2026-06-21T20:43:48.425-0500] {logging_mixin.py:188} INFO - [2026-06-21T20:43:48.425-0500] {dag.py:3947} INFO - Setting next_dagrun for tutorial_taskflow_api_virtualenv to None, run_after=None
[2026-06-21T20:43:48.439-0500] {processor.py:183} INFO - Processing /Users/naga/Desktop/airflow_env/lib/python3.12/site-packages/airflow/example_dags/tutorial_taskflow_api_virtualenv.py took 0.227 seconds
[2026-06-21T20:45:13.671-0500] {processor.py:161} INFO - Started process (PID=63243) to work on /Users/naga/Desktop/airflow_env/lib/python3.12/site-packages/airflow/example_dags/tutorial_taskflow_api_virtualenv.py
[2026-06-21T20:45:13.672-0500] {processor.py:830} INFO - Processing file /Users/naga/Desktop/airflow_env/lib/python3.12/site-packages/airflow/example_dags/tutorial_taskflow_api_virtualenv.py for tasks to queue
[2026-06-21T20:45:13.673-0500] {logging_mixin.py:188} INFO - [2026-06-21T20:45:13.673-0500] {dagbag.py:545} INFO - Filling up the DagBag from /Users/naga/Desktop/airflow_env/lib/python3.12/site-packages/airflow/example_dags/tutorial_taskflow_api_virtualenv.py
[2026-06-21T20:45:13.709-0500] {processor.py:840} INFO - DAG(s) 'tutorial_taskflow_api_virtualenv' retrieved from /Users/naga/Desktop/airflow_env/lib/python3.12/site-packages/airflow/example_dags/tutorial_taskflow_api_virtualenv.py
[2026-06-21T20:45:13.861-0500] {logging_mixin.py:188} INFO - [2026-06-21T20:45:13.861-0500] {dag.py:3089} INFO - Sync 1 DAGs
[2026-06-21T20:45:13.869-0500] {logging_mixin.py:188} INFO - [2026-06-21T20:45:13.869-0500] {dag.py:3947} INFO - Setting next_dagrun for tutorial_taskflow_api_virtualenv to None, run_after=None
[2026-06-21T20:45:13.882-0500] {processor.py:183} INFO - Processing /Users/naga/Desktop/airflow_env/lib/python3.12/site-packages/airflow/example_dags/tutorial_taskflow_api_virtualenv.py took 0.213 seconds
[2026-06-21T20:46:39.044-0500] {processor.py:161} INFO - Started process (PID=63310) to work on /Users/naga/Desktop/airflow_env/lib/python3.12/site-packages/airflow/example_dags/tutorial_taskflow_api_virtualenv.py
[2026-06-21T20:46:39.045-0500] {processor.py:830} INFO - Processing file /Users/naga/Desktop/airflow_env/lib/python3.12/site-packages/airflow/example_dags/tutorial_taskflow_api_virtualenv.py for tasks to queue
[2026-06-21T20:46:39.046-0500] {logging_mixin.py:188} INFO - [2026-06-21T20:46:39.045-0500] {dagbag.py:545} INFO - Filling up the DagBag from /Users/naga/Desktop/airflow_env/lib/python3.12/site-packages/airflow/example_dags/tutorial_taskflow_api_virtualenv.py
[2026-06-21T20:46:39.084-0500] {processor.py:840} INFO - DAG(s) 'tutorial_taskflow_api_virtualenv' retrieved from /Users/naga/Desktop/airflow_env/lib/python3.12/site-packages/airflow/example_dags/tutorial_taskflow_api_virtualenv.py
[2026-06-21T20:46:39.239-0500] {logging_mixin.py:188} INFO - [2026-06-21T20:46:39.239-0500] {dag.py:3089} INFO - Sync 1 DAGs
[2026-06-21T20:46:39.247-0500] {logging_mixin.py:188} INFO - [2026-06-21T20:46:39.246-0500] {dag.py:3947} INFO - Setting next_dagrun for tutorial_taskflow_api_virtualenv to None, run_after=None
[2026-06-21T20:46:39.260-0500] {processor.py:183} INFO - Processing /Users/naga/Desktop/airflow_env/lib/python3.12/site-packages/airflow/example_dags/tutorial_taskflow_api_virtualenv.py took 0.218 seconds
[2026-06-21T20:48:04.078-0500] {processor.py:161} INFO - Started process (PID=63378) to work on /Users/naga/Desktop/airflow_env/lib/python3.12/site-packages/airflow/example_dags/tutorial_taskflow_api_virtualenv.py
[2026-06-21T20:48:04.080-0500] {processor.py:830} INFO - Processing file /Users/naga/Desktop/airflow_env/lib/python3.12/site-packages/airflow/example_dags/tutorial_taskflow_api_virtualenv.py for tasks to queue
[2026-06-21T20:48:04.080-0500] {logging_mixin.py:188} INFO - [2026-06-21T20:48:04.080-0500] {dagbag.py:545} INFO - Filling up the DagBag from /Users/naga/Desktop/airflow_env/lib/python3.12/site-packages/airflow/example_dags/tutorial_taskflow_api_virtualenv.py
[2026-06-21T20:48:04.116-0500] {processor.py:840} INFO - DAG(s) 'tutorial_taskflow_api_virtualenv' retrieved from /Users/naga/Desktop/airflow_env/lib/python3.12/site-packages/airflow/example_dags/tutorial_taskflow_api_virtualenv.py
[2026-06-21T20:48:04.275-0500] {logging_mixin.py:188} INFO - [2026-06-21T20:48:04.275-0500] {dag.py:3089} INFO - Sync 1 DAGs
[2026-06-21T20:48:04.283-0500] {logging_mixin.py:188} INFO - [2026-06-21T20:48:04.282-0500] {dag.py:3947} INFO - Setting next_dagrun for tutorial_taskflow_api_virtualenv to None, run_after=None
[2026-06-21T20:48:04.296-0500] {processor.py:183} INFO - Processing /Users/naga/Desktop/airflow_env/lib/python3.12/site-packages/airflow/example_dags/tutorial_taskflow_api_virtualenv.py took 0.220 seconds
[2026-06-21T20:49:28.892-0500] {processor.py:161} INFO - Started process (PID=63448) to work on /Users/naga/Desktop/airflow_env/lib/python3.12/site-packages/airflow/example_dags/tutorial_taskflow_api_virtualenv.py
[2026-06-21T20:49:28.894-0500] {processor.py:830} INFO - Processing file /Users/naga/Desktop/airflow_env/lib/python3.12/site-packages/airflow/example_dags/tutorial_taskflow_api_virtualenv.py for tasks to queue
[2026-06-21T20:49:28.894-0500] {logging_mixin.py:188} INFO - [2026-06-21T20:49:28.894-0500] {dagbag.py:545} INFO - Filling up the DagBag from /Users/naga/Desktop/airflow_env/lib/python3.12/site-packages/airflow/example_dags/tutorial_taskflow_api_virtualenv.py
[2026-06-21T20:49:28.928-0500] {processor.py:840} INFO - DAG(s) 'tutorial_taskflow_api_virtualenv' retrieved from /Users/naga/Desktop/airflow_env/lib/python3.12/site-packages/airflow/example_dags/tutorial_taskflow_api_virtualenv.py
[2026-06-21T20:49:29.063-0500] {logging_mixin.py:188} INFO - [2026-06-21T20:49:29.062-0500] {dag.py:3089} INFO - Sync 1 DAGs
[2026-06-21T20:49:29.070-0500] {logging_mixin.py:188} INFO - [2026-06-21T20:49:29.070-0500] {dag.py:3947} INFO - Setting next_dagrun for tutorial_taskflow_api_virtualenv to None, run_after=None
[2026-06-21T20:49:29.086-0500] {processor.py:183} INFO - Processing /Users/naga/Desktop/airflow_env/lib/python3.12/site-packages/airflow/example_dags/tutorial_taskflow_api_virtualenv.py took 0.195 seconds
[2026-06-21T20:50:56.303-0500] {processor.py:161} INFO - Started process (PID=63521) to work on /Users/naga/Desktop/airflow_env/lib/python3.12/site-packages/airflow/example_dags/tutorial_taskflow_api_virtualenv.py
[2026-06-21T20:50:56.305-0500] {processor.py:830} INFO - Processing file /Users/naga/Desktop/airflow_env/lib/python3.12/site-packages/airflow/example_dags/tutorial_taskflow_api_virtualenv.py for tasks to queue
[2026-06-21T20:50:56.305-0500] {logging_mixin.py:188} INFO - [2026-06-21T20:50:56.305-0500] {dagbag.py:545} INFO - Filling up the DagBag from /Users/naga/Desktop/airflow_env/lib/python3.12/site-packages/airflow/example_dags/tutorial_taskflow_api_virtualenv.py
[2026-06-21T20:50:56.342-0500] {processor.py:840} INFO - DAG(s) 'tutorial_taskflow_api_virtualenv' retrieved from /Users/naga/Desktop/airflow_env/lib/python3.12/site-packages/airflow/example_dags/tutorial_taskflow_api_virtualenv.py
[2026-06-21T20:50:56.503-0500] {logging_mixin.py:188} INFO - [2026-06-21T20:50:56.502-0500] {dag.py:3089} INFO - Sync 1 DAGs
[2026-06-21T20:50:56.510-0500] {logging_mixin.py:188} INFO - [2026-06-21T20:50:56.510-0500] {dag.py:3947} INFO - Setting next_dagrun for tutorial_taskflow_api_virtualenv to None, run_after=None
[2026-06-21T20:50:56.524-0500] {processor.py:183} INFO - Processing /Users/naga/Desktop/airflow_env/lib/python3.12/site-packages/airflow/example_dags/tutorial_taskflow_api_virtualenv.py took 0.223 seconds
[2026-06-21T20:52:25.416-0500] {processor.py:161} INFO - Started process (PID=63573) to work on /Users/naga/Desktop/airflow_env/lib/python3.12/site-packages/airflow/example_dags/tutorial_taskflow_api_virtualenv.py
[2026-06-21T20:52:25.417-0500] {processor.py:830} INFO - Processing file /Users/naga/Desktop/airflow_env/lib/python3.12/site-packages/airflow/example_dags/tutorial_taskflow_api_virtualenv.py for tasks to queue
[2026-06-21T20:52:25.418-0500] {logging_mixin.py:188} INFO - [2026-06-21T20:52:25.418-0500] {dagbag.py:545} INFO - Filling up the DagBag from /Users/naga/Desktop/airflow_env/lib/python3.12/site-packages/airflow/example_dags/tutorial_taskflow_api_virtualenv.py
[2026-06-21T20:52:25.459-0500] {processor.py:840} INFO - DAG(s) 'tutorial_taskflow_api_virtualenv' retrieved from /Users/naga/Desktop/airflow_env/lib/python3.12/site-packages/airflow/example_dags/tutorial_taskflow_api_virtualenv.py
[2026-06-21T20:52:25.612-0500] {logging_mixin.py:188} INFO - [2026-06-21T20:52:25.611-0500] {dag.py:3089} INFO - Sync 1 DAGs
[2026-06-21T20:52:25.619-0500] {logging_mixin.py:188} INFO - [2026-06-21T20:52:25.619-0500] {dag.py:3947} INFO - Setting next_dagrun for tutorial_taskflow_api_virtualenv to None, run_after=None
[2026-06-21T20:52:25.633-0500] {processor.py:183} INFO - Processing /Users/naga/Desktop/airflow_env/lib/python3.12/site-packages/airflow/example_dags/tutorial_taskflow_api_virtualenv.py took 0.218 seconds
[2026-06-21T20:53:52.344-0500] {processor.py:161} INFO - Started process (PID=63642) to work on /Users/naga/Desktop/airflow_env/lib/python3.12/site-packages/airflow/example_dags/tutorial_taskflow_api_virtualenv.py
[2026-06-21T20:53:52.346-0500] {processor.py:830} INFO - Processing file /Users/naga/Desktop/airflow_env/lib/python3.12/site-packages/airflow/example_dags/tutorial_taskflow_api_virtualenv.py for tasks to queue
[2026-06-21T20:53:52.346-0500] {logging_mixin.py:188} INFO - [2026-06-21T20:53:52.346-0500] {dagbag.py:545} INFO - Filling up the DagBag from /Users/naga/Desktop/airflow_env/lib/python3.12/site-packages/airflow/example_dags/tutorial_taskflow_api_virtualenv.py
[2026-06-21T20:53:52.380-0500] {processor.py:840} INFO - DAG(s) 'tutorial_taskflow_api_virtualenv' retrieved from /Users/naga/Desktop/airflow_env/lib/python3.12/site-packages/airflow/example_dags/tutorial_taskflow_api_virtualenv.py
[2026-06-21T20:53:52.515-0500] {logging_mixin.py:188} INFO - [2026-06-21T20:53:52.515-0500] {dag.py:3089} INFO - Sync 1 DAGs
[2026-06-21T20:53:52.523-0500] {logging_mixin.py:188} INFO - [2026-06-21T20:53:52.522-0500] {dag.py:3947} INFO - Setting next_dagrun for tutorial_taskflow_api_virtualenv to None, run_after=None
[2026-06-21T20:53:52.536-0500] {processor.py:183} INFO - Processing /Users/naga/Desktop/airflow_env/lib/python3.12/site-packages/airflow/example_dags/tutorial_taskflow_api_virtualenv.py took 0.194 seconds
[2026-06-21T20:55:24.086-0500] {processor.py:161} INFO - Started process (PID=63826) to work on /Users/naga/Desktop/airflow_env/lib/python3.12/site-packages/airflow/example_dags/tutorial_taskflow_api_virtualenv.py
[2026-06-21T20:55:24.087-0500] {processor.py:830} INFO - Processing file /Users/naga/Desktop/airflow_env/lib/python3.12/site-packages/airflow/example_dags/tutorial_taskflow_api_virtualenv.py for tasks to queue
[2026-06-21T20:55:24.087-0500] {logging_mixin.py:188} INFO - [2026-06-21T20:55:24.087-0500] {dagbag.py:545} INFO - Filling up the DagBag from /Users/naga/Desktop/airflow_env/lib/python3.12/site-packages/airflow/example_dags/tutorial_taskflow_api_virtualenv.py
[2026-06-21T20:55:24.127-0500] {processor.py:840} INFO - DAG(s) 'tutorial_taskflow_api_virtualenv' retrieved from /Users/naga/Desktop/airflow_env/lib/python3.12/site-packages/airflow/example_dags/tutorial_taskflow_api_virtualenv.py
[2026-06-21T20:55:24.282-0500] {logging_mixin.py:188} INFO - [2026-06-21T20:55:24.282-0500] {dag.py:3089} INFO - Sync 1 DAGs
[2026-06-21T20:55:24.290-0500] {logging_mixin.py:188} INFO - [2026-06-21T20:55:24.290-0500] {dag.py:3947} INFO - Setting next_dagrun for tutorial_taskflow_api_virtualenv to None, run_after=None
[2026-06-21T20:55:24.304-0500] {processor.py:183} INFO - Processing /Users/naga/Desktop/airflow_env/lib/python3.12/site-packages/airflow/example_dags/tutorial_taskflow_api_virtualenv.py took 0.220 seconds
[2026-06-21T20:56:52.473-0500] {processor.py:161} INFO - Started process (PID=63905) to work on /Users/naga/Desktop/airflow_env/lib/python3.12/site-packages/airflow/example_dags/tutorial_taskflow_api_virtualenv.py
[2026-06-21T20:56:52.474-0500] {processor.py:830} INFO - Processing file /Users/naga/Desktop/airflow_env/lib/python3.12/site-packages/airflow/example_dags/tutorial_taskflow_api_virtualenv.py for tasks to queue
[2026-06-21T20:56:52.474-0500] {logging_mixin.py:188} INFO - [2026-06-21T20:56:52.474-0500] {dagbag.py:545} INFO - Filling up the DagBag from /Users/naga/Desktop/airflow_env/lib/python3.12/site-packages/airflow/example_dags/tutorial_taskflow_api_virtualenv.py
[2026-06-21T20:56:52.518-0500] {processor.py:840} INFO - DAG(s) 'tutorial_taskflow_api_virtualenv' retrieved from /Users/naga/Desktop/airflow_env/lib/python3.12/site-packages/airflow/example_dags/tutorial_taskflow_api_virtualenv.py
[2026-06-21T20:56:52.684-0500] {logging_mixin.py:188} INFO - [2026-06-21T20:56:52.684-0500] {dag.py:3089} INFO - Sync 1 DAGs
[2026-06-21T20:56:52.692-0500] {logging_mixin.py:188} INFO - [2026-06-21T20:56:52.692-0500] {dag.py:3947} INFO - Setting next_dagrun for tutorial_taskflow_api_virtualenv to None, run_after=None
[2026-06-21T20:56:52.706-0500] {processor.py:183} INFO - Processing /Users/naga/Desktop/airflow_env/lib/python3.12/site-packages/airflow/example_dags/tutorial_taskflow_api_virtualenv.py took 0.236 seconds
[2026-06-21T20:58:18.205-0500] {processor.py:161} INFO - Started process (PID=63971) to work on /Users/naga/Desktop/airflow_env/lib/python3.12/site-packages/airflow/example_dags/tutorial_taskflow_api_virtualenv.py
[2026-06-21T20:58:18.206-0500] {processor.py:830} INFO - Processing file /Users/naga/Desktop/airflow_env/lib/python3.12/site-packages/airflow/example_dags/tutorial_taskflow_api_virtualenv.py for tasks to queue
[2026-06-21T20:58:18.207-0500] {logging_mixin.py:188} INFO - [2026-06-21T20:58:18.207-0500] {dagbag.py:545} INFO - Filling up the DagBag from /Users/naga/Desktop/airflow_env/lib/python3.12/site-packages/airflow/example_dags/tutorial_taskflow_api_virtualenv.py
[2026-06-21T20:58:18.241-0500] {processor.py:840} INFO - DAG(s) 'tutorial_taskflow_api_virtualenv' retrieved from /Users/naga/Desktop/airflow_env/lib/python3.12/site-packages/airflow/example_dags/tutorial_taskflow_api_virtualenv.py
[2026-06-21T20:58:18.378-0500] {logging_mixin.py:188} INFO - [2026-06-21T20:58:18.377-0500] {dag.py:3089} INFO - Sync 1 DAGs
[2026-06-21T20:58:18.385-0500] {logging_mixin.py:188} INFO - [2026-06-21T20:58:18.385-0500] {dag.py:3947} INFO - Setting next_dagrun for tutorial_taskflow_api_virtualenv to None, run_after=None
[2026-06-21T20:58:18.400-0500] {processor.py:183} INFO - Processing /Users/naga/Desktop/airflow_env/lib/python3.12/site-packages/airflow/example_dags/tutorial_taskflow_api_virtualenv.py took 0.197 seconds
[2026-06-21T21:41:56.828-0500] {processor.py:161} INFO - Started process (PID=64202) to work on /Users/naga/Desktop/airflow_env/lib/python3.12/site-packages/airflow/example_dags/tutorial_taskflow_api_virtualenv.py
[2026-06-21T21:41:56.829-0500] {processor.py:830} INFO - Processing file /Users/naga/Desktop/airflow_env/lib/python3.12/site-packages/airflow/example_dags/tutorial_taskflow_api_virtualenv.py for tasks to queue
[2026-06-21T21:41:56.830-0500] {logging_mixin.py:188} INFO - [2026-06-21T21:41:56.829-0500] {dagbag.py:545} INFO - Filling up the DagBag from /Users/naga/Desktop/airflow_env/lib/python3.12/site-packages/airflow/example_dags/tutorial_taskflow_api_virtualenv.py
[2026-06-21T21:41:56.872-0500] {processor.py:840} INFO - DAG(s) 'tutorial_taskflow_api_virtualenv' retrieved from /Users/naga/Desktop/airflow_env/lib/python3.12/site-packages/airflow/example_dags/tutorial_taskflow_api_virtualenv.py
[2026-06-21T21:41:57.043-0500] {logging_mixin.py:188} INFO - [2026-06-21T21:41:57.043-0500] {dag.py:3089} INFO - Sync 1 DAGs
[2026-06-21T21:41:57.052-0500] {logging_mixin.py:188} INFO - [2026-06-21T21:41:57.051-0500] {dag.py:3947} INFO - Setting next_dagrun for tutorial_taskflow_api_virtualenv to None, run_after=None
[2026-06-21T21:41:57.067-0500] {processor.py:183} INFO - Processing /Users/naga/Desktop/airflow_env/lib/python3.12/site-packages/airflow/example_dags/tutorial_taskflow_api_virtualenv.py took 0.242 seconds
[2026-06-21T21:43:42.856-0500] {processor.py:161} INFO - Started process (PID=64295) to work on /Users/naga/Desktop/airflow_env/lib/python3.12/site-packages/airflow/example_dags/tutorial_taskflow_api_virtualenv.py
[2026-06-21T21:43:42.857-0500] {processor.py:830} INFO - Processing file /Users/naga/Desktop/airflow_env/lib/python3.12/site-packages/airflow/example_dags/tutorial_taskflow_api_virtualenv.py for tasks to queue
[2026-06-21T21:43:42.857-0500] {logging_mixin.py:188} INFO - [2026-06-21T21:43:42.857-0500] {dagbag.py:545} INFO - Filling up the DagBag from /Users/naga/Desktop/airflow_env/lib/python3.12/site-packages/airflow/example_dags/tutorial_taskflow_api_virtualenv.py
[2026-06-21T21:43:42.901-0500] {processor.py:840} INFO - DAG(s) 'tutorial_taskflow_api_virtualenv' retrieved from /Users/naga/Desktop/airflow_env/lib/python3.12/site-packages/airflow/example_dags/tutorial_taskflow_api_virtualenv.py
[2026-06-21T21:43:43.055-0500] {logging_mixin.py:188} INFO - [2026-06-21T21:43:43.055-0500] {dag.py:3089} INFO - Sync 1 DAGs
[2026-06-21T21:43:43.062-0500] {logging_mixin.py:188} INFO - [2026-06-21T21:43:43.062-0500] {dag.py:3947} INFO - Setting next_dagrun for tutorial_taskflow_api_virtualenv to None, run_after=None
[2026-06-21T21:43:43.076-0500] {processor.py:183} INFO - Processing /Users/naga/Desktop/airflow_env/lib/python3.12/site-packages/airflow/example_dags/tutorial_taskflow_api_virtualenv.py took 0.222 seconds
[2026-06-21T21:45:15.951-0500] {processor.py:161} INFO - Started process (PID=64368) to work on /Users/naga/Desktop/airflow_env/lib/python3.12/site-packages/airflow/example_dags/tutorial_taskflow_api_virtualenv.py
[2026-06-21T21:45:15.953-0500] {processor.py:830} INFO - Processing file /Users/naga/Desktop/airflow_env/lib/python3.12/site-packages/airflow/example_dags/tutorial_taskflow_api_virtualenv.py for tasks to queue
[2026-06-21T21:45:15.953-0500] {logging_mixin.py:188} INFO - [2026-06-21T21:45:15.953-0500] {dagbag.py:545} INFO - Filling up the DagBag from /Users/naga/Desktop/airflow_env/lib/python3.12/site-packages/airflow/example_dags/tutorial_taskflow_api_virtualenv.py
[2026-06-21T21:45:15.995-0500] {processor.py:840} INFO - DAG(s) 'tutorial_taskflow_api_virtualenv' retrieved from /Users/naga/Desktop/airflow_env/lib/python3.12/site-packages/airflow/example_dags/tutorial_taskflow_api_virtualenv.py
[2026-06-21T21:45:16.154-0500] {logging_mixin.py:188} INFO - [2026-06-21T21:45:16.153-0500] {dag.py:3089} INFO - Sync 1 DAGs
[2026-06-21T21:45:16.161-0500] {logging_mixin.py:188} INFO - [2026-06-21T21:45:16.161-0500] {dag.py:3947} INFO - Setting next_dagrun for tutorial_taskflow_api_virtualenv to None, run_after=None
[2026-06-21T21:45:16.175-0500] {processor.py:183} INFO - Processing /Users/naga/Desktop/airflow_env/lib/python3.12/site-packages/airflow/example_dags/tutorial_taskflow_api_virtualenv.py took 0.226 seconds
[2026-06-21T21:47:24.276-0500] {processor.py:161} INFO - Started process (PID=64654) to work on /Users/naga/Desktop/airflow_env/lib/python3.12/site-packages/airflow/example_dags/tutorial_taskflow_api_virtualenv.py
[2026-06-21T21:47:24.278-0500] {processor.py:830} INFO - Processing file /Users/naga/Desktop/airflow_env/lib/python3.12/site-packages/airflow/example_dags/tutorial_taskflow_api_virtualenv.py for tasks to queue
[2026-06-21T21:47:24.278-0500] {logging_mixin.py:188} INFO - [2026-06-21T21:47:24.278-0500] {dagbag.py:545} INFO - Filling up the DagBag from /Users/naga/Desktop/airflow_env/lib/python3.12/site-packages/airflow/example_dags/tutorial_taskflow_api_virtualenv.py
[2026-06-21T21:47:24.321-0500] {processor.py:840} INFO - DAG(s) 'tutorial_taskflow_api_virtualenv' retrieved from /Users/naga/Desktop/airflow_env/lib/python3.12/site-packages/airflow/example_dags/tutorial_taskflow_api_virtualenv.py
[2026-06-21T21:47:24.485-0500] {logging_mixin.py:188} INFO - [2026-06-21T21:47:24.484-0500] {dag.py:3089} INFO - Sync 1 DAGs
[2026-06-21T21:47:24.491-0500] {logging_mixin.py:188} INFO - [2026-06-21T21:47:24.491-0500] {dag.py:3947} INFO - Setting next_dagrun for tutorial_taskflow_api_virtualenv to None, run_after=None
[2026-06-21T21:47:24.506-0500] {processor.py:183} INFO - Processing /Users/naga/Desktop/airflow_env/lib/python3.12/site-packages/airflow/example_dags/tutorial_taskflow_api_virtualenv.py took 0.232 seconds
[2026-06-21T21:48:58.148-0500] {processor.py:161} INFO - Started process (PID=64721) to work on /Users/naga/Desktop/airflow_env/lib/python3.12/site-packages/airflow/example_dags/tutorial_taskflow_api_virtualenv.py
[2026-06-21T21:48:58.149-0500] {processor.py:830} INFO - Processing file /Users/naga/Desktop/airflow_env/lib/python3.12/site-packages/airflow/example_dags/tutorial_taskflow_api_virtualenv.py for tasks to queue
[2026-06-21T21:48:58.150-0500] {logging_mixin.py:188} INFO - [2026-06-21T21:48:58.150-0500] {dagbag.py:545} INFO - Filling up the DagBag from /Users/naga/Desktop/airflow_env/lib/python3.12/site-packages/airflow/example_dags/tutorial_taskflow_api_virtualenv.py
[2026-06-21T21:48:58.192-0500] {processor.py:840} INFO - DAG(s) 'tutorial_taskflow_api_virtualenv' retrieved from /Users/naga/Desktop/airflow_env/lib/python3.12/site-packages/airflow/example_dags/tutorial_taskflow_api_virtualenv.py
[2026-06-21T21:48:58.345-0500] {logging_mixin.py:188} INFO - [2026-06-21T21:48:58.345-0500] {dag.py:3089} INFO - Sync 1 DAGs
[2026-06-21T21:48:58.352-0500] {logging_mixin.py:188} INFO - [2026-06-21T21:48:58.352-0500] {dag.py:3947} INFO - Setting next_dagrun for tutorial_taskflow_api_virtualenv to None, run_after=None
[2026-06-21T21:48:58.365-0500] {processor.py:183} INFO - Processing /Users/naga/Desktop/airflow_env/lib/python3.12/site-packages/airflow/example_dags/tutorial_taskflow_api_virtualenv.py took 0.219 seconds
[2026-06-21T21:50:58.047-0500] {processor.py:161} INFO - Started process (PID=64817) to work on /Users/naga/Desktop/airflow_env/lib/python3.12/site-packages/airflow/example_dags/tutorial_taskflow_api_virtualenv.py
[2026-06-21T21:50:58.048-0500] {processor.py:830} INFO - Processing file /Users/naga/Desktop/airflow_env/lib/python3.12/site-packages/airflow/example_dags/tutorial_taskflow_api_virtualenv.py for tasks to queue
[2026-06-21T21:50:58.049-0500] {logging_mixin.py:188} INFO - [2026-06-21T21:50:58.048-0500] {dagbag.py:545} INFO - Filling up the DagBag from /Users/naga/Desktop/airflow_env/lib/python3.12/site-packages/airflow/example_dags/tutorial_taskflow_api_virtualenv.py
[2026-06-21T21:50:58.087-0500] {processor.py:840} INFO - DAG(s) 'tutorial_taskflow_api_virtualenv' retrieved from /Users/naga/Desktop/airflow_env/lib/python3.12/site-packages/airflow/example_dags/tutorial_taskflow_api_virtualenv.py
[2026-06-21T21:50:58.245-0500] {logging_mixin.py:188} INFO - [2026-06-21T21:50:58.245-0500] {dag.py:3089} INFO - Sync 1 DAGs
[2026-06-21T21:50:58.252-0500] {logging_mixin.py:188} INFO - [2026-06-21T21:50:58.252-0500] {dag.py:3947} INFO - Setting next_dagrun for tutorial_taskflow_api_virtualenv to None, run_after=None
[2026-06-21T21:50:58.265-0500] {processor.py:183} INFO - Processing /Users/naga/Desktop/airflow_env/lib/python3.12/site-packages/airflow/example_dags/tutorial_taskflow_api_virtualenv.py took 0.221 seconds
[2026-06-21T21:53:07.043-0500] {processor.py:161} INFO - Started process (PID=64938) to work on /Users/naga/Desktop/airflow_env/lib/python3.12/site-packages/airflow/example_dags/tutorial_taskflow_api_virtualenv.py
[2026-06-21T21:53:07.045-0500] {processor.py:830} INFO - Processing file /Users/naga/Desktop/airflow_env/lib/python3.12/site-packages/airflow/example_dags/tutorial_taskflow_api_virtualenv.py for tasks to queue
[2026-06-21T21:53:07.045-0500] {logging_mixin.py:188} INFO - [2026-06-21T21:53:07.045-0500] {dagbag.py:545} INFO - Filling up the DagBag from /Users/naga/Desktop/airflow_env/lib/python3.12/site-packages/airflow/example_dags/tutorial_taskflow_api_virtualenv.py
[2026-06-21T21:53:07.082-0500] {processor.py:840} INFO - DAG(s) 'tutorial_taskflow_api_virtualenv' retrieved from /Users/naga/Desktop/airflow_env/lib/python3.12/site-packages/airflow/example_dags/tutorial_taskflow_api_virtualenv.py
[2026-06-21T21:53:07.330-0500] {logging_mixin.py:188} INFO - [2026-06-21T21:53:07.329-0500] {dag.py:3089} INFO - Sync 1 DAGs
[2026-06-21T21:53:07.338-0500] {logging_mixin.py:188} INFO - [2026-06-21T21:53:07.338-0500] {dag.py:3947} INFO - Setting next_dagrun for tutorial_taskflow_api_virtualenv to None, run_after=None
[2026-06-21T21:53:07.355-0500] {processor.py:183} INFO - Processing /Users/naga/Desktop/airflow_env/lib/python3.12/site-packages/airflow/example_dags/tutorial_taskflow_api_virtualenv.py took 0.314 seconds
[2026-06-21T21:54:58.145-0500] {processor.py:161} INFO - Started process (PID=65288) to work on /Users/naga/Desktop/airflow_env/lib/python3.12/site-packages/airflow/example_dags/tutorial_taskflow_api_virtualenv.py
[2026-06-21T21:54:58.146-0500] {processor.py:830} INFO - Processing file /Users/naga/Desktop/airflow_env/lib/python3.12/site-packages/airflow/example_dags/tutorial_taskflow_api_virtualenv.py for tasks to queue
[2026-06-21T21:54:58.146-0500] {logging_mixin.py:188} INFO - [2026-06-21T21:54:58.146-0500] {dagbag.py:545} INFO - Filling up the DagBag from /Users/naga/Desktop/airflow_env/lib/python3.12/site-packages/airflow/example_dags/tutorial_taskflow_api_virtualenv.py
[2026-06-21T21:54:58.190-0500] {processor.py:840} INFO - DAG(s) 'tutorial_taskflow_api_virtualenv' retrieved from /Users/naga/Desktop/airflow_env/lib/python3.12/site-packages/airflow/example_dags/tutorial_taskflow_api_virtualenv.py
[2026-06-21T21:54:58.354-0500] {logging_mixin.py:188} INFO - [2026-06-21T21:54:58.354-0500] {dag.py:3089} INFO - Sync 1 DAGs
[2026-06-21T21:54:58.361-0500] {logging_mixin.py:188} INFO - [2026-06-21T21:54:58.361-0500] {dag.py:3947} INFO - Setting next_dagrun for tutorial_taskflow_api_virtualenv to None, run_after=None
[2026-06-21T21:54:58.375-0500] {processor.py:183} INFO - Processing /Users/naga/Desktop/airflow_env/lib/python3.12/site-packages/airflow/example_dags/tutorial_taskflow_api_virtualenv.py took 0.232 seconds
[2026-06-21T21:56:36.879-0500] {processor.py:161} INFO - Started process (PID=65466) to work on /Users/naga/Desktop/airflow_env/lib/python3.12/site-packages/airflow/example_dags/tutorial_taskflow_api_virtualenv.py
[2026-06-21T21:56:36.880-0500] {processor.py:830} INFO - Processing file /Users/naga/Desktop/airflow_env/lib/python3.12/site-packages/airflow/example_dags/tutorial_taskflow_api_virtualenv.py for tasks to queue
[2026-06-21T21:56:36.881-0500] {logging_mixin.py:188} INFO - [2026-06-21T21:56:36.881-0500] {dagbag.py:545} INFO - Filling up the DagBag from /Users/naga/Desktop/airflow_env/lib/python3.12/site-packages/airflow/example_dags/tutorial_taskflow_api_virtualenv.py
[2026-06-21T21:56:36.917-0500] {processor.py:840} INFO - DAG(s) 'tutorial_taskflow_api_virtualenv' retrieved from /Users/naga/Desktop/airflow_env/lib/python3.12/site-packages/airflow/example_dags/tutorial_taskflow_api_virtualenv.py
[2026-06-21T21:56:37.071-0500] {logging_mixin.py:188} INFO - [2026-06-21T21:56:37.070-0500] {dag.py:3089} INFO - Sync 1 DAGs
[2026-06-21T21:56:37.077-0500] {logging_mixin.py:188} INFO - [2026-06-21T21:56:37.077-0500] {dag.py:3947} INFO - Setting next_dagrun for tutorial_taskflow_api_virtualenv to None, run_after=None
[2026-06-21T21:56:37.092-0500] {processor.py:183} INFO - Processing /Users/naga/Desktop/airflow_env/lib/python3.12/site-packages/airflow/example_dags/tutorial_taskflow_api_virtualenv.py took 0.215 seconds
