[2026-06-21T14:43:30.825-0500] {processor.py:161} INFO - Started process (PID=54251) to work on /Users/naga/Desktop/airflow_env/lib/python3.12/site-packages/airflow/example_dags/subdags/subdag.py
[2026-06-21T14:43:30.826-0500] {processor.py:830} INFO - Processing file /Users/naga/Desktop/airflow_env/lib/python3.12/site-packages/airflow/example_dags/subdags/subdag.py for tasks to queue
[2026-06-21T14:43:30.827-0500] {logging_mixin.py:188} INFO - [2026-06-21T14:43:30.826-0500] {dagbag.py:545} INFO - Filling up the DagBag from /Users/naga/Desktop/airflow_env/lib/python3.12/site-packages/airflow/example_dags/subdags/subdag.py
[2026-06-21T14:43:30.830-0500] {processor.py:842} WARNING - No viable dags retrieved from /Users/naga/Desktop/airflow_env/lib/python3.12/site-packages/airflow/example_dags/subdags/subdag.py
[2026-06-21T14:43:30.897-0500] {processor.py:183} INFO - Processing /Users/naga/Desktop/airflow_env/lib/python3.12/site-packages/airflow/example_dags/subdags/subdag.py took 0.074 seconds
[2026-06-21T14:45:44.764-0500] {processor.py:161} INFO - Started process (PID=54367) to work on /Users/naga/Desktop/airflow_env/lib/python3.12/site-packages/airflow/example_dags/subdags/subdag.py
[2026-06-21T14:45:44.765-0500] {processor.py:830} INFO - Processing file /Users/naga/Desktop/airflow_env/lib/python3.12/site-packages/airflow/example_dags/subdags/subdag.py for tasks to queue
[2026-06-21T14:45:44.766-0500] {logging_mixin.py:188} INFO - [2026-06-21T14:45:44.766-0500] {dagbag.py:545} INFO - Filling up the DagBag from /Users/naga/Desktop/airflow_env/lib/python3.12/site-packages/airflow/example_dags/subdags/subdag.py
[2026-06-21T14:45:44.768-0500] {processor.py:842} WARNING - No viable dags retrieved from /Users/naga/Desktop/airflow_env/lib/python3.12/site-packages/airflow/example_dags/subdags/subdag.py
[2026-06-21T14:45:44.831-0500] {processor.py:183} INFO - Processing /Users/naga/Desktop/airflow_env/lib/python3.12/site-packages/airflow/example_dags/subdags/subdag.py took 0.069 seconds
[2026-06-21T14:47:19.104-0500] {processor.py:161} INFO - Started process (PID=54454) to work on /Users/naga/Desktop/airflow_env/lib/python3.12/site-packages/airflow/example_dags/subdags/subdag.py
[2026-06-21T14:47:19.105-0500] {processor.py:830} INFO - Processing file /Users/naga/Desktop/airflow_env/lib/python3.12/site-packages/airflow/example_dags/subdags/subdag.py for tasks to queue
[2026-06-21T14:47:19.106-0500] {logging_mixin.py:188} INFO - [2026-06-21T14:47:19.106-0500] {dagbag.py:545} INFO - Filling up the DagBag from /Users/naga/Desktop/airflow_env/lib/python3.12/site-packages/airflow/example_dags/subdags/subdag.py
[2026-06-21T14:47:19.108-0500] {processor.py:842} WARNING - No viable dags retrieved from /Users/naga/Desktop/airflow_env/lib/python3.12/site-packages/airflow/example_dags/subdags/subdag.py
[2026-06-21T14:47:19.170-0500] {processor.py:183} INFO - Processing /Users/naga/Desktop/airflow_env/lib/python3.12/site-packages/airflow/example_dags/subdags/subdag.py took 0.069 seconds
[2026-06-21T14:48:51.113-0500] {processor.py:161} INFO - Started process (PID=54536) to work on /Users/naga/Desktop/airflow_env/lib/python3.12/site-packages/airflow/example_dags/subdags/subdag.py
[2026-06-21T14:48:51.114-0500] {processor.py:830} INFO - Processing file /Users/naga/Desktop/airflow_env/lib/python3.12/site-packages/airflow/example_dags/subdags/subdag.py for tasks to queue
[2026-06-21T14:48:51.115-0500] {logging_mixin.py:188} INFO - [2026-06-21T14:48:51.115-0500] {dagbag.py:545} INFO - Filling up the DagBag from /Users/naga/Desktop/airflow_env/lib/python3.12/site-packages/airflow/example_dags/subdags/subdag.py
[2026-06-21T14:48:51.117-0500] {processor.py:842} WARNING - No viable dags retrieved from /Users/naga/Desktop/airflow_env/lib/python3.12/site-packages/airflow/example_dags/subdags/subdag.py
[2026-06-21T14:48:51.181-0500] {processor.py:183} INFO - Processing /Users/naga/Desktop/airflow_env/lib/python3.12/site-packages/airflow/example_dags/subdags/subdag.py took 0.070 seconds
[2026-06-21T14:50:18.927-0500] {processor.py:161} INFO - Started process (PID=54666) to work on /Users/naga/Desktop/airflow_env/lib/python3.12/site-packages/airflow/example_dags/subdags/subdag.py
[2026-06-21T14:50:18.928-0500] {processor.py:830} INFO - Processing file /Users/naga/Desktop/airflow_env/lib/python3.12/site-packages/airflow/example_dags/subdags/subdag.py for tasks to queue
[2026-06-21T14:50:18.929-0500] {logging_mixin.py:188} INFO - [2026-06-21T14:50:18.928-0500] {dagbag.py:545} INFO - Filling up the DagBag from /Users/naga/Desktop/airflow_env/lib/python3.12/site-packages/airflow/example_dags/subdags/subdag.py
[2026-06-21T14:50:18.931-0500] {processor.py:842} WARNING - No viable dags retrieved from /Users/naga/Desktop/airflow_env/lib/python3.12/site-packages/airflow/example_dags/subdags/subdag.py
[2026-06-21T14:50:18.992-0500] {processor.py:183} INFO - Processing /Users/naga/Desktop/airflow_env/lib/python3.12/site-packages/airflow/example_dags/subdags/subdag.py took 0.068 seconds
[2026-06-21T14:51:46.991-0500] {processor.py:161} INFO - Started process (PID=54722) to work on /Users/naga/Desktop/airflow_env/lib/python3.12/site-packages/airflow/example_dags/subdags/subdag.py
[2026-06-21T14:51:46.992-0500] {processor.py:830} INFO - Processing file /Users/naga/Desktop/airflow_env/lib/python3.12/site-packages/airflow/example_dags/subdags/subdag.py for tasks to queue
[2026-06-21T14:51:46.993-0500] {logging_mixin.py:188} INFO - [2026-06-21T14:51:46.992-0500] {dagbag.py:545} INFO - Filling up the DagBag from /Users/naga/Desktop/airflow_env/lib/python3.12/site-packages/airflow/example_dags/subdags/subdag.py
[2026-06-21T14:51:46.995-0500] {processor.py:842} WARNING - No viable dags retrieved from /Users/naga/Desktop/airflow_env/lib/python3.12/site-packages/airflow/example_dags/subdags/subdag.py
[2026-06-21T14:51:47.062-0500] {processor.py:183} INFO - Processing /Users/naga/Desktop/airflow_env/lib/python3.12/site-packages/airflow/example_dags/subdags/subdag.py took 0.076 seconds
[2026-06-21T14:53:14.483-0500] {processor.py:161} INFO - Started process (PID=54801) to work on /Users/naga/Desktop/airflow_env/lib/python3.12/site-packages/airflow/example_dags/subdags/subdag.py
[2026-06-21T14:53:14.484-0500] {processor.py:830} INFO - Processing file /Users/naga/Desktop/airflow_env/lib/python3.12/site-packages/airflow/example_dags/subdags/subdag.py for tasks to queue
[2026-06-21T14:53:14.485-0500] {logging_mixin.py:188} INFO - [2026-06-21T14:53:14.484-0500] {dagbag.py:545} INFO - Filling up the DagBag from /Users/naga/Desktop/airflow_env/lib/python3.12/site-packages/airflow/example_dags/subdags/subdag.py
[2026-06-21T14:53:14.486-0500] {processor.py:842} WARNING - No viable dags retrieved from /Users/naga/Desktop/airflow_env/lib/python3.12/site-packages/airflow/example_dags/subdags/subdag.py
[2026-06-21T14:53:14.549-0500] {processor.py:183} INFO - Processing /Users/naga/Desktop/airflow_env/lib/python3.12/site-packages/airflow/example_dags/subdags/subdag.py took 0.068 seconds
[2026-06-21T14:54:44.011-0500] {processor.py:161} INFO - Started process (PID=54894) to work on /Users/naga/Desktop/airflow_env/lib/python3.12/site-packages/airflow/example_dags/subdags/subdag.py
[2026-06-21T14:54:44.012-0500] {processor.py:830} INFO - Processing file /Users/naga/Desktop/airflow_env/lib/python3.12/site-packages/airflow/example_dags/subdags/subdag.py for tasks to queue
[2026-06-21T14:54:44.013-0500] {logging_mixin.py:188} INFO - [2026-06-21T14:54:44.012-0500] {dagbag.py:545} INFO - Filling up the DagBag from /Users/naga/Desktop/airflow_env/lib/python3.12/site-packages/airflow/example_dags/subdags/subdag.py
[2026-06-21T14:54:44.015-0500] {processor.py:842} WARNING - No viable dags retrieved from /Users/naga/Desktop/airflow_env/lib/python3.12/site-packages/airflow/example_dags/subdags/subdag.py
[2026-06-21T14:54:44.080-0500] {processor.py:183} INFO - Processing /Users/naga/Desktop/airflow_env/lib/python3.12/site-packages/airflow/example_dags/subdags/subdag.py took 0.072 seconds
[2026-06-21T14:56:20.096-0500] {processor.py:161} INFO - Started process (PID=55146) to work on /Users/naga/Desktop/airflow_env/lib/python3.12/site-packages/airflow/example_dags/subdags/subdag.py
[2026-06-21T14:56:20.099-0500] {processor.py:830} INFO - Processing file /Users/naga/Desktop/airflow_env/lib/python3.12/site-packages/airflow/example_dags/subdags/subdag.py for tasks to queue
[2026-06-21T14:56:20.100-0500] {logging_mixin.py:188} INFO - [2026-06-21T14:56:20.100-0500] {dagbag.py:545} INFO - Filling up the DagBag from /Users/naga/Desktop/airflow_env/lib/python3.12/site-packages/airflow/example_dags/subdags/subdag.py
[2026-06-21T14:56:20.105-0500] {processor.py:842} WARNING - No viable dags retrieved from /Users/naga/Desktop/airflow_env/lib/python3.12/site-packages/airflow/example_dags/subdags/subdag.py
[2026-06-21T14:56:20.179-0500] {processor.py:183} INFO - Processing /Users/naga/Desktop/airflow_env/lib/python3.12/site-packages/airflow/example_dags/subdags/subdag.py took 0.086 seconds
[2026-06-21T14:57:55.178-0500] {processor.py:161} INFO - Started process (PID=55254) to work on /Users/naga/Desktop/airflow_env/lib/python3.12/site-packages/airflow/example_dags/subdags/subdag.py
[2026-06-21T14:57:55.179-0500] {processor.py:830} INFO - Processing file /Users/naga/Desktop/airflow_env/lib/python3.12/site-packages/airflow/example_dags/subdags/subdag.py for tasks to queue
[2026-06-21T14:57:55.180-0500] {logging_mixin.py:188} INFO - [2026-06-21T14:57:55.179-0500] {dagbag.py:545} INFO - Filling up the DagBag from /Users/naga/Desktop/airflow_env/lib/python3.12/site-packages/airflow/example_dags/subdags/subdag.py
[2026-06-21T14:57:55.182-0500] {processor.py:842} WARNING - No viable dags retrieved from /Users/naga/Desktop/airflow_env/lib/python3.12/site-packages/airflow/example_dags/subdags/subdag.py
[2026-06-21T14:57:55.245-0500] {processor.py:183} INFO - Processing /Users/naga/Desktop/airflow_env/lib/python3.12/site-packages/airflow/example_dags/subdags/subdag.py took 0.069 seconds
[2026-06-21T14:59:30.260-0500] {processor.py:161} INFO - Started process (PID=55349) to work on /Users/naga/Desktop/airflow_env/lib/python3.12/site-packages/airflow/example_dags/subdags/subdag.py
[2026-06-21T14:59:30.261-0500] {processor.py:830} INFO - Processing file /Users/naga/Desktop/airflow_env/lib/python3.12/site-packages/airflow/example_dags/subdags/subdag.py for tasks to queue
[2026-06-21T14:59:30.261-0500] {logging_mixin.py:188} INFO - [2026-06-21T14:59:30.261-0500] {dagbag.py:545} INFO - Filling up the DagBag from /Users/naga/Desktop/airflow_env/lib/python3.12/site-packages/airflow/example_dags/subdags/subdag.py
[2026-06-21T14:59:30.263-0500] {processor.py:842} WARNING - No viable dags retrieved from /Users/naga/Desktop/airflow_env/lib/python3.12/site-packages/airflow/example_dags/subdags/subdag.py
[2026-06-21T14:59:30.325-0500] {processor.py:183} INFO - Processing /Users/naga/Desktop/airflow_env/lib/python3.12/site-packages/airflow/example_dags/subdags/subdag.py took 0.068 seconds
[2026-06-21T15:01:10.219-0500] {processor.py:161} INFO - Started process (PID=55437) to work on /Users/naga/Desktop/airflow_env/lib/python3.12/site-packages/airflow/example_dags/subdags/subdag.py
[2026-06-21T15:01:10.220-0500] {processor.py:830} INFO - Processing file /Users/naga/Desktop/airflow_env/lib/python3.12/site-packages/airflow/example_dags/subdags/subdag.py for tasks to queue
[2026-06-21T15:01:10.220-0500] {logging_mixin.py:188} INFO - [2026-06-21T15:01:10.220-0500] {dagbag.py:545} INFO - Filling up the DagBag from /Users/naga/Desktop/airflow_env/lib/python3.12/site-packages/airflow/example_dags/subdags/subdag.py
[2026-06-21T15:01:10.222-0500] {processor.py:842} WARNING - No viable dags retrieved from /Users/naga/Desktop/airflow_env/lib/python3.12/site-packages/airflow/example_dags/subdags/subdag.py
[2026-06-21T15:01:10.283-0500] {processor.py:183} INFO - Processing /Users/naga/Desktop/airflow_env/lib/python3.12/site-packages/airflow/example_dags/subdags/subdag.py took 0.067 seconds
[2026-06-21T15:02:40.846-0500] {processor.py:161} INFO - Started process (PID=55500) to work on /Users/naga/Desktop/airflow_env/lib/python3.12/site-packages/airflow/example_dags/subdags/subdag.py
[2026-06-21T15:02:40.847-0500] {processor.py:830} INFO - Processing file /Users/naga/Desktop/airflow_env/lib/python3.12/site-packages/airflow/example_dags/subdags/subdag.py for tasks to queue
[2026-06-21T15:02:40.848-0500] {logging_mixin.py:188} INFO - [2026-06-21T15:02:40.847-0500] {dagbag.py:545} INFO - Filling up the DagBag from /Users/naga/Desktop/airflow_env/lib/python3.12/site-packages/airflow/example_dags/subdags/subdag.py
[2026-06-21T15:02:40.849-0500] {processor.py:842} WARNING - No viable dags retrieved from /Users/naga/Desktop/airflow_env/lib/python3.12/site-packages/airflow/example_dags/subdags/subdag.py
[2026-06-21T15:02:40.910-0500] {processor.py:183} INFO - Processing /Users/naga/Desktop/airflow_env/lib/python3.12/site-packages/airflow/example_dags/subdags/subdag.py took 0.066 seconds
[2026-06-21T15:04:14.214-0500] {processor.py:161} INFO - Started process (PID=55577) to work on /Users/naga/Desktop/airflow_env/lib/python3.12/site-packages/airflow/example_dags/subdags/subdag.py
[2026-06-21T15:04:14.215-0500] {processor.py:830} INFO - Processing file /Users/naga/Desktop/airflow_env/lib/python3.12/site-packages/airflow/example_dags/subdags/subdag.py for tasks to queue
[2026-06-21T15:04:14.216-0500] {logging_mixin.py:188} INFO - [2026-06-21T15:04:14.215-0500] {dagbag.py:545} INFO - Filling up the DagBag from /Users/naga/Desktop/airflow_env/lib/python3.12/site-packages/airflow/example_dags/subdags/subdag.py
[2026-06-21T15:04:14.218-0500] {processor.py:842} WARNING - No viable dags retrieved from /Users/naga/Desktop/airflow_env/lib/python3.12/site-packages/airflow/example_dags/subdags/subdag.py
[2026-06-21T15:04:14.279-0500] {processor.py:183} INFO - Processing /Users/naga/Desktop/airflow_env/lib/python3.12/site-packages/airflow/example_dags/subdags/subdag.py took 0.068 seconds
[2026-06-21T15:05:42.854-0500] {processor.py:161} INFO - Started process (PID=55644) to work on /Users/naga/Desktop/airflow_env/lib/python3.12/site-packages/airflow/example_dags/subdags/subdag.py
[2026-06-21T15:05:42.855-0500] {processor.py:830} INFO - Processing file /Users/naga/Desktop/airflow_env/lib/python3.12/site-packages/airflow/example_dags/subdags/subdag.py for tasks to queue
[2026-06-21T15:05:42.856-0500] {logging_mixin.py:188} INFO - [2026-06-21T15:05:42.856-0500] {dagbag.py:545} INFO - Filling up the DagBag from /Users/naga/Desktop/airflow_env/lib/python3.12/site-packages/airflow/example_dags/subdags/subdag.py
[2026-06-21T15:05:42.858-0500] {processor.py:842} WARNING - No viable dags retrieved from /Users/naga/Desktop/airflow_env/lib/python3.12/site-packages/airflow/example_dags/subdags/subdag.py
[2026-06-21T15:05:42.920-0500] {processor.py:183} INFO - Processing /Users/naga/Desktop/airflow_env/lib/python3.12/site-packages/airflow/example_dags/subdags/subdag.py took 0.068 seconds
[2026-06-21T15:07:19.759-0500] {processor.py:161} INFO - Started process (PID=55721) to work on /Users/naga/Desktop/airflow_env/lib/python3.12/site-packages/airflow/example_dags/subdags/subdag.py
[2026-06-21T15:07:19.761-0500] {processor.py:830} INFO - Processing file /Users/naga/Desktop/airflow_env/lib/python3.12/site-packages/airflow/example_dags/subdags/subdag.py for tasks to queue
[2026-06-21T15:07:19.761-0500] {logging_mixin.py:188} INFO - [2026-06-21T15:07:19.761-0500] {dagbag.py:545} INFO - Filling up the DagBag from /Users/naga/Desktop/airflow_env/lib/python3.12/site-packages/airflow/example_dags/subdags/subdag.py
[2026-06-21T15:07:19.763-0500] {processor.py:842} WARNING - No viable dags retrieved from /Users/naga/Desktop/airflow_env/lib/python3.12/site-packages/airflow/example_dags/subdags/subdag.py
[2026-06-21T15:07:19.827-0500] {processor.py:183} INFO - Processing /Users/naga/Desktop/airflow_env/lib/python3.12/site-packages/airflow/example_dags/subdags/subdag.py took 0.069 seconds
[2026-06-21T15:08:52.195-0500] {processor.py:161} INFO - Started process (PID=55791) to work on /Users/naga/Desktop/airflow_env/lib/python3.12/site-packages/airflow/example_dags/subdags/subdag.py
[2026-06-21T15:08:52.196-0500] {processor.py:830} INFO - Processing file /Users/naga/Desktop/airflow_env/lib/python3.12/site-packages/airflow/example_dags/subdags/subdag.py for tasks to queue
[2026-06-21T15:08:52.196-0500] {logging_mixin.py:188} INFO - [2026-06-21T15:08:52.196-0500] {dagbag.py:545} INFO - Filling up the DagBag from /Users/naga/Desktop/airflow_env/lib/python3.12/site-packages/airflow/example_dags/subdags/subdag.py
[2026-06-21T15:08:52.198-0500] {processor.py:842} WARNING - No viable dags retrieved from /Users/naga/Desktop/airflow_env/lib/python3.12/site-packages/airflow/example_dags/subdags/subdag.py
[2026-06-21T15:08:52.260-0500] {processor.py:183} INFO - Processing /Users/naga/Desktop/airflow_env/lib/python3.12/site-packages/airflow/example_dags/subdags/subdag.py took 0.068 seconds
[2026-06-21T15:10:25.114-0500] {processor.py:161} INFO - Started process (PID=55841) to work on /Users/naga/Desktop/airflow_env/lib/python3.12/site-packages/airflow/example_dags/subdags/subdag.py
[2026-06-21T15:10:25.116-0500] {processor.py:830} INFO - Processing file /Users/naga/Desktop/airflow_env/lib/python3.12/site-packages/airflow/example_dags/subdags/subdag.py for tasks to queue
[2026-06-21T15:10:25.116-0500] {logging_mixin.py:188} INFO - [2026-06-21T15:10:25.116-0500] {dagbag.py:545} INFO - Filling up the DagBag from /Users/naga/Desktop/airflow_env/lib/python3.12/site-packages/airflow/example_dags/subdags/subdag.py
[2026-06-21T15:10:25.118-0500] {processor.py:842} WARNING - No viable dags retrieved from /Users/naga/Desktop/airflow_env/lib/python3.12/site-packages/airflow/example_dags/subdags/subdag.py
[2026-06-21T15:10:25.179-0500] {processor.py:183} INFO - Processing /Users/naga/Desktop/airflow_env/lib/python3.12/site-packages/airflow/example_dags/subdags/subdag.py took 0.067 seconds
[2026-06-21T15:11:58.976-0500] {processor.py:161} INFO - Started process (PID=55930) to work on /Users/naga/Desktop/airflow_env/lib/python3.12/site-packages/airflow/example_dags/subdags/subdag.py
[2026-06-21T15:11:58.977-0500] {processor.py:830} INFO - Processing file /Users/naga/Desktop/airflow_env/lib/python3.12/site-packages/airflow/example_dags/subdags/subdag.py for tasks to queue
[2026-06-21T15:11:58.978-0500] {logging_mixin.py:188} INFO - [2026-06-21T15:11:58.978-0500] {dagbag.py:545} INFO - Filling up the DagBag from /Users/naga/Desktop/airflow_env/lib/python3.12/site-packages/airflow/example_dags/subdags/subdag.py
[2026-06-21T15:11:58.980-0500] {processor.py:842} WARNING - No viable dags retrieved from /Users/naga/Desktop/airflow_env/lib/python3.12/site-packages/airflow/example_dags/subdags/subdag.py
[2026-06-21T15:11:59.043-0500] {processor.py:183} INFO - Processing /Users/naga/Desktop/airflow_env/lib/python3.12/site-packages/airflow/example_dags/subdags/subdag.py took 0.069 seconds
[2026-06-21T15:13:32.441-0500] {processor.py:161} INFO - Started process (PID=56134) to work on /Users/naga/Desktop/airflow_env/lib/python3.12/site-packages/airflow/example_dags/subdags/subdag.py
[2026-06-21T15:13:32.442-0500] {processor.py:830} INFO - Processing file /Users/naga/Desktop/airflow_env/lib/python3.12/site-packages/airflow/example_dags/subdags/subdag.py for tasks to queue
[2026-06-21T15:13:32.442-0500] {logging_mixin.py:188} INFO - [2026-06-21T15:13:32.442-0500] {dagbag.py:545} INFO - Filling up the DagBag from /Users/naga/Desktop/airflow_env/lib/python3.12/site-packages/airflow/example_dags/subdags/subdag.py
[2026-06-21T15:13:32.444-0500] {processor.py:842} WARNING - No viable dags retrieved from /Users/naga/Desktop/airflow_env/lib/python3.12/site-packages/airflow/example_dags/subdags/subdag.py
[2026-06-21T15:13:32.480-0500] {processor.py:183} INFO - Processing /Users/naga/Desktop/airflow_env/lib/python3.12/site-packages/airflow/example_dags/subdags/subdag.py took 0.040 seconds
[2026-06-21T15:14:43.884-0500] {processor.py:161} INFO - Started process (PID=56184) to work on /Users/naga/Desktop/airflow_env/lib/python3.12/site-packages/airflow/example_dags/subdags/subdag.py
[2026-06-21T15:14:43.885-0500] {processor.py:830} INFO - Processing file /Users/naga/Desktop/airflow_env/lib/python3.12/site-packages/airflow/example_dags/subdags/subdag.py for tasks to queue
[2026-06-21T15:14:43.886-0500] {logging_mixin.py:188} INFO - [2026-06-21T15:14:43.886-0500] {dagbag.py:545} INFO - Filling up the DagBag from /Users/naga/Desktop/airflow_env/lib/python3.12/site-packages/airflow/example_dags/subdags/subdag.py
[2026-06-21T15:14:43.887-0500] {processor.py:842} WARNING - No viable dags retrieved from /Users/naga/Desktop/airflow_env/lib/python3.12/site-packages/airflow/example_dags/subdags/subdag.py
[2026-06-21T15:14:43.923-0500] {processor.py:183} INFO - Processing /Users/naga/Desktop/airflow_env/lib/python3.12/site-packages/airflow/example_dags/subdags/subdag.py took 0.040 seconds
[2026-06-21T15:30:46.527-0500] {processor.py:161} INFO - Started process (PID=56322) to work on /Users/naga/Desktop/airflow_env/lib/python3.12/site-packages/airflow/example_dags/subdags/subdag.py
[2026-06-21T15:30:46.528-0500] {processor.py:830} INFO - Processing file /Users/naga/Desktop/airflow_env/lib/python3.12/site-packages/airflow/example_dags/subdags/subdag.py for tasks to queue
[2026-06-21T15:30:46.528-0500] {logging_mixin.py:188} INFO - [2026-06-21T15:30:46.528-0500] {dagbag.py:545} INFO - Filling up the DagBag from /Users/naga/Desktop/airflow_env/lib/python3.12/site-packages/airflow/example_dags/subdags/subdag.py
[2026-06-21T15:30:46.529-0500] {processor.py:842} WARNING - No viable dags retrieved from /Users/naga/Desktop/airflow_env/lib/python3.12/site-packages/airflow/example_dags/subdags/subdag.py
[2026-06-21T15:30:46.568-0500] {processor.py:183} INFO - Processing /Users/naga/Desktop/airflow_env/lib/python3.12/site-packages/airflow/example_dags/subdags/subdag.py took 0.043 seconds
[2026-06-21T15:32:28.063-0500] {processor.py:161} INFO - Started process (PID=56575) to work on /Users/naga/Desktop/airflow_env/lib/python3.12/site-packages/airflow/example_dags/subdags/subdag.py
[2026-06-21T15:32:28.065-0500] {processor.py:830} INFO - Processing file /Users/naga/Desktop/airflow_env/lib/python3.12/site-packages/airflow/example_dags/subdags/subdag.py for tasks to queue
[2026-06-21T15:32:28.065-0500] {logging_mixin.py:188} INFO - [2026-06-21T15:32:28.065-0500] {dagbag.py:545} INFO - Filling up the DagBag from /Users/naga/Desktop/airflow_env/lib/python3.12/site-packages/airflow/example_dags/subdags/subdag.py
[2026-06-21T15:32:28.067-0500] {processor.py:842} WARNING - No viable dags retrieved from /Users/naga/Desktop/airflow_env/lib/python3.12/site-packages/airflow/example_dags/subdags/subdag.py
[2026-06-21T15:32:28.106-0500] {processor.py:183} INFO - Processing /Users/naga/Desktop/airflow_env/lib/python3.12/site-packages/airflow/example_dags/subdags/subdag.py took 0.045 seconds
[2026-06-21T15:33:44.147-0500] {processor.py:161} INFO - Started process (PID=56676) to work on /Users/naga/Desktop/airflow_env/lib/python3.12/site-packages/airflow/example_dags/subdags/subdag.py
[2026-06-21T15:33:44.148-0500] {processor.py:830} INFO - Processing file /Users/naga/Desktop/airflow_env/lib/python3.12/site-packages/airflow/example_dags/subdags/subdag.py for tasks to queue
[2026-06-21T15:33:44.149-0500] {logging_mixin.py:188} INFO - [2026-06-21T15:33:44.148-0500] {dagbag.py:545} INFO - Filling up the DagBag from /Users/naga/Desktop/airflow_env/lib/python3.12/site-packages/airflow/example_dags/subdags/subdag.py
[2026-06-21T15:33:44.150-0500] {processor.py:842} WARNING - No viable dags retrieved from /Users/naga/Desktop/airflow_env/lib/python3.12/site-packages/airflow/example_dags/subdags/subdag.py
[2026-06-21T15:33:44.190-0500] {processor.py:183} INFO - Processing /Users/naga/Desktop/airflow_env/lib/python3.12/site-packages/airflow/example_dags/subdags/subdag.py took 0.045 seconds
[2026-06-21T15:34:49.510-0500] {processor.py:161} INFO - Started process (PID=56778) to work on /Users/naga/Desktop/airflow_env/lib/python3.12/site-packages/airflow/example_dags/subdags/subdag.py
[2026-06-21T15:34:49.511-0500] {processor.py:830} INFO - Processing file /Users/naga/Desktop/airflow_env/lib/python3.12/site-packages/airflow/example_dags/subdags/subdag.py for tasks to queue
[2026-06-21T15:34:49.511-0500] {logging_mixin.py:188} INFO - [2026-06-21T15:34:49.511-0500] {dagbag.py:545} INFO - Filling up the DagBag from /Users/naga/Desktop/airflow_env/lib/python3.12/site-packages/airflow/example_dags/subdags/subdag.py
[2026-06-21T15:34:49.512-0500] {processor.py:842} WARNING - No viable dags retrieved from /Users/naga/Desktop/airflow_env/lib/python3.12/site-packages/airflow/example_dags/subdags/subdag.py
[2026-06-21T15:34:49.549-0500] {processor.py:183} INFO - Processing /Users/naga/Desktop/airflow_env/lib/python3.12/site-packages/airflow/example_dags/subdags/subdag.py took 0.041 seconds
[2026-06-21T15:35:48.011-0500] {processor.py:161} INFO - Started process (PID=56830) to work on /Users/naga/Desktop/airflow_env/lib/python3.12/site-packages/airflow/example_dags/subdags/subdag.py
[2026-06-21T15:35:48.012-0500] {processor.py:830} INFO - Processing file /Users/naga/Desktop/airflow_env/lib/python3.12/site-packages/airflow/example_dags/subdags/subdag.py for tasks to queue
[2026-06-21T15:35:48.013-0500] {logging_mixin.py:188} INFO - [2026-06-21T15:35:48.013-0500] {dagbag.py:545} INFO - Filling up the DagBag from /Users/naga/Desktop/airflow_env/lib/python3.12/site-packages/airflow/example_dags/subdags/subdag.py
[2026-06-21T15:35:48.014-0500] {processor.py:842} WARNING - No viable dags retrieved from /Users/naga/Desktop/airflow_env/lib/python3.12/site-packages/airflow/example_dags/subdags/subdag.py
[2026-06-21T15:35:48.051-0500] {processor.py:183} INFO - Processing /Users/naga/Desktop/airflow_env/lib/python3.12/site-packages/airflow/example_dags/subdags/subdag.py took 0.041 seconds
[2026-06-21T15:36:46.565-0500] {processor.py:161} INFO - Started process (PID=56899) to work on /Users/naga/Desktop/airflow_env/lib/python3.12/site-packages/airflow/example_dags/subdags/subdag.py
[2026-06-21T15:36:46.566-0500] {processor.py:830} INFO - Processing file /Users/naga/Desktop/airflow_env/lib/python3.12/site-packages/airflow/example_dags/subdags/subdag.py for tasks to queue
[2026-06-21T15:36:46.566-0500] {logging_mixin.py:188} INFO - [2026-06-21T15:36:46.566-0500] {dagbag.py:545} INFO - Filling up the DagBag from /Users/naga/Desktop/airflow_env/lib/python3.12/site-packages/airflow/example_dags/subdags/subdag.py
[2026-06-21T15:36:46.568-0500] {processor.py:842} WARNING - No viable dags retrieved from /Users/naga/Desktop/airflow_env/lib/python3.12/site-packages/airflow/example_dags/subdags/subdag.py
[2026-06-21T15:36:46.604-0500] {processor.py:183} INFO - Processing /Users/naga/Desktop/airflow_env/lib/python3.12/site-packages/airflow/example_dags/subdags/subdag.py took 0.040 seconds
[2026-06-21T15:37:48.825-0500] {processor.py:161} INFO - Started process (PID=56957) to work on /Users/naga/Desktop/airflow_env/lib/python3.12/site-packages/airflow/example_dags/subdags/subdag.py
[2026-06-21T15:37:48.826-0500] {processor.py:830} INFO - Processing file /Users/naga/Desktop/airflow_env/lib/python3.12/site-packages/airflow/example_dags/subdags/subdag.py for tasks to queue
[2026-06-21T15:37:48.826-0500] {logging_mixin.py:188} INFO - [2026-06-21T15:37:48.826-0500] {dagbag.py:545} INFO - Filling up the DagBag from /Users/naga/Desktop/airflow_env/lib/python3.12/site-packages/airflow/example_dags/subdags/subdag.py
[2026-06-21T15:37:48.827-0500] {processor.py:842} WARNING - No viable dags retrieved from /Users/naga/Desktop/airflow_env/lib/python3.12/site-packages/airflow/example_dags/subdags/subdag.py
[2026-06-21T15:37:48.863-0500] {processor.py:183} INFO - Processing /Users/naga/Desktop/airflow_env/lib/python3.12/site-packages/airflow/example_dags/subdags/subdag.py took 0.039 seconds
[2026-06-21T15:38:52.271-0500] {processor.py:161} INFO - Started process (PID=57028) to work on /Users/naga/Desktop/airflow_env/lib/python3.12/site-packages/airflow/example_dags/subdags/subdag.py
[2026-06-21T15:38:52.272-0500] {processor.py:830} INFO - Processing file /Users/naga/Desktop/airflow_env/lib/python3.12/site-packages/airflow/example_dags/subdags/subdag.py for tasks to queue
[2026-06-21T15:38:52.272-0500] {logging_mixin.py:188} INFO - [2026-06-21T15:38:52.272-0500] {dagbag.py:545} INFO - Filling up the DagBag from /Users/naga/Desktop/airflow_env/lib/python3.12/site-packages/airflow/example_dags/subdags/subdag.py
[2026-06-21T15:38:52.274-0500] {processor.py:842} WARNING - No viable dags retrieved from /Users/naga/Desktop/airflow_env/lib/python3.12/site-packages/airflow/example_dags/subdags/subdag.py
[2026-06-21T15:38:52.310-0500] {processor.py:183} INFO - Processing /Users/naga/Desktop/airflow_env/lib/python3.12/site-packages/airflow/example_dags/subdags/subdag.py took 0.041 seconds
[2026-06-21T15:39:53.874-0500] {processor.py:161} INFO - Started process (PID=57070) to work on /Users/naga/Desktop/airflow_env/lib/python3.12/site-packages/airflow/example_dags/subdags/subdag.py
[2026-06-21T15:39:53.874-0500] {processor.py:830} INFO - Processing file /Users/naga/Desktop/airflow_env/lib/python3.12/site-packages/airflow/example_dags/subdags/subdag.py for tasks to queue
[2026-06-21T15:39:53.875-0500] {logging_mixin.py:188} INFO - [2026-06-21T15:39:53.875-0500] {dagbag.py:545} INFO - Filling up the DagBag from /Users/naga/Desktop/airflow_env/lib/python3.12/site-packages/airflow/example_dags/subdags/subdag.py
[2026-06-21T15:39:53.876-0500] {processor.py:842} WARNING - No viable dags retrieved from /Users/naga/Desktop/airflow_env/lib/python3.12/site-packages/airflow/example_dags/subdags/subdag.py
[2026-06-21T15:39:53.912-0500] {processor.py:183} INFO - Processing /Users/naga/Desktop/airflow_env/lib/python3.12/site-packages/airflow/example_dags/subdags/subdag.py took 0.040 seconds
[2026-06-21T15:40:55.567-0500] {processor.py:161} INFO - Started process (PID=57143) to work on /Users/naga/Desktop/airflow_env/lib/python3.12/site-packages/airflow/example_dags/subdags/subdag.py
[2026-06-21T15:40:55.568-0500] {processor.py:830} INFO - Processing file /Users/naga/Desktop/airflow_env/lib/python3.12/site-packages/airflow/example_dags/subdags/subdag.py for tasks to queue
[2026-06-21T15:40:55.568-0500] {logging_mixin.py:188} INFO - [2026-06-21T15:40:55.568-0500] {dagbag.py:545} INFO - Filling up the DagBag from /Users/naga/Desktop/airflow_env/lib/python3.12/site-packages/airflow/example_dags/subdags/subdag.py
[2026-06-21T15:40:55.569-0500] {processor.py:842} WARNING - No viable dags retrieved from /Users/naga/Desktop/airflow_env/lib/python3.12/site-packages/airflow/example_dags/subdags/subdag.py
[2026-06-21T15:40:55.606-0500] {processor.py:183} INFO - Processing /Users/naga/Desktop/airflow_env/lib/python3.12/site-packages/airflow/example_dags/subdags/subdag.py took 0.040 seconds
[2026-06-21T15:41:57.838-0500] {processor.py:161} INFO - Started process (PID=57204) to work on /Users/naga/Desktop/airflow_env/lib/python3.12/site-packages/airflow/example_dags/subdags/subdag.py
[2026-06-21T15:41:57.839-0500] {processor.py:830} INFO - Processing file /Users/naga/Desktop/airflow_env/lib/python3.12/site-packages/airflow/example_dags/subdags/subdag.py for tasks to queue
[2026-06-21T15:41:57.839-0500] {logging_mixin.py:188} INFO - [2026-06-21T15:41:57.839-0500] {dagbag.py:545} INFO - Filling up the DagBag from /Users/naga/Desktop/airflow_env/lib/python3.12/site-packages/airflow/example_dags/subdags/subdag.py
[2026-06-21T15:41:57.840-0500] {processor.py:842} WARNING - No viable dags retrieved from /Users/naga/Desktop/airflow_env/lib/python3.12/site-packages/airflow/example_dags/subdags/subdag.py
[2026-06-21T15:41:57.876-0500] {processor.py:183} INFO - Processing /Users/naga/Desktop/airflow_env/lib/python3.12/site-packages/airflow/example_dags/subdags/subdag.py took 0.040 seconds
[2026-06-21T15:42:58.783-0500] {processor.py:161} INFO - Started process (PID=57281) to work on /Users/naga/Desktop/airflow_env/lib/python3.12/site-packages/airflow/example_dags/subdags/subdag.py
[2026-06-21T15:42:58.784-0500] {processor.py:830} INFO - Processing file /Users/naga/Desktop/airflow_env/lib/python3.12/site-packages/airflow/example_dags/subdags/subdag.py for tasks to queue
[2026-06-21T15:42:58.784-0500] {logging_mixin.py:188} INFO - [2026-06-21T15:42:58.784-0500] {dagbag.py:545} INFO - Filling up the DagBag from /Users/naga/Desktop/airflow_env/lib/python3.12/site-packages/airflow/example_dags/subdags/subdag.py
[2026-06-21T15:42:58.785-0500] {processor.py:842} WARNING - No viable dags retrieved from /Users/naga/Desktop/airflow_env/lib/python3.12/site-packages/airflow/example_dags/subdags/subdag.py
[2026-06-21T15:42:58.822-0500] {processor.py:183} INFO - Processing /Users/naga/Desktop/airflow_env/lib/python3.12/site-packages/airflow/example_dags/subdags/subdag.py took 0.041 seconds
[2026-06-21T15:44:03.708-0500] {processor.py:161} INFO - Started process (PID=57332) to work on /Users/naga/Desktop/airflow_env/lib/python3.12/site-packages/airflow/example_dags/subdags/subdag.py
[2026-06-21T15:44:03.709-0500] {processor.py:830} INFO - Processing file /Users/naga/Desktop/airflow_env/lib/python3.12/site-packages/airflow/example_dags/subdags/subdag.py for tasks to queue
[2026-06-21T15:44:03.709-0500] {logging_mixin.py:188} INFO - [2026-06-21T15:44:03.709-0500] {dagbag.py:545} INFO - Filling up the DagBag from /Users/naga/Desktop/airflow_env/lib/python3.12/site-packages/airflow/example_dags/subdags/subdag.py
[2026-06-21T15:44:03.710-0500] {processor.py:842} WARNING - No viable dags retrieved from /Users/naga/Desktop/airflow_env/lib/python3.12/site-packages/airflow/example_dags/subdags/subdag.py
[2026-06-21T15:44:03.746-0500] {processor.py:183} INFO - Processing /Users/naga/Desktop/airflow_env/lib/python3.12/site-packages/airflow/example_dags/subdags/subdag.py took 0.040 seconds
[2026-06-21T15:45:05.567-0500] {processor.py:161} INFO - Started process (PID=57392) to work on /Users/naga/Desktop/airflow_env/lib/python3.12/site-packages/airflow/example_dags/subdags/subdag.py
[2026-06-21T15:45:05.567-0500] {processor.py:830} INFO - Processing file /Users/naga/Desktop/airflow_env/lib/python3.12/site-packages/airflow/example_dags/subdags/subdag.py for tasks to queue
[2026-06-21T15:45:05.568-0500] {logging_mixin.py:188} INFO - [2026-06-21T15:45:05.568-0500] {dagbag.py:545} INFO - Filling up the DagBag from /Users/naga/Desktop/airflow_env/lib/python3.12/site-packages/airflow/example_dags/subdags/subdag.py
[2026-06-21T15:45:05.569-0500] {processor.py:842} WARNING - No viable dags retrieved from /Users/naga/Desktop/airflow_env/lib/python3.12/site-packages/airflow/example_dags/subdags/subdag.py
[2026-06-21T15:45:05.606-0500] {processor.py:183} INFO - Processing /Users/naga/Desktop/airflow_env/lib/python3.12/site-packages/airflow/example_dags/subdags/subdag.py took 0.040 seconds
[2026-06-21T15:46:05.997-0500] {processor.py:161} INFO - Started process (PID=57461) to work on /Users/naga/Desktop/airflow_env/lib/python3.12/site-packages/airflow/example_dags/subdags/subdag.py
[2026-06-21T15:46:05.998-0500] {processor.py:830} INFO - Processing file /Users/naga/Desktop/airflow_env/lib/python3.12/site-packages/airflow/example_dags/subdags/subdag.py for tasks to queue
[2026-06-21T15:46:05.998-0500] {logging_mixin.py:188} INFO - [2026-06-21T15:46:05.998-0500] {dagbag.py:545} INFO - Filling up the DagBag from /Users/naga/Desktop/airflow_env/lib/python3.12/site-packages/airflow/example_dags/subdags/subdag.py
[2026-06-21T15:46:05.999-0500] {processor.py:842} WARNING - No viable dags retrieved from /Users/naga/Desktop/airflow_env/lib/python3.12/site-packages/airflow/example_dags/subdags/subdag.py
[2026-06-21T15:46:06.036-0500] {processor.py:183} INFO - Processing /Users/naga/Desktop/airflow_env/lib/python3.12/site-packages/airflow/example_dags/subdags/subdag.py took 0.040 seconds
[2026-06-21T15:47:07.469-0500] {processor.py:161} INFO - Started process (PID=57534) to work on /Users/naga/Desktop/airflow_env/lib/python3.12/site-packages/airflow/example_dags/subdags/subdag.py
[2026-06-21T15:47:07.470-0500] {processor.py:830} INFO - Processing file /Users/naga/Desktop/airflow_env/lib/python3.12/site-packages/airflow/example_dags/subdags/subdag.py for tasks to queue
[2026-06-21T15:47:07.470-0500] {logging_mixin.py:188} INFO - [2026-06-21T15:47:07.470-0500] {dagbag.py:545} INFO - Filling up the DagBag from /Users/naga/Desktop/airflow_env/lib/python3.12/site-packages/airflow/example_dags/subdags/subdag.py
[2026-06-21T15:47:07.472-0500] {processor.py:842} WARNING - No viable dags retrieved from /Users/naga/Desktop/airflow_env/lib/python3.12/site-packages/airflow/example_dags/subdags/subdag.py
[2026-06-21T15:47:07.510-0500] {processor.py:183} INFO - Processing /Users/naga/Desktop/airflow_env/lib/python3.12/site-packages/airflow/example_dags/subdags/subdag.py took 0.043 seconds
[2026-06-21T15:48:09.647-0500] {processor.py:161} INFO - Started process (PID=57587) to work on /Users/naga/Desktop/airflow_env/lib/python3.12/site-packages/airflow/example_dags/subdags/subdag.py
[2026-06-21T15:48:09.648-0500] {processor.py:830} INFO - Processing file /Users/naga/Desktop/airflow_env/lib/python3.12/site-packages/airflow/example_dags/subdags/subdag.py for tasks to queue
[2026-06-21T15:48:09.648-0500] {logging_mixin.py:188} INFO - [2026-06-21T15:48:09.648-0500] {dagbag.py:545} INFO - Filling up the DagBag from /Users/naga/Desktop/airflow_env/lib/python3.12/site-packages/airflow/example_dags/subdags/subdag.py
[2026-06-21T15:48:09.650-0500] {processor.py:842} WARNING - No viable dags retrieved from /Users/naga/Desktop/airflow_env/lib/python3.12/site-packages/airflow/example_dags/subdags/subdag.py
[2026-06-21T15:48:09.685-0500] {processor.py:183} INFO - Processing /Users/naga/Desktop/airflow_env/lib/python3.12/site-packages/airflow/example_dags/subdags/subdag.py took 0.039 seconds
[2026-06-21T15:49:14.172-0500] {processor.py:161} INFO - Started process (PID=57647) to work on /Users/naga/Desktop/airflow_env/lib/python3.12/site-packages/airflow/example_dags/subdags/subdag.py
[2026-06-21T15:49:14.173-0500] {processor.py:830} INFO - Processing file /Users/naga/Desktop/airflow_env/lib/python3.12/site-packages/airflow/example_dags/subdags/subdag.py for tasks to queue
[2026-06-21T15:49:14.173-0500] {logging_mixin.py:188} INFO - [2026-06-21T15:49:14.173-0500] {dagbag.py:545} INFO - Filling up the DagBag from /Users/naga/Desktop/airflow_env/lib/python3.12/site-packages/airflow/example_dags/subdags/subdag.py
[2026-06-21T15:49:14.174-0500] {processor.py:842} WARNING - No viable dags retrieved from /Users/naga/Desktop/airflow_env/lib/python3.12/site-packages/airflow/example_dags/subdags/subdag.py
[2026-06-21T15:49:14.211-0500] {processor.py:183} INFO - Processing /Users/naga/Desktop/airflow_env/lib/python3.12/site-packages/airflow/example_dags/subdags/subdag.py took 0.040 seconds
[2026-06-21T15:50:17.039-0500] {processor.py:161} INFO - Started process (PID=57718) to work on /Users/naga/Desktop/airflow_env/lib/python3.12/site-packages/airflow/example_dags/subdags/subdag.py
[2026-06-21T15:50:17.040-0500] {processor.py:830} INFO - Processing file /Users/naga/Desktop/airflow_env/lib/python3.12/site-packages/airflow/example_dags/subdags/subdag.py for tasks to queue
[2026-06-21T15:50:17.040-0500] {logging_mixin.py:188} INFO - [2026-06-21T15:50:17.040-0500] {dagbag.py:545} INFO - Filling up the DagBag from /Users/naga/Desktop/airflow_env/lib/python3.12/site-packages/airflow/example_dags/subdags/subdag.py
[2026-06-21T15:50:17.041-0500] {processor.py:842} WARNING - No viable dags retrieved from /Users/naga/Desktop/airflow_env/lib/python3.12/site-packages/airflow/example_dags/subdags/subdag.py
[2026-06-21T15:50:17.078-0500] {processor.py:183} INFO - Processing /Users/naga/Desktop/airflow_env/lib/python3.12/site-packages/airflow/example_dags/subdags/subdag.py took 0.040 seconds
[2026-06-21T15:51:20.781-0500] {processor.py:161} INFO - Started process (PID=57778) to work on /Users/naga/Desktop/airflow_env/lib/python3.12/site-packages/airflow/example_dags/subdags/subdag.py
[2026-06-21T15:51:20.782-0500] {processor.py:830} INFO - Processing file /Users/naga/Desktop/airflow_env/lib/python3.12/site-packages/airflow/example_dags/subdags/subdag.py for tasks to queue
[2026-06-21T15:51:20.782-0500] {logging_mixin.py:188} INFO - [2026-06-21T15:51:20.782-0500] {dagbag.py:545} INFO - Filling up the DagBag from /Users/naga/Desktop/airflow_env/lib/python3.12/site-packages/airflow/example_dags/subdags/subdag.py
[2026-06-21T15:51:20.783-0500] {processor.py:842} WARNING - No viable dags retrieved from /Users/naga/Desktop/airflow_env/lib/python3.12/site-packages/airflow/example_dags/subdags/subdag.py
[2026-06-21T15:51:20.820-0500] {processor.py:183} INFO - Processing /Users/naga/Desktop/airflow_env/lib/python3.12/site-packages/airflow/example_dags/subdags/subdag.py took 0.041 seconds
[2026-06-21T15:52:23.180-0500] {processor.py:161} INFO - Started process (PID=57825) to work on /Users/naga/Desktop/airflow_env/lib/python3.12/site-packages/airflow/example_dags/subdags/subdag.py
[2026-06-21T15:52:23.181-0500] {processor.py:830} INFO - Processing file /Users/naga/Desktop/airflow_env/lib/python3.12/site-packages/airflow/example_dags/subdags/subdag.py for tasks to queue
[2026-06-21T15:52:23.181-0500] {logging_mixin.py:188} INFO - [2026-06-21T15:52:23.181-0500] {dagbag.py:545} INFO - Filling up the DagBag from /Users/naga/Desktop/airflow_env/lib/python3.12/site-packages/airflow/example_dags/subdags/subdag.py
[2026-06-21T15:52:23.182-0500] {processor.py:842} WARNING - No viable dags retrieved from /Users/naga/Desktop/airflow_env/lib/python3.12/site-packages/airflow/example_dags/subdags/subdag.py
[2026-06-21T15:52:23.219-0500] {processor.py:183} INFO - Processing /Users/naga/Desktop/airflow_env/lib/python3.12/site-packages/airflow/example_dags/subdags/subdag.py took 0.040 seconds
[2026-06-21T15:53:23.944-0500] {processor.py:161} INFO - Started process (PID=57904) to work on /Users/naga/Desktop/airflow_env/lib/python3.12/site-packages/airflow/example_dags/subdags/subdag.py
[2026-06-21T15:53:23.945-0500] {processor.py:830} INFO - Processing file /Users/naga/Desktop/airflow_env/lib/python3.12/site-packages/airflow/example_dags/subdags/subdag.py for tasks to queue
[2026-06-21T15:53:23.945-0500] {logging_mixin.py:188} INFO - [2026-06-21T15:53:23.945-0500] {dagbag.py:545} INFO - Filling up the DagBag from /Users/naga/Desktop/airflow_env/lib/python3.12/site-packages/airflow/example_dags/subdags/subdag.py
[2026-06-21T15:53:23.946-0500] {processor.py:842} WARNING - No viable dags retrieved from /Users/naga/Desktop/airflow_env/lib/python3.12/site-packages/airflow/example_dags/subdags/subdag.py
[2026-06-21T15:53:23.982-0500] {processor.py:183} INFO - Processing /Users/naga/Desktop/airflow_env/lib/python3.12/site-packages/airflow/example_dags/subdags/subdag.py took 0.040 seconds
[2026-06-21T15:54:27.222-0500] {processor.py:161} INFO - Started process (PID=57966) to work on /Users/naga/Desktop/airflow_env/lib/python3.12/site-packages/airflow/example_dags/subdags/subdag.py
[2026-06-21T15:54:27.226-0500] {processor.py:830} INFO - Processing file /Users/naga/Desktop/airflow_env/lib/python3.12/site-packages/airflow/example_dags/subdags/subdag.py for tasks to queue
[2026-06-21T15:54:27.226-0500] {logging_mixin.py:188} INFO - [2026-06-21T15:54:27.226-0500] {dagbag.py:545} INFO - Filling up the DagBag from /Users/naga/Desktop/airflow_env/lib/python3.12/site-packages/airflow/example_dags/subdags/subdag.py
[2026-06-21T15:54:27.230-0500] {processor.py:842} WARNING - No viable dags retrieved from /Users/naga/Desktop/airflow_env/lib/python3.12/site-packages/airflow/example_dags/subdags/subdag.py
[2026-06-21T15:54:27.266-0500] {processor.py:183} INFO - Processing /Users/naga/Desktop/airflow_env/lib/python3.12/site-packages/airflow/example_dags/subdags/subdag.py took 0.045 seconds
[2026-06-21T15:55:30.650-0500] {processor.py:161} INFO - Started process (PID=58025) to work on /Users/naga/Desktop/airflow_env/lib/python3.12/site-packages/airflow/example_dags/subdags/subdag.py
[2026-06-21T15:55:30.650-0500] {processor.py:830} INFO - Processing file /Users/naga/Desktop/airflow_env/lib/python3.12/site-packages/airflow/example_dags/subdags/subdag.py for tasks to queue
[2026-06-21T15:55:30.650-0500] {logging_mixin.py:188} INFO - [2026-06-21T15:55:30.650-0500] {dagbag.py:545} INFO - Filling up the DagBag from /Users/naga/Desktop/airflow_env/lib/python3.12/site-packages/airflow/example_dags/subdags/subdag.py
[2026-06-21T15:55:30.651-0500] {processor.py:842} WARNING - No viable dags retrieved from /Users/naga/Desktop/airflow_env/lib/python3.12/site-packages/airflow/example_dags/subdags/subdag.py
[2026-06-21T15:55:30.688-0500] {processor.py:183} INFO - Processing /Users/naga/Desktop/airflow_env/lib/python3.12/site-packages/airflow/example_dags/subdags/subdag.py took 0.040 seconds
[2026-06-21T15:56:33.393-0500] {processor.py:161} INFO - Started process (PID=58075) to work on /Users/naga/Desktop/airflow_env/lib/python3.12/site-packages/airflow/example_dags/subdags/subdag.py
[2026-06-21T15:56:33.394-0500] {processor.py:830} INFO - Processing file /Users/naga/Desktop/airflow_env/lib/python3.12/site-packages/airflow/example_dags/subdags/subdag.py for tasks to queue
[2026-06-21T15:56:33.394-0500] {logging_mixin.py:188} INFO - [2026-06-21T15:56:33.394-0500] {dagbag.py:545} INFO - Filling up the DagBag from /Users/naga/Desktop/airflow_env/lib/python3.12/site-packages/airflow/example_dags/subdags/subdag.py
[2026-06-21T15:56:33.395-0500] {processor.py:842} WARNING - No viable dags retrieved from /Users/naga/Desktop/airflow_env/lib/python3.12/site-packages/airflow/example_dags/subdags/subdag.py
[2026-06-21T15:56:33.431-0500] {processor.py:183} INFO - Processing /Users/naga/Desktop/airflow_env/lib/python3.12/site-packages/airflow/example_dags/subdags/subdag.py took 0.040 seconds
[2026-06-21T15:57:35.746-0500] {processor.py:161} INFO - Started process (PID=58134) to work on /Users/naga/Desktop/airflow_env/lib/python3.12/site-packages/airflow/example_dags/subdags/subdag.py
[2026-06-21T15:57:35.746-0500] {processor.py:830} INFO - Processing file /Users/naga/Desktop/airflow_env/lib/python3.12/site-packages/airflow/example_dags/subdags/subdag.py for tasks to queue
[2026-06-21T15:57:35.747-0500] {logging_mixin.py:188} INFO - [2026-06-21T15:57:35.747-0500] {dagbag.py:545} INFO - Filling up the DagBag from /Users/naga/Desktop/airflow_env/lib/python3.12/site-packages/airflow/example_dags/subdags/subdag.py
[2026-06-21T15:57:35.748-0500] {processor.py:842} WARNING - No viable dags retrieved from /Users/naga/Desktop/airflow_env/lib/python3.12/site-packages/airflow/example_dags/subdags/subdag.py
[2026-06-21T15:57:35.783-0500] {processor.py:183} INFO - Processing /Users/naga/Desktop/airflow_env/lib/python3.12/site-packages/airflow/example_dags/subdags/subdag.py took 0.039 seconds
[2026-06-21T15:58:41.219-0500] {processor.py:161} INFO - Started process (PID=58208) to work on /Users/naga/Desktop/airflow_env/lib/python3.12/site-packages/airflow/example_dags/subdags/subdag.py
[2026-06-21T15:58:41.220-0500] {processor.py:830} INFO - Processing file /Users/naga/Desktop/airflow_env/lib/python3.12/site-packages/airflow/example_dags/subdags/subdag.py for tasks to queue
[2026-06-21T15:58:41.221-0500] {logging_mixin.py:188} INFO - [2026-06-21T15:58:41.220-0500] {dagbag.py:545} INFO - Filling up the DagBag from /Users/naga/Desktop/airflow_env/lib/python3.12/site-packages/airflow/example_dags/subdags/subdag.py
[2026-06-21T15:58:41.222-0500] {processor.py:842} WARNING - No viable dags retrieved from /Users/naga/Desktop/airflow_env/lib/python3.12/site-packages/airflow/example_dags/subdags/subdag.py
[2026-06-21T15:58:41.258-0500] {processor.py:183} INFO - Processing /Users/naga/Desktop/airflow_env/lib/python3.12/site-packages/airflow/example_dags/subdags/subdag.py took 0.040 seconds
[2026-06-21T15:59:43.372-0500] {processor.py:161} INFO - Started process (PID=58270) to work on /Users/naga/Desktop/airflow_env/lib/python3.12/site-packages/airflow/example_dags/subdags/subdag.py
[2026-06-21T15:59:43.373-0500] {processor.py:830} INFO - Processing file /Users/naga/Desktop/airflow_env/lib/python3.12/site-packages/airflow/example_dags/subdags/subdag.py for tasks to queue
[2026-06-21T15:59:43.373-0500] {logging_mixin.py:188} INFO - [2026-06-21T15:59:43.373-0500] {dagbag.py:545} INFO - Filling up the DagBag from /Users/naga/Desktop/airflow_env/lib/python3.12/site-packages/airflow/example_dags/subdags/subdag.py
[2026-06-21T15:59:43.374-0500] {processor.py:842} WARNING - No viable dags retrieved from /Users/naga/Desktop/airflow_env/lib/python3.12/site-packages/airflow/example_dags/subdags/subdag.py
[2026-06-21T15:59:43.410-0500] {processor.py:183} INFO - Processing /Users/naga/Desktop/airflow_env/lib/python3.12/site-packages/airflow/example_dags/subdags/subdag.py took 0.040 seconds
[2026-06-21T16:00:47.397-0500] {processor.py:161} INFO - Started process (PID=58345) to work on /Users/naga/Desktop/airflow_env/lib/python3.12/site-packages/airflow/example_dags/subdags/subdag.py
[2026-06-21T16:00:47.398-0500] {processor.py:830} INFO - Processing file /Users/naga/Desktop/airflow_env/lib/python3.12/site-packages/airflow/example_dags/subdags/subdag.py for tasks to queue
[2026-06-21T16:00:47.399-0500] {logging_mixin.py:188} INFO - [2026-06-21T16:00:47.398-0500] {dagbag.py:545} INFO - Filling up the DagBag from /Users/naga/Desktop/airflow_env/lib/python3.12/site-packages/airflow/example_dags/subdags/subdag.py
[2026-06-21T16:00:47.400-0500] {processor.py:842} WARNING - No viable dags retrieved from /Users/naga/Desktop/airflow_env/lib/python3.12/site-packages/airflow/example_dags/subdags/subdag.py
[2026-06-21T16:00:47.437-0500] {processor.py:183} INFO - Processing /Users/naga/Desktop/airflow_env/lib/python3.12/site-packages/airflow/example_dags/subdags/subdag.py took 0.041 seconds
[2026-06-21T16:01:50.245-0500] {processor.py:161} INFO - Started process (PID=58399) to work on /Users/naga/Desktop/airflow_env/lib/python3.12/site-packages/airflow/example_dags/subdags/subdag.py
[2026-06-21T16:01:50.246-0500] {processor.py:830} INFO - Processing file /Users/naga/Desktop/airflow_env/lib/python3.12/site-packages/airflow/example_dags/subdags/subdag.py for tasks to queue
[2026-06-21T16:01:50.246-0500] {logging_mixin.py:188} INFO - [2026-06-21T16:01:50.246-0500] {dagbag.py:545} INFO - Filling up the DagBag from /Users/naga/Desktop/airflow_env/lib/python3.12/site-packages/airflow/example_dags/subdags/subdag.py
[2026-06-21T16:01:50.247-0500] {processor.py:842} WARNING - No viable dags retrieved from /Users/naga/Desktop/airflow_env/lib/python3.12/site-packages/airflow/example_dags/subdags/subdag.py
[2026-06-21T16:01:50.283-0500] {processor.py:183} INFO - Processing /Users/naga/Desktop/airflow_env/lib/python3.12/site-packages/airflow/example_dags/subdags/subdag.py took 0.039 seconds
[2026-06-21T16:02:53.206-0500] {processor.py:161} INFO - Started process (PID=58463) to work on /Users/naga/Desktop/airflow_env/lib/python3.12/site-packages/airflow/example_dags/subdags/subdag.py
[2026-06-21T16:02:53.206-0500] {processor.py:830} INFO - Processing file /Users/naga/Desktop/airflow_env/lib/python3.12/site-packages/airflow/example_dags/subdags/subdag.py for tasks to queue
[2026-06-21T16:02:53.207-0500] {logging_mixin.py:188} INFO - [2026-06-21T16:02:53.207-0500] {dagbag.py:545} INFO - Filling up the DagBag from /Users/naga/Desktop/airflow_env/lib/python3.12/site-packages/airflow/example_dags/subdags/subdag.py
[2026-06-21T16:02:53.208-0500] {processor.py:842} WARNING - No viable dags retrieved from /Users/naga/Desktop/airflow_env/lib/python3.12/site-packages/airflow/example_dags/subdags/subdag.py
[2026-06-21T16:02:53.245-0500] {processor.py:183} INFO - Processing /Users/naga/Desktop/airflow_env/lib/python3.12/site-packages/airflow/example_dags/subdags/subdag.py took 0.041 seconds
[2026-06-21T16:03:56.860-0500] {processor.py:161} INFO - Started process (PID=58532) to work on /Users/naga/Desktop/airflow_env/lib/python3.12/site-packages/airflow/example_dags/subdags/subdag.py
[2026-06-21T16:03:56.863-0500] {processor.py:830} INFO - Processing file /Users/naga/Desktop/airflow_env/lib/python3.12/site-packages/airflow/example_dags/subdags/subdag.py for tasks to queue
[2026-06-21T16:03:56.863-0500] {logging_mixin.py:188} INFO - [2026-06-21T16:03:56.863-0500] {dagbag.py:545} INFO - Filling up the DagBag from /Users/naga/Desktop/airflow_env/lib/python3.12/site-packages/airflow/example_dags/subdags/subdag.py
[2026-06-21T16:03:56.865-0500] {processor.py:842} WARNING - No viable dags retrieved from /Users/naga/Desktop/airflow_env/lib/python3.12/site-packages/airflow/example_dags/subdags/subdag.py
[2026-06-21T16:03:56.902-0500] {processor.py:183} INFO - Processing /Users/naga/Desktop/airflow_env/lib/python3.12/site-packages/airflow/example_dags/subdags/subdag.py took 0.043 seconds
[2026-06-21T16:05:01.789-0500] {processor.py:161} INFO - Started process (PID=58594) to work on /Users/naga/Desktop/airflow_env/lib/python3.12/site-packages/airflow/example_dags/subdags/subdag.py
[2026-06-21T16:05:01.790-0500] {processor.py:830} INFO - Processing file /Users/naga/Desktop/airflow_env/lib/python3.12/site-packages/airflow/example_dags/subdags/subdag.py for tasks to queue
[2026-06-21T16:05:01.790-0500] {logging_mixin.py:188} INFO - [2026-06-21T16:05:01.790-0500] {dagbag.py:545} INFO - Filling up the DagBag from /Users/naga/Desktop/airflow_env/lib/python3.12/site-packages/airflow/example_dags/subdags/subdag.py
[2026-06-21T16:05:01.791-0500] {processor.py:842} WARNING - No viable dags retrieved from /Users/naga/Desktop/airflow_env/lib/python3.12/site-packages/airflow/example_dags/subdags/subdag.py
[2026-06-21T16:05:01.827-0500] {processor.py:183} INFO - Processing /Users/naga/Desktop/airflow_env/lib/python3.12/site-packages/airflow/example_dags/subdags/subdag.py took 0.040 seconds
[2026-06-21T16:06:05.155-0500] {processor.py:161} INFO - Started process (PID=58639) to work on /Users/naga/Desktop/airflow_env/lib/python3.12/site-packages/airflow/example_dags/subdags/subdag.py
[2026-06-21T16:06:05.156-0500] {processor.py:830} INFO - Processing file /Users/naga/Desktop/airflow_env/lib/python3.12/site-packages/airflow/example_dags/subdags/subdag.py for tasks to queue
[2026-06-21T16:06:05.156-0500] {logging_mixin.py:188} INFO - [2026-06-21T16:06:05.156-0500] {dagbag.py:545} INFO - Filling up the DagBag from /Users/naga/Desktop/airflow_env/lib/python3.12/site-packages/airflow/example_dags/subdags/subdag.py
[2026-06-21T16:06:05.157-0500] {processor.py:842} WARNING - No viable dags retrieved from /Users/naga/Desktop/airflow_env/lib/python3.12/site-packages/airflow/example_dags/subdags/subdag.py
[2026-06-21T16:06:05.194-0500] {processor.py:183} INFO - Processing /Users/naga/Desktop/airflow_env/lib/python3.12/site-packages/airflow/example_dags/subdags/subdag.py took 0.040 seconds
[2026-06-21T16:07:10.726-0500] {processor.py:161} INFO - Started process (PID=58709) to work on /Users/naga/Desktop/airflow_env/lib/python3.12/site-packages/airflow/example_dags/subdags/subdag.py
[2026-06-21T16:07:10.727-0500] {processor.py:830} INFO - Processing file /Users/naga/Desktop/airflow_env/lib/python3.12/site-packages/airflow/example_dags/subdags/subdag.py for tasks to queue
[2026-06-21T16:07:10.727-0500] {logging_mixin.py:188} INFO - [2026-06-21T16:07:10.727-0500] {dagbag.py:545} INFO - Filling up the DagBag from /Users/naga/Desktop/airflow_env/lib/python3.12/site-packages/airflow/example_dags/subdags/subdag.py
[2026-06-21T16:07:10.729-0500] {processor.py:842} WARNING - No viable dags retrieved from /Users/naga/Desktop/airflow_env/lib/python3.12/site-packages/airflow/example_dags/subdags/subdag.py
[2026-06-21T16:07:10.765-0500] {processor.py:183} INFO - Processing /Users/naga/Desktop/airflow_env/lib/python3.12/site-packages/airflow/example_dags/subdags/subdag.py took 0.040 seconds
[2026-06-21T16:08:18.233-0500] {processor.py:161} INFO - Started process (PID=58765) to work on /Users/naga/Desktop/airflow_env/lib/python3.12/site-packages/airflow/example_dags/subdags/subdag.py
[2026-06-21T16:08:18.234-0500] {processor.py:830} INFO - Processing file /Users/naga/Desktop/airflow_env/lib/python3.12/site-packages/airflow/example_dags/subdags/subdag.py for tasks to queue
[2026-06-21T16:08:18.234-0500] {logging_mixin.py:188} INFO - [2026-06-21T16:08:18.234-0500] {dagbag.py:545} INFO - Filling up the DagBag from /Users/naga/Desktop/airflow_env/lib/python3.12/site-packages/airflow/example_dags/subdags/subdag.py
[2026-06-21T16:08:18.236-0500] {processor.py:842} WARNING - No viable dags retrieved from /Users/naga/Desktop/airflow_env/lib/python3.12/site-packages/airflow/example_dags/subdags/subdag.py
[2026-06-21T16:08:18.274-0500] {processor.py:183} INFO - Processing /Users/naga/Desktop/airflow_env/lib/python3.12/site-packages/airflow/example_dags/subdags/subdag.py took 0.042 seconds
[2026-06-21T16:09:27.125-0500] {processor.py:161} INFO - Started process (PID=58854) to work on /Users/naga/Desktop/airflow_env/lib/python3.12/site-packages/airflow/example_dags/subdags/subdag.py
[2026-06-21T16:09:27.126-0500] {processor.py:830} INFO - Processing file /Users/naga/Desktop/airflow_env/lib/python3.12/site-packages/airflow/example_dags/subdags/subdag.py for tasks to queue
[2026-06-21T16:09:27.126-0500] {logging_mixin.py:188} INFO - [2026-06-21T16:09:27.126-0500] {dagbag.py:545} INFO - Filling up the DagBag from /Users/naga/Desktop/airflow_env/lib/python3.12/site-packages/airflow/example_dags/subdags/subdag.py
[2026-06-21T16:09:27.127-0500] {processor.py:842} WARNING - No viable dags retrieved from /Users/naga/Desktop/airflow_env/lib/python3.12/site-packages/airflow/example_dags/subdags/subdag.py
[2026-06-21T16:09:27.166-0500] {processor.py:183} INFO - Processing /Users/naga/Desktop/airflow_env/lib/python3.12/site-packages/airflow/example_dags/subdags/subdag.py took 0.043 seconds
[2026-06-21T16:10:30.938-0500] {processor.py:161} INFO - Started process (PID=58911) to work on /Users/naga/Desktop/airflow_env/lib/python3.12/site-packages/airflow/example_dags/subdags/subdag.py
[2026-06-21T16:10:30.939-0500] {processor.py:830} INFO - Processing file /Users/naga/Desktop/airflow_env/lib/python3.12/site-packages/airflow/example_dags/subdags/subdag.py for tasks to queue
[2026-06-21T16:10:30.939-0500] {logging_mixin.py:188} INFO - [2026-06-21T16:10:30.939-0500] {dagbag.py:545} INFO - Filling up the DagBag from /Users/naga/Desktop/airflow_env/lib/python3.12/site-packages/airflow/example_dags/subdags/subdag.py
[2026-06-21T16:10:30.940-0500] {processor.py:842} WARNING - No viable dags retrieved from /Users/naga/Desktop/airflow_env/lib/python3.12/site-packages/airflow/example_dags/subdags/subdag.py
[2026-06-21T16:10:30.979-0500] {processor.py:183} INFO - Processing /Users/naga/Desktop/airflow_env/lib/python3.12/site-packages/airflow/example_dags/subdags/subdag.py took 0.043 seconds
[2026-06-21T16:11:38.973-0500] {processor.py:161} INFO - Started process (PID=58972) to work on /Users/naga/Desktop/airflow_env/lib/python3.12/site-packages/airflow/example_dags/subdags/subdag.py
[2026-06-21T16:11:38.973-0500] {processor.py:830} INFO - Processing file /Users/naga/Desktop/airflow_env/lib/python3.12/site-packages/airflow/example_dags/subdags/subdag.py for tasks to queue
[2026-06-21T16:11:38.974-0500] {logging_mixin.py:188} INFO - [2026-06-21T16:11:38.974-0500] {dagbag.py:545} INFO - Filling up the DagBag from /Users/naga/Desktop/airflow_env/lib/python3.12/site-packages/airflow/example_dags/subdags/subdag.py
[2026-06-21T16:11:38.975-0500] {processor.py:842} WARNING - No viable dags retrieved from /Users/naga/Desktop/airflow_env/lib/python3.12/site-packages/airflow/example_dags/subdags/subdag.py
[2026-06-21T16:11:39.014-0500] {processor.py:183} INFO - Processing /Users/naga/Desktop/airflow_env/lib/python3.12/site-packages/airflow/example_dags/subdags/subdag.py took 0.042 seconds
[2026-06-21T16:12:44.900-0500] {processor.py:161} INFO - Started process (PID=59029) to work on /Users/naga/Desktop/airflow_env/lib/python3.12/site-packages/airflow/example_dags/subdags/subdag.py
[2026-06-21T16:12:44.901-0500] {processor.py:830} INFO - Processing file /Users/naga/Desktop/airflow_env/lib/python3.12/site-packages/airflow/example_dags/subdags/subdag.py for tasks to queue
[2026-06-21T16:12:44.901-0500] {logging_mixin.py:188} INFO - [2026-06-21T16:12:44.901-0500] {dagbag.py:545} INFO - Filling up the DagBag from /Users/naga/Desktop/airflow_env/lib/python3.12/site-packages/airflow/example_dags/subdags/subdag.py
[2026-06-21T16:12:44.902-0500] {processor.py:842} WARNING - No viable dags retrieved from /Users/naga/Desktop/airflow_env/lib/python3.12/site-packages/airflow/example_dags/subdags/subdag.py
[2026-06-21T16:12:44.940-0500] {processor.py:183} INFO - Processing /Users/naga/Desktop/airflow_env/lib/python3.12/site-packages/airflow/example_dags/subdags/subdag.py took 0.042 seconds
[2026-06-21T16:13:51.735-0500] {processor.py:161} INFO - Started process (PID=59102) to work on /Users/naga/Desktop/airflow_env/lib/python3.12/site-packages/airflow/example_dags/subdags/subdag.py
[2026-06-21T16:13:51.736-0500] {processor.py:830} INFO - Processing file /Users/naga/Desktop/airflow_env/lib/python3.12/site-packages/airflow/example_dags/subdags/subdag.py for tasks to queue
[2026-06-21T16:13:51.737-0500] {logging_mixin.py:188} INFO - [2026-06-21T16:13:51.737-0500] {dagbag.py:545} INFO - Filling up the DagBag from /Users/naga/Desktop/airflow_env/lib/python3.12/site-packages/airflow/example_dags/subdags/subdag.py
[2026-06-21T16:13:51.738-0500] {processor.py:842} WARNING - No viable dags retrieved from /Users/naga/Desktop/airflow_env/lib/python3.12/site-packages/airflow/example_dags/subdags/subdag.py
[2026-06-21T16:13:51.776-0500] {processor.py:183} INFO - Processing /Users/naga/Desktop/airflow_env/lib/python3.12/site-packages/airflow/example_dags/subdags/subdag.py took 0.042 seconds
[2026-06-21T16:14:56.434-0500] {processor.py:161} INFO - Started process (PID=59175) to work on /Users/naga/Desktop/airflow_env/lib/python3.12/site-packages/airflow/example_dags/subdags/subdag.py
[2026-06-21T16:14:56.435-0500] {processor.py:830} INFO - Processing file /Users/naga/Desktop/airflow_env/lib/python3.12/site-packages/airflow/example_dags/subdags/subdag.py for tasks to queue
[2026-06-21T16:14:56.435-0500] {logging_mixin.py:188} INFO - [2026-06-21T16:14:56.435-0500] {dagbag.py:545} INFO - Filling up the DagBag from /Users/naga/Desktop/airflow_env/lib/python3.12/site-packages/airflow/example_dags/subdags/subdag.py
[2026-06-21T16:14:56.437-0500] {processor.py:842} WARNING - No viable dags retrieved from /Users/naga/Desktop/airflow_env/lib/python3.12/site-packages/airflow/example_dags/subdags/subdag.py
[2026-06-21T16:14:56.477-0500] {processor.py:183} INFO - Processing /Users/naga/Desktop/airflow_env/lib/python3.12/site-packages/airflow/example_dags/subdags/subdag.py took 0.045 seconds
[2026-06-21T16:16:01.440-0500] {processor.py:161} INFO - Started process (PID=59231) to work on /Users/naga/Desktop/airflow_env/lib/python3.12/site-packages/airflow/example_dags/subdags/subdag.py
[2026-06-21T16:16:01.441-0500] {processor.py:830} INFO - Processing file /Users/naga/Desktop/airflow_env/lib/python3.12/site-packages/airflow/example_dags/subdags/subdag.py for tasks to queue
[2026-06-21T16:16:01.442-0500] {logging_mixin.py:188} INFO - [2026-06-21T16:16:01.442-0500] {dagbag.py:545} INFO - Filling up the DagBag from /Users/naga/Desktop/airflow_env/lib/python3.12/site-packages/airflow/example_dags/subdags/subdag.py
[2026-06-21T16:16:01.443-0500] {processor.py:842} WARNING - No viable dags retrieved from /Users/naga/Desktop/airflow_env/lib/python3.12/site-packages/airflow/example_dags/subdags/subdag.py
[2026-06-21T16:16:01.482-0500] {processor.py:183} INFO - Processing /Users/naga/Desktop/airflow_env/lib/python3.12/site-packages/airflow/example_dags/subdags/subdag.py took 0.043 seconds
[2026-06-21T16:17:06.419-0500] {processor.py:161} INFO - Started process (PID=59302) to work on /Users/naga/Desktop/airflow_env/lib/python3.12/site-packages/airflow/example_dags/subdags/subdag.py
[2026-06-21T16:17:06.420-0500] {processor.py:830} INFO - Processing file /Users/naga/Desktop/airflow_env/lib/python3.12/site-packages/airflow/example_dags/subdags/subdag.py for tasks to queue
[2026-06-21T16:17:06.421-0500] {logging_mixin.py:188} INFO - [2026-06-21T16:17:06.420-0500] {dagbag.py:545} INFO - Filling up the DagBag from /Users/naga/Desktop/airflow_env/lib/python3.12/site-packages/airflow/example_dags/subdags/subdag.py
[2026-06-21T16:17:06.422-0500] {processor.py:842} WARNING - No viable dags retrieved from /Users/naga/Desktop/airflow_env/lib/python3.12/site-packages/airflow/example_dags/subdags/subdag.py
[2026-06-21T16:17:06.461-0500] {processor.py:183} INFO - Processing /Users/naga/Desktop/airflow_env/lib/python3.12/site-packages/airflow/example_dags/subdags/subdag.py took 0.043 seconds
[2026-06-21T16:18:13.502-0500] {processor.py:161} INFO - Started process (PID=59352) to work on /Users/naga/Desktop/airflow_env/lib/python3.12/site-packages/airflow/example_dags/subdags/subdag.py
[2026-06-21T16:18:13.503-0500] {processor.py:830} INFO - Processing file /Users/naga/Desktop/airflow_env/lib/python3.12/site-packages/airflow/example_dags/subdags/subdag.py for tasks to queue
[2026-06-21T16:18:13.503-0500] {logging_mixin.py:188} INFO - [2026-06-21T16:18:13.503-0500] {dagbag.py:545} INFO - Filling up the DagBag from /Users/naga/Desktop/airflow_env/lib/python3.12/site-packages/airflow/example_dags/subdags/subdag.py
[2026-06-21T16:18:13.505-0500] {processor.py:842} WARNING - No viable dags retrieved from /Users/naga/Desktop/airflow_env/lib/python3.12/site-packages/airflow/example_dags/subdags/subdag.py
[2026-06-21T16:18:13.543-0500] {processor.py:183} INFO - Processing /Users/naga/Desktop/airflow_env/lib/python3.12/site-packages/airflow/example_dags/subdags/subdag.py took 0.043 seconds
[2026-06-21T16:19:19.337-0500] {processor.py:161} INFO - Started process (PID=59429) to work on /Users/naga/Desktop/airflow_env/lib/python3.12/site-packages/airflow/example_dags/subdags/subdag.py
[2026-06-21T16:19:19.337-0500] {processor.py:830} INFO - Processing file /Users/naga/Desktop/airflow_env/lib/python3.12/site-packages/airflow/example_dags/subdags/subdag.py for tasks to queue
[2026-06-21T16:19:19.338-0500] {logging_mixin.py:188} INFO - [2026-06-21T16:19:19.338-0500] {dagbag.py:545} INFO - Filling up the DagBag from /Users/naga/Desktop/airflow_env/lib/python3.12/site-packages/airflow/example_dags/subdags/subdag.py
[2026-06-21T16:19:19.339-0500] {processor.py:842} WARNING - No viable dags retrieved from /Users/naga/Desktop/airflow_env/lib/python3.12/site-packages/airflow/example_dags/subdags/subdag.py
[2026-06-21T16:19:19.381-0500] {processor.py:183} INFO - Processing /Users/naga/Desktop/airflow_env/lib/python3.12/site-packages/airflow/example_dags/subdags/subdag.py took 0.046 seconds
[2026-06-21T16:20:22.976-0500] {processor.py:161} INFO - Started process (PID=59486) to work on /Users/naga/Desktop/airflow_env/lib/python3.12/site-packages/airflow/example_dags/subdags/subdag.py
[2026-06-21T16:20:22.977-0500] {processor.py:830} INFO - Processing file /Users/naga/Desktop/airflow_env/lib/python3.12/site-packages/airflow/example_dags/subdags/subdag.py for tasks to queue
[2026-06-21T16:20:22.977-0500] {logging_mixin.py:188} INFO - [2026-06-21T16:20:22.977-0500] {dagbag.py:545} INFO - Filling up the DagBag from /Users/naga/Desktop/airflow_env/lib/python3.12/site-packages/airflow/example_dags/subdags/subdag.py
[2026-06-21T16:20:22.978-0500] {processor.py:842} WARNING - No viable dags retrieved from /Users/naga/Desktop/airflow_env/lib/python3.12/site-packages/airflow/example_dags/subdags/subdag.py
[2026-06-21T16:20:23.018-0500] {processor.py:183} INFO - Processing /Users/naga/Desktop/airflow_env/lib/python3.12/site-packages/airflow/example_dags/subdags/subdag.py took 0.043 seconds
[2026-06-21T16:21:27.987-0500] {processor.py:161} INFO - Started process (PID=59571) to work on /Users/naga/Desktop/airflow_env/lib/python3.12/site-packages/airflow/example_dags/subdags/subdag.py
[2026-06-21T16:21:27.988-0500] {processor.py:830} INFO - Processing file /Users/naga/Desktop/airflow_env/lib/python3.12/site-packages/airflow/example_dags/subdags/subdag.py for tasks to queue
[2026-06-21T16:21:27.988-0500] {logging_mixin.py:188} INFO - [2026-06-21T16:21:27.988-0500] {dagbag.py:545} INFO - Filling up the DagBag from /Users/naga/Desktop/airflow_env/lib/python3.12/site-packages/airflow/example_dags/subdags/subdag.py
[2026-06-21T16:21:27.990-0500] {processor.py:842} WARNING - No viable dags retrieved from /Users/naga/Desktop/airflow_env/lib/python3.12/site-packages/airflow/example_dags/subdags/subdag.py
[2026-06-21T16:21:28.027-0500] {processor.py:183} INFO - Processing /Users/naga/Desktop/airflow_env/lib/python3.12/site-packages/airflow/example_dags/subdags/subdag.py took 0.041 seconds
[2026-06-21T16:22:33.428-0500] {processor.py:161} INFO - Started process (PID=59627) to work on /Users/naga/Desktop/airflow_env/lib/python3.12/site-packages/airflow/example_dags/subdags/subdag.py
[2026-06-21T16:22:33.429-0500] {processor.py:830} INFO - Processing file /Users/naga/Desktop/airflow_env/lib/python3.12/site-packages/airflow/example_dags/subdags/subdag.py for tasks to queue
[2026-06-21T16:22:33.429-0500] {logging_mixin.py:188} INFO - [2026-06-21T16:22:33.429-0500] {dagbag.py:545} INFO - Filling up the DagBag from /Users/naga/Desktop/airflow_env/lib/python3.12/site-packages/airflow/example_dags/subdags/subdag.py
[2026-06-21T16:22:33.433-0500] {processor.py:842} WARNING - No viable dags retrieved from /Users/naga/Desktop/airflow_env/lib/python3.12/site-packages/airflow/example_dags/subdags/subdag.py
[2026-06-21T16:22:33.470-0500] {processor.py:183} INFO - Processing /Users/naga/Desktop/airflow_env/lib/python3.12/site-packages/airflow/example_dags/subdags/subdag.py took 0.043 seconds
[2026-06-21T16:23:35.246-0500] {processor.py:161} INFO - Started process (PID=59700) to work on /Users/naga/Desktop/airflow_env/lib/python3.12/site-packages/airflow/example_dags/subdags/subdag.py
[2026-06-21T16:23:35.246-0500] {processor.py:830} INFO - Processing file /Users/naga/Desktop/airflow_env/lib/python3.12/site-packages/airflow/example_dags/subdags/subdag.py for tasks to queue
[2026-06-21T16:23:35.247-0500] {logging_mixin.py:188} INFO - [2026-06-21T16:23:35.247-0500] {dagbag.py:545} INFO - Filling up the DagBag from /Users/naga/Desktop/airflow_env/lib/python3.12/site-packages/airflow/example_dags/subdags/subdag.py
[2026-06-21T16:23:35.248-0500] {processor.py:842} WARNING - No viable dags retrieved from /Users/naga/Desktop/airflow_env/lib/python3.12/site-packages/airflow/example_dags/subdags/subdag.py
[2026-06-21T16:23:35.287-0500] {processor.py:183} INFO - Processing /Users/naga/Desktop/airflow_env/lib/python3.12/site-packages/airflow/example_dags/subdags/subdag.py took 0.043 seconds
[2026-06-21T16:24:41.604-0500] {processor.py:161} INFO - Started process (PID=59755) to work on /Users/naga/Desktop/airflow_env/lib/python3.12/site-packages/airflow/example_dags/subdags/subdag.py
[2026-06-21T16:24:41.605-0500] {processor.py:830} INFO - Processing file /Users/naga/Desktop/airflow_env/lib/python3.12/site-packages/airflow/example_dags/subdags/subdag.py for tasks to queue
[2026-06-21T16:24:41.605-0500] {logging_mixin.py:188} INFO - [2026-06-21T16:24:41.605-0500] {dagbag.py:545} INFO - Filling up the DagBag from /Users/naga/Desktop/airflow_env/lib/python3.12/site-packages/airflow/example_dags/subdags/subdag.py
[2026-06-21T16:24:41.606-0500] {processor.py:842} WARNING - No viable dags retrieved from /Users/naga/Desktop/airflow_env/lib/python3.12/site-packages/airflow/example_dags/subdags/subdag.py
[2026-06-21T16:24:41.647-0500] {processor.py:183} INFO - Processing /Users/naga/Desktop/airflow_env/lib/python3.12/site-packages/airflow/example_dags/subdags/subdag.py took 0.044 seconds
[2026-06-21T16:25:48.595-0500] {processor.py:161} INFO - Started process (PID=59840) to work on /Users/naga/Desktop/airflow_env/lib/python3.12/site-packages/airflow/example_dags/subdags/subdag.py
[2026-06-21T16:25:48.597-0500] {processor.py:830} INFO - Processing file /Users/naga/Desktop/airflow_env/lib/python3.12/site-packages/airflow/example_dags/subdags/subdag.py for tasks to queue
[2026-06-21T16:25:48.597-0500] {logging_mixin.py:188} INFO - [2026-06-21T16:25:48.597-0500] {dagbag.py:545} INFO - Filling up the DagBag from /Users/naga/Desktop/airflow_env/lib/python3.12/site-packages/airflow/example_dags/subdags/subdag.py
[2026-06-21T16:25:48.599-0500] {processor.py:842} WARNING - No viable dags retrieved from /Users/naga/Desktop/airflow_env/lib/python3.12/site-packages/airflow/example_dags/subdags/subdag.py
[2026-06-21T16:25:48.642-0500] {processor.py:183} INFO - Processing /Users/naga/Desktop/airflow_env/lib/python3.12/site-packages/airflow/example_dags/subdags/subdag.py took 0.048 seconds
[2026-06-21T16:26:59.138-0500] {processor.py:161} INFO - Started process (PID=59912) to work on /Users/naga/Desktop/airflow_env/lib/python3.12/site-packages/airflow/example_dags/subdags/subdag.py
[2026-06-21T16:26:59.139-0500] {processor.py:830} INFO - Processing file /Users/naga/Desktop/airflow_env/lib/python3.12/site-packages/airflow/example_dags/subdags/subdag.py for tasks to queue
[2026-06-21T16:26:59.139-0500] {logging_mixin.py:188} INFO - [2026-06-21T16:26:59.139-0500] {dagbag.py:545} INFO - Filling up the DagBag from /Users/naga/Desktop/airflow_env/lib/python3.12/site-packages/airflow/example_dags/subdags/subdag.py
[2026-06-21T16:26:59.140-0500] {processor.py:842} WARNING - No viable dags retrieved from /Users/naga/Desktop/airflow_env/lib/python3.12/site-packages/airflow/example_dags/subdags/subdag.py
[2026-06-21T16:26:59.180-0500] {processor.py:183} INFO - Processing /Users/naga/Desktop/airflow_env/lib/python3.12/site-packages/airflow/example_dags/subdags/subdag.py took 0.043 seconds
[2026-06-21T16:28:05.266-0500] {processor.py:161} INFO - Started process (PID=59986) to work on /Users/naga/Desktop/airflow_env/lib/python3.12/site-packages/airflow/example_dags/subdags/subdag.py
[2026-06-21T16:28:05.267-0500] {processor.py:830} INFO - Processing file /Users/naga/Desktop/airflow_env/lib/python3.12/site-packages/airflow/example_dags/subdags/subdag.py for tasks to queue
[2026-06-21T16:28:05.267-0500] {logging_mixin.py:188} INFO - [2026-06-21T16:28:05.267-0500] {dagbag.py:545} INFO - Filling up the DagBag from /Users/naga/Desktop/airflow_env/lib/python3.12/site-packages/airflow/example_dags/subdags/subdag.py
[2026-06-21T16:28:05.268-0500] {processor.py:842} WARNING - No viable dags retrieved from /Users/naga/Desktop/airflow_env/lib/python3.12/site-packages/airflow/example_dags/subdags/subdag.py
[2026-06-21T16:28:05.305-0500] {processor.py:183} INFO - Processing /Users/naga/Desktop/airflow_env/lib/python3.12/site-packages/airflow/example_dags/subdags/subdag.py took 0.041 seconds
[2026-06-21T16:29:11.259-0500] {processor.py:161} INFO - Started process (PID=60047) to work on /Users/naga/Desktop/airflow_env/lib/python3.12/site-packages/airflow/example_dags/subdags/subdag.py
[2026-06-21T16:29:11.260-0500] {processor.py:830} INFO - Processing file /Users/naga/Desktop/airflow_env/lib/python3.12/site-packages/airflow/example_dags/subdags/subdag.py for tasks to queue
[2026-06-21T16:29:11.260-0500] {logging_mixin.py:188} INFO - [2026-06-21T16:29:11.260-0500] {dagbag.py:545} INFO - Filling up the DagBag from /Users/naga/Desktop/airflow_env/lib/python3.12/site-packages/airflow/example_dags/subdags/subdag.py
[2026-06-21T16:29:11.261-0500] {processor.py:842} WARNING - No viable dags retrieved from /Users/naga/Desktop/airflow_env/lib/python3.12/site-packages/airflow/example_dags/subdags/subdag.py
[2026-06-21T16:29:11.297-0500] {processor.py:183} INFO - Processing /Users/naga/Desktop/airflow_env/lib/python3.12/site-packages/airflow/example_dags/subdags/subdag.py took 0.039 seconds
[2026-06-21T16:30:15.835-0500] {processor.py:161} INFO - Started process (PID=60095) to work on /Users/naga/Desktop/airflow_env/lib/python3.12/site-packages/airflow/example_dags/subdags/subdag.py
[2026-06-21T16:30:15.836-0500] {processor.py:830} INFO - Processing file /Users/naga/Desktop/airflow_env/lib/python3.12/site-packages/airflow/example_dags/subdags/subdag.py for tasks to queue
[2026-06-21T16:30:15.836-0500] {logging_mixin.py:188} INFO - [2026-06-21T16:30:15.836-0500] {dagbag.py:545} INFO - Filling up the DagBag from /Users/naga/Desktop/airflow_env/lib/python3.12/site-packages/airflow/example_dags/subdags/subdag.py
[2026-06-21T16:30:15.837-0500] {processor.py:842} WARNING - No viable dags retrieved from /Users/naga/Desktop/airflow_env/lib/python3.12/site-packages/airflow/example_dags/subdags/subdag.py
[2026-06-21T16:30:15.874-0500] {processor.py:183} INFO - Processing /Users/naga/Desktop/airflow_env/lib/python3.12/site-packages/airflow/example_dags/subdags/subdag.py took 0.040 seconds
[2026-06-21T16:31:18.169-0500] {processor.py:161} INFO - Started process (PID=60176) to work on /Users/naga/Desktop/airflow_env/lib/python3.12/site-packages/airflow/example_dags/subdags/subdag.py
[2026-06-21T16:31:18.170-0500] {processor.py:830} INFO - Processing file /Users/naga/Desktop/airflow_env/lib/python3.12/site-packages/airflow/example_dags/subdags/subdag.py for tasks to queue
[2026-06-21T16:31:18.170-0500] {logging_mixin.py:188} INFO - [2026-06-21T16:31:18.170-0500] {dagbag.py:545} INFO - Filling up the DagBag from /Users/naga/Desktop/airflow_env/lib/python3.12/site-packages/airflow/example_dags/subdags/subdag.py
[2026-06-21T16:31:18.171-0500] {processor.py:842} WARNING - No viable dags retrieved from /Users/naga/Desktop/airflow_env/lib/python3.12/site-packages/airflow/example_dags/subdags/subdag.py
[2026-06-21T16:31:18.207-0500] {processor.py:183} INFO - Processing /Users/naga/Desktop/airflow_env/lib/python3.12/site-packages/airflow/example_dags/subdags/subdag.py took 0.040 seconds
[2026-06-21T16:32:21.028-0500] {processor.py:161} INFO - Started process (PID=60250) to work on /Users/naga/Desktop/airflow_env/lib/python3.12/site-packages/airflow/example_dags/subdags/subdag.py
[2026-06-21T16:32:21.028-0500] {processor.py:830} INFO - Processing file /Users/naga/Desktop/airflow_env/lib/python3.12/site-packages/airflow/example_dags/subdags/subdag.py for tasks to queue
[2026-06-21T16:32:21.029-0500] {logging_mixin.py:188} INFO - [2026-06-21T16:32:21.029-0500] {dagbag.py:545} INFO - Filling up the DagBag from /Users/naga/Desktop/airflow_env/lib/python3.12/site-packages/airflow/example_dags/subdags/subdag.py
[2026-06-21T16:32:21.030-0500] {processor.py:842} WARNING - No viable dags retrieved from /Users/naga/Desktop/airflow_env/lib/python3.12/site-packages/airflow/example_dags/subdags/subdag.py
[2026-06-21T16:32:21.068-0500] {processor.py:183} INFO - Processing /Users/naga/Desktop/airflow_env/lib/python3.12/site-packages/airflow/example_dags/subdags/subdag.py took 0.041 seconds
[2026-06-21T16:33:20.800-0500] {processor.py:161} INFO - Started process (PID=60312) to work on /Users/naga/Desktop/airflow_env/lib/python3.12/site-packages/airflow/example_dags/subdags/subdag.py
[2026-06-21T16:33:20.801-0500] {processor.py:830} INFO - Processing file /Users/naga/Desktop/airflow_env/lib/python3.12/site-packages/airflow/example_dags/subdags/subdag.py for tasks to queue
[2026-06-21T16:33:20.802-0500] {logging_mixin.py:188} INFO - [2026-06-21T16:33:20.801-0500] {dagbag.py:545} INFO - Filling up the DagBag from /Users/naga/Desktop/airflow_env/lib/python3.12/site-packages/airflow/example_dags/subdags/subdag.py
[2026-06-21T16:33:20.803-0500] {processor.py:842} WARNING - No viable dags retrieved from /Users/naga/Desktop/airflow_env/lib/python3.12/site-packages/airflow/example_dags/subdags/subdag.py
[2026-06-21T16:33:20.842-0500] {processor.py:183} INFO - Processing /Users/naga/Desktop/airflow_env/lib/python3.12/site-packages/airflow/example_dags/subdags/subdag.py took 0.043 seconds
[2026-06-21T16:34:23.107-0500] {processor.py:161} INFO - Started process (PID=60353) to work on /Users/naga/Desktop/airflow_env/lib/python3.12/site-packages/airflow/example_dags/subdags/subdag.py
[2026-06-21T16:34:23.108-0500] {processor.py:830} INFO - Processing file /Users/naga/Desktop/airflow_env/lib/python3.12/site-packages/airflow/example_dags/subdags/subdag.py for tasks to queue
[2026-06-21T16:34:23.108-0500] {logging_mixin.py:188} INFO - [2026-06-21T16:34:23.108-0500] {dagbag.py:545} INFO - Filling up the DagBag from /Users/naga/Desktop/airflow_env/lib/python3.12/site-packages/airflow/example_dags/subdags/subdag.py
[2026-06-21T16:34:23.109-0500] {processor.py:842} WARNING - No viable dags retrieved from /Users/naga/Desktop/airflow_env/lib/python3.12/site-packages/airflow/example_dags/subdags/subdag.py
[2026-06-21T16:34:23.146-0500] {processor.py:183} INFO - Processing /Users/naga/Desktop/airflow_env/lib/python3.12/site-packages/airflow/example_dags/subdags/subdag.py took 0.041 seconds
[2026-06-21T16:35:27.616-0500] {processor.py:161} INFO - Started process (PID=60430) to work on /Users/naga/Desktop/airflow_env/lib/python3.12/site-packages/airflow/example_dags/subdags/subdag.py
[2026-06-21T16:35:27.617-0500] {processor.py:830} INFO - Processing file /Users/naga/Desktop/airflow_env/lib/python3.12/site-packages/airflow/example_dags/subdags/subdag.py for tasks to queue
[2026-06-21T16:35:27.618-0500] {logging_mixin.py:188} INFO - [2026-06-21T16:35:27.617-0500] {dagbag.py:545} INFO - Filling up the DagBag from /Users/naga/Desktop/airflow_env/lib/python3.12/site-packages/airflow/example_dags/subdags/subdag.py
[2026-06-21T16:35:27.619-0500] {processor.py:842} WARNING - No viable dags retrieved from /Users/naga/Desktop/airflow_env/lib/python3.12/site-packages/airflow/example_dags/subdags/subdag.py
[2026-06-21T16:35:27.655-0500] {processor.py:183} INFO - Processing /Users/naga/Desktop/airflow_env/lib/python3.12/site-packages/airflow/example_dags/subdags/subdag.py took 0.039 seconds
[2026-06-21T16:36:29.360-0500] {processor.py:161} INFO - Started process (PID=60480) to work on /Users/naga/Desktop/airflow_env/lib/python3.12/site-packages/airflow/example_dags/subdags/subdag.py
[2026-06-21T16:36:29.361-0500] {processor.py:830} INFO - Processing file /Users/naga/Desktop/airflow_env/lib/python3.12/site-packages/airflow/example_dags/subdags/subdag.py for tasks to queue
[2026-06-21T16:36:29.361-0500] {logging_mixin.py:188} INFO - [2026-06-21T16:36:29.361-0500] {dagbag.py:545} INFO - Filling up the DagBag from /Users/naga/Desktop/airflow_env/lib/python3.12/site-packages/airflow/example_dags/subdags/subdag.py
[2026-06-21T16:36:29.362-0500] {processor.py:842} WARNING - No viable dags retrieved from /Users/naga/Desktop/airflow_env/lib/python3.12/site-packages/airflow/example_dags/subdags/subdag.py
[2026-06-21T16:36:29.399-0500] {processor.py:183} INFO - Processing /Users/naga/Desktop/airflow_env/lib/python3.12/site-packages/airflow/example_dags/subdags/subdag.py took 0.040 seconds
[2026-06-21T16:37:30.834-0500] {processor.py:161} INFO - Started process (PID=60568) to work on /Users/naga/Desktop/airflow_env/lib/python3.12/site-packages/airflow/example_dags/subdags/subdag.py
[2026-06-21T16:37:30.835-0500] {processor.py:830} INFO - Processing file /Users/naga/Desktop/airflow_env/lib/python3.12/site-packages/airflow/example_dags/subdags/subdag.py for tasks to queue
[2026-06-21T16:37:30.835-0500] {logging_mixin.py:188} INFO - [2026-06-21T16:37:30.835-0500] {dagbag.py:545} INFO - Filling up the DagBag from /Users/naga/Desktop/airflow_env/lib/python3.12/site-packages/airflow/example_dags/subdags/subdag.py
[2026-06-21T16:37:30.837-0500] {processor.py:842} WARNING - No viable dags retrieved from /Users/naga/Desktop/airflow_env/lib/python3.12/site-packages/airflow/example_dags/subdags/subdag.py
[2026-06-21T16:37:30.873-0500] {processor.py:183} INFO - Processing /Users/naga/Desktop/airflow_env/lib/python3.12/site-packages/airflow/example_dags/subdags/subdag.py took 0.040 seconds
[2026-06-21T16:38:33.848-0500] {processor.py:161} INFO - Started process (PID=60610) to work on /Users/naga/Desktop/airflow_env/lib/python3.12/site-packages/airflow/example_dags/subdags/subdag.py
[2026-06-21T16:38:33.849-0500] {processor.py:830} INFO - Processing file /Users/naga/Desktop/airflow_env/lib/python3.12/site-packages/airflow/example_dags/subdags/subdag.py for tasks to queue
[2026-06-21T16:38:33.849-0500] {logging_mixin.py:188} INFO - [2026-06-21T16:38:33.849-0500] {dagbag.py:545} INFO - Filling up the DagBag from /Users/naga/Desktop/airflow_env/lib/python3.12/site-packages/airflow/example_dags/subdags/subdag.py
[2026-06-21T16:38:33.850-0500] {processor.py:842} WARNING - No viable dags retrieved from /Users/naga/Desktop/airflow_env/lib/python3.12/site-packages/airflow/example_dags/subdags/subdag.py
[2026-06-21T16:38:33.888-0500] {processor.py:183} INFO - Processing /Users/naga/Desktop/airflow_env/lib/python3.12/site-packages/airflow/example_dags/subdags/subdag.py took 0.042 seconds
[2026-06-21T16:39:37.303-0500] {processor.py:161} INFO - Started process (PID=60688) to work on /Users/naga/Desktop/airflow_env/lib/python3.12/site-packages/airflow/example_dags/subdags/subdag.py
[2026-06-21T16:39:37.304-0500] {processor.py:830} INFO - Processing file /Users/naga/Desktop/airflow_env/lib/python3.12/site-packages/airflow/example_dags/subdags/subdag.py for tasks to queue
[2026-06-21T16:39:37.304-0500] {logging_mixin.py:188} INFO - [2026-06-21T16:39:37.304-0500] {dagbag.py:545} INFO - Filling up the DagBag from /Users/naga/Desktop/airflow_env/lib/python3.12/site-packages/airflow/example_dags/subdags/subdag.py
[2026-06-21T16:39:37.305-0500] {processor.py:842} WARNING - No viable dags retrieved from /Users/naga/Desktop/airflow_env/lib/python3.12/site-packages/airflow/example_dags/subdags/subdag.py
[2026-06-21T16:39:37.342-0500] {processor.py:183} INFO - Processing /Users/naga/Desktop/airflow_env/lib/python3.12/site-packages/airflow/example_dags/subdags/subdag.py took 0.041 seconds
[2026-06-21T16:41:55.636-0500] {processor.py:161} INFO - Started process (PID=60794) to work on /Users/naga/Desktop/airflow_env/lib/python3.12/site-packages/airflow/example_dags/subdags/subdag.py
[2026-06-21T16:41:55.637-0500] {processor.py:830} INFO - Processing file /Users/naga/Desktop/airflow_env/lib/python3.12/site-packages/airflow/example_dags/subdags/subdag.py for tasks to queue
[2026-06-21T16:41:55.637-0500] {logging_mixin.py:188} INFO - [2026-06-21T16:41:55.637-0500] {dagbag.py:545} INFO - Filling up the DagBag from /Users/naga/Desktop/airflow_env/lib/python3.12/site-packages/airflow/example_dags/subdags/subdag.py
[2026-06-21T16:41:55.639-0500] {processor.py:842} WARNING - No viable dags retrieved from /Users/naga/Desktop/airflow_env/lib/python3.12/site-packages/airflow/example_dags/subdags/subdag.py
[2026-06-21T16:41:55.701-0500] {processor.py:183} INFO - Processing /Users/naga/Desktop/airflow_env/lib/python3.12/site-packages/airflow/example_dags/subdags/subdag.py took 0.068 seconds
[2026-06-21T16:43:56.101-0500] {processor.py:161} INFO - Started process (PID=60912) to work on /Users/naga/Desktop/airflow_env/lib/python3.12/site-packages/airflow/example_dags/subdags/subdag.py
[2026-06-21T16:43:56.103-0500] {processor.py:830} INFO - Processing file /Users/naga/Desktop/airflow_env/lib/python3.12/site-packages/airflow/example_dags/subdags/subdag.py for tasks to queue
[2026-06-21T16:43:56.104-0500] {logging_mixin.py:188} INFO - [2026-06-21T16:43:56.103-0500] {dagbag.py:545} INFO - Filling up the DagBag from /Users/naga/Desktop/airflow_env/lib/python3.12/site-packages/airflow/example_dags/subdags/subdag.py
[2026-06-21T16:43:56.107-0500] {processor.py:842} WARNING - No viable dags retrieved from /Users/naga/Desktop/airflow_env/lib/python3.12/site-packages/airflow/example_dags/subdags/subdag.py
[2026-06-21T16:43:56.217-0500] {processor.py:183} INFO - Processing /Users/naga/Desktop/airflow_env/lib/python3.12/site-packages/airflow/example_dags/subdags/subdag.py took 0.121 seconds
[2026-06-21T16:45:28.203-0500] {processor.py:161} INFO - Started process (PID=60962) to work on /Users/naga/Desktop/airflow_env/lib/python3.12/site-packages/airflow/example_dags/subdags/subdag.py
[2026-06-21T16:45:28.204-0500] {processor.py:830} INFO - Processing file /Users/naga/Desktop/airflow_env/lib/python3.12/site-packages/airflow/example_dags/subdags/subdag.py for tasks to queue
[2026-06-21T16:45:28.205-0500] {logging_mixin.py:188} INFO - [2026-06-21T16:45:28.204-0500] {dagbag.py:545} INFO - Filling up the DagBag from /Users/naga/Desktop/airflow_env/lib/python3.12/site-packages/airflow/example_dags/subdags/subdag.py
[2026-06-21T16:45:28.207-0500] {processor.py:842} WARNING - No viable dags retrieved from /Users/naga/Desktop/airflow_env/lib/python3.12/site-packages/airflow/example_dags/subdags/subdag.py
[2026-06-21T16:45:28.268-0500] {processor.py:183} INFO - Processing /Users/naga/Desktop/airflow_env/lib/python3.12/site-packages/airflow/example_dags/subdags/subdag.py took 0.067 seconds
[2026-06-21T16:47:01.504-0500] {processor.py:161} INFO - Started process (PID=61041) to work on /Users/naga/Desktop/airflow_env/lib/python3.12/site-packages/airflow/example_dags/subdags/subdag.py
[2026-06-21T16:47:01.505-0500] {processor.py:830} INFO - Processing file /Users/naga/Desktop/airflow_env/lib/python3.12/site-packages/airflow/example_dags/subdags/subdag.py for tasks to queue
[2026-06-21T16:47:01.506-0500] {logging_mixin.py:188} INFO - [2026-06-21T16:47:01.506-0500] {dagbag.py:545} INFO - Filling up the DagBag from /Users/naga/Desktop/airflow_env/lib/python3.12/site-packages/airflow/example_dags/subdags/subdag.py
[2026-06-21T16:47:01.508-0500] {processor.py:842} WARNING - No viable dags retrieved from /Users/naga/Desktop/airflow_env/lib/python3.12/site-packages/airflow/example_dags/subdags/subdag.py
[2026-06-21T16:47:01.572-0500] {processor.py:183} INFO - Processing /Users/naga/Desktop/airflow_env/lib/python3.12/site-packages/airflow/example_dags/subdags/subdag.py took 0.070 seconds
[2026-06-21T18:45:40.450-0500] {processor.py:161} INFO - Started process (PID=61173) to work on /Users/naga/Desktop/airflow_env/lib/python3.12/site-packages/airflow/example_dags/subdags/subdag.py
[2026-06-21T18:45:40.451-0500] {processor.py:830} INFO - Processing file /Users/naga/Desktop/airflow_env/lib/python3.12/site-packages/airflow/example_dags/subdags/subdag.py for tasks to queue
[2026-06-21T18:45:40.452-0500] {logging_mixin.py:188} INFO - [2026-06-21T18:45:40.452-0500] {dagbag.py:545} INFO - Filling up the DagBag from /Users/naga/Desktop/airflow_env/lib/python3.12/site-packages/airflow/example_dags/subdags/subdag.py
[2026-06-21T18:45:40.454-0500] {processor.py:842} WARNING - No viable dags retrieved from /Users/naga/Desktop/airflow_env/lib/python3.12/site-packages/airflow/example_dags/subdags/subdag.py
[2026-06-21T18:45:40.517-0500] {processor.py:183} INFO - Processing /Users/naga/Desktop/airflow_env/lib/python3.12/site-packages/airflow/example_dags/subdags/subdag.py took 0.069 seconds
[2026-06-21T18:50:21.062-0500] {processor.py:161} INFO - Started process (PID=61290) to work on /Users/naga/Desktop/airflow_env/lib/python3.12/site-packages/airflow/example_dags/subdags/subdag.py
[2026-06-21T18:50:21.063-0500] {processor.py:830} INFO - Processing file /Users/naga/Desktop/airflow_env/lib/python3.12/site-packages/airflow/example_dags/subdags/subdag.py for tasks to queue
[2026-06-21T18:50:21.063-0500] {logging_mixin.py:188} INFO - [2026-06-21T18:50:21.063-0500] {dagbag.py:545} INFO - Filling up the DagBag from /Users/naga/Desktop/airflow_env/lib/python3.12/site-packages/airflow/example_dags/subdags/subdag.py
[2026-06-21T18:50:21.065-0500] {processor.py:842} WARNING - No viable dags retrieved from /Users/naga/Desktop/airflow_env/lib/python3.12/site-packages/airflow/example_dags/subdags/subdag.py
[2026-06-21T18:50:21.127-0500] {processor.py:183} INFO - Processing /Users/naga/Desktop/airflow_env/lib/python3.12/site-packages/airflow/example_dags/subdags/subdag.py took 0.068 seconds
[2026-06-21T18:57:43.920-0500] {processor.py:161} INFO - Started process (PID=61372) to work on /Users/naga/Desktop/airflow_env/lib/python3.12/site-packages/airflow/example_dags/subdags/subdag.py
[2026-06-21T18:57:43.921-0500] {processor.py:830} INFO - Processing file /Users/naga/Desktop/airflow_env/lib/python3.12/site-packages/airflow/example_dags/subdags/subdag.py for tasks to queue
[2026-06-21T18:57:43.921-0500] {logging_mixin.py:188} INFO - [2026-06-21T18:57:43.921-0500] {dagbag.py:545} INFO - Filling up the DagBag from /Users/naga/Desktop/airflow_env/lib/python3.12/site-packages/airflow/example_dags/subdags/subdag.py
[2026-06-21T18:57:43.923-0500] {processor.py:842} WARNING - No viable dags retrieved from /Users/naga/Desktop/airflow_env/lib/python3.12/site-packages/airflow/example_dags/subdags/subdag.py
[2026-06-21T18:57:43.985-0500] {processor.py:183} INFO - Processing /Users/naga/Desktop/airflow_env/lib/python3.12/site-packages/airflow/example_dags/subdags/subdag.py took 0.068 seconds
